SUCCESS;0:edges = 12,fail_cases = 0,fault = ,
SUCCESS;1:edges = 13,fail_cases = 0,fault = 1,
SUCCESS;2:edges = 14,fail_cases = 0,fault = 1&2,
FAIL;3:edges = 14,fail_cases = 1,fault = 1&2&3,
SUCCESS;4:edges = 16,fail_cases = 1,fault = 4,
SUCCESS;5:edges = 17,fail_cases = 1,fault = 1&4,
SUCCESS;6:edges = 18,fail_cases = 1,fault = 1&2&4,
SUCCESS;7:edges = 20,fail_cases = 1,fault = 4&5,
SUCCESS;8:edges = 21,fail_cases = 1,fault = 1&4&5,
SUCCESS;9:edges = 22,fail_cases = 1,fault = 1&2&4&5,
SUCCESS;10:edges = 24,fail_cases = 1,fault = 4&5&6,
SUCCESS;11:edges = 25,fail_cases = 1,fault = 1&4&5&6,
SUCCESS;12:edges = 26,fail_cases = 1,fault = 1&2&4&5&6,
FAIL;13:edges = 26,fail_cases = 2,fault = 4&5&6&7,
SUCCESS;14:edges = 28,fail_cases = 2,fault = 8,
SUCCESS;15:edges = 29,fail_cases = 2,fault = 4&8,
SUCCESS;16:edges = 30,fail_cases = 2,fault = 4&5&8,
SUCCESS;17:edges = 31,fail_cases = 2,fault = 4&5&6&8,
SUCCESS;18:edges = 33,fail_cases = 2,fault = 8&9,
SUCCESS;19:edges = 34,fail_cases = 2,fault = 4&8&9,
SUCCESS;20:edges = 35,fail_cases = 2,fault = 4&5&8&9,
SUCCESS;21:edges = 36,fail_cases = 2,fault = 4&5&6&8&9,
SUCCESS;22:edges = 38,fail_cases = 2,fault = 8&9&10,
SUCCESS;23:edges = 39,fail_cases = 2,fault = 4&8&9&10,
SUCCESS;24:edges = 40,fail_cases = 2,fault = 4&5&8&9&10,
SUCCESS;25:edges = 41,fail_cases = 2,fault = 4&5&6&8&9&10,
SUCCESS;26:edges = 43,fail_cases = 2,fault = 11&8&9&10,
SUCCESS;27:edges = 44,fail_cases = 2,fault = 11&4&8&9&10,
SUCCESS;28:edges = 45,fail_cases = 2,fault = 11&4&5&8&9&10,
SUCCESS;29:edges = 46,fail_cases = 2,fault = 11&4&5&6&8&9&10,
SUCCESS;30:edges = 48,fail_cases = 2,fault = 11&12&8&9&10,
SUCCESS;31:edges = 49,fail_cases = 2,fault = 11&12&4&8&9&10,
SUCCESS;32:edges = 50,fail_cases = 2,fault = 11&12&4&5&8&9&10,
SUCCESS;33:edges = 51,fail_cases = 2,fault = 11&12&4&5&6&8&9&10,
FAIL;34:edges = 51,fail_cases = 3,fault = 11&12&13&8&9&10,
SUCCESS;35:edges = 53,fail_cases = 3,fault = 14,
SUCCESS;36:edges = 54,fail_cases = 3,fault = 14&8,
SUCCESS;37:edges = 55,fail_cases = 3,fault = 14&8&9,
SUCCESS;38:edges = 56,fail_cases = 3,fault = 14&8&9&10,
SUCCESS;39:edges = 57,fail_cases = 3,fault = 11&14&8&9&10,
SUCCESS;40:edges = 58,fail_cases = 3,fault = 11&12&14&8&9&10,
FAIL;41:edges = 58,fail_cases = 4,fault = 14&15,
SUCCESS;42:edges = 60,fail_cases = 4,fault = 16,
SUCCESS;43:edges = 61,fail_cases = 4,fault = 14&16,
SUCCESS;44:edges = 63,fail_cases = 4,fault = 16&17,
SUCCESS;45:edges = 64,fail_cases = 4,fault = 14&16&17,
SUCCESS;46:edges = 66,fail_cases = 4,fault = 16&17&18,
SUCCESS;47:edges = 67,fail_cases = 4,fault = 14&16&17&18,
SUCCESS;48:edges = 69,fail_cases = 4,fault = 16&17&18&19,
SUCCESS;49:edges = 70,fail_cases = 4,fault = 14&16&17&18&19,
SUCCESS;50:edges = 72,fail_cases = 4,fault = 16&17&18&19&20,
SUCCESS;51:edges = 73,fail_cases = 4,fault = 14&16&17&18&19&20,
SUCCESS;52:edges = 75,fail_cases = 4,fault = 16&17&18&19&20&21,
SUCCESS;53:edges = 76,fail_cases = 4,fault = 14&16&17&18&19&20&21,
FAIL;54:edges = 76,fail_cases = 5,fault = 22&16&17&18&19&20&21,
SUCCESS;55:edges = 78,fail_cases = 5,fault = 23,
SUCCESS;56:edges = 79,fail_cases = 5,fault = 23&16,
SUCCESS;57:edges = 80,fail_cases = 5,fault = 23&16&17,
SUCCESS;58:edges = 81,fail_cases = 5,fault = 23&16&17&18,
SUCCESS;59:edges = 82,fail_cases = 5,fault = 23&16&17&18&19,
SUCCESS;60:edges = 83,fail_cases = 5,fault = 23&16&17&18&19&20,
SUCCESS;61:edges = 84,fail_cases = 5,fault = 23&16&17&18&19&20&21,
SUCCESS;62:edges = 86,fail_cases = 5,fault = 23&24,
SUCCESS;63:edges = 87,fail_cases = 5,fault = 23&24&16,
SUCCESS;64:edges = 88,fail_cases = 5,fault = 23&24&16&17,
SUCCESS;65:edges = 89,fail_cases = 5,fault = 23&24&16&17&18,
SUCCESS;66:edges = 90,fail_cases = 5,fault = 23&24&16&17&18&19,
SUCCESS;67:edges = 91,fail_cases = 5,fault = 23&24&16&17&18&19&20,
SUCCESS;68:edges = 92,fail_cases = 5,fault = 23&24&16&17&18&19&20&21,
SUCCESS;69:edges = 94,fail_cases = 5,fault = 23&24&25,
SUCCESS;70:edges = 95,fail_cases = 5,fault = 23&24&25&16,
SUCCESS;71:edges = 96,fail_cases = 5,fault = 23&24&25&16&17,
SUCCESS;72:edges = 97,fail_cases = 5,fault = 23&24&25&16&17&18,
SUCCESS;73:edges = 98,fail_cases = 5,fault = 23&24&25&16&17&18&19,
SUCCESS;74:edges = 99,fail_cases = 5,fault = 23&24&25&16&17&18&19&20,
SUCCESS;75:edges = 100,fail_cases = 5,fault = 23&24&25&16&17&18&19&20&21,
SUCCESS;76:edges = 102,fail_cases = 5,fault = 23&24&25&26,
SUCCESS;77:edges = 103,fail_cases = 5,fault = 23&24&25&26&16,
SUCCESS;78:edges = 104,fail_cases = 5,fault = 23&24&25&26&16&17,
SUCCESS;79:edges = 105,fail_cases = 5,fault = 23&24&25&26&16&17&18,
SUCCESS;80:edges = 106,fail_cases = 5,fault = 23&24&25&26&16&17&18&19,
SUCCESS;81:edges = 107,fail_cases = 5,fault = 23&24&25&26&16&17&18&19&20,
SUCCESS;82:edges = 108,fail_cases = 5,fault = 23&24&25&26&16&17&18&19&20&21,
SUCCESS;83:edges = 110,fail_cases = 5,fault = 23&24&25&26&27,
SUCCESS;84:edges = 111,fail_cases = 5,fault = 23&24&25&26&27&16,
SUCCESS;85:edges = 112,fail_cases = 5,fault = 23&24&25&26&27&16&17,
SUCCESS;86:edges = 113,fail_cases = 5,fault = 23&24&25&26&27&16&17&18,
SUCCESS;87:edges = 114,fail_cases = 5,fault = 23&24&25&26&27&16&17&18&19,
SUCCESS;88:edges = 115,fail_cases = 5,fault = 23&24&25&26&27&16&17&18&19&20,
SUCCESS;89:edges = 116,fail_cases = 5,fault = 23&24&25&26&27&16&17&18&19&20&21,
FAIL;90:edges = 116,fail_cases = 6,fault = 23&24&25&26&27&28,
SUCCESS;91:edges = 118,fail_cases = 6,fault = 32,
SUCCESS;92:edges = 119,fail_cases = 6,fault = 23&32,
SUCCESS;93:edges = 120,fail_cases = 6,fault = 23&24&32,
SUCCESS;94:edges = 121,fail_cases = 6,fault = 23&24&25&32,
SUCCESS;95:edges = 122,fail_cases = 6,fault = 23&24&25&26&32,
SUCCESS;96:edges = 123,fail_cases = 6,fault = 23&24&25&26&27&32,
SUCCESS;97:edges = 125,fail_cases = 6,fault = 29&32,
SUCCESS;98:edges = 126,fail_cases = 6,fault = 23&29&32,
SUCCESS;99:edges = 127,fail_cases = 6,fault = 23&24&29&32,
SUCCESS;100:edges = 128,fail_cases = 6,fault = 23&24&25&29&32,
SUCCESS;101:edges = 129,fail_cases = 6,fault = 23&24&25&26&29&32,
SUCCESS;102:edges = 130,fail_cases = 6,fault = 23&24&25&26&27&29&32,
SUCCESS;103:edges = 132,fail_cases = 6,fault = 29&30&32,
SUCCESS;104:edges = 133,fail_cases = 6,fault = 23&29&30&32,
SUCCESS;105:edges = 134,fail_cases = 6,fault = 23&24&29&30&32,
SUCCESS;106:edges = 135,fail_cases = 6,fault = 23&24&25&29&30&32,
SUCCESS;107:edges = 136,fail_cases = 6,fault = 23&24&25&26&29&30&32,
SUCCESS;108:edges = 137,fail_cases = 6,fault = 23&24&25&26&27&29&30&32,
FAIL;109:edges = 137,fail_cases = 7,fault = 29&30&31&32,
SUCCESS;110:edges = 139,fail_cases = 7,fault = 33,
SUCCESS;111:edges = 140,fail_cases = 7,fault = 33&32,
SUCCESS;112:edges = 141,fail_cases = 7,fault = 33&29&32,
SUCCESS;113:edges = 142,fail_cases = 7,fault = 33&29&30&32,
FAIL;114:edges = 142,fail_cases = 8,fault = 33&34,
SUCCESS;115:edges = 144,fail_cases = 8,fault = 35,
SUCCESS;116:edges = 145,fail_cases = 8,fault = 33&35,
SUCCESS;117:edges = 147,fail_cases = 8,fault = 35&36,
SUCCESS;118:edges = 148,fail_cases = 8,fault = 33&35&36,
FAIL;119:edges = 148,fail_cases = 9,fault = 35&36&37,
SUCCESS;120:edges = 150,fail_cases = 9,fault = 38,
SUCCESS;121:edges = 151,fail_cases = 9,fault = 35&38,
SUCCESS;122:edges = 152,fail_cases = 9,fault = 35&36&38,
FAIL;123:edges = 152,fail_cases = 10,fault = 38&39,
SUCCESS;124:edges = 154,fail_cases = 10,fault = 40,
SUCCESS;125:edges = 155,fail_cases = 10,fault = 38&40,
SUCCESS;126:edges = 157,fail_cases = 10,fault = 40&41,
SUCCESS;127:edges = 158,fail_cases = 10,fault = 38&40&41,
FAIL;128:edges = 158,fail_cases = 11,fault = 40&41&42,
SUCCESS;129:edges = 160,fail_cases = 11,fault = 43,
SUCCESS;130:edges = 161,fail_cases = 11,fault = 40&43,
SUCCESS;131:edges = 162,fail_cases = 11,fault = 40&41&43,
FAIL;132:edges = 162,fail_cases = 12,fault = 44&43,
SUCCESS;133:edges = 163,fail_cases = 12,fault = 45,
SUCCESS;134:edges = 164,fail_cases = 12,fault = 45&43,
FAIL;135:edges = 164,fail_cases = 13,fault = 45&46,