SUCCESS;0:edges = 21,fail_cases = 0,fault = ,
SUCCESS;1:edges = 22,fail_cases = 0,fault = 1,
FAIL;2:edges = 22,fail_cases = 1,fault = 1&2,
SUCCESS;3:edges = 24,fail_cases = 1,fault = 3,
SUCCESS;4:edges = 25,fail_cases = 1,fault = 1&3,
FAIL;5:edges = 25,fail_cases = 2,fault = 3&4,
SUCCESS;6:edges = 27,fail_cases = 2,fault = 5,
SUCCESS;7:edges = 28,fail_cases = 2,fault = 3&5,
FAIL;8:edges = 28,fail_cases = 3,fault = 5&6,
SUCCESS;9:edges = 30,fail_cases = 3,fault = 7,
SUCCESS;10:edges = 31,fail_cases = 3,fault = 5&7,
SUCCESS;11:edges = 33,fail_cases = 3,fault = 7&8,
SUCCESS;12:edges = 34,fail_cases = 3,fault = 5&7&8,
SUCCESS;13:edges = 36,fail_cases = 3,fault = 7&8&9,
SUCCESS;14:edges = 37,fail_cases = 3,fault = 5&7&8&9,
SUCCESS;15:edges = 39,fail_cases = 3,fault = 7&8&9&10,
SUCCESS;16:edges = 40,fail_cases = 3,fault = 5&7&8&9&10,
FAIL;17:edges = 40,fail_cases = 4,fault = 11&7&8&9&10,
SUCCESS;18:edges = 42,fail_cases = 4,fault = 12,
SUCCESS;19:edges = 43,fail_cases = 4,fault = 12&7,
SUCCESS;20:edges = 44,fail_cases = 4,fault = 12&7&8,
SUCCESS;21:edges = 45,fail_cases = 4,fault = 12&7&8&9,
SUCCESS;22:edges = 46,fail_cases = 4,fault = 12&7&8&9&10,
FAIL;23:edges = 46,fail_cases = 5,fault = 12&13,
SUCCESS;24:edges = 48,fail_cases = 5,fault = 16,
SUCCESS;25:edges = 49,fail_cases = 5,fault = 12&16,
SUCCESS;26:edges = 51,fail_cases = 5,fault = 14&16,
SUCCESS;27:edges = 52,fail_cases = 5,fault = 12&14&16,
FAIL;28:edges = 52,fail_cases = 6,fault = 14&15&16,
SUCCESS;29:edges = 54,fail_cases = 6,fault = 17,
SUCCESS;30:edges = 55,fail_cases = 6,fault = 16&17,
SUCCESS;31:edges = 57,fail_cases = 6,fault = 15&16&17,
SUCCESS;32:edges = 58,fail_cases = 6,fault = 14&17&18,
SUCCESS;33:edges = 59,fail_cases = 6,fault = 14&16&17&18,
SUCCESS;34:edges = 61,fail_cases = 6,fault = 15&16&17&19,
SUCCESS;35:edges = 62,fail_cases = 6,fault = 14&17&18&19,
SUCCESS;36:edges = 63,fail_cases = 6,fault = 14&16&17&18&19,
FAIL;37:edges = 63,fail_cases = 7,fault = 15&16&17&19&20,
SUCCESS;38:edges = 65,fail_cases = 7,fault = 17&18&19&20,
SUCCESS;39:edges = 66,fail_cases = 7,fault = 16&17&18&19&20,
SUCCESS;40:edges = 68,fail_cases = 7,fault = 17&18&19&20&21,
SUCCESS;41:edges = 69,fail_cases = 7,fault = 16&17&18&19&20&21,
FAIL;42:edges = 69,fail_cases = 8,fault = 22&17&18&19&20&21,
SUCCESS;43:edges = 71,fail_cases = 8,fault = 23,
SUCCESS;44:edges = 72,fail_cases = 8,fault = 23&17,
SUCCESS;45:edges = 73,fail_cases = 8,fault = 23&15&16&17,
SUCCESS;46:edges = 74,fail_cases = 8,fault = 23&15&16&17&19,
SUCCESS;47:edges = 75,fail_cases = 8,fault = 23&17&18&19&20,
SUCCESS;48:edges = 76,fail_cases = 8,fault = 23&17&18&19&20&21,
SUCCESS;49:edges = 78,fail_cases = 8,fault = 23&24,
SUCCESS;50:edges = 79,fail_cases = 8,fault = 23&24&17,
SUCCESS;51:edges = 80,fail_cases = 8,fault = 23&24&15&16&17,
SUCCESS;52:edges = 82,fail_cases = 8,fault = 23&24&15&16&17&19,
FAIL;53:edges = 82,fail_cases = 9,fault = 23&24&15&26&16&17&19,
SUCCESS;54:edges = 83,fail_cases = 9,fault = 23&24&17&18&19&20,
FAIL;55:edges = 83,fail_cases = 10,fault = 22&23&24&26&17&18&19,
SUCCESS;56:edges = 84,fail_cases = 10,fault = 22&23&24&17&18&19&20,
SUCCESS;57:edges = 85,fail_cases = 10,fault = 23&24&25&15&16&20,
SUCCESS;58:edges = 86,fail_cases = 10,fault = 23&24&25&15&16&17&20,
SUCCESS;59:edges = 87,fail_cases = 10,fault = 23&24&25&17&19&20&21,
SUCCESS;60:edges = 88,fail_cases = 10,fault = 23&24&25&17&18&19&20&21,
FAIL;61:edges = 88,fail_cases = 11,fault = 23&24&25&26,
SUCCESS;62:edges = 90,fail_cases = 11,fault = 32,
SUCCESS;63:edges = 91,fail_cases = 11,fault = 23&32,
SUCCESS;64:edges = 92,fail_cases = 11,fault = 23&24&32,
SUCCESS;65:edges = 93,fail_cases = 11,fault = 23&24&15&16&17&19&32,
SUCCESS;66:edges = 95,fail_cases = 11,fault = 27&32,
SUCCESS;67:edges = 96,fail_cases = 11,fault = 23&27&32,
SUCCESS;68:edges = 97,fail_cases = 11,fault = 23&24&27&32,
SUCCESS;69:edges = 98,fail_cases = 11,fault = 23&24&15&27&16&17&19&32,
SUCCESS;70:edges = 100,fail_cases = 11,fault = 27&28&32,
SUCCESS;71:edges = 101,fail_cases = 11,fault = 23&27&28&32,
SUCCESS;72:edges = 102,fail_cases = 11,fault = 23&24&27&28&32,
SUCCESS;73:edges = 104,fail_cases = 11,fault = 23&24&26&27&28&32,
SUCCESS;74:edges = 106,fail_cases = 11,fault = 15&27&16&28&17&29&19&32,
SUCCESS;75:edges = 107,fail_cases = 11,fault = 15&27&16&28&17&29&19&30&32,
SUCCESS;76:edges = 108,fail_cases = 11,fault = 23&15&27&16&28&17&29&19&32,
SUCCESS;77:edges = 109,fail_cases = 11,fault = 23&15&27&16&28&17&29&19&30&32,
SUCCESS;78:edges = 110,fail_cases = 11,fault = 23&24&15&27&16&28&17&29&19&32,
FAIL;79:edges = 110,fail_cases = 12,fault = 23&24&15&27&16&28&17&29&19&30&32,
FAIL;80:edges = 110,fail_cases = 13,fault = 22&23&24&27&28&17&29&18&19&30&32,
FAIL;81:edges = 110,fail_cases = 14,fault = 23&24&26&27&28&31&32,
FAIL;82:edges = 110,fail_cases = 15,fault = 23&24&25&27&28&29&30&32,
FAIL;83:edges = 110,fail_cases = 16,fault = 27&28&29&30&31&32,
SUCCESS;84:edges = 112,fail_cases = 16,fault = 33,
SUCCESS;85:edges = 113,fail_cases = 16,fault = 33&32,
SUCCESS;86:edges = 114,fail_cases = 16,fault = 33&27&32,
SUCCESS;87:edges = 115,fail_cases = 16,fault = 33&27&28&32,
SUCCESS;88:edges = 116,fail_cases = 16,fault = 33&23&24&26&27&28&32,
SUCCESS;89:edges = 117,fail_cases = 16,fault = 33&23&24&15&27&16&28&17&29&19&32,
SUCCESS;90:edges = 119,fail_cases = 16,fault = 33&34,
SUCCESS;91:edges = 120,fail_cases = 16,fault = 33&34&32,
SUCCESS;92:edges = 121,fail_cases = 16,fault = 33&34&27&32,
SUCCESS;93:edges = 122,fail_cases = 16,fault = 33&34&27&28&32,
SUCCESS;94:edges = 123,fail_cases = 16,fault = 33&34&23&24&26&27&28&32,
SUCCESS;95:edges = 124,fail_cases = 16,fault = 33&34&23&24&15&27&16&28&17&29&19&32,
SUCCESS;96:edges = 126,fail_cases = 16,fault = 33&34&35,
SUCCESS;97:edges = 127,fail_cases = 16,fault = 33&34&35&32,
SUCCESS;98:edges = 128,fail_cases = 16,fault = 33&34&35&27&32,
SUCCESS;99:edges = 129,fail_cases = 16,fault = 33&34&35&27&28&32,
SUCCESS;100:edges = 130,fail_cases = 16,fault = 33&34&23&35&24&26&27&28&32,
SUCCESS;101:edges = 131,fail_cases = 16,fault = 33&34&23&35&24&15&27&16&28&17&29&19&32,
SUCCESS;102:edges = 133,fail_cases = 16,fault = 33&34&35&36,
SUCCESS;103:edges = 134,fail_cases = 16,fault = 33&34&35&36&32,
SUCCESS;104:edges = 135,fail_cases = 16,fault = 33&34&35&36&27&32,
SUCCESS;105:edges = 137,fail_cases = 16,fault = 33&34&23&35&24&36&26&27&32,
SUCCESS;106:edges = 139,fail_cases = 16,fault = 33&34&23&35&24&36&26&27&38&32,
FAIL;107:edges = 139,fail_cases = 17,fault = 33&34&23&35&24&36&26&27&38&39&32,
SUCCESS;108:edges = 140,fail_cases = 17,fault = 33&34&23&35&24&36&26&27&28&32,
SUCCESS;109:edges = 141,fail_cases = 17,fault = 33&34&23&35&24&36&37&15&16&28&17&19,
SUCCESS;110:edges = 142,fail_cases = 17,fault = 33&34&23&35&24&36&15&27&16&28&17&29&19&32,
SUCCESS;111:edges = 143,fail_cases = 17,fault = 33&34&23&35&24&36&37&15&16&28&17&19&30&32,
SUCCESS;112:edges = 144,fail_cases = 17,fault = 33&34&23&35&24&36&37&15&27&16&28&17&19&30&32,
SUCCESS;113:edges = 145,fail_cases = 17,fault = 33&34&23&35&24&36&26&27&38&28&32,
SUCCESS;114:edges = 146,fail_cases = 17,fault = 33&34&23&35&24&36&15&27&38&16&28&17&29&19&32,
SUCCESS;115:edges = 147,fail_cases = 17,fault = 33&34&23&35&24&36&37&15&38&16&28&17&19&30,
SUCCESS;116:edges = 148,fail_cases = 17,fault = 33&34&23&35&24&36&37&15&38&27&16&28&17&19&30,
FAIL;117:edges = 148,fail_cases = 18,fault = 33&34&23&35&24&36&37&15&38&27&16&28&17&29&19&30,
FAIL;118:edges = 148,fail_cases = 19,fault = 33&22&34&23&35&24&36&37&38&27&28&17&29&18&19&30,
FAIL;119:edges = 148,fail_cases = 20,fault = 33&34&23&35&24&36&37&26&38&27&28&31,
FAIL;120:edges = 148,fail_cases = 21,fault = 33&34&23&35&24&36&25&37&38&27&28&29&30,
FAIL;121:edges = 148,fail_cases = 22,fault = 33&34&35&36&27&38&39&29&32,
FAIL;122:edges = 148,fail_cases = 23,fault = 33&34&35&36&37&38&27&28&29&30&31,
FAIL;123:edges = 148,fail_cases = 24,fault = 33&34&35&36&37&38&39,
SUCCESS;124:edges = 150,fail_cases = 24,fault = 40,
SUCCESS;125:edges = 151,fail_cases = 24,fault = 33&40,
SUCCESS;126:edges = 152,fail_cases = 24,fault = 33&34&40,
SUCCESS;127:edges = 153,fail_cases = 24,fault = 33&34&35&40,
SUCCESS;128:edges = 154,fail_cases = 24,fault = 33&34&35&36&40,
SUCCESS;129:edges = 155,fail_cases = 24,fault = 33&34&23&35&24&36&26&27&40&32,
SUCCESS;130:edges = 156,fail_cases = 24,fault = 33&34&23&35&24&36&26&27&38&40&32,
SUCCESS;131:edges = 158,fail_cases = 24,fault = 40&41,
SUCCESS;132:edges = 159,fail_cases = 24,fault = 33&40&41,
SUCCESS;133:edges = 160,fail_cases = 24,fault = 33&34&40&41,
SUCCESS;134:edges = 161,fail_cases = 24,fault = 33&34&35&40&41,
SUCCESS;135:edges = 162,fail_cases = 24,fault = 33&34&35&36&40&41,
SUCCESS;136:edges = 163,fail_cases = 24,fault = 33&34&23&35&24&36&26&27&40&41&32,
SUCCESS;137:edges = 164,fail_cases = 24,fault = 33&34&23&35&24&36&26&27&38&40&41&32,
SUCCESS;138:edges = 166,fail_cases = 24,fault = 40&41&42,
SUCCESS;139:edges = 167,fail_cases = 24,fault = 34&40&41&42,
SUCCESS;140:edges = 168,fail_cases = 24,fault = 34&35&40&41&42,
SUCCESS;141:edges = 169,fail_cases = 24,fault = 34&35&36&40&41&42,
SUCCESS;142:edges = 170,fail_cases = 24,fault = 34&23&35&24&36&26&27&40&41&42&32,
SUCCESS;143:edges = 171,fail_cases = 24,fault = 34&23&35&24&36&26&27&38&40&41&42&32,
SUCCESS;144:edges = 173,fail_cases = 24,fault = 34&23&35&24&36&37&15&38&27&16&28&17&29&19&40&41&30&42,
FAIL;145:edges = 173,fail_cases = 25,fault = 44&34&23&35&24&36&37&15&38&27&16&28&17&29&19&40&41&30&42,
FAIL;146:edges = 173,fail_cases = 26,fault = 22&44&34&23&35&24&36&37&38&27&28&17&29&18&19&40&41&30&42,
FAIL;147:edges = 173,fail_cases = 27,fault = 44&34&23&35&24&36&25&37&38&27&28&29&40&41&30&42,
FAIL;148:edges = 173,fail_cases = 28,fault = 44&34&23&35&24&36&26&27&38&39&40&41&42&32,
FAIL;149:edges = 173,fail_cases = 29,fault = 44&34&23&35&24&36&37&26&38&27&28&40&41&42&31,
FAIL;150:edges = 173,fail_cases = 30,fault = 44&34&35&36&27&38&39&29&40&41&42&32,
FAIL;151:edges = 173,fail_cases = 31,fault = 44&34&35&36&37&38&27&28&29&40&41&30&42&31,
SUCCESS;152:edges = 174,fail_cases = 31,fault = 33&40&41&42&43,
SUCCESS;153:edges = 175,fail_cases = 31,fault = 33&34&40&41&42&43,
FAIL;154:edges = 175,fail_cases = 32,fault = 44&34&35&36&37&38&39&40&41&42,
SUCCESS;155:edges = 176,fail_cases = 32,fault = 33&34&35&40&41&42&43,
SUCCESS;156:edges = 177,fail_cases = 32,fault = 33&34&35&36&40&41&42&43,
SUCCESS;157:edges = 178,fail_cases = 32,fault = 33&34&23&35&24&36&26&27&40&41&42&43&32,
SUCCESS;158:edges = 179,fail_cases = 32,fault = 33&34&23&35&24&36&26&27&38&40&41&42&43&32,
FAIL;159:edges = 179,fail_cases = 33,fault = 44&40&41&42&43,
SUCCESS;160:edges = 182,fail_cases = 33,fault = 45,
SUCCESS;161:edges = 183,fail_cases = 33,fault = 45&40,
SUCCESS;162:edges = 184,fail_cases = 33,fault = 45&40&41,
SUCCESS;163:edges = 185,fail_cases = 33,fault = 45&40&41&42,
SUCCESS;164:edges = 186,fail_cases = 33,fault = 34&23&35&24&36&48&37&15&38&27&16&28&17&29&19&40&41&30&42,
SUCCESS;165:edges = 187,fail_cases = 33,fault = 45&34&23&35&24&36&37&15&38&27&16&28&17&29&19&40&41&30&42,
FAIL;166:edges = 187,fail_cases = 34,fault = 45&46,
SUCCESS;167:edges = 189,fail_cases = 34,fault = 45&49,
SUCCESS;168:edges = 191,fail_cases = 34,fault = 45&49&50,
SUCCESS;169:edges = 192,fail_cases = 34,fault = 46&48&49,
SUCCESS;170:edges = 194,fail_cases = 34,fault = 45&49&50&51,
FAIL;171:edges = 194,fail_cases = 35,fault = 45&47&49&50&51,
SUCCESS;172:edges = 195,fail_cases = 35,fault = 46&48&49&50,
SUCCESS;173:edges = 196,fail_cases = 35,fault = 46&48&49&50&51,
FAIL;174:edges = 196,fail_cases = 36,fault = 47&48&49&50&51,
SUCCESS;175:edges = 198,fail_cases = 36,fault = 52,
SUCCESS;176:edges = 199,fail_cases = 36,fault = 49&52,
SUCCESS;177:edges = 200,fail_cases = 36,fault = 49&50&52,
SUCCESS;178:edges = 201,fail_cases = 36,fault = 49&50&51&52,
SUCCESS;179:edges = 204,fail_cases = 36,fault = 47&49&50&51&52,
SUCCESS;180:edges = 205,fail_cases = 36,fault = 55&45,
SUCCESS;181:edges = 206,fail_cases = 36,fault = 45&52&53,
SUCCESS;182:edges = 207,fail_cases = 36,fault = 55&45&49&52,
SUCCESS;183:edges = 208,fail_cases = 36,fault = 45&49&52&53,
SUCCESS;184:edges = 209,fail_cases = 36,fault = 45&49&50&52&53,
SUCCESS;185:edges = 210,fail_cases = 36,fault = 45&49&50&51&52&53,
SUCCESS;186:edges = 212,fail_cases = 36,fault = 56&47&49&50&51&52,
FAIL;187:edges = 212,fail_cases = 37,fault = 47&49&50&51&52&54,
FAIL;188:edges = 212,fail_cases = 38,fault = 56&57&47&49&50&51&52,
FAIL;189:edges = 212,fail_cases = 39,fault = 56&57&52&53,
FAIL;190:edges = 212,fail_cases = 40,fault = 52&53&54,
SUCCESS;191:edges = 213,fail_cases = 40,fault = 55&56&54,
SUCCESS;192:edges = 214,fail_cases = 40,fault = 55&56&52&54,
FAIL;193:edges = 214,fail_cases = 41,fault = 55&56&57,
SUCCESS;194:edges = 216,fail_cases = 41,fault = 58,
SUCCESS;195:edges = 217,fail_cases = 41,fault = 56&58,
SUCCESS;196:edges = 219,fail_cases = 41,fault = 56&57&58,
SUCCESS;197:edges = 220,fail_cases = 41,fault = 58&47&59&49&50&51&52,
SUCCESS;198:edges = 221,fail_cases = 41,fault = 56&58&47&59&49&50&51&52,
SUCCESS;199:edges = 223,fail_cases = 41,fault = 56&57&58&60,
SUCCESS;200:edges = 224,fail_cases = 41,fault = 58&47&59&49&60&50&51&52,
SUCCESS;201:edges = 225,fail_cases = 41,fault = 56&58&47&59&49&60&50&51&52,
FAIL;202:edges = 225,fail_cases = 42,fault = 56&57&58&60&61,
FAIL;203:edges = 225,fail_cases = 43,fault = 58&59&60&61,
SUCCESS;204:edges = 227,fail_cases = 43,fault = 62,
SUCCESS;205:edges = 228,fail_cases = 43,fault = 58&62,
SUCCESS;206:edges = 229,fail_cases = 43,fault = 56&57&58&62,
SUCCESS;207:edges = 230,fail_cases = 43,fault = 56&57&58&60&62,
FAIL;208:edges = 230,fail_cases = 44,fault = 62&63,
SUCCESS;209:edges = 232,fail_cases = 44,fault = 64,
SUCCESS;210:edges = 233,fail_cases = 44,fault = 62&64,
SUCCESS;211:edges = 235,fail_cases = 44,fault = 64&65,
SUCCESS;212:edges = 236,fail_cases = 44,fault = 62&64&65,
SUCCESS;213:edges = 239,fail_cases = 44,fault = 66&64&65,
FAIL;214:edges = 239,fail_cases = 45,fault = 66&63&64&65,
SUCCESS;215:edges = 240,fail_cases = 45,fault = 68&63,
SUCCESS;216:edges = 241,fail_cases = 45,fault = 68&63&64,
SUCCESS;217:edges = 242,fail_cases = 45,fault = 68&63&64&65,
SUCCESS;218:edges = 244,fail_cases = 45,fault = 66&69&64&65,
SUCCESS;219:edges = 245,fail_cases = 45,fault = 68&69&63,
SUCCESS;220:edges = 246,fail_cases = 45,fault = 68&69&63&64,
SUCCESS;221:edges = 248,fail_cases = 45,fault = 68&69&63&64&65,
SUCCESS;222:edges = 250,fail_cases = 45,fault = 68&69&71&63&64&65,
SUCCESS;223:edges = 252,fail_cases = 45,fault = 68&69&71&72&63&64&65,
FAIL;224:edges = 252,fail_cases = 46,fault = 68&69&71&72&73&63&64&65,
FAIL;225:edges = 252,fail_cases = 47,fault = 66&67&64&65,
SUCCESS;226:edges = 253,fail_cases = 47,fault = 66&68&69&70,
SUCCESS;227:edges = 254,fail_cases = 47,fault = 66&68&69&70&64,
SUCCESS;228:edges = 255,fail_cases = 47,fault = 66&69&70&64&65,
SUCCESS;229:edges = 256,fail_cases = 47,fault = 66&69&70&71&64&65,
SUCCESS;230:edges = 257,fail_cases = 47,fault = 66&68&69&70&71&63,
SUCCESS;231:edges = 258,fail_cases = 47,fault = 66&68&69&70&71&63&64,
FAIL;232:edges = 258,fail_cases = 48,fault = 67&68&69&71&72&73&64&65,
SUCCESS;233:edges = 259,fail_cases = 48,fault = 66&68&69&70&71&72,
SUCCESS;234:edges = 260,fail_cases = 48,fault = 66&68&69&70&71&72&64,
SUCCESS;235:edges = 261,fail_cases = 48,fault = 66&69&70&71&72&64&65,
FAIL;236:edges = 261,fail_cases = 49,fault = 66&69&70&71&72&73&64&65,
FAIL;237:edges = 261,fail_cases = 50,fault = 68&69&70&71&72&73,
SUCCESS;238:edges = 263,fail_cases = 50,fault = 74,
SUCCESS;239:edges = 264,fail_cases = 50,fault = 66&74&64&65,
SUCCESS;240:edges = 265,fail_cases = 50,fault = 66&69&74&64&65,
SUCCESS;241:edges = 266,fail_cases = 50,fault = 68&69&74&63&64&65,
SUCCESS;242:edges = 267,fail_cases = 50,fault = 68&69&71&74&63&64&65,
SUCCESS;243:edges = 268,fail_cases = 50,fault = 68&69&71&72&74&63&64&65,
SUCCESS;244:edges = 270,fail_cases = 50,fault = 74&75,
SUCCESS;245:edges = 271,fail_cases = 50,fault = 66&74&75&64&65,
SUCCESS;246:edges = 272,fail_cases = 50,fault = 66&69&74&75&64&65,
SUCCESS;247:edges = 273,fail_cases = 50,fault = 68&69&74&63&75&64&65,
SUCCESS;248:edges = 274,fail_cases = 50,fault = 68&69&71&74&63&75&64&65,
SUCCESS;249:edges = 276,fail_cases = 50,fault = 68&69&71&72&74&63&75&64&65,
SUCCESS;250:edges = 278,fail_cases = 50,fault = 77&68&69&71&72&74&63&75&64&65,
FAIL;251:edges = 278,fail_cases = 51,fault = 77&78&68&69&71&72&74&63&75&64&65,
FAIL;252:edges = 278,fail_cases = 52,fault = 77&67&78&68&69&71&72&74&75&64&65,
FAIL;253:edges = 278,fail_cases = 53,fault = 66&77&78&69&70&71&72&74&75&64&65,
SUCCESS;254:edges = 279,fail_cases = 53,fault = 73&74&75&76,
SUCCESS;255:edges = 280,fail_cases = 53,fault = 66&73&74&75&64&76&65,
SUCCESS;256:edges = 281,fail_cases = 53,fault = 66&69&73&74&75&64&76&65,
SUCCESS;257:edges = 282,fail_cases = 53,fault = 68&69&73&74&63&75&64&76&65,
SUCCESS;258:edges = 283,fail_cases = 53,fault = 68&69&71&73&74&63&75&64&76&65,
FAIL;259:edges = 283,fail_cases = 54,fault = 77&78&68&69&70&71&72&74&75,
SUCCESS;260:edges = 284,fail_cases = 54,fault = 77&73&74&75&76,
SUCCESS;261:edges = 285,fail_cases = 54,fault = 77&66&73&74&75&64&76&65,
SUCCESS;262:edges = 286,fail_cases = 54,fault = 77&66&69&73&74&75&64&76&65,
SUCCESS;263:edges = 287,fail_cases = 54,fault = 77&68&69&73&74&63&75&64&76&65,
SUCCESS;264:edges = 288,fail_cases = 54,fault = 77&68&69&71&73&74&63&75&64&76&65,
FAIL;265:edges = 288,fail_cases = 55,fault = 77&78&74&75&76,
SUCCESS;266:edges = 290,fail_cases = 55,fault = 80,
SUCCESS;267:edges = 291,fail_cases = 55,fault = 80&74,
SUCCESS;268:edges = 292,fail_cases = 55,fault = 80&74&75,
SUCCESS;269:edges = 293,fail_cases = 55,fault = 68&69&80&71&72&74&63&75&64&65,
SUCCESS;270:edges = 294,fail_cases = 55,fault = 77&68&69&80&71&72&74&63&75&64&65,
SUCCESS;271:edges = 296,fail_cases = 55,fault = 80&81,
SUCCESS;272:edges = 297,fail_cases = 55,fault = 80&81&74,
SUCCESS;273:edges = 298,fail_cases = 55,fault = 80&81&74&75,
SUCCESS;274:edges = 299,fail_cases = 55,fault = 68&69&80&81&71&72&74&63&75&64&65,
SUCCESS;275:edges = 301,fail_cases = 55,fault = 78&68&69&80&81&71&72&74&63&75&64&65,
SUCCESS;276:edges = 303,fail_cases = 55,fault = 78&68&69&80&81&71&72&83&74&63&75&64&65,
FAIL;277:edges = 303,fail_cases = 56,fault = 78&68&79&69&80&81&71&72&83&74&63&75&64&65,
FAIL;278:edges = 303,fail_cases = 57,fault = 67&78&68&79&69&80&81&71&72&83&74&75&64&65,
FAIL;279:edges = 303,fail_cases = 58,fault = 66&78&79&69&80&81&70&71&72&83&74&75&64&65,
FAIL;280:edges = 303,fail_cases = 59,fault = 78&68&79&69&80&81&70&71&72&83&74&75,
SUCCESS;281:edges = 304,fail_cases = 59,fault = 77&80&81&82,
SUCCESS;282:edges = 305,fail_cases = 59,fault = 77&80&81&82&83,
SUCCESS;283:edges = 306,fail_cases = 59,fault = 77&80&81&82&74,
FAIL;284:edges = 306,fail_cases = 60,fault = 78&79&80&81&83&74&75&76,
SUCCESS;285:edges = 307,fail_cases = 60,fault = 77&80&81&82&83&74,
SUCCESS;286:edges = 308,fail_cases = 60,fault = 77&80&81&82&74&75,
SUCCESS;287:edges = 309,fail_cases = 60,fault = 77&68&69&80&81&82&71&72&74&63&75&64&65,
SUCCESS;288:edges = 310,fail_cases = 60,fault = 77&80&81&82&83&74&75,
SUCCESS;289:edges = 311,fail_cases = 60,fault = 77&68&69&80&81&82&71&83&72&74&63&75&64&65,
FAIL;290:edges = 311,fail_cases = 61,fault = 79&80&81&82&83,
SUCCESS;291:edges = 312,fail_cases = 61,fault = 84,
SUCCESS;292:edges = 313,fail_cases = 61,fault = 80&84,
SUCCESS;293:edges = 314,fail_cases = 61,fault = 80&81&84,
SUCCESS;294:edges = 315,fail_cases = 61,fault = 78&68&69&80&81&71&72&84&74&63&75&64&65,
SUCCESS;295:edges = 316,fail_cases = 61,fault = 78&68&69&80&81&71&72&83&84&74&63&75&64&65,
FAIL;296:edges = 316,fail_cases = 62,fault = 84&85,