SUCCESS;0:edges = 24,fail_cases = 0,fault = ,
SUCCESS;1:edges = 25,fail_cases = 0,fault = 1,
SUCCESS;2:edges = 26,fail_cases = 0,fault = 1&2,
FAIL;3:edges = 26,fail_cases = 1,fault = 1&2&3,
SUCCESS;4:edges = 28,fail_cases = 1,fault = 4,
SUCCESS;5:edges = 29,fail_cases = 1,fault = 1&4,
SUCCESS;6:edges = 30,fail_cases = 1,fault = 1&2&4,
SUCCESS;7:edges = 32,fail_cases = 1,fault = 4&5,
SUCCESS;8:edges = 33,fail_cases = 1,fault = 1&4&5,
SUCCESS;9:edges = 34,fail_cases = 1,fault = 1&2&4&5,
SUCCESS;10:edges = 36,fail_cases = 1,fault = 4&5&6,
SUCCESS;11:edges = 37,fail_cases = 1,fault = 1&4&5&6,
SUCCESS;12:edges = 38,fail_cases = 1,fault = 1&2&4&5&6,
SUCCESS;13:edges = 40,fail_cases = 1,fault = 4&5&6&7,
SUCCESS;14:edges = 41,fail_cases = 1,fault = 1&4&5&6&7,
SUCCESS;15:edges = 42,fail_cases = 1,fault = 1&2&4&5&6&7,
SUCCESS;16:edges = 44,fail_cases = 1,fault = 4&5&6&7&8,
SUCCESS;17:edges = 45,fail_cases = 1,fault = 1&4&5&6&7&8,
SUCCESS;18:edges = 46,fail_cases = 1,fault = 1&2&4&5&6&7&8,
SUCCESS;19:edges = 48,fail_cases = 1,fault = 4&5&6&7&8&9,
SUCCESS;20:edges = 49,fail_cases = 1,fault = 1&4&5&6&7&8&9,
SUCCESS;21:edges = 50,fail_cases = 1,fault = 1&2&4&5&6&7&8&9,
SUCCESS;22:edges = 52,fail_cases = 1,fault = 4&5&6&7&8&9&10,
SUCCESS;23:edges = 53,fail_cases = 1,fault = 1&4&5&6&7&8&9&10,
SUCCESS;24:edges = 54,fail_cases = 1,fault = 1&2&4&5&6&7&8&9&10,
FAIL;25:edges = 54,fail_cases = 2,fault = 11&4&5&6&7&8&9&10,
SUCCESS;26:edges = 56,fail_cases = 2,fault = 16,
SUCCESS;27:edges = 57,fail_cases = 2,fault = 4&16,
SUCCESS;28:edges = 58,fail_cases = 2,fault = 4&16&5,
SUCCESS;29:edges = 59,fail_cases = 2,fault = 4&16&5&6,
SUCCESS;30:edges = 60,fail_cases = 2,fault = 4&16&5&6&7,
SUCCESS;31:edges = 61,fail_cases = 2,fault = 4&16&5&6&7&8,
SUCCESS;32:edges = 62,fail_cases = 2,fault = 4&16&5&6&7&8&9,
SUCCESS;33:edges = 63,fail_cases = 2,fault = 4&16&5&6&7&8&9&10,
SUCCESS;34:edges = 65,fail_cases = 2,fault = 12&16,
SUCCESS;35:edges = 66,fail_cases = 2,fault = 12&4&16,
SUCCESS;36:edges = 67,fail_cases = 2,fault = 12&4&16&5,
SUCCESS;37:edges = 68,fail_cases = 2,fault = 12&4&16&5&6,
SUCCESS;38:edges = 69,fail_cases = 2,fault = 12&4&16&5&6&7,
SUCCESS;39:edges = 70,fail_cases = 2,fault = 12&4&16&5&6&7&8,
SUCCESS;40:edges = 71,fail_cases = 2,fault = 12&4&16&5&6&7&8&9,
SUCCESS;41:edges = 72,fail_cases = 2,fault = 12&4&16&5&6&7&8&9&10,
SUCCESS;42:edges = 74,fail_cases = 2,fault = 12&13&16,
SUCCESS;43:edges = 75,fail_cases = 2,fault = 12&13&4&16,
SUCCESS;44:edges = 76,fail_cases = 2,fault = 12&13&4&16&5,
SUCCESS;45:edges = 77,fail_cases = 2,fault = 12&13&4&16&5&6,
SUCCESS;46:edges = 78,fail_cases = 2,fault = 12&13&4&16&5&6&7,
SUCCESS;47:edges = 79,fail_cases = 2,fault = 12&13&4&16&5&6&7&8,
SUCCESS;48:edges = 80,fail_cases = 2,fault = 12&13&4&16&5&6&7&8&9,
SUCCESS;49:edges = 81,fail_cases = 2,fault = 12&13&4&16&5&6&7&8&9&10,
SUCCESS;50:edges = 83,fail_cases = 2,fault = 12&13&14&16,
SUCCESS;51:edges = 84,fail_cases = 2,fault = 12&13&14&4&16,
SUCCESS;52:edges = 85,fail_cases = 2,fault = 12&13&14&4&16&5,
SUCCESS;53:edges = 86,fail_cases = 2,fault = 12&13&14&4&16&5&6,
SUCCESS;54:edges = 87,fail_cases = 2,fault = 12&13&14&4&16&5&6&7,
SUCCESS;55:edges = 88,fail_cases = 2,fault = 12&13&14&4&16&5&6&7&8,
SUCCESS;56:edges = 89,fail_cases = 2,fault = 12&13&14&4&16&5&6&7&8&9,
SUCCESS;57:edges = 90,fail_cases = 2,fault = 12&13&14&4&16&5&6&7&8&9&10,
FAIL;58:edges = 90,fail_cases = 3,fault = 12&13&14&15&16,
SUCCESS;59:edges = 92,fail_cases = 3,fault = 17,
SUCCESS;60:edges = 93,fail_cases = 3,fault = 16&17,
SUCCESS;61:edges = 94,fail_cases = 3,fault = 12&16&17,
SUCCESS;62:edges = 95,fail_cases = 3,fault = 12&13&16&17,
SUCCESS;63:edges = 96,fail_cases = 3,fault = 12&13&14&16&17,
SUCCESS;64:edges = 98,fail_cases = 3,fault = 17&18,
SUCCESS;65:edges = 99,fail_cases = 3,fault = 16&17&18,
SUCCESS;66:edges = 100,fail_cases = 3,fault = 12&16&17&18,
SUCCESS;67:edges = 101,fail_cases = 3,fault = 12&13&16&17&18,
SUCCESS;68:edges = 102,fail_cases = 3,fault = 12&13&14&16&17&18,
SUCCESS;69:edges = 104,fail_cases = 3,fault = 17&18&19,
SUCCESS;70:edges = 105,fail_cases = 3,fault = 16&17&18&19,
SUCCESS;71:edges = 106,fail_cases = 3,fault = 12&16&17&18&19,
SUCCESS;72:edges = 107,fail_cases = 3,fault = 12&13&16&17&18&19,
SUCCESS;73:edges = 108,fail_cases = 3,fault = 12&13&14&16&17&18&19,
SUCCESS;74:edges = 110,fail_cases = 3,fault = 17&18&19&20,
SUCCESS;75:edges = 111,fail_cases = 3,fault = 16&17&18&19&20,
SUCCESS;76:edges = 112,fail_cases = 3,fault = 12&16&17&18&19&20,
SUCCESS;77:edges = 113,fail_cases = 3,fault = 12&13&16&17&18&19&20,
SUCCESS;78:edges = 114,fail_cases = 3,fault = 12&13&14&16&17&18&19&20,
SUCCESS;79:edges = 116,fail_cases = 3,fault = 17&18&19&20&21,
SUCCESS;80:edges = 117,fail_cases = 3,fault = 16&17&18&19&20&21,
SUCCESS;81:edges = 118,fail_cases = 3,fault = 12&16&17&18&19&20&21,
SUCCESS;82:edges = 119,fail_cases = 3,fault = 12&13&16&17&18&19&20&21,
SUCCESS;83:edges = 120,fail_cases = 3,fault = 12&13&14&16&17&18&19&20&21,
SUCCESS;84:edges = 122,fail_cases = 3,fault = 22&17&18&19&20&21,
SUCCESS;85:edges = 123,fail_cases = 3,fault = 22&16&17&18&19&20&21,
SUCCESS;86:edges = 124,fail_cases = 3,fault = 22&12&16&17&18&19&20&21,
SUCCESS;87:edges = 125,fail_cases = 3,fault = 22&12&13&16&17&18&19&20&21,
SUCCESS;88:edges = 126,fail_cases = 3,fault = 22&12&13&14&16&17&18&19&20&21,
FAIL;89:edges = 126,fail_cases = 4,fault = 22&23&17&18&19&20&21,
SUCCESS;90:edges = 128,fail_cases = 4,fault = 24,
SUCCESS;91:edges = 129,fail_cases = 4,fault = 24&17,
SUCCESS;92:edges = 130,fail_cases = 4,fault = 24&17&18,
SUCCESS;93:edges = 131,fail_cases = 4,fault = 24&17&18&19,
SUCCESS;94:edges = 132,fail_cases = 4,fault = 24&17&18&19&20,
SUCCESS;95:edges = 133,fail_cases = 4,fault = 24&17&18&19&20&21,
SUCCESS;96:edges = 134,fail_cases = 4,fault = 22&24&17&18&19&20&21,
SUCCESS;97:edges = 136,fail_cases = 4,fault = 24&25,
SUCCESS;98:edges = 137,fail_cases = 4,fault = 24&25&17,
SUCCESS;99:edges = 138,fail_cases = 4,fault = 24&25&17&18,
SUCCESS;100:edges = 139,fail_cases = 4,fault = 24&25&17&18&19,
SUCCESS;101:edges = 140,fail_cases = 4,fault = 24&25&17&18&19&20,
SUCCESS;102:edges = 141,fail_cases = 4,fault = 24&25&17&18&19&20&21,
SUCCESS;103:edges = 142,fail_cases = 4,fault = 22&24&25&17&18&19&20&21,
SUCCESS;104:edges = 144,fail_cases = 4,fault = 24&25&26,
SUCCESS;105:edges = 145,fail_cases = 4,fault = 24&25&26&17,
SUCCESS;106:edges = 146,fail_cases = 4,fault = 24&25&26&17&18,
SUCCESS;107:edges = 147,fail_cases = 4,fault = 24&25&26&17&18&19,
SUCCESS;108:edges = 148,fail_cases = 4,fault = 24&25&26&17&18&19&20,
SUCCESS;109:edges = 149,fail_cases = 4,fault = 24&25&26&17&18&19&20&21,
SUCCESS;110:edges = 150,fail_cases = 4,fault = 22&24&25&26&17&18&19&20&21,
SUCCESS;111:edges = 152,fail_cases = 4,fault = 24&25&26&27,
SUCCESS;112:edges = 153,fail_cases = 4,fault = 24&25&26&27&17,
SUCCESS;113:edges = 154,fail_cases = 4,fault = 24&25&26&27&17&18,
SUCCESS;114:edges = 155,fail_cases = 4,fault = 24&25&26&27&17&18&19,
SUCCESS;115:edges = 156,fail_cases = 4,fault = 24&25&26&27&17&18&19&20,
SUCCESS;116:edges = 157,fail_cases = 4,fault = 24&25&26&27&17&18&19&20&21,
SUCCESS;117:edges = 158,fail_cases = 4,fault = 22&24&25&26&27&17&18&19&20&21,
SUCCESS;118:edges = 160,fail_cases = 4,fault = 24&25&26&27&28,
SUCCESS;119:edges = 161,fail_cases = 4,fault = 24&25&26&27&28&17,
SUCCESS;120:edges = 162,fail_cases = 4,fault = 24&25&26&27&28&17&18,
SUCCESS;121:edges = 163,fail_cases = 4,fault = 24&25&26&27&28&17&18&19,
SUCCESS;122:edges = 164,fail_cases = 4,fault = 24&25&26&27&28&17&18&19&20,
SUCCESS;123:edges = 165,fail_cases = 4,fault = 24&25&26&27&28&17&18&19&20&21,
SUCCESS;124:edges = 166,fail_cases = 4,fault = 22&24&25&26&27&28&17&18&19&20&21,
FAIL;125:edges = 166,fail_cases = 5,fault = 24&25&26&27&28&29,
SUCCESS;126:edges = 168,fail_cases = 5,fault = 32,
SUCCESS;127:edges = 169,fail_cases = 5,fault = 24&32,
SUCCESS;128:edges = 170,fail_cases = 5,fault = 24&25&32,
SUCCESS;129:edges = 171,fail_cases = 5,fault = 24&25&26&32,
SUCCESS;130:edges = 172,fail_cases = 5,fault = 24&25&26&27&32,
SUCCESS;131:edges = 173,fail_cases = 5,fault = 24&25&26&27&28&32,
SUCCESS;132:edges = 175,fail_cases = 5,fault = 33&32,
SUCCESS;133:edges = 176,fail_cases = 5,fault = 33&24&32,
SUCCESS;134:edges = 177,fail_cases = 5,fault = 33&24&25&32,
SUCCESS;135:edges = 178,fail_cases = 5,fault = 33&24&25&26&32,
SUCCESS;136:edges = 179,fail_cases = 5,fault = 33&24&25&26&27&32,
SUCCESS;137:edges = 180,fail_cases = 5,fault = 33&24&25&26&27&28&32,
SUCCESS;138:edges = 182,fail_cases = 5,fault = 33&34&32,
SUCCESS;139:edges = 183,fail_cases = 5,fault = 33&34&24&32,
SUCCESS;140:edges = 184,fail_cases = 5,fault = 33&34&24&25&32,
SUCCESS;141:edges = 185,fail_cases = 5,fault = 33&34&24&25&26&32,
SUCCESS;142:edges = 186,fail_cases = 5,fault = 33&34&24&25&26&27&32,
SUCCESS;143:edges = 187,fail_cases = 5,fault = 33&34&24&25&26&27&28&32,
SUCCESS;144:edges = 189,fail_cases = 5,fault = 33&34&30&32,
SUCCESS;145:edges = 190,fail_cases = 5,fault = 33&34&24&30&32,
SUCCESS;146:edges = 191,fail_cases = 5,fault = 33&34&24&25&30&32,
SUCCESS;147:edges = 192,fail_cases = 5,fault = 33&34&24&25&26&30&32,
SUCCESS;148:edges = 193,fail_cases = 5,fault = 33&34&24&25&26&27&30&32,
SUCCESS;149:edges = 194,fail_cases = 5,fault = 33&34&24&25&26&27&28&30&32,
FAIL;150:edges = 194,fail_cases = 6,fault = 33&34&30&31&32,
SUCCESS;151:edges = 196,fail_cases = 6,fault = 35,
SUCCESS;152:edges = 197,fail_cases = 6,fault = 35&32,
SUCCESS;153:edges = 198,fail_cases = 6,fault = 33&35&32,
SUCCESS;154:edges = 199,fail_cases = 6,fault = 33&34&35&32,
SUCCESS;155:edges = 200,fail_cases = 6,fault = 33&34&35&30&32,
SUCCESS;156:edges = 202,fail_cases = 6,fault = 35&36,
SUCCESS;157:edges = 203,fail_cases = 6,fault = 35&36&32,
SUCCESS;158:edges = 204,fail_cases = 6,fault = 33&35&36&32,
SUCCESS;159:edges = 205,fail_cases = 6,fault = 33&34&35&36&32,
SUCCESS;160:edges = 206,fail_cases = 6,fault = 33&34&35&36&30&32,
SUCCESS;161:edges = 208,fail_cases = 6,fault = 35&36&37,
SUCCESS;162:edges = 209,fail_cases = 6,fault = 35&36&37&32,
SUCCESS;163:edges = 210,fail_cases = 6,fault = 33&35&36&37&32,
SUCCESS;164:edges = 211,fail_cases = 6,fault = 33&34&35&36&37&32,
SUCCESS;165:edges = 212,fail_cases = 6,fault = 33&34&35&36&37&30&32,
SUCCESS;166:edges = 214,fail_cases = 6,fault = 35&36&37&38,
SUCCESS;167:edges = 215,fail_cases = 6,fault = 35&36&37&38&32,
SUCCESS;168:edges = 216,fail_cases = 6,fault = 33&35&36&37&38&32,
SUCCESS;169:edges = 217,fail_cases = 6,fault = 33&34&35&36&37&38&32,
SUCCESS;170:edges = 218,fail_cases = 6,fault = 33&34&35&36&37&38&30&32,
SUCCESS;171:edges = 220,fail_cases = 6,fault = 35&36&37&38&39,
SUCCESS;172:edges = 221,fail_cases = 6,fault = 35&36&37&38&39&32,
SUCCESS;173:edges = 222,fail_cases = 6,fault = 33&35&36&37&38&39&32,
SUCCESS;174:edges = 223,fail_cases = 6,fault = 33&34&35&36&37&38&39&32,
SUCCESS;175:edges = 224,fail_cases = 6,fault = 33&34&35&36&37&38&39&30&32,
FAIL;176:edges = 224,fail_cases = 7,fault = 35&36&37&38&39&40,
SUCCESS;177:edges = 226,fail_cases = 7,fault = 41,
SUCCESS;178:edges = 227,fail_cases = 7,fault = 35&41,
SUCCESS;179:edges = 228,fail_cases = 7,fault = 35&36&41,
SUCCESS;180:edges = 229,fail_cases = 7,fault = 35&36&37&41,
SUCCESS;181:edges = 230,fail_cases = 7,fault = 35&36&37&38&41,
SUCCESS;182:edges = 231,fail_cases = 7,fault = 35&36&37&38&39&41,
FAIL;183:edges = 231,fail_cases = 8,fault = 41&42,
SUCCESS;184:edges = 233,fail_cases = 8,fault = 43,
SUCCESS;185:edges = 234,fail_cases = 8,fault = 41&43,
FAIL;186:edges = 234,fail_cases = 9,fault = 44&43,
SUCCESS;187:edges = 236,fail_cases = 9,fault = 48,
SUCCESS;188:edges = 237,fail_cases = 9,fault = 48&43,
SUCCESS;189:edges = 239,fail_cases = 9,fault = 48&49,
SUCCESS;190:edges = 240,fail_cases = 9,fault = 48&49&43,
SUCCESS;191:edges = 242,fail_cases = 9,fault = 45&48&49,
SUCCESS;192:edges = 243,fail_cases = 9,fault = 45&48&49&43,
SUCCESS;193:edges = 245,fail_cases = 9,fault = 45&46&48&49,
SUCCESS;194:edges = 246,fail_cases = 9,fault = 45&46&48&49&43,
FAIL;195:edges = 246,fail_cases = 10,fault = 45&46&47&48&49,
SUCCESS;196:edges = 248,fail_cases = 10,fault = 50,
SUCCESS;197:edges = 249,fail_cases = 10,fault = 48&50,
SUCCESS;198:edges = 250,fail_cases = 10,fault = 48&49&50,
SUCCESS;199:edges = 251,fail_cases = 10,fault = 45&48&49&50,
SUCCESS;200:edges = 252,fail_cases = 10,fault = 45&46&48&49&50,
SUCCESS;201:edges = 254,fail_cases = 10,fault = 50&51,
SUCCESS;202:edges = 255,fail_cases = 10,fault = 48&50&51,
SUCCESS;203:edges = 256,fail_cases = 10,fault = 48&49&50&51,
SUCCESS;204:edges = 257,fail_cases = 10,fault = 45&48&49&50&51,
SUCCESS;205:edges = 258,fail_cases = 10,fault = 45&46&48&49&50&51,
FAIL;206:edges = 258,fail_cases = 11,fault = 50&51&52,
SUCCESS;207:edges = 260,fail_cases = 11,fault = 53,
SUCCESS;208:edges = 261,fail_cases = 11,fault = 50&53,
SUCCESS;209:edges = 262,fail_cases = 11,fault = 50&51&53,
FAIL;210:edges = 262,fail_cases = 12,fault = 53&54,
SUCCESS;211:edges = 264,fail_cases = 12,fault = 55,
SUCCESS;212:edges = 265,fail_cases = 12,fault = 55&53,
SUCCESS;213:edges = 267,fail_cases = 12,fault = 55&56,
SUCCESS;214:edges = 268,fail_cases = 12,fault = 55&56&53,
SUCCESS;215:edges = 270,fail_cases = 12,fault = 55&56&57,
SUCCESS;216:edges = 271,fail_cases = 12,fault = 55&56&57&53,
SUCCESS;217:edges = 273,fail_cases = 12,fault = 55&56&57&58,
SUCCESS;218:edges = 274,fail_cases = 12,fault = 55&56&57&58&53,
SUCCESS;219:edges = 276,fail_cases = 12,fault = 55&56&57&58&59,
SUCCESS;220:edges = 277,fail_cases = 12,fault = 55&56&57&58&59&53,
FAIL;221:edges = 277,fail_cases = 13,fault = 55&56&57&58&59&60,
SUCCESS;222:edges = 279,fail_cases = 13,fault = 64,
SUCCESS;223:edges = 280,fail_cases = 13,fault = 55&64,
SUCCESS;224:edges = 281,fail_cases = 13,fault = 55&56&64,
SUCCESS;225:edges = 282,fail_cases = 13,fault = 55&56&57&64,
SUCCESS;226:edges = 283,fail_cases = 13,fault = 55&56&57&58&64,
SUCCESS;227:edges = 284,fail_cases = 13,fault = 55&56&57&58&59&64,
SUCCESS;228:edges = 286,fail_cases = 13,fault = 64&65,
SUCCESS;229:edges = 287,fail_cases = 13,fault = 55&64&65,
SUCCESS;230:edges = 288,fail_cases = 13,fault = 55&56&64&65,
SUCCESS;231:edges = 289,fail_cases = 13,fault = 55&56&57&64&65,
SUCCESS;232:edges = 290,fail_cases = 13,fault = 55&56&57&58&64&65,
SUCCESS;233:edges = 291,fail_cases = 13,fault = 55&56&57&58&59&64&65,
SUCCESS;234:edges = 293,fail_cases = 13,fault = 66&64&65,
SUCCESS;235:edges = 294,fail_cases = 13,fault = 66&55&64&65,
SUCCESS;236:edges = 295,fail_cases = 13,fault = 66&55&56&64&65,
SUCCESS;237:edges = 296,fail_cases = 13,fault = 66&55&56&57&64&65,
SUCCESS;238:edges = 297,fail_cases = 13,fault = 66&55&56&57&58&64&65,
SUCCESS;239:edges = 298,fail_cases = 13,fault = 66&55&56&57&58&59&64&65,
SUCCESS;240:edges = 300,fail_cases = 13,fault = 66&67&64&65,
SUCCESS;241:edges = 301,fail_cases = 13,fault = 66&55&67&64&65,
SUCCESS;242:edges = 302,fail_cases = 13,fault = 66&55&67&56&64&65,
SUCCESS;243:edges = 303,fail_cases = 13,fault = 66&55&67&56&57&64&65,
SUCCESS;244:edges = 304,fail_cases = 13,fault = 66&55&67&56&57&58&64&65,
SUCCESS;245:edges = 305,fail_cases = 13,fault = 66&55&67&56&57&58&59&64&65,
SUCCESS;246:edges = 307,fail_cases = 13,fault = 66&67&61&64&65,
SUCCESS;247:edges = 308,fail_cases = 13,fault = 66&55&67&61&64&65,
SUCCESS;248:edges = 309,fail_cases = 13,fault = 66&55&67&56&61&64&65,
SUCCESS;249:edges = 310,fail_cases = 13,fault = 66&55&67&56&57&61&64&65,
SUCCESS;250:edges = 311,fail_cases = 13,fault = 66&55&67&56&57&58&61&64&65,
SUCCESS;251:edges = 312,fail_cases = 13,fault = 66&55&67&56&57&58&59&61&64&65,
SUCCESS;252:edges = 314,fail_cases = 13,fault = 66&67&61&62&64&65,
SUCCESS;253:edges = 315,fail_cases = 13,fault = 66&55&67&61&62&64&65,
SUCCESS;254:edges = 316,fail_cases = 13,fault = 66&55&67&56&61&62&64&65,
SUCCESS;255:edges = 317,fail_cases = 13,fault = 66&55&67&56&57&61&62&64&65,
SUCCESS;256:edges = 318,fail_cases = 13,fault = 66&55&67&56&57&58&61&62&64&65,
SUCCESS;257:edges = 319,fail_cases = 13,fault = 66&55&67&56&57&58&59&61&62&64&65,
FAIL;258:edges = 319,fail_cases = 14,fault = 66&67&61&62&63&64&65,
SUCCESS;259:edges = 321,fail_cases = 14,fault = 68,
SUCCESS;260:edges = 322,fail_cases = 14,fault = 68&64,
SUCCESS;261:edges = 323,fail_cases = 14,fault = 68&64&65,
SUCCESS;262:edges = 324,fail_cases = 14,fault = 66&68&64&65,
SUCCESS;263:edges = 325,fail_cases = 14,fault = 66&67&68&64&65,
SUCCESS;264:edges = 326,fail_cases = 14,fault = 66&67&68&61&64&65,
SUCCESS;265:edges = 327,fail_cases = 14,fault = 66&67&68&61&62&64&65,
FAIL;266:edges = 327,fail_cases = 15,fault = 68&69,
SUCCESS;267:edges = 329,fail_cases = 15,fault = 70,
SUCCESS;268:edges = 330,fail_cases = 15,fault = 68&70,
SUCCESS;269:edges = 332,fail_cases = 15,fault = 70&71,
SUCCESS;270:edges = 333,fail_cases = 15,fault = 68&70&71,
SUCCESS;271:edges = 335,fail_cases = 15,fault = 70&71&72,
SUCCESS;272:edges = 336,fail_cases = 15,fault = 68&70&71&72,
SUCCESS;273:edges = 338,fail_cases = 15,fault = 70&71&72&73,
SUCCESS;274:edges = 339,fail_cases = 15,fault = 68&70&71&72&73,
FAIL;275:edges = 339,fail_cases = 16,fault = 70&71&72&73&74,
SUCCESS;276:edges = 341,fail_cases = 16,fault = 75,
SUCCESS;277:edges = 342,fail_cases = 16,fault = 70&75,
SUCCESS;278:edges = 343,fail_cases = 16,fault = 70&71&75,
SUCCESS;279:edges = 344,fail_cases = 16,fault = 70&71&72&75,
SUCCESS;280:edges = 345,fail_cases = 16,fault = 70&71&72&73&75,
SUCCESS;281:edges = 347,fail_cases = 16,fault = 75&76,
SUCCESS;282:edges = 348,fail_cases = 16,fault = 70&75&76,
SUCCESS;283:edges = 349,fail_cases = 16,fault = 70&71&75&76,
SUCCESS;284:edges = 350,fail_cases = 16,fault = 70&71&72&75&76,
SUCCESS;285:edges = 351,fail_cases = 16,fault = 70&71&72&73&75&76,
FAIL;286:edges = 351,fail_cases = 17,fault = 77&75&76,
SUCCESS;287:edges = 353,fail_cases = 17,fault = 80,
SUCCESS;288:edges = 354,fail_cases = 17,fault = 80&75,
SUCCESS;289:edges = 355,fail_cases = 17,fault = 80&75&76,
SUCCESS;290:edges = 357,fail_cases = 17,fault = 80&81,
SUCCESS;291:edges = 358,fail_cases = 17,fault = 80&81&75,
SUCCESS;292:edges = 359,fail_cases = 17,fault = 80&81&75&76,
SUCCESS;293:edges = 361,fail_cases = 17,fault = 80&81&82,
SUCCESS;294:edges = 362,fail_cases = 17,fault = 80&81&82&75,
SUCCESS;295:edges = 363,fail_cases = 17,fault = 80&81&82&75&76,
SUCCESS;296:edges = 365,fail_cases = 17,fault = 80&81&82&83,
SUCCESS;297:edges = 366,fail_cases = 17,fault = 80&81&82&83&75,
SUCCESS;298:edges = 367,fail_cases = 17,fault = 80&81&82&83&75&76,
SUCCESS;299:edges = 369,fail_cases = 17,fault = 80&81&82&83&84,
SUCCESS;300:edges = 370,fail_cases = 17,fault = 80&81&82&83&84&75,
SUCCESS;301:edges = 371,fail_cases = 17,fault = 80&81&82&83&84&75&76,
SUCCESS;302:edges = 373,fail_cases = 17,fault = 80&81&82&83&84&85,
SUCCESS;303:edges = 374,fail_cases = 17,fault = 80&81&82&83&84&85&75,
SUCCESS;304:edges = 375,fail_cases = 17,fault = 80&81&82&83&84&85&75&76,
SUCCESS;305:edges = 377,fail_cases = 17,fault = 78&80&81&82&83&84&85,
SUCCESS;306:edges = 378,fail_cases = 17,fault = 78&80&81&82&83&84&85&75,
SUCCESS;307:edges = 379,fail_cases = 17,fault = 78&80&81&82&83&84&85&75&76,
FAIL;308:edges = 379,fail_cases = 18,fault = 78&79&80&81&82&83&84&85,
SUCCESS;309:edges = 381,fail_cases = 18,fault = 86,
SUCCESS;310:edges = 382,fail_cases = 18,fault = 80&86,
SUCCESS;311:edges = 383,fail_cases = 18,fault = 80&81&86,
SUCCESS;312:edges = 384,fail_cases = 18,fault = 80&81&82&86,
SUCCESS;313:edges = 385,fail_cases = 18,fault = 80&81&82&83&86,
SUCCESS;314:edges = 386,fail_cases = 18,fault = 80&81&82&83&84&86,
SUCCESS;315:edges = 387,fail_cases = 18,fault = 80&81&82&83&84&85&86,
SUCCESS;316:edges = 388,fail_cases = 18,fault = 78&80&81&82&83&84&85&86,
SUCCESS;317:edges = 390,fail_cases = 18,fault = 86&87,
SUCCESS;318:edges = 391,fail_cases = 18,fault = 80&86&87,
SUCCESS;319:edges = 392,fail_cases = 18,fault = 80&81&86&87,
SUCCESS;320:edges = 393,fail_cases = 18,fault = 80&81&82&86&87,
SUCCESS;321:edges = 394,fail_cases = 18,fault = 80&81&82&83&86&87,
SUCCESS;322:edges = 395,fail_cases = 18,fault = 80&81&82&83&84&86&87,
SUCCESS;323:edges = 396,fail_cases = 18,fault = 80&81&82&83&84&85&86&87,
SUCCESS;324:edges = 397,fail_cases = 18,fault = 78&80&81&82&83&84&85&86&87,
FAIL;325:edges = 397,fail_cases = 19,fault = 88&86&87,
SUCCESS;326:edges = 399,fail_cases = 19,fault = 96,
SUCCESS;327:edges = 400,fail_cases = 19,fault = 96&86,
SUCCESS;328:edges = 401,fail_cases = 19,fault = 96&86&87,
SUCCESS;329:edges = 403,fail_cases = 19,fault = 89&96,
SUCCESS;330:edges = 404,fail_cases = 19,fault = 89&96&86,
SUCCESS;331:edges = 405,fail_cases = 19,fault = 89&96&86&87,
SUCCESS;332:edges = 407,fail_cases = 19,fault = 89&90&96,
SUCCESS;333:edges = 408,fail_cases = 19,fault = 89&90&96&86,
SUCCESS;334:edges = 409,fail_cases = 19,fault = 89&90&96&86&87,
SUCCESS;335:edges = 411,fail_cases = 19,fault = 89&90&91&96,
SUCCESS;336:edges = 412,fail_cases = 19,fault = 89&90&91&96&86,
SUCCESS;337:edges = 413,fail_cases = 19,fault = 89&90&91&96&86&87,
SUCCESS;338:edges = 415,fail_cases = 19,fault = 89&90&91&92&96,
SUCCESS;339:edges = 416,fail_cases = 19,fault = 89&90&91&92&96&86,
SUCCESS;340:edges = 417,fail_cases = 19,fault = 89&90&91&92&96&86&87,
SUCCESS;341:edges = 419,fail_cases = 19,fault = 89&90&91&92&93&96,
SUCCESS;342:edges = 420,fail_cases = 19,fault = 89&90&91&92&93&96&86,
SUCCESS;343:edges = 421,fail_cases = 19,fault = 89&90&91&92&93&96&86&87,
SUCCESS;344:edges = 423,fail_cases = 19,fault = 89&90&91&92&93&94&96,
SUCCESS;345:edges = 424,fail_cases = 19,fault = 89&90&91&92&93&94&96&86,
SUCCESS;346:edges = 425,fail_cases = 19,fault = 89&90&91&92&93&94&96&86&87,
FAIL;347:edges = 425,fail_cases = 20,fault = 89&90&91&92&93&94&95&96,
SUCCESS;348:edges = 427,fail_cases = 20,fault = 97,
SUCCESS;349:edges = 428,fail_cases = 20,fault = 96&97,
SUCCESS;350:edges = 429,fail_cases = 20,fault = 89&96&97,
SUCCESS;351:edges = 430,fail_cases = 20,fault = 89&90&96&97,
SUCCESS;352:edges = 431,fail_cases = 20,fault = 89&90&91&96&97,
SUCCESS;353:edges = 432,fail_cases = 20,fault = 89&90&91&92&96&97,
SUCCESS;354:edges = 433,fail_cases = 20,fault = 89&90&91&92&93&96&97,
SUCCESS;355:edges = 434,fail_cases = 20,fault = 89&90&91&92&93&94&96&97,
SUCCESS;356:edges = 436,fail_cases = 20,fault = 97&98,
SUCCESS;357:edges = 437,fail_cases = 20,fault = 96&97&98,
SUCCESS;358:edges = 438,fail_cases = 20,fault = 89&96&97&98,
SUCCESS;359:edges = 439,fail_cases = 20,fault = 89&90&96&97&98,
SUCCESS;360:edges = 440,fail_cases = 20,fault = 89&90&91&96&97&98,
SUCCESS;361:edges = 441,fail_cases = 20,fault = 89&90&91&92&96&97&98,
SUCCESS;362:edges = 442,fail_cases = 20,fault = 89&90&91&92&93&96&97&98,
SUCCESS;363:edges = 443,fail_cases = 20,fault = 89&90&91&92&93&94&96&97&98,
SUCCESS;364:edges = 445,fail_cases = 20,fault = 99&97&98,
SUCCESS;365:edges = 446,fail_cases = 20,fault = 99&96&97&98,
SUCCESS;366:edges = 447,fail_cases = 20,fault = 99&89&96&97&98,
SUCCESS;367:edges = 448,fail_cases = 20,fault = 99&89&90&96&97&98,
SUCCESS;368:edges = 449,fail_cases = 20,fault = 99&89&90&91&96&97&98,
SUCCESS;369:edges = 450,fail_cases = 20,fault = 99&89&90&91&92&96&97&98,
SUCCESS;370:edges = 451,fail_cases = 20,fault = 99&89&90&91&92&93&96&97&98,
SUCCESS;371:edges = 452,fail_cases = 20,fault = 99&89&90&91&92&93&94&96&97&98,
SUCCESS;372:edges = 454,fail_cases = 20,fault = 99&100&97&98,
SUCCESS;373:edges = 455,fail_cases = 20,fault = 99&100&96&97&98,
SUCCESS;374:edges = 456,fail_cases = 20,fault = 99&100&89&96&97&98,
SUCCESS;375:edges = 457,fail_cases = 20,fault = 99&100&89&90&96&97&98,
SUCCESS;376:edges = 458,fail_cases = 20,fault = 99&100&89&90&91&96&97&98,
SUCCESS;377:edges = 459,fail_cases = 20,fault = 99&100&89&90&91&92&96&97&98,
SUCCESS;378:edges = 460,fail_cases = 20,fault = 99&100&89&90&91&92&93&96&97&98,
SUCCESS;379:edges = 461,fail_cases = 20,fault = 99&100&89&90&91&92&93&94&96&97&98,
SUCCESS;380:edges = 463,fail_cases = 20,fault = 99&100&101&97&98,
SUCCESS;381:edges = 464,fail_cases = 20,fault = 99&100&101&96&97&98,
SUCCESS;382:edges = 465,fail_cases = 20,fault = 99&100&89&101&96&97&98,
SUCCESS;383:edges = 466,fail_cases = 20,fault = 99&100&89&101&90&96&97&98,
SUCCESS;384:edges = 467,fail_cases = 20,fault = 99&100&89&101&90&91&96&97&98,
SUCCESS;385:edges = 468,fail_cases = 20,fault = 99&100&89&101&90&91&92&96&97&98,
SUCCESS;386:edges = 469,fail_cases = 20,fault = 99&100&89&101&90&91&92&93&96&97&98,
SUCCESS;387:edges = 470,fail_cases = 20,fault = 99&100&89&101&90&91&92&93&94&96&97&98,
SUCCESS;388:edges = 472,fail_cases = 20,fault = 99&100&101&102&97&98,
SUCCESS;389:edges = 473,fail_cases = 20,fault = 99&100&101&102&96&97&98,
SUCCESS;390:edges = 474,fail_cases = 20,fault = 99&100&89&101&102&96&97&98,
SUCCESS;391:edges = 475,fail_cases = 20,fault = 99&100&89&101&102&90&96&97&98,
SUCCESS;392:edges = 476,fail_cases = 20,fault = 99&100&89&101&102&90&91&96&97&98,
SUCCESS;393:edges = 477,fail_cases = 20,fault = 99&100&89&101&102&90&91&92&96&97&98,
SUCCESS;394:edges = 478,fail_cases = 20,fault = 99&100&89&101&102&90&91&92&93&96&97&98,
SUCCESS;395:edges = 479,fail_cases = 20,fault = 99&89&100&101&102&90&91&92&93&94&96&97&98,
SUCCESS;396:edges = 481,fail_cases = 20,fault = 99&100&101&102&103&97&98,
SUCCESS;397:edges = 482,fail_cases = 20,fault = 99&100&101&102&103&96&97&98,
SUCCESS;398:edges = 483,fail_cases = 20,fault = 99&100&89&101&102&103&96&97&98,
SUCCESS;399:edges = 484,fail_cases = 20,fault = 99&100&89&101&102&103&90&96&97&98,
SUCCESS;400:edges = 485,fail_cases = 20,fault = 99&100&89&101&102&103&90&91&96&97&98,
SUCCESS;401:edges = 486,fail_cases = 20,fault = 99&100&89&101&102&103&90&91&92&96&97&98,
SUCCESS;402:edges = 487,fail_cases = 20,fault = 99&89&100&101&102&103&90&91&92&93&96&97&98,
SUCCESS;403:edges = 488,fail_cases = 20,fault = 99&89&100&101&102&103&90&91&92&93&94&96&97&98,
FAIL;404:edges = 488,fail_cases = 21,fault = 99&100&101&102&103&104&97&98,
SUCCESS;405:edges = 490,fail_cases = 21,fault = 105,
SUCCESS;406:edges = 491,fail_cases = 21,fault = 105&97,
SUCCESS;407:edges = 492,fail_cases = 21,fault = 105&97&98,
SUCCESS;408:edges = 493,fail_cases = 21,fault = 99&105&97&98,
SUCCESS;409:edges = 494,fail_cases = 21,fault = 99&100&105&97&98,
SUCCESS;410:edges = 495,fail_cases = 21,fault = 99&100&101&105&97&98,
SUCCESS;411:edges = 496,fail_cases = 21,fault = 99&100&101&102&105&97&98,
SUCCESS;412:edges = 497,fail_cases = 21,fault = 99&100&101&102&103&105&97&98,
SUCCESS;413:edges = 499,fail_cases = 21,fault = 105&106,
SUCCESS;414:edges = 500,fail_cases = 21,fault = 105&106&97,
SUCCESS;415:edges = 501,fail_cases = 21,fault = 105&106&97&98,
SUCCESS;416:edges = 502,fail_cases = 21,fault = 99&105&106&97&98,
SUCCESS;417:edges = 503,fail_cases = 21,fault = 99&100&105&106&97&98,
SUCCESS;418:edges = 504,fail_cases = 21,fault = 99&100&101&105&106&97&98,
SUCCESS;419:edges = 505,fail_cases = 21,fault = 99&100&101&102&105&106&97&98,
SUCCESS;420:edges = 506,fail_cases = 21,fault = 99&100&101&102&103&105&106&97&98,
SUCCESS;421:edges = 508,fail_cases = 21,fault = 105&106&107,
SUCCESS;422:edges = 509,fail_cases = 21,fault = 105&106&107&97,
SUCCESS;423:edges = 510,fail_cases = 21,fault = 105&106&107&97&98,
SUCCESS;424:edges = 511,fail_cases = 21,fault = 99&105&106&107&97&98,
SUCCESS;425:edges = 512,fail_cases = 21,fault = 99&100&105&106&107&97&98,
SUCCESS;426:edges = 513,fail_cases = 21,fault = 99&100&101&105&106&107&97&98,
SUCCESS;427:edges = 514,fail_cases = 21,fault = 99&100&101&102&105&106&107&97&98,
SUCCESS;428:edges = 515,fail_cases = 21,fault = 99&100&101&102&103&105&106&107&97&98,
SUCCESS;429:edges = 517,fail_cases = 21,fault = 105&106&107&108,
SUCCESS;430:edges = 518,fail_cases = 21,fault = 105&106&107&108&97,
SUCCESS;431:edges = 519,fail_cases = 21,fault = 105&106&107&108&97&98,
SUCCESS;432:edges = 520,fail_cases = 21,fault = 99&105&106&107&108&97&98,
SUCCESS;433:edges = 521,fail_cases = 21,fault = 99&100&105&106&107&108&97&98,
SUCCESS;434:edges = 522,fail_cases = 21,fault = 99&100&101&105&106&107&108&97&98,
SUCCESS;435:edges = 523,fail_cases = 21,fault = 99&100&101&102&105&106&107&108&97&98,
SUCCESS;436:edges = 524,fail_cases = 21,fault = 99&100&101&102&103&105&106&107&108&97&98,
FAIL;437:edges = 524,fail_cases = 22,fault = 105&106&107&108&109,
SUCCESS;438:edges = 526,fail_cases = 22,fault = 112,
SUCCESS;439:edges = 527,fail_cases = 22,fault = 112&105,
SUCCESS;440:edges = 528,fail_cases = 22,fault = 112&105&106,
SUCCESS;441:edges = 529,fail_cases = 22,fault = 112&105&106&107,
SUCCESS;442:edges = 530,fail_cases = 22,fault = 112&105&106&107&108,
SUCCESS;443:edges = 532,fail_cases = 22,fault = 112&113,
SUCCESS;444:edges = 533,fail_cases = 22,fault = 112&113&105,
SUCCESS;445:edges = 534,fail_cases = 22,fault = 112&113&105&106,
SUCCESS;446:edges = 535,fail_cases = 22,fault = 112&113&105&106&107,
SUCCESS;447:edges = 536,fail_cases = 22,fault = 112&113&105&106&107&108,
SUCCESS;448:edges = 538,fail_cases = 22,fault = 112&113&114,
SUCCESS;449:edges = 539,fail_cases = 22,fault = 112&113&114&105,
SUCCESS;450:edges = 540,fail_cases = 22,fault = 112&113&114&105&106,
SUCCESS;451:edges = 541,fail_cases = 22,fault = 112&113&114&105&106&107,
SUCCESS;452:edges = 542,fail_cases = 22,fault = 112&113&114&105&106&107&108,
SUCCESS;453:edges = 544,fail_cases = 22,fault = 112&113&114&115,
SUCCESS;454:edges = 545,fail_cases = 22,fault = 112&113&114&115&105,
SUCCESS;455:edges = 546,fail_cases = 22,fault = 112&113&114&115&105&106,
SUCCESS;456:edges = 547,fail_cases = 22,fault = 112&113&114&115&105&106&107,
SUCCESS;457:edges = 548,fail_cases = 22,fault = 112&113&114&115&105&106&107&108,
SUCCESS;458:edges = 550,fail_cases = 22,fault = 112&113&114&115&116,
SUCCESS;459:edges = 551,fail_cases = 22,fault = 112&113&114&115&116&105,
SUCCESS;460:edges = 552,fail_cases = 22,fault = 112&113&114&115&116&105&106,
SUCCESS;461:edges = 553,fail_cases = 22,fault = 112&113&114&115&116&105&106&107,
SUCCESS;462:edges = 554,fail_cases = 22,fault = 112&113&114&115&116&105&106&107&108,
SUCCESS;463:edges = 556,fail_cases = 22,fault = 112&113&114&115&116&117,
SUCCESS;464:edges = 557,fail_cases = 22,fault = 112&113&114&115&116&105&117,
SUCCESS;465:edges = 558,fail_cases = 22,fault = 112&113&114&115&116&105&117&106,
SUCCESS;466:edges = 559,fail_cases = 22,fault = 112&113&114&115&116&105&117&106&107,
SUCCESS;467:edges = 560,fail_cases = 22,fault = 112&113&114&115&116&105&117&106&107&108,
SUCCESS;468:edges = 562,fail_cases = 22,fault = 110&112&113&114&115&116&117,
SUCCESS;469:edges = 563,fail_cases = 22,fault = 110&112&113&114&115&116&105&117,
SUCCESS;470:edges = 564,fail_cases = 22,fault = 110&112&113&114&115&116&105&117&106,
SUCCESS;471:edges = 565,fail_cases = 22,fault = 110&112&113&114&115&116&105&117&106&107,
SUCCESS;472:edges = 566,fail_cases = 22,fault = 110&112&113&114&115&116&105&117&106&107&108,
FAIL;473:edges = 566,fail_cases = 23,fault = 110&111&112&113&114&115&116&117,
SUCCESS;474:edges = 568,fail_cases = 23,fault = 118,
SUCCESS;475:edges = 569,fail_cases = 23,fault = 112&118,
SUCCESS;476:edges = 570,fail_cases = 23,fault = 112&113&118,
SUCCESS;477:edges = 571,fail_cases = 23,fault = 112&113&114&118,
SUCCESS;478:edges = 572,fail_cases = 23,fault = 112&113&114&115&118,
SUCCESS;479:edges = 573,fail_cases = 23,fault = 112&113&114&115&116&118,
SUCCESS;480:edges = 574,fail_cases = 23,fault = 112&113&114&115&116&117&118,
SUCCESS;481:edges = 575,fail_cases = 23,fault = 110&112&113&114&115&116&117&118,
SUCCESS;482:edges = 577,fail_cases = 23,fault = 118&119,
SUCCESS;483:edges = 578,fail_cases = 23,fault = 112&118&119,
SUCCESS;484:edges = 579,fail_cases = 23,fault = 112&113&118&119,
SUCCESS;485:edges = 580,fail_cases = 23,fault = 112&113&114&118&119,
SUCCESS;486:edges = 581,fail_cases = 23,fault = 112&113&114&115&118&119,
SUCCESS;487:edges = 582,fail_cases = 23,fault = 112&113&114&115&116&118&119,
SUCCESS;488:edges = 583,fail_cases = 23,fault = 112&113&114&115&116&117&118&119,
SUCCESS;489:edges = 584,fail_cases = 23,fault = 110&112&113&114&115&116&117&118&119,
SUCCESS;490:edges = 586,fail_cases = 23,fault = 118&119&120,
SUCCESS;491:edges = 587,fail_cases = 23,fault = 112&118&119&120,
SUCCESS;492:edges = 588,fail_cases = 23,fault = 112&113&118&119&120,
SUCCESS;493:edges = 589,fail_cases = 23,fault = 112&113&114&118&119&120,
SUCCESS;494:edges = 590,fail_cases = 23,fault = 112&113&114&115&118&119&120,
SUCCESS;495:edges = 591,fail_cases = 23,fault = 112&113&114&115&116&118&119&120,
SUCCESS;496:edges = 592,fail_cases = 23,fault = 112&113&114&115&116&117&118&119&120,
SUCCESS;497:edges = 593,fail_cases = 23,fault = 110&112&113&114&115&116&117&118&119&120,
SUCCESS;498:edges = 595,fail_cases = 23,fault = 121&118&119&120,
SUCCESS;499:edges = 596,fail_cases = 23,fault = 121&112&118&119&120,
SUCCESS;500:edges = 597,fail_cases = 23,fault = 121&112&113&118&119&120,
SUCCESS;501:edges = 598,fail_cases = 23,fault = 121&112&113&114&118&119&120,
SUCCESS;502:edges = 599,fail_cases = 23,fault = 121&112&113&114&115&118&119&120,
SUCCESS;503:edges = 600,fail_cases = 23,fault = 121&112&113&114&115&116&118&119&120,
SUCCESS;504:edges = 601,fail_cases = 23,fault = 121&112&113&114&115&116&117&118&119&120,
SUCCESS;505:edges = 602,fail_cases = 23,fault = 121&110&112&113&114&115&116&117&118&119&120,
FAIL;506:edges = 602,fail_cases = 24,fault = 121&122&118&119&120,
SUCCESS;507:edges = 603,fail_cases = 24,fault = 123,
SUCCESS;508:edges = 604,fail_cases = 24,fault = 123&118,
SUCCESS;509:edges = 605,fail_cases = 24,fault = 123&118&119,
SUCCESS;510:edges = 606,fail_cases = 24,fault = 123&118&119&120,
SUCCESS;511:edges = 607,fail_cases = 24,fault = 121&123&118&119&120,
SUCCESS;512:edges = 608,fail_cases = 24,fault = 123&124,
SUCCESS;513:edges = 609,fail_cases = 24,fault = 123&124&118,
SUCCESS;514:edges = 610,fail_cases = 24,fault = 123&124&118&119,
SUCCESS;515:edges = 611,fail_cases = 24,fault = 123&124&118&119&120,
SUCCESS;516:edges = 612,fail_cases = 24,fault = 121&123&124&118&119&120,
FAIL;517:edges = 612,fail_cases = 25,fault = 123&124&125,