SUCCESS;0:edges = 4,fail_cases = 0,fault = ,
SUCCESS;1:edges = 5,fail_cases = 0,fault = 1,
SUCCESS;2:edges = 6,fail_cases = 0,fault = 1&2,
SUCCESS;3:edges = 7,fail_cases = 0,fault = 1&2&3,
SUCCESS;4:edges = 8,fail_cases = 0,fault = 1&2&3&4,
SUCCESS;5:edges = 9,fail_cases = 0,fault = 1&2&3&4&5,
SUCCESS;6:edges = 10,fail_cases = 0,fault = 1&2&3&4&5&6,
FAIL;7:edges = 10,fail_cases = 1,fault = 1&2&3&4&5&6&7,
SUCCESS;8:edges = 12,fail_cases = 1,fault = 8,
SUCCESS;9:edges = 13,fail_cases = 1,fault = 1&8,
SUCCESS;10:edges = 14,fail_cases = 1,fault = 1&2&8,
SUCCESS;11:edges = 15,fail_cases = 1,fault = 1&2&3&8,
SUCCESS;12:edges = 16,fail_cases = 1,fault = 1&2&3&4&8,
SUCCESS;13:edges = 17,fail_cases = 1,fault = 1&2&3&4&5&8,
SUCCESS;14:edges = 18,fail_cases = 1,fault = 1&2&3&4&5&6&8,
SUCCESS;15:edges = 20,fail_cases = 1,fault = 8&9,
SUCCESS;16:edges = 21,fail_cases = 1,fault = 1&8&9,
SUCCESS;17:edges = 22,fail_cases = 1,fault = 1&2&8&9,
SUCCESS;18:edges = 23,fail_cases = 1,fault = 1&2&3&8&9,
SUCCESS;19:edges = 24,fail_cases = 1,fault = 1&2&3&4&8&9,
SUCCESS;20:edges = 25,fail_cases = 1,fault = 1&2&3&4&5&8&9,
SUCCESS;21:edges = 26,fail_cases = 1,fault = 1&2&3&4&5&6&8&9,
SUCCESS;22:edges = 28,fail_cases = 1,fault = 8&9&10,
SUCCESS;23:edges = 29,fail_cases = 1,fault = 1&8&9&10,
SUCCESS;24:edges = 30,fail_cases = 1,fault = 1&2&8&9&10,
SUCCESS;25:edges = 31,fail_cases = 1,fault = 1&2&3&8&9&10,
SUCCESS;26:edges = 32,fail_cases = 1,fault = 1&2&3&4&8&9&10,
SUCCESS;27:edges = 33,fail_cases = 1,fault = 1&2&3&4&5&8&9&10,
SUCCESS;28:edges = 34,fail_cases = 1,fault = 1&2&3&4&5&6&8&9&10,
SUCCESS;29:edges = 36,fail_cases = 1,fault = 11&8&9&10,
SUCCESS;30:edges = 37,fail_cases = 1,fault = 11&1&8&9&10,
SUCCESS;31:edges = 38,fail_cases = 1,fault = 11&1&2&8&9&10,
SUCCESS;32:edges = 39,fail_cases = 1,fault = 11&1&2&3&8&9&10,
SUCCESS;33:edges = 40,fail_cases = 1,fault = 11&1&2&3&4&8&9&10,
SUCCESS;34:edges = 41,fail_cases = 1,fault = 11&1&2&3&4&5&8&9&10,
SUCCESS;35:edges = 42,fail_cases = 1,fault = 11&1&2&3&4&5&6&8&9&10,
FAIL;36:edges = 42,fail_cases = 2,fault = 11&12&8&9&10,
SUCCESS;37:edges = 44,fail_cases = 2,fault = 16,
SUCCESS;38:edges = 45,fail_cases = 2,fault = 16&8,
SUCCESS;39:edges = 46,fail_cases = 2,fault = 16&8&9,
SUCCESS;40:edges = 47,fail_cases = 2,fault = 16&8&9&10,
SUCCESS;41:edges = 48,fail_cases = 2,fault = 11&16&8&9&10,
SUCCESS;42:edges = 50,fail_cases = 2,fault = 16&17,
SUCCESS;43:edges = 51,fail_cases = 2,fault = 16&17&8,
SUCCESS;44:edges = 52,fail_cases = 2,fault = 16&17&8&9,
SUCCESS;45:edges = 53,fail_cases = 2,fault = 16&17&8&9&10,
SUCCESS;46:edges = 54,fail_cases = 2,fault = 11&16&17&8&9&10,
SUCCESS;47:edges = 56,fail_cases = 2,fault = 16&17&18,
SUCCESS;48:edges = 57,fail_cases = 2,fault = 16&17&18&8,
SUCCESS;49:edges = 58,fail_cases = 2,fault = 16&17&18&8&9,
SUCCESS;50:edges = 59,fail_cases = 2,fault = 16&17&18&8&9&10,
SUCCESS;51:edges = 60,fail_cases = 2,fault = 11&16&17&18&8&9&10,
SUCCESS;52:edges = 62,fail_cases = 2,fault = 16&17&18&19,
SUCCESS;53:edges = 63,fail_cases = 2,fault = 16&17&18&19&8,
SUCCESS;54:edges = 64,fail_cases = 2,fault = 16&17&18&19&8&9,
SUCCESS;55:edges = 65,fail_cases = 2,fault = 16&17&18&19&8&9&10,
SUCCESS;56:edges = 66,fail_cases = 2,fault = 11&16&17&18&19&8&9&10,
SUCCESS;57:edges = 68,fail_cases = 2,fault = 13&16&17&18&19,
SUCCESS;58:edges = 69,fail_cases = 2,fault = 13&16&17&18&19&8,
SUCCESS;59:edges = 70,fail_cases = 2,fault = 13&16&17&18&19&8&9,
SUCCESS;60:edges = 71,fail_cases = 2,fault = 13&16&17&18&19&8&9&10,
SUCCESS;61:edges = 72,fail_cases = 2,fault = 11&13&16&17&18&19&8&9&10,
SUCCESS;62:edges = 74,fail_cases = 2,fault = 13&14&16&17&18&19,
SUCCESS;63:edges = 75,fail_cases = 2,fault = 13&14&16&17&18&19&8,
SUCCESS;64:edges = 76,fail_cases = 2,fault = 13&14&16&17&18&19&8&9,
SUCCESS;65:edges = 77,fail_cases = 2,fault = 13&14&16&17&18&19&8&9&10,
SUCCESS;66:edges = 78,fail_cases = 2,fault = 11&13&14&16&17&18&19&8&9&10,
FAIL;67:edges = 78,fail_cases = 3,fault = 13&14&15&16&17&18&19,
SUCCESS;68:edges = 80,fail_cases = 3,fault = 20,
SUCCESS;69:edges = 81,fail_cases = 3,fault = 16&20,
SUCCESS;70:edges = 82,fail_cases = 3,fault = 16&17&20,
SUCCESS;71:edges = 83,fail_cases = 3,fault = 16&17&18&20,
SUCCESS;72:edges = 84,fail_cases = 3,fault = 16&17&18&19&20,
SUCCESS;73:edges = 85,fail_cases = 3,fault = 13&16&17&18&19&20,
SUCCESS;74:edges = 86,fail_cases = 3,fault = 13&14&16&17&18&19&20,
SUCCESS;75:edges = 88,fail_cases = 3,fault = 20&21,
SUCCESS;76:edges = 89,fail_cases = 3,fault = 16&20&21,
SUCCESS;77:edges = 90,fail_cases = 3,fault = 16&17&20&21,
SUCCESS;78:edges = 91,fail_cases = 3,fault = 16&17&18&20&21,
SUCCESS;79:edges = 92,fail_cases = 3,fault = 16&17&18&19&20&21,
SUCCESS;80:edges = 93,fail_cases = 3,fault = 13&16&17&18&19&20&21,
SUCCESS;81:edges = 94,fail_cases = 3,fault = 13&14&16&17&18&19&20&21,
SUCCESS;82:edges = 96,fail_cases = 3,fault = 22&20&21,
SUCCESS;83:edges = 97,fail_cases = 3,fault = 22&16&20&21,
SUCCESS;84:edges = 98,fail_cases = 3,fault = 22&16&17&20&21,
SUCCESS;85:edges = 99,fail_cases = 3,fault = 22&16&17&18&20&21,
SUCCESS;86:edges = 100,fail_cases = 3,fault = 22&16&17&18&19&20&21,
SUCCESS;87:edges = 101,fail_cases = 3,fault = 22&13&16&17&18&19&20&21,
SUCCESS;88:edges = 102,fail_cases = 3,fault = 22&13&14&16&17&18&19&20&21,
SUCCESS;89:edges = 104,fail_cases = 3,fault = 22&23&20&21,
SUCCESS;90:edges = 105,fail_cases = 3,fault = 22&23&16&20&21,
SUCCESS;91:edges = 106,fail_cases = 3,fault = 22&23&16&17&20&21,
SUCCESS;92:edges = 107,fail_cases = 3,fault = 22&23&16&17&18&20&21,
SUCCESS;93:edges = 108,fail_cases = 3,fault = 22&23&16&17&18&19&20&21,
SUCCESS;94:edges = 109,fail_cases = 3,fault = 22&23&13&16&17&18&19&20&21,
SUCCESS;95:edges = 110,fail_cases = 3,fault = 22&23&13&14&16&17&18&19&20&21,
SUCCESS;96:edges = 112,fail_cases = 3,fault = 22&23&24&20&21,
SUCCESS;97:edges = 113,fail_cases = 3,fault = 22&23&24&16&20&21,
SUCCESS;98:edges = 114,fail_cases = 3,fault = 22&23&24&16&17&20&21,
SUCCESS;99:edges = 115,fail_cases = 3,fault = 22&23&24&16&17&18&20&21,
SUCCESS;100:edges = 116,fail_cases = 3,fault = 22&23&24&16&17&18&19&20&21,
SUCCESS;101:edges = 117,fail_cases = 3,fault = 22&23&24&13&16&17&18&19&20&21,
SUCCESS;102:edges = 118,fail_cases = 3,fault = 22&23&24&13&14&16&17&18&19&20&21,
SUCCESS;103:edges = 120,fail_cases = 3,fault = 22&23&24&25&20&21,
SUCCESS;104:edges = 121,fail_cases = 3,fault = 22&23&24&25&16&20&21,
SUCCESS;105:edges = 122,fail_cases = 3,fault = 22&23&24&25&16&17&20&21,
SUCCESS;106:edges = 123,fail_cases = 3,fault = 22&23&24&25&16&17&18&20&21,
SUCCESS;107:edges = 124,fail_cases = 3,fault = 22&23&24&25&16&17&18&19&20&21,
SUCCESS;108:edges = 125,fail_cases = 3,fault = 22&23&24&13&25&16&17&18&19&20&21,
SUCCESS;109:edges = 126,fail_cases = 3,fault = 22&23&24&13&25&14&16&17&18&19&20&21,
SUCCESS;110:edges = 128,fail_cases = 3,fault = 22&23&24&25&26&20&21,
SUCCESS;111:edges = 129,fail_cases = 3,fault = 22&23&24&25&26&16&20&21,
SUCCESS;112:edges = 130,fail_cases = 3,fault = 22&23&24&25&26&16&17&20&21,
SUCCESS;113:edges = 131,fail_cases = 3,fault = 22&23&24&25&26&16&17&18&20&21,
SUCCESS;114:edges = 132,fail_cases = 3,fault = 22&23&24&25&26&16&17&18&19&20&21,
SUCCESS;115:edges = 133,fail_cases = 3,fault = 22&23&24&13&25&26&16&17&18&19&20&21,
SUCCESS;116:edges = 134,fail_cases = 3,fault = 22&23&24&13&25&14&26&16&17&18&19&20&21,
FAIL;117:edges = 134,fail_cases = 4,fault = 22&23&24&25&26&27&20&21,
SUCCESS;118:edges = 135,fail_cases = 4,fault = 32,
SUCCESS;119:edges = 136,fail_cases = 4,fault = 20&32,
SUCCESS;120:edges = 137,fail_cases = 4,fault = 20&32&21,
SUCCESS;121:edges = 138,fail_cases = 4,fault = 22&20&32&21,
SUCCESS;122:edges = 139,fail_cases = 4,fault = 22&23&20&32&21,
SUCCESS;123:edges = 140,fail_cases = 4,fault = 22&23&24&20&32&21,
SUCCESS;124:edges = 141,fail_cases = 4,fault = 22&23&24&25&20&32&21,
SUCCESS;125:edges = 142,fail_cases = 4,fault = 22&23&24&25&26&20&32&21,
SUCCESS;126:edges = 143,fail_cases = 4,fault = 28&32,
SUCCESS;127:edges = 144,fail_cases = 4,fault = 28&20&32,
SUCCESS;128:edges = 145,fail_cases = 4,fault = 28&20&32&21,
SUCCESS;129:edges = 146,fail_cases = 4,fault = 22&28&20&32&21,
SUCCESS;130:edges = 147,fail_cases = 4,fault = 22&23&28&20&32&21,
SUCCESS;131:edges = 148,fail_cases = 4,fault = 22&23&24&28&20&32&21,
SUCCESS;132:edges = 149,fail_cases = 4,fault = 22&23&24&25&28&20&32&21,
SUCCESS;133:edges = 150,fail_cases = 4,fault = 22&23&24&25&26&28&20&32&21,
SUCCESS;134:edges = 151,fail_cases = 4,fault = 28&29&32,
SUCCESS;135:edges = 152,fail_cases = 4,fault = 28&29&20&32,
SUCCESS;136:edges = 153,fail_cases = 4,fault = 28&29&20&32&21,
SUCCESS;137:edges = 154,fail_cases = 4,fault = 22&28&29&20&32&21,
SUCCESS;138:edges = 155,fail_cases = 4,fault = 22&23&28&29&20&32&21,
SUCCESS;139:edges = 156,fail_cases = 4,fault = 22&23&24&28&29&20&32&21,
SUCCESS;140:edges = 157,fail_cases = 4,fault = 22&23&24&25&28&29&20&32&21,
SUCCESS;141:edges = 158,fail_cases = 4,fault = 22&23&24&25&26&28&29&20&32&21,
SUCCESS;142:edges = 159,fail_cases = 4,fault = 28&29&30&32,
SUCCESS;143:edges = 160,fail_cases = 4,fault = 28&29&30&20&32,
SUCCESS;144:edges = 161,fail_cases = 4,fault = 28&29&30&20&32&21,
SUCCESS;145:edges = 162,fail_cases = 4,fault = 22&28&29&30&20&32&21,
SUCCESS;146:edges = 163,fail_cases = 4,fault = 22&23&28&29&30&20&32&21,
SUCCESS;147:edges = 164,fail_cases = 4,fault = 22&23&24&28&29&30&20&32&21,
SUCCESS;148:edges = 165,fail_cases = 4,fault = 22&23&24&25&28&29&30&20&32&21,
SUCCESS;149:edges = 166,fail_cases = 4,fault = 22&23&24&25&26&28&29&30&20&32&21,
FAIL;150:edges = 166,fail_cases = 5,fault = 28&29&30&31&32,