SUCCESS;0:edges = 13,fail_cases = 0,fault = ,
SUCCESS;1:edges = 14,fail_cases = 0,fault = 1,
SUCCESS;2:edges = 15,fail_cases = 0,fault = 1&2,
SUCCESS;3:edges = 16,fail_cases = 0,fault = 1&2&3,
SUCCESS;4:edges = 17,fail_cases = 0,fault = 1&2&3&4,
SUCCESS;5:edges = 18,fail_cases = 0,fault = 1&2&3&4&5,
SUCCESS;6:edges = 19,fail_cases = 0,fault = 1&2&3&4&5&6,
SUCCESS;7:edges = 20,fail_cases = 0,fault = 1&2&3&4&5&6&7,
FAIL;8:edges = 20,fail_cases = 1,fault = 1&2&3&4&5&6&7&8,
SUCCESS;9:edges = 22,fail_cases = 1,fault = 9,
SUCCESS;10:edges = 23,fail_cases = 1,fault = 1&9,
SUCCESS;11:edges = 24,fail_cases = 1,fault = 1&2&9,
SUCCESS;12:edges = 25,fail_cases = 1,fault = 1&2&3&9,
SUCCESS;13:edges = 26,fail_cases = 1,fault = 1&2&3&4&9,
SUCCESS;14:edges = 27,fail_cases = 1,fault = 1&2&3&4&5&9,
SUCCESS;15:edges = 28,fail_cases = 1,fault = 1&2&3&4&5&6&9,
SUCCESS;16:edges = 29,fail_cases = 1,fault = 1&2&3&4&5&6&7&9,
FAIL;17:edges = 29,fail_cases = 2,fault = 9&10,
SUCCESS;18:edges = 31,fail_cases = 2,fault = 11,
SUCCESS;19:edges = 32,fail_cases = 2,fault = 11&9,
SUCCESS;20:edges = 34,fail_cases = 2,fault = 11&12,
SUCCESS;21:edges = 35,fail_cases = 2,fault = 11&12&9,
FAIL;22:edges = 35,fail_cases = 3,fault = 11&12&13,
SUCCESS;23:edges = 37,fail_cases = 3,fault = 14,
SUCCESS;24:edges = 38,fail_cases = 3,fault = 11&14,
SUCCESS;25:edges = 39,fail_cases = 3,fault = 11&12&14,
FAIL;26:edges = 39,fail_cases = 4,fault = 14&15,
SUCCESS;27:edges = 41,fail_cases = 4,fault = 16,
SUCCESS;28:edges = 42,fail_cases = 4,fault = 14&16,
SUCCESS;29:edges = 44,fail_cases = 4,fault = 16&17,
SUCCESS;30:edges = 45,fail_cases = 4,fault = 14&16&17,
SUCCESS;31:edges = 47,fail_cases = 4,fault = 16&17&18,
SUCCESS;32:edges = 48,fail_cases = 4,fault = 14&16&17&18,
SUCCESS;33:edges = 50,fail_cases = 4,fault = 16&17&18&19,
SUCCESS;34:edges = 51,fail_cases = 4,fault = 14&16&17&18&19,
SUCCESS;35:edges = 53,fail_cases = 4,fault = 16&17&18&19&20,
SUCCESS;36:edges = 54,fail_cases = 4,fault = 14&16&17&18&19&20,
FAIL;37:edges = 54,fail_cases = 5,fault = 16&17&18&19&20&21,
SUCCESS;38:edges = 56,fail_cases = 5,fault = 22,
SUCCESS;39:edges = 57,fail_cases = 5,fault = 22&16,
SUCCESS;40:edges = 58,fail_cases = 5,fault = 22&16&17,
SUCCESS;41:edges = 59,fail_cases = 5,fault = 22&16&17&18,
SUCCESS;42:edges = 60,fail_cases = 5,fault = 22&16&17&18&19,
SUCCESS;43:edges = 61,fail_cases = 5,fault = 22&16&17&18&19&20,
SUCCESS;44:edges = 63,fail_cases = 5,fault = 22&23,
SUCCESS;45:edges = 64,fail_cases = 5,fault = 22&23&16,
SUCCESS;46:edges = 65,fail_cases = 5,fault = 22&23&16&17,
SUCCESS;47:edges = 66,fail_cases = 5,fault = 22&23&16&17&18,
SUCCESS;48:edges = 67,fail_cases = 5,fault = 22&23&16&17&18&19,
SUCCESS;49:edges = 68,fail_cases = 5,fault = 22&23&16&17&18&19&20,
SUCCESS;50:edges = 70,fail_cases = 5,fault = 22&23&24,
SUCCESS;51:edges = 71,fail_cases = 5,fault = 22&23&24&16,
SUCCESS;52:edges = 72,fail_cases = 5,fault = 22&23&24&16&17,
SUCCESS;53:edges = 73,fail_cases = 5,fault = 22&23&24&16&17&18,
SUCCESS;54:edges = 74,fail_cases = 5,fault = 22&23&24&16&17&18&19,
SUCCESS;55:edges = 75,fail_cases = 5,fault = 22&23&24&16&17&18&19&20,
SUCCESS;56:edges = 77,fail_cases = 5,fault = 22&23&24&25,
SUCCESS;57:edges = 78,fail_cases = 5,fault = 22&23&24&25&16,
SUCCESS;58:edges = 79,fail_cases = 5,fault = 22&23&24&25&16&17,
SUCCESS;59:edges = 80,fail_cases = 5,fault = 22&23&24&25&16&17&18,
SUCCESS;60:edges = 81,fail_cases = 5,fault = 22&23&24&25&16&17&18&19,
SUCCESS;61:edges = 82,fail_cases = 5,fault = 22&23&24&25&16&17&18&19&20,
SUCCESS;62:edges = 84,fail_cases = 5,fault = 22&23&24&25&26,
SUCCESS;63:edges = 85,fail_cases = 5,fault = 22&23&24&25&26&16,
SUCCESS;64:edges = 86,fail_cases = 5,fault = 22&23&24&25&26&16&17,
SUCCESS;65:edges = 87,fail_cases = 5,fault = 22&23&24&25&26&16&17&18,
SUCCESS;66:edges = 88,fail_cases = 5,fault = 22&23&24&25&26&16&17&18&19,
SUCCESS;67:edges = 89,fail_cases = 5,fault = 22&23&24&25&26&16&17&18&19&20,
FAIL;68:edges = 89,fail_cases = 6,fault = 22&23&24&25&26&27,
SUCCESS;69:edges = 91,fail_cases = 6,fault = 28,
SUCCESS;70:edges = 92,fail_cases = 6,fault = 22&28,
SUCCESS;71:edges = 93,fail_cases = 6,fault = 22&23&28,
SUCCESS;72:edges = 94,fail_cases = 6,fault = 22&23&24&28,
SUCCESS;73:edges = 95,fail_cases = 6,fault = 22&23&24&25&28,
SUCCESS;74:edges = 96,fail_cases = 6,fault = 22&23&24&25&26&28,
SUCCESS;75:edges = 98,fail_cases = 6,fault = 28&29,
SUCCESS;76:edges = 99,fail_cases = 6,fault = 22&28&29,
SUCCESS;77:edges = 100,fail_cases = 6,fault = 22&23&28&29,
SUCCESS;78:edges = 101,fail_cases = 6,fault = 22&23&24&28&29,
SUCCESS;79:edges = 102,fail_cases = 6,fault = 22&23&24&25&28&29,
SUCCESS;80:edges = 103,fail_cases = 6,fault = 22&23&24&25&26&28&29,
SUCCESS;81:edges = 105,fail_cases = 6,fault = 28&29&30,
SUCCESS;82:edges = 106,fail_cases = 6,fault = 22&28&29&30,
SUCCESS;83:edges = 107,fail_cases = 6,fault = 22&23&28&29&30,
SUCCESS;84:edges = 108,fail_cases = 6,fault = 22&23&24&28&29&30,
SUCCESS;85:edges = 109,fail_cases = 6,fault = 22&23&24&25&28&29&30,
SUCCESS;86:edges = 110,fail_cases = 6,fault = 22&23&24&25&26&28&29&30,
FAIL;87:edges = 110,fail_cases = 7,fault = 28&29&30&31,
SUCCESS;88:edges = 112,fail_cases = 7,fault = 32,
SUCCESS;89:edges = 113,fail_cases = 7,fault = 28&32,
SUCCESS;90:edges = 114,fail_cases = 7,fault = 28&29&32,
SUCCESS;91:edges = 115,fail_cases = 7,fault = 28&29&30&32,
SUCCESS;92:edges = 117,fail_cases = 7,fault = 33&32,
SUCCESS;93:edges = 118,fail_cases = 7,fault = 33&28&32,
SUCCESS;94:edges = 119,fail_cases = 7,fault = 33&28&29&32,
SUCCESS;95:edges = 120,fail_cases = 7,fault = 33&28&29&30&32,
SUCCESS;96:edges = 122,fail_cases = 7,fault = 33&34&32,
SUCCESS;97:edges = 123,fail_cases = 7,fault = 33&34&28&32,
SUCCESS;98:edges = 124,fail_cases = 7,fault = 33&34&28&29&32,
SUCCESS;99:edges = 125,fail_cases = 7,fault = 33&34&28&29&30&32,
SUCCESS;100:edges = 127,fail_cases = 7,fault = 33&34&35&32,
SUCCESS;101:edges = 128,fail_cases = 7,fault = 33&34&35&28&32,
SUCCESS;102:edges = 129,fail_cases = 7,fault = 33&34&35&28&29&32,
SUCCESS;103:edges = 130,fail_cases = 7,fault = 33&34&35&28&29&30&32,
SUCCESS;104:edges = 132,fail_cases = 7,fault = 33&34&35&36&32,
SUCCESS;105:edges = 133,fail_cases = 7,fault = 33&34&35&36&28&32,
SUCCESS;106:edges = 134,fail_cases = 7,fault = 33&34&35&36&28&29&32,
SUCCESS;107:edges = 135,fail_cases = 7,fault = 33&34&35&36&28&29&30&32,
SUCCESS;108:edges = 137,fail_cases = 7,fault = 33&34&35&36&37&32,
SUCCESS;109:edges = 138,fail_cases = 7,fault = 33&34&35&36&37&28&32,
SUCCESS;110:edges = 139,fail_cases = 7,fault = 33&34&35&36&37&28&29&32,
SUCCESS;111:edges = 140,fail_cases = 7,fault = 33&34&35&36&37&28&29&30&32,
FAIL;112:edges = 140,fail_cases = 8,fault = 33&34&35&36&37&38&32,
SUCCESS;113:edges = 142,fail_cases = 8,fault = 39,
SUCCESS;114:edges = 143,fail_cases = 8,fault = 39&32,
SUCCESS;115:edges = 144,fail_cases = 8,fault = 33&39&32,
SUCCESS;116:edges = 145,fail_cases = 8,fault = 33&34&39&32,
SUCCESS;117:edges = 146,fail_cases = 8,fault = 33&34&35&39&32,
SUCCESS;118:edges = 147,fail_cases = 8,fault = 33&34&35&36&39&32,
SUCCESS;119:edges = 148,fail_cases = 8,fault = 33&34&35&36&37&39&32,
FAIL;120:edges = 148,fail_cases = 9,fault = 39&40,
SUCCESS;121:edges = 150,fail_cases = 9,fault = 48,
SUCCESS;122:edges = 151,fail_cases = 9,fault = 48&39,
SUCCESS;123:edges = 153,fail_cases = 9,fault = 48&41,
SUCCESS;124:edges = 154,fail_cases = 9,fault = 48&39&41,
SUCCESS;125:edges = 156,fail_cases = 9,fault = 48&41&42,
SUCCESS;126:edges = 157,fail_cases = 9,fault = 48&39&41&42,
SUCCESS;127:edges = 159,fail_cases = 9,fault = 48&41&42&43,
SUCCESS;128:edges = 160,fail_cases = 9,fault = 48&39&41&42&43,
SUCCESS;129:edges = 162,fail_cases = 9,fault = 44&48&41&42&43,
SUCCESS;130:edges = 163,fail_cases = 9,fault = 44&48&39&41&42&43,
SUCCESS;131:edges = 165,fail_cases = 9,fault = 44&45&48&41&42&43,
SUCCESS;132:edges = 166,fail_cases = 9,fault = 44&45&48&39&41&42&43,
SUCCESS;133:edges = 168,fail_cases = 9,fault = 44&45&46&48&41&42&43,
SUCCESS;134:edges = 169,fail_cases = 9,fault = 44&45&46&48&39&41&42&43,
FAIL;135:edges = 169,fail_cases = 10,fault = 44&45&46&47&48&41&42&43,
SUCCESS;136:edges = 171,fail_cases = 10,fault = 49,
SUCCESS;137:edges = 172,fail_cases = 10,fault = 48&49,
SUCCESS;138:edges = 173,fail_cases = 10,fault = 48&49&41,
SUCCESS;139:edges = 174,fail_cases = 10,fault = 48&49&41&42,
SUCCESS;140:edges = 175,fail_cases = 10,fault = 48&49&41&42&43,
SUCCESS;141:edges = 176,fail_cases = 10,fault = 44&48&49&41&42&43,
SUCCESS;142:edges = 177,fail_cases = 10,fault = 44&45&48&49&41&42&43,
SUCCESS;143:edges = 178,fail_cases = 10,fault = 44&45&46&48&49&41&42&43,
SUCCESS;144:edges = 180,fail_cases = 10,fault = 49&50,
SUCCESS;145:edges = 181,fail_cases = 10,fault = 48&49&50,
SUCCESS;146:edges = 182,fail_cases = 10,fault = 48&49&50&41,
SUCCESS;147:edges = 183,fail_cases = 10,fault = 48&49&50&41&42,
SUCCESS;148:edges = 184,fail_cases = 10,fault = 48&49&50&41&42&43,
SUCCESS;149:edges = 185,fail_cases = 10,fault = 44&48&49&50&41&42&43,
SUCCESS;150:edges = 186,fail_cases = 10,fault = 44&45&48&49&50&41&42&43,
SUCCESS;151:edges = 187,fail_cases = 10,fault = 44&45&46&48&49&50&41&42&43,
SUCCESS;152:edges = 189,fail_cases = 10,fault = 49&50&51,
SUCCESS;153:edges = 190,fail_cases = 10,fault = 48&49&50&51,
SUCCESS;154:edges = 191,fail_cases = 10,fault = 48&49&50&51&41,
SUCCESS;155:edges = 192,fail_cases = 10,fault = 48&49&50&51&41&42,
SUCCESS;156:edges = 193,fail_cases = 10,fault = 48&49&50&51&41&42&43,
SUCCESS;157:edges = 194,fail_cases = 10,fault = 44&48&49&50&51&41&42&43,
SUCCESS;158:edges = 195,fail_cases = 10,fault = 44&45&48&49&50&51&41&42&43,
SUCCESS;159:edges = 196,fail_cases = 10,fault = 44&45&46&48&49&50&51&41&42&43,
SUCCESS;160:edges = 198,fail_cases = 10,fault = 49&50&51&52,
SUCCESS;161:edges = 199,fail_cases = 10,fault = 48&49&50&51&52,
SUCCESS;162:edges = 200,fail_cases = 10,fault = 48&49&50&51&52&41,
SUCCESS;163:edges = 201,fail_cases = 10,fault = 48&49&50&51&52&41&42,
SUCCESS;164:edges = 202,fail_cases = 10,fault = 48&49&50&51&52&41&42&43,
SUCCESS;165:edges = 203,fail_cases = 10,fault = 44&48&49&50&51&52&41&42&43,
SUCCESS;166:edges = 204,fail_cases = 10,fault = 44&45&48&49&50&51&52&41&42&43,
SUCCESS;167:edges = 205,fail_cases = 10,fault = 44&45&46&48&49&50&51&52&41&42&43,
SUCCESS;168:edges = 207,fail_cases = 10,fault = 49&50&51&52&53,
SUCCESS;169:edges = 208,fail_cases = 10,fault = 48&49&50&51&52&53,
SUCCESS;170:edges = 209,fail_cases = 10,fault = 48&49&50&51&52&41&53,
SUCCESS;171:edges = 210,fail_cases = 10,fault = 48&49&50&51&52&41&53&42,
SUCCESS;172:edges = 211,fail_cases = 10,fault = 48&49&50&51&52&41&53&42&43,
SUCCESS;173:edges = 212,fail_cases = 10,fault = 44&48&49&50&51&52&41&53&42&43,
SUCCESS;174:edges = 213,fail_cases = 10,fault = 44&45&48&49&50&51&52&41&53&42&43,
SUCCESS;175:edges = 214,fail_cases = 10,fault = 44&45&46&48&49&50&51&52&41&53&42&43,
SUCCESS;176:edges = 216,fail_cases = 10,fault = 49&50&51&52&53&54,
SUCCESS;177:edges = 217,fail_cases = 10,fault = 48&49&50&51&52&53&54,
SUCCESS;178:edges = 218,fail_cases = 10,fault = 48&49&50&51&52&41&53&54,
SUCCESS;179:edges = 219,fail_cases = 10,fault = 48&49&50&51&52&41&53&42&54,
SUCCESS;180:edges = 220,fail_cases = 10,fault = 48&49&50&51&52&41&53&42&54&43,
SUCCESS;181:edges = 221,fail_cases = 10,fault = 44&48&49&50&51&52&41&53&42&54&43,
SUCCESS;182:edges = 222,fail_cases = 10,fault = 44&45&48&49&50&51&52&41&53&42&54&43,
SUCCESS;183:edges = 223,fail_cases = 10,fault = 44&45&46&48&49&50&51&52&41&53&42&54&43,
FAIL;184:edges = 223,fail_cases = 11,fault = 55&49&50&51&52&53&54,
SUCCESS;185:edges = 225,fail_cases = 11,fault = 56,
SUCCESS;186:edges = 226,fail_cases = 11,fault = 56&49,
SUCCESS;187:edges = 227,fail_cases = 11,fault = 56&49&50,
SUCCESS;188:edges = 228,fail_cases = 11,fault = 56&49&50&51,
SUCCESS;189:edges = 229,fail_cases = 11,fault = 56&49&50&51&52,
SUCCESS;190:edges = 230,fail_cases = 11,fault = 56&49&50&51&52&53,
SUCCESS;191:edges = 231,fail_cases = 11,fault = 56&49&50&51&52&53&54,
SUCCESS;192:edges = 233,fail_cases = 11,fault = 56&57,
SUCCESS;193:edges = 234,fail_cases = 11,fault = 56&57&49,
SUCCESS;194:edges = 235,fail_cases = 11,fault = 56&57&49&50,
SUCCESS;195:edges = 236,fail_cases = 11,fault = 56&57&49&50&51,
SUCCESS;196:edges = 237,fail_cases = 11,fault = 56&57&49&50&51&52,
SUCCESS;197:edges = 238,fail_cases = 11,fault = 56&57&49&50&51&52&53,
SUCCESS;198:edges = 239,fail_cases = 11,fault = 56&57&49&50&51&52&53&54,
SUCCESS;199:edges = 241,fail_cases = 11,fault = 56&57&58,
SUCCESS;200:edges = 242,fail_cases = 11,fault = 56&57&58&49,
SUCCESS;201:edges = 243,fail_cases = 11,fault = 56&57&58&49&50,
SUCCESS;202:edges = 244,fail_cases = 11,fault = 56&57&58&49&50&51,
SUCCESS;203:edges = 245,fail_cases = 11,fault = 56&57&58&49&50&51&52,
SUCCESS;204:edges = 246,fail_cases = 11,fault = 56&57&58&49&50&51&52&53,
SUCCESS;205:edges = 247,fail_cases = 11,fault = 56&57&58&49&50&51&52&53&54,
SUCCESS;206:edges = 249,fail_cases = 11,fault = 56&57&58&59,
SUCCESS;207:edges = 250,fail_cases = 11,fault = 56&57&58&59&49,
SUCCESS;208:edges = 251,fail_cases = 11,fault = 56&57&58&59&49&50,
SUCCESS;209:edges = 252,fail_cases = 11,fault = 56&57&58&59&49&50&51,
SUCCESS;210:edges = 253,fail_cases = 11,fault = 56&57&58&59&49&50&51&52,
SUCCESS;211:edges = 254,fail_cases = 11,fault = 56&57&58&59&49&50&51&52&53,
SUCCESS;212:edges = 255,fail_cases = 11,fault = 56&57&58&59&49&50&51&52&53&54,
SUCCESS;213:edges = 257,fail_cases = 11,fault = 56&57&58&59&60,
SUCCESS;214:edges = 258,fail_cases = 11,fault = 56&57&58&59&49&60,
SUCCESS;215:edges = 259,fail_cases = 11,fault = 56&57&58&59&49&60&50,
SUCCESS;216:edges = 260,fail_cases = 11,fault = 56&57&58&59&49&60&50&51,
SUCCESS;217:edges = 261,fail_cases = 11,fault = 56&57&58&59&49&60&50&51&52,
SUCCESS;218:edges = 262,fail_cases = 11,fault = 56&57&58&59&49&60&50&51&52&53,
SUCCESS;219:edges = 263,fail_cases = 11,fault = 56&57&58&59&49&60&50&51&52&53&54,
SUCCESS;220:edges = 265,fail_cases = 11,fault = 56&57&58&59&60&61,
SUCCESS;221:edges = 266,fail_cases = 11,fault = 56&57&58&59&49&60&61,
SUCCESS;222:edges = 267,fail_cases = 11,fault = 56&57&58&59&49&60&61&50,
SUCCESS;223:edges = 268,fail_cases = 11,fault = 56&57&58&59&49&60&61&50&51,
SUCCESS;224:edges = 269,fail_cases = 11,fault = 56&57&58&59&49&60&61&50&51&52,
SUCCESS;225:edges = 270,fail_cases = 11,fault = 56&57&58&59&49&60&61&50&51&52&53,
SUCCESS;226:edges = 271,fail_cases = 11,fault = 56&57&58&59&49&60&61&50&51&52&53&54,
FAIL;227:edges = 271,fail_cases = 12,fault = 56&57&58&59&60&61&62,
SUCCESS;228:edges = 273,fail_cases = 12,fault = 64,
SUCCESS;229:edges = 274,fail_cases = 12,fault = 56&64,
SUCCESS;230:edges = 275,fail_cases = 12,fault = 56&57&64,
SUCCESS;231:edges = 276,fail_cases = 12,fault = 56&57&58&64,
SUCCESS;232:edges = 277,fail_cases = 12,fault = 56&57&58&59&64,
SUCCESS;233:edges = 278,fail_cases = 12,fault = 56&57&58&59&60&64,
SUCCESS;234:edges = 279,fail_cases = 12,fault = 56&57&58&59&60&61&64,
SUCCESS;235:edges = 281,fail_cases = 12,fault = 64&65,
SUCCESS;236:edges = 282,fail_cases = 12,fault = 56&64&65,
SUCCESS;237:edges = 283,fail_cases = 12,fault = 56&57&64&65,
SUCCESS;238:edges = 284,fail_cases = 12,fault = 56&57&58&64&65,
SUCCESS;239:edges = 285,fail_cases = 12,fault = 56&57&58&59&64&65,
SUCCESS;240:edges = 286,fail_cases = 12,fault = 56&57&58&59&60&64&65,
SUCCESS;241:edges = 287,fail_cases = 12,fault = 56&57&58&59&60&61&64&65,
SUCCESS;242:edges = 289,fail_cases = 12,fault = 66&64&65,
SUCCESS;243:edges = 290,fail_cases = 12,fault = 66&56&64&65,
SUCCESS;244:edges = 291,fail_cases = 12,fault = 66&56&57&64&65,
SUCCESS;245:edges = 292,fail_cases = 12,fault = 66&56&57&58&64&65,
SUCCESS;246:edges = 293,fail_cases = 12,fault = 66&56&57&58&59&64&65,
SUCCESS;247:edges = 294,fail_cases = 12,fault = 66&56&57&58&59&60&64&65,
SUCCESS;248:edges = 295,fail_cases = 12,fault = 66&56&57&58&59&60&61&64&65,
SUCCESS;249:edges = 297,fail_cases = 12,fault = 66&67&64&65,
SUCCESS;250:edges = 298,fail_cases = 12,fault = 66&67&56&64&65,
SUCCESS;251:edges = 299,fail_cases = 12,fault = 66&67&56&57&64&65,
SUCCESS;252:edges = 300,fail_cases = 12,fault = 66&67&56&57&58&64&65,
SUCCESS;253:edges = 301,fail_cases = 12,fault = 66&67&56&57&58&59&64&65,
SUCCESS;254:edges = 302,fail_cases = 12,fault = 66&67&56&57&58&59&60&64&65,
SUCCESS;255:edges = 303,fail_cases = 12,fault = 66&67&56&57&58&59&60&61&64&65,
SUCCESS;256:edges = 305,fail_cases = 12,fault = 66&67&68&64&65,
SUCCESS;257:edges = 306,fail_cases = 12,fault = 66&67&56&68&64&65,
SUCCESS;258:edges = 307,fail_cases = 12,fault = 66&67&56&68&57&64&65,
SUCCESS;259:edges = 308,fail_cases = 12,fault = 66&67&56&68&57&58&64&65,
SUCCESS;260:edges = 309,fail_cases = 12,fault = 66&67&56&68&57&58&59&64&65,
SUCCESS;261:edges = 310,fail_cases = 12,fault = 66&67&56&68&57&58&59&60&64&65,
SUCCESS;262:edges = 311,fail_cases = 12,fault = 66&67&56&68&57&58&59&60&61&64&65,
SUCCESS;263:edges = 313,fail_cases = 12,fault = 66&67&68&69&64&65,
SUCCESS;264:edges = 314,fail_cases = 12,fault = 66&67&56&68&69&64&65,
SUCCESS;265:edges = 315,fail_cases = 12,fault = 66&67&56&68&57&69&64&65,
SUCCESS;266:edges = 316,fail_cases = 12,fault = 66&67&56&68&57&69&58&64&65,
SUCCESS;267:edges = 317,fail_cases = 12,fault = 66&67&56&68&57&69&58&59&64&65,
SUCCESS;268:edges = 318,fail_cases = 12,fault = 66&67&56&68&57&69&58&59&60&64&65,
SUCCESS;269:edges = 319,fail_cases = 12,fault = 66&67&56&68&57&69&58&59&60&61&64&65,
SUCCESS;270:edges = 321,fail_cases = 12,fault = 66&67&68&69&70&64&65,
SUCCESS;271:edges = 322,fail_cases = 12,fault = 66&67&56&68&69&70&64&65,
SUCCESS;272:edges = 323,fail_cases = 12,fault = 66&67&56&68&57&69&70&64&65,
SUCCESS;273:edges = 324,fail_cases = 12,fault = 66&67&56&68&57&69&58&70&64&65,
SUCCESS;274:edges = 325,fail_cases = 12,fault = 66&67&56&68&57&69&58&59&70&64&65,
SUCCESS;275:edges = 326,fail_cases = 12,fault = 66&67&56&68&57&69&58&59&70&60&64&65,
SUCCESS;276:edges = 327,fail_cases = 12,fault = 66&67&56&68&57&69&58&59&70&60&61&64&65,
FAIL;277:edges = 327,fail_cases = 13,fault = 66&67&68&69&70&63&64&65,
SUCCESS;278:edges = 328,fail_cases = 13,fault = 71,
SUCCESS;279:edges = 329,fail_cases = 13,fault = 71&64,
SUCCESS;280:edges = 330,fail_cases = 13,fault = 71&64&65,
SUCCESS;281:edges = 331,fail_cases = 13,fault = 66&71&64&65,
SUCCESS;282:edges = 332,fail_cases = 13,fault = 66&67&71&64&65,
SUCCESS;283:edges = 333,fail_cases = 13,fault = 66&67&68&71&64&65,
SUCCESS;284:edges = 334,fail_cases = 13,fault = 66&67&68&69&71&64&65,
SUCCESS;285:edges = 335,fail_cases = 13,fault = 66&67&68&69&70&71&64&65,
SUCCESS;286:edges = 336,fail_cases = 13,fault = 71&72,
SUCCESS;287:edges = 337,fail_cases = 13,fault = 71&72&64,
SUCCESS;288:edges = 338,fail_cases = 13,fault = 71&72&64&65,
SUCCESS;289:edges = 339,fail_cases = 13,fault = 66&71&72&64&65,
SUCCESS;290:edges = 340,fail_cases = 13,fault = 66&67&71&72&64&65,
SUCCESS;291:edges = 341,fail_cases = 13,fault = 66&67&68&71&72&64&65,
SUCCESS;292:edges = 342,fail_cases = 13,fault = 66&67&68&69&71&72&64&65,
SUCCESS;293:edges = 343,fail_cases = 13,fault = 66&67&68&69&70&71&72&64&65,
SUCCESS;294:edges = 344,fail_cases = 13,fault = 71&72&73,
SUCCESS;295:edges = 345,fail_cases = 13,fault = 71&72&73&64,
SUCCESS;296:edges = 346,fail_cases = 13,fault = 71&72&73&64&65,
SUCCESS;297:edges = 347,fail_cases = 13,fault = 66&71&72&73&64&65,
SUCCESS;298:edges = 348,fail_cases = 13,fault = 66&67&71&72&73&64&65,
SUCCESS;299:edges = 349,fail_cases = 13,fault = 66&67&68&71&72&73&64&65,
SUCCESS;300:edges = 350,fail_cases = 13,fault = 66&67&68&69&71&72&73&64&65,
SUCCESS;301:edges = 351,fail_cases = 13,fault = 66&67&68&69&70&71&72&73&64&65,
SUCCESS;302:edges = 352,fail_cases = 13,fault = 71&72&73&74,
SUCCESS;303:edges = 353,fail_cases = 13,fault = 71&72&73&74&64,
SUCCESS;304:edges = 354,fail_cases = 13,fault = 71&72&73&74&64&65,
SUCCESS;305:edges = 355,fail_cases = 13,fault = 66&71&72&73&74&64&65,
SUCCESS;306:edges = 356,fail_cases = 13,fault = 66&67&71&72&73&74&64&65,
SUCCESS;307:edges = 357,fail_cases = 13,fault = 66&67&68&71&72&73&74&64&65,
SUCCESS;308:edges = 358,fail_cases = 13,fault = 66&67&68&69&71&72&73&74&64&65,
SUCCESS;309:edges = 359,fail_cases = 13,fault = 66&67&68&69&70&71&72&73&74&64&65,
SUCCESS;310:edges = 360,fail_cases = 13,fault = 71&72&73&74&75,
SUCCESS;311:edges = 361,fail_cases = 13,fault = 71&72&73&74&75&64,
SUCCESS;312:edges = 362,fail_cases = 13,fault = 71&72&73&74&75&64&65,
SUCCESS;313:edges = 363,fail_cases = 13,fault = 66&71&72&73&74&75&64&65,
SUCCESS;314:edges = 364,fail_cases = 13,fault = 66&67&71&72&73&74&75&64&65,
SUCCESS;315:edges = 365,fail_cases = 13,fault = 66&67&68&71&72&73&74&75&64&65,
SUCCESS;316:edges = 366,fail_cases = 13,fault = 66&67&68&69&71&72&73&74&75&64&65,
SUCCESS;317:edges = 367,fail_cases = 13,fault = 66&67&68&69&70&71&72&73&74&75&64&65,
SUCCESS;318:edges = 368,fail_cases = 13,fault = 71&72&73&74&75&76,
SUCCESS;319:edges = 369,fail_cases = 13,fault = 71&72&73&74&75&64&76,
SUCCESS;320:edges = 370,fail_cases = 13,fault = 71&72&73&74&75&64&76&65,
SUCCESS;321:edges = 371,fail_cases = 13,fault = 66&71&72&73&74&75&64&76&65,
SUCCESS;322:edges = 372,fail_cases = 13,fault = 66&67&71&72&73&74&75&64&76&65,
SUCCESS;323:edges = 373,fail_cases = 13,fault = 66&67&68&71&72&73&74&75&64&76&65,
SUCCESS;324:edges = 374,fail_cases = 13,fault = 66&67&68&69&71&72&73&74&75&64&76&65,
SUCCESS;325:edges = 375,fail_cases = 13,fault = 66&67&68&69&70&71&72&73&74&75&64&76&65,
SUCCESS;326:edges = 376,fail_cases = 13,fault = 77&71&72&73&74&75&76,
SUCCESS;327:edges = 377,fail_cases = 13,fault = 77&71&72&73&74&75&64&76,
SUCCESS;328:edges = 378,fail_cases = 13,fault = 77&71&72&73&74&75&64&76&65,
SUCCESS;329:edges = 379,fail_cases = 13,fault = 77&66&71&72&73&74&75&64&76&65,
SUCCESS;330:edges = 380,fail_cases = 13,fault = 77&66&67&71&72&73&74&75&64&76&65,
SUCCESS;331:edges = 381,fail_cases = 13,fault = 77&66&67&68&71&72&73&74&75&64&76&65,
SUCCESS;332:edges = 382,fail_cases = 13,fault = 77&66&67&68&69&71&72&73&74&75&64&76&65,
SUCCESS;333:edges = 383,fail_cases = 13,fault = 77&66&67&68&69&70&71&72&73&74&75&64&76&65,
FAIL;334:edges = 383,fail_cases = 14,fault = 77&78&71&72&73&74&75&76,