SUCCESS;0:edges = 4,fail_cases = 0,fault = ,
SUCCESS;1:edges = 5,fail_cases = 0,fault = 1,
FAIL;2:edges = 5,fail_cases = 1,fault = 1&2,
SUCCESS;3:edges = 7,fail_cases = 1,fault = 3,
SUCCESS;4:edges = 8,fail_cases = 1,fault = 1&3,
SUCCESS;5:edges = 10,fail_cases = 1,fault = 3&4,
SUCCESS;6:edges = 11,fail_cases = 1,fault = 1&3&4,
SUCCESS;7:edges = 13,fail_cases = 1,fault = 3&4&5,
SUCCESS;8:edges = 14,fail_cases = 1,fault = 1&3&4&5,
SUCCESS;9:edges = 16,fail_cases = 1,fault = 3&4&5&6,
SUCCESS;10:edges = 17,fail_cases = 1,fault = 1&3&4&5&6,
SUCCESS;11:edges = 19,fail_cases = 1,fault = 3&4&5&6&7,
SUCCESS;12:edges = 20,fail_cases = 1,fault = 1&3&4&5&6&7,
SUCCESS;13:edges = 22,fail_cases = 1,fault = 3&4&5&6&7&8,
SUCCESS;14:edges = 23,fail_cases = 1,fault = 1&3&4&5&6&7&8,
SUCCESS;15:edges = 25,fail_cases = 1,fault = 3&4&5&6&7&8&9,
SUCCESS;16:edges = 26,fail_cases = 1,fault = 1&3&4&5&6&7&8&9,
FAIL;17:edges = 26,fail_cases = 2,fault = 3&4&5&6&7&8&9&10,
SUCCESS;18:edges = 28,fail_cases = 2,fault = 11,
SUCCESS;19:edges = 29,fail_cases = 2,fault = 11&3,
SUCCESS;20:edges = 30,fail_cases = 2,fault = 11&3&4,
SUCCESS;21:edges = 31,fail_cases = 2,fault = 11&3&4&5,
SUCCESS;22:edges = 32,fail_cases = 2,fault = 11&3&4&5&6,
SUCCESS;23:edges = 33,fail_cases = 2,fault = 11&3&4&5&6&7,
SUCCESS;24:edges = 34,fail_cases = 2,fault = 11&3&4&5&6&7&8,
SUCCESS;25:edges = 35,fail_cases = 2,fault = 11&3&4&5&6&7&8&9,
SUCCESS;26:edges = 37,fail_cases = 2,fault = 11&12,
SUCCESS;27:edges = 38,fail_cases = 2,fault = 11&12&3,
SUCCESS;28:edges = 39,fail_cases = 2,fault = 11&12&3&4,
SUCCESS;29:edges = 40,fail_cases = 2,fault = 11&12&3&4&5,
SUCCESS;30:edges = 41,fail_cases = 2,fault = 11&12&3&4&5&6,
SUCCESS;31:edges = 42,fail_cases = 2,fault = 11&12&3&4&5&6&7,
SUCCESS;32:edges = 43,fail_cases = 2,fault = 11&12&3&4&5&6&7&8,
SUCCESS;33:edges = 44,fail_cases = 2,fault = 11&12&3&4&5&6&7&8&9,
SUCCESS;34:edges = 46,fail_cases = 2,fault = 11&12&13,
SUCCESS;35:edges = 47,fail_cases = 2,fault = 11&12&13&3,
SUCCESS;36:edges = 48,fail_cases = 2,fault = 11&12&13&3&4,
SUCCESS;37:edges = 49,fail_cases = 2,fault = 11&12&13&3&4&5,
SUCCESS;38:edges = 50,fail_cases = 2,fault = 11&12&13&3&4&5&6,
SUCCESS;39:edges = 51,fail_cases = 2,fault = 11&12&13&3&4&5&6&7,
SUCCESS;40:edges = 52,fail_cases = 2,fault = 11&12&13&3&4&5&6&7&8,
SUCCESS;41:edges = 53,fail_cases = 2,fault = 11&12&13&3&4&5&6&7&8&9,
FAIL;42:edges = 53,fail_cases = 3,fault = 11&12&13&14,
SUCCESS;43:edges = 55,fail_cases = 3,fault = 16,
SUCCESS;44:edges = 56,fail_cases = 3,fault = 11&16,
SUCCESS;45:edges = 57,fail_cases = 3,fault = 11&12&16,
SUCCESS;46:edges = 58,fail_cases = 3,fault = 11&12&13&16,
SUCCESS;47:edges = 60,fail_cases = 3,fault = 16&17,
SUCCESS;48:edges = 61,fail_cases = 3,fault = 11&16&17,
SUCCESS;49:edges = 62,fail_cases = 3,fault = 11&12&16&17,
SUCCESS;50:edges = 63,fail_cases = 3,fault = 11&12&13&16&17,
SUCCESS;51:edges = 65,fail_cases = 3,fault = 16&17&18,
SUCCESS;52:edges = 66,fail_cases = 3,fault = 11&16&17&18,
SUCCESS;53:edges = 67,fail_cases = 3,fault = 11&12&16&17&18,
SUCCESS;54:edges = 68,fail_cases = 3,fault = 11&12&13&16&17&18,
SUCCESS;55:edges = 70,fail_cases = 3,fault = 16&17&18&19,
SUCCESS;56:edges = 71,fail_cases = 3,fault = 11&16&17&18&19,
SUCCESS;57:edges = 72,fail_cases = 3,fault = 11&12&16&17&18&19,
SUCCESS;58:edges = 73,fail_cases = 3,fault = 11&12&13&16&17&18&19,
SUCCESS;59:edges = 75,fail_cases = 3,fault = 16&17&18&19&20,
SUCCESS;60:edges = 76,fail_cases = 3,fault = 11&16&17&18&19&20,
SUCCESS;61:edges = 77,fail_cases = 3,fault = 11&12&16&17&18&19&20,
SUCCESS;62:edges = 78,fail_cases = 3,fault = 11&12&13&16&17&18&19&20,
SUCCESS;63:edges = 80,fail_cases = 3,fault = 16&17&18&19&20&21,
SUCCESS;64:edges = 81,fail_cases = 3,fault = 11&16&17&18&19&20&21,
SUCCESS;65:edges = 82,fail_cases = 3,fault = 11&12&16&17&18&19&20&21,
SUCCESS;66:edges = 83,fail_cases = 3,fault = 11&12&13&16&17&18&19&20&21,
SUCCESS;67:edges = 85,fail_cases = 3,fault = 22&16&17&18&19&20&21,
SUCCESS;68:edges = 86,fail_cases = 3,fault = 22&11&16&17&18&19&20&21,
SUCCESS;69:edges = 87,fail_cases = 3,fault = 22&11&12&16&17&18&19&20&21,
SUCCESS;70:edges = 88,fail_cases = 3,fault = 22&11&12&13&16&17&18&19&20&21,
FAIL;71:edges = 88,fail_cases = 4,fault = 22&15&16&17&18&19&20&21,
SUCCESS;72:edges = 89,fail_cases = 4,fault = 23,
SUCCESS;73:edges = 90,fail_cases = 4,fault = 23&16,
SUCCESS;74:edges = 91,fail_cases = 4,fault = 23&16&17,
SUCCESS;75:edges = 92,fail_cases = 4,fault = 23&16&17&18,
SUCCESS;76:edges = 93,fail_cases = 4,fault = 23&16&17&18&19,
SUCCESS;77:edges = 94,fail_cases = 4,fault = 23&16&17&18&19&20,
SUCCESS;78:edges = 95,fail_cases = 4,fault = 23&16&17&18&19&20&21,
SUCCESS;79:edges = 96,fail_cases = 4,fault = 22&23&16&17&18&19&20&21,
SUCCESS;80:edges = 97,fail_cases = 4,fault = 23&24,
SUCCESS;81:edges = 98,fail_cases = 4,fault = 23&24&16,
SUCCESS;82:edges = 99,fail_cases = 4,fault = 23&24&16&17,
SUCCESS;83:edges = 100,fail_cases = 4,fault = 23&24&16&17&18,
SUCCESS;84:edges = 101,fail_cases = 4,fault = 23&24&16&17&18&19,
SUCCESS;85:edges = 102,fail_cases = 4,fault = 23&24&16&17&18&19&20,
SUCCESS;86:edges = 103,fail_cases = 4,fault = 23&24&16&17&18&19&20&21,
SUCCESS;87:edges = 104,fail_cases = 4,fault = 22&23&24&16&17&18&19&20&21,
SUCCESS;88:edges = 105,fail_cases = 4,fault = 23&24&25,
SUCCESS;89:edges = 106,fail_cases = 4,fault = 23&24&25&16,
SUCCESS;90:edges = 107,fail_cases = 4,fault = 23&24&25&16&17,
SUCCESS;91:edges = 108,fail_cases = 4,fault = 23&24&25&16&17&18,
SUCCESS;92:edges = 109,fail_cases = 4,fault = 23&24&25&16&17&18&19,
SUCCESS;93:edges = 110,fail_cases = 4,fault = 23&24&25&16&17&18&19&20,
SUCCESS;94:edges = 111,fail_cases = 4,fault = 23&24&25&16&17&18&19&20&21,
SUCCESS;95:edges = 112,fail_cases = 4,fault = 22&23&24&25&16&17&18&19&20&21,
FAIL;96:edges = 112,fail_cases = 5,fault = 23&24&25&26,