SUCCESS;0:edges = 24,fail_cases = 0,fault = ,
SUCCESS;1:edges = 25,fail_cases = 0,fault = 1,
SUCCESS;2:edges = 26,fail_cases = 0,fault = 1&2,
SUCCESS;3:edges = 27,fail_cases = 0,fault = 1&2&3,
SUCCESS;4:edges = 28,fail_cases = 0,fault = 1&2&3&4,
SUCCESS;5:edges = 29,fail_cases = 0,fault = 1&2&3&4&5,
SUCCESS;6:edges = 30,fail_cases = 0,fault = 1&2&3&4&5&6,
FAIL;7:edges = 30,fail_cases = 1,fault = 1&2&3&4&5&6&7,
SUCCESS;8:edges = 32,fail_cases = 1,fault = 8,
SUCCESS;9:edges = 33,fail_cases = 1,fault = 2&8,
SUCCESS;10:edges = 34,fail_cases = 1,fault = 2&3&8,
SUCCESS;11:edges = 35,fail_cases = 1,fault = 2&3&4&8,
SUCCESS;12:edges = 36,fail_cases = 1,fault = 2&3&4&5&8,
SUCCESS;13:edges = 37,fail_cases = 1,fault = 2&3&4&5&6&8,
SUCCESS;14:edges = 39,fail_cases = 1,fault = 2&3&4&5&6&7&8,
SUCCESS;15:edges = 40,fail_cases = 1,fault = 1&8&9,
SUCCESS;16:edges = 42,fail_cases = 1,fault = 2&3&4&5&6&7&8&10,
SUCCESS;17:edges = 43,fail_cases = 1,fault = 1&8&9&10,
SUCCESS;18:edges = 44,fail_cases = 1,fault = 1&2&8&9,
SUCCESS;19:edges = 45,fail_cases = 1,fault = 1&2&8&9&10,
SUCCESS;20:edges = 46,fail_cases = 1,fault = 1&2&3&8&9,
SUCCESS;21:edges = 48,fail_cases = 1,fault = 11&2&3&4&5&6&7&8&10,
SUCCESS;22:edges = 50,fail_cases = 1,fault = 11&12&2&3&4&5&6&7&8&10,
SUCCESS;23:edges = 51,fail_cases = 1,fault = 1&2&3&4&8&9,
SUCCESS;24:edges = 52,fail_cases = 1,fault = 1&2&3&8&9&10,
SUCCESS;25:edges = 53,fail_cases = 1,fault = 11&1&8&9&10,
SUCCESS;26:edges = 54,fail_cases = 1,fault = 1&2&3&4&8&9&10,
SUCCESS;27:edges = 55,fail_cases = 1,fault = 11&1&2&8&9&10,
SUCCESS;28:edges = 56,fail_cases = 1,fault = 1&2&3&4&5&8&9,
SUCCESS;29:edges = 57,fail_cases = 1,fault = 11&1&2&3&8&9&10,
SUCCESS;30:edges = 58,fail_cases = 1,fault = 1&2&3&4&5&6&8&9,
SUCCESS;31:edges = 59,fail_cases = 1,fault = 1&2&3&4&5&8&9&10,
SUCCESS;32:edges = 60,fail_cases = 1,fault = 11&1&2&3&4&8&9&10,
SUCCESS;33:edges = 61,fail_cases = 1,fault = 11&1&2&3&4&5&8&9&10,
SUCCESS;34:edges = 62,fail_cases = 1,fault = 11&12&1&8&9&10,
SUCCESS;35:edges = 63,fail_cases = 1,fault = 1&2&3&4&5&6&8&9&10,
SUCCESS;36:edges = 64,fail_cases = 1,fault = 11&12&1&2&8&9&10,
SUCCESS;37:edges = 65,fail_cases = 1,fault = 11&1&2&3&4&5&6&8&9&10,
SUCCESS;38:edges = 66,fail_cases = 1,fault = 11&12&1&2&3&8&9&10,
SUCCESS;39:edges = 67,fail_cases = 1,fault = 11&12&1&2&3&4&8&9&10,
SUCCESS;40:edges = 68,fail_cases = 1,fault = 11&12&1&2&3&4&5&8&9&10,
SUCCESS;41:edges = 69,fail_cases = 1,fault = 11&12&1&2&3&4&5&6&8&9&10,
SUCCESS;42:edges = 71,fail_cases = 1,fault = 11&12&2&13&3&4&5&6&7&8&10,
SUCCESS;43:edges = 72,fail_cases = 1,fault = 11&12&1&13&8&9&10,
SUCCESS;44:edges = 73,fail_cases = 1,fault = 11&12&1&13&2&8&9&10,
SUCCESS;45:edges = 75,fail_cases = 1,fault = 11&12&2&13&3&14&4&5&6&7&8&10,
FAIL;46:edges = 75,fail_cases = 2,fault = 11&12&13&14&15&2&3&4&5&6&7&8&10,
SUCCESS;47:edges = 76,fail_cases = 2,fault = 11&12&1&13&14&8&9&10,
SUCCESS;48:edges = 77,fail_cases = 2,fault = 11&12&1&13&2&3&8&9&10,
SUCCESS;49:edges = 78,fail_cases = 2,fault = 11&12&1&13&2&14&8&9&10,
SUCCESS;50:edges = 79,fail_cases = 2,fault = 11&12&1&13&2&14&3&8&9&10,
SUCCESS;51:edges = 80,fail_cases = 2,fault = 11&12&1&13&2&3&4&8&9&10,
SUCCESS;52:edges = 81,fail_cases = 2,fault = 11&12&1&13&2&14&3&4&8&9&10,
SUCCESS;53:edges = 82,fail_cases = 2,fault = 11&12&1&13&2&3&4&5&8&9&10,
SUCCESS;54:edges = 83,fail_cases = 2,fault = 11&12&1&13&2&14&3&4&5&8&9&10,
SUCCESS;55:edges = 84,fail_cases = 2,fault = 11&12&1&13&2&3&4&5&6&8&9&10,
SUCCESS;56:edges = 85,fail_cases = 2,fault = 11&12&13&14&1&2&3&4&5&6&8&9&10,
FAIL;57:edges = 85,fail_cases = 3,fault = 11&12&13&14&15&8&9&10,
SUCCESS;58:edges = 87,fail_cases = 3,fault = 16,
SUCCESS;59:edges = 88,fail_cases = 3,fault = 16&8,
SUCCESS;60:edges = 89,fail_cases = 3,fault = 2&3&4&16&5&6&7&8,
SUCCESS;61:edges = 90,fail_cases = 3,fault = 2&3&4&16&5&6&7&8&10,
SUCCESS;62:edges = 91,fail_cases = 3,fault = 11&2&3&4&16&5&6&7&8&10,
SUCCESS;63:edges = 92,fail_cases = 3,fault = 11&12&2&3&4&16&5&6&7&8&10,
SUCCESS;64:edges = 93,fail_cases = 3,fault = 11&12&2&13&3&4&16&5&6&7&8&10,
SUCCESS;65:edges = 94,fail_cases = 3,fault = 11&12&13&14&16&2&3&4&5&6&7&8&10,
SUCCESS;66:edges = 96,fail_cases = 3,fault = 16&17,
SUCCESS;67:edges = 97,fail_cases = 3,fault = 16&17&8,
SUCCESS;68:edges = 98,fail_cases = 3,fault = 2&3&4&16&5&17&6&7&8,
SUCCESS;69:edges = 99,fail_cases = 3,fault = 2&3&4&16&5&17&6&7&8&10,
SUCCESS;70:edges = 100,fail_cases = 3,fault = 11&2&3&4&16&5&17&6&7&8&10,
SUCCESS;71:edges = 101,fail_cases = 3,fault = 11&12&2&3&4&16&5&17&6&7&8&10,
SUCCESS;72:edges = 102,fail_cases = 3,fault = 11&12&13&16&17&2&3&4&5&6&7&8&10,
SUCCESS;73:edges = 103,fail_cases = 3,fault = 11&12&13&14&16&17&2&3&4&5&6&7&8&10,
SUCCESS;74:edges = 105,fail_cases = 3,fault = 16&17&18,
SUCCESS;75:edges = 106,fail_cases = 3,fault = 16&17&18&8,
SUCCESS;76:edges = 107,fail_cases = 3,fault = 2&3&4&16&5&17&6&18&7&8,
SUCCESS;77:edges = 108,fail_cases = 3,fault = 2&3&4&16&5&17&6&18&7&8&10,
SUCCESS;78:edges = 109,fail_cases = 3,fault = 11&2&3&4&16&5&17&6&18&7&8&10,
SUCCESS;79:edges = 110,fail_cases = 3,fault = 11&12&16&17&18&2&3&4&5&6&7&8&10,
SUCCESS;80:edges = 111,fail_cases = 3,fault = 11&12&13&16&17&18&2&3&4&5&6&7&8&10,
SUCCESS;81:edges = 112,fail_cases = 3,fault = 11&12&13&14&16&17&18&2&3&4&5&6&7&8&10,
SUCCESS;82:edges = 114,fail_cases = 3,fault = 16&17&18&19,
SUCCESS;83:edges = 115,fail_cases = 3,fault = 16&17&18&19&8,
SUCCESS;84:edges = 116,fail_cases = 3,fault = 2&3&4&16&5&17&6&18&7&19&8,
SUCCESS;85:edges = 117,fail_cases = 3,fault = 11&2&3&4&16&5&17&6&18&7&19&8,
SUCCESS;86:edges = 118,fail_cases = 3,fault = 11&12&16&17&18&19&2&3&4&5&6&7&8,
SUCCESS;87:edges = 119,fail_cases = 3,fault = 11&12&13&16&17&18&19&2&3&4&5&6&7&8,
SUCCESS;88:edges = 120,fail_cases = 3,fault = 11&12&13&14&16&17&18&19&2&3&4&5&6&7&8,
SUCCESS;89:edges = 122,fail_cases = 3,fault = 11&12&13&14&15&16&17&18&19&2&3&4&5&6&7&8,
SUCCESS;90:edges = 124,fail_cases = 3,fault = 11&12&13&14&15&16&17&18&19&2&3&4&5&6&7&8&21,
FAIL;91:edges = 124,fail_cases = 4,fault = 11&22&12&13&14&15&16&17&18&19&2&3&4&5&6&7&8&21,
SUCCESS;92:edges = 125,fail_cases = 4,fault = 16&17&18&19&20&10,
FAIL;93:edges = 125,fail_cases = 5,fault = 11&22&12&13&14&15&16&17&18&19&8&9&21,
SUCCESS;94:edges = 126,fail_cases = 5,fault = 16&17&18&19&8&20&10,
SUCCESS;95:edges = 127,fail_cases = 5,fault = 16&17&18&19&2&3&4&5&6&7&8&20&10,
SUCCESS;96:edges = 128,fail_cases = 5,fault = 11&16&17&18&19&2&3&4&5&6&7&8&20&10,
SUCCESS;97:edges = 129,fail_cases = 5,fault = 11&12&16&17&18&19&2&3&4&5&6&7&8&20&10,
SUCCESS;98:edges = 130,fail_cases = 5,fault = 11&12&13&16&17&18&19&2&3&4&5&6&7&8&20&10,
SUCCESS;99:edges = 131,fail_cases = 5,fault = 11&12&13&14&16&17&18&19&2&3&4&5&6&7&8&20&10,
SUCCESS;100:edges = 132,fail_cases = 5,fault = 16&17&18&19&20&21&10,
SUCCESS;101:edges = 133,fail_cases = 5,fault = 16&17&18&19&8&20&21&10,
SUCCESS;102:edges = 134,fail_cases = 5,fault = 16&17&18&19&2&3&4&5&6&7&8&20&21&10,
SUCCESS;103:edges = 135,fail_cases = 5,fault = 11&16&17&18&19&2&3&4&5&6&7&8&20&21&10,
SUCCESS;104:edges = 136,fail_cases = 5,fault = 11&12&16&17&18&19&2&3&4&5&6&7&8&20&21&10,
SUCCESS;105:edges = 137,fail_cases = 5,fault = 11&12&13&16&17&18&19&2&3&4&5&6&7&8&20&21&10,
SUCCESS;106:edges = 138,fail_cases = 5,fault = 11&12&13&14&16&17&18&19&2&3&4&5&6&7&8&20&21&10,
FAIL;107:edges = 138,fail_cases = 6,fault = 22&16&17&18&19&20&21,
SUCCESS;108:edges = 140,fail_cases = 6,fault = 23,
SUCCESS;109:edges = 141,fail_cases = 6,fault = 23&16,
SUCCESS;110:edges = 142,fail_cases = 6,fault = 23&16&17,
SUCCESS;111:edges = 143,fail_cases = 6,fault = 23&16&17&18,
SUCCESS;112:edges = 144,fail_cases = 6,fault = 23&16&17&18&19,
SUCCESS;113:edges = 145,fail_cases = 6,fault = 11&23&12&13&14&15&16&17&18&19&2&3&4&5&6&7&8,
SUCCESS;114:edges = 146,fail_cases = 6,fault = 11&23&12&13&14&15&16&17&18&19&2&3&4&5&6&7&8&21,
SUCCESS;115:edges = 148,fail_cases = 6,fault = 23&24,
SUCCESS;116:edges = 149,fail_cases = 6,fault = 23&24&16,
SUCCESS;117:edges = 150,fail_cases = 6,fault = 23&24&16&17,
SUCCESS;118:edges = 151,fail_cases = 6,fault = 23&24&16&17&18,
SUCCESS;119:edges = 152,fail_cases = 6,fault = 23&24&16&17&18&19,
SUCCESS;120:edges = 153,fail_cases = 6,fault = 11&23&12&24&13&14&15&16&17&18&19&2&3&4&5&6&7&8,
SUCCESS;121:edges = 154,fail_cases = 6,fault = 11&23&12&24&13&14&15&16&17&18&19&2&3&4&5&6&7&8&21,
SUCCESS;122:edges = 156,fail_cases = 6,fault = 23&24&25,
SUCCESS;123:edges = 157,fail_cases = 6,fault = 23&24&25&16,
SUCCESS;124:edges = 158,fail_cases = 6,fault = 23&24&25&16&17,
SUCCESS;125:edges = 159,fail_cases = 6,fault = 23&24&25&16&17&18,
SUCCESS;126:edges = 160,fail_cases = 6,fault = 23&24&25&16&17&18&19,
SUCCESS;127:edges = 161,fail_cases = 6,fault = 11&23&12&24&13&25&14&15&16&17&18&19&2&3&4&5&6&7&8,
SUCCESS;128:edges = 162,fail_cases = 6,fault = 11&23&12&24&13&25&14&15&16&17&18&19&2&3&4&5&6&7&8&21,
SUCCESS;129:edges = 164,fail_cases = 6,fault = 23&24&25&26,
SUCCESS;130:edges = 165,fail_cases = 6,fault = 23&24&25&26&16,
SUCCESS;131:edges = 166,fail_cases = 6,fault = 23&24&25&26&16&17,
SUCCESS;132:edges = 167,fail_cases = 6,fault = 23&24&25&26&16&17&18,
SUCCESS;133:edges = 168,fail_cases = 6,fault = 23&24&25&26&16&17&18&19,
SUCCESS;134:edges = 169,fail_cases = 6,fault = 11&23&12&24&13&25&14&26&15&16&17&18&19&2&3&4&5&6&7&8,
SUCCESS;135:edges = 170,fail_cases = 6,fault = 11&23&12&24&13&25&14&26&15&16&17&18&19&2&3&4&5&6&7&8&21,
SUCCESS;136:edges = 172,fail_cases = 6,fault = 23&24&25&26&27,
SUCCESS;137:edges = 173,fail_cases = 6,fault = 23&24&25&26&27&16,
SUCCESS;138:edges = 174,fail_cases = 6,fault = 23&24&25&26&27&16&17,
SUCCESS;139:edges = 175,fail_cases = 6,fault = 23&24&25&26&27&16&17&18,
SUCCESS;140:edges = 176,fail_cases = 6,fault = 11&23&12&24&13&25&14&26&15&27&16&17&18&2&3&4&5&6&7&8,
SUCCESS;141:edges = 177,fail_cases = 6,fault = 11&23&12&24&13&25&14&26&15&27&16&17&18&2&3&4&5&6&7&8&21,
SUCCESS;142:edges = 179,fail_cases = 6,fault = 11&22&23&12&24&13&25&14&26&15&27&16&17&18&2&3&4&5&6&7&8&21,
SUCCESS;143:edges = 181,fail_cases = 6,fault = 11&22&23&12&24&13&25&14&26&15&27&16&17&18&29&2&3&4&5&6&7&8&21,
FAIL;144:edges = 181,fail_cases = 7,fault = 11&22&23&12&24&13&25&14&26&15&27&16&17&18&29&2&3&4&5&6&7&8&30&21,
FAIL;145:edges = 181,fail_cases = 8,fault = 11&22&23&12&24&13&25&14&26&15&27&16&17&18&29&8&9&30&21,
FAIL;146:edges = 181,fail_cases = 9,fault = 22&23&24&25&26&27&16&17&18&29&30&20&21,
SUCCESS;147:edges = 182,fail_cases = 9,fault = 23&24&25&26&27&28&19,
SUCCESS;148:edges = 183,fail_cases = 9,fault = 23&24&25&26&27&16&28&19,
SUCCESS;149:edges = 184,fail_cases = 9,fault = 23&24&25&26&27&28&29&19,
SUCCESS;150:edges = 185,fail_cases = 9,fault = 23&24&25&26&27&16&28&29&19,
SUCCESS;151:edges = 186,fail_cases = 9,fault = 23&24&25&26&27&16&28&17&19,
SUCCESS;152:edges = 187,fail_cases = 9,fault = 11&23&12&24&13&25&14&26&15&27&16&28&17&19&2&3&4&5&6&7&8,
SUCCESS;153:edges = 188,fail_cases = 9,fault = 11&23&12&24&13&25&14&26&15&27&16&28&17&19&2&3&4&5&6&7&8&21,
SUCCESS;154:edges = 189,fail_cases = 9,fault = 11&22&23&12&24&13&25&14&26&15&27&16&28&17&19&2&3&4&5&6&7&8&21,
FAIL;155:edges = 189,fail_cases = 10,fault = 11&22&23&12&24&13&25&14&26&15&27&16&28&17&19&2&3&4&5&6&7&8&30&21,
FAIL;156:edges = 189,fail_cases = 11,fault = 11&22&23&12&24&13&25&14&26&15&27&16&28&17&19&8&9&30&21,
SUCCESS;157:edges = 190,fail_cases = 11,fault = 23&24&25&26&27&16&28&17&29&18&19,
SUCCESS;158:edges = 191,fail_cases = 11,fault = 11&23&12&24&13&25&14&26&15&27&16&28&17&29&18&19&2&3&4&5&6&7&8,
SUCCESS;159:edges = 192,fail_cases = 11,fault = 11&23&12&24&13&25&14&26&15&27&16&28&17&29&18&19&2&3&4&5&6&7&8&21,
FAIL;160:edges = 192,fail_cases = 12,fault = 22&23&24&25&26&27&16&28&17&19&30&20&21,
FAIL;161:edges = 192,fail_cases = 13,fault = 23&24&25&26&27&28&29&30,
SUCCESS;162:edges = 194,fail_cases = 13,fault = 32,
SUCCESS;163:edges = 195,fail_cases = 13,fault = 23&32,
SUCCESS;164:edges = 196,fail_cases = 13,fault = 23&24&32,
SUCCESS;165:edges = 197,fail_cases = 13,fault = 23&24&25&32,
SUCCESS;166:edges = 198,fail_cases = 13,fault = 23&24&25&26&32,
SUCCESS;167:edges = 199,fail_cases = 13,fault = 23&24&25&26&27&32,
SUCCESS;168:edges = 200,fail_cases = 13,fault = 11&22&23&12&24&13&25&14&26&15&27&16&17&18&2&3&4&5&6&7&8&32&21,
SUCCESS;169:edges = 201,fail_cases = 13,fault = 11&22&23&12&24&13&25&14&26&15&27&16&28&17&19&2&3&4&5&6&7&8&32&21,
SUCCESS;170:edges = 203,fail_cases = 13,fault = 33&32,
SUCCESS;171:edges = 204,fail_cases = 13,fault = 33&23&32,
SUCCESS;172:edges = 205,fail_cases = 13,fault = 33&23&25&32,
SUCCESS;173:edges = 206,fail_cases = 13,fault = 33&23&25&26&32,
SUCCESS;174:edges = 207,fail_cases = 13,fault = 33&23&25&26&27&32,
SUCCESS;175:edges = 208,fail_cases = 13,fault = 33&11&22&23&12&13&25&14&26&15&27&16&17&18&2&3&4&5&6&7&8&32&21,
SUCCESS;176:edges = 209,fail_cases = 13,fault = 33&11&22&23&12&13&25&14&26&15&27&16&28&17&19&2&3&4&5&6&7&8&32&21,
SUCCESS;177:edges = 211,fail_cases = 13,fault = 22&23&25&26&27&28&30&32&33&11&12&13&14&15&16&17&19&2&3&4&5&6&7&8&21,
SUCCESS;178:edges = 213,fail_cases = 13,fault = 22&23&25&26&27&28&30&32&33&11&12&13&35&14&15&16&17&19&2&3&4&5&6&7&8&21,
SUCCESS;179:edges = 215,fail_cases = 13,fault = 22&23&25&26&27&29&30&32&33&11&12&13&35&14&36&15&16&17&18&2&3&4&5&6&7&8&21,
SUCCESS;180:edges = 217,fail_cases = 13,fault = 22&23&25&26&27&28&30&32&33&11&12&13&35&14&36&15&37&16&17&19&2&3&4&5&6&7&8&21,
FAIL;181:edges = 217,fail_cases = 14,fault = 22&23&25&26&27&28&30&31&32&33&11&12&13&35&14&36&15&37&16&17&19&2&3&4&5&6&7&8&21,
FAIL;182:edges = 217,fail_cases = 15,fault = 22&23&25&26&27&29&30&31&32&33&11&12&13&35&14&36&15&37&16&17&18&2&3&4&5&6&7&8&21,
FAIL;183:edges = 217,fail_cases = 16,fault = 33&11&22&23&12&13&35&25&14&36&26&15&37&27&16&28&17&19&8&9&30&31&32&21,
FAIL;184:edges = 217,fail_cases = 17,fault = 33&11&22&23&12&13&35&25&14&36&26&15&37&27&16&17&18&29&8&9&30&31&32&21,
FAIL;185:edges = 217,fail_cases = 18,fault = 33&22&23&35&25&36&26&37&27&16&28&17&19&30&20&31&32&21,
FAIL;186:edges = 217,fail_cases = 19,fault = 33&22&23&35&25&36&26&37&27&16&17&18&29&30&20&31&32&21,
SUCCESS;187:edges = 218,fail_cases = 19,fault = 33&34&24&32,
SUCCESS;188:edges = 219,fail_cases = 19,fault = 33&34&35&24&32,
SUCCESS;189:edges = 220,fail_cases = 19,fault = 33&34&35&24&36&32,
FAIL;190:edges = 220,fail_cases = 20,fault = 33&23&35&25&36&26&37&27&28&29&30&31&32,
SUCCESS;191:edges = 221,fail_cases = 20,fault = 33&34&23&24&32,
SUCCESS;192:edges = 222,fail_cases = 20,fault = 33&34&35&24&36&37&32,
SUCCESS;193:edges = 223,fail_cases = 20,fault = 33&34&23&24&25&32,
SUCCESS;194:edges = 224,fail_cases = 20,fault = 33&34&23&24&25&26&32,
SUCCESS;195:edges = 225,fail_cases = 20,fault = 33&34&23&24&25&26&27&32,
SUCCESS;196:edges = 226,fail_cases = 20,fault = 22&23&24&25&26&27&32&33&11&34&12&13&14&15&16&17&18&2&3&4&5&6&7&8&21,
SUCCESS;197:edges = 227,fail_cases = 20,fault = 22&23&24&25&26&27&29&32&33&11&34&12&13&14&15&16&17&18&2&3&4&5&6&7&8&21,
SUCCESS;198:edges = 228,fail_cases = 20,fault = 33&34&23&35&24&32,
SUCCESS;199:edges = 229,fail_cases = 20,fault = 33&34&23&35&24&25&32,
SUCCESS;200:edges = 230,fail_cases = 20,fault = 33&34&23&35&24&36&32,
SUCCESS;201:edges = 231,fail_cases = 20,fault = 33&34&23&35&24&36&25&32,
SUCCESS;202:edges = 232,fail_cases = 20,fault = 33&34&23&35&24&36&37&32,
SUCCESS;203:edges = 233,fail_cases = 20,fault = 33&34&23&35&24&25&26&32,
SUCCESS;204:edges = 234,fail_cases = 20,fault = 33&34&23&35&24&36&25&26&32,
SUCCESS;205:edges = 235,fail_cases = 20,fault = 33&34&23&35&24&25&26&27&32,
SUCCESS;206:edges = 236,fail_cases = 20,fault = 22&23&24&25&26&27&32&33&11&34&12&35&13&14&15&16&17&18&2&3&4&5&6&7&8&21,
SUCCESS;207:edges = 237,fail_cases = 20,fault = 22&23&24&25&26&27&28&32&33&11&34&12&35&13&14&15&16&17&19&2&3&4&5&6&7&8&21,
SUCCESS;208:edges = 238,fail_cases = 20,fault = 33&34&23&35&24&36&25&26&27&32,
SUCCESS;209:edges = 239,fail_cases = 20,fault = 22&23&24&25&26&27&32&33&11&34&12&35&13&36&14&15&16&17&19&2&3&4&5&6&7&8&21,
SUCCESS;210:edges = 240,fail_cases = 20,fault = 22&23&24&25&26&27&30&32&33&11&34&12&35&13&36&14&15&16&17&19&2&3&4&5&6&7&8&21,
FAIL;211:edges = 240,fail_cases = 21,fault = 22&23&24&25&26&27&30&31&32&33&11&34&12&35&13&36&14&15&16&17&19&2&3&4&5&6&7&8&21,
SUCCESS;212:edges = 241,fail_cases = 21,fault = 22&23&24&25&32&33&11&34&12&35&13&36&14&37&15&16&17&18&2&3&4&5&6&7&8&21,
SUCCESS;213:edges = 242,fail_cases = 21,fault = 22&23&24&25&26&32&33&11&34&12&35&13&36&14&37&15&16&17&18&2&3&4&5&6&7&8&21,
SUCCESS;214:edges = 243,fail_cases = 21,fault = 22&23&24&25&26&27&32&33&11&34&12&35&13&36&14&37&15&16&17&18&2&3&4&5&6&7&8&21,
SUCCESS;215:edges = 244,fail_cases = 21,fault = 22&23&24&25&26&27&29&32&33&11&34&12&35&13&36&14&37&15&16&17&18&2&3&4&5&6&7&8&21,
FAIL;216:edges = 244,fail_cases = 22,fault = 33&11&22&34&23&12&35&24&13&36&25&14&26&15&27&16&17&19&8&9&30&31&32&21,
FAIL;217:edges = 244,fail_cases = 23,fault = 33&22&34&23&35&24&36&25&26&27&16&17&19&30&20&31&32&21,
FAIL;218:edges = 244,fail_cases = 24,fault = 33&34&23&35&24&36&25&26&27&29&30&31&32,
FAIL;219:edges = 244,fail_cases = 25,fault = 33&34&35&36&37&31&32,
SUCCESS;220:edges = 246,fail_cases = 25,fault = 38,
SUCCESS;221:edges = 247,fail_cases = 25,fault = 38&32,
SUCCESS;222:edges = 248,fail_cases = 25,fault = 33&38&32,
SUCCESS;223:edges = 249,fail_cases = 25,fault = 22&23&25&26&27&28&30&32&33&11&12&13&14&15&38&16&17&19&2&3&4&5&6&7&8&21,
SUCCESS;224:edges = 250,fail_cases = 25,fault = 22&23&25&26&27&29&30&32&33&11&12&13&35&14&15&38&16&17&18&2&3&4&5&6&7&8&21,
SUCCESS;225:edges = 251,fail_cases = 25,fault = 22&23&25&26&27&28&30&32&33&11&12&13&35&14&36&15&38&16&17&19&2&3&4&5&6&7&8&21,
SUCCESS;226:edges = 252,fail_cases = 25,fault = 22&23&24&25&26&27&30&32&33&11&34&12&35&13&36&14&15&38&16&17&19&2&3&4&5&6&7&8&21,
SUCCESS;227:edges = 254,fail_cases = 25,fault = 38&39,
SUCCESS;228:edges = 255,fail_cases = 25,fault = 38&39&32,
SUCCESS;229:edges = 256,fail_cases = 25,fault = 33&38&39&32,
SUCCESS;230:edges = 257,fail_cases = 25,fault = 22&23&25&26&27&28&30&32&33&11&12&13&14&15&38&16&39&17&19&2&3&4&5&6&7&8&21,
SUCCESS;231:edges = 258,fail_cases = 25,fault = 22&23&25&26&27&28&30&32&33&11&12&13&35&14&15&38&16&39&17&19&2&3&4&5&6&7&8&21,
SUCCESS;232:edges = 259,fail_cases = 25,fault = 22&23&25&26&27&29&30&32&33&11&12&13&35&14&36&15&38&16&39&17&18&2&3&4&5&6&7&8&21,
SUCCESS;233:edges = 260,fail_cases = 25,fault = 22&23&25&26&27&29&30&32&33&11&12&13&35&14&36&15&37&38&16&39&17&18&2&3&4&5&6&7&8&21,
SUCCESS;234:edges = 262,fail_cases = 25,fault = 38&39&40,
SUCCESS;235:edges = 263,fail_cases = 25,fault = 38&39&40&32,
SUCCESS;236:edges = 264,fail_cases = 25,fault = 33&38&39&40&32,
SUCCESS;237:edges = 265,fail_cases = 25,fault = 22&23&25&26&27&28&30&32&33&11&12&13&14&15&38&16&39&17&19&2&3&4&5&6&7&8&40&21,
SUCCESS;238:edges = 266,fail_cases = 25,fault = 22&23&25&26&27&28&30&32&33&11&12&13&35&14&15&38&16&39&17&19&2&3&4&5&6&7&8&40&21,
SUCCESS;239:edges = 267,fail_cases = 25,fault = 22&23&25&26&27&28&30&32&33&11&12&13&35&14&36&15&38&16&39&17&19&2&3&4&5&6&7&8&40&21,
SUCCESS;240:edges = 268,fail_cases = 25,fault = 22&23&25&26&27&29&30&32&33&11&12&13&35&14&36&15&37&38&16&39&17&18&2&3&4&5&6&7&8&40&21,
FAIL;241:edges = 268,fail_cases = 26,fault = 38&39&40&41,
SUCCESS;242:edges = 270,fail_cases = 26,fault = 48,
SUCCESS;243:edges = 271,fail_cases = 26,fault = 48&38,
SUCCESS;244:edges = 272,fail_cases = 26,fault = 48&38&39,
SUCCESS;245:edges = 273,fail_cases = 26,fault = 48&38&39&40,
SUCCESS;246:edges = 275,fail_cases = 26,fault = 48&42,
SUCCESS;247:edges = 276,fail_cases = 26,fault = 48&38&42,
SUCCESS;248:edges = 277,fail_cases = 26,fault = 48&38&39&42,
SUCCESS;249:edges = 278,fail_cases = 26,fault = 48&38&39&40&42,
SUCCESS;250:edges = 280,fail_cases = 26,fault = 48&42&43,
SUCCESS;251:edges = 281,fail_cases = 26,fault = 48&38&42&43,
SUCCESS;252:edges = 282,fail_cases = 26,fault = 48&38&39&42&43,
SUCCESS;253:edges = 283,fail_cases = 26,fault = 48&38&39&40&42&43,
SUCCESS;254:edges = 285,fail_cases = 26,fault = 44&48&42&43,
SUCCESS;255:edges = 286,fail_cases = 26,fault = 44&48&38&42&43,
SUCCESS;256:edges = 287,fail_cases = 26,fault = 44&48&38&39&42&43,
SUCCESS;257:edges = 288,fail_cases = 26,fault = 44&48&38&39&40&42&43,
SUCCESS;258:edges = 290,fail_cases = 26,fault = 44&45&48&42&43,
SUCCESS;259:edges = 291,fail_cases = 26,fault = 44&45&48&38&42&43,
SUCCESS;260:edges = 292,fail_cases = 26,fault = 44&45&48&38&39&42&43,
SUCCESS;261:edges = 293,fail_cases = 26,fault = 44&45&48&38&39&40&42&43,
SUCCESS;262:edges = 295,fail_cases = 26,fault = 44&45&46&48&42&43,
SUCCESS;263:edges = 296,fail_cases = 26,fault = 44&45&46&48&38&42&43,
SUCCESS;264:edges = 297,fail_cases = 26,fault = 44&45&46&48&38&39&42&43,
SUCCESS;265:edges = 298,fail_cases = 26,fault = 44&45&46&48&38&39&40&42&43,
FAIL;266:edges = 298,fail_cases = 27,fault = 44&45&46&47&48&42&43,
SUCCESS;267:edges = 300,fail_cases = 27,fault = 49,
SUCCESS;268:edges = 301,fail_cases = 27,fault = 48&49,
SUCCESS;269:edges = 302,fail_cases = 27,fault = 48&49&42,
SUCCESS;270:edges = 303,fail_cases = 27,fault = 48&49&42&43,
SUCCESS;271:edges = 304,fail_cases = 27,fault = 44&48&49&42&43,
SUCCESS;272:edges = 305,fail_cases = 27,fault = 44&45&48&49&42&43,
SUCCESS;273:edges = 306,fail_cases = 27,fault = 44&45&46&48&49&42&43,
SUCCESS;274:edges = 308,fail_cases = 27,fault = 49&50,
SUCCESS;275:edges = 309,fail_cases = 27,fault = 49&50&42,
SUCCESS;276:edges = 310,fail_cases = 27,fault = 49&50&42&43,
SUCCESS;277:edges = 311,fail_cases = 27,fault = 44&49&50&42&43,
SUCCESS;278:edges = 312,fail_cases = 27,fault = 44&45&49&50&42&43,
SUCCESS;279:edges = 313,fail_cases = 27,fault = 44&45&46&49&50&42&43,
SUCCESS;280:edges = 315,fail_cases = 27,fault = 44&45&46&47&49&50&42&43,
SUCCESS;281:edges = 316,fail_cases = 27,fault = 48&49&50&51,
SUCCESS;282:edges = 317,fail_cases = 27,fault = 48&49&50&51&42,
SUCCESS;283:edges = 319,fail_cases = 27,fault = 44&45&46&47&49&50&52&42&43,
SUCCESS;284:edges = 320,fail_cases = 27,fault = 48&49&50&51&42&43,
SUCCESS;285:edges = 321,fail_cases = 27,fault = 48&49&50&51&52,
SUCCESS;286:edges = 323,fail_cases = 27,fault = 44&45&46&47&49&50&52&42&53&43,
SUCCESS;287:edges = 324,fail_cases = 27,fault = 48&49&50&51&52&53,
SUCCESS;288:edges = 325,fail_cases = 27,fault = 44&48&49&50&51&42&43,
SUCCESS;289:edges = 326,fail_cases = 27,fault = 48&49&50&51&52&42,
SUCCESS;290:edges = 327,fail_cases = 27,fault = 48&49&50&51&52&42&43,
SUCCESS;291:edges = 328,fail_cases = 27,fault = 48&49&50&51&52&53&42,
SUCCESS;292:edges = 329,fail_cases = 27,fault = 44&45&48&49&50&51&42&43,
SUCCESS;293:edges = 331,fail_cases = 27,fault = 44&45&46&47&49&50&52&42&53&43&54,
SUCCESS;294:edges = 332,fail_cases = 27,fault = 44&48&49&50&51&52&42&43,
SUCCESS;295:edges = 333,fail_cases = 27,fault = 48&49&50&51&52&53&42&43,
SUCCESS;296:edges = 334,fail_cases = 27,fault = 44&45&48&49&50&51&52&42&43,
SUCCESS;297:edges = 335,fail_cases = 27,fault = 48&49&50&51&52&53&54,
SUCCESS;298:edges = 336,fail_cases = 27,fault = 44&45&46&48&49&50&51&42&43,
SUCCESS;299:edges = 337,fail_cases = 27,fault = 44&45&46&48&49&50&51&52&42&43,
FAIL;300:edges = 337,fail_cases = 28,fault = 44&55&45&46&47&49&50&52&42&53&43&54,
SUCCESS;301:edges = 338,fail_cases = 28,fault = 48&49&50&51&52&53&42&54,
SUCCESS;302:edges = 339,fail_cases = 28,fault = 44&48&49&50&51&52&53&42&43,
SUCCESS;303:edges = 340,fail_cases = 28,fault = 44&45&48&49&50&51&52&53&42&43,
SUCCESS;304:edges = 341,fail_cases = 28,fault = 48&49&50&51&52&53&42&54&43,
SUCCESS;305:edges = 342,fail_cases = 28,fault = 44&45&46&48&49&50&51&52&53&42&43,
SUCCESS;306:edges = 343,fail_cases = 28,fault = 44&48&49&50&51&52&53&42&54&43,
SUCCESS;307:edges = 344,fail_cases = 28,fault = 44&45&48&49&50&51&52&53&42&54&43,
SUCCESS;308:edges = 345,fail_cases = 28,fault = 44&45&46&48&49&50&51&52&53&42&54&43,
FAIL;309:edges = 345,fail_cases = 29,fault = 55&49&50&51&52&53&54,
SUCCESS;310:edges = 347,fail_cases = 29,fault = 56,
SUCCESS;311:edges = 348,fail_cases = 29,fault = 56&49,
SUCCESS;312:edges = 349,fail_cases = 29,fault = 56&49&50,
SUCCESS;313:edges = 350,fail_cases = 29,fault = 44&56&45&46&47&49&50&42&43,
SUCCESS;314:edges = 351,fail_cases = 29,fault = 44&56&45&46&47&49&50&52&42&43,
SUCCESS;315:edges = 352,fail_cases = 29,fault = 44&56&45&46&47&49&50&52&42&53&43,
SUCCESS;316:edges = 353,fail_cases = 29,fault = 44&56&45&46&47&49&50&52&42&53&43&54,
SUCCESS;317:edges = 355,fail_cases = 29,fault = 56&57,
SUCCESS;318:edges = 356,fail_cases = 29,fault = 56&57&49,
SUCCESS;319:edges = 357,fail_cases = 29,fault = 56&57&49&50,
SUCCESS;320:edges = 358,fail_cases = 29,fault = 44&56&45&57&46&47&49&50&42&43,
SUCCESS;321:edges = 359,fail_cases = 29,fault = 44&56&45&57&46&47&49&50&52&42&43,
SUCCESS;322:edges = 360,fail_cases = 29,fault = 44&56&45&57&46&47&49&50&52&42&53&43,
SUCCESS;323:edges = 361,fail_cases = 29,fault = 44&56&45&57&46&47&49&50&52&42&53&43&54,
FAIL;324:edges = 361,fail_cases = 30,fault = 56&57&58,
SUCCESS;325:edges = 363,fail_cases = 30,fault = 59,
SUCCESS;326:edges = 364,fail_cases = 30,fault = 56&59,
SUCCESS;327:edges = 365,fail_cases = 30,fault = 56&57&59,
SUCCESS;328:edges = 367,fail_cases = 30,fault = 59&60,
SUCCESS;329:edges = 368,fail_cases = 30,fault = 56&59&60,
SUCCESS;330:edges = 369,fail_cases = 30,fault = 56&57&59&60,
FAIL;331:edges = 369,fail_cases = 31,fault = 59&60&61,
SUCCESS;332:edges = 371,fail_cases = 31,fault = 62,
SUCCESS;333:edges = 372,fail_cases = 31,fault = 59&62,
SUCCESS;334:edges = 373,fail_cases = 31,fault = 59&60&62,
FAIL;335:edges = 373,fail_cases = 32,fault = 62&63,
SUCCESS;336:edges = 375,fail_cases = 32,fault = 64,
SUCCESS;337:edges = 376,fail_cases = 32,fault = 62&64,
SUCCESS;338:edges = 378,fail_cases = 32,fault = 64&65,
SUCCESS;339:edges = 379,fail_cases = 32,fault = 62&64&65,
SUCCESS;340:edges = 381,fail_cases = 32,fault = 66&64&65,
SUCCESS;341:edges = 382,fail_cases = 32,fault = 66&62&64&65,
SUCCESS;342:edges = 384,fail_cases = 32,fault = 66&67&64&65,
SUCCESS;343:edges = 385,fail_cases = 32,fault = 66&67&62&64&65,
SUCCESS;344:edges = 387,fail_cases = 32,fault = 66&67&68&64&65,
FAIL;345:edges = 387,fail_cases = 33,fault = 66&67&68&63&64&65,
FAIL;346:edges = 387,fail_cases = 34,fault = 66&67&68&69&64&65,
SUCCESS;347:edges = 389,fail_cases = 34,fault = 70,
SUCCESS;348:edges = 390,fail_cases = 34,fault = 70&64,
SUCCESS;349:edges = 391,fail_cases = 34,fault = 70&64&65,
SUCCESS;350:edges = 392,fail_cases = 34,fault = 66&70&64&65,
SUCCESS;351:edges = 393,fail_cases = 34,fault = 66&67&70&64&65,
SUCCESS;352:edges = 394,fail_cases = 34,fault = 66&67&68&70&64&65,
SUCCESS;353:edges = 396,fail_cases = 34,fault = 70&71,
SUCCESS;354:edges = 397,fail_cases = 34,fault = 70&71&64,
SUCCESS;355:edges = 398,fail_cases = 34,fault = 70&71&64&65,
SUCCESS;356:edges = 399,fail_cases = 34,fault = 66&70&71&64&65,
SUCCESS;357:edges = 400,fail_cases = 34,fault = 66&67&70&71&64&65,
SUCCESS;358:edges = 401,fail_cases = 34,fault = 66&67&68&70&71&64&65,
SUCCESS;359:edges = 403,fail_cases = 34,fault = 70&71&72,
SUCCESS;360:edges = 404,fail_cases = 34,fault = 70&71&72&64,
SUCCESS;361:edges = 405,fail_cases = 34,fault = 70&71&72&64&65,
SUCCESS;362:edges = 406,fail_cases = 34,fault = 66&70&71&72&64&65,
SUCCESS;363:edges = 407,fail_cases = 34,fault = 66&67&70&71&72&64&65,
SUCCESS;364:edges = 408,fail_cases = 34,fault = 66&67&68&70&71&72&64&65,
SUCCESS;365:edges = 410,fail_cases = 34,fault = 70&71&72&73,
SUCCESS;366:edges = 411,fail_cases = 34,fault = 70&71&72&73&64,
SUCCESS;367:edges = 412,fail_cases = 34,fault = 70&71&72&73&64&65,
SUCCESS;368:edges = 413,fail_cases = 34,fault = 66&70&71&72&73&64&65,
SUCCESS;369:edges = 414,fail_cases = 34,fault = 66&67&70&71&72&73&64&65,
SUCCESS;370:edges = 415,fail_cases = 34,fault = 66&67&68&70&71&72&73&64&65,
SUCCESS;371:edges = 417,fail_cases = 34,fault = 70&71&72&73&74,
SUCCESS;372:edges = 418,fail_cases = 34,fault = 70&71&72&73&74&64,
SUCCESS;373:edges = 419,fail_cases = 34,fault = 70&71&72&73&74&64&65,
SUCCESS;374:edges = 420,fail_cases = 34,fault = 66&70&71&72&73&74&64&65,
SUCCESS;375:edges = 421,fail_cases = 34,fault = 66&67&70&71&72&73&74&64&65,
SUCCESS;376:edges = 423,fail_cases = 34,fault = 66&67&68&70&71&72&73&74&64&65,
SUCCESS;377:edges = 424,fail_cases = 34,fault = 70&71&72&73&74&63&75,
SUCCESS;378:edges = 425,fail_cases = 34,fault = 70&71&72&73&74&63&75&64,
SUCCESS;379:edges = 426,fail_cases = 34,fault = 70&71&72&73&74&63&75&64&65,
SUCCESS;380:edges = 427,fail_cases = 34,fault = 66&70&71&72&73&74&63&75&64&65,
SUCCESS;381:edges = 428,fail_cases = 34,fault = 66&67&70&71&72&73&74&63&75&64&65,
FAIL;382:edges = 428,fail_cases = 35,fault = 66&67&68&70&71&72&73&74&64&65&76,
FAIL;383:edges = 428,fail_cases = 36,fault = 70&71&72&73&74&75&76,
SUCCESS;384:edges = 430,fail_cases = 36,fault = 80,
SUCCESS;385:edges = 431,fail_cases = 36,fault = 80&70,
SUCCESS;386:edges = 432,fail_cases = 36,fault = 80&70&71,
SUCCESS;387:edges = 433,fail_cases = 36,fault = 80&70&71&72,
SUCCESS;388:edges = 434,fail_cases = 36,fault = 80&70&71&72&73,
SUCCESS;389:edges = 435,fail_cases = 36,fault = 80&70&71&72&73&74,
SUCCESS;390:edges = 436,fail_cases = 36,fault = 66&67&68&80&70&71&72&73&74&64&65,
SUCCESS;391:edges = 438,fail_cases = 36,fault = 77&80,
SUCCESS;392:edges = 439,fail_cases = 36,fault = 77&80&70,
SUCCESS;393:edges = 440,fail_cases = 36,fault = 77&80&70&71,
SUCCESS;394:edges = 441,fail_cases = 36,fault = 77&80&70&71&72,
SUCCESS;395:edges = 442,fail_cases = 36,fault = 77&80&70&71&72&73,
SUCCESS;396:edges = 443,fail_cases = 36,fault = 77&80&70&71&72&73&74,
SUCCESS;397:edges = 444,fail_cases = 36,fault = 77&66&67&68&80&70&71&72&73&74&64&65,
SUCCESS;398:edges = 446,fail_cases = 36,fault = 77&78&80,
SUCCESS;399:edges = 447,fail_cases = 36,fault = 77&78&80&70,
SUCCESS;400:edges = 448,fail_cases = 36,fault = 77&78&80&70&71,
SUCCESS;401:edges = 449,fail_cases = 36,fault = 77&78&80&70&71&72,
SUCCESS;402:edges = 450,fail_cases = 36,fault = 77&78&80&70&71&72&73,
SUCCESS;403:edges = 451,fail_cases = 36,fault = 77&78&80&70&71&72&73&74,
SUCCESS;404:edges = 452,fail_cases = 36,fault = 77&66&78&67&68&80&70&71&72&73&74&64&65,
FAIL;405:edges = 452,fail_cases = 37,fault = 77&78&79&80,
SUCCESS;406:edges = 454,fail_cases = 37,fault = 81,
SUCCESS;407:edges = 455,fail_cases = 37,fault = 80&81,
SUCCESS;408:edges = 456,fail_cases = 37,fault = 77&80&81,
SUCCESS;409:edges = 457,fail_cases = 37,fault = 77&78&80&81,
FAIL;410:edges = 457,fail_cases = 38,fault = 81&82,
SUCCESS;411:edges = 459,fail_cases = 38,fault = 83,
SUCCESS;412:edges = 460,fail_cases = 38,fault = 81&83,
SUCCESS;413:edges = 462,fail_cases = 38,fault = 83&84,
SUCCESS;414:edges = 463,fail_cases = 38,fault = 81&83&84,
SUCCESS;415:edges = 465,fail_cases = 38,fault = 83&84&85,
SUCCESS;416:edges = 466,fail_cases = 38,fault = 81&83&84&85,
FAIL;417:edges = 466,fail_cases = 39,fault = 83&84&85&86,
SUCCESS;418:edges = 468,fail_cases = 39,fault = 87,
SUCCESS;419:edges = 469,fail_cases = 39,fault = 83&87,
SUCCESS;420:edges = 470,fail_cases = 39,fault = 83&84&87,
SUCCESS;421:edges = 471,fail_cases = 39,fault = 83&84&85&87,
SUCCESS;422:edges = 473,fail_cases = 39,fault = 88&87,
SUCCESS;423:edges = 474,fail_cases = 39,fault = 88&83&87,
SUCCESS;424:edges = 475,fail_cases = 39,fault = 88&83&84&87,
SUCCESS;425:edges = 476,fail_cases = 39,fault = 88&83&84&85&87,
SUCCESS;426:edges = 478,fail_cases = 39,fault = 88&89&87,
SUCCESS;427:edges = 479,fail_cases = 39,fault = 88&89&83&87,
SUCCESS;428:edges = 480,fail_cases = 39,fault = 88&89&83&84&87,
SUCCESS;429:edges = 481,fail_cases = 39,fault = 88&89&83&84&85&87,
SUCCESS;430:edges = 483,fail_cases = 39,fault = 88&89&90&87,
SUCCESS;431:edges = 484,fail_cases = 39,fault = 88&89&90&83&87,
SUCCESS;432:edges = 485,fail_cases = 39,fault = 88&89&90&83&84&87,
SUCCESS;433:edges = 486,fail_cases = 39,fault = 88&89&90&83&84&85&87,
FAIL;434:edges = 486,fail_cases = 40,fault = 88&89&90&91&87,
SUCCESS;435:edges = 488,fail_cases = 40,fault = 96,
SUCCESS;436:edges = 489,fail_cases = 40,fault = 96&87,
SUCCESS;437:edges = 490,fail_cases = 40,fault = 88&96&87,
SUCCESS;438:edges = 491,fail_cases = 40,fault = 88&89&96&87,
SUCCESS;439:edges = 492,fail_cases = 40,fault = 88&89&90&96&87,
SUCCESS;440:edges = 494,fail_cases = 40,fault = 92&96,
SUCCESS;441:edges = 495,fail_cases = 40,fault = 92&96&87,
SUCCESS;442:edges = 496,fail_cases = 40,fault = 88&92&96&87,
SUCCESS;443:edges = 497,fail_cases = 40,fault = 88&89&92&96&87,
SUCCESS;444:edges = 498,fail_cases = 40,fault = 88&89&90&92&96&87,
SUCCESS;445:edges = 500,fail_cases = 40,fault = 92&93&96,
SUCCESS;446:edges = 501,fail_cases = 40,fault = 92&93&96&87,
SUCCESS;447:edges = 502,fail_cases = 40,fault = 88&92&93&96&87,
SUCCESS;448:edges = 503,fail_cases = 40,fault = 88&89&92&93&96&87,
SUCCESS;449:edges = 504,fail_cases = 40,fault = 88&89&90&92&93&96&87,
SUCCESS;450:edges = 506,fail_cases = 40,fault = 92&93&94&96,
SUCCESS;451:edges = 507,fail_cases = 40,fault = 92&93&94&96&87,
SUCCESS;452:edges = 508,fail_cases = 40,fault = 88&92&93&94&96&87,
SUCCESS;453:edges = 509,fail_cases = 40,fault = 88&89&92&93&94&96&87,
SUCCESS;454:edges = 510,fail_cases = 40,fault = 88&89&90&92&93&94&96&87,
FAIL;455:edges = 510,fail_cases = 41,fault = 92&93&94&95&96,
SUCCESS;456:edges = 512,fail_cases = 41,fault = 97,
SUCCESS;457:edges = 513,fail_cases = 41,fault = 96&97,
SUCCESS;458:edges = 514,fail_cases = 41,fault = 92&96&97,
SUCCESS;459:edges = 515,fail_cases = 41,fault = 92&93&96&97,
SUCCESS;460:edges = 516,fail_cases = 41,fault = 92&93&94&96&97,
FAIL;461:edges = 516,fail_cases = 42,fault = 97&98,
SUCCESS;462:edges = 518,fail_cases = 42,fault = 99,
SUCCESS;463:edges = 519,fail_cases = 42,fault = 99&97,
SUCCESS;464:edges = 521,fail_cases = 42,fault = 99&100,
SUCCESS;465:edges = 522,fail_cases = 42,fault = 99&100&97,
SUCCESS;466:edges = 524,fail_cases = 42,fault = 99&100&101,
SUCCESS;467:edges = 525,fail_cases = 42,fault = 99&100&101&97,
SUCCESS;468:edges = 527,fail_cases = 42,fault = 99&100&101&102,
SUCCESS;469:edges = 528,fail_cases = 42,fault = 99&100&101&102&97,
SUCCESS;470:edges = 530,fail_cases = 42,fault = 99&100&101&102&103,
SUCCESS;471:edges = 531,fail_cases = 42,fault = 99&100&101&102&103&97,
FAIL;472:edges = 531,fail_cases = 43,fault = 99&100&101&102&103&104,
SUCCESS;473:edges = 533,fail_cases = 43,fault = 112,
SUCCESS;474:edges = 534,fail_cases = 43,fault = 99&112,
SUCCESS;475:edges = 535,fail_cases = 43,fault = 99&100&112,
SUCCESS;476:edges = 536,fail_cases = 43,fault = 99&100&112&101,
SUCCESS;477:edges = 537,fail_cases = 43,fault = 99&100&112&101&102,
SUCCESS;478:edges = 538,fail_cases = 43,fault = 99&100&112&101&102&103,
SUCCESS;479:edges = 540,fail_cases = 43,fault = 112&105,
SUCCESS;480:edges = 541,fail_cases = 43,fault = 99&112&105,
SUCCESS;481:edges = 542,fail_cases = 43,fault = 99&100&112&105,
SUCCESS;482:edges = 543,fail_cases = 43,fault = 99&100&112&101&105,
SUCCESS;483:edges = 544,fail_cases = 43,fault = 99&100&112&101&102&105,
SUCCESS;484:edges = 545,fail_cases = 43,fault = 99&100&112&101&102&103&105,
SUCCESS;485:edges = 547,fail_cases = 43,fault = 112&105&106,
SUCCESS;486:edges = 548,fail_cases = 43,fault = 99&112&105&106,
SUCCESS;487:edges = 549,fail_cases = 43,fault = 99&100&112&105&106,
SUCCESS;488:edges = 550,fail_cases = 43,fault = 99&100&112&101&105&106,
SUCCESS;489:edges = 551,fail_cases = 43,fault = 99&100&112&101&102&105&106,
SUCCESS;490:edges = 552,fail_cases = 43,fault = 99&100&112&101&102&103&105&106,
SUCCESS;491:edges = 554,fail_cases = 43,fault = 112&105&106&107,
SUCCESS;492:edges = 555,fail_cases = 43,fault = 99&112&105&106&107,
SUCCESS;493:edges = 556,fail_cases = 43,fault = 99&100&112&105&106&107,
SUCCESS;494:edges = 557,fail_cases = 43,fault = 99&100&112&101&105&106&107,
SUCCESS;495:edges = 558,fail_cases = 43,fault = 99&100&112&101&102&105&106&107,
SUCCESS;496:edges = 559,fail_cases = 43,fault = 99&100&112&101&102&103&105&106&107,
SUCCESS;497:edges = 561,fail_cases = 43,fault = 112&105&106&107&108,
SUCCESS;498:edges = 562,fail_cases = 43,fault = 99&112&105&106&107&108,
SUCCESS;499:edges = 563,fail_cases = 43,fault = 99&100&112&105&106&107&108,
SUCCESS;500:edges = 564,fail_cases = 43,fault = 99&100&112&101&105&106&107&108,
SUCCESS;501:edges = 565,fail_cases = 43,fault = 99&100&112&101&102&105&106&107&108,
SUCCESS;502:edges = 566,fail_cases = 43,fault = 99&100&112&101&102&103&105&106&107&108,
SUCCESS;503:edges = 568,fail_cases = 43,fault = 112&105&106&107&108&109,
SUCCESS;504:edges = 569,fail_cases = 43,fault = 99&112&105&106&107&108&109,
SUCCESS;505:edges = 570,fail_cases = 43,fault = 99&100&112&105&106&107&108&109,
SUCCESS;506:edges = 571,fail_cases = 43,fault = 99&100&112&101&105&106&107&108&109,
SUCCESS;507:edges = 572,fail_cases = 43,fault = 99&100&112&101&102&105&106&107&108&109,
SUCCESS;508:edges = 573,fail_cases = 43,fault = 99&100&112&101&102&103&105&106&107&108&109,
SUCCESS;509:edges = 576,fail_cases = 43,fault = 110&112&105&106&107&108&109,
SUCCESS;510:edges = 577,fail_cases = 43,fault = 110&99&112&105&106&107&108&109,
SUCCESS;511:edges = 578,fail_cases = 43,fault = 110&99&100&112&105&106&107&108&109,
SUCCESS;512:edges = 579,fail_cases = 43,fault = 99&100&101&113,
SUCCESS;513:edges = 580,fail_cases = 43,fault = 110&99&100&112&101&105&106&107&108&109,
SUCCESS;514:edges = 581,fail_cases = 43,fault = 99&100&112&101&113&102,
SUCCESS;515:edges = 582,fail_cases = 43,fault = 110&99&100&112&101&102&105&106&107&108&109,
SUCCESS;516:edges = 583,fail_cases = 43,fault = 99&100&112&101&113&102&103&105,
FAIL;517:edges = 583,fail_cases = 44,fault = 110&99&100&112&101&102&103&105&106&107&108&109,
SUCCESS;518:edges = 584,fail_cases = 44,fault = 99&100&112&101&113&102&103&105&106,
SUCCESS;519:edges = 585,fail_cases = 44,fault = 99&100&112&101&113&102&103&105&106&107,
SUCCESS;520:edges = 586,fail_cases = 44,fault = 99&100&112&101&113&102&103&105&106&107&108,
SUCCESS;521:edges = 587,fail_cases = 44,fault = 99&100&112&101&113&102&103&105&106&107&108&109,
SUCCESS;522:edges = 589,fail_cases = 44,fault = 110&112&114&105&106&107&108&109,
SUCCESS;523:edges = 590,fail_cases = 44,fault = 99&100&101&113&102&114&103,
SUCCESS;524:edges = 591,fail_cases = 44,fault = 99&100&112&101&113&102&114&103,
SUCCESS;525:edges = 592,fail_cases = 44,fault = 99&100&112&101&113&102&114&103&105,
SUCCESS;526:edges = 593,fail_cases = 44,fault = 99&100&112&101&113&102&114&103&105&106,
SUCCESS;527:edges = 594,fail_cases = 44,fault = 99&100&112&101&113&102&114&103&105&106&107,
SUCCESS;528:edges = 595,fail_cases = 44,fault = 99&100&112&101&113&102&114&103&105&106&107&108,
SUCCESS;529:edges = 596,fail_cases = 44,fault = 99&100&112&101&113&102&114&103&105&106&107&108&109,
FAIL;530:edges = 596,fail_cases = 45,fault = 110&111&112&105&106&107&108&109,
SUCCESS;531:edges = 598,fail_cases = 45,fault = 110&112&114&115&105&106&107&108&109,
SUCCESS;532:edges = 599,fail_cases = 45,fault = 99&100&101&113&102&114&103&115,
SUCCESS;533:edges = 600,fail_cases = 45,fault = 99&100&112&101&113&102&114&103&115,
SUCCESS;534:edges = 601,fail_cases = 45,fault = 99&100&112&101&113&102&114&103&115&105,
SUCCESS;535:edges = 602,fail_cases = 45,fault = 99&100&112&101&113&102&114&103&115&105&106,
SUCCESS;536:edges = 603,fail_cases = 45,fault = 99&100&112&101&113&102&114&103&115&105&106&107,
SUCCESS;537:edges = 604,fail_cases = 45,fault = 99&100&112&101&113&102&114&103&115&105&106&107&108,
SUCCESS;538:edges = 605,fail_cases = 45,fault = 99&100&112&101&113&102&114&103&115&105&106&107&108&109,
SUCCESS;539:edges = 607,fail_cases = 45,fault = 110&112&114&115&105&116&106&107&108&109,
SUCCESS;540:edges = 608,fail_cases = 45,fault = 99&100&101&113&102&114&103&115&116,
SUCCESS;541:edges = 609,fail_cases = 45,fault = 99&100&112&101&113&102&114&103&115&116,
SUCCESS;542:edges = 610,fail_cases = 45,fault = 99&100&112&101&113&102&114&103&115&116&105,
SUCCESS;543:edges = 611,fail_cases = 45,fault = 99&100&112&101&113&102&114&103&115&116&105&106,
SUCCESS;544:edges = 612,fail_cases = 45,fault = 99&100&112&101&113&102&114&103&115&116&105&106&107,
SUCCESS;545:edges = 613,fail_cases = 45,fault = 99&100&112&101&113&102&114&103&115&116&105&106&107&108,
SUCCESS;546:edges = 614,fail_cases = 45,fault = 99&100&112&101&113&102&114&103&115&116&105&106&107&108&109,
SUCCESS;547:edges = 616,fail_cases = 45,fault = 110&112&114&115&105&116&106&117&107&108&109,
SUCCESS;548:edges = 618,fail_cases = 45,fault = 99&100&101&113&102&114&103&115&116&117,
SUCCESS;549:edges = 619,fail_cases = 45,fault = 99&100&101&113&102&114&103&115&116&117&118,
SUCCESS;550:edges = 620,fail_cases = 45,fault = 99&100&112&101&113&102&114&103&115&116&117,
SUCCESS;551:edges = 621,fail_cases = 45,fault = 99&100&112&101&113&102&114&103&115&116&105&117,
SUCCESS;552:edges = 622,fail_cases = 45,fault = 99&100&112&101&113&102&114&103&115&116&117&118,
SUCCESS;553:edges = 623,fail_cases = 45,fault = 99&100&112&101&113&102&114&103&115&116&105&117&106,
SUCCESS;554:edges = 624,fail_cases = 45,fault = 99&100&112&101&113&102&114&103&115&116&105&117&118,
SUCCESS;555:edges = 625,fail_cases = 45,fault = 99&100&112&101&113&102&114&103&115&116&105&117&106&107,
SUCCESS;556:edges = 626,fail_cases = 45,fault = 99&100&112&101&113&102&114&103&115&116&105&117&106&107&108,
SUCCESS;557:edges = 627,fail_cases = 45,fault = 99&100&112&101&113&102&114&103&115&116&105&117&106&107&108&109,
SUCCESS;558:edges = 628,fail_cases = 45,fault = 99&100&112&101&113&102&114&103&115&116&105&117&106&118,
SUCCESS;559:edges = 629,fail_cases = 45,fault = 99&100&112&101&113&102&114&103&115&116&105&117&106&118&107,
SUCCESS;560:edges = 630,fail_cases = 45,fault = 99&100&112&101&113&102&114&103&115&116&105&117&106&118&107&108,
SUCCESS;561:edges = 631,fail_cases = 45,fault = 99&100&112&101&113&102&114&103&115&116&105&117&106&118&107&108&109,
FAIL;562:edges = 631,fail_cases = 46,fault = 110&112&114&115&105&116&106&117&107&108&119&109,
FAIL;563:edges = 631,fail_cases = 47,fault = 113&114&115&116&117&118&119,
SUCCESS;564:edges = 633,fail_cases = 47,fault = 120,
SUCCESS;565:edges = 634,fail_cases = 47,fault = 110&112&105&106&107&108&109&120,
SUCCESS;566:edges = 635,fail_cases = 47,fault = 110&112&114&105&106&107&108&109&120,
SUCCESS;567:edges = 636,fail_cases = 47,fault = 110&112&114&115&105&106&107&108&109&120,
SUCCESS;568:edges = 637,fail_cases = 47,fault = 110&112&114&115&105&116&106&107&108&109&120,
SUCCESS;569:edges = 638,fail_cases = 47,fault = 110&112&114&115&105&116&106&117&107&108&109&120,
SUCCESS;570:edges = 639,fail_cases = 47,fault = 113&114&115&116&117&119&120,
SUCCESS;571:edges = 641,fail_cases = 47,fault = 122&120,
SUCCESS;572:edges = 642,fail_cases = 47,fault = 110&122&112&105&106&107&108&109&120,
SUCCESS;573:edges = 643,fail_cases = 47,fault = 110&122&112&114&105&106&107&108&109&120,
SUCCESS;574:edges = 644,fail_cases = 47,fault = 110&122&112&114&115&105&106&107&108&109&120,
SUCCESS;575:edges = 645,fail_cases = 47,fault = 110&122&112&114&115&105&116&106&107&108&109&120,
SUCCESS;576:edges = 646,fail_cases = 47,fault = 120&110&122&112&114&115&105&116&106&117&107&108&109,
SUCCESS;577:edges = 647,fail_cases = 47,fault = 122&113&114&115&116&117&119&120,
SUCCESS;578:edges = 649,fail_cases = 47,fault = 122&123&120,
SUCCESS;579:edges = 650,fail_cases = 47,fault = 110&122&123&112&105&106&107&108&109&120,
SUCCESS;580:edges = 651,fail_cases = 47,fault = 110&122&123&112&114&105&106&107&108&109&120,
SUCCESS;581:edges = 652,fail_cases = 47,fault = 110&122&123&112&114&115&105&106&107&108&109&120,
SUCCESS;582:edges = 653,fail_cases = 47,fault = 120&110&122&123&112&114&115&105&116&106&107&108&109,
SUCCESS;583:edges = 654,fail_cases = 47,fault = 120&110&122&123&112&114&115&105&116&106&117&107&108&109,
SUCCESS;584:edges = 655,fail_cases = 47,fault = 122&123&113&114&115&116&117&119&120,
SUCCESS;585:edges = 658,fail_cases = 47,fault = 122&123&124&120,
SUCCESS;586:edges = 659,fail_cases = 47,fault = 110&122&123&112&124&105&106&107&108&109&120,
SUCCESS;587:edges = 660,fail_cases = 47,fault = 110&122&123&112&124&114&105&106&107&108&109&120,
SUCCESS;588:edges = 661,fail_cases = 47,fault = 110&112&125&114&115&105&106&107&108&109,
SUCCESS;589:edges = 662,fail_cases = 47,fault = 110&112&125&114&115&105&106&107&108&109&120,
SUCCESS;590:edges = 663,fail_cases = 47,fault = 120&110&122&123&112&124&114&115&105&116&106&107&108&109,
SUCCESS;591:edges = 664,fail_cases = 47,fault = 120&110&112&125&114&115&105&116&106&117&107&108&109,
SUCCESS;592:edges = 665,fail_cases = 47,fault = 113&125&114&115&116&117&119&120,
SUCCESS;593:edges = 666,fail_cases = 47,fault = 121&125&120,
FAIL;594:edges = 666,fail_cases = 48,fault = 122&123&124&126&120,
SUCCESS;595:edges = 667,fail_cases = 48,fault = 121&122&125&120,
SUCCESS;596:edges = 668,fail_cases = 48,fault = 121&122&123&125&120,
FAIL;597:edges = 668,fail_cases = 49,fault = 121&122&123&124&120,
FAIL;598:edges = 668,fail_cases = 50,fault = 125&126,
SUCCESS;599:edges = 669,fail_cases = 50,fault = 128,
SUCCESS;600:edges = 670,fail_cases = 50,fault = 122&123&124&128&120,
SUCCESS;601:edges = 671,fail_cases = 50,fault = 128&129,
SUCCESS;602:edges = 672,fail_cases = 50,fault = 122&123&124&128&129&120,
SUCCESS;603:edges = 673,fail_cases = 50,fault = 128&129&130,
SUCCESS;604:edges = 674,fail_cases = 50,fault = 122&123&124&128&129&130&120,
SUCCESS;605:edges = 675,fail_cases = 50,fault = 128&129&130&131,
SUCCESS;606:edges = 676,fail_cases = 50,fault = 122&123&124&128&129&130&131&120,
SUCCESS;607:edges = 677,fail_cases = 50,fault = 132&128&129&130&131,
SUCCESS;608:edges = 678,fail_cases = 50,fault = 132&122&123&124&128&129&130&131&120,
SUCCESS;609:edges = 679,fail_cases = 50,fault = 132&133&128&129&130&131,
SUCCESS;610:edges = 680,fail_cases = 50,fault = 132&133&122&123&124&128&129&130&131&120,
SUCCESS;611:edges = 681,fail_cases = 50,fault = 132&133&134&128&129&130&131,
SUCCESS;612:edges = 682,fail_cases = 50,fault = 132&133&122&134&123&124&128&129&130&131&120,
FAIL;613:edges = 682,fail_cases = 51,fault = 132&133&134&127&128&129&130&131,