SUCCESS;0:edges = 7,fail_cases = 0,fault = ,
SUCCESS;1:edges = 8,fail_cases = 0,fault = 1,
SUCCESS;2:edges = 9,fail_cases = 0,fault = 1&2,
FAIL;3:edges = 9,fail_cases = 1,fault = 1&2&3,
SUCCESS;4:edges = 11,fail_cases = 1,fault = 4,
SUCCESS;5:edges = 12,fail_cases = 1,fault = 1&4,
SUCCESS;6:edges = 13,fail_cases = 1,fault = 1&2&4,
SUCCESS;7:edges = 15,fail_cases = 1,fault = 4&5,
SUCCESS;8:edges = 16,fail_cases = 1,fault = 1&4&5,
SUCCESS;9:edges = 17,fail_cases = 1,fault = 1&2&4&5,
SUCCESS;10:edges = 19,fail_cases = 1,fault = 4&5&6,
SUCCESS;11:edges = 20,fail_cases = 1,fault = 1&4&5&6,
FAIL;12:edges = 20,fail_cases = 2,fault = 1&2&4&5&6,
FAIL;13:edges = 20,fail_cases = 3,fault = 4&5&6&7,
SUCCESS;14:edges = 22,fail_cases = 3,fault = 8,
SUCCESS;15:edges = 23,fail_cases = 3,fault = 4&8,
SUCCESS;16:edges = 24,fail_cases = 3,fault = 4&5&8,
SUCCESS;17:edges = 25,fail_cases = 3,fault = 4&5&6&8,
SUCCESS;18:edges = 27,fail_cases = 3,fault = 8&9,
SUCCESS;19:edges = 28,fail_cases = 3,fault = 4&8&9,
SUCCESS;20:edges = 29,fail_cases = 3,fault = 4&5&8&9,
SUCCESS;21:edges = 30,fail_cases = 3,fault = 4&5&6&8&9,
SUCCESS;22:edges = 32,fail_cases = 3,fault = 8&9&10,
SUCCESS;23:edges = 33,fail_cases = 3,fault = 4&8&9&10,
SUCCESS;24:edges = 34,fail_cases = 3,fault = 4&5&8&9&10,
SUCCESS;25:edges = 35,fail_cases = 3,fault = 4&5&6&8&9&10,
SUCCESS;26:edges = 37,fail_cases = 3,fault = 11&8&9&10,
SUCCESS;27:edges = 38,fail_cases = 3,fault = 11&4&8&9&10,
SUCCESS;28:edges = 39,fail_cases = 3,fault = 11&4&5&8&9&10,
SUCCESS;29:edges = 40,fail_cases = 3,fault = 11&4&5&6&8&9&10,
FAIL;30:edges = 40,fail_cases = 4,fault = 11&12&8&9&10,
SUCCESS;31:edges = 42,fail_cases = 4,fault = 13,
SUCCESS;32:edges = 43,fail_cases = 4,fault = 13&8,
SUCCESS;33:edges = 44,fail_cases = 4,fault = 13&8&9,
SUCCESS;34:edges = 45,fail_cases = 4,fault = 13&8&9&10,
SUCCESS;35:edges = 47,fail_cases = 4,fault = 12&13&8&9&10,
SUCCESS;36:edges = 50,fail_cases = 4,fault = 12&13&15&8&9&10,
SUCCESS;37:edges = 51,fail_cases = 4,fault = 11&17,
SUCCESS;38:edges = 52,fail_cases = 4,fault = 11&13&14&18,
FAIL;39:edges = 52,fail_cases = 5,fault = 12&13&15&16&8&9&10,
SUCCESS;40:edges = 53,fail_cases = 5,fault = 11&17&8,
SUCCESS;41:edges = 54,fail_cases = 5,fault = 11&17&8&9,
SUCCESS;42:edges = 55,fail_cases = 5,fault = 11&13&14&18&8,
SUCCESS;43:edges = 57,fail_cases = 5,fault = 12&13&15&18&8&9&10,
SUCCESS;44:edges = 58,fail_cases = 5,fault = 11&13&14&18&8&19&9,
FAIL;45:edges = 58,fail_cases = 6,fault = 12&13&15&18&8&19&9&10,
SUCCESS;46:edges = 59,fail_cases = 6,fault = 11&17&8&9&10,
SUCCESS;47:edges = 60,fail_cases = 6,fault = 11&13&14&18&8&19&9&10,
FAIL;48:edges = 60,fail_cases = 7,fault = 13&14&15&16,
FAIL;49:edges = 60,fail_cases = 8,fault = 13&14&15&18&19,
SUCCESS;50:edges = 61,fail_cases = 8,fault = 16&17,
SUCCESS;51:edges = 62,fail_cases = 8,fault = 16&17&18,
SUCCESS;52:edges = 63,fail_cases = 8,fault = 13&16&17,
SUCCESS;53:edges = 64,fail_cases = 8,fault = 12&13&16&17&8&9&10,
SUCCESS;54:edges = 65,fail_cases = 8,fault = 13&16&17&18,
SUCCESS;55:edges = 66,fail_cases = 8,fault = 12&13&16&17&18&8&9&10,
FAIL;56:edges = 66,fail_cases = 9,fault = 17&18&19,
SUCCESS;57:edges = 68,fail_cases = 9,fault = 20,
SUCCESS;58:edges = 69,fail_cases = 9,fault = 12&13&15&8&9&20&10,
SUCCESS;59:edges = 70,fail_cases = 9,fault = 12&13&15&18&8&9&20&10,
SUCCESS;60:edges = 72,fail_cases = 9,fault = 20&21,
SUCCESS;61:edges = 73,fail_cases = 9,fault = 12&13&15&8&9&20&21&10,
SUCCESS;62:edges = 74,fail_cases = 9,fault = 12&13&15&18&8&9&20&21&10,
SUCCESS;63:edges = 76,fail_cases = 9,fault = 22&20&21,
SUCCESS;64:edges = 77,fail_cases = 9,fault = 22&12&13&15&8&9&20&21&10,
SUCCESS;65:edges = 78,fail_cases = 9,fault = 22&12&13&15&18&8&9&20&21&10,
SUCCESS;66:edges = 80,fail_cases = 9,fault = 22&23&20&21,
SUCCESS;67:edges = 81,fail_cases = 9,fault = 22&23&12&13&15&8&9&20&21&10,
SUCCESS;68:edges = 82,fail_cases = 9,fault = 22&23&12&13&15&18&8&9&20&21&10,
FAIL;69:edges = 82,fail_cases = 10,fault = 22&23&24&20&21,
SUCCESS;70:edges = 84,fail_cases = 10,fault = 25,
SUCCESS;71:edges = 85,fail_cases = 10,fault = 25&20,
SUCCESS;72:edges = 86,fail_cases = 10,fault = 22&25&20,
SUCCESS;73:edges = 87,fail_cases = 10,fault = 22&23&25&20,
SUCCESS;74:edges = 89,fail_cases = 10,fault = 22&23&24&25&20,
SUCCESS;75:edges = 90,fail_cases = 10,fault = 25&26&21,
SUCCESS;76:edges = 92,fail_cases = 10,fault = 22&23&24&25&27&20,
SUCCESS;77:edges = 94,fail_cases = 10,fault = 22&23&24&25&27&28&20,
SUCCESS;78:edges = 95,fail_cases = 10,fault = 25&26&27&21,
SUCCESS;79:edges = 96,fail_cases = 10,fault = 25&26&20&21,
SUCCESS;80:edges = 97,fail_cases = 10,fault = 22&25&26&20&21,
SUCCESS;81:edges = 99,fail_cases = 10,fault = 22&23&24&25&27&28&29&20,
SUCCESS;82:edges = 101,fail_cases = 10,fault = 22&23&24&25&27&28&29&30&20,
SUCCESS;83:edges = 102,fail_cases = 10,fault = 25&26&27&28&21,
SUCCESS;84:edges = 103,fail_cases = 10,fault = 25&26&27&28&29&21,
SUCCESS;85:edges = 104,fail_cases = 10,fault = 22&23&25&26&20&21,
SUCCESS;86:edges = 105,fail_cases = 10,fault = 25&26&27&20&21,
SUCCESS;87:edges = 106,fail_cases = 10,fault = 22&25&26&27&20&21,
FAIL;88:edges = 106,fail_cases = 11,fault = 22&23&24&25&27&28&29&30&20&31,
SUCCESS;89:edges = 107,fail_cases = 11,fault = 22&23&25&26&27&20&21,
SUCCESS;90:edges = 108,fail_cases = 11,fault = 25&26&27&28&29&30&21,
SUCCESS;91:edges = 109,fail_cases = 11,fault = 25&26&27&28&20&21,
SUCCESS;92:edges = 110,fail_cases = 11,fault = 22&25&26&27&28&20&21,
SUCCESS;93:edges = 111,fail_cases = 11,fault = 22&23&25&26&27&28&20&21,
SUCCESS;94:edges = 112,fail_cases = 11,fault = 25&26&27&28&29&20&21,
SUCCESS;95:edges = 113,fail_cases = 11,fault = 22&25&26&27&28&29&20&21,
SUCCESS;96:edges = 114,fail_cases = 11,fault = 22&23&25&26&27&28&29&20&21,
SUCCESS;97:edges = 115,fail_cases = 11,fault = 25&26&27&28&29&30&20&21,
SUCCESS;98:edges = 116,fail_cases = 11,fault = 22&25&26&27&28&29&30&20&21,
SUCCESS;99:edges = 117,fail_cases = 11,fault = 22&23&25&26&27&28&29&30&20&21,
FAIL;100:edges = 117,fail_cases = 12,fault = 25&26&27&28&29&30&31,
SUCCESS;101:edges = 118,fail_cases = 12,fault = 32,
SUCCESS;102:edges = 119,fail_cases = 12,fault = 25&32,
SUCCESS;103:edges = 120,fail_cases = 12,fault = 22&23&24&25&20&32,
SUCCESS;104:edges = 121,fail_cases = 12,fault = 22&23&24&25&27&20&32,
SUCCESS;105:edges = 122,fail_cases = 12,fault = 22&23&24&25&27&28&20&32,
SUCCESS;106:edges = 123,fail_cases = 12,fault = 22&23&24&25&27&28&30&20&32,
SUCCESS;107:edges = 124,fail_cases = 12,fault = 22&23&24&25&27&28&30&20&31&32,
SUCCESS;108:edges = 125,fail_cases = 12,fault = 22&23&34&24&25&27&28&30&20&31&32,
SUCCESS;109:edges = 126,fail_cases = 12,fault = 22&23&34&24&35&25&27&28&30&20&31&32,
SUCCESS;110:edges = 127,fail_cases = 12,fault = 22&23&34&24&35&25&36&27&28&30&20&31&32,
SUCCESS;111:edges = 128,fail_cases = 12,fault = 22&23&34&24&35&25&36&37&27&28&30&20&31&32,
FAIL;112:edges = 128,fail_cases = 13,fault = 22&23&34&24&35&25&36&37&27&38&28&30&20&31&32,
SUCCESS;113:edges = 129,fail_cases = 13,fault = 33&29&32,
FAIL;114:edges = 129,fail_cases = 14,fault = 34&35&25&36&26&37&27&38&28&30&31&32,
SUCCESS;115:edges = 130,fail_cases = 14,fault = 33&25&29&32,
SUCCESS;116:edges = 131,fail_cases = 14,fault = 33&22&23&24&25&29&20&32,
SUCCESS;117:edges = 132,fail_cases = 14,fault = 33&22&23&24&25&27&29&20&32,
SUCCESS;118:edges = 133,fail_cases = 14,fault = 33&22&23&24&25&27&28&29&20&32,
SUCCESS;119:edges = 134,fail_cases = 14,fault = 33&22&23&24&25&27&28&29&30&20&32,
SUCCESS;120:edges = 135,fail_cases = 14,fault = 33&34&29&32,
SUCCESS;121:edges = 136,fail_cases = 14,fault = 33&34&25&29&32,
SUCCESS;122:edges = 137,fail_cases = 14,fault = 33&22&34&23&24&25&29&20&32,
SUCCESS;123:edges = 138,fail_cases = 14,fault = 33&22&34&23&24&25&27&29&20&32,
SUCCESS;124:edges = 139,fail_cases = 14,fault = 33&22&34&23&24&25&27&28&29&20&32,
SUCCESS;125:edges = 140,fail_cases = 14,fault = 33&22&34&23&24&25&27&28&29&30&20&32,
SUCCESS;126:edges = 141,fail_cases = 14,fault = 33&34&35&29&32,
SUCCESS;127:edges = 142,fail_cases = 14,fault = 33&22&34&23&35&24&29&20&32,
SUCCESS;128:edges = 143,fail_cases = 14,fault = 33&22&34&23&35&24&27&29&20&32,
SUCCESS;129:edges = 144,fail_cases = 14,fault = 33&22&34&23&35&24&27&28&29&20&32,
SUCCESS;130:edges = 145,fail_cases = 14,fault = 33&22&34&23&35&24&27&28&29&30&20&32,
SUCCESS;131:edges = 146,fail_cases = 14,fault = 33&22&34&23&35&24&27&28&29&30&20&31&32,
SUCCESS;132:edges = 147,fail_cases = 14,fault = 33&22&34&23&35&24&37&27&28&29&30&20&31&32,
FAIL;133:edges = 147,fail_cases = 15,fault = 33&22&34&23&35&24&37&27&38&28&29&30&20&31&32,
SUCCESS;134:edges = 148,fail_cases = 15,fault = 33&34&35&36&25&29&32,
SUCCESS;135:edges = 149,fail_cases = 15,fault = 33&22&34&23&35&24&36&25&29&20&32,
SUCCESS;136:edges = 150,fail_cases = 15,fault = 33&22&34&23&35&24&36&25&27&29&20&32,
SUCCESS;137:edges = 151,fail_cases = 15,fault = 33&22&34&23&35&24&36&25&27&29&30&20&32,
SUCCESS;138:edges = 152,fail_cases = 15,fault = 33&22&34&23&35&24&36&25&27&29&30&20&31&32,
FAIL;139:edges = 152,fail_cases = 16,fault = 33&22&34&23&35&24&36&25&27&38&29&30&20&31&32,
FAIL;140:edges = 152,fail_cases = 17,fault = 33&34&35&36&25&26&27&38&29&30&31&32,
FAIL;141:edges = 152,fail_cases = 18,fault = 33&34&35&26&37&27&38&28&29&30&31&32,
SUCCESS;142:edges = 153,fail_cases = 18,fault = 33&34&35&36&25&37&28&29&32,
SUCCESS;143:edges = 154,fail_cases = 18,fault = 33&22&34&23&35&24&36&25&37&28&29&20&32,
SUCCESS;144:edges = 155,fail_cases = 18,fault = 33&22&34&23&35&24&36&25&37&27&28&29&20&32,
SUCCESS;145:edges = 156,fail_cases = 18,fault = 33&22&34&23&35&24&36&25&37&27&28&29&30&20&32,
FAIL;146:edges = 156,fail_cases = 19,fault = 33&34&35&36&37&38&32,