SUCCESS;0:edges = 18,fail_cases = 0,fault = ,
SUCCESS;1:edges = 19,fail_cases = 0,fault = 1,
SUCCESS;2:edges = 20,fail_cases = 0,fault = 1&2,
SUCCESS;3:edges = 21,fail_cases = 0,fault = 1&2&3,
SUCCESS;4:edges = 22,fail_cases = 0,fault = 1&2&3&4,
SUCCESS;5:edges = 23,fail_cases = 0,fault = 1&2&3&4&5,
SUCCESS;6:edges = 24,fail_cases = 0,fault = 1&2&3&4&5&6,
FAIL;7:edges = 24,fail_cases = 1,fault = 1&2&3&4&5&6&7,
SUCCESS;8:edges = 26,fail_cases = 1,fault = 8,
SUCCESS;9:edges = 27,fail_cases = 1,fault = 1&8,
SUCCESS;10:edges = 28,fail_cases = 1,fault = 1&2&8,
SUCCESS;11:edges = 29,fail_cases = 1,fault = 1&2&3&8,
SUCCESS;12:edges = 30,fail_cases = 1,fault = 1&2&3&4&8,
SUCCESS;13:edges = 31,fail_cases = 1,fault = 1&2&3&4&5&8,
SUCCESS;14:edges = 32,fail_cases = 1,fault = 1&2&3&4&5&6&8,
SUCCESS;15:edges = 34,fail_cases = 1,fault = 8&9,
SUCCESS;16:edges = 35,fail_cases = 1,fault = 1&8&9,
SUCCESS;17:edges = 36,fail_cases = 1,fault = 1&2&8&9,
SUCCESS;18:edges = 37,fail_cases = 1,fault = 1&2&3&8&9,
SUCCESS;19:edges = 38,fail_cases = 1,fault = 1&2&3&4&8&9,
SUCCESS;20:edges = 39,fail_cases = 1,fault = 1&2&3&4&5&8&9,
SUCCESS;21:edges = 40,fail_cases = 1,fault = 1&2&3&4&5&6&8&9,
FAIL;22:edges = 40,fail_cases = 2,fault = 8&9&10,
SUCCESS;23:edges = 42,fail_cases = 2,fault = 16,
SUCCESS;24:edges = 43,fail_cases = 2,fault = 16&8,
SUCCESS;25:edges = 44,fail_cases = 2,fault = 16&8&9,
SUCCESS;26:edges = 46,fail_cases = 2,fault = 16&17,
SUCCESS;27:edges = 47,fail_cases = 2,fault = 16&17&8,
SUCCESS;28:edges = 48,fail_cases = 2,fault = 16&17&8&9,
SUCCESS;29:edges = 50,fail_cases = 2,fault = 16&17&18,
SUCCESS;30:edges = 51,fail_cases = 2,fault = 16&17&18&8,
SUCCESS;31:edges = 52,fail_cases = 2,fault = 16&17&18&8&9,
SUCCESS;32:edges = 54,fail_cases = 2,fault = 11&16&17&18,
SUCCESS;33:edges = 55,fail_cases = 2,fault = 11&16&17&18&8,
SUCCESS;34:edges = 56,fail_cases = 2,fault = 11&16&17&18&8&9,
SUCCESS;35:edges = 58,fail_cases = 2,fault = 11&12&16&17&18,
SUCCESS;36:edges = 59,fail_cases = 2,fault = 11&12&16&17&18&8,
SUCCESS;37:edges = 60,fail_cases = 2,fault = 11&12&16&17&18&8&9,
SUCCESS;38:edges = 62,fail_cases = 2,fault = 11&12&13&16&17&18,
SUCCESS;39:edges = 63,fail_cases = 2,fault = 11&12&13&16&17&18&8,
SUCCESS;40:edges = 64,fail_cases = 2,fault = 11&12&13&16&17&18&8&9,
SUCCESS;41:edges = 66,fail_cases = 2,fault = 11&12&13&14&16&17&18,
SUCCESS;42:edges = 67,fail_cases = 2,fault = 11&12&13&14&16&17&18&8,
SUCCESS;43:edges = 68,fail_cases = 2,fault = 11&12&13&14&16&17&18&8&9,
FAIL;44:edges = 68,fail_cases = 3,fault = 11&12&13&14&15&16&17&18,
SUCCESS;45:edges = 70,fail_cases = 3,fault = 19,
SUCCESS;46:edges = 71,fail_cases = 3,fault = 16&19,
SUCCESS;47:edges = 72,fail_cases = 3,fault = 16&17&19,
SUCCESS;48:edges = 73,fail_cases = 3,fault = 16&17&18&19,
SUCCESS;49:edges = 74,fail_cases = 3,fault = 11&16&17&18&19,
SUCCESS;50:edges = 75,fail_cases = 3,fault = 11&12&16&17&18&19,
SUCCESS;51:edges = 76,fail_cases = 3,fault = 11&12&13&16&17&18&19,
SUCCESS;52:edges = 77,fail_cases = 3,fault = 11&12&13&14&16&17&18&19,
SUCCESS;53:edges = 79,fail_cases = 3,fault = 19&20,
SUCCESS;54:edges = 80,fail_cases = 3,fault = 16&19&20,
SUCCESS;55:edges = 81,fail_cases = 3,fault = 16&17&19&20,
SUCCESS;56:edges = 82,fail_cases = 3,fault = 16&17&18&19&20,
SUCCESS;57:edges = 83,fail_cases = 3,fault = 11&16&17&18&19&20,
SUCCESS;58:edges = 84,fail_cases = 3,fault = 11&12&16&17&18&19&20,
SUCCESS;59:edges = 85,fail_cases = 3,fault = 11&12&13&16&17&18&19&20,
SUCCESS;60:edges = 86,fail_cases = 3,fault = 11&12&13&14&16&17&18&19&20,
SUCCESS;61:edges = 88,fail_cases = 3,fault = 19&20&21,
SUCCESS;62:edges = 89,fail_cases = 3,fault = 16&19&20&21,
SUCCESS;63:edges = 90,fail_cases = 3,fault = 16&17&19&20&21,
SUCCESS;64:edges = 91,fail_cases = 3,fault = 16&17&18&19&20&21,
SUCCESS;65:edges = 92,fail_cases = 3,fault = 11&16&17&18&19&20&21,
SUCCESS;66:edges = 93,fail_cases = 3,fault = 11&12&16&17&18&19&20&21,
SUCCESS;67:edges = 94,fail_cases = 3,fault = 11&12&13&16&17&18&19&20&21,
SUCCESS;68:edges = 95,fail_cases = 3,fault = 11&12&13&14&16&17&18&19&20&21,
SUCCESS;69:edges = 97,fail_cases = 3,fault = 22&19&20&21,
SUCCESS;70:edges = 98,fail_cases = 3,fault = 22&16&19&20&21,
SUCCESS;71:edges = 99,fail_cases = 3,fault = 22&16&17&19&20&21,
SUCCESS;72:edges = 100,fail_cases = 3,fault = 22&16&17&18&19&20&21,
SUCCESS;73:edges = 101,fail_cases = 3,fault = 22&11&16&17&18&19&20&21,
SUCCESS;74:edges = 102,fail_cases = 3,fault = 22&11&12&16&17&18&19&20&21,
SUCCESS;75:edges = 103,fail_cases = 3,fault = 22&11&12&13&16&17&18&19&20&21,
SUCCESS;76:edges = 104,fail_cases = 3,fault = 22&11&12&13&14&16&17&18&19&20&21,
SUCCESS;77:edges = 106,fail_cases = 3,fault = 22&23&19&20&21,
SUCCESS;78:edges = 107,fail_cases = 3,fault = 22&23&16&19&20&21,
SUCCESS;79:edges = 108,fail_cases = 3,fault = 22&23&16&17&19&20&21,
SUCCESS;80:edges = 109,fail_cases = 3,fault = 22&23&16&17&18&19&20&21,
SUCCESS;81:edges = 110,fail_cases = 3,fault = 22&11&23&16&17&18&19&20&21,
SUCCESS;82:edges = 111,fail_cases = 3,fault = 22&11&23&12&16&17&18&19&20&21,
SUCCESS;83:edges = 112,fail_cases = 3,fault = 22&11&23&12&13&16&17&18&19&20&21,
SUCCESS;84:edges = 113,fail_cases = 3,fault = 22&11&23&12&13&14&16&17&18&19&20&21,
FAIL;85:edges = 113,fail_cases = 4,fault = 22&23&24&19&20&21,
SUCCESS;86:edges = 115,fail_cases = 4,fault = 25,
SUCCESS;87:edges = 116,fail_cases = 4,fault = 25&19,
SUCCESS;88:edges = 117,fail_cases = 4,fault = 25&19&20,
SUCCESS;89:edges = 118,fail_cases = 4,fault = 25&19&20&21,
SUCCESS;90:edges = 119,fail_cases = 4,fault = 22&25&19&20&21,
SUCCESS;91:edges = 120,fail_cases = 4,fault = 22&23&25&19&20&21,
FAIL;92:edges = 120,fail_cases = 5,fault = 25&26,
SUCCESS;93:edges = 122,fail_cases = 5,fault = 32,
SUCCESS;94:edges = 123,fail_cases = 5,fault = 25&32,
SUCCESS;95:edges = 125,fail_cases = 5,fault = 33&32,
SUCCESS;96:edges = 126,fail_cases = 5,fault = 33&25&32,
SUCCESS;97:edges = 128,fail_cases = 5,fault = 33&34&32,
SUCCESS;98:edges = 129,fail_cases = 5,fault = 33&34&25&32,
SUCCESS;99:edges = 131,fail_cases = 5,fault = 33&34&27&32,
SUCCESS;100:edges = 132,fail_cases = 5,fault = 33&34&25&27&32,
SUCCESS;101:edges = 134,fail_cases = 5,fault = 33&34&27&28&32,
SUCCESS;102:edges = 135,fail_cases = 5,fault = 33&34&25&27&28&32,
SUCCESS;103:edges = 137,fail_cases = 5,fault = 33&34&27&28&29&32,
SUCCESS;104:edges = 138,fail_cases = 5,fault = 33&34&25&27&28&29&32,
SUCCESS;105:edges = 140,fail_cases = 5,fault = 33&34&27&28&29&30&32,
SUCCESS;106:edges = 141,fail_cases = 5,fault = 33&34&25&27&28&29&30&32,
FAIL;107:edges = 141,fail_cases = 6,fault = 33&34&27&28&29&30&31&32,
SUCCESS;108:edges = 143,fail_cases = 6,fault = 35,
SUCCESS;109:edges = 144,fail_cases = 6,fault = 35&32,
SUCCESS;110:edges = 145,fail_cases = 6,fault = 33&35&32,
SUCCESS;111:edges = 146,fail_cases = 6,fault = 33&34&35&32,
SUCCESS;112:edges = 147,fail_cases = 6,fault = 33&34&35&27&32,
SUCCESS;113:edges = 148,fail_cases = 6,fault = 33&34&35&27&28&32,
SUCCESS;114:edges = 149,fail_cases = 6,fault = 33&34&35&27&28&29&32,
SUCCESS;115:edges = 150,fail_cases = 6,fault = 33&34&35&27&28&29&30&32,
SUCCESS;116:edges = 152,fail_cases = 6,fault = 35&36,
SUCCESS;117:edges = 153,fail_cases = 6,fault = 35&36&32,
SUCCESS;118:edges = 154,fail_cases = 6,fault = 33&35&36&32,
SUCCESS;119:edges = 155,fail_cases = 6,fault = 33&34&35&36&32,
SUCCESS;120:edges = 156,fail_cases = 6,fault = 33&34&35&36&27&32,
SUCCESS;121:edges = 157,fail_cases = 6,fault = 33&34&35&36&27&28&32,
SUCCESS;122:edges = 158,fail_cases = 6,fault = 33&34&35&36&27&28&29&32,
SUCCESS;123:edges = 159,fail_cases = 6,fault = 33&34&35&36&27&28&29&30&32,
FAIL;124:edges = 159,fail_cases = 7,fault = 35&36&37,
SUCCESS;125:edges = 161,fail_cases = 7,fault = 38,
SUCCESS;126:edges = 162,fail_cases = 7,fault = 35&38,
SUCCESS;127:edges = 163,fail_cases = 7,fault = 35&36&38,
SUCCESS;128:edges = 165,fail_cases = 7,fault = 38&39,
SUCCESS;129:edges = 166,fail_cases = 7,fault = 35&38&39,
SUCCESS;130:edges = 167,fail_cases = 7,fault = 35&36&38&39,
FAIL;131:edges = 167,fail_cases = 8,fault = 38&39&40,
SUCCESS;132:edges = 169,fail_cases = 8,fault = 41,
SUCCESS;133:edges = 170,fail_cases = 8,fault = 38&41,
SUCCESS;134:edges = 171,fail_cases = 8,fault = 38&39&41,
FAIL;135:edges = 171,fail_cases = 9,fault = 41&42,
SUCCESS;136:edges = 173,fail_cases = 9,fault = 43,
SUCCESS;137:edges = 174,fail_cases = 9,fault = 41&43,
SUCCESS;138:edges = 176,fail_cases = 9,fault = 44&43,
SUCCESS;139:edges = 177,fail_cases = 9,fault = 44&41&43,
FAIL;140:edges = 177,fail_cases = 10,fault = 44&45&43,
SUCCESS;141:edges = 179,fail_cases = 10,fault = 48,
SUCCESS;142:edges = 180,fail_cases = 10,fault = 48&43,
SUCCESS;143:edges = 181,fail_cases = 10,fault = 44&48&43,
SUCCESS;144:edges = 183,fail_cases = 10,fault = 48&49,
SUCCESS;145:edges = 184,fail_cases = 10,fault = 48&49&43,
SUCCESS;146:edges = 185,fail_cases = 10,fault = 44&48&49&43,
SUCCESS;147:edges = 187,fail_cases = 10,fault = 46&48&49,
SUCCESS;148:edges = 188,fail_cases = 10,fault = 46&48&49&43,
SUCCESS;149:edges = 189,fail_cases = 10,fault = 44&46&48&49&43,
FAIL;150:edges = 189,fail_cases = 11,fault = 46&47&48&49,
SUCCESS;151:edges = 191,fail_cases = 11,fault = 50,
SUCCESS;152:edges = 192,fail_cases = 11,fault = 48&50,
SUCCESS;153:edges = 193,fail_cases = 11,fault = 48&49&50,
SUCCESS;154:edges = 194,fail_cases = 11,fault = 46&48&49&50,
FAIL;155:edges = 194,fail_cases = 12,fault = 50&51,
SUCCESS;156:edges = 196,fail_cases = 12,fault = 52,
SUCCESS;157:edges = 197,fail_cases = 12,fault = 50&52,
SUCCESS;158:edges = 199,fail_cases = 12,fault = 52&53,
SUCCESS;159:edges = 200,fail_cases = 12,fault = 50&52&53,
SUCCESS;160:edges = 202,fail_cases = 12,fault = 52&53&54,
SUCCESS;161:edges = 203,fail_cases = 12,fault = 50&52&53&54,
SUCCESS;162:edges = 205,fail_cases = 12,fault = 55&52&53&54,
SUCCESS;163:edges = 206,fail_cases = 12,fault = 55&50&52&53&54,
SUCCESS;164:edges = 208,fail_cases = 12,fault = 55&56&52&53&54,
SUCCESS;165:edges = 209,fail_cases = 12,fault = 55&56&50&52&53&54,
FAIL;166:edges = 209,fail_cases = 13,fault = 55&56&57&52&53&54,
SUCCESS;167:edges = 211,fail_cases = 13,fault = 58,
SUCCESS;168:edges = 212,fail_cases = 13,fault = 58&52,
SUCCESS;169:edges = 213,fail_cases = 13,fault = 58&52&53,
SUCCESS;170:edges = 214,fail_cases = 13,fault = 58&52&53&54,
SUCCESS;171:edges = 215,fail_cases = 13,fault = 55&58&52&53&54,
SUCCESS;172:edges = 216,fail_cases = 13,fault = 55&56&58&52&53&54,
FAIL;173:edges = 216,fail_cases = 14,fault = 58&59,
SUCCESS;174:edges = 218,fail_cases = 14,fault = 60,
SUCCESS;175:edges = 219,fail_cases = 14,fault = 58&60,
SUCCESS;176:edges = 221,fail_cases = 14,fault = 60&61,
SUCCESS;177:edges = 222,fail_cases = 14,fault = 58&60&61,
FAIL;178:edges = 222,fail_cases = 15,fault = 60&61&62,
SUCCESS;179:edges = 224,fail_cases = 15,fault = 64,
SUCCESS;180:edges = 225,fail_cases = 15,fault = 60&64,
SUCCESS;181:edges = 226,fail_cases = 15,fault = 60&61&64,
SUCCESS;182:edges = 228,fail_cases = 15,fault = 64&65,
SUCCESS;183:edges = 229,fail_cases = 15,fault = 60&64&65,
SUCCESS;184:edges = 230,fail_cases = 15,fault = 60&61&64&65,
SUCCESS;185:edges = 232,fail_cases = 15,fault = 66&64&65,
SUCCESS;186:edges = 233,fail_cases = 15,fault = 66&60&64&65,
SUCCESS;187:edges = 234,fail_cases = 15,fault = 66&60&61&64&65,
FAIL;188:edges = 234,fail_cases = 16,fault = 66&63&64&65,
SUCCESS;189:edges = 236,fail_cases = 16,fault = 67,
SUCCESS;190:edges = 237,fail_cases = 16,fault = 67&64,
SUCCESS;191:edges = 238,fail_cases = 16,fault = 67&64&65,
SUCCESS;192:edges = 239,fail_cases = 16,fault = 66&67&64&65,
FAIL;193:edges = 239,fail_cases = 17,fault = 67&68,
SUCCESS;194:edges = 241,fail_cases = 17,fault = 69,
SUCCESS;195:edges = 242,fail_cases = 17,fault = 67&69,
SUCCESS;196:edges = 244,fail_cases = 17,fault = 69&70,
SUCCESS;197:edges = 245,fail_cases = 17,fault = 67&69&70,
SUCCESS;198:edges = 247,fail_cases = 17,fault = 69&70&71,
SUCCESS;199:edges = 248,fail_cases = 17,fault = 67&69&70&71,
SUCCESS;200:edges = 250,fail_cases = 17,fault = 69&70&71&72,
SUCCESS;201:edges = 251,fail_cases = 17,fault = 67&69&70&71&72,
SUCCESS;202:edges = 253,fail_cases = 17,fault = 69&70&71&72&73,
SUCCESS;203:edges = 254,fail_cases = 17,fault = 67&69&70&71&72&73,
SUCCESS;204:edges = 256,fail_cases = 17,fault = 69&70&71&72&73&74,
SUCCESS;205:edges = 257,fail_cases = 17,fault = 67&69&70&71&72&73&74,
SUCCESS;206:edges = 259,fail_cases = 17,fault = 69&70&71&72&73&74&75,
SUCCESS;207:edges = 260,fail_cases = 17,fault = 67&69&70&71&72&73&74&75,
FAIL;208:edges = 260,fail_cases = 18,fault = 69&70&71&72&73&74&75&76,
SUCCESS;209:edges = 261,fail_cases = 18,fault = 77,
SUCCESS;210:edges = 262,fail_cases = 18,fault = 77&69,
SUCCESS;211:edges = 263,fail_cases = 18,fault = 77&69&70,
SUCCESS;212:edges = 264,fail_cases = 18,fault = 77&69&70&71,
SUCCESS;213:edges = 265,fail_cases = 18,fault = 77&69&70&71&72,
SUCCESS;214:edges = 266,fail_cases = 18,fault = 77&69&70&71&72&73,
SUCCESS;215:edges = 267,fail_cases = 18,fault = 77&69&70&71&72&73&75,
FAIL;216:edges = 267,fail_cases = 19,fault = 77&69&70&71&72&73&75&76,
FAIL;217:edges = 267,fail_cases = 20,fault = 77&78,