SUCCESS;0:edges = 2,fail_cases = 0,fault = ,
SUCCESS;1:edges = 3,fail_cases = 0,fault = 1,
SUCCESS;2:edges = 4,fail_cases = 0,fault = 1&2,
SUCCESS;3:edges = 5,fail_cases = 0,fault = 1&2&3,
SUCCESS;4:edges = 6,fail_cases = 0,fault = 1&2&3&4,
FAIL;5:edges = 6,fail_cases = 1,fault = 1&2&3&4&5,
SUCCESS;6:edges = 8,fail_cases = 1,fault = 6,
SUCCESS;7:edges = 9,fail_cases = 1,fault = 1&6,
SUCCESS;8:edges = 10,fail_cases = 1,fault = 1&2&6,
SUCCESS;9:edges = 11,fail_cases = 1,fault = 1&2&3&6,
SUCCESS;10:edges = 12,fail_cases = 1,fault = 1&2&3&4&6,
SUCCESS;11:edges = 14,fail_cases = 1,fault = 6&7,
SUCCESS;12:edges = 15,fail_cases = 1,fault = 1&6&7,
SUCCESS;13:edges = 16,fail_cases = 1,fault = 1&2&6&7,
SUCCESS;14:edges = 17,fail_cases = 1,fault = 1&2&3&6&7,
SUCCESS;15:edges = 18,fail_cases = 1,fault = 1&2&3&4&6&7,
SUCCESS;16:edges = 20,fail_cases = 1,fault = 6&7&8,
SUCCESS;17:edges = 21,fail_cases = 1,fault = 1&6&7&8,
SUCCESS;18:edges = 22,fail_cases = 1,fault = 1&2&6&7&8,
SUCCESS;19:edges = 23,fail_cases = 1,fault = 1&2&3&6&7&8,
SUCCESS;20:edges = 24,fail_cases = 1,fault = 1&2&3&4&6&7&8,
SUCCESS;21:edges = 26,fail_cases = 1,fault = 6&7&8&9,
SUCCESS;22:edges = 27,fail_cases = 1,fault = 1&6&7&8&9,
SUCCESS;23:edges = 28,fail_cases = 1,fault = 1&2&6&7&8&9,
SUCCESS;24:edges = 29,fail_cases = 1,fault = 1&2&3&6&7&8&9,
SUCCESS;25:edges = 30,fail_cases = 1,fault = 1&2&3&4&6&7&8&9,
SUCCESS;26:edges = 32,fail_cases = 1,fault = 6&7&8&9&10,
SUCCESS;27:edges = 33,fail_cases = 1,fault = 1&6&7&8&9&10,
SUCCESS;28:edges = 34,fail_cases = 1,fault = 1&2&6&7&8&9&10,
SUCCESS;29:edges = 35,fail_cases = 1,fault = 1&2&3&6&7&8&9&10,
SUCCESS;30:edges = 36,fail_cases = 1,fault = 1&2&3&4&6&7&8&9&10,
SUCCESS;31:edges = 38,fail_cases = 1,fault = 11&6&7&8&9&10,
SUCCESS;32:edges = 39,fail_cases = 1,fault = 11&1&6&7&8&9&10,
SUCCESS;33:edges = 40,fail_cases = 1,fault = 11&1&2&6&7&8&9&10,
SUCCESS;34:edges = 41,fail_cases = 1,fault = 11&1&2&3&6&7&8&9&10,
SUCCESS;35:edges = 42,fail_cases = 1,fault = 11&1&2&3&4&6&7&8&9&10,
FAIL;36:edges = 42,fail_cases = 2,fault = 11&12&6&7&8&9&10,
SUCCESS;37:edges = 43,fail_cases = 2,fault = 13,
SUCCESS;38:edges = 44,fail_cases = 2,fault = 13&6,
SUCCESS;39:edges = 45,fail_cases = 2,fault = 13&6&7,
SUCCESS;40:edges = 46,fail_cases = 2,fault = 13&6&7&8,
SUCCESS;41:edges = 47,fail_cases = 2,fault = 13&6&7&8&9,
SUCCESS;42:edges = 48,fail_cases = 2,fault = 13&6&7&8&9&10,
SUCCESS;43:edges = 49,fail_cases = 2,fault = 11&13&6&7&8&9&10,
FAIL;44:edges = 49,fail_cases = 3,fault = 13&14,