SUCCESS;0:edges = 29,fail_cases = 0,fault = ,
SUCCESS;1:edges = 30,fail_cases = 0,fault = 1,
SUCCESS;2:edges = 31,fail_cases = 0,fault = 1&2,
SUCCESS;3:edges = 32,fail_cases = 0,fault = 1&2&3,
SUCCESS;4:edges = 33,fail_cases = 0,fault = 1&2&3&4,
SUCCESS;5:edges = 34,fail_cases = 0,fault = 1&2&3&4&5,
SUCCESS;6:edges = 35,fail_cases = 0,fault = 1&2&3&4&5&6,
FAIL;7:edges = 35,fail_cases = 1,fault = 1&2&3&4&5&6&7,
SUCCESS;8:edges = 37,fail_cases = 1,fault = 8,
SUCCESS;9:edges = 38,fail_cases = 1,fault = 1&8,
SUCCESS;10:edges = 39,fail_cases = 1,fault = 1&2&8,
SUCCESS;11:edges = 40,fail_cases = 1,fault = 1&2&3&8,
SUCCESS;12:edges = 41,fail_cases = 1,fault = 1&2&3&4&8,
SUCCESS;13:edges = 42,fail_cases = 1,fault = 1&2&3&4&5&8,
SUCCESS;14:edges = 43,fail_cases = 1,fault = 1&2&3&4&5&6&8,
SUCCESS;15:edges = 45,fail_cases = 1,fault = 8&9,
SUCCESS;16:edges = 46,fail_cases = 1,fault = 1&8&9,
SUCCESS;17:edges = 47,fail_cases = 1,fault = 1&2&8&9,
SUCCESS;18:edges = 48,fail_cases = 1,fault = 1&2&3&8&9,
SUCCESS;19:edges = 49,fail_cases = 1,fault = 1&2&3&4&8&9,
SUCCESS;20:edges = 50,fail_cases = 1,fault = 1&2&3&4&5&8&9,
SUCCESS;21:edges = 51,fail_cases = 1,fault = 1&2&3&4&5&6&8&9,
SUCCESS;22:edges = 53,fail_cases = 1,fault = 8&9&10,
SUCCESS;23:edges = 54,fail_cases = 1,fault = 1&8&9&10,
SUCCESS;24:edges = 55,fail_cases = 1,fault = 1&2&8&9&10,
SUCCESS;25:edges = 56,fail_cases = 1,fault = 1&2&3&8&9&10,
SUCCESS;26:edges = 57,fail_cases = 1,fault = 1&2&3&4&8&9&10,
SUCCESS;27:edges = 58,fail_cases = 1,fault = 1&2&3&4&5&8&9&10,
SUCCESS;28:edges = 59,fail_cases = 1,fault = 1&2&3&4&5&6&8&9&10,
SUCCESS;29:edges = 61,fail_cases = 1,fault = 11&8&9&10,
SUCCESS;30:edges = 62,fail_cases = 1,fault = 11&1&8&9&10,
SUCCESS;31:edges = 63,fail_cases = 1,fault = 11&1&2&8&9&10,
SUCCESS;32:edges = 64,fail_cases = 1,fault = 11&1&2&3&8&9&10,
SUCCESS;33:edges = 65,fail_cases = 1,fault = 11&1&2&3&4&8&9&10,
SUCCESS;34:edges = 66,fail_cases = 1,fault = 11&1&2&3&4&5&8&9&10,
SUCCESS;35:edges = 67,fail_cases = 1,fault = 11&1&2&3&4&5&6&8&9&10,
SUCCESS;36:edges = 69,fail_cases = 1,fault = 11&12&8&9&10,
SUCCESS;37:edges = 70,fail_cases = 1,fault = 11&12&1&8&9&10,
SUCCESS;38:edges = 71,fail_cases = 1,fault = 11&12&1&2&8&9&10,
SUCCESS;39:edges = 72,fail_cases = 1,fault = 11&12&1&2&3&8&9&10,
SUCCESS;40:edges = 73,fail_cases = 1,fault = 11&12&1&2&3&4&8&9&10,
SUCCESS;41:edges = 74,fail_cases = 1,fault = 11&12&1&2&3&4&5&8&9&10,
SUCCESS;42:edges = 75,fail_cases = 1,fault = 11&12&1&2&3&4&5&6&8&9&10,
SUCCESS;43:edges = 77,fail_cases = 1,fault = 11&12&13&8&9&10,
SUCCESS;44:edges = 78,fail_cases = 1,fault = 11&12&1&13&8&9&10,
SUCCESS;45:edges = 79,fail_cases = 1,fault = 11&12&1&13&2&8&9&10,
SUCCESS;46:edges = 80,fail_cases = 1,fault = 11&12&1&13&2&3&8&9&10,
SUCCESS;47:edges = 81,fail_cases = 1,fault = 11&12&1&13&2&3&4&8&9&10,
SUCCESS;48:edges = 82,fail_cases = 1,fault = 11&12&1&13&2&3&4&5&8&9&10,
SUCCESS;49:edges = 83,fail_cases = 1,fault = 11&12&1&13&2&3&4&5&6&8&9&10,
FAIL;50:edges = 83,fail_cases = 2,fault = 11&12&13&14&8&9&10,
SUCCESS;51:edges = 85,fail_cases = 2,fault = 16,
SUCCESS;52:edges = 86,fail_cases = 2,fault = 16&8,
SUCCESS;53:edges = 87,fail_cases = 2,fault = 16&8&9,
SUCCESS;54:edges = 88,fail_cases = 2,fault = 16&8&9&10,
SUCCESS;55:edges = 89,fail_cases = 2,fault = 11&16&8&9&10,
SUCCESS;56:edges = 90,fail_cases = 2,fault = 11&12&16&8&9&10,
SUCCESS;57:edges = 91,fail_cases = 2,fault = 11&12&13&16&8&9&10,
SUCCESS;58:edges = 93,fail_cases = 2,fault = 16&17,
SUCCESS;59:edges = 94,fail_cases = 2,fault = 16&17&8,
SUCCESS;60:edges = 95,fail_cases = 2,fault = 16&17&8&9,
SUCCESS;61:edges = 96,fail_cases = 2,fault = 16&17&8&9&10,
SUCCESS;62:edges = 97,fail_cases = 2,fault = 11&16&17&8&9&10,
SUCCESS;63:edges = 98,fail_cases = 2,fault = 11&12&16&17&8&9&10,
SUCCESS;64:edges = 99,fail_cases = 2,fault = 11&12&13&16&17&8&9&10,
SUCCESS;65:edges = 101,fail_cases = 2,fault = 16&17&18,
SUCCESS;66:edges = 102,fail_cases = 2,fault = 16&17&18&8,
SUCCESS;67:edges = 103,fail_cases = 2,fault = 16&17&18&8&9,
SUCCESS;68:edges = 104,fail_cases = 2,fault = 16&17&18&8&9&10,
SUCCESS;69:edges = 105,fail_cases = 2,fault = 11&16&17&18&8&9&10,
SUCCESS;70:edges = 106,fail_cases = 2,fault = 11&12&16&17&18&8&9&10,
SUCCESS;71:edges = 107,fail_cases = 2,fault = 11&12&13&16&17&18&8&9&10,
SUCCESS;72:edges = 109,fail_cases = 2,fault = 16&17&18&19,
SUCCESS;73:edges = 110,fail_cases = 2,fault = 16&17&18&19&8,
SUCCESS;74:edges = 111,fail_cases = 2,fault = 16&17&18&19&8&9,
SUCCESS;75:edges = 112,fail_cases = 2,fault = 16&17&18&19&8&9&10,
SUCCESS;76:edges = 113,fail_cases = 2,fault = 11&16&17&18&19&8&9&10,
SUCCESS;77:edges = 114,fail_cases = 2,fault = 11&12&16&17&18&19&8&9&10,
SUCCESS;78:edges = 115,fail_cases = 2,fault = 11&12&13&16&17&18&19&8&9&10,
SUCCESS;79:edges = 117,fail_cases = 2,fault = 16&17&18&19&20,
SUCCESS;80:edges = 118,fail_cases = 2,fault = 16&17&18&19&8&20,
SUCCESS;81:edges = 119,fail_cases = 2,fault = 16&17&18&19&8&9&20,
SUCCESS;82:edges = 120,fail_cases = 2,fault = 16&17&18&19&8&9&20&10,
SUCCESS;83:edges = 121,fail_cases = 2,fault = 11&16&17&18&19&8&9&20&10,
SUCCESS;84:edges = 122,fail_cases = 2,fault = 11&12&16&17&18&19&8&9&20&10,
SUCCESS;85:edges = 123,fail_cases = 2,fault = 11&12&13&16&17&18&19&8&9&20&10,
SUCCESS;86:edges = 125,fail_cases = 2,fault = 16&17&18&19&20&21,
SUCCESS;87:edges = 126,fail_cases = 2,fault = 16&17&18&19&8&20&21,
SUCCESS;88:edges = 127,fail_cases = 2,fault = 16&17&18&19&8&9&20&21,
SUCCESS;89:edges = 128,fail_cases = 2,fault = 16&17&18&19&8&9&20&21&10,
SUCCESS;90:edges = 129,fail_cases = 2,fault = 11&16&17&18&19&8&9&20&21&10,
SUCCESS;91:edges = 130,fail_cases = 2,fault = 11&12&16&17&18&19&8&9&20&21&10,
SUCCESS;92:edges = 131,fail_cases = 2,fault = 11&12&13&16&17&18&19&8&9&20&21&10,
SUCCESS;93:edges = 133,fail_cases = 2,fault = 22&16&17&18&19&20&21,
SUCCESS;94:edges = 134,fail_cases = 2,fault = 22&16&17&18&19&8&20&21,
SUCCESS;95:edges = 135,fail_cases = 2,fault = 22&16&17&18&19&8&9&20&21,
SUCCESS;96:edges = 136,fail_cases = 2,fault = 22&16&17&18&19&8&9&20&21&10,
SUCCESS;97:edges = 137,fail_cases = 2,fault = 22&11&16&17&18&19&8&9&20&21&10,
SUCCESS;98:edges = 138,fail_cases = 2,fault = 22&11&12&16&17&18&19&8&9&20&21&10,
SUCCESS;99:edges = 139,fail_cases = 2,fault = 22&11&12&13&16&17&18&19&8&9&20&21&10,
FAIL;100:edges = 139,fail_cases = 3,fault = 22&15&16&17&18&19&20&21,
SUCCESS;101:edges = 141,fail_cases = 3,fault = 23,
SUCCESS;102:edges = 142,fail_cases = 3,fault = 23&16,
SUCCESS;103:edges = 143,fail_cases = 3,fault = 23&16&17,
SUCCESS;104:edges = 144,fail_cases = 3,fault = 23&16&17&18,
SUCCESS;105:edges = 145,fail_cases = 3,fault = 23&16&17&18&19,
SUCCESS;106:edges = 146,fail_cases = 3,fault = 23&16&17&18&19&20,
SUCCESS;107:edges = 147,fail_cases = 3,fault = 23&16&17&18&19&20&21,
SUCCESS;108:edges = 148,fail_cases = 3,fault = 22&23&16&17&18&19&20&21,
SUCCESS;109:edges = 150,fail_cases = 3,fault = 23&24,
SUCCESS;110:edges = 151,fail_cases = 3,fault = 23&24&16,
SUCCESS;111:edges = 152,fail_cases = 3,fault = 23&24&16&17,
SUCCESS;112:edges = 153,fail_cases = 3,fault = 23&24&16&17&18,
SUCCESS;113:edges = 154,fail_cases = 3,fault = 23&24&16&17&18&19,
SUCCESS;114:edges = 155,fail_cases = 3,fault = 23&24&16&17&18&19&20,
SUCCESS;115:edges = 156,fail_cases = 3,fault = 23&24&16&17&18&19&20&21,
SUCCESS;116:edges = 157,fail_cases = 3,fault = 22&23&24&16&17&18&19&20&21,
SUCCESS;117:edges = 159,fail_cases = 3,fault = 23&24&25,
SUCCESS;118:edges = 160,fail_cases = 3,fault = 23&24&25&16,
SUCCESS;119:edges = 161,fail_cases = 3,fault = 23&24&25&16&17,
SUCCESS;120:edges = 162,fail_cases = 3,fault = 23&24&25&16&17&18,
SUCCESS;121:edges = 163,fail_cases = 3,fault = 23&24&25&16&17&18&19,
SUCCESS;122:edges = 164,fail_cases = 3,fault = 23&24&25&16&17&18&19&20,
SUCCESS;123:edges = 165,fail_cases = 3,fault = 23&24&25&16&17&18&19&20&21,
SUCCESS;124:edges = 166,fail_cases = 3,fault = 22&23&24&25&16&17&18&19&20&21,
SUCCESS;125:edges = 168,fail_cases = 3,fault = 23&24&25&26,
SUCCESS;126:edges = 169,fail_cases = 3,fault = 23&24&25&26&16,
SUCCESS;127:edges = 170,fail_cases = 3,fault = 23&24&25&26&16&17,
SUCCESS;128:edges = 171,fail_cases = 3,fault = 23&24&25&26&16&17&18,
SUCCESS;129:edges = 172,fail_cases = 3,fault = 23&24&25&26&16&17&18&19,
SUCCESS;130:edges = 173,fail_cases = 3,fault = 23&24&25&26&16&17&18&19&20,
SUCCESS;131:edges = 174,fail_cases = 3,fault = 23&24&25&26&16&17&18&19&20&21,
SUCCESS;132:edges = 175,fail_cases = 3,fault = 22&23&24&25&26&16&17&18&19&20&21,
SUCCESS;133:edges = 177,fail_cases = 3,fault = 23&24&25&26&27,
SUCCESS;134:edges = 178,fail_cases = 3,fault = 23&24&25&26&27&16,
SUCCESS;135:edges = 179,fail_cases = 3,fault = 23&24&25&26&27&16&17,
SUCCESS;136:edges = 180,fail_cases = 3,fault = 23&24&25&26&27&16&17&18,
SUCCESS;137:edges = 181,fail_cases = 3,fault = 23&24&25&26&27&16&17&18&19,
SUCCESS;138:edges = 182,fail_cases = 3,fault = 23&24&25&26&27&16&17&18&19&20,
SUCCESS;139:edges = 183,fail_cases = 3,fault = 23&24&25&26&27&16&17&18&19&20&21,
SUCCESS;140:edges = 184,fail_cases = 3,fault = 22&23&24&25&26&27&16&17&18&19&20&21,
FAIL;141:edges = 184,fail_cases = 4,fault = 23&24&25&26&27&28,
SUCCESS;142:edges = 186,fail_cases = 4,fault = 29,
SUCCESS;143:edges = 187,fail_cases = 4,fault = 23&29,
SUCCESS;144:edges = 188,fail_cases = 4,fault = 23&24&29,
SUCCESS;145:edges = 189,fail_cases = 4,fault = 23&24&25&29,
SUCCESS;146:edges = 190,fail_cases = 4,fault = 23&24&25&26&29,
SUCCESS;147:edges = 191,fail_cases = 4,fault = 23&24&25&26&27&29,
SUCCESS;148:edges = 193,fail_cases = 4,fault = 29&30,
SUCCESS;149:edges = 194,fail_cases = 4,fault = 23&29&30,
SUCCESS;150:edges = 195,fail_cases = 4,fault = 23&24&29&30,
SUCCESS;151:edges = 196,fail_cases = 4,fault = 23&24&25&29&30,
SUCCESS;152:edges = 197,fail_cases = 4,fault = 23&24&25&26&29&30,
SUCCESS;153:edges = 198,fail_cases = 4,fault = 23&24&25&26&27&29&30,
FAIL;154:edges = 198,fail_cases = 5,fault = 29&30&31,
SUCCESS;155:edges = 200,fail_cases = 5,fault = 32,
SUCCESS;156:edges = 201,fail_cases = 5,fault = 29&32,
SUCCESS;157:edges = 202,fail_cases = 5,fault = 29&30&32,
SUCCESS;158:edges = 204,fail_cases = 5,fault = 33&32,
SUCCESS;159:edges = 205,fail_cases = 5,fault = 33&29&32,
SUCCESS;160:edges = 206,fail_cases = 5,fault = 33&29&30&32,
FAIL;161:edges = 206,fail_cases = 6,fault = 33&34&32,
SUCCESS;162:edges = 208,fail_cases = 6,fault = 35,
SUCCESS;163:edges = 209,fail_cases = 6,fault = 35&32,
SUCCESS;164:edges = 210,fail_cases = 6,fault = 33&35&32,
SUCCESS;165:edges = 212,fail_cases = 6,fault = 35&36,
SUCCESS;166:edges = 213,fail_cases = 6,fault = 35&36&32,
SUCCESS;167:edges = 214,fail_cases = 6,fault = 33&35&36&32,
SUCCESS;168:edges = 216,fail_cases = 6,fault = 35&36&37,
SUCCESS;169:edges = 217,fail_cases = 6,fault = 35&36&37&32,
SUCCESS;170:edges = 218,fail_cases = 6,fault = 33&35&36&37&32,
SUCCESS;171:edges = 220,fail_cases = 6,fault = 35&36&37&38,
SUCCESS;172:edges = 221,fail_cases = 6,fault = 35&36&37&38&32,
SUCCESS;173:edges = 222,fail_cases = 6,fault = 33&35&36&37&38&32,
SUCCESS;174:edges = 224,fail_cases = 6,fault = 35&36&37&38&39,
SUCCESS;175:edges = 225,fail_cases = 6,fault = 35&36&37&38&39&32,
SUCCESS;176:edges = 226,fail_cases = 6,fault = 33&35&36&37&38&39&32,
SUCCESS;177:edges = 228,fail_cases = 6,fault = 35&36&37&38&39&40,
SUCCESS;178:edges = 229,fail_cases = 6,fault = 35&36&37&38&39&40&32,
SUCCESS;179:edges = 230,fail_cases = 6,fault = 33&35&36&37&38&39&40&32,
FAIL;180:edges = 230,fail_cases = 7,fault = 35&36&37&38&39&40&41,
SUCCESS;181:edges = 232,fail_cases = 7,fault = 42,
SUCCESS;182:edges = 233,fail_cases = 7,fault = 35&42,
SUCCESS;183:edges = 234,fail_cases = 7,fault = 35&36&42,
SUCCESS;184:edges = 235,fail_cases = 7,fault = 35&36&37&42,
SUCCESS;185:edges = 236,fail_cases = 7,fault = 35&36&37&38&42,
SUCCESS;186:edges = 237,fail_cases = 7,fault = 35&36&37&38&39&42,
SUCCESS;187:edges = 238,fail_cases = 7,fault = 35&36&37&38&39&40&42,
FAIL;188:edges = 238,fail_cases = 8,fault = 42&43,
SUCCESS;189:edges = 240,fail_cases = 8,fault = 48,
SUCCESS;190:edges = 241,fail_cases = 8,fault = 48&42,
SUCCESS;191:edges = 243,fail_cases = 8,fault = 48&49,
SUCCESS;192:edges = 244,fail_cases = 8,fault = 48&49&42,
SUCCESS;193:edges = 246,fail_cases = 8,fault = 44&48&49,
SUCCESS;194:edges = 247,fail_cases = 8,fault = 44&48&49&42,
SUCCESS;195:edges = 249,fail_cases = 8,fault = 44&45&48&49,
SUCCESS;196:edges = 250,fail_cases = 8,fault = 44&45&48&49&42,
SUCCESS;197:edges = 252,fail_cases = 8,fault = 44&45&46&48&49,
SUCCESS;198:edges = 253,fail_cases = 8,fault = 44&45&46&48&49&42,
FAIL;199:edges = 253,fail_cases = 9,fault = 44&45&46&47&48&49,
SUCCESS;200:edges = 255,fail_cases = 9,fault = 50,
SUCCESS;201:edges = 256,fail_cases = 9,fault = 48&50,
SUCCESS;202:edges = 257,fail_cases = 9,fault = 48&49&50,
SUCCESS;203:edges = 258,fail_cases = 9,fault = 44&48&49&50,
SUCCESS;204:edges = 259,fail_cases = 9,fault = 44&45&48&49&50,
SUCCESS;205:edges = 260,fail_cases = 9,fault = 44&45&46&48&49&50,
SUCCESS;206:edges = 262,fail_cases = 9,fault = 50&51,
SUCCESS;207:edges = 263,fail_cases = 9,fault = 48&50&51,
SUCCESS;208:edges = 264,fail_cases = 9,fault = 48&49&50&51,
SUCCESS;209:edges = 265,fail_cases = 9,fault = 44&48&49&50&51,
SUCCESS;210:edges = 266,fail_cases = 9,fault = 44&45&48&49&50&51,
SUCCESS;211:edges = 267,fail_cases = 9,fault = 44&45&46&48&49&50&51,
FAIL;212:edges = 267,fail_cases = 10,fault = 50&51&52,
SUCCESS;213:edges = 269,fail_cases = 10,fault = 53,
SUCCESS;214:edges = 270,fail_cases = 10,fault = 50&53,
SUCCESS;215:edges = 271,fail_cases = 10,fault = 50&51&53,
SUCCESS;216:edges = 273,fail_cases = 10,fault = 53&54,
SUCCESS;217:edges = 274,fail_cases = 10,fault = 50&53&54,
SUCCESS;218:edges = 275,fail_cases = 10,fault = 50&51&53&54,
SUCCESS;219:edges = 277,fail_cases = 10,fault = 55&53&54,
SUCCESS;220:edges = 278,fail_cases = 10,fault = 55&50&53&54,
SUCCESS;221:edges = 279,fail_cases = 10,fault = 55&50&51&53&54,
SUCCESS;222:edges = 281,fail_cases = 10,fault = 55&56&53&54,
SUCCESS;223:edges = 282,fail_cases = 10,fault = 55&56&50&53&54,
SUCCESS;224:edges = 283,fail_cases = 10,fault = 55&56&50&51&53&54,
SUCCESS;225:edges = 285,fail_cases = 10,fault = 55&56&57&53&54,
SUCCESS;226:edges = 286,fail_cases = 10,fault = 55&56&57&50&53&54,
SUCCESS;227:edges = 287,fail_cases = 10,fault = 55&56&57&50&51&53&54,
FAIL;228:edges = 287,fail_cases = 11,fault = 55&56&57&58&53&54,
SUCCESS;229:edges = 289,fail_cases = 11,fault = 64,
SUCCESS;230:edges = 290,fail_cases = 11,fault = 64&53,
SUCCESS;231:edges = 291,fail_cases = 11,fault = 64&53&54,
SUCCESS;232:edges = 292,fail_cases = 11,fault = 55&64&53&54,
SUCCESS;233:edges = 293,fail_cases = 11,fault = 55&56&64&53&54,
SUCCESS;234:edges = 294,fail_cases = 11,fault = 55&56&57&64&53&54,
SUCCESS;235:edges = 296,fail_cases = 11,fault = 59&64,
SUCCESS;236:edges = 297,fail_cases = 11,fault = 59&64&53,
SUCCESS;237:edges = 298,fail_cases = 11,fault = 59&64&53&54,
SUCCESS;238:edges = 299,fail_cases = 11,fault = 55&59&64&53&54,
SUCCESS;239:edges = 300,fail_cases = 11,fault = 55&56&59&64&53&54,
SUCCESS;240:edges = 301,fail_cases = 11,fault = 55&56&57&59&64&53&54,
SUCCESS;241:edges = 303,fail_cases = 11,fault = 59&60&64,
SUCCESS;242:edges = 304,fail_cases = 11,fault = 59&60&64&53,
SUCCESS;243:edges = 305,fail_cases = 11,fault = 59&60&64&53&54,
SUCCESS;244:edges = 306,fail_cases = 11,fault = 55&59&60&64&53&54,
SUCCESS;245:edges = 307,fail_cases = 11,fault = 55&56&59&60&64&53&54,
SUCCESS;246:edges = 308,fail_cases = 11,fault = 55&56&57&59&60&64&53&54,
SUCCESS;247:edges = 310,fail_cases = 11,fault = 59&60&61&64,
SUCCESS;248:edges = 311,fail_cases = 11,fault = 59&60&61&64&53,
SUCCESS;249:edges = 312,fail_cases = 11,fault = 59&60&61&64&53&54,
SUCCESS;250:edges = 313,fail_cases = 11,fault = 55&59&60&61&64&53&54,
SUCCESS;251:edges = 314,fail_cases = 11,fault = 55&56&59&60&61&64&53&54,
SUCCESS;252:edges = 315,fail_cases = 11,fault = 55&56&57&59&60&61&64&53&54,
SUCCESS;253:edges = 317,fail_cases = 11,fault = 59&60&61&62&64,
SUCCESS;254:edges = 318,fail_cases = 11,fault = 59&60&61&62&64&53,
SUCCESS;255:edges = 319,fail_cases = 11,fault = 59&60&61&62&64&53&54,
SUCCESS;256:edges = 320,fail_cases = 11,fault = 55&59&60&61&62&64&53&54,
SUCCESS;257:edges = 321,fail_cases = 11,fault = 55&56&59&60&61&62&64&53&54,
SUCCESS;258:edges = 322,fail_cases = 11,fault = 55&56&57&59&60&61&62&64&53&54,
FAIL;259:edges = 322,fail_cases = 12,fault = 59&60&61&62&63&64,
SUCCESS;260:edges = 324,fail_cases = 12,fault = 65,
SUCCESS;261:edges = 325,fail_cases = 12,fault = 64&65,
SUCCESS;262:edges = 326,fail_cases = 12,fault = 59&64&65,
SUCCESS;263:edges = 327,fail_cases = 12,fault = 59&60&64&65,
SUCCESS;264:edges = 328,fail_cases = 12,fault = 59&60&61&64&65,
SUCCESS;265:edges = 329,fail_cases = 12,fault = 59&60&61&62&64&65,
SUCCESS;266:edges = 331,fail_cases = 12,fault = 66&65,
SUCCESS;267:edges = 332,fail_cases = 12,fault = 66&64&65,
SUCCESS;268:edges = 333,fail_cases = 12,fault = 66&59&64&65,
SUCCESS;269:edges = 334,fail_cases = 12,fault = 66&59&60&64&65,
SUCCESS;270:edges = 335,fail_cases = 12,fault = 66&59&60&61&64&65,
SUCCESS;271:edges = 336,fail_cases = 12,fault = 66&59&60&61&62&64&65,
SUCCESS;272:edges = 338,fail_cases = 12,fault = 66&67&65,
SUCCESS;273:edges = 339,fail_cases = 12,fault = 66&67&64&65,
SUCCESS;274:edges = 340,fail_cases = 12,fault = 66&67&59&64&65,
SUCCESS;275:edges = 341,fail_cases = 12,fault = 66&67&59&60&64&65,
SUCCESS;276:edges = 342,fail_cases = 12,fault = 66&67&59&60&61&64&65,
SUCCESS;277:edges = 343,fail_cases = 12,fault = 66&67&59&60&61&62&64&65,
SUCCESS;278:edges = 345,fail_cases = 12,fault = 66&67&68&65,
SUCCESS;279:edges = 346,fail_cases = 12,fault = 66&67&68&64&65,
SUCCESS;280:edges = 347,fail_cases = 12,fault = 66&67&68&59&64&65,
SUCCESS;281:edges = 348,fail_cases = 12,fault = 66&67&68&59&60&64&65,
SUCCESS;282:edges = 349,fail_cases = 12,fault = 66&67&68&59&60&61&64&65,
SUCCESS;283:edges = 350,fail_cases = 12,fault = 66&67&68&59&60&61&62&64&65,
SUCCESS;284:edges = 352,fail_cases = 12,fault = 66&67&68&69&65,
SUCCESS;285:edges = 353,fail_cases = 12,fault = 66&67&68&69&64&65,
SUCCESS;286:edges = 354,fail_cases = 12,fault = 66&67&68&69&59&64&65,
SUCCESS;287:edges = 355,fail_cases = 12,fault = 66&67&68&69&59&60&64&65,
SUCCESS;288:edges = 356,fail_cases = 12,fault = 66&67&68&69&59&60&61&64&65,
SUCCESS;289:edges = 357,fail_cases = 12,fault = 66&67&68&69&59&60&61&62&64&65,
FAIL;290:edges = 357,fail_cases = 13,fault = 66&67&68&69&70&65,
SUCCESS;291:edges = 359,fail_cases = 13,fault = 71,
SUCCESS;292:edges = 360,fail_cases = 13,fault = 71&65,
SUCCESS;293:edges = 361,fail_cases = 13,fault = 66&71&65,
SUCCESS;294:edges = 362,fail_cases = 13,fault = 66&67&71&65,
SUCCESS;295:edges = 363,fail_cases = 13,fault = 66&67&68&71&65,
SUCCESS;296:edges = 364,fail_cases = 13,fault = 66&67&68&69&71&65,
SUCCESS;297:edges = 366,fail_cases = 13,fault = 71&72,
SUCCESS;298:edges = 367,fail_cases = 13,fault = 71&72&65,
SUCCESS;299:edges = 368,fail_cases = 13,fault = 66&71&72&65,
SUCCESS;300:edges = 369,fail_cases = 13,fault = 66&67&71&72&65,
SUCCESS;301:edges = 370,fail_cases = 13,fault = 66&67&68&71&72&65,
SUCCESS;302:edges = 371,fail_cases = 13,fault = 66&67&68&69&71&72&65,
SUCCESS;303:edges = 373,fail_cases = 13,fault = 71&72&73,
SUCCESS;304:edges = 374,fail_cases = 13,fault = 71&72&73&65,
SUCCESS;305:edges = 375,fail_cases = 13,fault = 66&71&72&73&65,
SUCCESS;306:edges = 376,fail_cases = 13,fault = 66&67&71&72&73&65,
SUCCESS;307:edges = 377,fail_cases = 13,fault = 66&67&68&71&72&73&65,
SUCCESS;308:edges = 378,fail_cases = 13,fault = 66&67&68&69&71&72&73&65,
SUCCESS;309:edges = 380,fail_cases = 13,fault = 71&72&73&74,
SUCCESS;310:edges = 381,fail_cases = 13,fault = 71&72&73&74&65,
SUCCESS;311:edges = 382,fail_cases = 13,fault = 66&71&72&73&74&65,
SUCCESS;312:edges = 383,fail_cases = 13,fault = 66&67&71&72&73&74&65,
SUCCESS;313:edges = 384,fail_cases = 13,fault = 66&67&68&71&72&73&74&65,
SUCCESS;314:edges = 385,fail_cases = 13,fault = 66&67&68&69&71&72&73&74&65,
FAIL;315:edges = 385,fail_cases = 14,fault = 71&72&73&74&75,
SUCCESS;316:edges = 387,fail_cases = 14,fault = 76,
SUCCESS;317:edges = 388,fail_cases = 14,fault = 71&76,
SUCCESS;318:edges = 389,fail_cases = 14,fault = 71&72&76,
SUCCESS;319:edges = 390,fail_cases = 14,fault = 71&72&73&76,
SUCCESS;320:edges = 391,fail_cases = 14,fault = 71&72&73&74&76,
SUCCESS;321:edges = 393,fail_cases = 14,fault = 77&76,
SUCCESS;322:edges = 394,fail_cases = 14,fault = 77&71&76,
SUCCESS;323:edges = 395,fail_cases = 14,fault = 77&71&72&76,
SUCCESS;324:edges = 396,fail_cases = 14,fault = 77&71&72&73&76,
SUCCESS;325:edges = 397,fail_cases = 14,fault = 77&71&72&73&74&76,
SUCCESS;326:edges = 399,fail_cases = 14,fault = 77&78&76,
SUCCESS;327:edges = 400,fail_cases = 14,fault = 77&78&71&76,
SUCCESS;328:edges = 401,fail_cases = 14,fault = 77&78&71&72&76,
SUCCESS;329:edges = 402,fail_cases = 14,fault = 77&78&71&72&73&76,
SUCCESS;330:edges = 403,fail_cases = 14,fault = 77&78&71&72&73&74&76,
FAIL;331:edges = 403,fail_cases = 15,fault = 77&78&79&76,
SUCCESS;332:edges = 405,fail_cases = 15,fault = 80,
SUCCESS;333:edges = 406,fail_cases = 15,fault = 80&76,
SUCCESS;334:edges = 407,fail_cases = 15,fault = 77&80&76,
SUCCESS;335:edges = 408,fail_cases = 15,fault = 77&78&80&76,
FAIL;336:edges = 408,fail_cases = 16,fault = 80&81,
SUCCESS;337:edges = 410,fail_cases = 16,fault = 82,
SUCCESS;338:edges = 411,fail_cases = 16,fault = 80&82,
SUCCESS;339:edges = 413,fail_cases = 16,fault = 82&83,
SUCCESS;340:edges = 414,fail_cases = 16,fault = 80&82&83,
SUCCESS;341:edges = 416,fail_cases = 16,fault = 82&83&84,
SUCCESS;342:edges = 417,fail_cases = 16,fault = 80&82&83&84,
SUCCESS;343:edges = 419,fail_cases = 16,fault = 82&83&84&85,
SUCCESS;344:edges = 420,fail_cases = 16,fault = 80&82&83&84&85,
SUCCESS;345:edges = 422,fail_cases = 16,fault = 82&83&84&85&86,
SUCCESS;346:edges = 423,fail_cases = 16,fault = 80&82&83&84&85&86,
FAIL;347:edges = 423,fail_cases = 17,fault = 82&83&84&85&86&87,
SUCCESS;348:edges = 425,fail_cases = 17,fault = 88,
SUCCESS;349:edges = 426,fail_cases = 17,fault = 88&82,
SUCCESS;350:edges = 427,fail_cases = 17,fault = 88&82&83,
SUCCESS;351:edges = 428,fail_cases = 17,fault = 88&82&83&84,
SUCCESS;352:edges = 429,fail_cases = 17,fault = 88&82&83&84&85,
SUCCESS;353:edges = 430,fail_cases = 17,fault = 88&82&83&84&85&86,
SUCCESS;354:edges = 432,fail_cases = 17,fault = 88&89,
SUCCESS;355:edges = 433,fail_cases = 17,fault = 88&89&82,
SUCCESS;356:edges = 434,fail_cases = 17,fault = 88&89&82&83,
SUCCESS;357:edges = 435,fail_cases = 17,fault = 88&89&82&83&84,
SUCCESS;358:edges = 436,fail_cases = 17,fault = 88&89&82&83&84&85,
SUCCESS;359:edges = 437,fail_cases = 17,fault = 88&89&82&83&84&85&86,
SUCCESS;360:edges = 439,fail_cases = 17,fault = 88&89&90,
SUCCESS;361:edges = 440,fail_cases = 17,fault = 88&89&90&82,
SUCCESS;362:edges = 441,fail_cases = 17,fault = 88&89&90&82&83,
SUCCESS;363:edges = 442,fail_cases = 17,fault = 88&89&90&82&83&84,
SUCCESS;364:edges = 443,fail_cases = 17,fault = 88&89&90&82&83&84&85,
SUCCESS;365:edges = 444,fail_cases = 17,fault = 88&89&90&82&83&84&85&86,
SUCCESS;366:edges = 446,fail_cases = 17,fault = 88&89&90&91,
SUCCESS;367:edges = 447,fail_cases = 17,fault = 88&89&90&91&82,
SUCCESS;368:edges = 448,fail_cases = 17,fault = 88&89&90&91&82&83,
SUCCESS;369:edges = 449,fail_cases = 17,fault = 88&89&90&91&82&83&84,
SUCCESS;370:edges = 450,fail_cases = 17,fault = 88&89&90&91&82&83&84&85,
SUCCESS;371:edges = 451,fail_cases = 17,fault = 88&89&90&91&82&83&84&85&86,
SUCCESS;372:edges = 453,fail_cases = 17,fault = 88&89&90&91&92,
SUCCESS;373:edges = 454,fail_cases = 17,fault = 88&89&90&91&92&82,
SUCCESS;374:edges = 455,fail_cases = 17,fault = 88&89&90&91&92&82&83,
SUCCESS;375:edges = 456,fail_cases = 17,fault = 88&89&90&91&92&82&83&84,
SUCCESS;376:edges = 457,fail_cases = 17,fault = 88&89&90&91&92&82&83&84&85,
SUCCESS;377:edges = 458,fail_cases = 17,fault = 88&89&90&91&92&82&83&84&85&86,
FAIL;378:edges = 458,fail_cases = 18,fault = 88&89&90&91&92&93,
SUCCESS;379:edges = 460,fail_cases = 18,fault = 96,
SUCCESS;380:edges = 461,fail_cases = 18,fault = 88&96,
SUCCESS;381:edges = 462,fail_cases = 18,fault = 88&89&96,
SUCCESS;382:edges = 463,fail_cases = 18,fault = 88&89&90&96,
SUCCESS;383:edges = 464,fail_cases = 18,fault = 88&89&90&91&96,
SUCCESS;384:edges = 465,fail_cases = 18,fault = 88&89&90&91&92&96,
SUCCESS;385:edges = 467,fail_cases = 18,fault = 96&97,
SUCCESS;386:edges = 468,fail_cases = 18,fault = 88&96&97,
SUCCESS;387:edges = 469,fail_cases = 18,fault = 88&89&96&97,
SUCCESS;388:edges = 470,fail_cases = 18,fault = 88&89&90&96&97,
SUCCESS;389:edges = 471,fail_cases = 18,fault = 88&89&90&91&96&97,
SUCCESS;390:edges = 472,fail_cases = 18,fault = 88&89&90&91&92&96&97,
SUCCESS;391:edges = 474,fail_cases = 18,fault = 96&97&98,
SUCCESS;392:edges = 475,fail_cases = 18,fault = 88&96&97&98,
SUCCESS;393:edges = 476,fail_cases = 18,fault = 88&89&96&97&98,
SUCCESS;394:edges = 477,fail_cases = 18,fault = 88&89&90&96&97&98,
SUCCESS;395:edges = 478,fail_cases = 18,fault = 88&89&90&91&96&97&98,
SUCCESS;396:edges = 479,fail_cases = 18,fault = 88&89&90&91&92&96&97&98,
SUCCESS;397:edges = 481,fail_cases = 18,fault = 94&96&97&98,
SUCCESS;398:edges = 482,fail_cases = 18,fault = 88&94&96&97&98,
SUCCESS;399:edges = 483,fail_cases = 18,fault = 88&89&94&96&97&98,
SUCCESS;400:edges = 484,fail_cases = 18,fault = 88&89&90&94&96&97&98,
SUCCESS;401:edges = 485,fail_cases = 18,fault = 88&89&90&91&94&96&97&98,
SUCCESS;402:edges = 486,fail_cases = 18,fault = 88&89&90&91&92&94&96&97&98,
FAIL;403:edges = 486,fail_cases = 19,fault = 94&95&96&97&98,
SUCCESS;404:edges = 488,fail_cases = 19,fault = 99,
SUCCESS;405:edges = 489,fail_cases = 19,fault = 99&96,
SUCCESS;406:edges = 490,fail_cases = 19,fault = 99&96&97,
SUCCESS;407:edges = 491,fail_cases = 19,fault = 99&96&97&98,
SUCCESS;408:edges = 492,fail_cases = 19,fault = 99&94&96&97&98,
FAIL;409:edges = 492,fail_cases = 20,fault = 99&100,
SUCCESS;410:edges = 494,fail_cases = 20,fault = 101,
SUCCESS;411:edges = 495,fail_cases = 20,fault = 99&101,
SUCCESS;412:edges = 497,fail_cases = 20,fault = 101&102,
SUCCESS;413:edges = 498,fail_cases = 20,fault = 99&101&102,
SUCCESS;414:edges = 500,fail_cases = 20,fault = 101&102&103,
SUCCESS;415:edges = 501,fail_cases = 20,fault = 99&101&102&103,
SUCCESS;416:edges = 503,fail_cases = 20,fault = 101&102&103&104,
SUCCESS;417:edges = 504,fail_cases = 20,fault = 99&101&102&103&104,
FAIL;418:edges = 504,fail_cases = 21,fault = 101&102&103&104&105,
SUCCESS;419:edges = 506,fail_cases = 21,fault = 106,
SUCCESS;420:edges = 507,fail_cases = 21,fault = 101&106,
SUCCESS;421:edges = 508,fail_cases = 21,fault = 101&102&106,
SUCCESS;422:edges = 509,fail_cases = 21,fault = 101&102&103&106,
SUCCESS;423:edges = 510,fail_cases = 21,fault = 101&102&103&104&106,
SUCCESS;424:edges = 512,fail_cases = 21,fault = 106&107,
SUCCESS;425:edges = 513,fail_cases = 21,fault = 101&106&107,
SUCCESS;426:edges = 514,fail_cases = 21,fault = 101&102&106&107,
SUCCESS;427:edges = 515,fail_cases = 21,fault = 101&102&103&106&107,
SUCCESS;428:edges = 516,fail_cases = 21,fault = 101&102&103&104&106&107,
SUCCESS;429:edges = 518,fail_cases = 21,fault = 106&107&108,
SUCCESS;430:edges = 519,fail_cases = 21,fault = 101&106&107&108,
SUCCESS;431:edges = 520,fail_cases = 21,fault = 101&102&106&107&108,
SUCCESS;432:edges = 521,fail_cases = 21,fault = 101&102&103&106&107&108,
SUCCESS;433:edges = 522,fail_cases = 21,fault = 101&102&103&104&106&107&108,
SUCCESS;434:edges = 524,fail_cases = 21,fault = 106&107&108&109,
SUCCESS;435:edges = 525,fail_cases = 21,fault = 101&106&107&108&109,
SUCCESS;436:edges = 526,fail_cases = 21,fault = 101&102&106&107&108&109,
SUCCESS;437:edges = 527,fail_cases = 21,fault = 101&102&103&106&107&108&109,
SUCCESS;438:edges = 528,fail_cases = 21,fault = 101&102&103&104&106&107&108&109,
SUCCESS;439:edges = 530,fail_cases = 21,fault = 110&106&107&108&109,
SUCCESS;440:edges = 531,fail_cases = 21,fault = 110&101&106&107&108&109,
SUCCESS;441:edges = 532,fail_cases = 21,fault = 110&101&102&106&107&108&109,
SUCCESS;442:edges = 533,fail_cases = 21,fault = 110&101&102&103&106&107&108&109,
SUCCESS;443:edges = 534,fail_cases = 21,fault = 110&101&102&103&104&106&107&108&109,
FAIL;444:edges = 534,fail_cases = 22,fault = 110&111&106&107&108&109,
SUCCESS;445:edges = 536,fail_cases = 22,fault = 112,
SUCCESS;446:edges = 537,fail_cases = 22,fault = 112&106,
SUCCESS;447:edges = 538,fail_cases = 22,fault = 112&106&107,
SUCCESS;448:edges = 539,fail_cases = 22,fault = 112&106&107&108,
SUCCESS;449:edges = 540,fail_cases = 22,fault = 112&106&107&108&109,
SUCCESS;450:edges = 541,fail_cases = 22,fault = 110&112&106&107&108&109,
SUCCESS;451:edges = 543,fail_cases = 22,fault = 112&113,
SUCCESS;452:edges = 544,fail_cases = 22,fault = 112&113&106,
SUCCESS;453:edges = 545,fail_cases = 22,fault = 112&113&106&107,
SUCCESS;454:edges = 546,fail_cases = 22,fault = 112&113&106&107&108,
SUCCESS;455:edges = 547,fail_cases = 22,fault = 112&113&106&107&108&109,
SUCCESS;456:edges = 548,fail_cases = 22,fault = 110&112&113&106&107&108&109,
FAIL;457:edges = 548,fail_cases = 23,fault = 112&113&114,
SUCCESS;458:edges = 550,fail_cases = 23,fault = 115,
SUCCESS;459:edges = 551,fail_cases = 23,fault = 112&115,
SUCCESS;460:edges = 552,fail_cases = 23,fault = 112&113&115,
SUCCESS;461:edges = 554,fail_cases = 23,fault = 115&116,
SUCCESS;462:edges = 555,fail_cases = 23,fault = 112&115&116,
SUCCESS;463:edges = 556,fail_cases = 23,fault = 112&113&115&116,
FAIL;464:edges = 556,fail_cases = 24,fault = 115&116&117,
SUCCESS;465:edges = 558,fail_cases = 24,fault = 118,
SUCCESS;466:edges = 559,fail_cases = 24,fault = 115&118,
SUCCESS;467:edges = 560,fail_cases = 24,fault = 115&116&118,
SUCCESS;468:edges = 562,fail_cases = 24,fault = 118&119,
SUCCESS;469:edges = 563,fail_cases = 24,fault = 115&118&119,
SUCCESS;470:edges = 564,fail_cases = 24,fault = 115&116&118&119,
SUCCESS;471:edges = 566,fail_cases = 24,fault = 118&119&120,
SUCCESS;472:edges = 567,fail_cases = 24,fault = 115&118&119&120,
SUCCESS;473:edges = 568,fail_cases = 24,fault = 115&116&118&119&120,
SUCCESS;474:edges = 570,fail_cases = 24,fault = 121&118&119&120,
SUCCESS;475:edges = 571,fail_cases = 24,fault = 121&115&118&119&120,
SUCCESS;476:edges = 572,fail_cases = 24,fault = 121&115&116&118&119&120,
FAIL;477:edges = 572,fail_cases = 25,fault = 121&122&118&119&120,
SUCCESS;478:edges = 574,fail_cases = 25,fault = 123,
SUCCESS;479:edges = 575,fail_cases = 25,fault = 123&118,
SUCCESS;480:edges = 576,fail_cases = 25,fault = 123&118&119,
SUCCESS;481:edges = 577,fail_cases = 25,fault = 123&118&119&120,
SUCCESS;482:edges = 578,fail_cases = 25,fault = 121&123&118&119&120,
FAIL;483:edges = 578,fail_cases = 26,fault = 123&124,
SUCCESS;484:edges = 580,fail_cases = 26,fault = 128,
SUCCESS;485:edges = 581,fail_cases = 26,fault = 123&128,
SUCCESS;486:edges = 583,fail_cases = 26,fault = 128&129,
SUCCESS;487:edges = 584,fail_cases = 26,fault = 123&128&129,
SUCCESS;488:edges = 586,fail_cases = 26,fault = 128&129&130,
SUCCESS;489:edges = 587,fail_cases = 26,fault = 123&128&129&130,
SUCCESS;490:edges = 589,fail_cases = 26,fault = 128&129&130&131,
SUCCESS;491:edges = 590,fail_cases = 26,fault = 123&128&129&130&131,
SUCCESS;492:edges = 592,fail_cases = 26,fault = 132&128&129&130&131,
SUCCESS;493:edges = 593,fail_cases = 26,fault = 132&123&128&129&130&131,
SUCCESS;494:edges = 595,fail_cases = 26,fault = 132&125&128&129&130&131,
SUCCESS;495:edges = 596,fail_cases = 26,fault = 132&123&125&128&129&130&131,
SUCCESS;496:edges = 598,fail_cases = 26,fault = 132&125&126&128&129&130&131,
SUCCESS;497:edges = 599,fail_cases = 26,fault = 132&123&125&126&128&129&130&131,
FAIL;498:edges = 599,fail_cases = 27,fault = 132&125&126&127&128&129&130&131,
SUCCESS;499:edges = 601,fail_cases = 27,fault = 133,
SUCCESS;500:edges = 602,fail_cases = 27,fault = 133&128,
SUCCESS;501:edges = 603,fail_cases = 27,fault = 133&128&129,
SUCCESS;502:edges = 604,fail_cases = 27,fault = 133&128&129&130,
SUCCESS;503:edges = 605,fail_cases = 27,fault = 133&128&129&130&131,
SUCCESS;504:edges = 606,fail_cases = 27,fault = 132&133&128&129&130&131,
SUCCESS;505:edges = 607,fail_cases = 27,fault = 132&133&125&128&129&130&131,
SUCCESS;506:edges = 608,fail_cases = 27,fault = 132&133&125&126&128&129&130&131,
SUCCESS;507:edges = 610,fail_cases = 27,fault = 133&134,
SUCCESS;508:edges = 611,fail_cases = 27,fault = 133&134&128,
SUCCESS;509:edges = 612,fail_cases = 27,fault = 133&134&128&129,
SUCCESS;510:edges = 613,fail_cases = 27,fault = 133&134&128&129&130,
SUCCESS;511:edges = 614,fail_cases = 27,fault = 133&134&128&129&130&131,
SUCCESS;512:edges = 615,fail_cases = 27,fault = 132&133&134&128&129&130&131,
SUCCESS;513:edges = 616,fail_cases = 27,fault = 132&133&134&125&128&129&130&131,
SUCCESS;514:edges = 617,fail_cases = 27,fault = 132&133&134&125&126&128&129&130&131,
SUCCESS;515:edges = 619,fail_cases = 27,fault = 133&134&135,
SUCCESS;516:edges = 620,fail_cases = 27,fault = 133&134&135&128,
SUCCESS;517:edges = 621,fail_cases = 27,fault = 133&134&135&128&129,
SUCCESS;518:edges = 622,fail_cases = 27,fault = 133&134&135&128&129&130,
SUCCESS;519:edges = 623,fail_cases = 27,fault = 133&134&135&128&129&130&131,
SUCCESS;520:edges = 624,fail_cases = 27,fault = 132&133&134&135&128&129&130&131,
SUCCESS;521:edges = 625,fail_cases = 27,fault = 132&133&134&135&125&128&129&130&131,
SUCCESS;522:edges = 626,fail_cases = 27,fault = 132&133&134&135&125&126&128&129&130&131,
SUCCESS;523:edges = 628,fail_cases = 27,fault = 133&134&135&136,
SUCCESS;524:edges = 629,fail_cases = 27,fault = 133&134&135&136&128,
SUCCESS;525:edges = 630,fail_cases = 27,fault = 133&134&135&136&128&129,
SUCCESS;526:edges = 631,fail_cases = 27,fault = 133&134&135&136&128&129&130,
SUCCESS;527:edges = 632,fail_cases = 27,fault = 133&134&135&136&128&129&130&131,
SUCCESS;528:edges = 633,fail_cases = 27,fault = 132&133&134&135&136&128&129&130&131,
SUCCESS;529:edges = 634,fail_cases = 27,fault = 132&133&134&135&136&125&128&129&130&131,
SUCCESS;530:edges = 635,fail_cases = 27,fault = 132&133&134&135&136&125&126&128&129&130&131,
SUCCESS;531:edges = 637,fail_cases = 27,fault = 133&134&135&136&137,
SUCCESS;532:edges = 638,fail_cases = 27,fault = 133&134&135&136&137&128,
SUCCESS;533:edges = 639,fail_cases = 27,fault = 133&134&135&136&137&128&129,
SUCCESS;534:edges = 640,fail_cases = 27,fault = 133&134&135&136&137&128&129&130,
SUCCESS;535:edges = 641,fail_cases = 27,fault = 133&134&135&136&137&128&129&130&131,
SUCCESS;536:edges = 642,fail_cases = 27,fault = 132&133&134&135&136&137&128&129&130&131,
SUCCESS;537:edges = 643,fail_cases = 27,fault = 132&133&134&135&136&125&137&128&129&130&131,
SUCCESS;538:edges = 644,fail_cases = 27,fault = 132&133&134&135&136&125&137&126&128&129&130&131,
SUCCESS;539:edges = 646,fail_cases = 27,fault = 133&134&135&136&137&138,
SUCCESS;540:edges = 647,fail_cases = 27,fault = 133&134&135&136&137&138&128,
SUCCESS;541:edges = 648,fail_cases = 27,fault = 133&134&135&136&137&138&128&129,
SUCCESS;542:edges = 649,fail_cases = 27,fault = 133&134&135&136&137&138&128&129&130,
SUCCESS;543:edges = 650,fail_cases = 27,fault = 133&134&135&136&137&138&128&129&130&131,
SUCCESS;544:edges = 651,fail_cases = 27,fault = 132&133&134&135&136&137&138&128&129&130&131,
SUCCESS;545:edges = 652,fail_cases = 27,fault = 132&133&134&135&136&125&137&138&128&129&130&131,
SUCCESS;546:edges = 653,fail_cases = 27,fault = 130&131&132&133&134&135&136&125&137&126&138&128&129,
FAIL;547:edges = 653,fail_cases = 28,fault = 133&134&135&136&137&138&139,
SUCCESS;548:edges = 655,fail_cases = 28,fault = 140,
SUCCESS;549:edges = 656,fail_cases = 28,fault = 133&140,
SUCCESS;550:edges = 657,fail_cases = 28,fault = 133&134&140,
SUCCESS;551:edges = 658,fail_cases = 28,fault = 133&134&135&140,
SUCCESS;552:edges = 659,fail_cases = 28,fault = 133&134&135&136&140,
SUCCESS;553:edges = 660,fail_cases = 28,fault = 133&134&135&136&137&140,
SUCCESS;554:edges = 661,fail_cases = 28,fault = 133&134&135&136&137&138&140,
FAIL;555:edges = 661,fail_cases = 29,fault = 140&141,
SUCCESS;556:edges = 662,fail_cases = 29,fault = 144,
SUCCESS;557:edges = 663,fail_cases = 29,fault = 144&140,
SUCCESS;558:edges = 664,fail_cases = 29,fault = 144&145,
SUCCESS;559:edges = 665,fail_cases = 29,fault = 144&145&140,
SUCCESS;560:edges = 666,fail_cases = 29,fault = 144&145&146,
SUCCESS;561:edges = 667,fail_cases = 29,fault = 144&145&146&140,
SUCCESS;562:edges = 668,fail_cases = 29,fault = 144&145&146&147,
SUCCESS;563:edges = 669,fail_cases = 29,fault = 144&145&146&147&140,
SUCCESS;564:edges = 670,fail_cases = 29,fault = 144&145&146&147&142,
SUCCESS;565:edges = 671,fail_cases = 29,fault = 144&145&146&147&140&142,
FAIL;566:edges = 671,fail_cases = 30,fault = 143&144&145&146&147&142,