SUCCESS;0:edges = 4,fail_cases = 0,fault = ,
SUCCESS;1:edges = 5,fail_cases = 0,fault = 1,
SUCCESS;2:edges = 6,fail_cases = 0,fault = 1&2,
SUCCESS;3:edges = 7,fail_cases = 0,fault = 1&2&3,
SUCCESS;4:edges = 8,fail_cases = 0,fault = 1&2&3&4,
SUCCESS;5:edges = 9,fail_cases = 0,fault = 1&2&3&4&5,
SUCCESS;6:edges = 10,fail_cases = 0,fault = 1&2&3&4&5&6,
FAIL;7:edges = 10,fail_cases = 1,fault = 1&2&3&4&5&6&7,
SUCCESS;8:edges = 12,fail_cases = 1,fault = 8,
SUCCESS;9:edges = 13,fail_cases = 1,fault = 1&8,
SUCCESS;10:edges = 14,fail_cases = 1,fault = 1&2&8,
SUCCESS;11:edges = 15,fail_cases = 1,fault = 1&2&3&8,
SUCCESS;12:edges = 16,fail_cases = 1,fault = 1&2&3&4&8,
SUCCESS;13:edges = 17,fail_cases = 1,fault = 1&2&3&4&5&8,
SUCCESS;14:edges = 18,fail_cases = 1,fault = 1&2&3&4&5&6&8,
FAIL;15:edges = 18,fail_cases = 2,fault = 8&9,
SUCCESS;16:edges = 20,fail_cases = 2,fault = 11,
SUCCESS;17:edges = 21,fail_cases = 2,fault = 11&8,
SUCCESS;18:edges = 24,fail_cases = 2,fault = 11&12,
SUCCESS;19:edges = 25,fail_cases = 2,fault = 17&8,
FAIL;20:edges = 25,fail_cases = 3,fault = 11&12&10,
SUCCESS;21:edges = 27,fail_cases = 3,fault = 11&12&13,
SUCCESS;22:edges = 29,fail_cases = 3,fault = 11&12&13&14,
SUCCESS;23:edges = 31,fail_cases = 3,fault = 11&12&13&14&15,
SUCCESS;24:edges = 32,fail_cases = 3,fault = 11&12&13&14&15&19,
FAIL;25:edges = 32,fail_cases = 4,fault = 11&12&13&14&15&16,
SUCCESS;26:edges = 33,fail_cases = 4,fault = 18&10,
SUCCESS;27:edges = 34,fail_cases = 4,fault = 11&18&10,
SUCCESS;28:edges = 35,fail_cases = 4,fault = 17&19&20&10,
SUCCESS;29:edges = 36,fail_cases = 4,fault = 13&16&17&10,
SUCCESS;30:edges = 37,fail_cases = 4,fault = 11&17&19&20&10,
SUCCESS;31:edges = 38,fail_cases = 4,fault = 11&12&13&14&15&19&20,
SUCCESS;32:edges = 39,fail_cases = 4,fault = 11&12&13&14&15&19&20&21,
SUCCESS;33:edges = 40,fail_cases = 4,fault = 22&13&14&17&19&20&10&21,
SUCCESS;34:edges = 41,fail_cases = 4,fault = 11&13&16&17&10,
SUCCESS;35:edges = 42,fail_cases = 4,fault = 11&13&14&16&17&10,
FAIL;36:edges = 42,fail_cases = 5,fault = 11&22&12&13&14&15&19&20&21,
FAIL;37:edges = 42,fail_cases = 6,fault = 22&13&14&15&17&19&20&21,
SUCCESS;38:edges = 43,fail_cases = 6,fault = 16&18,
SUCCESS;39:edges = 44,fail_cases = 6,fault = 11&12&16&18,
SUCCESS;40:edges = 45,fail_cases = 6,fault = 11&12&13&16&18,
SUCCESS;41:edges = 46,fail_cases = 6,fault = 11&12&13&14&16&18,
FAIL;42:edges = 46,fail_cases = 7,fault = 13&14&15&16&17,
SUCCESS;43:edges = 47,fail_cases = 7,fault = 16&18&19,
SUCCESS;44:edges = 48,fail_cases = 7,fault = 11&12&16&18&19,
SUCCESS;45:edges = 49,fail_cases = 7,fault = 11&12&13&16&18&19,
SUCCESS;46:edges = 50,fail_cases = 7,fault = 11&12&13&14&16&18&19,
SUCCESS;47:edges = 51,fail_cases = 7,fault = 16&18&19&20,
SUCCESS;48:edges = 52,fail_cases = 7,fault = 11&12&16&18&19&20,
SUCCESS;49:edges = 53,fail_cases = 7,fault = 11&12&13&16&18&19&20,
SUCCESS;50:edges = 54,fail_cases = 7,fault = 11&12&13&14&16&18&19&20,
SUCCESS;51:edges = 55,fail_cases = 7,fault = 16&18&19&20&21,
SUCCESS;52:edges = 56,fail_cases = 7,fault = 11&12&16&18&19&20&21,
SUCCESS;53:edges = 57,fail_cases = 7,fault = 11&12&13&16&18&19&20&21,
SUCCESS;54:edges = 58,fail_cases = 7,fault = 11&12&13&14&16&18&19&20&21,
FAIL;55:edges = 58,fail_cases = 8,fault = 22&18&19&20&21,