SUCCESS;0:edges = 14,fail_cases = 0,fault = ,
SUCCESS;1:edges = 15,fail_cases = 0,fault = 1,
SUCCESS;2:edges = 16,fail_cases = 0,fault = 1&2,
SUCCESS;3:edges = 17,fail_cases = 0,fault = 1&2&3,
SUCCESS;4:edges = 18,fail_cases = 0,fault = 1&2&3&4,
SUCCESS;5:edges = 19,fail_cases = 0,fault = 1&2&3&4&5,
FAIL;6:edges = 19,fail_cases = 1,fault = 1&2&3&4&5&6,
SUCCESS;7:edges = 21,fail_cases = 1,fault = 7,
SUCCESS;8:edges = 22,fail_cases = 1,fault = 1&7,
SUCCESS;9:edges = 23,fail_cases = 1,fault = 1&2&7,
SUCCESS;10:edges = 24,fail_cases = 1,fault = 1&2&3&7,
SUCCESS;11:edges = 25,fail_cases = 1,fault = 1&2&3&4&7,
SUCCESS;12:edges = 26,fail_cases = 1,fault = 1&2&3&4&5&7,
FAIL;13:edges = 26,fail_cases = 2,fault = 7&8,
SUCCESS;14:edges = 28,fail_cases = 2,fault = 16,
SUCCESS;15:edges = 29,fail_cases = 2,fault = 16&7,
SUCCESS;16:edges = 31,fail_cases = 2,fault = 16&9,
SUCCESS;17:edges = 32,fail_cases = 2,fault = 16&7&9,
SUCCESS;18:edges = 34,fail_cases = 2,fault = 16&9&10,
SUCCESS;19:edges = 35,fail_cases = 2,fault = 16&7&9&10,
SUCCESS;20:edges = 37,fail_cases = 2,fault = 11&16&9&10,
SUCCESS;21:edges = 38,fail_cases = 2,fault = 11&16&7&9&10,
SUCCESS;22:edges = 40,fail_cases = 2,fault = 11&12&16&9&10,
SUCCESS;23:edges = 41,fail_cases = 2,fault = 11&12&16&7&9&10,
SUCCESS;24:edges = 43,fail_cases = 2,fault = 11&12&13&16&9&10,
SUCCESS;25:edges = 44,fail_cases = 2,fault = 11&12&13&16&7&9&10,
SUCCESS;26:edges = 46,fail_cases = 2,fault = 11&12&13&14&16&9&10,
SUCCESS;27:edges = 47,fail_cases = 2,fault = 11&12&13&14&16&7&9&10,
FAIL;28:edges = 47,fail_cases = 3,fault = 11&12&13&14&15&16&9&10,
SUCCESS;29:edges = 49,fail_cases = 3,fault = 17,
SUCCESS;30:edges = 50,fail_cases = 3,fault = 16&17,
SUCCESS;31:edges = 51,fail_cases = 3,fault = 16&17&9,
SUCCESS;32:edges = 52,fail_cases = 3,fault = 16&17&9&10,
SUCCESS;33:edges = 53,fail_cases = 3,fault = 11&16&17&9&10,
SUCCESS;34:edges = 54,fail_cases = 3,fault = 11&12&16&17&9&10,
SUCCESS;35:edges = 55,fail_cases = 3,fault = 11&12&13&16&17&9&10,
SUCCESS;36:edges = 56,fail_cases = 3,fault = 11&12&13&14&16&17&9&10,
FAIL;37:edges = 56,fail_cases = 4,fault = 17&18,
SUCCESS;38:edges = 58,fail_cases = 4,fault = 19,
SUCCESS;39:edges = 59,fail_cases = 4,fault = 17&19,
SUCCESS;40:edges = 61,fail_cases = 4,fault = 19&20,
SUCCESS;41:edges = 62,fail_cases = 4,fault = 17&19&20,
SUCCESS;42:edges = 64,fail_cases = 4,fault = 19&20&21,
SUCCESS;43:edges = 65,fail_cases = 4,fault = 17&19&20&21,
SUCCESS;44:edges = 67,fail_cases = 4,fault = 22&19&20&21,
SUCCESS;45:edges = 68,fail_cases = 4,fault = 22&17&19&20&21,
SUCCESS;46:edges = 70,fail_cases = 4,fault = 22&23&19&20&21,
SUCCESS;47:edges = 71,fail_cases = 4,fault = 22&23&17&19&20&21,
SUCCESS;48:edges = 73,fail_cases = 4,fault = 22&23&24&19&20&21,
SUCCESS;49:edges = 74,fail_cases = 4,fault = 22&23&24&17&19&20&21,
FAIL;50:edges = 74,fail_cases = 5,fault = 22&23&24&25&19&20&21,
SUCCESS;51:edges = 76,fail_cases = 5,fault = 26,
SUCCESS;52:edges = 77,fail_cases = 5,fault = 26&19,
SUCCESS;53:edges = 78,fail_cases = 5,fault = 26&19&20,
SUCCESS;54:edges = 79,fail_cases = 5,fault = 26&19&20&21,
SUCCESS;55:edges = 80,fail_cases = 5,fault = 22&26&19&20&21,
SUCCESS;56:edges = 81,fail_cases = 5,fault = 22&23&26&19&20&21,
SUCCESS;57:edges = 82,fail_cases = 5,fault = 22&23&24&26&19&20&21,
SUCCESS;58:edges = 84,fail_cases = 5,fault = 26&27,
SUCCESS;59:edges = 85,fail_cases = 5,fault = 26&27&19,
SUCCESS;60:edges = 86,fail_cases = 5,fault = 26&27&19&20,
SUCCESS;61:edges = 87,fail_cases = 5,fault = 26&27&19&20&21,
SUCCESS;62:edges = 88,fail_cases = 5,fault = 22&26&27&19&20&21,
SUCCESS;63:edges = 89,fail_cases = 5,fault = 22&23&26&27&19&20&21,
SUCCESS;64:edges = 90,fail_cases = 5,fault = 22&23&24&26&27&19&20&21,
SUCCESS;65:edges = 92,fail_cases = 5,fault = 26&27&28,
SUCCESS;66:edges = 93,fail_cases = 5,fault = 26&27&28&19,
SUCCESS;67:edges = 94,fail_cases = 5,fault = 26&27&28&19&20,
SUCCESS;68:edges = 95,fail_cases = 5,fault = 26&27&28&19&20&21,
SUCCESS;69:edges = 96,fail_cases = 5,fault = 22&26&27&28&19&20&21,
SUCCESS;70:edges = 97,fail_cases = 5,fault = 22&23&26&27&28&19&20&21,
SUCCESS;71:edges = 98,fail_cases = 5,fault = 22&23&24&26&27&28&19&20&21,
SUCCESS;72:edges = 100,fail_cases = 5,fault = 26&27&28&29,
SUCCESS;73:edges = 101,fail_cases = 5,fault = 26&27&28&29&19,
SUCCESS;74:edges = 102,fail_cases = 5,fault = 26&27&28&29&19&20,
SUCCESS;75:edges = 103,fail_cases = 5,fault = 26&27&28&29&19&20&21,
SUCCESS;76:edges = 104,fail_cases = 5,fault = 22&26&27&28&29&19&20&21,
SUCCESS;77:edges = 105,fail_cases = 5,fault = 22&23&26&27&28&29&19&20&21,
SUCCESS;78:edges = 106,fail_cases = 5,fault = 22&23&24&26&27&28&29&19&20&21,
FAIL;79:edges = 106,fail_cases = 6,fault = 26&27&28&29&30,
SUCCESS;80:edges = 108,fail_cases = 6,fault = 32,
SUCCESS;81:edges = 109,fail_cases = 6,fault = 26&32,
SUCCESS;82:edges = 110,fail_cases = 6,fault = 26&27&32,
SUCCESS;83:edges = 111,fail_cases = 6,fault = 26&27&28&32,
SUCCESS;84:edges = 112,fail_cases = 6,fault = 26&27&28&29&32,
SUCCESS;85:edges = 114,fail_cases = 6,fault = 33&32,
SUCCESS;86:edges = 115,fail_cases = 6,fault = 33&26&32,
SUCCESS;87:edges = 116,fail_cases = 6,fault = 33&26&27&32,
SUCCESS;88:edges = 117,fail_cases = 6,fault = 33&26&27&28&32,
SUCCESS;89:edges = 118,fail_cases = 6,fault = 33&26&27&28&29&32,
SUCCESS;90:edges = 120,fail_cases = 6,fault = 33&34&32,
SUCCESS;91:edges = 121,fail_cases = 6,fault = 33&34&26&32,
SUCCESS;92:edges = 122,fail_cases = 6,fault = 33&34&26&27&32,
SUCCESS;93:edges = 123,fail_cases = 6,fault = 33&34&26&27&28&32,
SUCCESS;94:edges = 124,fail_cases = 6,fault = 33&34&26&27&28&29&32,
FAIL;95:edges = 124,fail_cases = 7,fault = 33&34&31&32,
SUCCESS;96:edges = 126,fail_cases = 7,fault = 35,
SUCCESS;97:edges = 127,fail_cases = 7,fault = 35&32,
SUCCESS;98:edges = 128,fail_cases = 7,fault = 33&35&32,
SUCCESS;99:edges = 129,fail_cases = 7,fault = 33&34&35&32,
SUCCESS;100:edges = 131,fail_cases = 7,fault = 35&36,
SUCCESS;101:edges = 132,fail_cases = 7,fault = 35&36&32,
SUCCESS;102:edges = 133,fail_cases = 7,fault = 33&35&36&32,
SUCCESS;103:edges = 134,fail_cases = 7,fault = 33&34&35&36&32,
SUCCESS;104:edges = 136,fail_cases = 7,fault = 35&36&37,
SUCCESS;105:edges = 137,fail_cases = 7,fault = 35&36&37&32,
SUCCESS;106:edges = 138,fail_cases = 7,fault = 33&35&36&37&32,
SUCCESS;107:edges = 139,fail_cases = 7,fault = 33&34&35&36&37&32,
SUCCESS;108:edges = 141,fail_cases = 7,fault = 35&36&37&38,
SUCCESS;109:edges = 142,fail_cases = 7,fault = 35&36&37&38&32,
SUCCESS;110:edges = 143,fail_cases = 7,fault = 33&35&36&37&38&32,
SUCCESS;111:edges = 144,fail_cases = 7,fault = 33&34&35&36&37&38&32,
FAIL;112:edges = 144,fail_cases = 8,fault = 35&36&37&38&39,
SUCCESS;113:edges = 146,fail_cases = 8,fault = 40,
SUCCESS;114:edges = 147,fail_cases = 8,fault = 35&40,
SUCCESS;115:edges = 148,fail_cases = 8,fault = 35&36&40,
SUCCESS;116:edges = 149,fail_cases = 8,fault = 35&36&37&40,
SUCCESS;117:edges = 150,fail_cases = 8,fault = 35&36&37&38&40,
SUCCESS;118:edges = 152,fail_cases = 8,fault = 40&41,
SUCCESS;119:edges = 153,fail_cases = 8,fault = 35&40&41,
SUCCESS;120:edges = 154,fail_cases = 8,fault = 35&36&40&41,
SUCCESS;121:edges = 155,fail_cases = 8,fault = 35&36&37&40&41,
SUCCESS;122:edges = 156,fail_cases = 8,fault = 35&36&37&38&40&41,
SUCCESS;123:edges = 158,fail_cases = 8,fault = 40&41&42,
SUCCESS;124:edges = 159,fail_cases = 8,fault = 35&40&41&42,
SUCCESS;125:edges = 160,fail_cases = 8,fault = 35&36&40&41&42,
SUCCESS;126:edges = 161,fail_cases = 8,fault = 35&36&37&40&41&42,
SUCCESS;127:edges = 162,fail_cases = 8,fault = 35&36&37&38&40&41&42,
SUCCESS;128:edges = 164,fail_cases = 8,fault = 40&41&42&43,
SUCCESS;129:edges = 165,fail_cases = 8,fault = 35&40&41&42&43,
SUCCESS;130:edges = 166,fail_cases = 8,fault = 35&36&40&41&42&43,
SUCCESS;131:edges = 167,fail_cases = 8,fault = 35&36&37&40&41&42&43,
SUCCESS;132:edges = 168,fail_cases = 8,fault = 35&36&37&38&40&41&42&43,
SUCCESS;133:edges = 170,fail_cases = 8,fault = 44&40&41&42&43,
SUCCESS;134:edges = 171,fail_cases = 8,fault = 44&35&40&41&42&43,
SUCCESS;135:edges = 172,fail_cases = 8,fault = 44&35&36&40&41&42&43,
SUCCESS;136:edges = 173,fail_cases = 8,fault = 44&35&36&37&40&41&42&43,
SUCCESS;137:edges = 174,fail_cases = 8,fault = 44&35&36&37&38&40&41&42&43,
FAIL;138:edges = 174,fail_cases = 9,fault = 44&45&40&41&42&43,
SUCCESS;139:edges = 176,fail_cases = 9,fault = 48,
SUCCESS;140:edges = 177,fail_cases = 9,fault = 48&40,
SUCCESS;141:edges = 178,fail_cases = 9,fault = 48&40&41,
SUCCESS;142:edges = 179,fail_cases = 9,fault = 48&40&41&42,
SUCCESS;143:edges = 180,fail_cases = 9,fault = 48&40&41&42&43,
SUCCESS;144:edges = 181,fail_cases = 9,fault = 44&48&40&41&42&43,
SUCCESS;145:edges = 183,fail_cases = 9,fault = 48&49,
SUCCESS;146:edges = 184,fail_cases = 9,fault = 48&49&40,
SUCCESS;147:edges = 185,fail_cases = 9,fault = 48&49&40&41,
SUCCESS;148:edges = 186,fail_cases = 9,fault = 48&49&40&41&42,
SUCCESS;149:edges = 187,fail_cases = 9,fault = 48&49&40&41&42&43,
SUCCESS;150:edges = 188,fail_cases = 9,fault = 44&48&49&40&41&42&43,
SUCCESS;151:edges = 190,fail_cases = 9,fault = 46&48&49,
SUCCESS;152:edges = 191,fail_cases = 9,fault = 46&48&49&40,
SUCCESS;153:edges = 192,fail_cases = 9,fault = 46&48&49&40&41,
SUCCESS;154:edges = 193,fail_cases = 9,fault = 46&48&49&40&41&42,
SUCCESS;155:edges = 194,fail_cases = 9,fault = 46&48&49&40&41&42&43,
SUCCESS;156:edges = 195,fail_cases = 9,fault = 44&46&48&49&40&41&42&43,
FAIL;157:edges = 195,fail_cases = 10,fault = 46&47&48&49,
SUCCESS;158:edges = 197,fail_cases = 10,fault = 50,
SUCCESS;159:edges = 198,fail_cases = 10,fault = 48&50,
SUCCESS;160:edges = 199,fail_cases = 10,fault = 48&49&50,
SUCCESS;161:edges = 200,fail_cases = 10,fault = 46&48&49&50,
SUCCESS;162:edges = 202,fail_cases = 10,fault = 50&51,
SUCCESS;163:edges = 203,fail_cases = 10,fault = 48&50&51,
SUCCESS;164:edges = 204,fail_cases = 10,fault = 48&49&50&51,
SUCCESS;165:edges = 205,fail_cases = 10,fault = 46&48&49&50&51,
SUCCESS;166:edges = 207,fail_cases = 10,fault = 50&51&52,
SUCCESS;167:edges = 208,fail_cases = 10,fault = 48&50&51&52,
SUCCESS;168:edges = 209,fail_cases = 10,fault = 48&49&50&51&52,
SUCCESS;169:edges = 210,fail_cases = 10,fault = 46&48&49&50&51&52,
FAIL;170:edges = 210,fail_cases = 11,fault = 50&51&52&53,
SUCCESS;171:edges = 212,fail_cases = 11,fault = 54,
SUCCESS;172:edges = 213,fail_cases = 11,fault = 50&54,
SUCCESS;173:edges = 214,fail_cases = 11,fault = 50&51&54,
SUCCESS;174:edges = 215,fail_cases = 11,fault = 50&51&52&54,
SUCCESS;175:edges = 217,fail_cases = 11,fault = 55&54,
SUCCESS;176:edges = 218,fail_cases = 11,fault = 55&50&54,
SUCCESS;177:edges = 219,fail_cases = 11,fault = 55&50&51&54,
SUCCESS;178:edges = 220,fail_cases = 11,fault = 55&50&51&52&54,
FAIL;179:edges = 220,fail_cases = 12,fault = 55&56&54,
SUCCESS;180:edges = 222,fail_cases = 12,fault = 57,
SUCCESS;181:edges = 223,fail_cases = 12,fault = 57&54,
SUCCESS;182:edges = 224,fail_cases = 12,fault = 55&57&54,
SUCCESS;183:edges = 226,fail_cases = 12,fault = 57&58,
SUCCESS;184:edges = 227,fail_cases = 12,fault = 57&58&54,
SUCCESS;185:edges = 228,fail_cases = 12,fault = 55&57&58&54,
SUCCESS;186:edges = 230,fail_cases = 12,fault = 57&58&59,
SUCCESS;187:edges = 231,fail_cases = 12,fault = 57&58&59&54,
SUCCESS;188:edges = 232,fail_cases = 12,fault = 55&57&58&59&54,
FAIL;189:edges = 232,fail_cases = 13,fault = 57&58&59&60,
SUCCESS;190:edges = 234,fail_cases = 13,fault = 61,
SUCCESS;191:edges = 235,fail_cases = 13,fault = 57&61,
SUCCESS;192:edges = 236,fail_cases = 13,fault = 57&58&61,
SUCCESS;193:edges = 237,fail_cases = 13,fault = 57&58&59&61,
FAIL;194:edges = 237,fail_cases = 14,fault = 61&62,
SUCCESS;195:edges = 238,fail_cases = 14,fault = 64,
SUCCESS;196:edges = 239,fail_cases = 14,fault = 61&64,
SUCCESS;197:edges = 240,fail_cases = 14,fault = 64&65,
SUCCESS;198:edges = 241,fail_cases = 14,fault = 61&64&65,
SUCCESS;199:edges = 242,fail_cases = 14,fault = 66&64&65,
SUCCESS;200:edges = 243,fail_cases = 14,fault = 66&61&64&65,
SUCCESS;201:edges = 244,fail_cases = 14,fault = 66&67&64&65,
SUCCESS;202:edges = 245,fail_cases = 14,fault = 66&67&61&64&65,
SUCCESS;203:edges = 246,fail_cases = 14,fault = 66&67&68&64&65,
SUCCESS;204:edges = 247,fail_cases = 14,fault = 66&67&68&61&64&65,
FAIL;205:edges = 247,fail_cases = 15,fault = 66&67&68&63&64&65,