SUCCESS;0:edges = 27,fail_cases = 0,fault = ,
SUCCESS;1:edges = 28,fail_cases = 0,fault = 1,
SUCCESS;2:edges = 29,fail_cases = 0,fault = 1&2,
SUCCESS;3:edges = 30,fail_cases = 0,fault = 1&2&3,
FAIL;4:edges = 30,fail_cases = 1,fault = 1&2&3&4,
SUCCESS;5:edges = 32,fail_cases = 1,fault = 5,
SUCCESS;6:edges = 33,fail_cases = 1,fault = 1&5,
SUCCESS;7:edges = 34,fail_cases = 1,fault = 1&2&5,
SUCCESS;8:edges = 35,fail_cases = 1,fault = 1&2&3&5,
SUCCESS;9:edges = 37,fail_cases = 1,fault = 5&6,
SUCCESS;10:edges = 38,fail_cases = 1,fault = 1&5&6,
SUCCESS;11:edges = 39,fail_cases = 1,fault = 1&2&5&6,
SUCCESS;12:edges = 40,fail_cases = 1,fault = 1&2&3&5&6,
SUCCESS;13:edges = 42,fail_cases = 1,fault = 5&6&7,
SUCCESS;14:edges = 43,fail_cases = 1,fault = 1&5&6&7,
SUCCESS;15:edges = 44,fail_cases = 1,fault = 1&2&5&6&7,
SUCCESS;16:edges = 45,fail_cases = 1,fault = 1&2&3&5&6&7,
SUCCESS;17:edges = 47,fail_cases = 1,fault = 5&6&7&8,
SUCCESS;18:edges = 48,fail_cases = 1,fault = 1&5&6&7&8,
SUCCESS;19:edges = 49,fail_cases = 1,fault = 1&2&5&6&7&8,
SUCCESS;20:edges = 50,fail_cases = 1,fault = 1&2&3&5&6&7&8,
SUCCESS;21:edges = 53,fail_cases = 1,fault = 5&6&7&8&9,
SUCCESS;22:edges = 54,fail_cases = 1,fault = 11&1,
SUCCESS;23:edges = 55,fail_cases = 1,fault = 11&1&5,
SUCCESS;24:edges = 56,fail_cases = 1,fault = 1&5&6&7&8&9,
SUCCESS;25:edges = 57,fail_cases = 1,fault = 1&2&5&6&7&8&9,
SUCCESS;26:edges = 58,fail_cases = 1,fault = 11&1&2&3&5&6,
SUCCESS;27:edges = 59,fail_cases = 1,fault = 11&1&2&3&5&6&8,
SUCCESS;28:edges = 60,fail_cases = 1,fault = 1&2&3&5&6&7&8&9,
FAIL;29:edges = 60,fail_cases = 2,fault = 5&6&7&8&9&10,
SUCCESS;30:edges = 62,fail_cases = 2,fault = 11&5&6&8&9&10,
FAIL;31:edges = 62,fail_cases = 3,fault = 11&13&5&6&8&9&10,
SUCCESS;32:edges = 63,fail_cases = 3,fault = 12&5&6&7&8&9,
FAIL;33:edges = 63,fail_cases = 4,fault = 12&13&5&6&7&8&9,
SUCCESS;34:edges = 64,fail_cases = 4,fault = 11&12&7&10,
SUCCESS;35:edges = 65,fail_cases = 4,fault = 11&12&5&7&10,
SUCCESS;36:edges = 66,fail_cases = 4,fault = 11&12&5&6&7&10,
SUCCESS;37:edges = 67,fail_cases = 4,fault = 11&12&5&6&7&8&10,
FAIL;38:edges = 67,fail_cases = 5,fault = 11&12&13,
SUCCESS;39:edges = 69,fail_cases = 5,fault = 16,
SUCCESS;40:edges = 70,fail_cases = 5,fault = 16&5&6&7&8&9,
SUCCESS;41:edges = 71,fail_cases = 5,fault = 11&16&5&6&8&9&10,
SUCCESS;42:edges = 73,fail_cases = 5,fault = 14&16,
SUCCESS;43:edges = 74,fail_cases = 5,fault = 14&16&5&6&7&8&9,
SUCCESS;44:edges = 75,fail_cases = 5,fault = 12&14&16&5&6&7&8&9,
FAIL;45:edges = 75,fail_cases = 6,fault = 14&15&16,
SUCCESS;46:edges = 77,fail_cases = 6,fault = 17,
SUCCESS;47:edges = 78,fail_cases = 6,fault = 16&17,
SUCCESS;48:edges = 79,fail_cases = 6,fault = 14&16&17,
SUCCESS;49:edges = 81,fail_cases = 6,fault = 17&18,
SUCCESS;50:edges = 82,fail_cases = 6,fault = 16&17&18,
SUCCESS;51:edges = 83,fail_cases = 6,fault = 14&16&17&18,
SUCCESS;52:edges = 85,fail_cases = 6,fault = 17&18&19,
SUCCESS;53:edges = 86,fail_cases = 6,fault = 16&17&18&19,
SUCCESS;54:edges = 87,fail_cases = 6,fault = 14&16&17&18&19,
SUCCESS;55:edges = 89,fail_cases = 6,fault = 17&18&19&20,
SUCCESS;56:edges = 90,fail_cases = 6,fault = 16&17&18&19&20,
SUCCESS;57:edges = 91,fail_cases = 6,fault = 14&16&17&18&19&20,
SUCCESS;58:edges = 93,fail_cases = 6,fault = 17&18&19&20&21,
SUCCESS;59:edges = 94,fail_cases = 6,fault = 16&17&18&19&20&21,
SUCCESS;60:edges = 95,fail_cases = 6,fault = 14&16&17&18&19&20&21,
SUCCESS;61:edges = 97,fail_cases = 6,fault = 22&17&18&19&20&21,
SUCCESS;62:edges = 98,fail_cases = 6,fault = 22&16&17&18&19&20&21,
SUCCESS;63:edges = 99,fail_cases = 6,fault = 22&14&16&17&18&19&20&21,
SUCCESS;64:edges = 101,fail_cases = 6,fault = 22&23&17&18&19&20&21,
SUCCESS;65:edges = 102,fail_cases = 6,fault = 22&23&16&17&18&19&20&21,
SUCCESS;66:edges = 103,fail_cases = 6,fault = 22&23&14&16&17&18&19&20&21,
FAIL;67:edges = 103,fail_cases = 7,fault = 22&23&24&17&18&19&20&21,
SUCCESS;68:edges = 105,fail_cases = 7,fault = 25,
SUCCESS;69:edges = 106,fail_cases = 7,fault = 25&17,
SUCCESS;70:edges = 107,fail_cases = 7,fault = 25&17&18,
SUCCESS;71:edges = 108,fail_cases = 7,fault = 25&17&18&19,
SUCCESS;72:edges = 109,fail_cases = 7,fault = 25&17&18&19&20,
SUCCESS;73:edges = 110,fail_cases = 7,fault = 25&17&18&19&20&21,
SUCCESS;74:edges = 111,fail_cases = 7,fault = 22&25&17&18&19&20&21,
SUCCESS;75:edges = 112,fail_cases = 7,fault = 22&23&25&17&18&19&20&21,
SUCCESS;76:edges = 114,fail_cases = 7,fault = 25&26,
SUCCESS;77:edges = 115,fail_cases = 7,fault = 25&26&17,
SUCCESS;78:edges = 116,fail_cases = 7,fault = 25&26&17&18,
SUCCESS;79:edges = 117,fail_cases = 7,fault = 25&26&17&18&19,
SUCCESS;80:edges = 118,fail_cases = 7,fault = 25&26&17&18&19&20,
SUCCESS;81:edges = 119,fail_cases = 7,fault = 25&26&17&18&19&20&21,
SUCCESS;82:edges = 120,fail_cases = 7,fault = 22&25&26&17&18&19&20&21,
SUCCESS;83:edges = 121,fail_cases = 7,fault = 22&23&25&26&17&18&19&20&21,
FAIL;84:edges = 121,fail_cases = 8,fault = 25&26&27,
SUCCESS;85:edges = 123,fail_cases = 8,fault = 32,
SUCCESS;86:edges = 124,fail_cases = 8,fault = 25&32,
SUCCESS;87:edges = 125,fail_cases = 8,fault = 25&26&32,
SUCCESS;88:edges = 127,fail_cases = 8,fault = 33&32,
SUCCESS;89:edges = 128,fail_cases = 8,fault = 33&25&32,
SUCCESS;90:edges = 129,fail_cases = 8,fault = 33&25&26&32,
SUCCESS;91:edges = 131,fail_cases = 8,fault = 33&34&32,
SUCCESS;92:edges = 132,fail_cases = 8,fault = 33&34&25&32,
SUCCESS;93:edges = 133,fail_cases = 8,fault = 33&34&25&26&32,
SUCCESS;94:edges = 135,fail_cases = 8,fault = 33&34&35&32,
SUCCESS;95:edges = 136,fail_cases = 8,fault = 33&34&35&25&32,
SUCCESS;96:edges = 137,fail_cases = 8,fault = 33&34&35&25&26&32,
SUCCESS;97:edges = 139,fail_cases = 8,fault = 33&34&35&28&32,
SUCCESS;98:edges = 140,fail_cases = 8,fault = 33&34&35&25&28&32,
SUCCESS;99:edges = 141,fail_cases = 8,fault = 33&34&35&25&26&28&32,
SUCCESS;100:edges = 143,fail_cases = 8,fault = 33&34&35&28&29&32,
SUCCESS;101:edges = 144,fail_cases = 8,fault = 33&34&35&25&28&29&32,
SUCCESS;102:edges = 145,fail_cases = 8,fault = 33&34&35&25&26&28&29&32,
SUCCESS;103:edges = 147,fail_cases = 8,fault = 33&34&35&28&29&30&32,
SUCCESS;104:edges = 148,fail_cases = 8,fault = 33&34&35&25&28&29&30&32,
SUCCESS;105:edges = 149,fail_cases = 8,fault = 33&34&35&25&26&28&29&30&32,
FAIL;106:edges = 149,fail_cases = 9,fault = 33&34&35&28&29&30&31&32,
SUCCESS;107:edges = 151,fail_cases = 9,fault = 36,
SUCCESS;108:edges = 152,fail_cases = 9,fault = 36&32,
SUCCESS;109:edges = 153,fail_cases = 9,fault = 33&36&32,
SUCCESS;110:edges = 154,fail_cases = 9,fault = 33&34&36&32,
SUCCESS;111:edges = 155,fail_cases = 9,fault = 33&34&35&36&32,
SUCCESS;112:edges = 156,fail_cases = 9,fault = 33&34&35&36&28&32,
SUCCESS;113:edges = 157,fail_cases = 9,fault = 33&34&35&36&28&29&32,
SUCCESS;114:edges = 158,fail_cases = 9,fault = 33&34&35&36&28&29&30&32,
SUCCESS;115:edges = 160,fail_cases = 9,fault = 36&37,
SUCCESS;116:edges = 161,fail_cases = 9,fault = 36&37&32,
SUCCESS;117:edges = 162,fail_cases = 9,fault = 33&36&37&32,
SUCCESS;118:edges = 163,fail_cases = 9,fault = 33&34&36&37&32,
SUCCESS;119:edges = 164,fail_cases = 9,fault = 33&34&35&36&37&32,
SUCCESS;120:edges = 165,fail_cases = 9,fault = 33&34&35&36&37&28&32,
SUCCESS;121:edges = 166,fail_cases = 9,fault = 33&34&35&36&37&28&29&32,
SUCCESS;122:edges = 167,fail_cases = 9,fault = 33&34&35&36&37&28&29&30&32,
SUCCESS;123:edges = 169,fail_cases = 9,fault = 36&37&38,
SUCCESS;124:edges = 170,fail_cases = 9,fault = 36&37&38&32,
SUCCESS;125:edges = 171,fail_cases = 9,fault = 33&36&37&38&32,
SUCCESS;126:edges = 172,fail_cases = 9,fault = 33&34&36&37&38&32,
SUCCESS;127:edges = 173,fail_cases = 9,fault = 33&34&35&36&37&38&32,
SUCCESS;128:edges = 174,fail_cases = 9,fault = 33&34&35&36&37&38&28&32,
SUCCESS;129:edges = 175,fail_cases = 9,fault = 33&34&35&36&37&38&28&29&32,
SUCCESS;130:edges = 176,fail_cases = 9,fault = 33&34&35&36&37&38&28&29&30&32,
SUCCESS;131:edges = 178,fail_cases = 9,fault = 36&37&38&39,
SUCCESS;132:edges = 179,fail_cases = 9,fault = 36&37&38&39&32,
SUCCESS;133:edges = 180,fail_cases = 9,fault = 33&36&37&38&39&32,
SUCCESS;134:edges = 181,fail_cases = 9,fault = 33&34&36&37&38&39&32,
SUCCESS;135:edges = 182,fail_cases = 9,fault = 33&34&35&36&37&38&39&32,
SUCCESS;136:edges = 183,fail_cases = 9,fault = 33&34&35&36&37&38&39&28&32,
SUCCESS;137:edges = 184,fail_cases = 9,fault = 33&34&35&36&37&38&39&28&29&32,
SUCCESS;138:edges = 185,fail_cases = 9,fault = 33&34&35&36&37&38&39&28&29&30&32,
SUCCESS;139:edges = 187,fail_cases = 9,fault = 36&37&38&39&40,
SUCCESS;140:edges = 188,fail_cases = 9,fault = 33&36&37&38&39&40,
SUCCESS;141:edges = 189,fail_cases = 9,fault = 33&34&36&37&38&39&40,
SUCCESS;142:edges = 190,fail_cases = 9,fault = 33&34&35&36&37&38&39&40,
SUCCESS;143:edges = 191,fail_cases = 9,fault = 33&34&35&36&37&38&39&28&40,
SUCCESS;144:edges = 192,fail_cases = 9,fault = 33&34&35&36&37&38&39&28&29&40,
SUCCESS;145:edges = 193,fail_cases = 9,fault = 33&34&35&36&37&38&39&28&29&40&30,
FAIL;146:edges = 193,fail_cases = 10,fault = 33&34&35&36&37&38&39&28&29&40&30&31,
FAIL;147:edges = 193,fail_cases = 11,fault = 36&37&38&39&40&41,
SUCCESS;148:edges = 195,fail_cases = 11,fault = 42,
SUCCESS;149:edges = 196,fail_cases = 11,fault = 36&42,
SUCCESS;150:edges = 197,fail_cases = 11,fault = 36&37&42,
SUCCESS;151:edges = 198,fail_cases = 11,fault = 36&37&38&42,
SUCCESS;152:edges = 199,fail_cases = 11,fault = 36&37&38&39&42,
SUCCESS;153:edges = 200,fail_cases = 11,fault = 36&37&38&39&40&42,
SUCCESS;154:edges = 202,fail_cases = 11,fault = 42&43,
SUCCESS;155:edges = 203,fail_cases = 11,fault = 36&42&43,
SUCCESS;156:edges = 204,fail_cases = 11,fault = 36&37&42&43,
SUCCESS;157:edges = 205,fail_cases = 11,fault = 36&37&38&42&43,
SUCCESS;158:edges = 206,fail_cases = 11,fault = 36&37&38&39&42&43,
SUCCESS;159:edges = 207,fail_cases = 11,fault = 36&37&38&39&40&42&43,
FAIL;160:edges = 207,fail_cases = 12,fault = 44&42&43,
SUCCESS;161:edges = 209,fail_cases = 12,fault = 48,
SUCCESS;162:edges = 210,fail_cases = 12,fault = 48&42,
SUCCESS;163:edges = 211,fail_cases = 12,fault = 48&42&43,
SUCCESS;164:edges = 213,fail_cases = 12,fault = 48&49,
SUCCESS;165:edges = 214,fail_cases = 12,fault = 48&49&42,
SUCCESS;166:edges = 215,fail_cases = 12,fault = 48&49&42&43,
SUCCESS;167:edges = 217,fail_cases = 12,fault = 48&49&50,
SUCCESS;168:edges = 218,fail_cases = 12,fault = 48&49&50&42,
SUCCESS;169:edges = 220,fail_cases = 12,fault = 44&48&49&50&42,
SUCCESS;170:edges = 222,fail_cases = 12,fault = 44&46&48&49&50&42,
SUCCESS;171:edges = 225,fail_cases = 12,fault = 44&46&47&48&49&50&42,
FAIL;172:edges = 225,fail_cases = 13,fault = 44&46&47&48&49&50&42&53,
FAIL;173:edges = 225,fail_cases = 14,fault = 44&45&46&47&48&49&50&42,
SUCCESS;174:edges = 226,fail_cases = 14,fault = 52&43,
SUCCESS;175:edges = 227,fail_cases = 14,fault = 48&49&50&51&43,
SUCCESS;176:edges = 228,fail_cases = 14,fault = 46&48&49&50&51&43,
SUCCESS;177:edges = 229,fail_cases = 14,fault = 48&49&50&51&42&43,
SUCCESS;178:edges = 230,fail_cases = 14,fault = 46&48&49&50&51&42&43,
SUCCESS;179:edges = 231,fail_cases = 14,fault = 46&47&48&49&50&51&43,
SUCCESS;180:edges = 232,fail_cases = 14,fault = 48&52&42&43,
SUCCESS;181:edges = 233,fail_cases = 14,fault = 46&47&48&49&50&51&42&43,
FAIL;182:edges = 233,fail_cases = 15,fault = 45&46&47&48&49&50&51,
SUCCESS;183:edges = 234,fail_cases = 15,fault = 45&48&49&52,
FAIL;184:edges = 234,fail_cases = 16,fault = 46&47&48&49&50&51&53,
SUCCESS;185:edges = 235,fail_cases = 16,fault = 45&48&49&50&52,
SUCCESS;186:edges = 236,fail_cases = 16,fault = 44&45&48&49&50&52&42,
SUCCESS;187:edges = 237,fail_cases = 16,fault = 44&45&46&48&49&50&52&42,
FAIL;188:edges = 237,fail_cases = 17,fault = 52&53,
SUCCESS;189:edges = 239,fail_cases = 17,fault = 54,
SUCCESS;190:edges = 240,fail_cases = 17,fault = 44&46&47&48&49&50&42&54,
FAIL;191:edges = 240,fail_cases = 18,fault = 55&54,
SUCCESS;192:edges = 242,fail_cases = 18,fault = 56,
SUCCESS;193:edges = 243,fail_cases = 18,fault = 56&54,
SUCCESS;194:edges = 245,fail_cases = 18,fault = 56&57,
SUCCESS;195:edges = 246,fail_cases = 18,fault = 56&57&54,
SUCCESS;196:edges = 248,fail_cases = 18,fault = 56&57&58,
SUCCESS;197:edges = 249,fail_cases = 18,fault = 56&57&58&54,
FAIL;198:edges = 249,fail_cases = 19,fault = 56&57&58&59,
SUCCESS;199:edges = 251,fail_cases = 19,fault = 60,
SUCCESS;200:edges = 252,fail_cases = 19,fault = 56&60,
SUCCESS;201:edges = 253,fail_cases = 19,fault = 56&57&60,
SUCCESS;202:edges = 254,fail_cases = 19,fault = 56&57&58&60,
SUCCESS;203:edges = 256,fail_cases = 19,fault = 60&61,
SUCCESS;204:edges = 257,fail_cases = 19,fault = 56&60&61,
SUCCESS;205:edges = 258,fail_cases = 19,fault = 56&57&60&61,
SUCCESS;206:edges = 259,fail_cases = 19,fault = 56&57&58&60&61,
SUCCESS;207:edges = 261,fail_cases = 19,fault = 60&61&62,
SUCCESS;208:edges = 262,fail_cases = 19,fault = 56&60&61&62,
SUCCESS;209:edges = 263,fail_cases = 19,fault = 56&57&60&61&62,
SUCCESS;210:edges = 264,fail_cases = 19,fault = 56&57&58&60&61&62,
SUCCESS;211:edges = 267,fail_cases = 19,fault = 60&61&62&63,
SUCCESS;212:edges = 268,fail_cases = 19,fault = 56&60&61&62&63,
SUCCESS;213:edges = 269,fail_cases = 19,fault = 56&57&65,
SUCCESS;214:edges = 270,fail_cases = 19,fault = 56&57&58&65,
FAIL;215:edges = 270,fail_cases = 20,fault = 60&61&62&63&64,
SUCCESS;216:edges = 271,fail_cases = 20,fault = 64&65,
SUCCESS;217:edges = 273,fail_cases = 20,fault = 66&60&61&62&63,
SUCCESS;218:edges = 275,fail_cases = 20,fault = 66&67&60&61&62&63,
SUCCESS;219:edges = 277,fail_cases = 20,fault = 66&67&68&60&61&62&63,
SUCCESS;220:edges = 278,fail_cases = 20,fault = 66&64&65,
SUCCESS;221:edges = 279,fail_cases = 20,fault = 60&64&65,
SUCCESS;222:edges = 280,fail_cases = 20,fault = 66&60&64&65,
SUCCESS;223:edges = 281,fail_cases = 20,fault = 60&61&64&65,
SUCCESS;224:edges = 282,fail_cases = 20,fault = 66&67&64&65,
SUCCESS;225:edges = 283,fail_cases = 20,fault = 60&61&62&64&65,
SUCCESS;226:edges = 284,fail_cases = 20,fault = 66&67&60&64&65,
SUCCESS;227:edges = 285,fail_cases = 20,fault = 66&60&61&64&65,
SUCCESS;228:edges = 286,fail_cases = 20,fault = 66&60&61&62&64&65,
SUCCESS;229:edges = 288,fail_cases = 20,fault = 66&67&68&69&60&61&62&63,
SUCCESS;230:edges = 289,fail_cases = 20,fault = 66&67&68&64&65,
FAIL;231:edges = 289,fail_cases = 21,fault = 66&67&68&69&70&60&61&62&63,
SUCCESS;232:edges = 290,fail_cases = 21,fault = 66&67&68&60&64&65,
SUCCESS;233:edges = 291,fail_cases = 21,fault = 66&67&60&61&64&65,
SUCCESS;234:edges = 292,fail_cases = 21,fault = 66&67&68&60&61&64&65,
SUCCESS;235:edges = 293,fail_cases = 21,fault = 66&67&60&61&62&64&65,
SUCCESS;236:edges = 294,fail_cases = 21,fault = 66&67&68&69&64&65,
SUCCESS;237:edges = 295,fail_cases = 21,fault = 66&67&68&69&60&64&65,
SUCCESS;238:edges = 296,fail_cases = 21,fault = 66&67&68&69&60&61&64&65,
SUCCESS;239:edges = 297,fail_cases = 21,fault = 66&67&68&60&61&62&64&65,
SUCCESS;240:edges = 298,fail_cases = 21,fault = 66&67&68&69&60&61&62&64&65,
FAIL;241:edges = 298,fail_cases = 22,fault = 66&67&68&69&70&65,
SUCCESS;242:edges = 300,fail_cases = 22,fault = 71,
SUCCESS;243:edges = 301,fail_cases = 22,fault = 71&60&61&62&63,
SUCCESS;244:edges = 302,fail_cases = 22,fault = 66&71&60&61&62&63,
SUCCESS;245:edges = 303,fail_cases = 22,fault = 66&67&71&60&61&62&63,
SUCCESS;246:edges = 304,fail_cases = 22,fault = 66&67&68&71&60&61&62&63,
SUCCESS;247:edges = 305,fail_cases = 22,fault = 66&67&68&69&71&60&61&62&63,
SUCCESS;248:edges = 307,fail_cases = 22,fault = 71&72,
SUCCESS;249:edges = 308,fail_cases = 22,fault = 71&60&72&61&62&63,
SUCCESS;250:edges = 309,fail_cases = 22,fault = 66&71&60&72&61&62&63,
SUCCESS;251:edges = 310,fail_cases = 22,fault = 66&67&71&60&72&61&62&63,
SUCCESS;252:edges = 311,fail_cases = 22,fault = 66&67&68&71&60&72&61&62&63,
SUCCESS;253:edges = 312,fail_cases = 22,fault = 66&67&68&69&71&60&72&61&62&63,
SUCCESS;254:edges = 314,fail_cases = 22,fault = 71&72&73,
SUCCESS;255:edges = 315,fail_cases = 22,fault = 71&60&72&61&73&62&63,
SUCCESS;256:edges = 316,fail_cases = 22,fault = 66&71&60&72&61&73&62&63,
SUCCESS;257:edges = 317,fail_cases = 22,fault = 66&67&71&60&72&61&73&62&63,
SUCCESS;258:edges = 318,fail_cases = 22,fault = 66&67&68&71&60&72&61&73&62&63,
SUCCESS;259:edges = 320,fail_cases = 22,fault = 66&67&68&69&71&60&72&61&73&62&63,
FAIL;260:edges = 320,fail_cases = 23,fault = 66&67&68&69&71&60&72&61&73&62&63&75,
FAIL;261:edges = 320,fail_cases = 24,fault = 66&67&68&69&71&72&73&75&65,
SUCCESS;262:edges = 321,fail_cases = 24,fault = 70&71&72&73&74,
SUCCESS;263:edges = 322,fail_cases = 24,fault = 70&71&60&72&61&73&62&74&63,
SUCCESS;264:edges = 323,fail_cases = 24,fault = 66&70&71&60&72&61&73&62&74&63,
SUCCESS;265:edges = 324,fail_cases = 24,fault = 66&67&70&71&60&72&61&73&62&74&63,
SUCCESS;266:edges = 325,fail_cases = 24,fault = 66&67&68&70&71&60&72&61&73&62&74&63,
FAIL;267:edges = 325,fail_cases = 25,fault = 71&72&73&74&75,
SUCCESS;268:edges = 327,fail_cases = 25,fault = 76,
SUCCESS;269:edges = 328,fail_cases = 25,fault = 71&76,
SUCCESS;270:edges = 329,fail_cases = 25,fault = 71&72&76,
SUCCESS;271:edges = 330,fail_cases = 25,fault = 71&72&73&76,
SUCCESS;272:edges = 331,fail_cases = 25,fault = 66&67&68&69&71&60&72&61&73&62&63&76,
SUCCESS;273:edges = 333,fail_cases = 25,fault = 77&76,
SUCCESS;274:edges = 334,fail_cases = 25,fault = 77&71&76,
SUCCESS;275:edges = 335,fail_cases = 25,fault = 77&71&72&76,
SUCCESS;276:edges = 336,fail_cases = 25,fault = 77&71&72&73&76,
SUCCESS;277:edges = 337,fail_cases = 25,fault = 77&66&67&68&69&71&60&72&61&73&62&63&76,
FAIL;278:edges = 337,fail_cases = 26,fault = 77&78&76,
SUCCESS;279:edges = 339,fail_cases = 26,fault = 80,
SUCCESS;280:edges = 340,fail_cases = 26,fault = 77&80,
SUCCESS;281:edges = 342,fail_cases = 26,fault = 77&78&80,
FAIL;282:edges = 342,fail_cases = 27,fault = 77&78&79&80,
SUCCESS;283:edges = 343,fail_cases = 27,fault = 80&81&76,
SUCCESS;284:edges = 344,fail_cases = 27,fault = 77&80&81&76,
FAIL;285:edges = 344,fail_cases = 28,fault = 79&80&81,
SUCCESS;286:edges = 346,fail_cases = 28,fault = 82,
SUCCESS;287:edges = 347,fail_cases = 28,fault = 80&82,
SUCCESS;288:edges = 348,fail_cases = 28,fault = 77&78&80&82,
SUCCESS;289:edges = 350,fail_cases = 28,fault = 82&83,
SUCCESS;290:edges = 351,fail_cases = 28,fault = 80&82&83,
SUCCESS;291:edges = 352,fail_cases = 28,fault = 77&78&80&82&83,
SUCCESS;292:edges = 354,fail_cases = 28,fault = 82&83&84,
SUCCESS;293:edges = 355,fail_cases = 28,fault = 80&82&83&84,
SUCCESS;294:edges = 356,fail_cases = 28,fault = 77&78&80&82&83&84,
SUCCESS;295:edges = 358,fail_cases = 28,fault = 82&83&84&85,
SUCCESS;296:edges = 359,fail_cases = 28,fault = 80&82&83&84&85,
SUCCESS;297:edges = 360,fail_cases = 28,fault = 77&78&80&82&83&84&85,
SUCCESS;298:edges = 362,fail_cases = 28,fault = 82&83&84&85&86,
SUCCESS;299:edges = 363,fail_cases = 28,fault = 80&82&83&84&85&86,
SUCCESS;300:edges = 364,fail_cases = 28,fault = 77&78&80&82&83&84&85&86,
FAIL;301:edges = 364,fail_cases = 29,fault = 82&83&84&85&86&87,
SUCCESS;302:edges = 366,fail_cases = 29,fault = 88,
SUCCESS;303:edges = 367,fail_cases = 29,fault = 88&82,
SUCCESS;304:edges = 368,fail_cases = 29,fault = 88&82&83,
SUCCESS;305:edges = 369,fail_cases = 29,fault = 88&82&83&84,
SUCCESS;306:edges = 370,fail_cases = 29,fault = 88&82&83&84&85,
SUCCESS;307:edges = 371,fail_cases = 29,fault = 88&82&83&84&85&86,
FAIL;308:edges = 371,fail_cases = 30,fault = 88&89,
SUCCESS;309:edges = 373,fail_cases = 30,fault = 90,
SUCCESS;310:edges = 374,fail_cases = 30,fault = 88&90,
FAIL;311:edges = 374,fail_cases = 31,fault = 90&91,
SUCCESS;312:edges = 376,fail_cases = 31,fault = 96,
SUCCESS;313:edges = 377,fail_cases = 31,fault = 90&96,
SUCCESS;314:edges = 379,fail_cases = 31,fault = 96&97,
SUCCESS;315:edges = 381,fail_cases = 31,fault = 91&96&97,
SUCCESS;316:edges = 383,fail_cases = 31,fault = 91&92&96&97,
SUCCESS;317:edges = 384,fail_cases = 31,fault = 90&96&97&98,
SUCCESS;318:edges = 385,fail_cases = 31,fault = 90&92&96&97&98,
SUCCESS;319:edges = 387,fail_cases = 31,fault = 91&92&93&96&97,
SUCCESS;320:edges = 389,fail_cases = 31,fault = 91&92&93&94&96&97,
FAIL;321:edges = 389,fail_cases = 32,fault = 91&92&93&94&95&96&97,
SUCCESS;322:edges = 390,fail_cases = 32,fault = 90&92&93&96&97&98,
SUCCESS;323:edges = 391,fail_cases = 32,fault = 90&92&93&94&96&97&98,
FAIL;324:edges = 391,fail_cases = 33,fault = 92&93&94&95&96&97&98,
SUCCESS;325:edges = 393,fail_cases = 33,fault = 99,
SUCCESS;326:edges = 394,fail_cases = 33,fault = 99&96,
SUCCESS;327:edges = 395,fail_cases = 33,fault = 99&96&97,
SUCCESS;328:edges = 396,fail_cases = 33,fault = 99&91&96&97,
SUCCESS;329:edges = 397,fail_cases = 33,fault = 99&91&92&96&97,
SUCCESS;330:edges = 398,fail_cases = 33,fault = 99&91&92&94&96&97,
SUCCESS;331:edges = 400,fail_cases = 33,fault = 99&91&92&94&95&96&97,
SUCCESS;332:edges = 402,fail_cases = 33,fault = 99&101&91&92&94&95&96&97,
SUCCESS;333:edges = 404,fail_cases = 33,fault = 99&101&102&91&92&94&95&96&97,
FAIL;334:edges = 404,fail_cases = 34,fault = 99&101&102&103&91&92&94&95&96&97,
SUCCESS;335:edges = 405,fail_cases = 34,fault = 99&100&93,
SUCCESS;336:edges = 406,fail_cases = 34,fault = 99&100&93&96,
SUCCESS;337:edges = 407,fail_cases = 34,fault = 99&100&101&93,
SUCCESS;338:edges = 408,fail_cases = 34,fault = 99&100&101&102&93,
FAIL;339:edges = 408,fail_cases = 35,fault = 99&101&102&103&92&94&95&96&97&98,
SUCCESS;340:edges = 409,fail_cases = 35,fault = 99&100&93&96&97,
SUCCESS;341:edges = 410,fail_cases = 35,fault = 99&100&91&93&96&97,
SUCCESS;342:edges = 411,fail_cases = 35,fault = 99&100&91&92&93&96&97,
SUCCESS;343:edges = 412,fail_cases = 35,fault = 99&100&91&92&93&94&96&97,
SUCCESS;344:edges = 413,fail_cases = 35,fault = 99&100&101&93&96,
SUCCESS;345:edges = 414,fail_cases = 35,fault = 99&100&101&102&93&96,
SUCCESS;346:edges = 415,fail_cases = 35,fault = 99&100&101&102&91&93&96,
SUCCESS;347:edges = 416,fail_cases = 35,fault = 99&100&101&102&91&92&93&96,
SUCCESS;348:edges = 417,fail_cases = 35,fault = 99&100&101&91&92&93&94&96&97,
SUCCESS;349:edges = 418,fail_cases = 35,fault = 99&100&101&102&91&92&93&94&96,
FAIL;350:edges = 418,fail_cases = 36,fault = 99&100&101&102&91&92&93&94&95&96,
SUCCESS;351:edges = 419,fail_cases = 36,fault = 99&100&101&103&93&95&96&97,
SUCCESS;352:edges = 420,fail_cases = 36,fault = 99&100&101&103&91&93&95&96&97,
SUCCESS;353:edges = 421,fail_cases = 36,fault = 99&100&101&103&91&92&93&95&96&97,
FAIL;354:edges = 421,fail_cases = 37,fault = 99&100&101&102&92&93&94&95&96&98,
FAIL;355:edges = 421,fail_cases = 38,fault = 99&100&101&102&103,
SUCCESS;356:edges = 423,fail_cases = 38,fault = 104,
SUCCESS;357:edges = 424,fail_cases = 38,fault = 99&104,
SUCCESS;358:edges = 425,fail_cases = 38,fault = 99&104&91&92&94&95&96&97,
SUCCESS;359:edges = 426,fail_cases = 38,fault = 99&101&104&91&92&94&95&96&97,
SUCCESS;360:edges = 427,fail_cases = 38,fault = 99&101&102&104&91&92&94&95&96&97,
SUCCESS;361:edges = 429,fail_cases = 38,fault = 104&105,
SUCCESS;362:edges = 430,fail_cases = 38,fault = 99&104&105,
SUCCESS;363:edges = 431,fail_cases = 38,fault = 99&104&105&91&92&94&95&96&97,
SUCCESS;364:edges = 432,fail_cases = 38,fault = 99&101&104&105&91&92&94&95&96&97,
SUCCESS;365:edges = 433,fail_cases = 38,fault = 99&101&102&104&105&91&92&94&95&96&97,
SUCCESS;366:edges = 435,fail_cases = 38,fault = 104&105&106,
SUCCESS;367:edges = 436,fail_cases = 38,fault = 99&104&105&106,
SUCCESS;368:edges = 437,fail_cases = 38,fault = 99&104&105&106&91&92&94&95&96&97,
SUCCESS;369:edges = 438,fail_cases = 38,fault = 99&101&104&105&106&91&92&94&95&96&97,
SUCCESS;370:edges = 439,fail_cases = 38,fault = 99&101&102&104&105&106&91&92&94&95&96&97,
SUCCESS;371:edges = 441,fail_cases = 38,fault = 104&105&106&107,
SUCCESS;372:edges = 442,fail_cases = 38,fault = 99&104&105&106&107,
SUCCESS;373:edges = 443,fail_cases = 38,fault = 99&104&105&106&107&91&92&94&95&96&97,
SUCCESS;374:edges = 444,fail_cases = 38,fault = 99&101&104&105&106&107&91&92&94&95&96&97,
SUCCESS;375:edges = 445,fail_cases = 38,fault = 99&101&102&104&105&106&107&91&92&94&95&96&97,
SUCCESS;376:edges = 447,fail_cases = 38,fault = 104&105&106&107&109,
SUCCESS;377:edges = 448,fail_cases = 38,fault = 99&104&105&106&107&109,
SUCCESS;378:edges = 449,fail_cases = 38,fault = 99&104&105&106&107&91&92&109&94&95&96&97,
SUCCESS;379:edges = 450,fail_cases = 38,fault = 99&101&104&105&106&107&91&92&109&94&95&96&97,
SUCCESS;380:edges = 451,fail_cases = 38,fault = 99&101&102&104&105&106&107&91&92&109&94&95&96&97,
SUCCESS;381:edges = 454,fail_cases = 38,fault = 110&104&105&106&107&109,
SUCCESS;382:edges = 455,fail_cases = 38,fault = 99&112,
SUCCESS;383:edges = 456,fail_cases = 38,fault = 110&99&104&105&106&107&109,
SUCCESS;384:edges = 457,fail_cases = 38,fault = 110&99&101&104&105&106&107&109,
SUCCESS;385:edges = 458,fail_cases = 38,fault = 99&112&101&102&104,
SUCCESS;386:edges = 459,fail_cases = 38,fault = 99&112&101&102&104&105,
SUCCESS;387:edges = 460,fail_cases = 38,fault = 99&112&101&102&104&105&106,
SUCCESS;388:edges = 461,fail_cases = 38,fault = 110&99&101&102&104&105&106&107&109,
FAIL;389:edges = 461,fail_cases = 39,fault = 99&110&101&102&104&105&106&107&91&92&109&93&94&95&96,
SUCCESS;390:edges = 462,fail_cases = 39,fault = 99&112&101&102&104&105&106&107&91&92&93&94&95&96,
SUCCESS;391:edges = 463,fail_cases = 39,fault = 99&112&101&102&104&105&106&107&91&92&93&109&94&95&96,
FAIL;392:edges = 463,fail_cases = 40,fault = 99&110&101&102&104&105&106&107&92&109&93&94&95&96&98,
FAIL;393:edges = 463,fail_cases = 41,fault = 110&99&101&102&103&104&105&106&107&109,
FAIL;394:edges = 463,fail_cases = 42,fault = 110&104&105&106&107&108&109,
SUCCESS;395:edges = 465,fail_cases = 42,fault = 110&113&104&105&106&107&109,
SUCCESS;396:edges = 466,fail_cases = 42,fault = 99&112&101&113&102&91&92&93&94&95&96,
SUCCESS;397:edges = 467,fail_cases = 42,fault = 99&112&101&113&102&104&91&92&93&94&95&96,
SUCCESS;398:edges = 468,fail_cases = 42,fault = 99&112&101&113&102&104&105&91&92&93&94&95&96,
SUCCESS;399:edges = 469,fail_cases = 42,fault = 99&112&101&113&102&104&105&106&91&92&93&94&95&96,
SUCCESS;400:edges = 470,fail_cases = 42,fault = 99&112&101&113&102&104&105&106&107&91&92&93&94&95&96,
SUCCESS;401:edges = 471,fail_cases = 42,fault = 99&112&101&113&102&104&105&106&107&91&92&93&109&94&95&96,
SUCCESS;402:edges = 473,fail_cases = 42,fault = 110&113&114&104&105&106&107&109,
SUCCESS;403:edges = 474,fail_cases = 42,fault = 99&112&101&113&102&114&91&92&93&94&95&96,
SUCCESS;404:edges = 475,fail_cases = 42,fault = 99&112&101&113&102&114&104&91&92&93&94&95&96,
SUCCESS;405:edges = 476,fail_cases = 42,fault = 99&112&101&113&102&114&104&105&91&92&93&94&95&96,
SUCCESS;406:edges = 477,fail_cases = 42,fault = 99&112&101&113&102&114&104&105&106&91&92&93&94&95&96,
SUCCESS;407:edges = 478,fail_cases = 42,fault = 99&112&101&113&102&114&104&105&106&107&91&92&93&94&95&96,
SUCCESS;408:edges = 479,fail_cases = 42,fault = 99&112&101&113&102&114&104&105&106&107&91&92&93&109&94&95&96,
SUCCESS;409:edges = 481,fail_cases = 42,fault = 110&113&114&104&115&105&106&107&109,
SUCCESS;410:edges = 482,fail_cases = 42,fault = 99&112&101&113&102&114&115&91&92&93&94&95&96,
SUCCESS;411:edges = 483,fail_cases = 42,fault = 99&112&101&113&102&114&115&104&91&92&93&94&95&96,
SUCCESS;412:edges = 484,fail_cases = 42,fault = 99&112&101&113&102&114&115&104&105&91&92&93&94&95&96,
SUCCESS;413:edges = 485,fail_cases = 42,fault = 99&112&101&113&102&114&115&104&105&106&91&92&93&94&95&96,
SUCCESS;414:edges = 486,fail_cases = 42,fault = 99&112&101&113&102&114&115&104&105&106&107&91&92&93&94&95&96,
SUCCESS;415:edges = 488,fail_cases = 42,fault = 99&110&112&101&113&102&114&115&104&105&106&107&91&92&93&94&95&96,
SUCCESS;416:edges = 490,fail_cases = 42,fault = 99&110&112&101&113&102&114&115&104&105&106&117&107&91&92&93&94&95&96,
SUCCESS;417:edges = 492,fail_cases = 42,fault = 99&110&112&101&113&102&114&115&104&105&106&117&107&91&118&92&93&94&95&96,
FAIL;418:edges = 492,fail_cases = 43,fault = 99&110&111&112&101&113&102&114&115&104&105&106&117&107&91&118&92&93&94&95&96,
FAIL;419:edges = 492,fail_cases = 44,fault = 99&110&111&112&101&113&102&114&115&104&105&106&117&107&118&92&93&94&95&96&98,
FAIL;420:edges = 492,fail_cases = 45,fault = 99&110&111&112&101&113&102&114&103&115&104&105&106&117&107&118,
SUCCESS;421:edges = 493,fail_cases = 45,fault = 110&113&114&104&115&105&116&106&107&109,
SUCCESS;422:edges = 494,fail_cases = 45,fault = 99&112&101&113&102&114&115&116&91&92&93&109&94&95&96,
SUCCESS;423:edges = 495,fail_cases = 45,fault = 99&112&101&113&102&114&115&104&116&91&92&93&109&94&95&96,
SUCCESS;424:edges = 496,fail_cases = 45,fault = 99&112&101&113&102&114&115&104&116&105&91&92&93&109&94&95&96,
SUCCESS;425:edges = 497,fail_cases = 45,fault = 99&112&101&113&102&114&115&104&116&105&106&91&92&93&109&94&95&96,
SUCCESS;426:edges = 498,fail_cases = 45,fault = 99&112&101&113&102&114&115&104&116&105&106&107&91&92&93&109&94&95&96,
FAIL;427:edges = 498,fail_cases = 46,fault = 110&111&112&113&114&115&104&105&106&117&107&118&108,
SUCCESS;428:edges = 499,fail_cases = 46,fault = 112&113&114&115&116&117&109,
SUCCESS;429:edges = 500,fail_cases = 46,fault = 112&113&114&115&116&117&118&109,
SUCCESS;430:edges = 501,fail_cases = 46,fault = 112&113&114&115&104&116&117&109,
SUCCESS;431:edges = 502,fail_cases = 46,fault = 110&113&114&104&115&105&116&106&117&107&109,
SUCCESS;432:edges = 503,fail_cases = 46,fault = 99&112&101&113&102&114&115&104&116&105&117&91&92&93&109&94&95&96,
SUCCESS;433:edges = 504,fail_cases = 46,fault = 99&112&101&113&102&114&115&104&116&105&117&106&91&92&93&109&94&95&96,
SUCCESS;434:edges = 505,fail_cases = 46,fault = 99&112&101&113&102&114&115&104&116&105&117&106&107&91&92&93&109&94&95&96,
SUCCESS;435:edges = 506,fail_cases = 46,fault = 112&113&114&115&104&116&117&118&109,
SUCCESS;436:edges = 507,fail_cases = 46,fault = 112&113&114&115&104&116&105&117&118&109,
SUCCESS;437:edges = 508,fail_cases = 46,fault = 112&113&114&115&104&116&105&117&106&118&109,
SUCCESS;438:edges = 509,fail_cases = 46,fault = 112&113&114&115&104&116&105&117&106&118&107&109,
SUCCESS;439:edges = 510,fail_cases = 46,fault = 99&112&101&113&102&114&115&104&116&105&117&106&118&107&91&92&93&109&94&95&96,
FAIL;440:edges = 510,fail_cases = 47,fault = 110&111&113&114&104&115&105&116&106&117&107&118&109,
FAIL;441:edges = 510,fail_cases = 48,fault = 111&112&113&114&115&116&117&118,
SUCCESS;442:edges = 512,fail_cases = 48,fault = 119,
SUCCESS;443:edges = 513,fail_cases = 48,fault = 110&104&105&106&107&119&109,
SUCCESS;444:edges = 514,fail_cases = 48,fault = 110&113&104&105&106&107&119&109,
SUCCESS;445:edges = 515,fail_cases = 48,fault = 110&113&114&104&105&106&107&119&109,
SUCCESS;446:edges = 516,fail_cases = 48,fault = 110&113&114&104&115&105&106&107&119&109,
SUCCESS;447:edges = 517,fail_cases = 48,fault = 99&110&112&101&113&102&114&115&104&105&106&107&91&119&92&93&94&95&96,
SUCCESS;448:edges = 518,fail_cases = 48,fault = 99&110&112&101&113&102&114&115&104&105&106&117&107&91&119&92&93&94&95&96,
SUCCESS;449:edges = 519,fail_cases = 48,fault = 99&110&112&101&113&102&114&115&104&105&106&117&107&91&118&119&92&93&94&95&96,
SUCCESS;450:edges = 521,fail_cases = 48,fault = 119&120,
SUCCESS;451:edges = 522,fail_cases = 48,fault = 110&104&105&106&107&119&109&120,
SUCCESS;452:edges = 523,fail_cases = 48,fault = 110&113&104&105&106&107&119&109&120,
SUCCESS;453:edges = 524,fail_cases = 48,fault = 110&113&114&104&105&106&107&119&109&120,
SUCCESS;454:edges = 525,fail_cases = 48,fault = 110&113&114&104&115&105&106&107&119&109&120,
SUCCESS;455:edges = 526,fail_cases = 48,fault = 99&120&110&112&101&113&102&114&115&104&105&106&107&91&119&92&93&94&95&96,
SUCCESS;456:edges = 527,fail_cases = 48,fault = 99&120&110&112&101&113&102&114&115&104&105&106&117&107&91&119&92&93&94&95&96,
SUCCESS;457:edges = 528,fail_cases = 48,fault = 99&120&110&112&101&113&102&114&115&104&105&106&117&107&91&118&119&92&93&94&95&96,
SUCCESS;458:edges = 530,fail_cases = 48,fault = 121&119&120,
SUCCESS;459:edges = 531,fail_cases = 48,fault = 121&113&119&120,
SUCCESS;460:edges = 532,fail_cases = 48,fault = 121&113&114&119&120,
SUCCESS;461:edges = 533,fail_cases = 48,fault = 121&113&114&115&119&120,
SUCCESS;462:edges = 534,fail_cases = 48,fault = 99&120&121&110&101&113&102&114&115&104&105&106&107&91&119&92&93&94&95&96,
SUCCESS;463:edges = 535,fail_cases = 48,fault = 99&120&121&110&101&113&102&114&115&104&105&106&117&107&91&119&92&93&94&95&96,
SUCCESS;464:edges = 536,fail_cases = 48,fault = 99&120&121&110&101&113&102&114&115&104&105&106&117&107&91&118&119&92&93&94&95&96,
SUCCESS;465:edges = 538,fail_cases = 48,fault = 99&120&121&110&111&101&113&102&114&115&104&105&106&117&107&91&118&119&92&93&94&95&96,
SUCCESS;466:edges = 540,fail_cases = 48,fault = 99&120&121&110&111&101&123&113&102&114&115&104&105&106&117&107&91&118&119&92&93&94&95&96,
FAIL;467:edges = 540,fail_cases = 49,fault = 110&111&113&114&115&117&91&118&119&92&93&94&95&96&99&120&121&101&123&102&124&104&105&106&107,
FAIL;468:edges = 540,fail_cases = 50,fault = 110&111&113&114&115&117&118&119&92&93&94&95&96&98&99&120&121&101&123&102&124&104&105&106&107,
FAIL;469:edges = 540,fail_cases = 51,fault = 99&120&121&110&111&101&123&113&102&124&114&103&115&104&105&106&117&107&118&119,
SUCCESS;470:edges = 541,fail_cases = 51,fault = 121&110&122&104&105&106&107&119&109&120,
SUCCESS;471:edges = 542,fail_cases = 51,fault = 121&110&122&123&104&105&106&107&119&109&120,
SUCCESS;472:edges = 543,fail_cases = 51,fault = 121&110&122&113&104&105&106&107&119&109&120,
FAIL;473:edges = 543,fail_cases = 52,fault = 120&121&110&111&123&113&124&114&115&104&105&106&117&107&118&119&108,
SUCCESS;474:edges = 544,fail_cases = 52,fault = 121&110&122&123&113&104&105&106&107&119&109&120,
SUCCESS;475:edges = 545,fail_cases = 52,fault = 121&110&122&113&114&104&105&106&107&119&109&120,
SUCCESS;476:edges = 546,fail_cases = 52,fault = 120&121&110&122&113&114&104&115&105&106&107&119&109,
SUCCESS;477:edges = 547,fail_cases = 52,fault = 99&120&121&110&122&112&101&113&102&114&115&104&105&106&107&91&119&92&93&94&95&96,
SUCCESS;478:edges = 548,fail_cases = 52,fault = 99&120&121&110&122&112&101&113&102&114&115&104&105&106&117&107&91&119&92&93&94&95&96,
SUCCESS;479:edges = 549,fail_cases = 52,fault = 99&120&121&110&122&112&101&113&102&114&115&104&105&106&117&107&91&118&119&92&93&94&95&96,
SUCCESS;480:edges = 550,fail_cases = 52,fault = 120&121&110&122&123&113&114&104&105&106&107&119&109,
SUCCESS;481:edges = 551,fail_cases = 52,fault = 120&121&110&122&123&113&114&104&115&105&106&107&119&109,
SUCCESS;482:edges = 552,fail_cases = 52,fault = 99&120&121&110&122&123&112&101&113&102&114&115&104&105&106&107&91&119&92&93&94&95&96,
SUCCESS;483:edges = 553,fail_cases = 52,fault = 99&120&121&110&122&123&112&101&113&102&114&115&104&105&106&117&107&91&119&92&93&94&95&96,
SUCCESS;484:edges = 554,fail_cases = 52,fault = 110&112&113&114&115&117&91&118&119&92&93&94&95&96&99&120&121&122&123&101&102&104&105&106&107,
FAIL;485:edges = 554,fail_cases = 53,fault = 121&111&123&113&124&114&115&116&117&118&119&120,
FAIL;486:edges = 554,fail_cases = 54,fault = 121&122&123&124&119&120,
SUCCESS;487:edges = 556,fail_cases = 54,fault = 128,
SUCCESS;488:edges = 557,fail_cases = 54,fault = 128&119,
SUCCESS;489:edges = 558,fail_cases = 54,fault = 128&119&120,
SUCCESS;490:edges = 559,fail_cases = 54,fault = 121&128&119&120,
SUCCESS;491:edges = 560,fail_cases = 54,fault = 99&120&121&110&111&101&113&102&114&115&104&105&128&106&117&107&91&118&119&92&93&94&95&96,
SUCCESS;492:edges = 561,fail_cases = 54,fault = 110&111&113&114&115&117&91&118&119&92&93&94&95&96&99&120&121&101&123&102&104&105&128&106&107,
SUCCESS;493:edges = 563,fail_cases = 54,fault = 128&129,
SUCCESS;494:edges = 564,fail_cases = 54,fault = 128&129&119,
SUCCESS;495:edges = 565,fail_cases = 54,fault = 128&129&119&120,
SUCCESS;496:edges = 566,fail_cases = 54,fault = 121&128&129&119&120,
SUCCESS;497:edges = 567,fail_cases = 54,fault = 110&111&113&114&115&117&91&118&119&92&93&94&95&96&99&120&121&101&102&104&105&128&106&129&107,
SUCCESS;498:edges = 568,fail_cases = 54,fault = 110&111&113&114&115&117&91&118&119&92&93&94&95&96&99&120&121&101&123&102&104&105&128&106&129&107,
SUCCESS;499:edges = 570,fail_cases = 54,fault = 128&129&130,
SUCCESS;500:edges = 571,fail_cases = 54,fault = 128&129&119&130,
SUCCESS;501:edges = 572,fail_cases = 54,fault = 128&129&119&130&120,
SUCCESS;502:edges = 573,fail_cases = 54,fault = 121&128&129&119&130&120,
SUCCESS;503:edges = 574,fail_cases = 54,fault = 130&110&111&113&114&115&117&91&118&119&92&93&94&95&96&99&120&121&101&102&104&105&128&106&129&107,
SUCCESS;504:edges = 575,fail_cases = 54,fault = 130&110&111&113&114&115&117&91&118&119&92&93&94&95&96&99&120&121&101&123&102&104&105&128&106&129&107,
SUCCESS;505:edges = 577,fail_cases = 54,fault = 128&129&130&131,
SUCCESS;506:edges = 578,fail_cases = 54,fault = 128&129&119&130&131,
SUCCESS;507:edges = 579,fail_cases = 54,fault = 128&129&119&130&131&120,
SUCCESS;508:edges = 580,fail_cases = 54,fault = 121&128&129&119&130&131&120,
SUCCESS;509:edges = 581,fail_cases = 54,fault = 130&131&110&111&113&114&115&117&91&118&119&92&93&94&95&96&99&120&121&101&102&104&105&128&106&129&107,
SUCCESS;510:edges = 582,fail_cases = 54,fault = 130&131&110&111&113&114&115&117&91&118&119&92&93&94&95&96&99&120&121&101&123&102&104&105&128&106&129&107,
SUCCESS;511:edges = 584,fail_cases = 54,fault = 132&128&129&130&131,
SUCCESS;512:edges = 585,fail_cases = 54,fault = 132&128&129&119&130&131,
SUCCESS;513:edges = 586,fail_cases = 54,fault = 132&128&129&119&130&131&120,
SUCCESS;514:edges = 587,fail_cases = 54,fault = 132&121&128&129&119&130&131&120,
SUCCESS;515:edges = 588,fail_cases = 54,fault = 130&131&132&110&111&113&114&115&117&91&118&119&92&93&94&95&96&99&120&121&101&102&104&105&128&106&129&107,
SUCCESS;516:edges = 589,fail_cases = 54,fault = 130&131&132&110&111&113&114&115&117&91&118&119&92&93&94&95&96&99&120&121&101&123&102&104&105&128&106&129&107,
SUCCESS;517:edges = 591,fail_cases = 54,fault = 132&125&128&129&130&131,
SUCCESS;518:edges = 592,fail_cases = 54,fault = 132&125&128&129&119&130&131,
SUCCESS;519:edges = 593,fail_cases = 54,fault = 132&125&128&129&119&130&131&120,
SUCCESS;520:edges = 594,fail_cases = 54,fault = 132&121&125&128&129&119&130&131&120,
SUCCESS;521:edges = 595,fail_cases = 54,fault = 130&131&132&110&111&113&114&115&117&91&118&119&92&93&94&95&96&99&120&121&101&102&125&104&105&128&106&129&107,
SUCCESS;522:edges = 597,fail_cases = 54,fault = 130&131&132&110&111&113&114&115&117&91&118&119&92&93&94&95&96&99&120&121&101&123&102&125&104&105&128&106&129&107,
FAIL;523:edges = 597,fail_cases = 55,fault = 130&131&132&110&111&113&114&115&117&91&118&119&92&93&94&95&96&99&120&121&101&123&102&125&104&105&127&128&106&129&107,
FAIL;524:edges = 597,fail_cases = 56,fault = 130&131&132&110&111&113&114&115&117&118&119&92&93&94&95&96&98&99&120&121&101&123&102&125&104&105&127&128&106&129&107,
FAIL;525:edges = 597,fail_cases = 57,fault = 130&131&132&110&111&113&114&115&117&118&119&99&120&121&101&123&102&125&103&104&105&127&128&106&129&107,
FAIL;526:edges = 597,fail_cases = 58,fault = 130&131&120&132&121&110&111&123&113&125&114&115&104&105&127&128&106&117&129&107&118&119&108,
FAIL;527:edges = 597,fail_cases = 59,fault = 130&131&120&132&121&111&123&113&125&114&115&116&127&128&117&129&118&119,
FAIL;528:edges = 597,fail_cases = 60,fault = 132&121&122&123&125&127&128&129&119&130&131&120,
SUCCESS;529:edges = 598,fail_cases = 60,fault = 132&124&125&126&128&129&130&131,
SUCCESS;530:edges = 599,fail_cases = 60,fault = 132&124&125&126&128&129&119&130&131,
SUCCESS;531:edges = 600,fail_cases = 60,fault = 132&124&125&126&128&129&119&130&131&120,
SUCCESS;532:edges = 601,fail_cases = 60,fault = 132&121&124&125&126&128&129&119&130&131&120,
FAIL;533:edges = 601,fail_cases = 61,fault = 132&121&123&124&125&126&128&129&119&130&131&120,
FAIL;534:edges = 601,fail_cases = 62,fault = 132&125&126&127&128&129&130&131,
SUCCESS;535:edges = 602,fail_cases = 62,fault = 133,
SUCCESS;536:edges = 603,fail_cases = 62,fault = 133&128,
SUCCESS;537:edges = 604,fail_cases = 62,fault = 133&128&129,
SUCCESS;538:edges = 605,fail_cases = 62,fault = 133&128&129&130,
SUCCESS;539:edges = 606,fail_cases = 62,fault = 133&128&129&130&131,
SUCCESS;540:edges = 607,fail_cases = 62,fault = 132&133&128&129&130&131,
SUCCESS;541:edges = 608,fail_cases = 62,fault = 132&133&125&128&129&130&131,
SUCCESS;542:edges = 609,fail_cases = 62,fault = 130&131&132&110&133&111&113&114&115&117&91&118&119&92&93&94&95&96&99&120&121&101&123&102&125&104&105&128&106&129&107,
SUCCESS;543:edges = 610,fail_cases = 62,fault = 133&134,
SUCCESS;544:edges = 611,fail_cases = 62,fault = 133&134&128,
SUCCESS;545:edges = 612,fail_cases = 62,fault = 133&134&128&129,
SUCCESS;546:edges = 613,fail_cases = 62,fault = 133&134&128&129&130,
SUCCESS;547:edges = 614,fail_cases = 62,fault = 133&134&128&129&130&131,
SUCCESS;548:edges = 615,fail_cases = 62,fault = 132&133&134&128&129&130&131,
SUCCESS;549:edges = 616,fail_cases = 62,fault = 132&133&134&125&128&129&130&131,
SUCCESS;550:edges = 617,fail_cases = 62,fault = 130&131&132&110&133&111&134&113&114&115&117&91&118&119&92&93&94&95&96&99&120&121&101&123&102&125&104&105&128&106&129&107,
SUCCESS;551:edges = 618,fail_cases = 62,fault = 133&134&135,
SUCCESS;552:edges = 619,fail_cases = 62,fault = 133&134&135&128,
SUCCESS;553:edges = 620,fail_cases = 62,fault = 133&134&135&128&129,
SUCCESS;554:edges = 621,fail_cases = 62,fault = 133&134&135&128&129&130,
SUCCESS;555:edges = 622,fail_cases = 62,fault = 133&134&135&128&129&130&131,
SUCCESS;556:edges = 623,fail_cases = 62,fault = 132&133&134&135&128&129&130&131,
SUCCESS;557:edges = 624,fail_cases = 62,fault = 132&133&134&135&125&128&129&130&131,
SUCCESS;558:edges = 625,fail_cases = 62,fault = 130&131&132&110&133&111&134&135&113&114&115&117&91&118&119&92&93&94&95&96&99&120&121&101&123&102&125&104&105&128&106&129&107,
FAIL;559:edges = 625,fail_cases = 63,fault = 133&134&135&136,