SUCCESS;0:edges = 7,fail_cases = 0,fault = ,
SUCCESS;1:edges = 8,fail_cases = 0,fault = 1,
SUCCESS;2:edges = 9,fail_cases = 0,fault = 1&2,
SUCCESS;3:edges = 10,fail_cases = 0,fault = 1&2&3,
SUCCESS;4:edges = 11,fail_cases = 0,fault = 1&2&3&4,
SUCCESS;5:edges = 12,fail_cases = 0,fault = 1&2&3&4&5,
SUCCESS;6:edges = 13,fail_cases = 0,fault = 1&2&3&4&5&6,
SUCCESS;7:edges = 14,fail_cases = 0,fault = 1&2&3&4&5&6&7,
FAIL;8:edges = 14,fail_cases = 1,fault = 1&2&3&4&5&6&7&8,
SUCCESS;9:edges = 16,fail_cases = 1,fault = 9,
SUCCESS;10:edges = 17,fail_cases = 1,fault = 1&9,
SUCCESS;11:edges = 18,fail_cases = 1,fault = 1&2&9,
SUCCESS;12:edges = 19,fail_cases = 1,fault = 1&2&3&9,
SUCCESS;13:edges = 20,fail_cases = 1,fault = 1&2&3&4&9,
SUCCESS;14:edges = 21,fail_cases = 1,fault = 1&2&3&4&5&9,
SUCCESS;15:edges = 22,fail_cases = 1,fault = 1&2&3&4&5&6&9,
SUCCESS;16:edges = 24,fail_cases = 1,fault = 1&2&3&4&5&6&8&9,
SUCCESS;17:edges = 25,fail_cases = 1,fault = 7&9&10,
SUCCESS;18:edges = 27,fail_cases = 1,fault = 11&1&2&3&4&5&6&8&9,
SUCCESS;19:edges = 28,fail_cases = 1,fault = 11&7&9&10,
SUCCESS;20:edges = 30,fail_cases = 1,fault = 11&1&12&2&3&4&5&6&8&9,
SUCCESS;21:edges = 31,fail_cases = 1,fault = 1&7&9&10,
SUCCESS;22:edges = 32,fail_cases = 1,fault = 1&2&7&9&10,
SUCCESS;23:edges = 33,fail_cases = 1,fault = 1&2&3&7&9&10,
SUCCESS;24:edges = 34,fail_cases = 1,fault = 11&1&7&9&10,
SUCCESS;25:edges = 36,fail_cases = 1,fault = 11&1&12&2&13&3&4&5&6&8&9,
FAIL;26:edges = 36,fail_cases = 2,fault = 11&1&12&2&13&3&14&4&5&6&8&9,
SUCCESS;27:edges = 37,fail_cases = 2,fault = 11&1&2&7&9&10,
SUCCESS;28:edges = 38,fail_cases = 2,fault = 11&12&7&9&10,
SUCCESS;29:edges = 39,fail_cases = 2,fault = 1&2&3&4&7&9&10,
SUCCESS;30:edges = 40,fail_cases = 2,fault = 11&12&13&7&9&10,
SUCCESS;31:edges = 41,fail_cases = 2,fault = 11&12&1&7&9&10,
SUCCESS;32:edges = 42,fail_cases = 2,fault = 11&12&1&2&7&9&10,
SUCCESS;33:edges = 43,fail_cases = 2,fault = 1&2&3&4&5&7&9&10,
SUCCESS;34:edges = 44,fail_cases = 2,fault = 1&2&3&4&5&6&7&9&10,
SUCCESS;35:edges = 45,fail_cases = 2,fault = 11&1&2&3&7&9&10,
SUCCESS;36:edges = 46,fail_cases = 2,fault = 11&12&1&13&7&9&10,
SUCCESS;37:edges = 47,fail_cases = 2,fault = 11&1&2&3&4&7&9&10,
SUCCESS;38:edges = 48,fail_cases = 2,fault = 11&1&2&3&4&5&7&9&10,
SUCCESS;39:edges = 49,fail_cases = 2,fault = 11&12&1&13&2&7&9&10,
SUCCESS;40:edges = 50,fail_cases = 2,fault = 11&12&1&2&3&7&9&10,
SUCCESS;41:edges = 51,fail_cases = 2,fault = 11&1&2&3&4&5&6&7&9&10,
SUCCESS;42:edges = 52,fail_cases = 2,fault = 11&12&1&2&3&4&7&9&10,
SUCCESS;43:edges = 53,fail_cases = 2,fault = 11&12&1&13&2&3&7&9&10,
SUCCESS;44:edges = 54,fail_cases = 2,fault = 11&12&1&13&2&3&4&7&9&10,
SUCCESS;45:edges = 55,fail_cases = 2,fault = 11&12&1&2&3&4&5&7&9&10,
SUCCESS;46:edges = 56,fail_cases = 2,fault = 11&12&1&13&2&3&4&5&7&9&10,
SUCCESS;47:edges = 57,fail_cases = 2,fault = 11&12&1&2&3&4&5&6&7&9&10,
SUCCESS;48:edges = 58,fail_cases = 2,fault = 11&12&1&13&2&3&4&5&6&7&9&10,
FAIL;49:edges = 58,fail_cases = 3,fault = 11&12&13&14&9&10,
SUCCESS;50:edges = 60,fail_cases = 3,fault = 16,
SUCCESS;51:edges = 61,fail_cases = 3,fault = 16&9,
SUCCESS;52:edges = 62,fail_cases = 3,fault = 1&2&3&4&16&5&6&8&9,
SUCCESS;53:edges = 63,fail_cases = 3,fault = 11&1&2&3&4&16&5&6&8&9,
SUCCESS;54:edges = 64,fail_cases = 3,fault = 11&1&12&2&3&4&16&5&6&8&9,
SUCCESS;55:edges = 65,fail_cases = 3,fault = 11&1&12&2&13&3&4&16&5&6&8&9,
FAIL;56:edges = 65,fail_cases = 4,fault = 15&16,
SUCCESS;57:edges = 67,fail_cases = 4,fault = 17,
SUCCESS;58:edges = 68,fail_cases = 4,fault = 16&17,
SUCCESS;59:edges = 70,fail_cases = 4,fault = 17&18,
SUCCESS;60:edges = 71,fail_cases = 4,fault = 16&17&18,
SUCCESS;61:edges = 73,fail_cases = 4,fault = 17&18&19,
SUCCESS;62:edges = 74,fail_cases = 4,fault = 16&17&18&19,
SUCCESS;63:edges = 76,fail_cases = 4,fault = 17&18&19&20,
SUCCESS;64:edges = 77,fail_cases = 4,fault = 16&17&18&19&20,
SUCCESS;65:edges = 79,fail_cases = 4,fault = 17&18&19&20&21,
SUCCESS;66:edges = 80,fail_cases = 4,fault = 16&17&18&19&20&21,
SUCCESS;67:edges = 82,fail_cases = 4,fault = 22&17&18&19&20&21,
SUCCESS;68:edges = 83,fail_cases = 4,fault = 22&16&17&18&19&20&21,
FAIL;69:edges = 83,fail_cases = 5,fault = 22&23&17&18&19&20&21,
SUCCESS;70:edges = 85,fail_cases = 5,fault = 24,
SUCCESS;71:edges = 86,fail_cases = 5,fault = 24&17,
SUCCESS;72:edges = 87,fail_cases = 5,fault = 24&17&18,
SUCCESS;73:edges = 88,fail_cases = 5,fault = 24&17&18&20,
SUCCESS;74:edges = 89,fail_cases = 5,fault = 24&17&18&20&21,
SUCCESS;75:edges = 90,fail_cases = 5,fault = 22&24&17&18&20&21,
SUCCESS;76:edges = 92,fail_cases = 5,fault = 22&23&24&17&18&20&21,
SUCCESS;77:edges = 93,fail_cases = 5,fault = 24&25&19,
SUCCESS;78:edges = 95,fail_cases = 5,fault = 22&23&24&26&17&18&20&21,
SUCCESS;79:edges = 97,fail_cases = 5,fault = 22&23&24&26&27&17&18&20&21,
SUCCESS;80:edges = 99,fail_cases = 5,fault = 22&23&24&26&27&17&28&18&20&21,
SUCCESS;81:edges = 100,fail_cases = 5,fault = 24&25&26&19,
SUCCESS;82:edges = 101,fail_cases = 5,fault = 24&25&26&27&19,
SUCCESS;83:edges = 103,fail_cases = 5,fault = 22&23&24&26&27&17&28&18&29&20&21,
SUCCESS;84:edges = 104,fail_cases = 5,fault = 24&25&17&19,
SUCCESS;85:edges = 105,fail_cases = 5,fault = 24&25&17&18&19,
SUCCESS;86:edges = 106,fail_cases = 5,fault = 24&25&17&18&19&20,
SUCCESS;87:edges = 108,fail_cases = 5,fault = 22&23&24&26&27&17&28&18&29&30&20&21,
FAIL;88:edges = 108,fail_cases = 6,fault = 22&23&24&26&27&17&28&18&29&30&20&31&21,
SUCCESS;89:edges = 109,fail_cases = 6,fault = 24&25&26&17&19,
SUCCESS;90:edges = 110,fail_cases = 6,fault = 24&25&26&27&17&19,
SUCCESS;91:edges = 111,fail_cases = 6,fault = 24&25&26&17&18&19,
SUCCESS;92:edges = 112,fail_cases = 6,fault = 24&25&26&27&17&18&19,
SUCCESS;93:edges = 113,fail_cases = 6,fault = 24&25&26&17&18&19&20,
SUCCESS;94:edges = 114,fail_cases = 6,fault = 24&25&26&27&17&18&19&20,
SUCCESS;95:edges = 115,fail_cases = 6,fault = 24&25&17&18&19&20&21,
SUCCESS;96:edges = 116,fail_cases = 6,fault = 22&24&25&17&18&19&20&21,
SUCCESS;97:edges = 117,fail_cases = 6,fault = 24&25&26&27&28&19,
SUCCESS;98:edges = 118,fail_cases = 6,fault = 24&25&26&27&28&29&19,
SUCCESS;99:edges = 119,fail_cases = 6,fault = 24&25&26&27&28&17&19,
SUCCESS;100:edges = 120,fail_cases = 6,fault = 24&25&26&27&28&17&29&19,
SUCCESS;101:edges = 121,fail_cases = 6,fault = 24&25&26&27&28&29&19&30,
SUCCESS;102:edges = 122,fail_cases = 6,fault = 24&25&26&27&28&17&18&19,
SUCCESS;103:edges = 123,fail_cases = 6,fault = 24&25&26&27&28&17&29&18&19,
SUCCESS;104:edges = 124,fail_cases = 6,fault = 24&25&26&27&28&17&18&19&20,
SUCCESS;105:edges = 125,fail_cases = 6,fault = 24&25&26&17&18&19&20&21,
SUCCESS;106:edges = 126,fail_cases = 6,fault = 24&25&26&27&17&18&19&20&21,
SUCCESS;107:edges = 127,fail_cases = 6,fault = 22&24&25&26&17&18&19&20&21,
SUCCESS;108:edges = 128,fail_cases = 6,fault = 24&25&26&27&28&17&18&19&20&21,
SUCCESS;109:edges = 129,fail_cases = 6,fault = 24&25&26&27&28&17&29&18&19&20,
SUCCESS;110:edges = 130,fail_cases = 6,fault = 22&24&25&26&27&17&18&19&20&21,
SUCCESS;111:edges = 131,fail_cases = 6,fault = 24&25&26&27&28&17&29&18&19&20&21,
SUCCESS;112:edges = 132,fail_cases = 6,fault = 24&25&26&27&28&17&29&19&30,
SUCCESS;113:edges = 133,fail_cases = 6,fault = 23&24&25&26&27&28&17&29&18&19&20&21,
SUCCESS;114:edges = 134,fail_cases = 6,fault = 22&24&25&26&27&28&17&18&19&30&20&21,
SUCCESS;115:edges = 135,fail_cases = 6,fault = 22&24&25&26&27&28&17&29&18&19&30,
FAIL;116:edges = 135,fail_cases = 7,fault = 23&24&25&26&27&28&17&29&18&19&20&31&21,
SUCCESS;117:edges = 136,fail_cases = 7,fault = 22&24&25&26&27&28&17&29&18&19&30&20,
SUCCESS;118:edges = 137,fail_cases = 7,fault = 22&24&25&26&27&28&17&29&18&19&30&20&21,
FAIL;119:edges = 137,fail_cases = 8,fault = 24&25&26&27&28&29&30&31,
SUCCESS;120:edges = 139,fail_cases = 8,fault = 32,
SUCCESS;121:edges = 140,fail_cases = 8,fault = 24&32,
SUCCESS;122:edges = 141,fail_cases = 8,fault = 22&23&24&17&18&20&32&21,
SUCCESS;123:edges = 142,fail_cases = 8,fault = 22&23&24&26&17&18&20&32&21,
SUCCESS;124:edges = 143,fail_cases = 8,fault = 22&23&24&26&27&17&18&20&32&21,
SUCCESS;125:edges = 144,fail_cases = 8,fault = 22&23&24&26&27&17&28&18&20&32&21,
SUCCESS;126:edges = 145,fail_cases = 8,fault = 22&23&24&26&27&17&28&18&29&20&32&21,
SUCCESS;127:edges = 146,fail_cases = 8,fault = 23&24&25&26&27&28&17&29&18&19&20&32&21,
SUCCESS;128:edges = 148,fail_cases = 8,fault = 33&32,
SUCCESS;129:edges = 149,fail_cases = 8,fault = 33&24&32,
SUCCESS;130:edges = 150,fail_cases = 8,fault = 33&22&23&24&17&18&20&32&21,
SUCCESS;131:edges = 151,fail_cases = 8,fault = 33&22&23&24&26&17&18&20&32&21,
SUCCESS;132:edges = 152,fail_cases = 8,fault = 33&22&23&24&26&27&17&18&20&32&21,
SUCCESS;133:edges = 153,fail_cases = 8,fault = 33&22&23&24&26&27&17&28&18&20&32&21,
SUCCESS;134:edges = 154,fail_cases = 8,fault = 33&22&23&24&26&27&17&28&18&29&20&32&21,
SUCCESS;135:edges = 155,fail_cases = 8,fault = 33&22&23&24&26&27&17&28&18&29&30&20&32&21,
SUCCESS;136:edges = 157,fail_cases = 8,fault = 33&34&32,
SUCCESS;137:edges = 158,fail_cases = 8,fault = 33&34&24&32,
SUCCESS;138:edges = 159,fail_cases = 8,fault = 33&22&34&23&24&17&18&20&32&21,
SUCCESS;139:edges = 160,fail_cases = 8,fault = 33&22&34&23&24&26&17&18&20&32&21,
SUCCESS;140:edges = 161,fail_cases = 8,fault = 33&22&34&23&24&26&27&17&18&20&32&21,
SUCCESS;141:edges = 162,fail_cases = 8,fault = 33&22&34&23&24&26&27&17&28&18&20&32&21,
SUCCESS;142:edges = 163,fail_cases = 8,fault = 33&22&34&23&24&26&27&17&28&18&29&20&32&21,
SUCCESS;143:edges = 164,fail_cases = 8,fault = 33&22&34&23&24&26&27&17&28&18&29&30&20&32&21,
SUCCESS;144:edges = 166,fail_cases = 8,fault = 33&34&35&32,
SUCCESS;145:edges = 167,fail_cases = 8,fault = 33&34&35&24&32,
SUCCESS;146:edges = 168,fail_cases = 8,fault = 33&22&34&23&35&24&17&18&20&32&21,
SUCCESS;147:edges = 169,fail_cases = 8,fault = 33&22&34&23&35&24&26&17&18&20&32&21,
SUCCESS;148:edges = 170,fail_cases = 8,fault = 33&22&34&23&35&24&26&27&17&18&20&32&21,
SUCCESS;149:edges = 171,fail_cases = 8,fault = 33&22&34&23&35&24&26&27&17&28&18&20&32&21,
SUCCESS;150:edges = 172,fail_cases = 8,fault = 33&22&34&23&35&24&26&27&17&28&18&29&20&32&21,
SUCCESS;151:edges = 173,fail_cases = 8,fault = 33&34&23&35&24&25&26&27&28&17&29&18&19&20&32&21,
SUCCESS;152:edges = 175,fail_cases = 8,fault = 33&34&35&36&32,
SUCCESS;153:edges = 176,fail_cases = 8,fault = 33&34&35&24&36&32,
SUCCESS;154:edges = 177,fail_cases = 8,fault = 33&22&34&23&35&24&36&17&18&20&32&21,
SUCCESS;155:edges = 178,fail_cases = 8,fault = 33&22&34&23&35&24&36&26&17&18&20&32&21,
SUCCESS;156:edges = 179,fail_cases = 8,fault = 33&22&34&23&35&24&36&26&27&17&18&20&32&21,
SUCCESS;157:edges = 180,fail_cases = 8,fault = 33&22&34&23&35&24&36&26&27&17&28&18&20&32&21,
SUCCESS;158:edges = 181,fail_cases = 8,fault = 33&22&34&23&35&24&36&26&27&17&28&18&29&20&32&21,
SUCCESS;159:edges = 182,fail_cases = 8,fault = 33&34&23&35&24&36&25&26&27&28&17&29&18&19&20&32&21,
FAIL;160:edges = 182,fail_cases = 9,fault = 33&34&35&36&37&32,
SUCCESS;161:edges = 184,fail_cases = 9,fault = 38,
SUCCESS;162:edges = 185,fail_cases = 9,fault = 38&32,
SUCCESS;163:edges = 186,fail_cases = 9,fault = 33&38&32,
SUCCESS;164:edges = 187,fail_cases = 9,fault = 33&34&38&32,
SUCCESS;165:edges = 188,fail_cases = 9,fault = 33&34&35&38&32,
SUCCESS;166:edges = 189,fail_cases = 9,fault = 33&34&35&36&38&32,
SUCCESS;167:edges = 191,fail_cases = 9,fault = 38&39,
SUCCESS;168:edges = 192,fail_cases = 9,fault = 38&39&32,
SUCCESS;169:edges = 193,fail_cases = 9,fault = 33&38&39&32,
SUCCESS;170:edges = 194,fail_cases = 9,fault = 33&35&38&39&32,
SUCCESS;171:edges = 195,fail_cases = 9,fault = 33&35&36&38&39&32,
SUCCESS;172:edges = 197,fail_cases = 9,fault = 33&35&36&37&38&39&32,
SUCCESS;173:edges = 199,fail_cases = 9,fault = 33&35&36&37&38&39&41&32,
SUCCESS;174:edges = 200,fail_cases = 9,fault = 34&38&39&40,
SUCCESS;175:edges = 202,fail_cases = 9,fault = 33&35&36&37&38&39&41&42&32,
SUCCESS;176:edges = 203,fail_cases = 9,fault = 34&38&39&40&41,
SUCCESS;177:edges = 205,fail_cases = 9,fault = 33&35&36&37&38&39&41&42&32&43,
SUCCESS;178:edges = 206,fail_cases = 9,fault = 34&38&39&40&32,
SUCCESS;179:edges = 207,fail_cases = 9,fault = 34&38&39&40&41&32,
SUCCESS;180:edges = 209,fail_cases = 9,fault = 33&44&35&36&37&38&39&41&42&32&43,
SUCCESS;181:edges = 210,fail_cases = 9,fault = 33&34&38&39&40&41&32,
SUCCESS;182:edges = 211,fail_cases = 9,fault = 34&35&38&39&40&42&32,
FAIL;183:edges = 211,fail_cases = 10,fault = 33&44&45&35&36&37&38&39&41&42&32&43,
SUCCESS;184:edges = 212,fail_cases = 10,fault = 34&35&36&38&39&40&42&32,
SUCCESS;185:edges = 213,fail_cases = 10,fault = 34&38&39&40&41&42,
SUCCESS;186:edges = 214,fail_cases = 10,fault = 33&34&35&38&39&40&41&32,
SUCCESS;187:edges = 215,fail_cases = 10,fault = 34&38&39&40&41&42&43,
SUCCESS;188:edges = 216,fail_cases = 10,fault = 34&38&39&40&41&42&32,
SUCCESS;189:edges = 217,fail_cases = 10,fault = 34&38&39&40&41&42&43&32,
SUCCESS;190:edges = 218,fail_cases = 10,fault = 33&34&38&39&40&41&42&32,
SUCCESS;191:edges = 219,fail_cases = 10,fault = 44&34&35&36&37&38&39&40&42&32&43,
SUCCESS;192:edges = 220,fail_cases = 10,fault = 44&33&34&38&39&40&41&42&43,
SUCCESS;193:edges = 221,fail_cases = 10,fault = 33&34&35&38&39&40&41&42&32,
FAIL;194:edges = 221,fail_cases = 11,fault = 44&34&45&35&36&37&38&39&40&42&32&43,
SUCCESS;195:edges = 222,fail_cases = 11,fault = 33&34&38&39&40&41&42&43&32,
SUCCESS;196:edges = 223,fail_cases = 11,fault = 44&33&34&38&39&40&41&42&43&32,
SUCCESS;197:edges = 224,fail_cases = 11,fault = 33&34&35&36&38&39&40&41&32&43,
SUCCESS;198:edges = 225,fail_cases = 11,fault = 33&34&35&37&38&39&40&41&42&32,
SUCCESS;199:edges = 226,fail_cases = 11,fault = 33&34&35&36&38&39&40&41&42&43&32,
SUCCESS;200:edges = 227,fail_cases = 11,fault = 44&33&34&35&38&39&40&41&42&43&32,
SUCCESS;201:edges = 228,fail_cases = 11,fault = 44&33&34&35&36&38&39&40&41&42&43&32,
FAIL;202:edges = 228,fail_cases = 12,fault = 33&44&34&45&35&37&38&39&40&41&42&32,
FAIL;203:edges = 228,fail_cases = 13,fault = 44&45&38&39&40&41&42&43,
SUCCESS;204:edges = 229,fail_cases = 13,fault = 48,
SUCCESS;205:edges = 230,fail_cases = 13,fault = 48&38,
SUCCESS;206:edges = 231,fail_cases = 13,fault = 48&38&39,
SUCCESS;207:edges = 232,fail_cases = 13,fault = 33&35&36&48&37&38&39&32,
SUCCESS;208:edges = 233,fail_cases = 13,fault = 34&35&36&48&37&38&39&40&32,
SUCCESS;209:edges = 234,fail_cases = 13,fault = 33&35&36&48&37&38&39&41&42&32,
SUCCESS;210:edges = 235,fail_cases = 13,fault = 34&35&36&48&37&38&39&40&42&32&43,
SUCCESS;211:edges = 236,fail_cases = 13,fault = 44&34&35&36&48&37&38&39&40&42&32&43,
SUCCESS;212:edges = 237,fail_cases = 13,fault = 48&49,
SUCCESS;213:edges = 238,fail_cases = 13,fault = 48&49&38,
SUCCESS;214:edges = 239,fail_cases = 13,fault = 48&49&38&39,
SUCCESS;215:edges = 240,fail_cases = 13,fault = 33&35&36&48&37&49&38&39&32,
SUCCESS;216:edges = 241,fail_cases = 13,fault = 34&35&36&48&37&49&38&39&40&32,
SUCCESS;217:edges = 242,fail_cases = 13,fault = 33&35&36&48&37&49&38&39&41&42&32,
SUCCESS;218:edges = 243,fail_cases = 13,fault = 33&35&36&48&37&49&38&39&41&42&32&43,
SUCCESS;219:edges = 244,fail_cases = 13,fault = 44&34&35&36&48&37&49&38&39&40&42&32&43,
SUCCESS;220:edges = 245,fail_cases = 13,fault = 48&49&50,
SUCCESS;221:edges = 246,fail_cases = 13,fault = 48&49&38&50,
SUCCESS;222:edges = 247,fail_cases = 13,fault = 48&49&38&39&50,
SUCCESS;223:edges = 248,fail_cases = 13,fault = 33&35&36&48&37&49&38&39&50&32,
SUCCESS;224:edges = 249,fail_cases = 13,fault = 34&35&36&48&37&49&38&39&50&40&32,
SUCCESS;225:edges = 250,fail_cases = 13,fault = 34&35&36&48&37&49&38&39&50&40&42&32,
SUCCESS;226:edges = 251,fail_cases = 13,fault = 34&35&36&48&37&49&38&39&50&40&42&32&43,
SUCCESS;227:edges = 252,fail_cases = 13,fault = 44&34&35&36&48&37&49&38&39&50&40&42&32&43,
SUCCESS;228:edges = 253,fail_cases = 13,fault = 48&49&50&51,
SUCCESS;229:edges = 254,fail_cases = 13,fault = 48&49&38&50&51,
SUCCESS;230:edges = 255,fail_cases = 13,fault = 48&49&38&39&50&51,
SUCCESS;231:edges = 256,fail_cases = 13,fault = 33&35&36&48&37&49&38&39&50&51&32,
SUCCESS;232:edges = 257,fail_cases = 13,fault = 33&35&36&48&37&49&38&39&50&51&41&32,
SUCCESS;233:edges = 258,fail_cases = 13,fault = 33&35&36&48&37&49&38&39&50&51&41&42&32,
SUCCESS;234:edges = 259,fail_cases = 13,fault = 33&35&36&48&37&49&38&39&50&51&41&42&32&43,
SUCCESS;235:edges = 260,fail_cases = 13,fault = 44&34&35&36&48&37&49&38&39&50&51&40&42&32&43,
SUCCESS;236:edges = 261,fail_cases = 13,fault = 46&48&49&50&51,
SUCCESS;237:edges = 262,fail_cases = 13,fault = 46&48&49&38&50&51,
SUCCESS;238:edges = 263,fail_cases = 13,fault = 46&48&49&38&39&50&51,
SUCCESS;239:edges = 264,fail_cases = 13,fault = 33&46&35&36&48&37&49&38&39&50&51&32,
SUCCESS;240:edges = 265,fail_cases = 13,fault = 34&46&35&36&48&37&49&38&39&50&51&40&32,
SUCCESS;241:edges = 266,fail_cases = 13,fault = 34&46&35&36&48&37&49&38&39&50&51&40&42&32,
SUCCESS;242:edges = 267,fail_cases = 13,fault = 33&34&46&35&48&37&49&38&39&50&51&40&41&42&32,
SUCCESS;243:edges = 268,fail_cases = 13,fault = 33&44&46&35&36&48&37&49&38&39&50&51&41&42&32&43,
FAIL;244:edges = 268,fail_cases = 14,fault = 46&47&48&49&50&51,