SUCCESS;0:edges = 24,fail_cases = 0,fault = ,
SUCCESS;1:edges = 25,fail_cases = 0,fault = 1,
SUCCESS;2:edges = 26,fail_cases = 0,fault = 1&2,
SUCCESS;3:edges = 27,fail_cases = 0,fault = 1&2&3,
SUCCESS;4:edges = 28,fail_cases = 0,fault = 1&2&3&4,
SUCCESS;5:edges = 29,fail_cases = 0,fault = 1&2&3&4&5,
SUCCESS;6:edges = 30,fail_cases = 0,fault = 1&2&3&4&5&6,
FAIL;7:edges = 30,fail_cases = 1,fault = 1&2&3&4&5&6&7,
SUCCESS;8:edges = 32,fail_cases = 1,fault = 8,
SUCCESS;9:edges = 33,fail_cases = 1,fault = 1&8,
SUCCESS;10:edges = 34,fail_cases = 1,fault = 1&2&8,
SUCCESS;11:edges = 35,fail_cases = 1,fault = 1&2&3&8,
SUCCESS;12:edges = 36,fail_cases = 1,fault = 1&2&3&4&8,
SUCCESS;13:edges = 37,fail_cases = 1,fault = 1&2&3&4&5&8,
SUCCESS;14:edges = 38,fail_cases = 1,fault = 1&2&3&4&5&6&8,
SUCCESS;15:edges = 40,fail_cases = 1,fault = 8&9,
SUCCESS;16:edges = 41,fail_cases = 1,fault = 1&8&9,
SUCCESS;17:edges = 42,fail_cases = 1,fault = 1&2&8&9,
SUCCESS;18:edges = 43,fail_cases = 1,fault = 1&2&3&8&9,
SUCCESS;19:edges = 44,fail_cases = 1,fault = 1&2&3&4&8&9,
SUCCESS;20:edges = 45,fail_cases = 1,fault = 1&2&3&4&5&8&9,
SUCCESS;21:edges = 46,fail_cases = 1,fault = 1&2&3&4&5&6&8&9,
SUCCESS;22:edges = 48,fail_cases = 1,fault = 8&9&10,
SUCCESS;23:edges = 49,fail_cases = 1,fault = 1&8&9&10,
SUCCESS;24:edges = 50,fail_cases = 1,fault = 1&2&8&9&10,
SUCCESS;25:edges = 51,fail_cases = 1,fault = 1&2&3&8&9&10,
SUCCESS;26:edges = 52,fail_cases = 1,fault = 1&2&3&4&8&9&10,
SUCCESS;27:edges = 53,fail_cases = 1,fault = 1&2&3&4&5&8&9&10,
SUCCESS;28:edges = 54,fail_cases = 1,fault = 1&2&3&4&5&6&8&9&10,
SUCCESS;29:edges = 56,fail_cases = 1,fault = 11&8&9&10,
SUCCESS;30:edges = 57,fail_cases = 1,fault = 11&1&8&9&10,
SUCCESS;31:edges = 58,fail_cases = 1,fault = 11&1&2&8&9&10,
SUCCESS;32:edges = 59,fail_cases = 1,fault = 11&1&2&3&8&9&10,
SUCCESS;33:edges = 60,fail_cases = 1,fault = 11&1&2&3&4&8&9&10,
SUCCESS;34:edges = 61,fail_cases = 1,fault = 11&1&2&3&4&5&8&9&10,
SUCCESS;35:edges = 62,fail_cases = 1,fault = 11&1&2&3&4&5&6&8&9&10,
SUCCESS;36:edges = 64,fail_cases = 1,fault = 11&12&8&9&10,
SUCCESS;37:edges = 65,fail_cases = 1,fault = 11&12&1&8&9&10,
SUCCESS;38:edges = 66,fail_cases = 1,fault = 11&12&1&2&8&9&10,
SUCCESS;39:edges = 67,fail_cases = 1,fault = 11&12&1&2&3&8&9&10,
SUCCESS;40:edges = 68,fail_cases = 1,fault = 11&12&1&2&3&4&8&9&10,
SUCCESS;41:edges = 69,fail_cases = 1,fault = 11&12&1&2&3&4&5&8&9&10,
SUCCESS;42:edges = 70,fail_cases = 1,fault = 11&12&1&2&3&4&5&6&8&9&10,
FAIL;43:edges = 70,fail_cases = 2,fault = 11&12&13&8&9&10,
SUCCESS;44:edges = 72,fail_cases = 2,fault = 16,
SUCCESS;45:edges = 73,fail_cases = 2,fault = 16&8,
SUCCESS;46:edges = 74,fail_cases = 2,fault = 16&8&9,
SUCCESS;47:edges = 75,fail_cases = 2,fault = 16&8&9&10,
SUCCESS;48:edges = 76,fail_cases = 2,fault = 11&16&8&9&10,
SUCCESS;49:edges = 77,fail_cases = 2,fault = 11&12&16&8&9&10,
SUCCESS;50:edges = 79,fail_cases = 2,fault = 16&17,
SUCCESS;51:edges = 80,fail_cases = 2,fault = 16&17&8,
SUCCESS;52:edges = 81,fail_cases = 2,fault = 16&17&8&9,
SUCCESS;53:edges = 82,fail_cases = 2,fault = 16&17&8&9&10,
SUCCESS;54:edges = 83,fail_cases = 2,fault = 11&16&17&8&9&10,
SUCCESS;55:edges = 84,fail_cases = 2,fault = 11&12&16&17&8&9&10,
SUCCESS;56:edges = 86,fail_cases = 2,fault = 16&17&18,
SUCCESS;57:edges = 87,fail_cases = 2,fault = 16&17&18&8,
SUCCESS;58:edges = 88,fail_cases = 2,fault = 16&17&18&8&9,
SUCCESS;59:edges = 89,fail_cases = 2,fault = 16&17&18&8&9&10,
SUCCESS;60:edges = 90,fail_cases = 2,fault = 11&16&17&18&8&9&10,
SUCCESS;61:edges = 91,fail_cases = 2,fault = 11&12&16&17&18&8&9&10,
SUCCESS;62:edges = 93,fail_cases = 2,fault = 16&17&18&19,
SUCCESS;63:edges = 94,fail_cases = 2,fault = 16&17&18&19&8,
SUCCESS;64:edges = 95,fail_cases = 2,fault = 16&17&18&19&8&9,
SUCCESS;65:edges = 96,fail_cases = 2,fault = 16&17&18&19&8&9&10,
SUCCESS;66:edges = 97,fail_cases = 2,fault = 11&16&17&18&19&8&9&10,
SUCCESS;67:edges = 98,fail_cases = 2,fault = 11&12&16&17&18&19&8&9&10,
SUCCESS;68:edges = 100,fail_cases = 2,fault = 16&17&18&19&20,
SUCCESS;69:edges = 101,fail_cases = 2,fault = 16&17&18&19&8&20,
SUCCESS;70:edges = 102,fail_cases = 2,fault = 16&17&18&19&8&9&20,
SUCCESS;71:edges = 103,fail_cases = 2,fault = 16&17&18&19&8&9&20&10,
SUCCESS;72:edges = 104,fail_cases = 2,fault = 11&16&17&18&19&8&9&20&10,
SUCCESS;73:edges = 105,fail_cases = 2,fault = 11&12&16&17&18&19&8&9&20&10,
SUCCESS;74:edges = 107,fail_cases = 2,fault = 16&17&18&19&20&21,
SUCCESS;75:edges = 108,fail_cases = 2,fault = 16&17&18&19&8&20&21,
SUCCESS;76:edges = 109,fail_cases = 2,fault = 16&17&18&19&8&9&20&21,
SUCCESS;77:edges = 110,fail_cases = 2,fault = 16&17&18&19&8&9&20&21&10,
SUCCESS;78:edges = 111,fail_cases = 2,fault = 11&16&17&18&19&8&9&20&21&10,
SUCCESS;79:edges = 112,fail_cases = 2,fault = 11&12&16&17&18&19&8&9&20&21&10,
SUCCESS;80:edges = 114,fail_cases = 2,fault = 14&16&17&18&19&20&21,
SUCCESS;81:edges = 115,fail_cases = 2,fault = 14&16&17&18&19&8&20&21,
SUCCESS;82:edges = 116,fail_cases = 2,fault = 14&16&17&18&19&8&9&20&21,
SUCCESS;83:edges = 117,fail_cases = 2,fault = 14&16&17&18&19&8&9&20&21&10,
SUCCESS;84:edges = 118,fail_cases = 2,fault = 11&14&16&17&18&19&8&9&20&21&10,
SUCCESS;85:edges = 119,fail_cases = 2,fault = 11&12&14&16&17&18&19&8&9&20&21&10,
FAIL;86:edges = 119,fail_cases = 3,fault = 14&15&16&17&18&19&20&21,
SUCCESS;87:edges = 121,fail_cases = 3,fault = 22,
SUCCESS;88:edges = 122,fail_cases = 3,fault = 22&16,
SUCCESS;89:edges = 123,fail_cases = 3,fault = 22&16&17,
SUCCESS;90:edges = 124,fail_cases = 3,fault = 22&16&17&18,
SUCCESS;91:edges = 125,fail_cases = 3,fault = 22&16&17&18&19,
SUCCESS;92:edges = 126,fail_cases = 3,fault = 22&16&17&18&19&20,
SUCCESS;93:edges = 127,fail_cases = 3,fault = 22&16&17&18&19&20&21,
SUCCESS;94:edges = 128,fail_cases = 3,fault = 22&14&16&17&18&19&20&21,
SUCCESS;95:edges = 130,fail_cases = 3,fault = 22&23,
SUCCESS;96:edges = 131,fail_cases = 3,fault = 22&23&16,
SUCCESS;97:edges = 132,fail_cases = 3,fault = 22&23&16&17,
SUCCESS;98:edges = 133,fail_cases = 3,fault = 22&23&16&17&18,
SUCCESS;99:edges = 134,fail_cases = 3,fault = 22&23&16&17&18&19,
SUCCESS;100:edges = 135,fail_cases = 3,fault = 22&23&16&17&18&19&20,
SUCCESS;101:edges = 136,fail_cases = 3,fault = 22&23&16&17&18&19&20&21,
SUCCESS;102:edges = 137,fail_cases = 3,fault = 22&23&14&16&17&18&19&20&21,
FAIL;103:edges = 137,fail_cases = 4,fault = 22&23&24,
SUCCESS;104:edges = 139,fail_cases = 4,fault = 25,
SUCCESS;105:edges = 140,fail_cases = 4,fault = 22&25,
SUCCESS;106:edges = 141,fail_cases = 4,fault = 22&23&25,
SUCCESS;107:edges = 143,fail_cases = 4,fault = 25&26,
SUCCESS;108:edges = 144,fail_cases = 4,fault = 22&25&26,
SUCCESS;109:edges = 145,fail_cases = 4,fault = 22&23&25&26,
SUCCESS;110:edges = 147,fail_cases = 4,fault = 25&26&27,
SUCCESS;111:edges = 148,fail_cases = 4,fault = 22&25&26&27,
SUCCESS;112:edges = 149,fail_cases = 4,fault = 22&23&25&26&27,
FAIL;113:edges = 149,fail_cases = 5,fault = 25&26&27&28,
SUCCESS;114:edges = 151,fail_cases = 5,fault = 29,
SUCCESS;115:edges = 152,fail_cases = 5,fault = 25&29,
SUCCESS;116:edges = 153,fail_cases = 5,fault = 25&26&29,
SUCCESS;117:edges = 154,fail_cases = 5,fault = 25&26&27&29,
FAIL;118:edges = 154,fail_cases = 6,fault = 29&30,
SUCCESS;119:edges = 156,fail_cases = 6,fault = 32,
SUCCESS;120:edges = 157,fail_cases = 6,fault = 29&32,
SUCCESS;121:edges = 159,fail_cases = 6,fault = 33&32,
SUCCESS;122:edges = 160,fail_cases = 6,fault = 33&29&32,
SUCCESS;123:edges = 162,fail_cases = 6,fault = 33&34&32,
SUCCESS;124:edges = 163,fail_cases = 6,fault = 33&34&29&32,
SUCCESS;125:edges = 165,fail_cases = 6,fault = 33&34&35&32,
SUCCESS;126:edges = 166,fail_cases = 6,fault = 33&34&35&29&32,
SUCCESS;127:edges = 168,fail_cases = 6,fault = 33&34&35&36&32,
SUCCESS;128:edges = 169,fail_cases = 6,fault = 33&34&35&36&29&32,
SUCCESS;129:edges = 171,fail_cases = 6,fault = 33&34&35&36&37&32,
SUCCESS;130:edges = 172,fail_cases = 6,fault = 33&34&35&36&37&29&32,
FAIL;131:edges = 172,fail_cases = 7,fault = 33&34&35&36&37&31&32,
SUCCESS;132:edges = 174,fail_cases = 7,fault = 38,
SUCCESS;133:edges = 175,fail_cases = 7,fault = 38&32,
SUCCESS;134:edges = 176,fail_cases = 7,fault = 33&38&32,
SUCCESS;135:edges = 177,fail_cases = 7,fault = 33&34&38&32,
SUCCESS;136:edges = 178,fail_cases = 7,fault = 33&34&35&38&32,
SUCCESS;137:edges = 179,fail_cases = 7,fault = 33&34&35&36&38&32,
SUCCESS;138:edges = 180,fail_cases = 7,fault = 33&34&35&36&37&38&32,
SUCCESS;139:edges = 182,fail_cases = 7,fault = 38&39,
SUCCESS;140:edges = 183,fail_cases = 7,fault = 38&39&32,
SUCCESS;141:edges = 184,fail_cases = 7,fault = 33&38&39&32,
SUCCESS;142:edges = 185,fail_cases = 7,fault = 33&34&38&39&32,
SUCCESS;143:edges = 186,fail_cases = 7,fault = 33&34&35&38&39&32,
SUCCESS;144:edges = 187,fail_cases = 7,fault = 33&34&35&36&38&39&32,
SUCCESS;145:edges = 188,fail_cases = 7,fault = 33&34&35&36&37&38&39&32,
SUCCESS;146:edges = 190,fail_cases = 7,fault = 38&39&40,
SUCCESS;147:edges = 191,fail_cases = 7,fault = 38&39&40&32,
SUCCESS;148:edges = 192,fail_cases = 7,fault = 33&38&39&40&32,
SUCCESS;149:edges = 193,fail_cases = 7,fault = 33&34&38&39&40&32,
SUCCESS;150:edges = 194,fail_cases = 7,fault = 33&34&35&38&39&40&32,
SUCCESS;151:edges = 195,fail_cases = 7,fault = 33&34&35&36&38&39&40&32,
SUCCESS;152:edges = 196,fail_cases = 7,fault = 33&34&35&36&37&38&39&40&32,
SUCCESS;153:edges = 198,fail_cases = 7,fault = 38&39&40&41,
SUCCESS;154:edges = 199,fail_cases = 7,fault = 38&39&40&41&32,
SUCCESS;155:edges = 200,fail_cases = 7,fault = 33&38&39&40&41&32,
SUCCESS;156:edges = 201,fail_cases = 7,fault = 33&34&38&39&40&41&32,
SUCCESS;157:edges = 202,fail_cases = 7,fault = 33&34&35&38&39&40&41&32,
SUCCESS;158:edges = 203,fail_cases = 7,fault = 33&34&35&36&38&39&40&41&32,
SUCCESS;159:edges = 204,fail_cases = 7,fault = 33&34&35&36&37&38&39&40&41&32,
SUCCESS;160:edges = 206,fail_cases = 7,fault = 38&39&40&41&42,
SUCCESS;161:edges = 207,fail_cases = 7,fault = 38&39&40&41&42&32,
SUCCESS;162:edges = 208,fail_cases = 7,fault = 33&38&39&40&41&42&32,
SUCCESS;163:edges = 209,fail_cases = 7,fault = 33&34&38&39&40&41&42&32,
SUCCESS;164:edges = 210,fail_cases = 7,fault = 33&34&35&38&39&40&41&42&32,
SUCCESS;165:edges = 211,fail_cases = 7,fault = 33&34&35&36&38&39&40&41&42&32,
SUCCESS;166:edges = 212,fail_cases = 7,fault = 33&34&35&36&37&38&39&40&41&42&32,
FAIL;167:edges = 212,fail_cases = 8,fault = 38&39&40&41&42&43,
SUCCESS;168:edges = 214,fail_cases = 8,fault = 48,
SUCCESS;169:edges = 215,fail_cases = 8,fault = 48&38,
SUCCESS;170:edges = 216,fail_cases = 8,fault = 48&38&39,
SUCCESS;171:edges = 217,fail_cases = 8,fault = 48&38&39&40,
SUCCESS;172:edges = 218,fail_cases = 8,fault = 48&38&39&40&41,
SUCCESS;173:edges = 219,fail_cases = 8,fault = 48&38&39&40&41&42,
SUCCESS;174:edges = 221,fail_cases = 8,fault = 48&49,
SUCCESS;175:edges = 222,fail_cases = 8,fault = 48&49&38,
SUCCESS;176:edges = 223,fail_cases = 8,fault = 48&49&38&39,
SUCCESS;177:edges = 224,fail_cases = 8,fault = 48&49&38&39&40,
SUCCESS;178:edges = 225,fail_cases = 8,fault = 48&49&38&39&40&41,
SUCCESS;179:edges = 226,fail_cases = 8,fault = 48&49&38&39&40&41&42,
SUCCESS;180:edges = 228,fail_cases = 8,fault = 48&49&50,
SUCCESS;181:edges = 229,fail_cases = 8,fault = 48&49&38&50,
SUCCESS;182:edges = 230,fail_cases = 8,fault = 48&49&38&39&50,
SUCCESS;183:edges = 231,fail_cases = 8,fault = 48&49&38&39&50&40,
SUCCESS;184:edges = 232,fail_cases = 8,fault = 48&49&38&39&50&40&41,
SUCCESS;185:edges = 233,fail_cases = 8,fault = 48&49&38&39&50&40&41&42,
SUCCESS;186:edges = 235,fail_cases = 8,fault = 48&49&50&51,
SUCCESS;187:edges = 236,fail_cases = 8,fault = 48&49&38&50&51,
SUCCESS;188:edges = 237,fail_cases = 8,fault = 48&49&38&39&50&51,
SUCCESS;189:edges = 238,fail_cases = 8,fault = 48&49&38&39&50&51&40,
SUCCESS;190:edges = 239,fail_cases = 8,fault = 48&49&38&39&50&51&40&41,
SUCCESS;191:edges = 240,fail_cases = 8,fault = 48&49&38&39&50&51&40&41&42,
SUCCESS;192:edges = 242,fail_cases = 8,fault = 44&48&49&50&51,
SUCCESS;193:edges = 243,fail_cases = 8,fault = 44&48&49&38&50&51,
SUCCESS;194:edges = 244,fail_cases = 8,fault = 44&48&49&38&39&50&51,
SUCCESS;195:edges = 245,fail_cases = 8,fault = 44&48&49&38&39&50&51&40,
SUCCESS;196:edges = 246,fail_cases = 8,fault = 44&48&49&38&39&50&51&40&41,
SUCCESS;197:edges = 247,fail_cases = 8,fault = 44&48&49&38&39&50&51&40&41&42,
SUCCESS;198:edges = 249,fail_cases = 8,fault = 44&45&48&49&50&51,
SUCCESS;199:edges = 250,fail_cases = 8,fault = 44&45&48&49&38&50&51,
SUCCESS;200:edges = 251,fail_cases = 8,fault = 44&45&48&49&38&39&50&51,
SUCCESS;201:edges = 252,fail_cases = 8,fault = 44&45&48&49&38&39&50&51&40,
SUCCESS;202:edges = 253,fail_cases = 8,fault = 44&45&48&49&38&39&50&51&40&41,
SUCCESS;203:edges = 254,fail_cases = 8,fault = 44&45&48&49&38&39&50&51&40&41&42,
SUCCESS;204:edges = 256,fail_cases = 8,fault = 44&45&46&48&49&50&51,
SUCCESS;205:edges = 257,fail_cases = 8,fault = 44&45&46&48&49&38&50&51,
SUCCESS;206:edges = 258,fail_cases = 8,fault = 44&45&46&48&49&38&39&50&51,
SUCCESS;207:edges = 259,fail_cases = 8,fault = 44&45&46&48&49&38&39&50&51&40,
SUCCESS;208:edges = 260,fail_cases = 8,fault = 44&45&46&48&49&38&39&50&51&40&41,
SUCCESS;209:edges = 261,fail_cases = 8,fault = 44&45&46&48&49&38&39&50&51&40&41&42,
FAIL;210:edges = 261,fail_cases = 9,fault = 44&45&46&47&48&49&50&51,
SUCCESS;211:edges = 263,fail_cases = 9,fault = 52,
SUCCESS;212:edges = 264,fail_cases = 9,fault = 48&52,
SUCCESS;213:edges = 265,fail_cases = 9,fault = 48&49&52,
SUCCESS;214:edges = 266,fail_cases = 9,fault = 48&49&50&52,
SUCCESS;215:edges = 267,fail_cases = 9,fault = 48&49&50&51&52,
SUCCESS;216:edges = 268,fail_cases = 9,fault = 44&48&49&50&51&52,
SUCCESS;217:edges = 269,fail_cases = 9,fault = 44&45&48&49&50&51&52,
SUCCESS;218:edges = 270,fail_cases = 9,fault = 44&45&46&48&49&50&51&52,
FAIL;219:edges = 270,fail_cases = 10,fault = 52&53,
SUCCESS;220:edges = 272,fail_cases = 10,fault = 54,
SUCCESS;221:edges = 273,fail_cases = 10,fault = 52&54,
SUCCESS;222:edges = 275,fail_cases = 10,fault = 55&54,
SUCCESS;223:edges = 276,fail_cases = 10,fault = 55&52&54,
SUCCESS;224:edges = 278,fail_cases = 10,fault = 55&56&54,
SUCCESS;225:edges = 279,fail_cases = 10,fault = 55&56&52&54,
SUCCESS;226:edges = 281,fail_cases = 10,fault = 55&56&57&54,
SUCCESS;227:edges = 282,fail_cases = 10,fault = 55&56&57&52&54,
SUCCESS;228:edges = 284,fail_cases = 10,fault = 55&56&57&58&54,
SUCCESS;229:edges = 285,fail_cases = 10,fault = 55&56&57&58&52&54,
SUCCESS;230:edges = 287,fail_cases = 10,fault = 55&56&57&58&59&54,
SUCCESS;231:edges = 288,fail_cases = 10,fault = 55&56&57&58&59&52&54,
SUCCESS;232:edges = 290,fail_cases = 10,fault = 55&56&57&58&59&60&54,
SUCCESS;233:edges = 291,fail_cases = 10,fault = 55&56&57&58&59&60&52&54,
FAIL;234:edges = 291,fail_cases = 11,fault = 55&56&57&58&59&60&61&54,
SUCCESS;235:edges = 293,fail_cases = 11,fault = 64,
SUCCESS;236:edges = 294,fail_cases = 11,fault = 64&54,
SUCCESS;237:edges = 295,fail_cases = 11,fault = 55&64&54,
SUCCESS;238:edges = 296,fail_cases = 11,fault = 55&56&64&54,
SUCCESS;239:edges = 297,fail_cases = 11,fault = 55&56&57&64&54,
SUCCESS;240:edges = 298,fail_cases = 11,fault = 55&56&57&58&64&54,
SUCCESS;241:edges = 299,fail_cases = 11,fault = 55&56&57&58&59&64&54,
SUCCESS;242:edges = 300,fail_cases = 11,fault = 55&56&57&58&59&60&64&54,
SUCCESS;243:edges = 302,fail_cases = 11,fault = 64&65,
SUCCESS;244:edges = 303,fail_cases = 11,fault = 64&65&54,
SUCCESS;245:edges = 304,fail_cases = 11,fault = 55&64&65&54,
SUCCESS;246:edges = 305,fail_cases = 11,fault = 55&56&64&65&54,
SUCCESS;247:edges = 306,fail_cases = 11,fault = 55&56&57&64&65&54,
SUCCESS;248:edges = 307,fail_cases = 11,fault = 55&56&57&58&64&65&54,
SUCCESS;249:edges = 308,fail_cases = 11,fault = 55&56&57&58&59&64&65&54,
SUCCESS;250:edges = 309,fail_cases = 11,fault = 55&56&57&58&59&60&64&65&54,
SUCCESS;251:edges = 311,fail_cases = 11,fault = 66&64&65,
SUCCESS;252:edges = 312,fail_cases = 11,fault = 66&64&65&54,
SUCCESS;253:edges = 313,fail_cases = 11,fault = 66&55&64&65&54,
SUCCESS;254:edges = 314,fail_cases = 11,fault = 66&55&56&64&65&54,
SUCCESS;255:edges = 315,fail_cases = 11,fault = 66&55&56&57&64&65&54,
SUCCESS;256:edges = 316,fail_cases = 11,fault = 66&55&56&57&58&64&65&54,
SUCCESS;257:edges = 317,fail_cases = 11,fault = 66&55&56&57&58&59&64&65&54,
SUCCESS;258:edges = 318,fail_cases = 11,fault = 66&55&56&57&58&59&60&64&65&54,
SUCCESS;259:edges = 320,fail_cases = 11,fault = 66&67&64&65,
SUCCESS;260:edges = 321,fail_cases = 11,fault = 66&67&64&65&54,
SUCCESS;261:edges = 322,fail_cases = 11,fault = 66&55&67&64&65&54,
SUCCESS;262:edges = 323,fail_cases = 11,fault = 66&55&67&56&64&65&54,
SUCCESS;263:edges = 324,fail_cases = 11,fault = 66&55&67&56&57&64&65&54,
SUCCESS;264:edges = 325,fail_cases = 11,fault = 66&55&67&56&57&58&64&65&54,
SUCCESS;265:edges = 326,fail_cases = 11,fault = 66&55&67&56&57&58&59&64&65&54,
SUCCESS;266:edges = 327,fail_cases = 11,fault = 66&55&67&56&57&58&59&60&64&65&54,
SUCCESS;267:edges = 329,fail_cases = 11,fault = 66&67&62&64&65,
SUCCESS;268:edges = 330,fail_cases = 11,fault = 66&67&62&64&65&54,
SUCCESS;269:edges = 331,fail_cases = 11,fault = 66&55&67&62&64&65&54,
SUCCESS;270:edges = 332,fail_cases = 11,fault = 66&55&67&56&62&64&65&54,
SUCCESS;271:edges = 333,fail_cases = 11,fault = 66&55&67&56&57&62&64&65&54,
SUCCESS;272:edges = 334,fail_cases = 11,fault = 66&55&67&56&57&58&62&64&65&54,
SUCCESS;273:edges = 335,fail_cases = 11,fault = 66&55&67&56&57&58&59&62&64&65&54,
SUCCESS;274:edges = 336,fail_cases = 11,fault = 66&55&67&56&57&58&59&60&62&64&65&54,
FAIL;275:edges = 336,fail_cases = 12,fault = 66&67&62&63&64&65,
SUCCESS;276:edges = 338,fail_cases = 12,fault = 68,
SUCCESS;277:edges = 339,fail_cases = 12,fault = 68&64,
SUCCESS;278:edges = 340,fail_cases = 12,fault = 68&64&65,
SUCCESS;279:edges = 341,fail_cases = 12,fault = 66&68&64&65,
SUCCESS;280:edges = 342,fail_cases = 12,fault = 66&67&68&64&65,
SUCCESS;281:edges = 343,fail_cases = 12,fault = 66&67&68&62&64&65,
FAIL;282:edges = 343,fail_cases = 13,fault = 68&69,
SUCCESS;283:edges = 345,fail_cases = 13,fault = 70,
SUCCESS;284:edges = 346,fail_cases = 13,fault = 68&70,
SUCCESS;285:edges = 348,fail_cases = 13,fault = 70&71,
SUCCESS;286:edges = 349,fail_cases = 13,fault = 68&70&71,
FAIL;287:edges = 349,fail_cases = 14,fault = 70&71&72,
SUCCESS;288:edges = 351,fail_cases = 14,fault = 73,
SUCCESS;289:edges = 352,fail_cases = 14,fault = 70&73,
SUCCESS;290:edges = 353,fail_cases = 14,fault = 70&71&73,
SUCCESS;291:edges = 355,fail_cases = 14,fault = 73&74,
SUCCESS;292:edges = 356,fail_cases = 14,fault = 70&73&74,
SUCCESS;293:edges = 357,fail_cases = 14,fault = 70&71&73&74,
FAIL;294:edges = 357,fail_cases = 15,fault = 73&74&75,
SUCCESS;295:edges = 359,fail_cases = 15,fault = 76,
SUCCESS;296:edges = 360,fail_cases = 15,fault = 73&76,
SUCCESS;297:edges = 361,fail_cases = 15,fault = 73&74&76,
SUCCESS;298:edges = 363,fail_cases = 15,fault = 77&76,
SUCCESS;299:edges = 364,fail_cases = 15,fault = 77&73&76,
SUCCESS;300:edges = 365,fail_cases = 15,fault = 77&73&74&76,
SUCCESS;301:edges = 367,fail_cases = 15,fault = 77&78&76,
SUCCESS;302:edges = 368,fail_cases = 15,fault = 77&78&73&76,
SUCCESS;303:edges = 369,fail_cases = 15,fault = 77&78&73&74&76,
FAIL;304:edges = 369,fail_cases = 16,fault = 77&78&79&76,
SUCCESS;305:edges = 371,fail_cases = 16,fault = 80,
SUCCESS;306:edges = 372,fail_cases = 16,fault = 80&76,
SUCCESS;307:edges = 373,fail_cases = 16,fault = 77&80&76,
SUCCESS;308:edges = 374,fail_cases = 16,fault = 77&78&80&76,
SUCCESS;309:edges = 376,fail_cases = 16,fault = 80&81,
SUCCESS;310:edges = 377,fail_cases = 16,fault = 80&81&76,
SUCCESS;311:edges = 378,fail_cases = 16,fault = 77&80&81&76,
SUCCESS;312:edges = 379,fail_cases = 16,fault = 77&78&80&81&76,
FAIL;313:edges = 379,fail_cases = 17,fault = 80&81&82,
SUCCESS;314:edges = 381,fail_cases = 17,fault = 83,
SUCCESS;315:edges = 382,fail_cases = 17,fault = 80&83,
SUCCESS;316:edges = 383,fail_cases = 17,fault = 80&81&83,
SUCCESS;317:edges = 385,fail_cases = 17,fault = 83&84,
SUCCESS;318:edges = 386,fail_cases = 17,fault = 80&83&84,
SUCCESS;319:edges = 387,fail_cases = 17,fault = 80&81&83&84,
SUCCESS;320:edges = 389,fail_cases = 17,fault = 83&84&85,
SUCCESS;321:edges = 390,fail_cases = 17,fault = 80&83&84&85,
SUCCESS;322:edges = 391,fail_cases = 17,fault = 80&81&83&84&85,
SUCCESS;323:edges = 393,fail_cases = 17,fault = 83&84&85&86,
SUCCESS;324:edges = 394,fail_cases = 17,fault = 80&83&84&85&86,
SUCCESS;325:edges = 395,fail_cases = 17,fault = 80&81&83&84&85&86,
SUCCESS;326:edges = 397,fail_cases = 17,fault = 83&84&85&86&87,
SUCCESS;327:edges = 398,fail_cases = 17,fault = 80&83&84&85&86&87,
SUCCESS;328:edges = 399,fail_cases = 17,fault = 80&81&83&84&85&86&87,
FAIL;329:edges = 399,fail_cases = 18,fault = 88&83&84&85&86&87,
SUCCESS;330:edges = 401,fail_cases = 18,fault = 89,
SUCCESS;331:edges = 402,fail_cases = 18,fault = 89&83,
SUCCESS;332:edges = 403,fail_cases = 18,fault = 89&83&84,
SUCCESS;333:edges = 404,fail_cases = 18,fault = 89&83&84&85,
SUCCESS;334:edges = 405,fail_cases = 18,fault = 89&83&84&85&86,
SUCCESS;335:edges = 406,fail_cases = 18,fault = 89&83&84&85&86&87,
SUCCESS;336:edges = 408,fail_cases = 18,fault = 89&90,
SUCCESS;337:edges = 409,fail_cases = 18,fault = 89&90&83,
SUCCESS;338:edges = 410,fail_cases = 18,fault = 89&90&83&84,
SUCCESS;339:edges = 411,fail_cases = 18,fault = 89&90&83&84&85,
SUCCESS;340:edges = 412,fail_cases = 18,fault = 89&90&83&84&85&86,
SUCCESS;341:edges = 413,fail_cases = 18,fault = 89&90&83&84&85&86&87,
SUCCESS;342:edges = 415,fail_cases = 18,fault = 89&90&91,
SUCCESS;343:edges = 416,fail_cases = 18,fault = 89&90&91&83,
SUCCESS;344:edges = 417,fail_cases = 18,fault = 89&90&91&83&84,
SUCCESS;345:edges = 418,fail_cases = 18,fault = 89&90&91&83&84&85,
SUCCESS;346:edges = 419,fail_cases = 18,fault = 89&90&91&83&84&85&86,
SUCCESS;347:edges = 420,fail_cases = 18,fault = 89&90&91&83&84&85&86&87,
FAIL;348:edges = 420,fail_cases = 19,fault = 89&90&91&92,
SUCCESS;349:edges = 422,fail_cases = 19,fault = 93,
SUCCESS;350:edges = 423,fail_cases = 19,fault = 89&93,
SUCCESS;351:edges = 424,fail_cases = 19,fault = 89&90&93,
SUCCESS;352:edges = 425,fail_cases = 19,fault = 89&90&91&93,
SUCCESS;353:edges = 427,fail_cases = 19,fault = 93&94,
SUCCESS;354:edges = 428,fail_cases = 19,fault = 89&93&94,
SUCCESS;355:edges = 429,fail_cases = 19,fault = 89&90&93&94,
SUCCESS;356:edges = 430,fail_cases = 19,fault = 89&90&91&93&94,
FAIL;357:edges = 430,fail_cases = 20,fault = 93&94&95,
SUCCESS;358:edges = 432,fail_cases = 20,fault = 96,
SUCCESS;359:edges = 433,fail_cases = 20,fault = 93&96,
SUCCESS;360:edges = 434,fail_cases = 20,fault = 93&94&96,
SUCCESS;361:edges = 436,fail_cases = 20,fault = 96&97,
SUCCESS;362:edges = 437,fail_cases = 20,fault = 93&96&97,
SUCCESS;363:edges = 438,fail_cases = 20,fault = 93&94&96&97,
SUCCESS;364:edges = 440,fail_cases = 20,fault = 96&97&98,
SUCCESS;365:edges = 441,fail_cases = 20,fault = 93&96&97&98,
SUCCESS;366:edges = 442,fail_cases = 20,fault = 93&94&96&97&98,
SUCCESS;367:edges = 444,fail_cases = 20,fault = 99&96&97&98,
SUCCESS;368:edges = 445,fail_cases = 20,fault = 99&93&96&97&98,
SUCCESS;369:edges = 446,fail_cases = 20,fault = 99&93&94&96&97&98,
SUCCESS;370:edges = 448,fail_cases = 20,fault = 99&100&96&97&98,
SUCCESS;371:edges = 449,fail_cases = 20,fault = 99&100&93&96&97&98,
SUCCESS;372:edges = 450,fail_cases = 20,fault = 99&100&93&94&96&97&98,
SUCCESS;373:edges = 452,fail_cases = 20,fault = 99&100&101&96&97&98,
SUCCESS;374:edges = 453,fail_cases = 20,fault = 99&100&101&93&96&97&98,
SUCCESS;375:edges = 454,fail_cases = 20,fault = 99&100&101&93&94&96&97&98,
FAIL;376:edges = 454,fail_cases = 21,fault = 99&100&101&102&96&97&98,
SUCCESS;377:edges = 456,fail_cases = 21,fault = 103,
SUCCESS;378:edges = 457,fail_cases = 21,fault = 103&96,
SUCCESS;379:edges = 458,fail_cases = 21,fault = 103&96&97,
SUCCESS;380:edges = 459,fail_cases = 21,fault = 103&96&97&98,
SUCCESS;381:edges = 460,fail_cases = 21,fault = 99&103&96&97&98,
SUCCESS;382:edges = 461,fail_cases = 21,fault = 99&100&103&96&97&98,
SUCCESS;383:edges = 462,fail_cases = 21,fault = 99&100&101&103&96&97&98,
SUCCESS;384:edges = 464,fail_cases = 21,fault = 103&104,
SUCCESS;385:edges = 465,fail_cases = 21,fault = 103&104&96,
SUCCESS;386:edges = 466,fail_cases = 21,fault = 103&104&96&97,
SUCCESS;387:edges = 467,fail_cases = 21,fault = 103&104&96&97&98,
SUCCESS;388:edges = 468,fail_cases = 21,fault = 99&103&104&96&97&98,
SUCCESS;389:edges = 469,fail_cases = 21,fault = 99&100&103&104&96&97&98,
SUCCESS;390:edges = 470,fail_cases = 21,fault = 99&100&101&103&104&96&97&98,
SUCCESS;391:edges = 472,fail_cases = 21,fault = 103&104&105,
SUCCESS;392:edges = 473,fail_cases = 21,fault = 103&104&105&96,
SUCCESS;393:edges = 474,fail_cases = 21,fault = 103&104&105&96&97,
SUCCESS;394:edges = 475,fail_cases = 21,fault = 103&104&105&96&97&98,
SUCCESS;395:edges = 476,fail_cases = 21,fault = 99&103&104&105&96&97&98,
SUCCESS;396:edges = 477,fail_cases = 21,fault = 99&100&103&104&105&96&97&98,
SUCCESS;397:edges = 478,fail_cases = 21,fault = 99&100&101&103&104&105&96&97&98,
SUCCESS;398:edges = 480,fail_cases = 21,fault = 103&104&105&106,
SUCCESS;399:edges = 481,fail_cases = 21,fault = 103&104&105&106&96,
SUCCESS;400:edges = 482,fail_cases = 21,fault = 103&104&105&106&96&97,
SUCCESS;401:edges = 483,fail_cases = 21,fault = 103&104&105&106&96&97&98,
SUCCESS;402:edges = 484,fail_cases = 21,fault = 99&103&104&105&106&96&97&98,
SUCCESS;403:edges = 485,fail_cases = 21,fault = 99&100&103&104&105&106&96&97&98,
SUCCESS;404:edges = 486,fail_cases = 21,fault = 99&100&101&103&104&105&106&96&97&98,
SUCCESS;405:edges = 488,fail_cases = 21,fault = 103&104&105&106&107,
SUCCESS;406:edges = 489,fail_cases = 21,fault = 103&104&105&106&107&96,
SUCCESS;407:edges = 490,fail_cases = 21,fault = 103&104&105&106&107&96&97,
SUCCESS;408:edges = 491,fail_cases = 21,fault = 103&104&105&106&107&96&97&98,
SUCCESS;409:edges = 492,fail_cases = 21,fault = 99&103&104&105&106&107&96&97&98,
SUCCESS;410:edges = 493,fail_cases = 21,fault = 99&100&103&104&105&106&107&96&97&98,
SUCCESS;411:edges = 494,fail_cases = 21,fault = 99&100&101&103&104&105&106&107&96&97&98,
SUCCESS;412:edges = 496,fail_cases = 21,fault = 103&104&105&106&107&108,
SUCCESS;413:edges = 497,fail_cases = 21,fault = 103&104&105&106&107&108&96,
SUCCESS;414:edges = 498,fail_cases = 21,fault = 103&104&105&106&107&108&96&97,
SUCCESS;415:edges = 499,fail_cases = 21,fault = 103&104&105&106&107&108&96&97&98,
SUCCESS;416:edges = 500,fail_cases = 21,fault = 99&103&104&105&106&107&108&96&97&98,
SUCCESS;417:edges = 501,fail_cases = 21,fault = 99&100&103&104&105&106&107&108&96&97&98,
SUCCESS;418:edges = 502,fail_cases = 21,fault = 99&100&101&103&104&105&106&107&108&96&97&98,
FAIL;419:edges = 502,fail_cases = 22,fault = 103&104&105&106&107&108&109,
SUCCESS;420:edges = 504,fail_cases = 22,fault = 112,
SUCCESS;421:edges = 505,fail_cases = 22,fault = 112&103,
SUCCESS;422:edges = 506,fail_cases = 22,fault = 112&103&104,
SUCCESS;423:edges = 507,fail_cases = 22,fault = 112&103&104&105,
SUCCESS;424:edges = 508,fail_cases = 22,fault = 112&103&104&105&106,
SUCCESS;425:edges = 509,fail_cases = 22,fault = 112&103&104&105&106&107,
SUCCESS;426:edges = 510,fail_cases = 22,fault = 112&103&104&105&106&107&108,
SUCCESS;427:edges = 512,fail_cases = 22,fault = 112&113,
SUCCESS;428:edges = 513,fail_cases = 22,fault = 112&113&103,
SUCCESS;429:edges = 514,fail_cases = 22,fault = 112&113&103&104,
SUCCESS;430:edges = 515,fail_cases = 22,fault = 112&113&103&104&105,
SUCCESS;431:edges = 516,fail_cases = 22,fault = 112&113&103&104&105&106,
SUCCESS;432:edges = 517,fail_cases = 22,fault = 112&113&103&104&105&106&107,
SUCCESS;433:edges = 518,fail_cases = 22,fault = 112&113&103&104&105&106&107&108,
SUCCESS;434:edges = 520,fail_cases = 22,fault = 112&113&114,
SUCCESS;435:edges = 521,fail_cases = 22,fault = 112&113&114&103,
SUCCESS;436:edges = 522,fail_cases = 22,fault = 112&113&114&103&104,
SUCCESS;437:edges = 523,fail_cases = 22,fault = 112&113&114&103&104&105,
SUCCESS;438:edges = 524,fail_cases = 22,fault = 112&113&114&103&104&105&106,
SUCCESS;439:edges = 525,fail_cases = 22,fault = 112&113&114&103&104&105&106&107,
SUCCESS;440:edges = 526,fail_cases = 22,fault = 112&113&114&103&104&105&106&107&108,
SUCCESS;441:edges = 528,fail_cases = 22,fault = 112&113&114&115,
SUCCESS;442:edges = 529,fail_cases = 22,fault = 112&113&114&103&115,
SUCCESS;443:edges = 530,fail_cases = 22,fault = 112&113&114&103&115&104,
SUCCESS;444:edges = 531,fail_cases = 22,fault = 112&113&114&103&115&104&105,
SUCCESS;445:edges = 532,fail_cases = 22,fault = 112&113&114&103&115&104&105&106,
SUCCESS;446:edges = 533,fail_cases = 22,fault = 112&113&114&103&115&104&105&106&107,
SUCCESS;447:edges = 534,fail_cases = 22,fault = 112&113&114&103&115&104&105&106&107&108,
SUCCESS;448:edges = 536,fail_cases = 22,fault = 110&112&113&114&115,
SUCCESS;449:edges = 537,fail_cases = 22,fault = 110&112&113&114&103&115,
SUCCESS;450:edges = 538,fail_cases = 22,fault = 110&112&113&114&103&115&104,
SUCCESS;451:edges = 539,fail_cases = 22,fault = 110&112&113&114&103&115&104&105,
SUCCESS;452:edges = 540,fail_cases = 22,fault = 110&112&113&114&103&115&104&105&106,
SUCCESS;453:edges = 541,fail_cases = 22,fault = 110&112&113&114&103&115&104&105&106&107,
SUCCESS;454:edges = 542,fail_cases = 22,fault = 110&112&113&114&103&115&104&105&106&107&108,
FAIL;455:edges = 542,fail_cases = 23,fault = 110&111&112&113&114&115,
SUCCESS;456:edges = 544,fail_cases = 23,fault = 116,
SUCCESS;457:edges = 545,fail_cases = 23,fault = 112&116,
SUCCESS;458:edges = 546,fail_cases = 23,fault = 112&113&116,
SUCCESS;459:edges = 547,fail_cases = 23,fault = 112&113&114&116,
SUCCESS;460:edges = 548,fail_cases = 23,fault = 112&113&114&115&116,
SUCCESS;461:edges = 549,fail_cases = 23,fault = 110&112&113&114&115&116,
SUCCESS;462:edges = 551,fail_cases = 23,fault = 116&117,
SUCCESS;463:edges = 552,fail_cases = 23,fault = 112&116&117,
SUCCESS;464:edges = 553,fail_cases = 23,fault = 112&113&116&117,
SUCCESS;465:edges = 554,fail_cases = 23,fault = 112&113&114&116&117,
SUCCESS;466:edges = 555,fail_cases = 23,fault = 112&113&114&115&116&117,
SUCCESS;467:edges = 556,fail_cases = 23,fault = 110&112&113&114&115&116&117,
SUCCESS;468:edges = 558,fail_cases = 23,fault = 116&117&118,
SUCCESS;469:edges = 559,fail_cases = 23,fault = 112&116&117&118,
SUCCESS;470:edges = 560,fail_cases = 23,fault = 112&113&116&117&118,
SUCCESS;471:edges = 561,fail_cases = 23,fault = 112&113&114&116&117&118,
SUCCESS;472:edges = 562,fail_cases = 23,fault = 112&113&114&115&116&117&118,
SUCCESS;473:edges = 563,fail_cases = 23,fault = 110&112&113&114&115&116&117&118,
SUCCESS;474:edges = 565,fail_cases = 23,fault = 116&117&118&119,
SUCCESS;475:edges = 566,fail_cases = 23,fault = 112&116&117&118&119,
SUCCESS;476:edges = 567,fail_cases = 23,fault = 112&113&116&117&118&119,
SUCCESS;477:edges = 568,fail_cases = 23,fault = 112&113&114&116&117&118&119,
SUCCESS;478:edges = 569,fail_cases = 23,fault = 112&113&114&115&116&117&118&119,
SUCCESS;479:edges = 570,fail_cases = 23,fault = 110&112&113&114&115&116&117&118&119,
SUCCESS;480:edges = 572,fail_cases = 23,fault = 116&117&118&119&120,
SUCCESS;481:edges = 573,fail_cases = 23,fault = 112&116&117&118&119&120,
SUCCESS;482:edges = 574,fail_cases = 23,fault = 112&113&116&117&118&119&120,
SUCCESS;483:edges = 575,fail_cases = 23,fault = 112&113&114&116&117&118&119&120,
SUCCESS;484:edges = 576,fail_cases = 23,fault = 112&113&114&115&116&117&118&119&120,
SUCCESS;485:edges = 577,fail_cases = 23,fault = 110&112&113&114&115&116&117&118&119&120,
SUCCESS;486:edges = 579,fail_cases = 23,fault = 121&116&117&118&119&120,
SUCCESS;487:edges = 580,fail_cases = 23,fault = 121&112&116&117&118&119&120,
SUCCESS;488:edges = 581,fail_cases = 23,fault = 121&112&113&116&117&118&119&120,
SUCCESS;489:edges = 582,fail_cases = 23,fault = 121&112&113&114&116&117&118&119&120,
SUCCESS;490:edges = 583,fail_cases = 23,fault = 121&112&113&114&115&116&117&118&119&120,
SUCCESS;491:edges = 584,fail_cases = 23,fault = 121&110&112&113&114&115&116&117&118&119&120,
SUCCESS;492:edges = 586,fail_cases = 23,fault = 121&122&116&117&118&119&120,
SUCCESS;493:edges = 587,fail_cases = 23,fault = 121&122&112&116&117&118&119&120,
SUCCESS;494:edges = 588,fail_cases = 23,fault = 121&122&112&113&116&117&118&119&120,
SUCCESS;495:edges = 589,fail_cases = 23,fault = 121&122&112&113&114&116&117&118&119&120,
SUCCESS;496:edges = 590,fail_cases = 23,fault = 121&122&112&113&114&115&116&117&118&119&120,
SUCCESS;497:edges = 591,fail_cases = 23,fault = 121&110&122&112&113&114&115&116&117&118&119&120,
FAIL;498:edges = 591,fail_cases = 24,fault = 121&122&123&116&117&118&119&120,
SUCCESS;499:edges = 592,fail_cases = 24,fault = 124,
SUCCESS;500:edges = 593,fail_cases = 24,fault = 124&116,
SUCCESS;501:edges = 594,fail_cases = 24,fault = 124&116&117,
SUCCESS;502:edges = 595,fail_cases = 24,fault = 124&116&117&118,
SUCCESS;503:edges = 596,fail_cases = 24,fault = 124&116&117&118&119,
SUCCESS;504:edges = 597,fail_cases = 24,fault = 124&116&117&118&119&120,
SUCCESS;505:edges = 598,fail_cases = 24,fault = 121&124&116&117&118&119&120,
SUCCESS;506:edges = 599,fail_cases = 24,fault = 121&122&124&116&117&118&119&120,
SUCCESS;507:edges = 600,fail_cases = 24,fault = 124&125,
SUCCESS;508:edges = 601,fail_cases = 24,fault = 124&125&116,
SUCCESS;509:edges = 602,fail_cases = 24,fault = 124&125&116&117,
SUCCESS;510:edges = 603,fail_cases = 24,fault = 124&125&116&117&118,
SUCCESS;511:edges = 604,fail_cases = 24,fault = 124&125&116&117&118&119,
SUCCESS;512:edges = 605,fail_cases = 24,fault = 124&125&116&117&118&119&120,
SUCCESS;513:edges = 606,fail_cases = 24,fault = 121&124&125&116&117&118&119&120,
SUCCESS;514:edges = 607,fail_cases = 24,fault = 121&122&124&125&116&117&118&119&120,
FAIL;515:edges = 607,fail_cases = 25,fault = 124&125&126,