SUCCESS;0:edges = 3,fail_cases = 0,fault = ,
SUCCESS;1:edges = 4,fail_cases = 0,fault = 1,
SUCCESS;2:edges = 5,fail_cases = 0,fault = 1&2,
SUCCESS;3:edges = 6,fail_cases = 0,fault = 1&2&3,
SUCCESS;4:edges = 7,fail_cases = 0,fault = 1&2&3&4,
SUCCESS;5:edges = 8,fail_cases = 0,fault = 1&2&3&4&5,
SUCCESS;6:edges = 9,fail_cases = 0,fault = 1&2&3&4&5&6,
SUCCESS;7:edges = 10,fail_cases = 0,fault = 1&2&3&4&5&6&7,
FAIL;8:edges = 10,fail_cases = 1,fault = 1&2&3&4&5&6&7&8,
SUCCESS;9:edges = 12,fail_cases = 1,fault = 9,
SUCCESS;10:edges = 13,fail_cases = 1,fault = 1&9,
SUCCESS;11:edges = 14,fail_cases = 1,fault = 1&2&9,
SUCCESS;12:edges = 15,fail_cases = 1,fault = 1&2&3&9,
SUCCESS;13:edges = 16,fail_cases = 1,fault = 1&2&3&4&9,
SUCCESS;14:edges = 17,fail_cases = 1,fault = 1&2&3&4&5&9,
SUCCESS;15:edges = 18,fail_cases = 1,fault = 1&2&3&4&5&6&9,
SUCCESS;16:edges = 19,fail_cases = 1,fault = 1&2&3&4&5&6&7&9,
FAIL;17:edges = 19,fail_cases = 2,fault = 9&10,
SUCCESS;18:edges = 21,fail_cases = 2,fault = 11,
SUCCESS;19:edges = 22,fail_cases = 2,fault = 11&9,
SUCCESS;20:edges = 24,fail_cases = 2,fault = 11&12,
SUCCESS;21:edges = 25,fail_cases = 2,fault = 11&12&9,
SUCCESS;22:edges = 27,fail_cases = 2,fault = 11&12&13,
SUCCESS;23:edges = 28,fail_cases = 2,fault = 11&12&13&9,
SUCCESS;24:edges = 30,fail_cases = 2,fault = 11&12&13&14,
SUCCESS;25:edges = 31,fail_cases = 2,fault = 11&12&13&14&9,
FAIL;26:edges = 31,fail_cases = 3,fault = 11&12&13&14&15,
SUCCESS;27:edges = 32,fail_cases = 3,fault = 16,
SUCCESS;28:edges = 33,fail_cases = 3,fault = 11&16,
SUCCESS;29:edges = 34,fail_cases = 3,fault = 11&12&16,
SUCCESS;30:edges = 35,fail_cases = 3,fault = 11&12&13&16,
SUCCESS;31:edges = 36,fail_cases = 3,fault = 11&12&13&14&16,
SUCCESS;32:edges = 37,fail_cases = 3,fault = 16&17,
SUCCESS;33:edges = 38,fail_cases = 3,fault = 11&16&17,
SUCCESS;34:edges = 39,fail_cases = 3,fault = 11&12&16&17,
SUCCESS;35:edges = 40,fail_cases = 3,fault = 11&12&13&16&17,
SUCCESS;36:edges = 41,fail_cases = 3,fault = 11&12&13&14&16&17,
SUCCESS;37:edges = 42,fail_cases = 3,fault = 16&17&18,
SUCCESS;38:edges = 43,fail_cases = 3,fault = 11&16&17&18,
SUCCESS;39:edges = 44,fail_cases = 3,fault = 11&12&16&17&18,
SUCCESS;40:edges = 45,fail_cases = 3,fault = 11&12&13&16&17&18,
SUCCESS;41:edges = 46,fail_cases = 3,fault = 11&12&13&14&16&17&18,
SUCCESS;42:edges = 47,fail_cases = 3,fault = 16&17&18&19,
SUCCESS;43:edges = 48,fail_cases = 3,fault = 11&16&17&18&19,
SUCCESS;44:edges = 49,fail_cases = 3,fault = 11&12&16&17&18&19,
SUCCESS;45:edges = 50,fail_cases = 3,fault = 11&12&13&16&17&18&19,
SUCCESS;46:edges = 51,fail_cases = 3,fault = 11&12&13&14&16&17&18&19,
SUCCESS;47:edges = 52,fail_cases = 3,fault = 16&17&18&19&20,
SUCCESS;48:edges = 53,fail_cases = 3,fault = 11&16&17&18&19&20,
SUCCESS;49:edges = 54,fail_cases = 3,fault = 11&12&16&17&18&19&20,
SUCCESS;50:edges = 55,fail_cases = 3,fault = 11&12&13&16&17&18&19&20,
SUCCESS;51:edges = 56,fail_cases = 3,fault = 11&12&13&14&16&17&18&19&20,
SUCCESS;52:edges = 57,fail_cases = 3,fault = 16&17&18&19&20&21,
SUCCESS;53:edges = 58,fail_cases = 3,fault = 11&16&17&18&19&20&21,
SUCCESS;54:edges = 59,fail_cases = 3,fault = 11&12&16&17&18&19&20&21,
SUCCESS;55:edges = 60,fail_cases = 3,fault = 11&12&13&16&17&18&19&20&21,
SUCCESS;56:edges = 61,fail_cases = 3,fault = 11&12&13&14&16&17&18&19&20&21,
FAIL;57:edges = 61,fail_cases = 4,fault = 22&16&17&18&19&20&21,