SUCCESS;0:edges = 14,fail_cases = 0,fault = ,
SUCCESS;1:edges = 15,fail_cases = 0,fault = 1,
SUCCESS;2:edges = 16,fail_cases = 0,fault = 1&2,
FAIL;3:edges = 16,fail_cases = 1,fault = 1&2&3,
SUCCESS;4:edges = 18,fail_cases = 1,fault = 4,
SUCCESS;5:edges = 19,fail_cases = 1,fault = 1&4,
SUCCESS;6:edges = 20,fail_cases = 1,fault = 1&2&4,
SUCCESS;7:edges = 22,fail_cases = 1,fault = 4&5,
SUCCESS;8:edges = 23,fail_cases = 1,fault = 1&4&5,
SUCCESS;9:edges = 25,fail_cases = 1,fault = 1&3&4&5,
SUCCESS;10:edges = 26,fail_cases = 1,fault = 2&4&5&6,
SUCCESS;11:edges = 28,fail_cases = 1,fault = 1&3&4&5&7,
SUCCESS;12:edges = 30,fail_cases = 1,fault = 1&3&4&5&7&9,
SUCCESS;13:edges = 31,fail_cases = 1,fault = 2&4&5&6&7,
SUCCESS;14:edges = 32,fail_cases = 1,fault = 1&2&4&5&6,
SUCCESS;15:edges = 33,fail_cases = 1,fault = 1&2&4&5&6&7,
SUCCESS;16:edges = 36,fail_cases = 1,fault = 1&3&4&5&7&9&10,
SUCCESS;17:edges = 39,fail_cases = 1,fault = 1&3&4&5&7&8&9&10,
SUCCESS;18:edges = 40,fail_cases = 1,fault = 2&16,
SUCCESS;19:edges = 42,fail_cases = 1,fault = 1&13&3&4&5&7&8&9&10,
SUCCESS;20:edges = 44,fail_cases = 1,fault = 1&13&3&14&4&5&7&8&9&10,
SUCCESS;21:edges = 45,fail_cases = 1,fault = 2&4&5&6&7&9&10,
SUCCESS;22:edges = 46,fail_cases = 1,fault = 1&2&4&5&6&7&10,
SUCCESS;23:edges = 47,fail_cases = 1,fault = 11&1&12&3&4&5&7&9&10,
FAIL;24:edges = 47,fail_cases = 2,fault = 1&12&13&3&14&4&15&5&7&9&10,
SUCCESS;25:edges = 48,fail_cases = 2,fault = 1&12&2&13&4&5&6&7&10,
SUCCESS;26:edges = 49,fail_cases = 2,fault = 1&2&4&5&6&7&8&10,
SUCCESS;27:edges = 50,fail_cases = 2,fault = 2&3&4&16&8,
FAIL;28:edges = 50,fail_cases = 3,fault = 11&1&2&4&5&6&7&8&10,
SUCCESS;29:edges = 51,fail_cases = 3,fault = 11&1&12&2&13&14&4&5&6&7&10,
SUCCESS;30:edges = 52,fail_cases = 3,fault = 12&2&3&16&8,
FAIL;31:edges = 52,fail_cases = 4,fault = 1&12&2&13&14&4&15&5&6&7&10,
SUCCESS;32:edges = 53,fail_cases = 4,fault = 12&13&2&3&16&8,
SUCCESS;33:edges = 54,fail_cases = 4,fault = 2&3&4&16&5&8,
FAIL;34:edges = 54,fail_cases = 5,fault = 11&1&3&4&5&7&8&9&10,
SUCCESS;35:edges = 55,fail_cases = 5,fault = 2&3&4&5&6&7&8&9,
SUCCESS;36:edges = 56,fail_cases = 5,fault = 12&13&2&14&3&16&8,
SUCCESS;37:edges = 57,fail_cases = 5,fault = 2&3&4&5&6&7&8&9&10,
SUCCESS;38:edges = 58,fail_cases = 5,fault = 1&13&3&14&4&15&16&5&8,
SUCCESS;39:edges = 59,fail_cases = 5,fault = 11&1&3&4&16&5&7&8,
SUCCESS;40:edges = 60,fail_cases = 5,fault = 11&1&2&4&16&5&6&7&8,
SUCCESS;41:edges = 61,fail_cases = 5,fault = 11&1&2&13&4&16&5&6&7&8,
FAIL;42:edges = 61,fail_cases = 6,fault = 1&13&3&14&4&15&16&5&7&8&9,
FAIL;43:edges = 61,fail_cases = 7,fault = 1&2&13&14&4&15&16&5&6&7&8,
FAIL;44:edges = 61,fail_cases = 8,fault = 1&2&13&14&4&15&5&6&7&8&10,
FAIL;45:edges = 61,fail_cases = 9,fault = 1&13&3&14&4&15&5&7&8&9&10,
SUCCESS;46:edges = 62,fail_cases = 9,fault = 11&1&2&13&14&4&16&5&6&7&8,
FAIL;47:edges = 62,fail_cases = 10,fault = 12&13&14&4&15&5&6&7&9&10,
FAIL;48:edges = 62,fail_cases = 11,fault = 13&14&4&15&5&6&7&8&9&10,
FAIL;49:edges = 62,fail_cases = 12,fault = 13&14&4&15&16&5&6&7&8&9,
FAIL;50:edges = 62,fail_cases = 13,fault = 11&4&5&6&7&8&9&10,
SUCCESS;51:edges = 63,fail_cases = 13,fault = 11&12&4&16&8&10,
SUCCESS;52:edges = 64,fail_cases = 13,fault = 11&12&4&16&5&8&10,
SUCCESS;53:edges = 65,fail_cases = 13,fault = 11&12&1&3&4&16&5&8&10,
SUCCESS;54:edges = 66,fail_cases = 13,fault = 11&12&1&3&4&16&5&7&8&10,
SUCCESS;55:edges = 67,fail_cases = 13,fault = 11&12&13&4&16&8&10,
SUCCESS;56:edges = 68,fail_cases = 13,fault = 11&12&13&4&16&5&8&10,
SUCCESS;57:edges = 69,fail_cases = 13,fault = 11&12&1&13&3&4&16&5&8&10,
SUCCESS;58:edges = 70,fail_cases = 13,fault = 11&12&1&13&3&4&16&5&7&8&10,
SUCCESS;59:edges = 71,fail_cases = 13,fault = 11&12&13&14&4&16&8&10,
SUCCESS;60:edges = 72,fail_cases = 13,fault = 11&12&13&14&4&16&5&8&10,
SUCCESS;61:edges = 73,fail_cases = 13,fault = 11&12&1&13&14&3&4&16&5&8&10,
FAIL;62:edges = 73,fail_cases = 14,fault = 11&12&1&13&2&14&4&16&5&6&8&10,
FAIL;63:edges = 73,fail_cases = 15,fault = 11&12&1&13&14&3&4&16&5&8&9&10,
FAIL;64:edges = 73,fail_cases = 16,fault = 11&12&13&14&4&16&5&6&8&9&10,
FAIL;65:edges = 73,fail_cases = 17,fault = 12&13&14&15&16,
SUCCESS;66:edges = 75,fail_cases = 17,fault = 17,
SUCCESS;67:edges = 76,fail_cases = 17,fault = 1&3&4&5&17&7&9&10,
SUCCESS;68:edges = 77,fail_cases = 17,fault = 1&12&2&4&5&17&6&7&10,
SUCCESS;69:edges = 78,fail_cases = 17,fault = 1&12&13&3&4&5&17&7&9&10,
SUCCESS;70:edges = 79,fail_cases = 17,fault = 1&12&2&13&14&4&5&17&6&7&10,
SUCCESS;71:edges = 81,fail_cases = 17,fault = 17&18,
SUCCESS;72:edges = 82,fail_cases = 17,fault = 1&3&4&5&17&18&7&9&10,
SUCCESS;73:edges = 83,fail_cases = 17,fault = 1&3&4&5&17&18&7&8&9&10,
SUCCESS;74:edges = 84,fail_cases = 17,fault = 1&2&13&4&16&5&17&6&18&7&8,
SUCCESS;75:edges = 85,fail_cases = 17,fault = 1&12&2&13&14&4&5&17&6&18&7&10,
SUCCESS;76:edges = 87,fail_cases = 17,fault = 17&18&19,
SUCCESS;77:edges = 88,fail_cases = 17,fault = 1&2&4&5&17&6&18&7&19&10,
SUCCESS;78:edges = 89,fail_cases = 17,fault = 1&3&4&5&17&18&7&19&8&9&10,
SUCCESS;79:edges = 90,fail_cases = 17,fault = 1&12&2&13&4&5&17&6&18&7&19&10,
SUCCESS;80:edges = 91,fail_cases = 17,fault = 13&14&17&18&19&1&3&4&5&7&8&9&10,
SUCCESS;81:edges = 93,fail_cases = 17,fault = 17&18&19&20,
SUCCESS;82:edges = 94,fail_cases = 17,fault = 1&2&4&5&17&6&18&7&19&20&10,
SUCCESS;83:edges = 95,fail_cases = 17,fault = 1&12&2&4&5&17&6&18&7&19&20&10,
SUCCESS;84:edges = 96,fail_cases = 17,fault = 13&16&17&18&19&1&2&4&5&6&7&8&20,
SUCCESS;85:edges = 97,fail_cases = 17,fault = 13&14&17&18&19&1&2&4&5&6&7&8&20&10,
SUCCESS;86:edges = 99,fail_cases = 17,fault = 17&18&19&20&21,
SUCCESS;87:edges = 100,fail_cases = 17,fault = 1&3&4&5&17&18&7&19&9&20&21&10,
SUCCESS;88:edges = 101,fail_cases = 17,fault = 16&17&18&19&1&3&4&5&7&8&9&20&21,
SUCCESS;89:edges = 102,fail_cases = 17,fault = 12&13&17&18&19&1&3&4&5&7&9&20&21&10,
SUCCESS;90:edges = 103,fail_cases = 17,fault = 12&13&14&17&18&19&1&3&4&5&7&9&20&21&10,
SUCCESS;91:edges = 105,fail_cases = 17,fault = 22&17&18&19&20&21,
SUCCESS;92:edges = 106,fail_cases = 17,fault = 22&17&18&19&1&2&4&5&6&7&20&21&10,
SUCCESS;93:edges = 107,fail_cases = 17,fault = 22&17&18&19&1&2&4&5&6&7&8&20&21&10,
SUCCESS;94:edges = 108,fail_cases = 17,fault = 22&13&16&17&18&19&1&2&4&5&6&7&8&20&21,
SUCCESS;95:edges = 109,fail_cases = 17,fault = 22&13&14&17&18&19&1&2&4&5&6&7&8&20&21&10,
SUCCESS;96:edges = 111,fail_cases = 17,fault = 22&23&17&18&19&20&21,
SUCCESS;97:edges = 112,fail_cases = 17,fault = 22&23&17&18&19&1&3&4&5&7&9&20&21&10,
SUCCESS;98:edges = 113,fail_cases = 17,fault = 22&23&16&17&18&19&1&2&4&5&6&7&8&20&21,
SUCCESS;99:edges = 114,fail_cases = 17,fault = 22&23&12&13&17&18&19&1&2&4&5&6&7&20&21&10,
SUCCESS;100:edges = 115,fail_cases = 17,fault = 22&23&12&13&14&17&18&19&1&3&4&5&7&9&20&21&10,
FAIL;101:edges = 115,fail_cases = 18,fault = 22&23&24&17&18&19&20&21,
SUCCESS;102:edges = 117,fail_cases = 18,fault = 25,
SUCCESS;103:edges = 118,fail_cases = 18,fault = 25&17,
SUCCESS;104:edges = 119,fail_cases = 18,fault = 25&17&18,
SUCCESS;105:edges = 120,fail_cases = 18,fault = 25&17&18&19,
SUCCESS;106:edges = 121,fail_cases = 18,fault = 25&17&18&19&20,
SUCCESS;107:edges = 122,fail_cases = 18,fault = 25&17&18&19&20&21,
SUCCESS;108:edges = 123,fail_cases = 18,fault = 22&25&17&18&19&20&21,
SUCCESS;109:edges = 124,fail_cases = 18,fault = 22&23&25&17&18&19&20&21,
SUCCESS;110:edges = 126,fail_cases = 18,fault = 25&26,
SUCCESS;111:edges = 127,fail_cases = 18,fault = 25&26&17,
SUCCESS;112:edges = 128,fail_cases = 18,fault = 25&26&17&18,
SUCCESS;113:edges = 129,fail_cases = 18,fault = 25&26&17&18&19,
SUCCESS;114:edges = 130,fail_cases = 18,fault = 25&26&17&18&19&20,
SUCCESS;115:edges = 131,fail_cases = 18,fault = 25&26&17&18&19&20&21,
SUCCESS;116:edges = 132,fail_cases = 18,fault = 22&25&26&17&18&19&20&21,
SUCCESS;117:edges = 133,fail_cases = 18,fault = 22&23&25&26&17&18&19&20&21,
FAIL;118:edges = 133,fail_cases = 19,fault = 25&26&27,
SUCCESS;119:edges = 135,fail_cases = 19,fault = 28,
SUCCESS;120:edges = 136,fail_cases = 19,fault = 25&28,
SUCCESS;121:edges = 138,fail_cases = 19,fault = 25&26&28,
SUCCESS;122:edges = 140,fail_cases = 19,fault = 25&26&28&30,
SUCCESS;123:edges = 141,fail_cases = 19,fault = 27&28&29,
SUCCESS;124:edges = 142,fail_cases = 19,fault = 25&27&28&29,
SUCCESS;125:edges = 143,fail_cases = 19,fault = 27&28&29&30,
SUCCESS;126:edges = 144,fail_cases = 19,fault = 25&27&28&29&30,
FAIL;127:edges = 144,fail_cases = 20,fault = 25&26&28&30&31,
FAIL;128:edges = 144,fail_cases = 21,fault = 28&29&30&31,
SUCCESS;129:edges = 146,fail_cases = 21,fault = 32,
SUCCESS;130:edges = 147,fail_cases = 21,fault = 28&32,
SUCCESS;131:edges = 148,fail_cases = 21,fault = 25&26&28&32,
SUCCESS;132:edges = 149,fail_cases = 21,fault = 25&26&28&30&32,
SUCCESS;133:edges = 151,fail_cases = 21,fault = 33&32,
SUCCESS;134:edges = 152,fail_cases = 21,fault = 33&28&32,
SUCCESS;135:edges = 153,fail_cases = 21,fault = 33&25&26&28&32,
SUCCESS;136:edges = 154,fail_cases = 21,fault = 33&25&26&28&30&32,
SUCCESS;137:edges = 156,fail_cases = 21,fault = 33&34&32,
SUCCESS;138:edges = 157,fail_cases = 21,fault = 33&34&28&32,
SUCCESS;139:edges = 158,fail_cases = 21,fault = 33&34&25&26&28&32,
SUCCESS;140:edges = 159,fail_cases = 21,fault = 33&34&25&26&28&30&32,
FAIL;141:edges = 159,fail_cases = 22,fault = 33&34&35&32,
SUCCESS;142:edges = 161,fail_cases = 22,fault = 36,
SUCCESS;143:edges = 162,fail_cases = 22,fault = 36&32,
SUCCESS;144:edges = 163,fail_cases = 22,fault = 33&36&32,
SUCCESS;145:edges = 164,fail_cases = 22,fault = 33&34&36&32,
SUCCESS;146:edges = 166,fail_cases = 22,fault = 36&37,
SUCCESS;147:edges = 167,fail_cases = 22,fault = 36&37&32,
SUCCESS;148:edges = 168,fail_cases = 22,fault = 33&36&37&32,
SUCCESS;149:edges = 169,fail_cases = 22,fault = 33&34&36&37&32,
SUCCESS;150:edges = 171,fail_cases = 22,fault = 36&37&38,
SUCCESS;151:edges = 172,fail_cases = 22,fault = 36&37&38&32,
SUCCESS;152:edges = 173,fail_cases = 22,fault = 33&36&37&38&32,
SUCCESS;153:edges = 174,fail_cases = 22,fault = 33&34&36&37&38&32,
SUCCESS;154:edges = 176,fail_cases = 22,fault = 36&37&38&39,
SUCCESS;155:edges = 177,fail_cases = 22,fault = 36&37&38&39&32,
SUCCESS;156:edges = 178,fail_cases = 22,fault = 33&36&37&38&39&32,
SUCCESS;157:edges = 179,fail_cases = 22,fault = 33&34&36&37&38&39&32,
SUCCESS;158:edges = 181,fail_cases = 22,fault = 36&37&38&39&40,
SUCCESS;159:edges = 182,fail_cases = 22,fault = 36&37&38&39&40&32,
SUCCESS;160:edges = 183,fail_cases = 22,fault = 33&36&37&38&39&40&32,
SUCCESS;161:edges = 184,fail_cases = 22,fault = 33&34&36&37&38&39&40&32,
SUCCESS;162:edges = 186,fail_cases = 22,fault = 36&37&38&39&40&41,
SUCCESS;163:edges = 187,fail_cases = 22,fault = 36&37&38&39&40&41&32,
SUCCESS;164:edges = 188,fail_cases = 22,fault = 34&36&37&38&39&40&41&32,
SUCCESS;165:edges = 190,fail_cases = 22,fault = 34&35&36&37&38&39&40&41&32,
SUCCESS;166:edges = 191,fail_cases = 22,fault = 33&36&37&38&39&40&41&42,
FAIL;167:edges = 191,fail_cases = 23,fault = 34&35&36&37&38&39&40&41&32&43,
SUCCESS;168:edges = 192,fail_cases = 23,fault = 33&36&37&38&39&40&41&42&32,
SUCCESS;169:edges = 193,fail_cases = 23,fault = 33&34&36&37&38&39&40&41&42&32,
FAIL;170:edges = 193,fail_cases = 24,fault = 36&37&38&39&40&41&42&43,
SUCCESS;171:edges = 195,fail_cases = 24,fault = 44,
SUCCESS;172:edges = 196,fail_cases = 24,fault = 44&36,
SUCCESS;173:edges = 197,fail_cases = 24,fault = 44&36&37,
SUCCESS;174:edges = 198,fail_cases = 24,fault = 44&36&37&38,
SUCCESS;175:edges = 199,fail_cases = 24,fault = 44&36&37&38&39,
SUCCESS;176:edges = 200,fail_cases = 24,fault = 44&36&37&38&39&40,
SUCCESS;177:edges = 201,fail_cases = 24,fault = 44&36&37&38&39&40&41,
SUCCESS;178:edges = 202,fail_cases = 24,fault = 44&34&35&36&37&38&39&40&41&32,
SUCCESS;179:edges = 204,fail_cases = 24,fault = 44&45,
SUCCESS;180:edges = 205,fail_cases = 24,fault = 44&45&36,
SUCCESS;181:edges = 206,fail_cases = 24,fault = 44&45&36&37,
SUCCESS;182:edges = 207,fail_cases = 24,fault = 44&45&36&37&38,
SUCCESS;183:edges = 208,fail_cases = 24,fault = 44&45&36&37&38&39,
SUCCESS;184:edges = 209,fail_cases = 24,fault = 44&45&36&37&38&39&40,
SUCCESS;185:edges = 210,fail_cases = 24,fault = 44&45&36&37&38&39&40&41,
SUCCESS;186:edges = 211,fail_cases = 24,fault = 44&45&34&35&36&37&38&39&40&41&32,
SUCCESS;187:edges = 213,fail_cases = 24,fault = 44&45&46,
SUCCESS;188:edges = 214,fail_cases = 24,fault = 44&45&46&36,
SUCCESS;189:edges = 215,fail_cases = 24,fault = 44&45&46&36&37,
SUCCESS;190:edges = 216,fail_cases = 24,fault = 44&45&46&36&37&38,
SUCCESS;191:edges = 217,fail_cases = 24,fault = 44&45&46&36&37&38&39,
SUCCESS;192:edges = 218,fail_cases = 24,fault = 44&45&46&36&37&38&39&40,
SUCCESS;193:edges = 219,fail_cases = 24,fault = 44&45&46&36&37&38&39&40&41,
SUCCESS;194:edges = 220,fail_cases = 24,fault = 44&45&34&46&35&36&37&38&39&40&41&32,
FAIL;195:edges = 220,fail_cases = 25,fault = 44&45&46&47,
SUCCESS;196:edges = 222,fail_cases = 25,fault = 48,
SUCCESS;197:edges = 223,fail_cases = 25,fault = 44&48,
SUCCESS;198:edges = 224,fail_cases = 25,fault = 44&45&48,
SUCCESS;199:edges = 225,fail_cases = 25,fault = 44&45&46&48,
SUCCESS;200:edges = 227,fail_cases = 25,fault = 48&49,
SUCCESS;201:edges = 228,fail_cases = 25,fault = 44&48&49,
SUCCESS;202:edges = 229,fail_cases = 25,fault = 44&45&48&49,
FAIL;203:edges = 229,fail_cases = 26,fault = 44&45&46&48&49,
FAIL;204:edges = 229,fail_cases = 27,fault = 48&49&50,
SUCCESS;205:edges = 231,fail_cases = 27,fault = 51,
SUCCESS;206:edges = 232,fail_cases = 27,fault = 48&51,
SUCCESS;207:edges = 234,fail_cases = 27,fault = 44&45&46&48&51,
SUCCESS;208:edges = 236,fail_cases = 27,fault = 44&45&46&48&51&53,
SUCCESS;209:edges = 238,fail_cases = 27,fault = 44&45&46&48&51&53&54,
SUCCESS;210:edges = 240,fail_cases = 27,fault = 44&55&45&46&48&51&53&54,
SUCCESS;211:edges = 242,fail_cases = 27,fault = 44&55&45&56&46&48&51&53&54,
FAIL;212:edges = 242,fail_cases = 28,fault = 44&55&45&56&46&57&48&51&53&54,
SUCCESS;213:edges = 243,fail_cases = 28,fault = 49&51&52,
SUCCESS;214:edges = 244,fail_cases = 28,fault = 48&49&51&52,
FAIL;215:edges = 244,fail_cases = 29,fault = 55&56&57&48&50&51&53&54,
SUCCESS;216:edges = 245,fail_cases = 29,fault = 49&51&52&53,
SUCCESS;217:edges = 246,fail_cases = 29,fault = 49&51&52&53&54,
SUCCESS;218:edges = 247,fail_cases = 29,fault = 48&49&51&52&53,
SUCCESS;219:edges = 248,fail_cases = 29,fault = 55&49&51&52&53&54,
SUCCESS;220:edges = 249,fail_cases = 29,fault = 48&49&51&52&53&54,
SUCCESS;221:edges = 250,fail_cases = 29,fault = 55&56&49&51&52&53&54,
SUCCESS;222:edges = 251,fail_cases = 29,fault = 55&48&49&51&52&53&54,
SUCCESS;223:edges = 252,fail_cases = 29,fault = 55&56&48&49&51&52&53&54,
FAIL;224:edges = 252,fail_cases = 30,fault = 55&56&57&51&52&53&54,
SUCCESS;225:edges = 254,fail_cases = 30,fault = 58,
SUCCESS;226:edges = 255,fail_cases = 30,fault = 58&51,
SUCCESS;227:edges = 256,fail_cases = 30,fault = 44&45&46&58&48&51,
SUCCESS;228:edges = 257,fail_cases = 30,fault = 44&45&46&58&48&51&53,
SUCCESS;229:edges = 258,fail_cases = 30,fault = 44&45&46&58&48&51&53&54,
SUCCESS;230:edges = 259,fail_cases = 30,fault = 44&55&45&46&58&48&51&53&54,
SUCCESS;231:edges = 260,fail_cases = 30,fault = 44&55&45&56&46&58&48&51&53&54,
SUCCESS;232:edges = 262,fail_cases = 30,fault = 58&59,
SUCCESS;233:edges = 263,fail_cases = 30,fault = 44&45&46&58&59&48,
SUCCESS;234:edges = 264,fail_cases = 30,fault = 44&45&46&58&59&48&53,
SUCCESS;235:edges = 265,fail_cases = 30,fault = 44&45&46&58&59&48&53&54,
SUCCESS;236:edges = 266,fail_cases = 30,fault = 44&55&45&46&58&59&48&53&54,
SUCCESS;237:edges = 267,fail_cases = 30,fault = 44&55&45&56&46&58&59&48&53&54,
SUCCESS;238:edges = 269,fail_cases = 30,fault = 44&55&45&56&46&57&58&59&48&53&54,
SUCCESS;239:edges = 271,fail_cases = 30,fault = 44&55&45&56&46&57&58&59&48&61&53&54,
FAIL;240:edges = 271,fail_cases = 31,fault = 44&55&45&56&46&57&58&59&48&61&62&53&54,
FAIL;241:edges = 271,fail_cases = 32,fault = 55&56&57&58&59&48&50&61&62&53&54,
FAIL;242:edges = 271,fail_cases = 33,fault = 55&56&57&58&59&61&62&52&53&54,
SUCCESS;243:edges = 272,fail_cases = 33,fault = 58&59&60&51,
SUCCESS;244:edges = 273,fail_cases = 33,fault = 44&45&46&58&59&48&60&51,
SUCCESS;245:edges = 274,fail_cases = 33,fault = 44&45&46&58&59&48&60&51&53,
SUCCESS;246:edges = 275,fail_cases = 33,fault = 44&45&46&58&59&48&60&51&53&54,
SUCCESS;247:edges = 276,fail_cases = 33,fault = 44&55&45&46&58&59&48&60&51&53&54,
SUCCESS;248:edges = 277,fail_cases = 33,fault = 44&55&45&56&46&58&59&48&60&51&53&54,
SUCCESS;249:edges = 278,fail_cases = 33,fault = 58&59&60&61&51,
SUCCESS;250:edges = 279,fail_cases = 33,fault = 44&45&46&58&59&48&60&61&51,
SUCCESS;251:edges = 280,fail_cases = 33,fault = 44&45&46&58&59&48&60&61&51&53,
SUCCESS;252:edges = 281,fail_cases = 33,fault = 44&45&46&58&59&48&60&61&51&53&54,
SUCCESS;253:edges = 282,fail_cases = 33,fault = 44&55&45&46&58&59&48&60&61&51&53&54,
SUCCESS;254:edges = 283,fail_cases = 33,fault = 44&55&45&56&46&58&59&48&60&61&51&53&54,
FAIL;255:edges = 283,fail_cases = 34,fault = 58&59&60&61&62,
SUCCESS;256:edges = 285,fail_cases = 34,fault = 64,
SUCCESS;257:edges = 286,fail_cases = 34,fault = 58&64,
SUCCESS;258:edges = 287,fail_cases = 34,fault = 58&59&64,
SUCCESS;259:edges = 288,fail_cases = 34,fault = 44&55&45&56&46&57&58&59&48&64&53&54,
SUCCESS;260:edges = 289,fail_cases = 34,fault = 44&55&45&56&46&57&58&59&48&61&64&53&54,
SUCCESS;261:edges = 291,fail_cases = 34,fault = 64&65,
SUCCESS;262:edges = 292,fail_cases = 34,fault = 58&64&65,
SUCCESS;263:edges = 293,fail_cases = 34,fault = 58&59&64&65,
SUCCESS;264:edges = 294,fail_cases = 34,fault = 44&55&45&56&46&57&58&59&48&64&53&65&54,
SUCCESS;265:edges = 295,fail_cases = 34,fault = 44&55&45&56&46&57&58&59&48&61&64&53&65&54,
SUCCESS;266:edges = 297,fail_cases = 34,fault = 66&64&65,
SUCCESS;267:edges = 298,fail_cases = 34,fault = 66&58&64&65,
SUCCESS;268:edges = 299,fail_cases = 34,fault = 66&58&59&64&65,
SUCCESS;269:edges = 300,fail_cases = 34,fault = 66&44&55&45&56&46&57&58&59&48&64&53&65&54,
SUCCESS;270:edges = 301,fail_cases = 34,fault = 66&44&55&45&56&46&57&58&59&48&61&64&53&65&54,
SUCCESS;271:edges = 303,fail_cases = 34,fault = 66&67&64&65,
SUCCESS;272:edges = 304,fail_cases = 34,fault = 66&67&58&64&65,
SUCCESS;273:edges = 305,fail_cases = 34,fault = 66&67&58&59&64&65,
SUCCESS;274:edges = 306,fail_cases = 34,fault = 66&44&55&67&45&56&46&57&58&59&48&64&53&65&54,
SUCCESS;275:edges = 307,fail_cases = 34,fault = 66&44&55&67&45&56&46&57&58&59&48&61&64&53&65&54,
FAIL;276:edges = 307,fail_cases = 35,fault = 66&67&63&64&65,
SUCCESS;277:edges = 309,fail_cases = 35,fault = 68,
SUCCESS;278:edges = 310,fail_cases = 35,fault = 68&64,
SUCCESS;279:edges = 311,fail_cases = 35,fault = 68&64&65,
SUCCESS;280:edges = 312,fail_cases = 35,fault = 66&68&64&65,
SUCCESS;281:edges = 313,fail_cases = 35,fault = 66&67&68&64&65,
SUCCESS;282:edges = 315,fail_cases = 35,fault = 68&69,
SUCCESS;283:edges = 316,fail_cases = 35,fault = 68&69&64,
SUCCESS;284:edges = 317,fail_cases = 35,fault = 68&69&64&65,
SUCCESS;285:edges = 318,fail_cases = 35,fault = 66&68&69&64&65,
SUCCESS;286:edges = 319,fail_cases = 35,fault = 66&67&68&69&64&65,
SUCCESS;287:edges = 321,fail_cases = 35,fault = 68&69&70,
SUCCESS;288:edges = 322,fail_cases = 35,fault = 68&69&70&64,
SUCCESS;289:edges = 323,fail_cases = 35,fault = 68&69&70&64&65,
SUCCESS;290:edges = 324,fail_cases = 35,fault = 66&68&69&70&64&65,
SUCCESS;291:edges = 325,fail_cases = 35,fault = 66&67&68&69&70&64&65,
FAIL;292:edges = 325,fail_cases = 36,fault = 68&69&70&71,
SUCCESS;293:edges = 326,fail_cases = 36,fault = 72,
SUCCESS;294:edges = 327,fail_cases = 36,fault = 68&72,
SUCCESS;295:edges = 328,fail_cases = 36,fault = 68&69&72,
SUCCESS;296:edges = 329,fail_cases = 36,fault = 68&69&70&72,
SUCCESS;297:edges = 330,fail_cases = 36,fault = 72&73,
SUCCESS;298:edges = 331,fail_cases = 36,fault = 68&72&73,
SUCCESS;299:edges = 332,fail_cases = 36,fault = 68&69&72&73,
FAIL;300:edges = 332,fail_cases = 37,fault = 68&69&70&72&73,
FAIL;301:edges = 332,fail_cases = 38,fault = 72&73&74,