SUCCESS;0:edges = 7,fail_cases = 0,fault = ,
SUCCESS;1:edges = 8,fail_cases = 0,fault = 1,
SUCCESS;2:edges = 9,fail_cases = 0,fault = 1&2,
SUCCESS;3:edges = 10,fail_cases = 0,fault = 1&2&3,
SUCCESS;4:edges = 11,fail_cases = 0,fault = 1&2&3&4,
SUCCESS;5:edges = 12,fail_cases = 0,fault = 1&2&3&4&5,
SUCCESS;6:edges = 13,fail_cases = 0,fault = 1&2&3&4&5&6,
FAIL;7:edges = 13,fail_cases = 1,fault = 1&2&3&4&5&6&7,
SUCCESS;8:edges = 15,fail_cases = 1,fault = 9,
SUCCESS;9:edges = 16,fail_cases = 1,fault = 1&9,
SUCCESS;10:edges = 17,fail_cases = 1,fault = 1&3&9,
SUCCESS;11:edges = 18,fail_cases = 1,fault = 1&3&4&9,
SUCCESS;12:edges = 19,fail_cases = 1,fault = 1&3&4&5&9,
SUCCESS;13:edges = 20,fail_cases = 1,fault = 1&3&4&5&6&9,
SUCCESS;14:edges = 23,fail_cases = 1,fault = 1&3&4&5&6&7&9,
SUCCESS;15:edges = 24,fail_cases = 1,fault = 2&9&10,
FAIL;16:edges = 24,fail_cases = 2,fault = 1&3&4&5&6&7&8&9,
SUCCESS;17:edges = 25,fail_cases = 2,fault = 1&2&16,
SUCCESS;18:edges = 26,fail_cases = 2,fault = 1&2&3&9&10,
SUCCESS;19:edges = 27,fail_cases = 2,fault = 1&2&3&4&16,
SUCCESS;20:edges = 28,fail_cases = 2,fault = 1&2&3&4&16&5,
SUCCESS;21:edges = 29,fail_cases = 2,fault = 1&2&3&4&16&5&6,
SUCCESS;22:edges = 31,fail_cases = 2,fault = 1&3&4&5&6&17&7&9,
SUCCESS;23:edges = 33,fail_cases = 2,fault = 1&3&4&5&6&17&7&18&9,
SUCCESS;24:edges = 35,fail_cases = 2,fault = 11&1&3&4&5&6&17&7&18&9,
SUCCESS;25:edges = 37,fail_cases = 2,fault = 11&1&12&3&4&5&6&17&7&18&9,
SUCCESS;26:edges = 39,fail_cases = 2,fault = 11&1&12&13&3&4&5&6&17&7&18&9,
SUCCESS;27:edges = 41,fail_cases = 2,fault = 11&12&13&14&17&18&1&3&4&5&6&7&9,
FAIL;28:edges = 41,fail_cases = 3,fault = 11&12&13&14&15&17&18&1&3&4&5&6&7&9,
FAIL;29:edges = 41,fail_cases = 4,fault = 8&9&10,
SUCCESS;30:edges = 42,fail_cases = 4,fault = 16&8,
SUCCESS;31:edges = 43,fail_cases = 4,fault = 16&8&9,
SUCCESS;32:edges = 44,fail_cases = 4,fault = 16&17&8,
SUCCESS;33:edges = 45,fail_cases = 4,fault = 16&17&18&8,
SUCCESS;34:edges = 46,fail_cases = 4,fault = 16&17&8&9,
SUCCESS;35:edges = 47,fail_cases = 4,fault = 16&17&18&8&9,
SUCCESS;36:edges = 48,fail_cases = 4,fault = 11&16&17&18&8,
FAIL;37:edges = 48,fail_cases = 5,fault = 11&12&13&14&15&17&18&9&10,
SUCCESS;38:edges = 49,fail_cases = 5,fault = 11&16&17&18&8&9,
SUCCESS;39:edges = 50,fail_cases = 5,fault = 11&12&16&17&18&8,
SUCCESS;40:edges = 51,fail_cases = 5,fault = 11&12&13&16&17&18&8,
SUCCESS;41:edges = 52,fail_cases = 5,fault = 11&12&13&14&16&17&18&8,
FAIL;42:edges = 52,fail_cases = 6,fault = 11&12&13&14&16&17&18&1&3&4&5&6&7&8,
SUCCESS;43:edges = 53,fail_cases = 6,fault = 11&12&15&16&17&18&8&9,
SUCCESS;44:edges = 54,fail_cases = 6,fault = 11&12&13&15&16&17&18&8&9,
FAIL;45:edges = 54,fail_cases = 7,fault = 11&12&13&14&16&17&18&8&10,
FAIL;46:edges = 54,fail_cases = 8,fault = 11&12&13&14&15&16&17&18,
SUCCESS;47:edges = 56,fail_cases = 8,fault = 19,
SUCCESS;48:edges = 57,fail_cases = 8,fault = 1&3&4&5&6&7&19&9,
SUCCESS;49:edges = 58,fail_cases = 8,fault = 1&3&4&5&6&17&7&19&9,
SUCCESS;50:edges = 59,fail_cases = 8,fault = 1&3&4&5&6&17&7&18&19&9,
SUCCESS;51:edges = 60,fail_cases = 8,fault = 11&1&3&4&5&6&17&7&18&19&9,
SUCCESS;52:edges = 61,fail_cases = 8,fault = 11&1&12&3&4&5&6&17&7&18&19&9,
SUCCESS;53:edges = 62,fail_cases = 8,fault = 11&12&13&17&18&19&1&3&4&5&6&7&9,
SUCCESS;54:edges = 63,fail_cases = 8,fault = 11&12&13&14&17&18&19&1&3&4&5&6&7&9,
FAIL;55:edges = 63,fail_cases = 9,fault = 19&20,
SUCCESS;56:edges = 65,fail_cases = 9,fault = 21,
SUCCESS;57:edges = 66,fail_cases = 9,fault = 19&21,
SUCCESS;58:edges = 68,fail_cases = 9,fault = 22&21,
SUCCESS;59:edges = 69,fail_cases = 9,fault = 22&19&21,
SUCCESS;60:edges = 71,fail_cases = 9,fault = 22&23&21,
SUCCESS;61:edges = 73,fail_cases = 9,fault = 22&23&20&21,
SUCCESS;62:edges = 74,fail_cases = 9,fault = 22&23&24&19&21,
FAIL;63:edges = 74,fail_cases = 10,fault = 22&23&25&20&21,
FAIL;64:edges = 74,fail_cases = 11,fault = 22&23&24&25&21,
SUCCESS;65:edges = 76,fail_cases = 11,fault = 27,
SUCCESS;66:edges = 77,fail_cases = 11,fault = 27&21,
SUCCESS;67:edges = 78,fail_cases = 11,fault = 22&27&21,
SUCCESS;68:edges = 79,fail_cases = 11,fault = 22&27&20&21,
SUCCESS;69:edges = 81,fail_cases = 11,fault = 22&25&27&20&21,
SUCCESS;70:edges = 83,fail_cases = 11,fault = 22&25&27&29&20&21,
SUCCESS;71:edges = 86,fail_cases = 11,fault = 22&25&27&29&30&20&21,
SUCCESS;72:edges = 88,fail_cases = 11,fault = 22&33&25&27&29&30&20&21,
SUCCESS;73:edges = 90,fail_cases = 11,fault = 22&33&34&25&27&29&30&20&21,
SUCCESS;74:edges = 92,fail_cases = 11,fault = 22&33&34&35&25&27&29&30&20&21,
FAIL;75:edges = 92,fail_cases = 12,fault = 22&25&26&27&29&30&20&21,
SUCCESS;76:edges = 94,fail_cases = 12,fault = 22&33&34&35&25&36&27&29&30&20&21,
SUCCESS;77:edges = 96,fail_cases = 12,fault = 22&33&34&35&25&36&37&27&29&30&20&21,
FAIL;78:edges = 96,fail_cases = 13,fault = 22&33&34&35&25&36&37&27&29&30&20&31&21,
SUCCESS;79:edges = 97,fail_cases = 13,fault = 23&27&28,
SUCCESS;80:edges = 98,fail_cases = 13,fault = 23&32,
SUCCESS;81:edges = 99,fail_cases = 13,fault = 23&27&28&21,
SUCCESS;82:edges = 100,fail_cases = 13,fault = 22&23&27&28&21,
SUCCESS;83:edges = 101,fail_cases = 13,fault = 22&23&27&28&20&21,
SUCCESS;84:edges = 102,fail_cases = 13,fault = 23&27&28&29&21,
FAIL;85:edges = 102,fail_cases = 14,fault = 22&33&34&24&35&25&36&37&27&29&30&31&21,
FAIL;86:edges = 102,fail_cases = 15,fault = 22&24&25&26&27&29&30&21,
SUCCESS;87:edges = 103,fail_cases = 15,fault = 22&33&23&34&35&36&37&27&28&29&31,
SUCCESS;88:edges = 104,fail_cases = 15,fault = 22&23&27&28&29&21,
SUCCESS;89:edges = 105,fail_cases = 15,fault = 22&23&27&28&29&20&21,
FAIL;90:edges = 105,fail_cases = 16,fault = 22&33&23&34&35&36&37&27&28&29&20&31&21,
FAIL;91:edges = 105,fail_cases = 17,fault = 22&23&26&27&28&29&20&21,
FAIL;92:edges = 105,fail_cases = 18,fault = 22&33&23&34&24&35&36&37&27&28&29&31&21,
SUCCESS;93:edges = 106,fail_cases = 18,fault = 23&25&27&28&29&30&21,
FAIL;94:edges = 106,fail_cases = 19,fault = 22&23&24&26&27&28&29&21,
SUCCESS;95:edges = 107,fail_cases = 19,fault = 22&23&25&27&28&29&30&21,
FAIL;96:edges = 107,fail_cases = 20,fault = 33&34&35&36&37&27&28&29&30&31,
FAIL;97:edges = 107,fail_cases = 21,fault = 26&27&28&29&30,
SUCCESS;98:edges = 108,fail_cases = 21,fault = 26&32,
SUCCESS;99:edges = 109,fail_cases = 21,fault = 26&27&32,
SUCCESS;100:edges = 110,fail_cases = 21,fault = 22&25&26&27&20&32&21,
SUCCESS;101:edges = 111,fail_cases = 21,fault = 22&25&26&27&29&20&32&21,
SUCCESS;102:edges = 112,fail_cases = 21,fault = 33&26&32,
SUCCESS;103:edges = 113,fail_cases = 21,fault = 33&26&27&32,
SUCCESS;104:edges = 114,fail_cases = 21,fault = 33&22&25&26&27&20&32&21,
SUCCESS;105:edges = 115,fail_cases = 21,fault = 33&22&25&26&27&29&20&32&21,
SUCCESS;106:edges = 116,fail_cases = 21,fault = 33&34&26&32,
SUCCESS;107:edges = 117,fail_cases = 21,fault = 33&34&35&26&32,
SUCCESS;108:edges = 118,fail_cases = 21,fault = 33&34&35&36&26&32,
SUCCESS;109:edges = 119,fail_cases = 21,fault = 33&34&35&36&37&26&32,
SUCCESS;110:edges = 120,fail_cases = 21,fault = 33&34&26&27&32,
SUCCESS;111:edges = 121,fail_cases = 21,fault = 33&22&34&25&26&27&20&32&21,
SUCCESS;112:edges = 122,fail_cases = 21,fault = 33&22&34&25&26&27&29&20&32&21,
SUCCESS;113:edges = 123,fail_cases = 21,fault = 33&34&35&26&27&32,
SUCCESS;114:edges = 124,fail_cases = 21,fault = 33&22&34&35&25&26&27&20&32&21,
SUCCESS;115:edges = 125,fail_cases = 21,fault = 33&22&34&35&25&26&27&29&20&32&21,
SUCCESS;116:edges = 126,fail_cases = 21,fault = 33&34&35&36&26&27&32,
SUCCESS;117:edges = 127,fail_cases = 21,fault = 33&22&34&35&36&25&26&27&20&32&21,
SUCCESS;118:edges = 128,fail_cases = 21,fault = 33&22&34&35&36&25&26&27&29&20&32&21,
SUCCESS;119:edges = 129,fail_cases = 21,fault = 33&34&35&36&37&26&27&32,
SUCCESS;120:edges = 130,fail_cases = 21,fault = 33&22&34&35&36&25&37&26&27&20&32&21,
SUCCESS;121:edges = 131,fail_cases = 21,fault = 33&22&34&35&36&25&37&26&27&29&20&32&21,
FAIL;122:edges = 131,fail_cases = 22,fault = 33&34&35&36&37&31&32,
SUCCESS;123:edges = 132,fail_cases = 22,fault = 38,
SUCCESS;124:edges = 133,fail_cases = 22,fault = 22&25&38&27&29&30&20&21,
SUCCESS;125:edges = 134,fail_cases = 22,fault = 22&33&25&38&27&29&30&20&21,
SUCCESS;126:edges = 135,fail_cases = 22,fault = 22&33&34&25&38&27&29&30&20&21,
SUCCESS;127:edges = 136,fail_cases = 22,fault = 22&33&23&34&35&38&27&28&29&20&21,
SUCCESS;128:edges = 137,fail_cases = 22,fault = 22&33&23&34&35&36&38&27&28&29&20&21,
SUCCESS;129:edges = 138,fail_cases = 22,fault = 22&33&23&34&35&36&37&38&27&28&29&20&21,
SUCCESS;130:edges = 139,fail_cases = 22,fault = 38&39,
SUCCESS;131:edges = 140,fail_cases = 22,fault = 22&25&38&27&39&29&30&20&21,
SUCCESS;132:edges = 141,fail_cases = 22,fault = 22&33&25&38&27&39&29&30&20&21,
SUCCESS;133:edges = 142,fail_cases = 22,fault = 22&33&23&34&38&27&39&28&29&20&21,
SUCCESS;134:edges = 143,fail_cases = 22,fault = 22&33&23&34&35&38&27&39&28&29&20&21,
SUCCESS;135:edges = 144,fail_cases = 22,fault = 22&33&34&35&25&36&38&27&39&29&30&20&21,
SUCCESS;136:edges = 145,fail_cases = 22,fault = 22&33&34&35&25&36&37&38&27&39&29&30&20&21,
SUCCESS;137:edges = 146,fail_cases = 22,fault = 38&39&40,
SUCCESS;138:edges = 147,fail_cases = 22,fault = 22&25&38&27&39&29&40&30&20&21,
SUCCESS;139:edges = 148,fail_cases = 22,fault = 22&34&25&38&27&39&29&40&30&20&21,
SUCCESS;140:edges = 149,fail_cases = 22,fault = 22&23&34&35&38&27&39&28&29&40&20&21,
SUCCESS;141:edges = 150,fail_cases = 22,fault = 22&34&35&25&36&38&27&39&29&40&30&20&21,
SUCCESS;142:edges = 151,fail_cases = 22,fault = 22&23&34&35&36&37&38&27&39&28&29&40&20&21,
FAIL;143:edges = 151,fail_cases = 23,fault = 22&23&34&35&36&37&38&27&39&28&29&40&20&31&21,
FAIL;144:edges = 151,fail_cases = 24,fault = 22&34&35&25&36&37&38&27&39&29&40&30&20&31&21,
FAIL;145:edges = 151,fail_cases = 25,fault = 22&34&24&35&25&36&37&38&27&39&29&40&30&31&21,
FAIL;146:edges = 151,fail_cases = 26,fault = 22&23&34&24&35&36&37&38&27&39&28&29&40&31&21,
FAIL;147:edges = 151,fail_cases = 27,fault = 34&35&36&37&38&27&39&28&29&40&30&31,
FAIL;148:edges = 151,fail_cases = 28,fault = 34&35&36&37&38&39&40&31&32,
FAIL;149:edges = 151,fail_cases = 29,fault = 38&39&40&41,