SUCCESS;0:edges = 22,fail_cases = 0,fault = ,
SUCCESS;1:edges = 23,fail_cases = 0,fault = 1,
SUCCESS;2:edges = 24,fail_cases = 0,fault = 1&3,
SUCCESS;3:edges = 25,fail_cases = 0,fault = 1&3&4,
SUCCESS;4:edges = 26,fail_cases = 0,fault = 1&3&4&5,
SUCCESS;5:edges = 27,fail_cases = 0,fault = 1&3&4&5&6,
SUCCESS;6:edges = 29,fail_cases = 0,fault = 1&3&4&5&6&7,
FAIL;7:edges = 29,fail_cases = 1,fault = 1&2&3&4&5&6&7,
SUCCESS;8:edges = 31,fail_cases = 1,fault = 1&3&4&5&6&7&9,
SUCCESS;9:edges = 32,fail_cases = 1,fault = 2&8,
SUCCESS;10:edges = 34,fail_cases = 1,fault = 1&3&4&5&6&7&9&10,
SUCCESS;11:edges = 35,fail_cases = 1,fault = 1&2&8,
FAIL;12:edges = 35,fail_cases = 2,fault = 11&1&3&4&5&6&7&9&10,
SUCCESS;13:edges = 36,fail_cases = 2,fault = 2&8&9,
SUCCESS;14:edges = 37,fail_cases = 2,fault = 2&8&9&10,
SUCCESS;15:edges = 38,fail_cases = 2,fault = 1&2&3&8,
SUCCESS;16:edges = 39,fail_cases = 2,fault = 1&2&8&9,
SUCCESS;17:edges = 40,fail_cases = 2,fault = 1&2&8&9&10,
SUCCESS;18:edges = 41,fail_cases = 2,fault = 1&2&3&8&9,
SUCCESS;19:edges = 42,fail_cases = 2,fault = 1&2&3&8&9&10,
SUCCESS;20:edges = 43,fail_cases = 2,fault = 1&2&3&4&8,
SUCCESS;21:edges = 44,fail_cases = 2,fault = 1&2&3&4&6&8,
SUCCESS;22:edges = 45,fail_cases = 2,fault = 1&2&3&4&6&7&8,
SUCCESS;23:edges = 46,fail_cases = 2,fault = 1&2&3&4&6&7&8&10,
FAIL;24:edges = 46,fail_cases = 3,fault = 11&1&2&3&4&6&7&8&10,
SUCCESS;25:edges = 47,fail_cases = 3,fault = 1&2&3&4&5&8&9,
SUCCESS;26:edges = 48,fail_cases = 3,fault = 1&2&3&4&5&8&9&10,
SUCCESS;27:edges = 49,fail_cases = 3,fault = 1&2&3&4&5&6&8&9,
FAIL;28:edges = 49,fail_cases = 4,fault = 1&2&3&4&5&6&8&9&10,
FAIL;29:edges = 49,fail_cases = 5,fault = 11&8&9&10,
SUCCESS;30:edges = 51,fail_cases = 5,fault = 16,
SUCCESS;31:edges = 52,fail_cases = 5,fault = 1&3&4&16&5&6&7,
SUCCESS;32:edges = 53,fail_cases = 5,fault = 1&3&4&16&5&6&7&9,
SUCCESS;33:edges = 54,fail_cases = 5,fault = 1&3&4&16&5&6&7&9&10,
SUCCESS;34:edges = 56,fail_cases = 5,fault = 16&17,
SUCCESS;35:edges = 57,fail_cases = 5,fault = 1&3&4&16&5&17&6&7,
SUCCESS;36:edges = 58,fail_cases = 5,fault = 1&2&3&4&16&17&6&7&8,
SUCCESS;37:edges = 59,fail_cases = 5,fault = 1&3&4&16&5&17&6&7&9&10,
SUCCESS;38:edges = 61,fail_cases = 5,fault = 12&16&17,
SUCCESS;39:edges = 62,fail_cases = 5,fault = 12&1&3&4&16&5&17&6&7,
SUCCESS;40:edges = 63,fail_cases = 5,fault = 12&1&2&3&4&16&17&6&7&8,
SUCCESS;41:edges = 64,fail_cases = 5,fault = 12&1&3&4&16&5&17&6&7&9&10,
SUCCESS;42:edges = 66,fail_cases = 5,fault = 12&13&16&17,
SUCCESS;43:edges = 67,fail_cases = 5,fault = 12&1&13&3&4&16&5&17&6&7,
SUCCESS;44:edges = 68,fail_cases = 5,fault = 12&1&13&3&4&16&5&17&6&7&9,
SUCCESS;45:edges = 69,fail_cases = 5,fault = 12&1&13&3&4&16&5&17&6&7&9&10,
SUCCESS;46:edges = 71,fail_cases = 5,fault = 12&13&14&16&17,
SUCCESS;47:edges = 72,fail_cases = 5,fault = 12&1&13&14&3&4&16&5&17&6&7,
SUCCESS;48:edges = 73,fail_cases = 5,fault = 12&1&13&2&14&3&4&16&17&6&7&8,
SUCCESS;49:edges = 74,fail_cases = 5,fault = 12&13&14&16&17&1&3&4&5&6&7&9&10,
FAIL;50:edges = 74,fail_cases = 6,fault = 12&13&14&15&16&17,
SUCCESS;51:edges = 76,fail_cases = 6,fault = 18,
SUCCESS;52:edges = 77,fail_cases = 6,fault = 16&18,
SUCCESS;53:edges = 78,fail_cases = 6,fault = 16&17&18,
SUCCESS;54:edges = 79,fail_cases = 6,fault = 12&16&17&18,
SUCCESS;55:edges = 80,fail_cases = 6,fault = 12&13&16&17&18,
SUCCESS;56:edges = 81,fail_cases = 6,fault = 12&13&14&16&17&18,
FAIL;57:edges = 81,fail_cases = 7,fault = 18&19,
SUCCESS;58:edges = 83,fail_cases = 7,fault = 20,
SUCCESS;59:edges = 84,fail_cases = 7,fault = 18&20,
SUCCESS;60:edges = 86,fail_cases = 7,fault = 20&21,
SUCCESS;61:edges = 87,fail_cases = 7,fault = 18&20&21,
FAIL;62:edges = 87,fail_cases = 8,fault = 22&20&21,
SUCCESS;63:edges = 89,fail_cases = 8,fault = 23,
SUCCESS;64:edges = 90,fail_cases = 8,fault = 23&20,
SUCCESS;65:edges = 91,fail_cases = 8,fault = 23&20&21,
SUCCESS;66:edges = 93,fail_cases = 8,fault = 23&24,
SUCCESS;67:edges = 94,fail_cases = 8,fault = 23&24&20,
SUCCESS;68:edges = 96,fail_cases = 8,fault = 23&24&20&21,
SUCCESS;69:edges = 97,fail_cases = 8,fault = 22&23&24&25,
SUCCESS;70:edges = 98,fail_cases = 8,fault = 22&23&24&25&20,
SUCCESS;71:edges = 100,fail_cases = 8,fault = 23&24&26&20&21,
SUCCESS;72:edges = 102,fail_cases = 8,fault = 23&24&26&27&20&21,
SUCCESS;73:edges = 103,fail_cases = 8,fault = 22&23&24&25&26,
SUCCESS;74:edges = 104,fail_cases = 8,fault = 22&23&24&25&26&20,
FAIL;75:edges = 104,fail_cases = 9,fault = 23&24&26&27&28&20&21,
SUCCESS;76:edges = 105,fail_cases = 9,fault = 22&23&24&25&26&27,
SUCCESS;77:edges = 106,fail_cases = 9,fault = 22&23&24&25&26&27&20,
FAIL;78:edges = 106,fail_cases = 10,fault = 23&24&25&26&27&28,
SUCCESS;79:edges = 108,fail_cases = 10,fault = 29,
SUCCESS;80:edges = 109,fail_cases = 10,fault = 23&29,
SUCCESS;81:edges = 110,fail_cases = 10,fault = 23&24&29,
SUCCESS;82:edges = 111,fail_cases = 10,fault = 23&24&29&20&21,
SUCCESS;83:edges = 112,fail_cases = 10,fault = 23&24&26&29&20&21,
SUCCESS;84:edges = 113,fail_cases = 10,fault = 23&24&26&27&29&20&21,
SUCCESS;85:edges = 115,fail_cases = 10,fault = 29&30,
SUCCESS;86:edges = 116,fail_cases = 10,fault = 23&29&30,
SUCCESS;87:edges = 117,fail_cases = 10,fault = 23&24&29&30,
SUCCESS;88:edges = 118,fail_cases = 10,fault = 23&24&29&30&20&21,
SUCCESS;89:edges = 119,fail_cases = 10,fault = 23&24&26&29&30&20&21,
SUCCESS;90:edges = 120,fail_cases = 10,fault = 23&24&26&27&29&30&20&21,
FAIL;91:edges = 120,fail_cases = 11,fault = 29&30&31,
SUCCESS;92:edges = 122,fail_cases = 11,fault = 32,
SUCCESS;93:edges = 123,fail_cases = 11,fault = 29&32,
SUCCESS;94:edges = 124,fail_cases = 11,fault = 29&30&32,
SUCCESS;95:edges = 126,fail_cases = 11,fault = 33&32,
SUCCESS;96:edges = 127,fail_cases = 11,fault = 33&29&32,
SUCCESS;97:edges = 128,fail_cases = 11,fault = 33&29&30&32,
SUCCESS;98:edges = 130,fail_cases = 11,fault = 33&34&32,
SUCCESS;99:edges = 131,fail_cases = 11,fault = 33&34&29&32,
SUCCESS;100:edges = 132,fail_cases = 11,fault = 33&34&29&30&32,
SUCCESS;101:edges = 134,fail_cases = 11,fault = 33&34&35&32,
SUCCESS;102:edges = 135,fail_cases = 11,fault = 33&34&35&29&32,
SUCCESS;103:edges = 136,fail_cases = 11,fault = 33&34&35&29&30&32,
SUCCESS;104:edges = 138,fail_cases = 11,fault = 33&34&35&36&32,
SUCCESS;105:edges = 139,fail_cases = 11,fault = 33&34&35&36&29&32,
SUCCESS;106:edges = 140,fail_cases = 11,fault = 33&34&35&36&29&30&32,
SUCCESS;107:edges = 142,fail_cases = 11,fault = 33&34&35&36&37&32,
SUCCESS;108:edges = 143,fail_cases = 11,fault = 33&34&35&36&37&29&32,
SUCCESS;109:edges = 144,fail_cases = 11,fault = 33&34&35&36&37&29&30&32,
FAIL;110:edges = 144,fail_cases = 12,fault = 33&34&35&36&37&38&32,
SUCCESS;111:edges = 146,fail_cases = 12,fault = 39,
SUCCESS;112:edges = 147,fail_cases = 12,fault = 39&32,
SUCCESS;113:edges = 148,fail_cases = 12,fault = 33&39&32,
SUCCESS;114:edges = 149,fail_cases = 12,fault = 33&34&39&32,
SUCCESS;115:edges = 150,fail_cases = 12,fault = 33&34&35&39&32,
SUCCESS;116:edges = 151,fail_cases = 12,fault = 33&34&35&36&39&32,
SUCCESS;117:edges = 152,fail_cases = 12,fault = 33&34&35&36&37&39&32,
SUCCESS;118:edges = 154,fail_cases = 12,fault = 39&40,
SUCCESS;119:edges = 155,fail_cases = 12,fault = 39&40&32,
SUCCESS;120:edges = 156,fail_cases = 12,fault = 33&39&40&32,
SUCCESS;121:edges = 157,fail_cases = 12,fault = 33&34&39&40&32,
SUCCESS;122:edges = 158,fail_cases = 12,fault = 33&34&35&39&40&32,
SUCCESS;123:edges = 159,fail_cases = 12,fault = 33&34&35&36&39&40&32,
SUCCESS;124:edges = 160,fail_cases = 12,fault = 33&34&35&36&37&39&40&32,
SUCCESS;125:edges = 162,fail_cases = 12,fault = 39&40&41,
SUCCESS;126:edges = 163,fail_cases = 12,fault = 39&40&41&32,
SUCCESS;127:edges = 164,fail_cases = 12,fault = 33&39&40&41&32,
SUCCESS;128:edges = 165,fail_cases = 12,fault = 33&34&39&40&41&32,
SUCCESS;129:edges = 166,fail_cases = 12,fault = 33&34&35&39&40&41&32,
SUCCESS;130:edges = 167,fail_cases = 12,fault = 33&34&35&36&39&40&41&32,
SUCCESS;131:edges = 168,fail_cases = 12,fault = 33&34&35&36&37&39&40&41&32,
SUCCESS;132:edges = 170,fail_cases = 12,fault = 39&40&41&42,
SUCCESS;133:edges = 171,fail_cases = 12,fault = 39&40&41&42&32,
SUCCESS;134:edges = 172,fail_cases = 12,fault = 33&39&40&41&42&32,
SUCCESS;135:edges = 173,fail_cases = 12,fault = 33&34&39&40&41&42&32,
SUCCESS;136:edges = 174,fail_cases = 12,fault = 33&34&35&39&40&41&42&32,
SUCCESS;137:edges = 175,fail_cases = 12,fault = 33&34&35&36&39&40&41&42&32,
SUCCESS;138:edges = 176,fail_cases = 12,fault = 33&34&35&36&37&39&40&41&42&32,
FAIL;139:edges = 176,fail_cases = 13,fault = 39&40&41&42&43,
SUCCESS;140:edges = 178,fail_cases = 13,fault = 48,
SUCCESS;141:edges = 179,fail_cases = 13,fault = 48&39,
SUCCESS;142:edges = 180,fail_cases = 13,fault = 48&39&40,
SUCCESS;143:edges = 181,fail_cases = 13,fault = 48&39&40&41,
SUCCESS;144:edges = 182,fail_cases = 13,fault = 48&39&40&41&42,
SUCCESS;145:edges = 184,fail_cases = 13,fault = 48&49,
SUCCESS;146:edges = 185,fail_cases = 13,fault = 48&49&39,
SUCCESS;147:edges = 186,fail_cases = 13,fault = 48&49&39&40,
SUCCESS;148:edges = 187,fail_cases = 13,fault = 48&49&39&40&41,
SUCCESS;149:edges = 188,fail_cases = 13,fault = 48&49&39&40&41&42,
SUCCESS;150:edges = 190,fail_cases = 13,fault = 44&48&49,
SUCCESS;151:edges = 191,fail_cases = 13,fault = 44&48&49&39,
SUCCESS;152:edges = 192,fail_cases = 13,fault = 44&48&49&39&40,
SUCCESS;153:edges = 193,fail_cases = 13,fault = 44&48&49&39&40&41,
SUCCESS;154:edges = 194,fail_cases = 13,fault = 44&48&49&39&40&41&42,
SUCCESS;155:edges = 196,fail_cases = 13,fault = 44&45&48&49,
SUCCESS;156:edges = 197,fail_cases = 13,fault = 44&45&48&49&39,
SUCCESS;157:edges = 198,fail_cases = 13,fault = 44&45&48&49&39&40,
SUCCESS;158:edges = 199,fail_cases = 13,fault = 44&45&48&49&39&40&41,
SUCCESS;159:edges = 200,fail_cases = 13,fault = 44&45&48&49&39&40&41&42,
SUCCESS;160:edges = 202,fail_cases = 13,fault = 44&45&46&48&49,
SUCCESS;161:edges = 203,fail_cases = 13,fault = 44&45&46&48&49&39,
SUCCESS;162:edges = 204,fail_cases = 13,fault = 44&45&46&48&49&39&40,
SUCCESS;163:edges = 205,fail_cases = 13,fault = 44&45&46&48&49&39&40&41,
SUCCESS;164:edges = 206,fail_cases = 13,fault = 44&45&46&48&49&39&40&41&42,
FAIL;165:edges = 206,fail_cases = 14,fault = 44&45&46&47&48&49,
SUCCESS;166:edges = 208,fail_cases = 14,fault = 50,
SUCCESS;167:edges = 209,fail_cases = 14,fault = 48&50,
SUCCESS;168:edges = 210,fail_cases = 14,fault = 48&49&50,
SUCCESS;169:edges = 211,fail_cases = 14,fault = 44&48&49&50,
SUCCESS;170:edges = 212,fail_cases = 14,fault = 44&45&48&49&50,
SUCCESS;171:edges = 213,fail_cases = 14,fault = 44&45&46&48&49&50,
SUCCESS;172:edges = 215,fail_cases = 14,fault = 50&51,
SUCCESS;173:edges = 216,fail_cases = 14,fault = 48&50&51,
SUCCESS;174:edges = 217,fail_cases = 14,fault = 48&49&50&51,
SUCCESS;175:edges = 218,fail_cases = 14,fault = 44&48&49&50&51,
SUCCESS;176:edges = 219,fail_cases = 14,fault = 44&45&48&49&50&51,
SUCCESS;177:edges = 220,fail_cases = 14,fault = 44&45&46&48&49&50&51,
SUCCESS;178:edges = 222,fail_cases = 14,fault = 50&51&52,
SUCCESS;179:edges = 223,fail_cases = 14,fault = 48&50&51&52,
SUCCESS;180:edges = 224,fail_cases = 14,fault = 48&49&50&51&52,
SUCCESS;181:edges = 225,fail_cases = 14,fault = 44&48&49&50&51&52,
SUCCESS;182:edges = 226,fail_cases = 14,fault = 44&45&48&49&50&51&52,
SUCCESS;183:edges = 227,fail_cases = 14,fault = 44&45&46&48&49&50&51&52,
SUCCESS;184:edges = 229,fail_cases = 14,fault = 50&51&52&53,
SUCCESS;185:edges = 230,fail_cases = 14,fault = 48&50&51&52&53,
SUCCESS;186:edges = 231,fail_cases = 14,fault = 48&49&50&51&52&53,
SUCCESS;187:edges = 232,fail_cases = 14,fault = 44&48&49&50&51&52&53,
SUCCESS;188:edges = 233,fail_cases = 14,fault = 44&45&48&49&50&51&52&53,
SUCCESS;189:edges = 235,fail_cases = 14,fault = 44&45&47&48&49&50&51&52&53,
SUCCESS;190:edges = 236,fail_cases = 14,fault = 46&50&51&52&53&54,
SUCCESS;191:edges = 237,fail_cases = 14,fault = 46&48&50&51&52&53&54,
SUCCESS;192:edges = 239,fail_cases = 14,fault = 44&55&45&47&48&49&50&51&52&53,
SUCCESS;193:edges = 240,fail_cases = 14,fault = 46&48&49&50&51&52&53&54,
SUCCESS;194:edges = 241,fail_cases = 14,fault = 44&46&48&49&50&51&52&53&54,
SUCCESS;195:edges = 242,fail_cases = 14,fault = 55&46&50&51&52&53&54,
SUCCESS;196:edges = 243,fail_cases = 14,fault = 44&45&46&48&49&50&51&52&53&54,
SUCCESS;197:edges = 244,fail_cases = 14,fault = 55&46&48&50&51&52&53&54,
SUCCESS;198:edges = 245,fail_cases = 14,fault = 55&46&48&49&50&51&52&53&54,
SUCCESS;199:edges = 246,fail_cases = 14,fault = 55&44&46&48&49&50&51&52&53&54,
FAIL;200:edges = 246,fail_cases = 15,fault = 44&55&45&56&47&48&49&50&51&52&53,
SUCCESS;201:edges = 247,fail_cases = 15,fault = 55&44&45&46&48&49&50&51&52&53&54,
FAIL;202:edges = 247,fail_cases = 16,fault = 55&56&50&51&52&53&54,
SUCCESS;203:edges = 249,fail_cases = 16,fault = 64,
SUCCESS;204:edges = 250,fail_cases = 16,fault = 50&64,
SUCCESS;205:edges = 251,fail_cases = 16,fault = 50&52&64,
SUCCESS;206:edges = 252,fail_cases = 16,fault = 50&52&64&53,
SUCCESS;207:edges = 253,fail_cases = 16,fault = 44&45&47&48&49&50&52&64&53,
SUCCESS;208:edges = 254,fail_cases = 16,fault = 44&55&45&47&48&49&50&52&64&53,
SUCCESS;209:edges = 256,fail_cases = 16,fault = 44&55&45&56&47&48&49&50&52&64&53,
SUCCESS;210:edges = 258,fail_cases = 16,fault = 44&55&45&56&47&58&48&49&50&52&64&53,
SUCCESS;211:edges = 260,fail_cases = 16,fault = 44&55&45&56&47&58&48&59&49&50&52&64&53,
SUCCESS;212:edges = 262,fail_cases = 16,fault = 44&55&45&56&47&58&48&59&49&60&50&52&64&53,
SUCCESS;213:edges = 264,fail_cases = 16,fault = 44&55&45&56&47&58&48&59&49&60&50&61&52&64&53,
SUCCESS;214:edges = 266,fail_cases = 16,fault = 44&55&45&56&47&58&48&59&49&60&50&61&62&52&64&53,
FAIL;215:edges = 266,fail_cases = 17,fault = 44&55&45&56&47&58&48&59&49&60&50&61&62&52&63&64&53,
SUCCESS;216:edges = 267,fail_cases = 17,fault = 57&51&64,
SUCCESS;217:edges = 268,fail_cases = 17,fault = 57&58&51&64,
FAIL;218:edges = 268,fail_cases = 18,fault = 55&56&58&59&60&50&61&62&52&63&64&53&54,
SUCCESS;219:edges = 269,fail_cases = 18,fault = 57&50&51&64,
SUCCESS;220:edges = 270,fail_cases = 18,fault = 57&58&50&51&64,
SUCCESS;221:edges = 271,fail_cases = 18,fault = 57&50&51&52&64,
SUCCESS;222:edges = 272,fail_cases = 18,fault = 57&58&59&51&64,
SUCCESS;223:edges = 273,fail_cases = 18,fault = 57&50&51&52&64&53,
SUCCESS;224:edges = 274,fail_cases = 18,fault = 44&45&57&47&48&49&50&51&52&64&53,
SUCCESS;225:edges = 275,fail_cases = 18,fault = 44&55&45&57&47&48&49&50&51&52&64&53,
SUCCESS;226:edges = 276,fail_cases = 18,fault = 57&58&59&50&51&64,
SUCCESS;227:edges = 277,fail_cases = 18,fault = 57&58&50&51&52&64,
SUCCESS;228:edges = 278,fail_cases = 18,fault = 57&58&59&50&51&52&64,
SUCCESS;229:edges = 279,fail_cases = 18,fault = 57&58&59&60&51&64,
SUCCESS;230:edges = 280,fail_cases = 18,fault = 57&58&59&60&50&51&64,
SUCCESS;231:edges = 281,fail_cases = 18,fault = 57&58&59&60&61&51&64,
SUCCESS;232:edges = 282,fail_cases = 18,fault = 57&58&59&60&61&62&51&64,
SUCCESS;233:edges = 283,fail_cases = 18,fault = 57&58&50&51&52&64&53,
SUCCESS;234:edges = 284,fail_cases = 18,fault = 44&45&57&58&47&48&49&50&51&52&64&53,
SUCCESS;235:edges = 285,fail_cases = 18,fault = 44&55&45&57&58&47&48&49&50&51&52&64&53,
SUCCESS;236:edges = 286,fail_cases = 18,fault = 57&58&59&50&51&52&64&53,
SUCCESS;237:edges = 287,fail_cases = 18,fault = 44&45&57&58&47&59&48&49&50&51&52&64&53,
SUCCESS;238:edges = 288,fail_cases = 18,fault = 44&45&56&57&58&47&59&48&49&50&51&52&64&53,
SUCCESS;239:edges = 289,fail_cases = 18,fault = 44&45&56&57&58&47&59&48&49&50&61&51&52&64&53,
SUCCESS;240:edges = 290,fail_cases = 18,fault = 44&45&56&57&58&47&59&48&49&50&61&51&62&52&64&53,
FAIL;241:edges = 290,fail_cases = 19,fault = 44&45&56&57&58&47&59&48&49&50&61&51&62&52&63&64&53,
SUCCESS;242:edges = 291,fail_cases = 19,fault = 55&57&58&59&60&61&50&51&64,
FAIL;243:edges = 291,fail_cases = 20,fault = 56&57&58&59&50&61&51&62&52&63&64&53&54,
SUCCESS;244:edges = 292,fail_cases = 20,fault = 55&57&58&59&60&50&51&52&64,
SUCCESS;245:edges = 293,fail_cases = 20,fault = 55&57&58&59&60&50&51&52&64&53,
SUCCESS;246:edges = 294,fail_cases = 20,fault = 44&55&45&57&58&47&59&48&49&60&50&51&52&64&53,
SUCCESS;247:edges = 295,fail_cases = 20,fault = 55&57&58&59&60&61&50&62&51&64,
SUCCESS;248:edges = 296,fail_cases = 20,fault = 55&57&58&59&60&61&50&51&52&64,
SUCCESS;249:edges = 297,fail_cases = 20,fault = 55&57&58&59&60&61&50&62&51&52&64,
SUCCESS;250:edges = 298,fail_cases = 20,fault = 55&57&58&59&60&61&50&51&52&64&53,
SUCCESS;251:edges = 299,fail_cases = 20,fault = 44&55&45&57&58&47&59&48&49&60&61&50&51&52&64&53,
SUCCESS;252:edges = 300,fail_cases = 20,fault = 55&57&58&59&60&61&50&62&51&52&64&53,
SUCCESS;253:edges = 301,fail_cases = 20,fault = 44&55&45&57&58&47&59&48&49&60&61&50&62&51&52&64&53,
FAIL;254:edges = 301,fail_cases = 21,fault = 57&58&59&60&61&62&63&64,
SUCCESS;255:edges = 303,fail_cases = 21,fault = 65,
SUCCESS;256:edges = 304,fail_cases = 21,fault = 64&65,
SUCCESS;257:edges = 305,fail_cases = 21,fault = 44&55&45&56&47&48&49&50&52&64&53&65,
SUCCESS;258:edges = 306,fail_cases = 21,fault = 44&55&45&56&47&58&48&49&50&52&64&53&65,
SUCCESS;259:edges = 307,fail_cases = 21,fault = 44&55&45&56&47&58&48&59&49&50&52&64&53&65,
SUCCESS;260:edges = 308,fail_cases = 21,fault = 44&55&45&56&47&58&48&59&49&60&50&52&64&53&65,
SUCCESS;261:edges = 309,fail_cases = 21,fault = 44&45&56&57&58&47&59&48&49&50&61&51&52&64&53&65,
SUCCESS;262:edges = 310,fail_cases = 21,fault = 44&55&45&56&47&58&48&59&49&60&50&61&62&52&64&53&65,
SUCCESS;263:edges = 312,fail_cases = 21,fault = 66&65,
SUCCESS;264:edges = 313,fail_cases = 21,fault = 66&64&65,
SUCCESS;265:edges = 314,fail_cases = 21,fault = 66&44&55&45&56&47&48&49&50&52&64&53&65,
SUCCESS;266:edges = 315,fail_cases = 21,fault = 66&44&55&45&56&47&58&48&49&50&52&64&53&65,
SUCCESS;267:edges = 316,fail_cases = 21,fault = 66&44&55&45&56&47&58&48&59&49&50&52&64&53&65,
SUCCESS;268:edges = 317,fail_cases = 21,fault = 66&44&55&45&56&47&58&48&59&49&60&50&52&64&53&65,
SUCCESS;269:edges = 318,fail_cases = 21,fault = 66&44&45&56&57&58&47&59&48&49&50&61&51&52&64&53&65,
SUCCESS;270:edges = 319,fail_cases = 21,fault = 66&44&45&56&57&58&47&59&48&49&50&61&51&62&52&64&53&65,
SUCCESS;271:edges = 321,fail_cases = 21,fault = 66&67&65,
SUCCESS;272:edges = 322,fail_cases = 21,fault = 66&67&64&65,
SUCCESS;273:edges = 323,fail_cases = 21,fault = 66&44&55&67&45&56&47&48&49&50&52&64&53&65,
SUCCESS;274:edges = 324,fail_cases = 21,fault = 66&44&55&67&45&56&47&58&48&49&50&52&64&53&65,
SUCCESS;275:edges = 325,fail_cases = 21,fault = 66&44&55&67&45&56&47&58&48&59&49&50&52&64&53&65,
SUCCESS;276:edges = 326,fail_cases = 21,fault = 66&44&55&67&45&56&47&58&48&59&49&60&50&52&64&53&65,
SUCCESS;277:edges = 327,fail_cases = 21,fault = 66&44&67&45&56&57&58&47&59&48&49&50&61&51&52&64&53&65,
SUCCESS;278:edges = 328,fail_cases = 21,fault = 66&44&67&45&56&57&58&47&59&48&49&50&61&51&62&52&64&53&65,
FAIL;279:edges = 328,fail_cases = 22,fault = 66&67&68&65,
SUCCESS;280:edges = 330,fail_cases = 22,fault = 69,
SUCCESS;281:edges = 331,fail_cases = 22,fault = 69&65,
SUCCESS;282:edges = 332,fail_cases = 22,fault = 66&69&65,
SUCCESS;283:edges = 333,fail_cases = 22,fault = 66&67&69&65,
SUCCESS;284:edges = 335,fail_cases = 22,fault = 69&70,
SUCCESS;285:edges = 336,fail_cases = 22,fault = 69&70&65,
SUCCESS;286:edges = 337,fail_cases = 22,fault = 66&69&70&65,
SUCCESS;287:edges = 338,fail_cases = 22,fault = 66&67&69&70&65,
FAIL;288:edges = 338,fail_cases = 23,fault = 69&70&71,
SUCCESS;289:edges = 340,fail_cases = 23,fault = 72,
SUCCESS;290:edges = 341,fail_cases = 23,fault = 69&72,
SUCCESS;291:edges = 342,fail_cases = 23,fault = 69&70&72,
FAIL;292:edges = 342,fail_cases = 24,fault = 72&73,
SUCCESS;293:edges = 344,fail_cases = 24,fault = 80,
SUCCESS;294:edges = 345,fail_cases = 24,fault = 80&72,
SUCCESS;295:edges = 347,fail_cases = 24,fault = 80&81,
SUCCESS;296:edges = 348,fail_cases = 24,fault = 80&81&72,
SUCCESS;297:edges = 350,fail_cases = 24,fault = 80&81&74,
SUCCESS;298:edges = 351,fail_cases = 24,fault = 80&81&72&74,
SUCCESS;299:edges = 353,fail_cases = 24,fault = 80&81&74&75,
SUCCESS;300:edges = 354,fail_cases = 24,fault = 80&81&72&74&75,
SUCCESS;301:edges = 356,fail_cases = 24,fault = 80&81&74&75&76,
SUCCESS;302:edges = 357,fail_cases = 24,fault = 80&81&72&74&75&76,
SUCCESS;303:edges = 359,fail_cases = 24,fault = 77&80&81&74&75&76,
SUCCESS;304:edges = 360,fail_cases = 24,fault = 77&80&81&72&74&75&76,
SUCCESS;305:edges = 362,fail_cases = 24,fault = 77&78&80&81&74&75&76,
SUCCESS;306:edges = 363,fail_cases = 24,fault = 77&78&80&81&72&74&75&76,
FAIL;307:edges = 363,fail_cases = 25,fault = 77&78&79&80&81&74&75&76,
SUCCESS;308:edges = 365,fail_cases = 25,fault = 82,
SUCCESS;309:edges = 366,fail_cases = 25,fault = 80&82,
SUCCESS;310:edges = 367,fail_cases = 25,fault = 80&81&82,
SUCCESS;311:edges = 368,fail_cases = 25,fault = 80&81&82&74,
SUCCESS;312:edges = 369,fail_cases = 25,fault = 80&81&82&74&75,
SUCCESS;313:edges = 370,fail_cases = 25,fault = 80&81&82&74&75&76,
SUCCESS;314:edges = 371,fail_cases = 25,fault = 77&80&81&82&74&75&76,
SUCCESS;315:edges = 372,fail_cases = 25,fault = 77&78&80&81&82&74&75&76,
SUCCESS;316:edges = 374,fail_cases = 25,fault = 82&83,
SUCCESS;317:edges = 375,fail_cases = 25,fault = 80&82&83,
SUCCESS;318:edges = 376,fail_cases = 25,fault = 80&81&82&83,
SUCCESS;319:edges = 377,fail_cases = 25,fault = 80&81&82&83&74,
SUCCESS;320:edges = 378,fail_cases = 25,fault = 80&81&82&83&74&75,
SUCCESS;321:edges = 379,fail_cases = 25,fault = 80&81&82&83&74&75&76,
SUCCESS;322:edges = 380,fail_cases = 25,fault = 77&80&81&82&83&74&75&76,
SUCCESS;323:edges = 381,fail_cases = 25,fault = 77&78&80&81&82&83&74&75&76,
SUCCESS;324:edges = 383,fail_cases = 25,fault = 82&83&84,
SUCCESS;325:edges = 384,fail_cases = 25,fault = 80&82&83&84,
SUCCESS;326:edges = 385,fail_cases = 25,fault = 80&81&82&83&84,
SUCCESS;327:edges = 386,fail_cases = 25,fault = 80&81&82&83&84&74,
SUCCESS;328:edges = 387,fail_cases = 25,fault = 80&81&82&83&84&74&75,
SUCCESS;329:edges = 388,fail_cases = 25,fault = 80&81&82&83&84&74&75&76,
SUCCESS;330:edges = 389,fail_cases = 25,fault = 77&80&81&82&83&84&74&75&76,
SUCCESS;331:edges = 390,fail_cases = 25,fault = 77&78&80&81&82&83&84&74&75&76,
SUCCESS;332:edges = 392,fail_cases = 25,fault = 82&83&84&85,
SUCCESS;333:edges = 393,fail_cases = 25,fault = 80&82&83&84&85,
SUCCESS;334:edges = 394,fail_cases = 25,fault = 80&81&82&83&84&85,
SUCCESS;335:edges = 395,fail_cases = 25,fault = 80&81&82&83&84&85&74,
SUCCESS;336:edges = 396,fail_cases = 25,fault = 80&81&82&83&84&85&74&75,
SUCCESS;337:edges = 397,fail_cases = 25,fault = 80&81&82&83&84&85&74&75&76,
SUCCESS;338:edges = 398,fail_cases = 25,fault = 77&80&81&82&83&84&85&74&75&76,
SUCCESS;339:edges = 399,fail_cases = 25,fault = 77&78&80&81&82&83&84&85&74&75&76,
FAIL;340:edges = 399,fail_cases = 26,fault = 82&83&84&85&86,
SUCCESS;341:edges = 401,fail_cases = 26,fault = 87,
SUCCESS;342:edges = 402,fail_cases = 26,fault = 82&87,
SUCCESS;343:edges = 403,fail_cases = 26,fault = 82&83&87,
SUCCESS;344:edges = 404,fail_cases = 26,fault = 82&83&84&87,
SUCCESS;345:edges = 405,fail_cases = 26,fault = 82&83&84&85&87,
SUCCESS;346:edges = 407,fail_cases = 26,fault = 88&87,
SUCCESS;347:edges = 408,fail_cases = 26,fault = 88&82&87,
SUCCESS;348:edges = 409,fail_cases = 26,fault = 88&82&83&87,
SUCCESS;349:edges = 410,fail_cases = 26,fault = 88&82&83&84&87,
SUCCESS;350:edges = 411,fail_cases = 26,fault = 88&82&83&84&85&87,
SUCCESS;351:edges = 413,fail_cases = 26,fault = 88&89&87,
SUCCESS;352:edges = 414,fail_cases = 26,fault = 88&89&82&87,
SUCCESS;353:edges = 415,fail_cases = 26,fault = 88&89&82&83&87,
SUCCESS;354:edges = 416,fail_cases = 26,fault = 88&89&82&83&84&87,
SUCCESS;355:edges = 417,fail_cases = 26,fault = 88&89&82&83&84&85&87,
SUCCESS;356:edges = 419,fail_cases = 26,fault = 88&89&90&87,
SUCCESS;357:edges = 420,fail_cases = 26,fault = 88&89&90&82&87,
SUCCESS;358:edges = 421,fail_cases = 26,fault = 88&89&90&82&83&87,
SUCCESS;359:edges = 422,fail_cases = 26,fault = 88&89&90&82&83&84&87,
SUCCESS;360:edges = 423,fail_cases = 26,fault = 88&89&90&82&83&84&85&87,
SUCCESS;361:edges = 425,fail_cases = 26,fault = 88&89&90&91&87,
SUCCESS;362:edges = 426,fail_cases = 26,fault = 88&89&90&91&82&87,
SUCCESS;363:edges = 427,fail_cases = 26,fault = 88&89&90&91&82&83&87,
SUCCESS;364:edges = 428,fail_cases = 26,fault = 88&89&90&91&82&83&84&87,
SUCCESS;365:edges = 429,fail_cases = 26,fault = 88&89&90&91&82&83&84&85&87,
SUCCESS;366:edges = 431,fail_cases = 26,fault = 88&89&90&91&92&87,
SUCCESS;367:edges = 432,fail_cases = 26,fault = 88&89&90&91&92&82&87,
SUCCESS;368:edges = 433,fail_cases = 26,fault = 88&89&90&91&92&82&83&87,
SUCCESS;369:edges = 434,fail_cases = 26,fault = 88&89&90&91&92&82&83&84&87,
SUCCESS;370:edges = 435,fail_cases = 26,fault = 88&89&90&91&92&82&83&84&85&87,
SUCCESS;371:edges = 437,fail_cases = 26,fault = 88&89&90&91&92&93&87,
SUCCESS;372:edges = 438,fail_cases = 26,fault = 88&89&90&91&92&93&82&87,
SUCCESS;373:edges = 439,fail_cases = 26,fault = 88&89&90&91&92&93&82&83&87,
SUCCESS;374:edges = 440,fail_cases = 26,fault = 88&89&90&91&92&93&82&83&84&87,
SUCCESS;375:edges = 441,fail_cases = 26,fault = 88&89&90&91&92&93&82&83&84&85&87,
FAIL;376:edges = 441,fail_cases = 27,fault = 88&89&90&91&92&93&94&87,
SUCCESS;377:edges = 443,fail_cases = 27,fault = 96,
SUCCESS;378:edges = 444,fail_cases = 27,fault = 96&87,
SUCCESS;379:edges = 445,fail_cases = 27,fault = 88&96&87,
SUCCESS;380:edges = 446,fail_cases = 27,fault = 88&89&96&87,
SUCCESS;381:edges = 447,fail_cases = 27,fault = 88&89&90&96&87,
SUCCESS;382:edges = 448,fail_cases = 27,fault = 88&89&90&91&96&87,
SUCCESS;383:edges = 449,fail_cases = 27,fault = 88&89&90&91&93&96&87,
SUCCESS;384:edges = 451,fail_cases = 27,fault = 88&89&90&91&93&94&96&87,
SUCCESS;385:edges = 453,fail_cases = 27,fault = 88&89&90&91&93&94&96&87&98,
FAIL;386:edges = 453,fail_cases = 28,fault = 88&89&90&91&93&94&95&96&87&98,
SUCCESS;387:edges = 454,fail_cases = 28,fault = 92&96&97,
SUCCESS;388:edges = 455,fail_cases = 28,fault = 92&96&97&98,
SUCCESS;389:edges = 456,fail_cases = 28,fault = 92&96&97&98&87,
SUCCESS;390:edges = 457,fail_cases = 28,fault = 88&92&96&97&87,
SUCCESS;391:edges = 458,fail_cases = 28,fault = 88&92&96&97&98&87,
SUCCESS;392:edges = 459,fail_cases = 28,fault = 88&89&92&95&96&97,
SUCCESS;393:edges = 460,fail_cases = 28,fault = 88&89&90&92&95&96&97,
SUCCESS;394:edges = 461,fail_cases = 28,fault = 88&89&90&91&92&95&96&97,
SUCCESS;395:edges = 462,fail_cases = 28,fault = 88&89&90&91&92&93&96&97&87,
SUCCESS;396:edges = 463,fail_cases = 28,fault = 88&89&92&94&96&97&98&87,
SUCCESS;397:edges = 464,fail_cases = 28,fault = 88&89&90&92&94&96&97&98&87,
FAIL;398:edges = 464,fail_cases = 29,fault = 88&89&90&91&92&93&95&96&97,
SUCCESS;399:edges = 465,fail_cases = 29,fault = 88&89&90&91&92&94&96&97&98&87,
FAIL;400:edges = 465,fail_cases = 30,fault = 95&96&97&98,
SUCCESS;401:edges = 467,fail_cases = 30,fault = 99,
SUCCESS;402:edges = 468,fail_cases = 30,fault = 99&96,
SUCCESS;403:edges = 469,fail_cases = 30,fault = 99&88&89&90&91&93&94&96&87,
SUCCESS;404:edges = 470,fail_cases = 30,fault = 99&88&89&90&91&92&93&96&97,
SUCCESS;405:edges = 472,fail_cases = 30,fault = 99&100,
SUCCESS;406:edges = 473,fail_cases = 30,fault = 99&100&96,
SUCCESS;407:edges = 474,fail_cases = 30,fault = 99&88&100&89&90&91&93&94&96&87,
SUCCESS;408:edges = 475,fail_cases = 30,fault = 99&88&100&89&90&91&93&94&96&87&98,
SUCCESS;409:edges = 477,fail_cases = 30,fault = 99&100&101,
SUCCESS;410:edges = 478,fail_cases = 30,fault = 99&100&101&96,
SUCCESS;411:edges = 479,fail_cases = 30,fault = 99&88&100&89&101&90&91&93&94&96&87,
SUCCESS;412:edges = 480,fail_cases = 30,fault = 99&88&100&89&101&90&91&92&93&96&97,
SUCCESS;413:edges = 482,fail_cases = 30,fault = 99&100&101&102,
SUCCESS;414:edges = 483,fail_cases = 30,fault = 99&100&101&102&96,
SUCCESS;415:edges = 484,fail_cases = 30,fault = 99&88&100&89&101&102&90&91&93&94&96&87,
SUCCESS;416:edges = 485,fail_cases = 30,fault = 99&88&100&89&101&102&90&91&92&93&96&97,
SUCCESS;417:edges = 487,fail_cases = 30,fault = 99&100&101&102&103,
SUCCESS;418:edges = 488,fail_cases = 30,fault = 99&100&101&102&103&96,
SUCCESS;419:edges = 489,fail_cases = 30,fault = 99&88&89&100&101&102&103&90&91&93&94&96&87,
SUCCESS;420:edges = 490,fail_cases = 30,fault = 99&88&89&100&101&102&103&90&91&92&93&96&97,
SUCCESS;421:edges = 492,fail_cases = 30,fault = 99&100&101&102&103&104,
SUCCESS;422:edges = 493,fail_cases = 30,fault = 99&100&101&102&103&104&96,
SUCCESS;423:edges = 494,fail_cases = 30,fault = 99&88&89&100&101&102&103&104&90&91&93&94&96&87,
SUCCESS;424:edges = 495,fail_cases = 30,fault = 99&88&89&100&101&102&103&104&90&91&93&94&96&87&98,
SUCCESS;425:edges = 497,fail_cases = 30,fault = 99&100&101&102&103&104&105,
SUCCESS;426:edges = 498,fail_cases = 30,fault = 99&100&101&102&103&104&105&96,
SUCCESS;427:edges = 499,fail_cases = 30,fault = 99&88&89&100&101&102&103&104&105&90&91&93&94&96&87,
SUCCESS;428:edges = 500,fail_cases = 30,fault = 99&88&89&100&101&102&103&104&105&90&91&92&93&96&97,
FAIL;429:edges = 500,fail_cases = 31,fault = 99&100&101&102&103&104&105&106,
SUCCESS;430:edges = 502,fail_cases = 31,fault = 107,
SUCCESS;431:edges = 503,fail_cases = 31,fault = 99&107,
SUCCESS;432:edges = 504,fail_cases = 31,fault = 99&100&107,
SUCCESS;433:edges = 505,fail_cases = 31,fault = 99&100&102&107,
SUCCESS;434:edges = 506,fail_cases = 31,fault = 99&100&102&104&107,
SUCCESS;435:edges = 507,fail_cases = 31,fault = 99&100&102&104&105&107,
SUCCESS;436:edges = 509,fail_cases = 31,fault = 99&100&102&104&105&106&107,
SUCCESS;437:edges = 510,fail_cases = 31,fault = 99&100&101&102&104&105&106&107,
SUCCESS;438:edges = 511,fail_cases = 31,fault = 101&103&107&108,
SUCCESS;439:edges = 512,fail_cases = 31,fault = 99&101&103&107&108,
SUCCESS;440:edges = 514,fail_cases = 31,fault = 99&100&102&104&105&106&107&109,
SUCCESS;441:edges = 515,fail_cases = 31,fault = 101&107&108&109,
SUCCESS;442:edges = 516,fail_cases = 31,fault = 99&100&101&102&104&105&106&107&109,
SUCCESS;443:edges = 517,fail_cases = 31,fault = 99&100&101&103&107&108,
SUCCESS;444:edges = 518,fail_cases = 31,fault = 99&100&101&102&103&107&108,
SUCCESS;445:edges = 520,fail_cases = 31,fault = 99&110&100&102&104&105&106&107&109,
SUCCESS;446:edges = 521,fail_cases = 31,fault = 110&101&107&108&109,
SUCCESS;447:edges = 522,fail_cases = 31,fault = 99&101&103&107&108&109,
SUCCESS;448:edges = 523,fail_cases = 31,fault = 99&110&100&101&102&104&105&106&107&109,
SUCCESS;449:edges = 524,fail_cases = 31,fault = 99&100&101&103&107&108&109,
SUCCESS;450:edges = 525,fail_cases = 31,fault = 99&100&101&102&103&104&107&108,
SUCCESS;451:edges = 526,fail_cases = 31,fault = 99&100&101&102&103&104&105&107&108,
FAIL;452:edges = 526,fail_cases = 32,fault = 99&110&100&111&102&104&105&106&107&109,
SUCCESS;453:edges = 527,fail_cases = 32,fault = 99&100&101&102&103&107&108&109,
SUCCESS;454:edges = 528,fail_cases = 32,fault = 99&100&101&102&103&104&107&108&109,
SUCCESS;455:edges = 529,fail_cases = 32,fault = 110&99&101&103&107&108&109,
SUCCESS;456:edges = 530,fail_cases = 32,fault = 110&99&100&101&103&107&108&109,
SUCCESS;457:edges = 531,fail_cases = 32,fault = 110&99&100&101&102&103&107&108&109,
SUCCESS;458:edges = 532,fail_cases = 32,fault = 99&100&101&102&103&104&105&107&108&109,
SUCCESS;459:edges = 533,fail_cases = 32,fault = 110&99&100&101&102&103&104&107&108&109,
SUCCESS;460:edges = 534,fail_cases = 32,fault = 110&99&100&101&102&103&104&105&107&108&109,
FAIL;461:edges = 534,fail_cases = 33,fault = 110&111&107&108&109,
SUCCESS;462:edges = 536,fail_cases = 33,fault = 112,
SUCCESS;463:edges = 537,fail_cases = 33,fault = 112&107,
SUCCESS;464:edges = 538,fail_cases = 33,fault = 99&100&112&102&104&105&106&107,
SUCCESS;465:edges = 539,fail_cases = 33,fault = 99&100&112&102&104&105&106&107&109,
SUCCESS;466:edges = 540,fail_cases = 33,fault = 99&110&100&112&102&104&105&106&107&109,
SUCCESS;467:edges = 542,fail_cases = 33,fault = 112&113,
SUCCESS;468:edges = 543,fail_cases = 33,fault = 112&113&107,
SUCCESS;469:edges = 544,fail_cases = 33,fault = 99&100&112&113&102&104&105&106&107,
SUCCESS;470:edges = 545,fail_cases = 33,fault = 99&100&112&113&102&104&105&106&107&109,
SUCCESS;471:edges = 546,fail_cases = 33,fault = 99&110&100&112&113&102&104&105&106&107&109,
SUCCESS;472:edges = 548,fail_cases = 33,fault = 112&113&114,
SUCCESS;473:edges = 549,fail_cases = 33,fault = 112&113&114&107,
SUCCESS;474:edges = 550,fail_cases = 33,fault = 99&100&112&113&102&114&104&105&106&107,
SUCCESS;475:edges = 551,fail_cases = 33,fault = 99&100&112&113&102&114&104&105&106&107&109,
SUCCESS;476:edges = 552,fail_cases = 33,fault = 99&110&100&112&113&102&114&104&105&106&107&109,
SUCCESS;477:edges = 554,fail_cases = 33,fault = 112&113&114&115,
SUCCESS;478:edges = 555,fail_cases = 33,fault = 112&113&114&115&107,
SUCCESS;479:edges = 556,fail_cases = 33,fault = 99&100&112&113&102&114&115&104&105&106&107,
SUCCESS;480:edges = 557,fail_cases = 33,fault = 99&100&112&113&102&114&115&104&105&106&107&109,
SUCCESS;481:edges = 559,fail_cases = 33,fault = 99&100&111&112&113&102&114&115&104&105&106&107&109,
SUCCESS;482:edges = 561,fail_cases = 33,fault = 99&100&111&112&113&102&114&115&104&105&106&117&107&109,
SUCCESS;483:edges = 563,fail_cases = 33,fault = 99&100&111&112&113&102&114&115&104&105&106&117&107&118&109,
FAIL;484:edges = 563,fail_cases = 34,fault = 99&100&111&112&113&102&114&115&104&105&106&117&107&118&119&109,
FAIL;485:edges = 563,fail_cases = 35,fault = 111&112&113&114&115&117&107&118&108&119&109,
SUCCESS;486:edges = 564,fail_cases = 35,fault = 110&112&113&114&115&116,
SUCCESS;487:edges = 565,fail_cases = 35,fault = 110&112&113&114&115&116&117,
SUCCESS;488:edges = 566,fail_cases = 35,fault = 110&112&113&114&115&116&117&118,
SUCCESS;489:edges = 567,fail_cases = 35,fault = 110&112&113&114&115&116&107,
SUCCESS;490:edges = 568,fail_cases = 35,fault = 99&110&100&112&113&102&114&115&104&116&105&106&107,
SUCCESS;491:edges = 569,fail_cases = 35,fault = 99&110&100&112&113&102&114&115&104&116&105&106&107&109,
SUCCESS;492:edges = 570,fail_cases = 35,fault = 110&112&113&114&115&116&117&107,
SUCCESS;493:edges = 571,fail_cases = 35,fault = 99&110&100&112&113&102&114&115&104&116&105&117&106&107,
SUCCESS;494:edges = 572,fail_cases = 35,fault = 99&110&100&112&113&102&114&115&104&116&105&117&106&107&109,
SUCCESS;495:edges = 573,fail_cases = 35,fault = 110&112&113&114&115&116&117&118&107,
SUCCESS;496:edges = 574,fail_cases = 35,fault = 99&110&100&112&113&102&114&115&104&116&105&117&106&118&107,
SUCCESS;497:edges = 575,fail_cases = 35,fault = 99&110&100&112&113&102&114&115&104&116&105&117&106&118&107&109,
FAIL;498:edges = 575,fail_cases = 36,fault = 112&113&114&115&116&117&118&119,
SUCCESS;499:edges = 576,fail_cases = 36,fault = 120,
SUCCESS;500:edges = 577,fail_cases = 36,fault = 112&120,
SUCCESS;501:edges = 578,fail_cases = 36,fault = 112&113&120,
SUCCESS;502:edges = 579,fail_cases = 36,fault = 112&113&114&120,
SUCCESS;503:edges = 580,fail_cases = 36,fault = 112&113&114&115&120,
SUCCESS;504:edges = 581,fail_cases = 36,fault = 99&120&100&111&112&113&102&114&115&104&105&106&107&109,
SUCCESS;505:edges = 582,fail_cases = 36,fault = 99&120&100&111&112&113&102&114&115&104&105&106&117&107&109,
SUCCESS;506:edges = 583,fail_cases = 36,fault = 99&120&100&111&112&113&102&114&115&104&105&106&117&107&118&109,
SUCCESS;507:edges = 584,fail_cases = 36,fault = 121&120,
SUCCESS;508:edges = 585,fail_cases = 36,fault = 121&112&120,
SUCCESS;509:edges = 586,fail_cases = 36,fault = 121&112&113&120,
SUCCESS;510:edges = 587,fail_cases = 36,fault = 121&112&113&114&120,
SUCCESS;511:edges = 588,fail_cases = 36,fault = 121&112&113&114&115&120,
SUCCESS;512:edges = 589,fail_cases = 36,fault = 99&120&121&100&111&112&113&102&114&115&104&105&106&107&109,
SUCCESS;513:edges = 590,fail_cases = 36,fault = 99&120&121&100&111&112&113&102&114&115&104&105&106&107&118&109,
SUCCESS;514:edges = 591,fail_cases = 36,fault = 99&120&121&100&111&112&113&102&114&115&104&105&106&107&118&119&109,
SUCCESS;515:edges = 592,fail_cases = 36,fault = 99&120&121&100&111&112&123&113&102&114&115&104&105&106&107&118&119&109,
FAIL;516:edges = 592,fail_cases = 37,fault = 99&120&121&100&111&112&123&113&102&124&114&115&104&105&106&107&118&119&109,
FAIL;517:edges = 592,fail_cases = 38,fault = 120&121&111&112&123&113&124&114&115&107&118&108&119&109,
FAIL;518:edges = 592,fail_cases = 39,fault = 121&112&123&113&124&114&115&116&118&119&120,
SUCCESS;519:edges = 593,fail_cases = 39,fault = 121&122&117&120,
SUCCESS;520:edges = 594,fail_cases = 39,fault = 121&122&112&117&120,
SUCCESS;521:edges = 595,fail_cases = 39,fault = 121&122&112&113&117&120,
SUCCESS;522:edges = 596,fail_cases = 39,fault = 121&122&123&117&120,
SUCCESS;523:edges = 597,fail_cases = 39,fault = 121&122&123&112&117&120,
SUCCESS;524:edges = 598,fail_cases = 39,fault = 121&122&123&112&113&117&120,
SUCCESS;525:edges = 599,fail_cases = 39,fault = 121&122&112&113&114&117&120,
SUCCESS;526:edges = 600,fail_cases = 39,fault = 121&122&123&112&113&114&117&120,
SUCCESS;527:edges = 601,fail_cases = 39,fault = 121&122&112&113&114&115&117&120,
SUCCESS;528:edges = 602,fail_cases = 39,fault = 99&120&121&122&100&111&112&113&102&114&115&104&105&106&117&107&109,
SUCCESS;529:edges = 603,fail_cases = 39,fault = 99&120&121&122&100&111&112&113&102&114&115&104&105&106&117&107&118&109,
SUCCESS;530:edges = 604,fail_cases = 39,fault = 121&122&123&112&113&114&115&117&120,
SUCCESS;531:edges = 605,fail_cases = 39,fault = 99&120&121&122&100&111&123&112&113&102&114&115&104&105&106&117&107&109,
SUCCESS;532:edges = 606,fail_cases = 39,fault = 99&120&121&122&100&111&123&112&113&102&114&115&104&105&106&117&107&118&109,
FAIL;533:edges = 606,fail_cases = 40,fault = 121&122&123&124&120,