SUCCESS;0:edges = 17,fail_cases = 0,fault = ,
SUCCESS;1:edges = 18,fail_cases = 0,fault = 1,
SUCCESS;2:edges = 19,fail_cases = 0,fault = 1&2,
FAIL;3:edges = 19,fail_cases = 1,fault = 1&2&3,
SUCCESS;4:edges = 21,fail_cases = 1,fault = 4,
SUCCESS;5:edges = 22,fail_cases = 1,fault = 1&4,
SUCCESS;6:edges = 23,fail_cases = 1,fault = 1&2&4,
SUCCESS;7:edges = 25,fail_cases = 1,fault = 4&5,
SUCCESS;8:edges = 26,fail_cases = 1,fault = 1&4&5,
SUCCESS;9:edges = 27,fail_cases = 1,fault = 1&2&4&5,
SUCCESS;10:edges = 29,fail_cases = 1,fault = 4&5&6,
SUCCESS;11:edges = 30,fail_cases = 1,fault = 1&4&5&6,
SUCCESS;12:edges = 31,fail_cases = 1,fault = 1&2&4&5&6,
SUCCESS;13:edges = 33,fail_cases = 1,fault = 4&5&6&7,
SUCCESS;14:edges = 34,fail_cases = 1,fault = 1&4&5&6&7,
SUCCESS;15:edges = 35,fail_cases = 1,fault = 1&2&4&5&6&7,
SUCCESS;16:edges = 37,fail_cases = 1,fault = 4&5&6&7&8,
SUCCESS;17:edges = 38,fail_cases = 1,fault = 1&4&5&6&7&8,
SUCCESS;18:edges = 39,fail_cases = 1,fault = 1&2&4&5&6&7&8,
SUCCESS;19:edges = 41,fail_cases = 1,fault = 4&5&6&7&8&9,
SUCCESS;20:edges = 42,fail_cases = 1,fault = 1&4&5&6&7&8&9,
SUCCESS;21:edges = 43,fail_cases = 1,fault = 1&2&4&5&6&7&8&9,
FAIL;22:edges = 43,fail_cases = 2,fault = 4&5&6&7&8&9&10,
SUCCESS;23:edges = 45,fail_cases = 2,fault = 11,
SUCCESS;24:edges = 46,fail_cases = 2,fault = 11&4,
SUCCESS;25:edges = 47,fail_cases = 2,fault = 11&4&5,
SUCCESS;26:edges = 48,fail_cases = 2,fault = 11&4&5&6,
SUCCESS;27:edges = 49,fail_cases = 2,fault = 11&4&5&6&7,
SUCCESS;28:edges = 50,fail_cases = 2,fault = 11&4&5&6&7&8,
SUCCESS;29:edges = 51,fail_cases = 2,fault = 11&4&5&6&7&8&9,
SUCCESS;30:edges = 53,fail_cases = 2,fault = 11&12,
SUCCESS;31:edges = 54,fail_cases = 2,fault = 11&12&4,
SUCCESS;32:edges = 55,fail_cases = 2,fault = 11&12&4&5,
SUCCESS;33:edges = 56,fail_cases = 2,fault = 11&12&4&5&6,
SUCCESS;34:edges = 57,fail_cases = 2,fault = 11&12&4&5&6&7,
SUCCESS;35:edges = 58,fail_cases = 2,fault = 11&12&4&5&6&7&8,
SUCCESS;36:edges = 59,fail_cases = 2,fault = 11&12&4&5&6&7&8&9,
SUCCESS;37:edges = 61,fail_cases = 2,fault = 11&12&13,
SUCCESS;38:edges = 62,fail_cases = 2,fault = 11&12&13&4,
SUCCESS;39:edges = 63,fail_cases = 2,fault = 11&12&13&4&5,
SUCCESS;40:edges = 64,fail_cases = 2,fault = 11&12&13&4&5&6,
SUCCESS;41:edges = 65,fail_cases = 2,fault = 11&12&13&4&5&6&7,
SUCCESS;42:edges = 66,fail_cases = 2,fault = 11&12&13&4&5&6&7&8,
SUCCESS;43:edges = 67,fail_cases = 2,fault = 11&12&13&4&5&6&7&8&9,
SUCCESS;44:edges = 69,fail_cases = 2,fault = 11&12&13&14,
SUCCESS;45:edges = 70,fail_cases = 2,fault = 11&12&13&14&4,
SUCCESS;46:edges = 71,fail_cases = 2,fault = 11&12&13&14&4&5,
SUCCESS;47:edges = 72,fail_cases = 2,fault = 11&12&13&14&4&5&6,
SUCCESS;48:edges = 73,fail_cases = 2,fault = 11&12&13&14&4&5&6&7,
SUCCESS;49:edges = 74,fail_cases = 2,fault = 11&12&13&14&4&5&6&7&8,
SUCCESS;50:edges = 75,fail_cases = 2,fault = 11&12&13&14&4&5&6&7&8&9,
FAIL;51:edges = 75,fail_cases = 3,fault = 11&12&13&14&15,
SUCCESS;52:edges = 77,fail_cases = 3,fault = 16,
SUCCESS;53:edges = 78,fail_cases = 3,fault = 11&16,
SUCCESS;54:edges = 79,fail_cases = 3,fault = 11&12&16,
SUCCESS;55:edges = 80,fail_cases = 3,fault = 11&12&13&16,
SUCCESS;56:edges = 81,fail_cases = 3,fault = 11&12&13&14&16,
FAIL;57:edges = 81,fail_cases = 4,fault = 16&17,
SUCCESS;58:edges = 83,fail_cases = 4,fault = 18,
SUCCESS;59:edges = 84,fail_cases = 4,fault = 16&18,
SUCCESS;60:edges = 86,fail_cases = 4,fault = 18&19,
SUCCESS;61:edges = 87,fail_cases = 4,fault = 16&18&19,
SUCCESS;62:edges = 89,fail_cases = 4,fault = 18&19&20,
SUCCESS;63:edges = 90,fail_cases = 4,fault = 16&18&19&20,
SUCCESS;64:edges = 92,fail_cases = 4,fault = 18&19&20&21,
SUCCESS;65:edges = 93,fail_cases = 4,fault = 16&18&19&20&21,
SUCCESS;66:edges = 95,fail_cases = 4,fault = 22&18&19&20&21,
SUCCESS;67:edges = 96,fail_cases = 4,fault = 22&16&18&19&20&21,
SUCCESS;68:edges = 98,fail_cases = 4,fault = 22&23&18&19&20&21,
SUCCESS;69:edges = 99,fail_cases = 4,fault = 22&23&16&18&19&20&21,
FAIL;70:edges = 99,fail_cases = 5,fault = 22&23&24&18&19&20&21,
SUCCESS;71:edges = 101,fail_cases = 5,fault = 25,
SUCCESS;72:edges = 102,fail_cases = 5,fault = 25&18,
SUCCESS;73:edges = 103,fail_cases = 5,fault = 25&18&19,
SUCCESS;74:edges = 104,fail_cases = 5,fault = 25&18&19&20,
SUCCESS;75:edges = 105,fail_cases = 5,fault = 25&18&19&20&21,
SUCCESS;76:edges = 106,fail_cases = 5,fault = 22&25&18&19&20&21,
SUCCESS;77:edges = 107,fail_cases = 5,fault = 22&23&25&18&19&20&21,
SUCCESS;78:edges = 109,fail_cases = 5,fault = 25&26,
SUCCESS;79:edges = 110,fail_cases = 5,fault = 25&26&18,
SUCCESS;80:edges = 111,fail_cases = 5,fault = 25&26&18&19,
SUCCESS;81:edges = 112,fail_cases = 5,fault = 25&26&18&19&20,
SUCCESS;82:edges = 113,fail_cases = 5,fault = 25&26&18&19&20&21,
SUCCESS;83:edges = 114,fail_cases = 5,fault = 22&25&26&18&19&20&21,
SUCCESS;84:edges = 115,fail_cases = 5,fault = 22&23&25&26&18&19&20&21,
SUCCESS;85:edges = 117,fail_cases = 5,fault = 25&26&27,
SUCCESS;86:edges = 118,fail_cases = 5,fault = 25&26&27&18,
SUCCESS;87:edges = 119,fail_cases = 5,fault = 25&26&27&18&19,
SUCCESS;88:edges = 120,fail_cases = 5,fault = 25&26&27&18&19&20,
SUCCESS;89:edges = 121,fail_cases = 5,fault = 25&26&27&18&19&20&21,
SUCCESS;90:edges = 122,fail_cases = 5,fault = 22&25&26&27&18&19&20&21,
SUCCESS;91:edges = 123,fail_cases = 5,fault = 22&23&25&26&27&18&19&20&21,
FAIL;92:edges = 123,fail_cases = 6,fault = 25&26&27&28,
SUCCESS;93:edges = 125,fail_cases = 6,fault = 29,
SUCCESS;94:edges = 126,fail_cases = 6,fault = 25&29,
SUCCESS;95:edges = 127,fail_cases = 6,fault = 25&26&29,
SUCCESS;96:edges = 128,fail_cases = 6,fault = 25&26&27&29,
SUCCESS;97:edges = 130,fail_cases = 6,fault = 29&30,
SUCCESS;98:edges = 131,fail_cases = 6,fault = 25&29&30,
SUCCESS;99:edges = 132,fail_cases = 6,fault = 25&26&29&30,
SUCCESS;100:edges = 133,fail_cases = 6,fault = 25&26&27&29&30,
FAIL;101:edges = 133,fail_cases = 7,fault = 29&30&31,
SUCCESS;102:edges = 135,fail_cases = 7,fault = 32,
SUCCESS;103:edges = 136,fail_cases = 7,fault = 29&32,
SUCCESS;104:edges = 137,fail_cases = 7,fault = 29&30&32,
SUCCESS;105:edges = 139,fail_cases = 7,fault = 33&32,
SUCCESS;106:edges = 140,fail_cases = 7,fault = 33&29&32,
SUCCESS;107:edges = 141,fail_cases = 7,fault = 33&29&30&32,
SUCCESS;108:edges = 143,fail_cases = 7,fault = 33&34&32,
SUCCESS;109:edges = 144,fail_cases = 7,fault = 33&34&29&32,
SUCCESS;110:edges = 145,fail_cases = 7,fault = 33&34&29&30&32,
SUCCESS;111:edges = 147,fail_cases = 7,fault = 33&34&35&32,
SUCCESS;112:edges = 148,fail_cases = 7,fault = 33&34&35&29&32,
SUCCESS;113:edges = 149,fail_cases = 7,fault = 33&34&35&29&30&32,
FAIL;114:edges = 149,fail_cases = 8,fault = 33&34&35&36&32,
SUCCESS;115:edges = 151,fail_cases = 8,fault = 37,
SUCCESS;116:edges = 152,fail_cases = 8,fault = 37&32,
SUCCESS;117:edges = 153,fail_cases = 8,fault = 33&37&32,
SUCCESS;118:edges = 154,fail_cases = 8,fault = 33&34&37&32,
SUCCESS;119:edges = 155,fail_cases = 8,fault = 33&34&35&37&32,
SUCCESS;120:edges = 157,fail_cases = 8,fault = 37&38,
SUCCESS;121:edges = 158,fail_cases = 8,fault = 37&38&32,
SUCCESS;122:edges = 159,fail_cases = 8,fault = 33&37&38&32,
SUCCESS;123:edges = 160,fail_cases = 8,fault = 33&34&37&38&32,
SUCCESS;124:edges = 161,fail_cases = 8,fault = 33&34&35&37&38&32,
FAIL;125:edges = 161,fail_cases = 9,fault = 37&38&39,
SUCCESS;126:edges = 163,fail_cases = 9,fault = 40,
SUCCESS;127:edges = 164,fail_cases = 9,fault = 37&40,
SUCCESS;128:edges = 165,fail_cases = 9,fault = 37&38&40,
SUCCESS;129:edges = 167,fail_cases = 9,fault = 40&41,
SUCCESS;130:edges = 168,fail_cases = 9,fault = 37&40&41,
SUCCESS;131:edges = 169,fail_cases = 9,fault = 37&38&40&41,
SUCCESS;132:edges = 171,fail_cases = 9,fault = 40&41&42,
SUCCESS;133:edges = 172,fail_cases = 9,fault = 37&40&41&42,
SUCCESS;134:edges = 173,fail_cases = 9,fault = 37&38&40&41&42,
SUCCESS;135:edges = 175,fail_cases = 9,fault = 40&41&42&43,
SUCCESS;136:edges = 176,fail_cases = 9,fault = 37&40&41&42&43,
SUCCESS;137:edges = 177,fail_cases = 9,fault = 37&38&40&41&42&43,
SUCCESS;138:edges = 179,fail_cases = 9,fault = 44&40&41&42&43,
SUCCESS;139:edges = 180,fail_cases = 9,fault = 44&37&40&41&42&43,
SUCCESS;140:edges = 181,fail_cases = 9,fault = 44&37&38&40&41&42&43,
FAIL;141:edges = 181,fail_cases = 10,fault = 44&45&40&41&42&43,
SUCCESS;142:edges = 183,fail_cases = 10,fault = 48,
SUCCESS;143:edges = 184,fail_cases = 10,fault = 48&40,
SUCCESS;144:edges = 185,fail_cases = 10,fault = 48&40&41,
SUCCESS;145:edges = 186,fail_cases = 10,fault = 48&40&41&42,
SUCCESS;146:edges = 187,fail_cases = 10,fault = 48&40&41&42&43,
SUCCESS;147:edges = 188,fail_cases = 10,fault = 44&48&40&41&42&43,
SUCCESS;148:edges = 190,fail_cases = 10,fault = 46&48,
SUCCESS;149:edges = 191,fail_cases = 10,fault = 46&48&40,
SUCCESS;150:edges = 192,fail_cases = 10,fault = 46&48&40&41,
SUCCESS;151:edges = 193,fail_cases = 10,fault = 46&48&40&41&42,
SUCCESS;152:edges = 194,fail_cases = 10,fault = 46&48&40&41&42&43,
SUCCESS;153:edges = 195,fail_cases = 10,fault = 44&46&48&40&41&42&43,
FAIL;154:edges = 195,fail_cases = 11,fault = 46&47&48,
SUCCESS;155:edges = 197,fail_cases = 11,fault = 49,
SUCCESS;156:edges = 198,fail_cases = 11,fault = 48&49,
SUCCESS;157:edges = 199,fail_cases = 11,fault = 46&48&49,
FAIL;158:edges = 199,fail_cases = 12,fault = 49&50,
SUCCESS;159:edges = 201,fail_cases = 12,fault = 51,
SUCCESS;160:edges = 202,fail_cases = 12,fault = 49&51,
SUCCESS;161:edges = 204,fail_cases = 12,fault = 51&52,
SUCCESS;162:edges = 205,fail_cases = 12,fault = 49&51&52,
SUCCESS;163:edges = 207,fail_cases = 12,fault = 51&52&53,
SUCCESS;164:edges = 208,fail_cases = 12,fault = 49&51&52&53,
SUCCESS;165:edges = 210,fail_cases = 12,fault = 51&52&53&54,
SUCCESS;166:edges = 211,fail_cases = 12,fault = 49&51&52&53&54,
FAIL;167:edges = 211,fail_cases = 13,fault = 55&51&52&53&54,
SUCCESS;168:edges = 213,fail_cases = 13,fault = 56,
SUCCESS;169:edges = 214,fail_cases = 13,fault = 56&51,
SUCCESS;170:edges = 215,fail_cases = 13,fault = 56&51&52,
SUCCESS;171:edges = 216,fail_cases = 13,fault = 56&51&52&53,
SUCCESS;172:edges = 217,fail_cases = 13,fault = 56&51&52&53&54,
SUCCESS;173:edges = 219,fail_cases = 13,fault = 56&57,
SUCCESS;174:edges = 220,fail_cases = 13,fault = 56&57&51,
SUCCESS;175:edges = 221,fail_cases = 13,fault = 56&57&51&52,
SUCCESS;176:edges = 222,fail_cases = 13,fault = 56&57&51&52&53,
SUCCESS;177:edges = 223,fail_cases = 13,fault = 56&57&51&52&53&54,
SUCCESS;178:edges = 225,fail_cases = 13,fault = 56&57&58,
SUCCESS;179:edges = 226,fail_cases = 13,fault = 56&57&58&51,
SUCCESS;180:edges = 227,fail_cases = 13,fault = 56&57&58&51&52,
SUCCESS;181:edges = 228,fail_cases = 13,fault = 56&57&58&51&52&53,
SUCCESS;182:edges = 229,fail_cases = 13,fault = 56&57&58&51&52&53&54,
FAIL;183:edges = 229,fail_cases = 14,fault = 56&57&58&59,
SUCCESS;184:edges = 231,fail_cases = 14,fault = 64,
SUCCESS;185:edges = 232,fail_cases = 14,fault = 56&64,
SUCCESS;186:edges = 233,fail_cases = 14,fault = 56&57&64,
SUCCESS;187:edges = 234,fail_cases = 14,fault = 56&57&58&64,
SUCCESS;188:edges = 236,fail_cases = 14,fault = 64&65,
SUCCESS;189:edges = 237,fail_cases = 14,fault = 56&64&65,
SUCCESS;190:edges = 238,fail_cases = 14,fault = 56&57&64&65,
SUCCESS;191:edges = 239,fail_cases = 14,fault = 56&57&58&64&65,
SUCCESS;192:edges = 241,fail_cases = 14,fault = 60&64&65,
SUCCESS;193:edges = 242,fail_cases = 14,fault = 56&60&64&65,
SUCCESS;194:edges = 243,fail_cases = 14,fault = 56&57&60&64&65,
SUCCESS;195:edges = 244,fail_cases = 14,fault = 56&57&58&60&64&65,
SUCCESS;196:edges = 246,fail_cases = 14,fault = 60&61&64&65,
SUCCESS;197:edges = 247,fail_cases = 14,fault = 56&60&61&64&65,
SUCCESS;198:edges = 248,fail_cases = 14,fault = 56&57&60&61&64&65,
SUCCESS;199:edges = 249,fail_cases = 14,fault = 56&57&58&60&61&64&65,
SUCCESS;200:edges = 251,fail_cases = 14,fault = 60&61&62&64&65,
SUCCESS;201:edges = 252,fail_cases = 14,fault = 56&60&61&62&64&65,
SUCCESS;202:edges = 253,fail_cases = 14,fault = 56&57&60&61&62&64&65,
SUCCESS;203:edges = 254,fail_cases = 14,fault = 56&57&58&60&61&62&64&65,
FAIL;204:edges = 254,fail_cases = 15,fault = 60&61&62&63&64&65,
SUCCESS;205:edges = 256,fail_cases = 15,fault = 66,
SUCCESS;206:edges = 257,fail_cases = 15,fault = 66&64,
SUCCESS;207:edges = 258,fail_cases = 15,fault = 66&64&65,
SUCCESS;208:edges = 259,fail_cases = 15,fault = 66&60&64&65,
SUCCESS;209:edges = 260,fail_cases = 15,fault = 66&60&61&64&65,
SUCCESS;210:edges = 261,fail_cases = 15,fault = 66&60&61&62&64&65,
SUCCESS;211:edges = 263,fail_cases = 15,fault = 66&67,
SUCCESS;212:edges = 264,fail_cases = 15,fault = 66&67&64,
SUCCESS;213:edges = 265,fail_cases = 15,fault = 66&67&64&65,
SUCCESS;214:edges = 266,fail_cases = 15,fault = 66&67&60&64&65,
SUCCESS;215:edges = 267,fail_cases = 15,fault = 66&67&60&61&64&65,
SUCCESS;216:edges = 268,fail_cases = 15,fault = 66&67&60&61&62&64&65,
SUCCESS;217:edges = 270,fail_cases = 15,fault = 66&67&68,
SUCCESS;218:edges = 271,fail_cases = 15,fault = 66&67&68&64,
SUCCESS;219:edges = 272,fail_cases = 15,fault = 66&67&68&64&65,
SUCCESS;220:edges = 273,fail_cases = 15,fault = 66&67&68&60&64&65,
SUCCESS;221:edges = 274,fail_cases = 15,fault = 66&67&68&60&61&64&65,
SUCCESS;222:edges = 275,fail_cases = 15,fault = 66&67&68&60&61&62&64&65,
SUCCESS;223:edges = 277,fail_cases = 15,fault = 66&67&68&69,
SUCCESS;224:edges = 278,fail_cases = 15,fault = 66&67&68&69&64,
SUCCESS;225:edges = 279,fail_cases = 15,fault = 66&67&68&69&64&65,
SUCCESS;226:edges = 280,fail_cases = 15,fault = 66&67&68&69&60&64&65,
SUCCESS;227:edges = 281,fail_cases = 15,fault = 66&67&68&69&60&61&64&65,
SUCCESS;228:edges = 282,fail_cases = 15,fault = 66&67&68&69&60&61&62&64&65,
SUCCESS;229:edges = 284,fail_cases = 15,fault = 66&67&68&69&70,
SUCCESS;230:edges = 285,fail_cases = 15,fault = 66&67&68&69&70&64,
SUCCESS;231:edges = 286,fail_cases = 15,fault = 66&67&68&69&70&64&65,
SUCCESS;232:edges = 287,fail_cases = 15,fault = 66&67&68&69&70&60&64&65,
SUCCESS;233:edges = 288,fail_cases = 15,fault = 66&67&68&69&70&60&61&64&65,
SUCCESS;234:edges = 289,fail_cases = 15,fault = 66&67&68&69&70&60&61&62&64&65,
SUCCESS;235:edges = 291,fail_cases = 15,fault = 66&67&68&69&70&71,
SUCCESS;236:edges = 292,fail_cases = 15,fault = 66&67&68&69&70&71&64,
SUCCESS;237:edges = 293,fail_cases = 15,fault = 66&67&68&69&70&71&64&65,
SUCCESS;238:edges = 294,fail_cases = 15,fault = 66&67&68&69&70&71&60&64&65,
SUCCESS;239:edges = 295,fail_cases = 15,fault = 66&67&68&69&70&71&60&61&64&65,
SUCCESS;240:edges = 296,fail_cases = 15,fault = 66&67&68&69&70&71&60&61&62&64&65,
SUCCESS;241:edges = 298,fail_cases = 15,fault = 66&67&68&69&70&71&72,
SUCCESS;242:edges = 299,fail_cases = 15,fault = 66&67&68&69&70&71&72&64,
SUCCESS;243:edges = 300,fail_cases = 15,fault = 66&67&68&69&70&71&72&64&65,
SUCCESS;244:edges = 301,fail_cases = 15,fault = 66&67&68&69&70&71&60&72&64&65,
SUCCESS;245:edges = 302,fail_cases = 15,fault = 66&67&68&69&70&71&60&72&61&64&65,
SUCCESS;246:edges = 303,fail_cases = 15,fault = 66&67&68&69&70&71&60&72&61&62&64&65,
FAIL;247:edges = 303,fail_cases = 16,fault = 66&67&68&69&70&71&72&73,
SUCCESS;248:edges = 305,fail_cases = 16,fault = 80,
SUCCESS;249:edges = 306,fail_cases = 16,fault = 66&80,
SUCCESS;250:edges = 307,fail_cases = 16,fault = 66&67&80,
SUCCESS;251:edges = 308,fail_cases = 16,fault = 66&67&68&80,
SUCCESS;252:edges = 309,fail_cases = 16,fault = 66&67&68&69&80,
SUCCESS;253:edges = 310,fail_cases = 16,fault = 66&67&68&69&80&70,
SUCCESS;254:edges = 311,fail_cases = 16,fault = 66&67&68&69&80&70&71,
SUCCESS;255:edges = 312,fail_cases = 16,fault = 66&67&68&69&80&70&71&72,
SUCCESS;256:edges = 314,fail_cases = 16,fault = 80&81,
SUCCESS;257:edges = 315,fail_cases = 16,fault = 66&80&81,
SUCCESS;258:edges = 316,fail_cases = 16,fault = 66&67&80&81,
SUCCESS;259:edges = 317,fail_cases = 16,fault = 66&67&68&80&81,
SUCCESS;260:edges = 318,fail_cases = 16,fault = 66&67&68&69&80&81,
SUCCESS;261:edges = 319,fail_cases = 16,fault = 66&67&68&69&80&81&70,
SUCCESS;262:edges = 320,fail_cases = 16,fault = 66&67&68&69&80&81&70&71,
SUCCESS;263:edges = 321,fail_cases = 16,fault = 66&67&68&69&80&81&70&71&72,
SUCCESS;264:edges = 323,fail_cases = 16,fault = 80&81&74,
SUCCESS;265:edges = 324,fail_cases = 16,fault = 66&80&81&74,
SUCCESS;266:edges = 325,fail_cases = 16,fault = 66&67&80&81&74,
SUCCESS;267:edges = 326,fail_cases = 16,fault = 66&67&68&80&81&74,
SUCCESS;268:edges = 327,fail_cases = 16,fault = 66&67&68&69&80&81&74,
SUCCESS;269:edges = 328,fail_cases = 16,fault = 66&67&68&69&80&81&70&74,
SUCCESS;270:edges = 329,fail_cases = 16,fault = 66&67&68&69&80&81&70&71&74,
SUCCESS;271:edges = 330,fail_cases = 16,fault = 66&67&68&69&80&81&70&71&72&74,
SUCCESS;272:edges = 332,fail_cases = 16,fault = 80&81&74&75,
SUCCESS;273:edges = 333,fail_cases = 16,fault = 66&80&81&74&75,
SUCCESS;274:edges = 334,fail_cases = 16,fault = 66&67&80&81&74&75,
SUCCESS;275:edges = 335,fail_cases = 16,fault = 66&67&68&80&81&74&75,
SUCCESS;276:edges = 336,fail_cases = 16,fault = 66&67&68&69&80&81&74&75,
SUCCESS;277:edges = 337,fail_cases = 16,fault = 66&67&68&69&80&81&70&74&75,
SUCCESS;278:edges = 338,fail_cases = 16,fault = 66&67&68&69&80&81&70&71&74&75,
SUCCESS;279:edges = 339,fail_cases = 16,fault = 66&67&68&69&80&81&70&71&72&74&75,
SUCCESS;280:edges = 341,fail_cases = 16,fault = 80&81&74&75&76,
SUCCESS;281:edges = 342,fail_cases = 16,fault = 66&80&81&74&75&76,
SUCCESS;282:edges = 343,fail_cases = 16,fault = 66&67&80&81&74&75&76,
SUCCESS;283:edges = 344,fail_cases = 16,fault = 66&67&68&80&81&74&75&76,
SUCCESS;284:edges = 345,fail_cases = 16,fault = 66&67&68&69&80&81&74&75&76,
SUCCESS;285:edges = 346,fail_cases = 16,fault = 66&67&68&69&80&81&70&74&75&76,
SUCCESS;286:edges = 347,fail_cases = 16,fault = 66&67&68&69&80&81&70&71&74&75&76,
SUCCESS;287:edges = 348,fail_cases = 16,fault = 66&67&68&69&80&81&70&71&72&74&75&76,
SUCCESS;288:edges = 350,fail_cases = 16,fault = 77&80&81&74&75&76,
SUCCESS;289:edges = 351,fail_cases = 16,fault = 77&66&80&81&74&75&76,
SUCCESS;290:edges = 352,fail_cases = 16,fault = 77&66&67&80&81&74&75&76,
SUCCESS;291:edges = 353,fail_cases = 16,fault = 77&66&67&68&80&81&74&75&76,
SUCCESS;292:edges = 354,fail_cases = 16,fault = 77&66&67&68&69&80&81&74&75&76,
SUCCESS;293:edges = 355,fail_cases = 16,fault = 77&66&67&68&69&80&81&70&74&75&76,
SUCCESS;294:edges = 356,fail_cases = 16,fault = 77&66&67&68&69&80&81&70&71&74&75&76,
SUCCESS;295:edges = 357,fail_cases = 16,fault = 77&66&67&68&69&80&81&70&71&72&74&75&76,
SUCCESS;296:edges = 359,fail_cases = 16,fault = 77&78&80&81&74&75&76,
SUCCESS;297:edges = 360,fail_cases = 16,fault = 77&66&78&80&81&74&75&76,
SUCCESS;298:edges = 361,fail_cases = 16,fault = 77&66&78&67&80&81&74&75&76,
SUCCESS;299:edges = 362,fail_cases = 16,fault = 77&66&78&67&68&80&81&74&75&76,
SUCCESS;300:edges = 363,fail_cases = 16,fault = 77&66&78&67&68&69&80&81&74&75&76,
SUCCESS;301:edges = 364,fail_cases = 16,fault = 77&66&78&67&68&69&80&81&70&74&75&76,
SUCCESS;302:edges = 365,fail_cases = 16,fault = 77&66&78&67&68&69&80&81&70&71&74&75&76,
SUCCESS;303:edges = 366,fail_cases = 16,fault = 77&66&78&67&68&69&80&81&70&71&72&74&75&76,
FAIL;304:edges = 366,fail_cases = 17,fault = 77&78&79&80&81&74&75&76,
SUCCESS;305:edges = 367,fail_cases = 17,fault = 82,
SUCCESS;306:edges = 368,fail_cases = 17,fault = 80&82,
SUCCESS;307:edges = 369,fail_cases = 17,fault = 80&81&82,
SUCCESS;308:edges = 370,fail_cases = 17,fault = 80&81&82&74,
SUCCESS;309:edges = 371,fail_cases = 17,fault = 80&81&82&74&75,
SUCCESS;310:edges = 372,fail_cases = 17,fault = 80&81&82&74&75&76,
SUCCESS;311:edges = 373,fail_cases = 17,fault = 77&80&81&82&74&75&76,
SUCCESS;312:edges = 374,fail_cases = 17,fault = 77&78&80&81&82&74&75&76,
SUCCESS;313:edges = 375,fail_cases = 17,fault = 82&83,
SUCCESS;314:edges = 376,fail_cases = 17,fault = 80&82&83,
SUCCESS;315:edges = 377,fail_cases = 17,fault = 80&81&82&83,
SUCCESS;316:edges = 378,fail_cases = 17,fault = 80&81&82&83&74,
SUCCESS;317:edges = 379,fail_cases = 17,fault = 80&81&82&83&74&75,
SUCCESS;318:edges = 380,fail_cases = 17,fault = 80&81&82&83&74&75&76,
SUCCESS;319:edges = 381,fail_cases = 17,fault = 77&80&81&82&83&74&75&76,
SUCCESS;320:edges = 382,fail_cases = 17,fault = 77&78&80&81&82&83&74&75&76,
SUCCESS;321:edges = 383,fail_cases = 17,fault = 82&83&84,
SUCCESS;322:edges = 384,fail_cases = 17,fault = 80&82&83&84,
SUCCESS;323:edges = 385,fail_cases = 17,fault = 80&81&82&83&84,
SUCCESS;324:edges = 386,fail_cases = 17,fault = 80&81&82&83&84&74,
SUCCESS;325:edges = 387,fail_cases = 17,fault = 80&81&82&83&84&74&75,
SUCCESS;326:edges = 388,fail_cases = 17,fault = 80&81&82&83&84&74&75&76,
SUCCESS;327:edges = 389,fail_cases = 17,fault = 77&80&81&82&83&84&74&75&76,
SUCCESS;328:edges = 390,fail_cases = 17,fault = 77&78&80&81&82&83&84&74&75&76,
FAIL;329:edges = 390,fail_cases = 18,fault = 82&83&84&85,