SUCCESS;0:edges = 27,fail_cases = 0,fault = ,
SUCCESS;1:edges = 28,fail_cases = 0,fault = 1,
SUCCESS;2:edges = 29,fail_cases = 0,fault = 1&2,
SUCCESS;3:edges = 30,fail_cases = 0,fault = 1&2&3,
SUCCESS;4:edges = 31,fail_cases = 0,fault = 1&2&3&4,
SUCCESS;5:edges = 32,fail_cases = 0,fault = 1&2&3&4&5,
SUCCESS;6:edges = 33,fail_cases = 0,fault = 1&2&3&4&5&6,
SUCCESS;7:edges = 34,fail_cases = 0,fault = 1&2&3&4&5&6&7,
FAIL;8:edges = 34,fail_cases = 1,fault = 1&2&3&4&5&6&7&8,
SUCCESS;9:edges = 36,fail_cases = 1,fault = 9,
SUCCESS;10:edges = 37,fail_cases = 1,fault = 1&9,
SUCCESS;11:edges = 38,fail_cases = 1,fault = 1&2&9,
SUCCESS;12:edges = 39,fail_cases = 1,fault = 1&2&3&9,
SUCCESS;13:edges = 40,fail_cases = 1,fault = 1&2&3&4&9,
SUCCESS;14:edges = 41,fail_cases = 1,fault = 1&2&3&4&5&9,
SUCCESS;15:edges = 42,fail_cases = 1,fault = 1&2&3&4&5&6&9,
SUCCESS;16:edges = 43,fail_cases = 1,fault = 1&2&3&4&5&6&7&9,
SUCCESS;17:edges = 45,fail_cases = 1,fault = 9&10,
SUCCESS;18:edges = 46,fail_cases = 1,fault = 1&9&10,
SUCCESS;19:edges = 47,fail_cases = 1,fault = 1&2&9&10,
SUCCESS;20:edges = 48,fail_cases = 1,fault = 1&2&3&9&10,
SUCCESS;21:edges = 49,fail_cases = 1,fault = 1&2&3&4&9&10,
SUCCESS;22:edges = 50,fail_cases = 1,fault = 1&2&3&4&5&9&10,
SUCCESS;23:edges = 51,fail_cases = 1,fault = 1&2&3&4&5&6&9&10,
SUCCESS;24:edges = 52,fail_cases = 1,fault = 1&2&3&4&5&6&7&9&10,
SUCCESS;25:edges = 54,fail_cases = 1,fault = 11&9&10,
SUCCESS;26:edges = 55,fail_cases = 1,fault = 11&1&9&10,
SUCCESS;27:edges = 56,fail_cases = 1,fault = 11&1&2&9&10,
SUCCESS;28:edges = 57,fail_cases = 1,fault = 11&1&2&3&9&10,
SUCCESS;29:edges = 58,fail_cases = 1,fault = 11&1&2&3&4&9&10,
SUCCESS;30:edges = 59,fail_cases = 1,fault = 11&1&2&3&4&5&9&10,
SUCCESS;31:edges = 60,fail_cases = 1,fault = 11&1&2&3&4&5&6&9&10,
SUCCESS;32:edges = 61,fail_cases = 1,fault = 11&1&2&3&4&5&6&7&9&10,
FAIL;33:edges = 61,fail_cases = 2,fault = 11&12&9&10,
SUCCESS;34:edges = 63,fail_cases = 2,fault = 16,
SUCCESS;35:edges = 64,fail_cases = 2,fault = 16&9,
SUCCESS;36:edges = 65,fail_cases = 2,fault = 16&9&10,
SUCCESS;37:edges = 67,fail_cases = 2,fault = 11&16&9&10,
SUCCESS;38:edges = 69,fail_cases = 2,fault = 11&16&18&9&10,
SUCCESS;39:edges = 71,fail_cases = 2,fault = 11&13&16&18&9&10,
SUCCESS;40:edges = 72,fail_cases = 2,fault = 12&16&17,
SUCCESS;41:edges = 73,fail_cases = 2,fault = 12&16&17&18,
SUCCESS;42:edges = 74,fail_cases = 2,fault = 12&16&17&9,
SUCCESS;43:edges = 75,fail_cases = 2,fault = 12&16&17&9&10,
SUCCESS;44:edges = 76,fail_cases = 2,fault = 12&16&17&18&9,
SUCCESS;45:edges = 77,fail_cases = 2,fault = 12&16&17&18&9&10,
SUCCESS;46:edges = 78,fail_cases = 2,fault = 12&13&16&17&18,
SUCCESS;47:edges = 79,fail_cases = 2,fault = 12&13&16&17&18&9,
SUCCESS;48:edges = 80,fail_cases = 2,fault = 12&13&16&17&18&9&10,
SUCCESS;49:edges = 82,fail_cases = 2,fault = 11&13&14&16&18&9&10,
FAIL;50:edges = 82,fail_cases = 3,fault = 11&13&14&15&16&18&9&10,
SUCCESS;51:edges = 83,fail_cases = 3,fault = 12&13&14&16&17&18,
SUCCESS;52:edges = 84,fail_cases = 3,fault = 12&13&14&16&17&18&9,
SUCCESS;53:edges = 85,fail_cases = 3,fault = 12&13&14&16&17&18&9&10,
FAIL;54:edges = 85,fail_cases = 4,fault = 13&14&15&16&17&18,
SUCCESS;55:edges = 87,fail_cases = 4,fault = 19,
SUCCESS;56:edges = 88,fail_cases = 4,fault = 16&19,
SUCCESS;57:edges = 89,fail_cases = 4,fault = 11&16&19&9&10,
SUCCESS;58:edges = 90,fail_cases = 4,fault = 11&16&18&19&9&10,
SUCCESS;59:edges = 91,fail_cases = 4,fault = 11&13&16&18&19&9&10,
SUCCESS;60:edges = 92,fail_cases = 4,fault = 11&13&14&16&18&19&9&10,
FAIL;61:edges = 92,fail_cases = 5,fault = 19&20,
SUCCESS;62:edges = 94,fail_cases = 5,fault = 21,
SUCCESS;63:edges = 95,fail_cases = 5,fault = 19&21,
SUCCESS;64:edges = 97,fail_cases = 5,fault = 22&21,
SUCCESS;65:edges = 98,fail_cases = 5,fault = 22&19&21,
SUCCESS;66:edges = 100,fail_cases = 5,fault = 22&23&21,
SUCCESS;67:edges = 101,fail_cases = 5,fault = 22&23&19&21,
SUCCESS;68:edges = 103,fail_cases = 5,fault = 22&23&24&21,
SUCCESS;69:edges = 104,fail_cases = 5,fault = 22&23&24&19&21,
SUCCESS;70:edges = 106,fail_cases = 5,fault = 22&23&24&25&21,
SUCCESS;71:edges = 107,fail_cases = 5,fault = 22&23&24&25&19&21,
FAIL;72:edges = 107,fail_cases = 6,fault = 22&23&24&25&26&21,
SUCCESS;73:edges = 109,fail_cases = 6,fault = 27,
SUCCESS;74:edges = 110,fail_cases = 6,fault = 27&21,
SUCCESS;75:edges = 111,fail_cases = 6,fault = 22&27&21,
SUCCESS;76:edges = 112,fail_cases = 6,fault = 22&23&27&21,
SUCCESS;77:edges = 113,fail_cases = 6,fault = 22&23&24&27&21,
SUCCESS;78:edges = 114,fail_cases = 6,fault = 22&23&24&25&27&21,
SUCCESS;79:edges = 116,fail_cases = 6,fault = 27&28,
SUCCESS;80:edges = 117,fail_cases = 6,fault = 27&28&21,
SUCCESS;81:edges = 118,fail_cases = 6,fault = 22&27&28&21,
SUCCESS;82:edges = 119,fail_cases = 6,fault = 22&23&27&28&21,
SUCCESS;83:edges = 120,fail_cases = 6,fault = 22&23&24&27&28&21,
SUCCESS;84:edges = 121,fail_cases = 6,fault = 22&23&24&25&27&28&21,
FAIL;85:edges = 121,fail_cases = 7,fault = 27&28&29,
SUCCESS;86:edges = 123,fail_cases = 7,fault = 32,
SUCCESS;87:edges = 124,fail_cases = 7,fault = 27&32,
SUCCESS;88:edges = 125,fail_cases = 7,fault = 27&28&32,
SUCCESS;89:edges = 127,fail_cases = 7,fault = 33&32,
SUCCESS;90:edges = 128,fail_cases = 7,fault = 33&27&32,
SUCCESS;91:edges = 129,fail_cases = 7,fault = 33&27&28&32,
SUCCESS;92:edges = 131,fail_cases = 7,fault = 33&34&32,
SUCCESS;93:edges = 132,fail_cases = 7,fault = 33&34&27&32,
SUCCESS;94:edges = 133,fail_cases = 7,fault = 33&34&27&28&32,
SUCCESS;95:edges = 135,fail_cases = 7,fault = 33&34&35&32,
SUCCESS;96:edges = 136,fail_cases = 7,fault = 33&34&35&27&32,
SUCCESS;97:edges = 137,fail_cases = 7,fault = 33&34&35&27&28&32,
SUCCESS;98:edges = 139,fail_cases = 7,fault = 33&34&35&30&32,
SUCCESS;99:edges = 140,fail_cases = 7,fault = 33&34&35&27&30&32,
SUCCESS;100:edges = 141,fail_cases = 7,fault = 33&34&35&27&28&30&32,
FAIL;101:edges = 141,fail_cases = 8,fault = 33&34&35&30&31&32,
SUCCESS;102:edges = 143,fail_cases = 8,fault = 36,
SUCCESS;103:edges = 144,fail_cases = 8,fault = 36&32,
SUCCESS;104:edges = 145,fail_cases = 8,fault = 33&36&32,
SUCCESS;105:edges = 146,fail_cases = 8,fault = 33&34&36&32,
SUCCESS;106:edges = 147,fail_cases = 8,fault = 33&34&36&30&32,
SUCCESS;107:edges = 149,fail_cases = 8,fault = 33&34&36&30&31&32,
SUCCESS;108:edges = 150,fail_cases = 8,fault = 35&36&37,
SUCCESS;109:edges = 152,fail_cases = 8,fault = 33&34&36&38&30&31&32,
SUCCESS;110:edges = 153,fail_cases = 8,fault = 35&36&37&38,
SUCCESS;111:edges = 155,fail_cases = 8,fault = 33&34&36&38&39&30&31&32,
SUCCESS;112:edges = 156,fail_cases = 8,fault = 35&36&37&38&39,
SUCCESS;113:edges = 157,fail_cases = 8,fault = 35&36&37&32,
SUCCESS;114:edges = 158,fail_cases = 8,fault = 35&36&37&38&32,
FAIL;115:edges = 158,fail_cases = 9,fault = 33&34&36&38&39&40&30&31&32,
SUCCESS;116:edges = 159,fail_cases = 9,fault = 33&35&36&37&32,
SUCCESS;117:edges = 160,fail_cases = 9,fault = 35&36&37&38&39&32,
SUCCESS;118:edges = 161,fail_cases = 9,fault = 33&34&35&36&37&32,
SUCCESS;119:edges = 162,fail_cases = 9,fault = 33&35&36&37&38&32,
SUCCESS;120:edges = 163,fail_cases = 9,fault = 33&34&35&36&37&30&32,
SUCCESS;121:edges = 164,fail_cases = 9,fault = 33&35&36&37&38&39&32,
SUCCESS;122:edges = 165,fail_cases = 9,fault = 33&34&35&36&37&38&32,
SUCCESS;123:edges = 166,fail_cases = 9,fault = 33&34&35&36&37&38&39&32,
SUCCESS;124:edges = 167,fail_cases = 9,fault = 33&34&35&36&37&38&30&32,
SUCCESS;125:edges = 168,fail_cases = 9,fault = 33&34&35&36&37&38&39&30&32,
FAIL;126:edges = 168,fail_cases = 10,fault = 36&37&38&39&40,
SUCCESS;127:edges = 170,fail_cases = 10,fault = 41,
SUCCESS;128:edges = 171,fail_cases = 10,fault = 36&41,
SUCCESS;129:edges = 172,fail_cases = 10,fault = 33&34&36&41&30&31&32,
SUCCESS;130:edges = 173,fail_cases = 10,fault = 33&34&36&38&41&30&31&32,
SUCCESS;131:edges = 174,fail_cases = 10,fault = 33&34&36&38&39&41&30&31&32,
SUCCESS;132:edges = 176,fail_cases = 10,fault = 41&42,
SUCCESS;133:edges = 177,fail_cases = 10,fault = 36&41&42,
SUCCESS;134:edges = 178,fail_cases = 10,fault = 33&34&36&41&30&42&31&32,
SUCCESS;135:edges = 179,fail_cases = 10,fault = 33&34&36&38&41&30&42&31&32,
SUCCESS;136:edges = 180,fail_cases = 10,fault = 33&34&36&38&39&41&30&42&31&32,
SUCCESS;137:edges = 182,fail_cases = 10,fault = 41&42&43,
SUCCESS;138:edges = 183,fail_cases = 10,fault = 36&41&42&43,
SUCCESS;139:edges = 184,fail_cases = 10,fault = 33&34&36&41&30&42&31&43&32,
SUCCESS;140:edges = 185,fail_cases = 10,fault = 33&34&36&38&41&30&42&31&43&32,
SUCCESS;141:edges = 186,fail_cases = 10,fault = 33&34&36&38&39&41&30&42&31&43&32,
FAIL;142:edges = 186,fail_cases = 11,fault = 44&41&42&43,
SUCCESS;143:edges = 188,fail_cases = 11,fault = 48,
SUCCESS;144:edges = 189,fail_cases = 11,fault = 48&41,
SUCCESS;145:edges = 190,fail_cases = 11,fault = 48&41&42,
SUCCESS;146:edges = 191,fail_cases = 11,fault = 48&41&42&43,
SUCCESS;147:edges = 193,fail_cases = 11,fault = 48&49,
SUCCESS;148:edges = 194,fail_cases = 11,fault = 48&49&41,
SUCCESS;149:edges = 195,fail_cases = 11,fault = 48&49&41&42,
SUCCESS;150:edges = 196,fail_cases = 11,fault = 48&49&41&42&43,
SUCCESS;151:edges = 198,fail_cases = 11,fault = 48&49&50,
SUCCESS;152:edges = 199,fail_cases = 11,fault = 48&49&50&41,
SUCCESS;153:edges = 200,fail_cases = 11,fault = 48&49&50&41&42,
SUCCESS;154:edges = 201,fail_cases = 11,fault = 48&49&50&41&42&43,
SUCCESS;155:edges = 203,fail_cases = 11,fault = 48&49&50&51,
SUCCESS;156:edges = 204,fail_cases = 11,fault = 48&49&50&51&41,
SUCCESS;157:edges = 205,fail_cases = 11,fault = 48&49&50&51&41&42,
SUCCESS;158:edges = 206,fail_cases = 11,fault = 48&49&50&51&41&42&43,
SUCCESS;159:edges = 208,fail_cases = 11,fault = 48&49&50&51&52,
SUCCESS;160:edges = 209,fail_cases = 11,fault = 48&49&50&51&52&41,
SUCCESS;161:edges = 210,fail_cases = 11,fault = 48&49&50&51&52&41&42,
SUCCESS;162:edges = 211,fail_cases = 11,fault = 48&49&50&51&52&41&42&43,
SUCCESS;163:edges = 213,fail_cases = 11,fault = 45&48&49&50&51&52,
SUCCESS;164:edges = 214,fail_cases = 11,fault = 45&48&49&50&51&52&41,
SUCCESS;165:edges = 215,fail_cases = 11,fault = 45&48&49&50&51&52&41&42,
SUCCESS;166:edges = 216,fail_cases = 11,fault = 45&48&49&50&51&52&41&42&43,
SUCCESS;167:edges = 218,fail_cases = 11,fault = 45&46&48&49&50&51&52,
SUCCESS;168:edges = 219,fail_cases = 11,fault = 45&46&48&49&50&51&52&41,
SUCCESS;169:edges = 220,fail_cases = 11,fault = 45&46&48&49&50&51&52&41&42,
SUCCESS;170:edges = 221,fail_cases = 11,fault = 45&46&48&49&50&51&52&41&42&43,
FAIL;171:edges = 221,fail_cases = 12,fault = 45&46&47&48&49&50&51&52,
SUCCESS;172:edges = 223,fail_cases = 12,fault = 53,
SUCCESS;173:edges = 224,fail_cases = 12,fault = 48&53,
SUCCESS;174:edges = 225,fail_cases = 12,fault = 48&49&53,
SUCCESS;175:edges = 226,fail_cases = 12,fault = 48&49&50&53,
SUCCESS;176:edges = 227,fail_cases = 12,fault = 48&49&50&51&53,
SUCCESS;177:edges = 228,fail_cases = 12,fault = 48&49&50&51&52&53,
SUCCESS;178:edges = 229,fail_cases = 12,fault = 45&48&49&50&51&52&53,
SUCCESS;179:edges = 230,fail_cases = 12,fault = 45&46&48&49&50&51&52&53,
SUCCESS;180:edges = 232,fail_cases = 12,fault = 53&54,
SUCCESS;181:edges = 233,fail_cases = 12,fault = 48&53&54,
SUCCESS;182:edges = 234,fail_cases = 12,fault = 48&50&53&54,
SUCCESS;183:edges = 235,fail_cases = 12,fault = 48&50&51&53&54,
SUCCESS;184:edges = 236,fail_cases = 12,fault = 48&50&51&52&53&54,
SUCCESS;185:edges = 237,fail_cases = 12,fault = 45&48&50&51&52&53&54,
SUCCESS;186:edges = 238,fail_cases = 12,fault = 45&46&48&50&51&52&53&54,
FAIL;187:edges = 238,fail_cases = 13,fault = 45&46&47&48&50&51&52&53&54,
FAIL;188:edges = 238,fail_cases = 14,fault = 55&53&54,
SUCCESS;189:edges = 240,fail_cases = 14,fault = 56,
SUCCESS;190:edges = 241,fail_cases = 14,fault = 56&53,
SUCCESS;191:edges = 242,fail_cases = 14,fault = 56&53&54,
SUCCESS;192:edges = 244,fail_cases = 14,fault = 56&57,
SUCCESS;193:edges = 245,fail_cases = 14,fault = 56&57&53,
SUCCESS;194:edges = 246,fail_cases = 14,fault = 56&57&53&54,
SUCCESS;195:edges = 248,fail_cases = 14,fault = 56&57&58,
SUCCESS;196:edges = 249,fail_cases = 14,fault = 56&57&58&53,
SUCCESS;197:edges = 250,fail_cases = 14,fault = 56&57&58&53&54,
SUCCESS;198:edges = 252,fail_cases = 14,fault = 56&57&58&59,
SUCCESS;199:edges = 253,fail_cases = 14,fault = 56&57&58&59&53,
SUCCESS;200:edges = 255,fail_cases = 14,fault = 56&57&58&59&53&54,
SUCCESS;201:edges = 256,fail_cases = 14,fault = 56&45&57&46&58&47&59&48&60&50&51&52,
SUCCESS;202:edges = 257,fail_cases = 14,fault = 56&45&57&46&58&47&59&48&60&50&51&52&53,
SUCCESS;203:edges = 259,fail_cases = 14,fault = 56&57&58&59&61&53&54,
SUCCESS;204:edges = 260,fail_cases = 14,fault = 56&45&57&46&58&47&59&48&60&61&50&51&52,
SUCCESS;205:edges = 261,fail_cases = 14,fault = 56&45&57&46&58&47&59&48&60&61&50&51&52&53,
SUCCESS;206:edges = 263,fail_cases = 14,fault = 56&57&58&59&61&62&53&54,
SUCCESS;207:edges = 264,fail_cases = 14,fault = 56&45&57&46&58&47&59&48&60&61&50&62&51&52,
SUCCESS;208:edges = 265,fail_cases = 14,fault = 56&45&57&46&58&47&59&48&60&61&50&62&51&52&53,
FAIL;209:edges = 265,fail_cases = 15,fault = 56&57&58&59&61&62&63&53&54,
FAIL;210:edges = 265,fail_cases = 16,fault = 56&57&58&59&60&61&62&63,
SUCCESS;211:edges = 267,fail_cases = 16,fault = 64,
SUCCESS;212:edges = 268,fail_cases = 16,fault = 56&64,
SUCCESS;213:edges = 269,fail_cases = 16,fault = 56&57&64,
SUCCESS;214:edges = 270,fail_cases = 16,fault = 56&57&58&64,
SUCCESS;215:edges = 271,fail_cases = 16,fault = 56&57&58&64&53&54,
SUCCESS;216:edges = 272,fail_cases = 16,fault = 56&57&58&61&64&53&54,
SUCCESS;217:edges = 273,fail_cases = 16,fault = 56&57&58&61&62&64&53&54,
SUCCESS;218:edges = 275,fail_cases = 16,fault = 56&57&58&61&62&63&64&53&54,
SUCCESS;219:edges = 277,fail_cases = 16,fault = 66&56&57&58&61&62&63&64&53&54,
SUCCESS;220:edges = 279,fail_cases = 16,fault = 66&56&67&57&58&61&62&63&64&53&54,
SUCCESS;221:edges = 281,fail_cases = 16,fault = 66&56&67&57&68&58&61&62&63&64&53&54,
SUCCESS;222:edges = 283,fail_cases = 16,fault = 66&56&67&57&68&58&69&61&62&63&64&53&54,
FAIL;223:edges = 283,fail_cases = 17,fault = 66&56&67&57&68&58&69&70&61&62&63&64&53&54,
FAIL;224:edges = 283,fail_cases = 18,fault = 66&56&67&57&68&58&69&70&60&61&62&63&64,
SUCCESS;225:edges = 284,fail_cases = 18,fault = 59&64&65,
SUCCESS;226:edges = 285,fail_cases = 18,fault = 56&59&64&65,
SUCCESS;227:edges = 286,fail_cases = 18,fault = 66&59&64&65,
SUCCESS;228:edges = 287,fail_cases = 18,fault = 66&56&59&64&65,
SUCCESS;229:edges = 288,fail_cases = 18,fault = 56&57&59&64&65,
SUCCESS;230:edges = 289,fail_cases = 18,fault = 66&67&59&64&65,
SUCCESS;231:edges = 290,fail_cases = 18,fault = 66&67&68&59&64&65,
SUCCESS;232:edges = 291,fail_cases = 18,fault = 66&67&56&59&64&65,
SUCCESS;233:edges = 292,fail_cases = 18,fault = 66&56&57&59&64&65,
SUCCESS;234:edges = 293,fail_cases = 18,fault = 66&67&68&69&59&64&65,
SUCCESS;235:edges = 294,fail_cases = 18,fault = 66&67&56&68&59&64&65,
SUCCESS;236:edges = 295,fail_cases = 18,fault = 66&67&56&68&69&59&64&65,
SUCCESS;237:edges = 296,fail_cases = 18,fault = 66&67&56&57&59&64&65,
SUCCESS;238:edges = 297,fail_cases = 18,fault = 66&67&56&68&57&59&64&65,
SUCCESS;239:edges = 298,fail_cases = 18,fault = 56&57&58&59&64&65,
SUCCESS;240:edges = 299,fail_cases = 18,fault = 56&57&58&59&64&53&65&54,
SUCCESS;241:edges = 300,fail_cases = 18,fault = 56&57&58&59&61&64&53&65&54,
SUCCESS;242:edges = 301,fail_cases = 18,fault = 56&57&58&59&61&62&64&53&65&54,
SUCCESS;243:edges = 302,fail_cases = 18,fault = 66&67&56&68&57&69&59&64&65,
SUCCESS;244:edges = 303,fail_cases = 18,fault = 66&56&57&58&59&64&65,
SUCCESS;245:edges = 304,fail_cases = 18,fault = 66&56&57&58&59&64&53&65&54,
SUCCESS;246:edges = 305,fail_cases = 18,fault = 66&56&57&58&59&61&64&53&65&54,
SUCCESS;247:edges = 306,fail_cases = 18,fault = 66&56&57&58&59&61&62&64&53&65&54,
SUCCESS;248:edges = 307,fail_cases = 18,fault = 66&67&56&57&58&59&64&65,
SUCCESS;249:edges = 308,fail_cases = 18,fault = 66&67&56&57&58&59&64&53&65&54,
SUCCESS;250:edges = 309,fail_cases = 18,fault = 66&67&56&57&58&59&61&64&53&65&54,
SUCCESS;251:edges = 310,fail_cases = 18,fault = 66&67&56&57&58&59&61&62&64&53&65&54,
SUCCESS;252:edges = 311,fail_cases = 18,fault = 66&67&56&57&58&69&59&61&62&64&53&65&54,
FAIL;253:edges = 311,fail_cases = 19,fault = 66&67&56&57&58&69&59&70&61&62&64&53&65&54,
FAIL;254:edges = 311,fail_cases = 20,fault = 66&67&56&57&58&69&59&70&60&61&62&64&65,
SUCCESS;255:edges = 312,fail_cases = 20,fault = 66&67&56&68&57&58&59&63&64&65,
SUCCESS;256:edges = 313,fail_cases = 20,fault = 66&67&56&68&57&58&59&63&64&53&65&54,
SUCCESS;257:edges = 314,fail_cases = 20,fault = 66&67&56&68&57&58&59&61&63&64&53&65&54,
SUCCESS;258:edges = 315,fail_cases = 20,fault = 66&67&56&68&57&69&58&59&63&64&65,
SUCCESS;259:edges = 316,fail_cases = 20,fault = 66&67&56&68&57&69&58&59&63&64&53&65&54,
SUCCESS;260:edges = 317,fail_cases = 20,fault = 66&67&56&68&57&69&58&59&61&63&64&53&65&54,
FAIL;261:edges = 317,fail_cases = 21,fault = 66&67&68&69&70&64&65,
SUCCESS;262:edges = 319,fail_cases = 21,fault = 71,
SUCCESS;263:edges = 320,fail_cases = 21,fault = 71&64,
SUCCESS;264:edges = 321,fail_cases = 21,fault = 56&57&58&71&61&62&63&64&53&54,
SUCCESS;265:edges = 322,fail_cases = 21,fault = 66&56&57&58&71&61&62&63&64&53&54,
SUCCESS;266:edges = 323,fail_cases = 21,fault = 66&56&67&57&58&71&61&62&63&64&53&54,
SUCCESS;267:edges = 324,fail_cases = 21,fault = 66&67&56&57&58&59&71&61&62&64&53&65&54,
SUCCESS;268:edges = 325,fail_cases = 21,fault = 66&67&56&57&58&69&59&71&61&62&64&53&65&54,
SUCCESS;269:edges = 327,fail_cases = 21,fault = 71&72,
SUCCESS;270:edges = 328,fail_cases = 21,fault = 71&72&64,
SUCCESS;271:edges = 329,fail_cases = 21,fault = 56&57&58&71&72&61&62&63&64&53&54,
SUCCESS;272:edges = 330,fail_cases = 21,fault = 66&56&57&58&71&72&61&62&63&64&53&54,
SUCCESS;273:edges = 331,fail_cases = 21,fault = 66&56&57&68&58&71&72&61&62&63&64&53&54,
SUCCESS;274:edges = 332,fail_cases = 21,fault = 66&56&57&68&58&69&71&72&61&62&63&64&53&54,
SUCCESS;275:edges = 334,fail_cases = 21,fault = 66&56&57&58&69&59&70&71&72&61&62&64&53&65&54,
FAIL;276:edges = 334,fail_cases = 22,fault = 66&56&57&58&69&59&70&71&72&61&62&74&64&53&65&54,
FAIL;277:edges = 334,fail_cases = 23,fault = 66&56&57&68&58&69&70&71&72&61&62&63&74&64&53&54,
FAIL;278:edges = 334,fail_cases = 24,fault = 66&56&57&68&58&69&70&71&60&72&61&62&63&74&64,
FAIL;279:edges = 334,fail_cases = 25,fault = 66&56&57&58&69&59&70&71&60&72&61&62&74&64&65,
FAIL;280:edges = 334,fail_cases = 26,fault = 66&68&69&70&71&72&74&64&65,
SUCCESS;281:edges = 335,fail_cases = 26,fault = 67&71&72&73,
SUCCESS;282:edges = 336,fail_cases = 26,fault = 67&71&72&73&64,
SUCCESS;283:edges = 337,fail_cases = 26,fault = 56&67&57&58&71&72&61&73&62&63&64&53&54,
SUCCESS;284:edges = 338,fail_cases = 26,fault = 66&56&67&57&58&71&72&61&73&62&63&64&53&54,
SUCCESS;285:edges = 339,fail_cases = 26,fault = 66&67&56&57&58&59&71&72&61&73&62&64&53&65&54,
SUCCESS;286:edges = 340,fail_cases = 26,fault = 66&67&56&57&58&69&59&71&72&61&73&62&64&53&65&54,
FAIL;287:edges = 340,fail_cases = 27,fault = 71&72&73&74,
SUCCESS;288:edges = 342,fail_cases = 27,fault = 80,
SUCCESS;289:edges = 343,fail_cases = 27,fault = 80&71,
SUCCESS;290:edges = 344,fail_cases = 27,fault = 80&71&72,
SUCCESS;291:edges = 345,fail_cases = 27,fault = 66&56&57&68&58&69&80&70&71&72&61&62&63&64&53&54,
SUCCESS;292:edges = 347,fail_cases = 27,fault = 80&75,
SUCCESS;293:edges = 348,fail_cases = 27,fault = 80&71&75,
SUCCESS;294:edges = 349,fail_cases = 27,fault = 80&71&72&75,
SUCCESS;295:edges = 350,fail_cases = 27,fault = 66&56&57&58&69&59&80&70&71&72&61&62&75&64&53&65&54,
SUCCESS;296:edges = 352,fail_cases = 27,fault = 80&75&76,
SUCCESS;297:edges = 353,fail_cases = 27,fault = 80&71&75&76,
SUCCESS;298:edges = 354,fail_cases = 27,fault = 80&71&72&75&76,
SUCCESS;299:edges = 355,fail_cases = 27,fault = 66&56&57&58&69&59&80&70&71&72&61&62&75&64&53&76&65&54,
SUCCESS;300:edges = 357,fail_cases = 27,fault = 77&80&75&76,
SUCCESS;301:edges = 358,fail_cases = 27,fault = 77&80&71&75&76,
SUCCESS;302:edges = 359,fail_cases = 27,fault = 77&80&71&72&75&76,
SUCCESS;303:edges = 360,fail_cases = 27,fault = 77&66&56&57&58&69&59&80&70&71&72&61&62&75&64&53&76&65&54,
SUCCESS;304:edges = 362,fail_cases = 27,fault = 77&78&80&75&76,
SUCCESS;305:edges = 363,fail_cases = 27,fault = 77&78&80&71&75&76,
SUCCESS;306:edges = 364,fail_cases = 27,fault = 77&78&80&71&72&75&76,
SUCCESS;307:edges = 365,fail_cases = 27,fault = 77&66&78&56&57&68&58&69&80&70&71&72&61&62&63&75&64&53&76&54,
FAIL;308:edges = 365,fail_cases = 28,fault = 77&78&79&80&75&76,
SUCCESS;309:edges = 367,fail_cases = 28,fault = 81,
SUCCESS;310:edges = 368,fail_cases = 28,fault = 80&81,
SUCCESS;311:edges = 369,fail_cases = 28,fault = 80&81&75,
SUCCESS;312:edges = 370,fail_cases = 28,fault = 80&81&75&76,
SUCCESS;313:edges = 371,fail_cases = 28,fault = 77&80&81&75&76,
SUCCESS;314:edges = 373,fail_cases = 28,fault = 77&79&80&81&75&76,
SUCCESS;315:edges = 375,fail_cases = 28,fault = 77&79&80&81&83&75&76,
FAIL;316:edges = 375,fail_cases = 29,fault = 77&79&80&81&83&84&75&76,
SUCCESS;317:edges = 376,fail_cases = 29,fault = 78&81&82,
SUCCESS;318:edges = 377,fail_cases = 29,fault = 78&80&81&82,
SUCCESS;319:edges = 378,fail_cases = 29,fault = 78&80&81&82&75,
SUCCESS;320:edges = 379,fail_cases = 29,fault = 78&80&81&82&75&76,
SUCCESS;321:edges = 380,fail_cases = 29,fault = 77&78&80&81&82&75&76,
SUCCESS;322:edges = 381,fail_cases = 29,fault = 78&81&82&83,
SUCCESS;323:edges = 382,fail_cases = 29,fault = 78&80&81&82&83,
SUCCESS;324:edges = 383,fail_cases = 29,fault = 78&80&81&82&83&75,
SUCCESS;325:edges = 384,fail_cases = 29,fault = 78&80&81&82&83&75&76,
SUCCESS;326:edges = 385,fail_cases = 29,fault = 77&78&80&81&82&83&75&76,
FAIL;327:edges = 385,fail_cases = 30,fault = 81&82&83&84,
SUCCESS;328:edges = 387,fail_cases = 30,fault = 85,
SUCCESS;329:edges = 388,fail_cases = 30,fault = 81&85,
SUCCESS;330:edges = 389,fail_cases = 30,fault = 77&79&80&81&85&75&76,
SUCCESS;331:edges = 390,fail_cases = 30,fault = 77&79&80&81&83&85&75&76,
SUCCESS;332:edges = 392,fail_cases = 30,fault = 85&86,
SUCCESS;333:edges = 393,fail_cases = 30,fault = 81&85&86,
SUCCESS;334:edges = 394,fail_cases = 30,fault = 77&79&80&81&85&86&75&76,
SUCCESS;335:edges = 395,fail_cases = 30,fault = 77&79&80&81&83&85&86&75&76,
FAIL;336:edges = 395,fail_cases = 31,fault = 85&86&87,
SUCCESS;337:edges = 397,fail_cases = 31,fault = 88,
SUCCESS;338:edges = 398,fail_cases = 31,fault = 88&85,
SUCCESS;339:edges = 399,fail_cases = 31,fault = 88&85&86,
SUCCESS;340:edges = 401,fail_cases = 31,fault = 88&89,
SUCCESS;341:edges = 402,fail_cases = 31,fault = 88&89&85,
SUCCESS;342:edges = 403,fail_cases = 31,fault = 88&89&85&86,
SUCCESS;343:edges = 405,fail_cases = 31,fault = 88&89&90,
SUCCESS;344:edges = 406,fail_cases = 31,fault = 88&89&90&85,
SUCCESS;345:edges = 407,fail_cases = 31,fault = 88&89&90&85&86,
FAIL;346:edges = 407,fail_cases = 32,fault = 88&89&90&91,
SUCCESS;347:edges = 409,fail_cases = 32,fault = 92,
SUCCESS;348:edges = 410,fail_cases = 32,fault = 88&92,
SUCCESS;349:edges = 411,fail_cases = 32,fault = 88&89&92,
SUCCESS;350:edges = 412,fail_cases = 32,fault = 88&89&90&92,
SUCCESS;351:edges = 414,fail_cases = 32,fault = 92&93,
SUCCESS;352:edges = 415,fail_cases = 32,fault = 88&92&93,
SUCCESS;353:edges = 416,fail_cases = 32,fault = 88&89&92&93,
SUCCESS;354:edges = 417,fail_cases = 32,fault = 88&89&90&92&93,
FAIL;355:edges = 417,fail_cases = 33,fault = 92&93&94,
SUCCESS;356:edges = 419,fail_cases = 33,fault = 96,
SUCCESS;357:edges = 420,fail_cases = 33,fault = 92&96,
SUCCESS;358:edges = 421,fail_cases = 33,fault = 92&93&96,
SUCCESS;359:edges = 423,fail_cases = 33,fault = 96&97,
SUCCESS;360:edges = 424,fail_cases = 33,fault = 92&96&97,
SUCCESS;361:edges = 425,fail_cases = 33,fault = 92&93&96&97,
SUCCESS;362:edges = 427,fail_cases = 33,fault = 96&97&98,
SUCCESS;363:edges = 428,fail_cases = 33,fault = 92&96&97&98,
SUCCESS;364:edges = 429,fail_cases = 33,fault = 92&93&96&97&98,
SUCCESS;365:edges = 431,fail_cases = 33,fault = 99&96&97&98,
SUCCESS;366:edges = 432,fail_cases = 33,fault = 99&92&96&97&98,
SUCCESS;367:edges = 433,fail_cases = 33,fault = 99&92&93&96&97&98,
SUCCESS;368:edges = 435,fail_cases = 33,fault = 99&100&96&97&98,
SUCCESS;369:edges = 436,fail_cases = 33,fault = 99&100&92&96&97&98,
SUCCESS;370:edges = 437,fail_cases = 33,fault = 99&100&92&93&96&97&98,
SUCCESS;371:edges = 439,fail_cases = 33,fault = 99&100&101&96&97&98,
SUCCESS;372:edges = 440,fail_cases = 33,fault = 99&100&101&92&96&97&98,
SUCCESS;373:edges = 441,fail_cases = 33,fault = 99&100&101&92&93&96&97&98,
SUCCESS;374:edges = 443,fail_cases = 33,fault = 99&100&101&102&96&97&98,
SUCCESS;375:edges = 444,fail_cases = 33,fault = 99&100&101&102&92&96&97&98,
SUCCESS;376:edges = 445,fail_cases = 33,fault = 99&100&101&102&92&93&96&97&98,
FAIL;377:edges = 445,fail_cases = 34,fault = 99&100&101&102&95&96&97&98,
SUCCESS;378:edges = 447,fail_cases = 34,fault = 103,
SUCCESS;379:edges = 448,fail_cases = 34,fault = 103&96,
SUCCESS;380:edges = 449,fail_cases = 34,fault = 103&96&97,
SUCCESS;381:edges = 450,fail_cases = 34,fault = 103&96&97&98,
SUCCESS;382:edges = 451,fail_cases = 34,fault = 99&103&96&97&98,
SUCCESS;383:edges = 452,fail_cases = 34,fault = 99&100&103&96&97&98,
SUCCESS;384:edges = 453,fail_cases = 34,fault = 99&100&101&103&96&97&98,
SUCCESS;385:edges = 454,fail_cases = 34,fault = 99&100&101&102&103&96&97&98,
SUCCESS;386:edges = 456,fail_cases = 34,fault = 103&104,
SUCCESS;387:edges = 457,fail_cases = 34,fault = 103&104&96,
SUCCESS;388:edges = 458,fail_cases = 34,fault = 103&104&96&97,
SUCCESS;389:edges = 459,fail_cases = 34,fault = 103&104&96&97&98,
SUCCESS;390:edges = 460,fail_cases = 34,fault = 99&103&104&96&97&98,
SUCCESS;391:edges = 461,fail_cases = 34,fault = 99&100&103&104&96&97&98,
SUCCESS;392:edges = 462,fail_cases = 34,fault = 99&100&101&103&104&96&97&98,
SUCCESS;393:edges = 463,fail_cases = 34,fault = 99&100&101&102&103&104&96&97&98,
SUCCESS;394:edges = 465,fail_cases = 34,fault = 103&104&105,
SUCCESS;395:edges = 466,fail_cases = 34,fault = 103&104&105&96,
SUCCESS;396:edges = 467,fail_cases = 34,fault = 103&104&105&96&97,
SUCCESS;397:edges = 468,fail_cases = 34,fault = 103&104&105&96&97&98,
SUCCESS;398:edges = 469,fail_cases = 34,fault = 99&103&104&105&96&97&98,
SUCCESS;399:edges = 470,fail_cases = 34,fault = 99&100&103&104&105&96&97&98,
SUCCESS;400:edges = 471,fail_cases = 34,fault = 99&100&101&103&104&105&96&97&98,
SUCCESS;401:edges = 472,fail_cases = 34,fault = 99&100&101&102&103&104&105&96&97&98,
SUCCESS;402:edges = 474,fail_cases = 34,fault = 103&104&105&106,
SUCCESS;403:edges = 475,fail_cases = 34,fault = 103&104&105&106&96,
SUCCESS;404:edges = 476,fail_cases = 34,fault = 103&104&105&106&96&97,
SUCCESS;405:edges = 477,fail_cases = 34,fault = 103&104&105&106&96&97&98,
SUCCESS;406:edges = 478,fail_cases = 34,fault = 99&103&104&105&106&96&97&98,
SUCCESS;407:edges = 479,fail_cases = 34,fault = 99&100&103&104&105&106&96&97&98,
SUCCESS;408:edges = 480,fail_cases = 34,fault = 99&100&101&103&104&105&106&96&97&98,
SUCCESS;409:edges = 481,fail_cases = 34,fault = 99&100&101&102&103&104&105&106&96&97&98,
SUCCESS;410:edges = 483,fail_cases = 34,fault = 103&104&105&106&107,
SUCCESS;411:edges = 484,fail_cases = 34,fault = 103&104&105&106&107&96,
SUCCESS;412:edges = 485,fail_cases = 34,fault = 103&104&105&106&107&96&97,
SUCCESS;413:edges = 486,fail_cases = 34,fault = 103&104&105&106&107&96&97&98,
SUCCESS;414:edges = 487,fail_cases = 34,fault = 99&103&104&105&106&107&96&97&98,
SUCCESS;415:edges = 488,fail_cases = 34,fault = 99&100&103&104&105&106&107&96&97&98,
SUCCESS;416:edges = 489,fail_cases = 34,fault = 99&100&101&103&104&105&106&107&96&97&98,
SUCCESS;417:edges = 490,fail_cases = 34,fault = 99&100&101&102&103&104&105&106&107&96&97&98,
SUCCESS;418:edges = 492,fail_cases = 34,fault = 103&104&105&106&107&108,
SUCCESS;419:edges = 493,fail_cases = 34,fault = 103&104&105&106&107&108&96,
SUCCESS;420:edges = 494,fail_cases = 34,fault = 103&104&105&106&107&108&96&97,
SUCCESS;421:edges = 495,fail_cases = 34,fault = 103&104&105&106&107&108&96&97&98,
SUCCESS;422:edges = 496,fail_cases = 34,fault = 101&103&104&105&106&107&108&96&97&98,
SUCCESS;423:edges = 497,fail_cases = 34,fault = 101&102&103&104&105&106&107&108&96&97&98,
SUCCESS;424:edges = 500,fail_cases = 34,fault = 101&102&103&104&105&106&107&108&95&96&97&98,
SUCCESS;425:edges = 502,fail_cases = 34,fault = 101&102&103&114&104&105&106&107&108&95&96&97&98,
SUCCESS;426:edges = 503,fail_cases = 34,fault = 99&101&102&103&104&105&106&107&108&95&96&97&98,
SUCCESS;427:edges = 504,fail_cases = 34,fault = 110&99&100&103&104&105&106&107&108,
SUCCESS;428:edges = 505,fail_cases = 34,fault = 110&99&100&103&104&105&106&107&108&96,
SUCCESS;429:edges = 507,fail_cases = 34,fault = 99&100&112&96&97,
SUCCESS;430:edges = 508,fail_cases = 34,fault = 99&100&112&113&96&97,
SUCCESS;431:edges = 509,fail_cases = 34,fault = 110&99&100&103&104&105&106&107&108&96&97,
SUCCESS;432:edges = 510,fail_cases = 34,fault = 99&100&112&103&96&97&98,
SUCCESS;433:edges = 511,fail_cases = 34,fault = 99&100&112&103&104&96&97&98,
SUCCESS;434:edges = 512,fail_cases = 34,fault = 99&100&112&113&103&96&97&98,
SUCCESS;435:edges = 513,fail_cases = 34,fault = 99&100&112&113&114&96&97&98,
SUCCESS;436:edges = 514,fail_cases = 34,fault = 110&99&100&103&104&105&106&107&108&96&97&98,
SUCCESS;437:edges = 515,fail_cases = 34,fault = 99&100&112&101&113&114&103&96&97&98,
SUCCESS;438:edges = 517,fail_cases = 34,fault = 101&102&103&114&104&115&105&106&107&108&95&96&97&98,
SUCCESS;439:edges = 518,fail_cases = 34,fault = 99&110&100&101&103&104&105&106&107&108&96&97&98,
SUCCESS;440:edges = 519,fail_cases = 34,fault = 99&100&112&101&113&102&103&104&96&97&98,
FAIL;441:edges = 519,fail_cases = 35,fault = 111&101&102&103&114&104&115&105&106&107&108&95&96&97&98,
SUCCESS;442:edges = 520,fail_cases = 35,fault = 99&100&112&101&113&102&114&103&104&96&97&98,
SUCCESS;443:edges = 521,fail_cases = 35,fault = 99&110&100&101&102&103&104&105&106&107&108&96&97&98,
FAIL;444:edges = 521,fail_cases = 36,fault = 101&102&103&104&105&106&107&108&109&95&96&97&98,
FAIL;445:edges = 521,fail_cases = 37,fault = 110&103&104&105&106&107&108&109,
FAIL;446:edges = 521,fail_cases = 38,fault = 110&111&103&114&104&115&105&106&107&108,
SUCCESS;447:edges = 522,fail_cases = 38,fault = 111&112&103&114&104&115&105,
SUCCESS;448:edges = 523,fail_cases = 38,fault = 112&113&103&104&105&109,
SUCCESS;449:edges = 524,fail_cases = 38,fault = 111&112&103&114&104&115&105&106,
SUCCESS;450:edges = 525,fail_cases = 38,fault = 112&113&114&115&109,
SUCCESS;451:edges = 526,fail_cases = 38,fault = 112&113&103&104&105&106&109,
SUCCESS;452:edges = 527,fail_cases = 38,fault = 112&113&114&103&115&109,
SUCCESS;453:edges = 528,fail_cases = 38,fault = 112&103&114&104&105&106&107&109,
SUCCESS;454:edges = 529,fail_cases = 38,fault = 111&112&103&114&104&115&105&106&107&108,
SUCCESS;455:edges = 530,fail_cases = 38,fault = 112&113&114&103&115&104&109,
SUCCESS;456:edges = 531,fail_cases = 38,fault = 112&113&103&104&105&106&108&109,
SUCCESS;457:edges = 532,fail_cases = 38,fault = 112&101&113&102&103&104&105&106&108&109&95&96&97&98,
FAIL;458:edges = 532,fail_cases = 39,fault = 112&101&113&102&103&104&115&105&106&108&109&95&96&97&98,
FAIL;459:edges = 532,fail_cases = 40,fault = 110&112&113&103&104&115&105&106&108&109,
SUCCESS;460:edges = 533,fail_cases = 40,fault = 112&113&114&103&104&105&107&109,
SUCCESS;461:edges = 534,fail_cases = 40,fault = 112&113&114&103&115&104&105&109,
SUCCESS;462:edges = 535,fail_cases = 40,fault = 112&113&114&103&115&104&105&106&109,
SUCCESS;463:edges = 536,fail_cases = 40,fault = 112&113&114&103&104&105&106&107&108&109,
SUCCESS;464:edges = 537,fail_cases = 40,fault = 111&112&101&113&102&114&103&104&105&106&107&109&95&96&97&98,
SUCCESS;465:edges = 538,fail_cases = 40,fault = 112&113&114&103&115&104&105&106&108&109,
FAIL;466:edges = 538,fail_cases = 41,fault = 111&112&113&114&115,
SUCCESS;467:edges = 540,fail_cases = 41,fault = 116,
SUCCESS;468:edges = 541,fail_cases = 41,fault = 101&102&103&104&116&105&106&107&108&95&96&97&98,
SUCCESS;469:edges = 542,fail_cases = 41,fault = 112&101&102&103&104&116&105&106&108&109&95&96&97&98,
SUCCESS;470:edges = 543,fail_cases = 41,fault = 112&101&113&102&103&104&116&105&106&108&109&95&96&97&98,
SUCCESS;471:edges = 544,fail_cases = 41,fault = 101&102&103&114&104&115&116&105&106&107&108&95&96&97&98,
SUCCESS;472:edges = 546,fail_cases = 41,fault = 116&117,
SUCCESS;473:edges = 547,fail_cases = 41,fault = 101&102&103&104&116&105&117&106&107&108&95&96&97&98,
SUCCESS;474:edges = 548,fail_cases = 41,fault = 101&102&103&114&104&116&105&117&106&107&108&95&96&97&98,
SUCCESS;475:edges = 549,fail_cases = 41,fault = 101&102&103&114&104&115&116&105&117&106&107&108&95&96&97&98,
SUCCESS;476:edges = 550,fail_cases = 41,fault = 112&101&102&103&104&115&116&105&117&106&108&109&95&96&97&98,
SUCCESS;477:edges = 552,fail_cases = 41,fault = 116&117&118,
SUCCESS;478:edges = 553,fail_cases = 41,fault = 101&102&103&104&116&105&117&106&118&107&108&95&96&97&98,
SUCCESS;479:edges = 554,fail_cases = 41,fault = 101&102&103&114&104&116&105&117&106&118&107&108&95&96&97&98,
SUCCESS;480:edges = 555,fail_cases = 41,fault = 112&101&102&103&104&115&116&105&117&106&118&108&109&95&96&97&98,
SUCCESS;481:edges = 556,fail_cases = 41,fault = 101&102&103&114&104&115&116&105&117&106&118&107&108&95&96&97&98,
SUCCESS;482:edges = 558,fail_cases = 41,fault = 116&117&118&119,
SUCCESS;483:edges = 559,fail_cases = 41,fault = 101&102&103&104&116&105&117&106&118&107&119&108&95&96&97&98,
SUCCESS;484:edges = 560,fail_cases = 41,fault = 112&101&102&103&104&116&105&117&106&118&119&108&109&95&96&97&98,
SUCCESS;485:edges = 561,fail_cases = 41,fault = 112&101&113&102&103&104&116&105&117&106&118&119&108&109&95&96&97&98,
SUCCESS;486:edges = 562,fail_cases = 41,fault = 101&102&103&114&104&115&116&105&117&106&118&107&119&108&95&96&97&98,
SUCCESS;487:edges = 564,fail_cases = 41,fault = 116&117&118&119&120,
SUCCESS;488:edges = 565,fail_cases = 41,fault = 120&101&102&103&104&116&105&117&106&118&107&119&108&95&96&97&98,
SUCCESS;489:edges = 566,fail_cases = 41,fault = 120&101&102&103&114&104&116&105&117&106&118&107&119&108&95&96&97&98,
SUCCESS;490:edges = 567,fail_cases = 41,fault = 120&101&102&103&114&104&115&116&105&117&106&118&107&119&108&95&96&97&98,
SUCCESS;491:edges = 568,fail_cases = 41,fault = 120&112&101&102&103&104&115&116&105&117&106&118&119&108&109&95&96&97&98,
SUCCESS;492:edges = 570,fail_cases = 41,fault = 121&116&117&118&119&120,
SUCCESS;493:edges = 571,fail_cases = 41,fault = 120&121&101&102&103&104&116&105&117&106&118&107&119&108&95&96&97&98,
SUCCESS;494:edges = 572,fail_cases = 41,fault = 120&121&112&101&102&103&104&116&105&117&106&118&119&108&109&95&96&97&98,
SUCCESS;495:edges = 573,fail_cases = 41,fault = 120&121&112&101&113&102&103&104&116&105&117&106&118&119&108&109&95&96&97&98,
SUCCESS;496:edges = 574,fail_cases = 41,fault = 120&121&101&102&103&114&104&115&116&105&117&106&118&107&119&108&95&96&97&98,
SUCCESS;497:edges = 577,fail_cases = 41,fault = 121&123&116&117&118&119&120,
SUCCESS;498:edges = 578,fail_cases = 41,fault = 101&102&103&104&105&128&106&107&108&95&96&97&98,
SUCCESS;499:edges = 579,fail_cases = 41,fault = 120&121&123&101&102&103&104&116&105&117&106&118&107&119&108&95&96&97&98,
SUCCESS;500:edges = 580,fail_cases = 41,fault = 120&121&123&101&102&103&114&104&116&105&117&106&118&107&119&108&95&96&97&98,
SUCCESS;501:edges = 581,fail_cases = 41,fault = 120&121&123&101&102&103&114&104&115&116&105&117&106&118&107&119&108&95&96&97&98,
SUCCESS;502:edges = 582,fail_cases = 41,fault = 112&101&102&103&104&115&116&105&128&106&108&109&95&96&97&98,
SUCCESS;503:edges = 583,fail_cases = 41,fault = 112&101&102&103&104&115&116&105&128&117&106&108&109&95&96&97&98,
SUCCESS;504:edges = 584,fail_cases = 41,fault = 112&101&102&103&104&115&116&105&128&117&106&118&108&109&95&96&97&98,
SUCCESS;505:edges = 585,fail_cases = 41,fault = 112&101&102&103&104&115&116&105&128&117&106&118&119&108&109&95&96&97&98,
SUCCESS;506:edges = 586,fail_cases = 41,fault = 120&121&123&112&101&102&103&104&115&116&105&117&106&118&119&108&109&95&96&97&98,
SUCCESS;507:edges = 588,fail_cases = 41,fault = 121&123&116&117&118&129&119&120,
SUCCESS;508:edges = 589,fail_cases = 41,fault = 122&116&128&117&118&119&120,
SUCCESS;509:edges = 590,fail_cases = 41,fault = 121&122&116&128&117&118&119&120,
SUCCESS;510:edges = 591,fail_cases = 41,fault = 122&128&129,
SUCCESS;511:edges = 592,fail_cases = 41,fault = 122&116&128&129,
SUCCESS;512:edges = 594,fail_cases = 41,fault = 121&123&124&116&117&118&129&119&120,
SUCCESS;513:edges = 595,fail_cases = 41,fault = 122&124&128&129,
SUCCESS;514:edges = 596,fail_cases = 41,fault = 122&116&128&117&129,
SUCCESS;515:edges = 598,fail_cases = 41,fault = 121&123&124&125&116&117&118&129&119&120,
SUCCESS;516:edges = 599,fail_cases = 41,fault = 122&124&116&128&129,
FAIL;517:edges = 599,fail_cases = 42,fault = 121&122&123&116&117&118&119&120,
SUCCESS;518:edges = 600,fail_cases = 42,fault = 122&124&116&128&117&129,
SUCCESS;519:edges = 601,fail_cases = 42,fault = 122&116&128&117&129&118,
SUCCESS;520:edges = 602,fail_cases = 42,fault = 122&116&128&117&129&118&119,
SUCCESS;521:edges = 603,fail_cases = 42,fault = 122&124&116&128&117&129&118,
SUCCESS;522:edges = 606,fail_cases = 42,fault = 121&123&124&125&126&116&117&118&129&119&120,
SUCCESS;523:edges = 607,fail_cases = 42,fault = 122&130,
SUCCESS;524:edges = 608,fail_cases = 42,fault = 121&123&116&127&117&118&119&130&120,
SUCCESS;525:edges = 609,fail_cases = 42,fault = 122&128&129&130,
SUCCESS;526:edges = 610,fail_cases = 42,fault = 122&124&128&129&130,
SUCCESS;527:edges = 611,fail_cases = 42,fault = 122&116&128&117&129&118&119&120,
FAIL;528:edges = 611,fail_cases = 43,fault = 121&123&124&125&126&116&127&117&118&129&119&120,
SUCCESS;529:edges = 612,fail_cases = 43,fault = 122&124&125&128&129,
SUCCESS;530:edges = 613,fail_cases = 43,fault = 122&124&125&128&129&130,
SUCCESS;531:edges = 615,fail_cases = 43,fault = 121&123&124&125&126&116&117&118&129&119&120&131,
SUCCESS;532:edges = 616,fail_cases = 43,fault = 122&124&125&116&128&129,
SUCCESS;533:edges = 617,fail_cases = 43,fault = 122&124&125&116&128&117&129,
SUCCESS;534:edges = 619,fail_cases = 43,fault = 120&131&121&132&123&124&125&126&116&117&118&129&119,
SUCCESS;535:edges = 620,fail_cases = 43,fault = 121&122&116&128&117&129&118&119&120,
SUCCESS;536:edges = 621,fail_cases = 43,fault = 122&124&125&116&128&117&129&118,
SUCCESS;537:edges = 622,fail_cases = 43,fault = 122&124&125&126&128&129,
SUCCESS;538:edges = 624,fail_cases = 43,fault = 120&131&121&132&133&123&124&125&126&116&117&118&129&119,
SUCCESS;539:edges = 625,fail_cases = 43,fault = 122&116&130&131,
SUCCESS;540:edges = 626,fail_cases = 43,fault = 122&116&128&130&131,
FAIL;541:edges = 626,fail_cases = 44,fault = 120&131&121&132&133&123&134&124&125&126&116&117&118&129&119,
SUCCESS;542:edges = 627,fail_cases = 44,fault = 121&123&116&127&117&118&129&119&130&131&120,
SUCCESS;543:edges = 628,fail_cases = 44,fault = 132&122&116&130&131,
SUCCESS;544:edges = 629,fail_cases = 44,fault = 122&124&116&128&129&130&131,
SUCCESS;545:edges = 630,fail_cases = 44,fault = 130&131&120&121&123&124&125&116&127&117&118&129&119,
SUCCESS;546:edges = 631,fail_cases = 44,fault = 122&124&116&128&117&129&118&119,
SUCCESS;547:edges = 632,fail_cases = 44,fault = 122&124&116&128&117&129&118&119&120,
SUCCESS;548:edges = 633,fail_cases = 44,fault = 121&122&124&116&128&117&129&118&119&120,
SUCCESS;549:edges = 634,fail_cases = 44,fault = 122&124&125&126&116&128&129,
SUCCESS;550:edges = 635,fail_cases = 44,fault = 132&133&122&116&117&130&131,
SUCCESS;551:edges = 636,fail_cases = 44,fault = 122&124&125&126&116&128&117&129,
SUCCESS;552:edges = 637,fail_cases = 44,fault = 122&124&125&126&116&128&117&129&118,
SUCCESS;553:edges = 638,fail_cases = 44,fault = 122&124&125&116&128&117&129&118&119,
SUCCESS;554:edges = 639,fail_cases = 44,fault = 132&122&116&128&117&118&119&130&131,
SUCCESS;555:edges = 640,fail_cases = 44,fault = 122&124&125&116&128&117&129&118&119&120,
SUCCESS;556:edges = 641,fail_cases = 44,fault = 132&122&116&128&117&129&118&119&130&131,
SUCCESS;557:edges = 642,fail_cases = 44,fault = 132&121&133&123&116&127&117&118&119&130&131&120,
SUCCESS;558:edges = 643,fail_cases = 44,fault = 130&131&120&132&121&133&123&124&116&127&117&118&119,
SUCCESS;559:edges = 644,fail_cases = 44,fault = 132&122&134&124&116&128&117&129&118&119&130&131,
SUCCESS;560:edges = 645,fail_cases = 44,fault = 132&122&124&125&116&128&117&129&118&119&130&131,
SUCCESS;561:edges = 646,fail_cases = 44,fault = 130&131&120&132&121&133&123&124&125&116&127&117&118&119,
SUCCESS;562:edges = 647,fail_cases = 44,fault = 121&122&124&125&116&128&117&129&118&119&120,
SUCCESS;563:edges = 648,fail_cases = 44,fault = 122&124&125&126&116&128&117&129&118&119,
SUCCESS;564:edges = 649,fail_cases = 44,fault = 130&131&120&132&133&122&124&125&126&116&128&117&118&119,
FAIL;565:edges = 649,fail_cases = 45,fault = 130&131&120&132&121&133&123&124&125&126&116&127&117&118&119,
SUCCESS;566:edges = 650,fail_cases = 45,fault = 121&122&124&125&126&116&128&117&129&118&119&120,
FAIL;567:edges = 650,fail_cases = 46,fault = 124&125&126&127&128&129,
FAIL;568:edges = 650,fail_cases = 47,fault = 132&133&124&125&126&127&128&130&131,
FAIL;569:edges = 650,fail_cases = 48,fault = 132&133&134&124&125&126&128&129&131,
FAIL;570:edges = 650,fail_cases = 49,fault = 132&133&134&130&131,
SUCCESS;571:edges = 652,fail_cases = 49,fault = 135,
SUCCESS;572:edges = 653,fail_cases = 49,fault = 121&123&135&124&125&126&116&117&118&129&119&120,
SUCCESS;573:edges = 654,fail_cases = 49,fault = 120&131&121&123&135&124&125&126&116&117&118&129&119,
SUCCESS;574:edges = 655,fail_cases = 49,fault = 120&131&121&132&123&135&124&125&126&116&117&118&129&119,
SUCCESS;575:edges = 656,fail_cases = 49,fault = 120&131&121&132&133&123&135&124&125&126&116&117&118&129&119,
SUCCESS;576:edges = 658,fail_cases = 49,fault = 135&136,
SUCCESS;577:edges = 659,fail_cases = 49,fault = 120&121&123&135&124&136&125&126&116&117&118&129&119,
SUCCESS;578:edges = 660,fail_cases = 49,fault = 120&131&121&123&135&124&136&125&126&116&117&118&129&119,
SUCCESS;579:edges = 661,fail_cases = 49,fault = 120&131&121&132&123&135&124&136&125&126&116&117&118&129&119,
SUCCESS;580:edges = 662,fail_cases = 49,fault = 120&131&121&132&133&123&135&124&136&125&126&116&117&118&129&119,
FAIL;581:edges = 662,fail_cases = 50,fault = 135&136&137,
SUCCESS;582:edges = 664,fail_cases = 50,fault = 138,
SUCCESS;583:edges = 665,fail_cases = 50,fault = 135&138,
SUCCESS;584:edges = 666,fail_cases = 50,fault = 135&136&138,
SUCCESS;585:edges = 668,fail_cases = 50,fault = 138&139,
SUCCESS;586:edges = 669,fail_cases = 50,fault = 135&138&139,
SUCCESS;587:edges = 670,fail_cases = 50,fault = 135&136&138&139,
FAIL;588:edges = 670,fail_cases = 51,fault = 138&139&140,
SUCCESS;589:edges = 671,fail_cases = 51,fault = 141,
SUCCESS;590:edges = 672,fail_cases = 51,fault = 138&141,
SUCCESS;591:edges = 673,fail_cases = 51,fault = 138&139&141,
FAIL;592:edges = 673,fail_cases = 52,fault = 141&142,