SUCCESS;0:edges = 5,fail_cases = 0,fault = ,
SUCCESS;1:edges = 6,fail_cases = 0,fault = 1,
FAIL;2:edges = 6,fail_cases = 1,fault = 1&2,
SUCCESS;3:edges = 8,fail_cases = 1,fault = 3,
SUCCESS;4:edges = 9,fail_cases = 1,fault = 1&3,
SUCCESS;5:edges = 11,fail_cases = 1,fault = 3&4,
SUCCESS;6:edges = 12,fail_cases = 1,fault = 1&3&4,
SUCCESS;7:edges = 14,fail_cases = 1,fault = 3&4&5,
SUCCESS;8:edges = 15,fail_cases = 1,fault = 1&3&4&5,
SUCCESS;9:edges = 17,fail_cases = 1,fault = 3&4&5&6,
SUCCESS;10:edges = 18,fail_cases = 1,fault = 1&3&4&5&6,
SUCCESS;11:edges = 21,fail_cases = 1,fault = 3&4&5&6&7,
FAIL;12:edges = 21,fail_cases = 2,fault = 2&3&4&5&6&7,
SUCCESS;13:edges = 22,fail_cases = 2,fault = 2&9,
SUCCESS;14:edges = 23,fail_cases = 2,fault = 2&3&9,
SUCCESS;15:edges = 24,fail_cases = 2,fault = 2&3&5&9,
SUCCESS;16:edges = 25,fail_cases = 2,fault = 2&3&5&6&9,
SUCCESS;17:edges = 27,fail_cases = 2,fault = 2&3&5&6&7&9,
SUCCESS;18:edges = 29,fail_cases = 2,fault = 11&2&3&5&6&7&9,
FAIL;19:edges = 29,fail_cases = 3,fault = 11&12&2&3&5&6&7&9,
SUCCESS;20:edges = 30,fail_cases = 3,fault = 3&4&5&6&7&10,
SUCCESS;21:edges = 31,fail_cases = 3,fault = 2&4&9&10,
SUCCESS;22:edges = 32,fail_cases = 3,fault = 2&3&4&9&10,
SUCCESS;23:edges = 33,fail_cases = 3,fault = 2&3&4&5&9&10,
SUCCESS;24:edges = 34,fail_cases = 3,fault = 2&3&4&5&6&9&10,
SUCCESS;25:edges = 35,fail_cases = 3,fault = 11&4&9&10,
SUCCESS;26:edges = 36,fail_cases = 3,fault = 11&4&5&9&10,
SUCCESS;27:edges = 37,fail_cases = 3,fault = 11&4&5&7&9&10,
FAIL;28:edges = 37,fail_cases = 4,fault = 11&2&4&5&7&9&10,
FAIL;29:edges = 37,fail_cases = 5,fault = 11&4&5&7&8&9&10,
FAIL;30:edges = 37,fail_cases = 6,fault = 11&12&3&5&6&7&8&9,
FAIL;31:edges = 37,fail_cases = 7,fault = 11&12&3&4&5&6&7&10,
FAIL;32:edges = 37,fail_cases = 8,fault = 3&4&5&6&7&8,
FAIL;33:edges = 37,fail_cases = 9,fault = 11&12&9&10,
SUCCESS;34:edges = 39,fail_cases = 9,fault = 13,
SUCCESS;35:edges = 40,fail_cases = 9,fault = 13&3&4&5&6&7,
SUCCESS;36:edges = 41,fail_cases = 9,fault = 13&2&3&5&6&7&9,
SUCCESS;37:edges = 42,fail_cases = 9,fault = 11&13&2&3&5&6&7&9,
SUCCESS;38:edges = 44,fail_cases = 9,fault = 13&14,
SUCCESS;39:edges = 45,fail_cases = 9,fault = 13&14&3&4&5&6&7,
SUCCESS;40:edges = 46,fail_cases = 9,fault = 13&2&14&3&5&6&7&9,
SUCCESS;41:edges = 47,fail_cases = 9,fault = 11&13&2&14&3&5&6&7&9,
FAIL;42:edges = 47,fail_cases = 10,fault = 13&14&15,
SUCCESS;43:edges = 49,fail_cases = 10,fault = 16,
SUCCESS;44:edges = 50,fail_cases = 10,fault = 13&16,
SUCCESS;45:edges = 51,fail_cases = 10,fault = 13&14&16,
FAIL;46:edges = 51,fail_cases = 11,fault = 16&17,
SUCCESS;47:edges = 52,fail_cases = 11,fault = 18,
SUCCESS;48:edges = 53,fail_cases = 11,fault = 16&18,
FAIL;49:edges = 53,fail_cases = 12,fault = 18&19,