SUCCESS;0:edges = 22,fail_cases = 0,fault = ,
SUCCESS;1:edges = 23,fail_cases = 0,fault = 1,
SUCCESS;2:edges = 24,fail_cases = 0,fault = 1&2,
SUCCESS;3:edges = 25,fail_cases = 0,fault = 1&2&3,
SUCCESS;4:edges = 26,fail_cases = 0,fault = 1&2&3&4,
SUCCESS;5:edges = 27,fail_cases = 0,fault = 1&2&3&4&5,
SUCCESS;6:edges = 28,fail_cases = 0,fault = 1&2&3&4&5&6,
FAIL;7:edges = 28,fail_cases = 1,fault = 1&2&3&4&5&6&7,
SUCCESS;8:edges = 30,fail_cases = 1,fault = 8,
SUCCESS;9:edges = 31,fail_cases = 1,fault = 1&8,
SUCCESS;10:edges = 32,fail_cases = 1,fault = 1&2&8,
SUCCESS;11:edges = 33,fail_cases = 1,fault = 1&2&3&8,
SUCCESS;12:edges = 34,fail_cases = 1,fault = 1&2&3&4&8,
SUCCESS;13:edges = 35,fail_cases = 1,fault = 1&2&3&4&5&8,
SUCCESS;14:edges = 36,fail_cases = 1,fault = 1&2&3&4&5&6&8,
FAIL;15:edges = 36,fail_cases = 2,fault = 8&9,
SUCCESS;16:edges = 38,fail_cases = 2,fault = 16,
SUCCESS;17:edges = 39,fail_cases = 2,fault = 16&8,
SUCCESS;18:edges = 41,fail_cases = 2,fault = 16&17,
SUCCESS;19:edges = 42,fail_cases = 2,fault = 16&17&8,
SUCCESS;20:edges = 44,fail_cases = 2,fault = 16&17&10,
SUCCESS;21:edges = 45,fail_cases = 2,fault = 16&17&8&10,
SUCCESS;22:edges = 47,fail_cases = 2,fault = 11&16&17&10,
SUCCESS;23:edges = 48,fail_cases = 2,fault = 11&16&17&8&10,
SUCCESS;24:edges = 50,fail_cases = 2,fault = 11&12&16&17&10,
SUCCESS;25:edges = 51,fail_cases = 2,fault = 11&12&16&17&8&10,
SUCCESS;26:edges = 53,fail_cases = 2,fault = 11&12&13&16&17&10,
SUCCESS;27:edges = 54,fail_cases = 2,fault = 11&12&13&16&17&8&10,
SUCCESS;28:edges = 56,fail_cases = 2,fault = 11&12&13&14&16&17&10,
SUCCESS;29:edges = 57,fail_cases = 2,fault = 11&12&13&14&16&17&8&10,
FAIL;30:edges = 57,fail_cases = 3,fault = 11&12&13&14&15&16&17&10,
SUCCESS;31:edges = 59,fail_cases = 3,fault = 18,
SUCCESS;32:edges = 60,fail_cases = 3,fault = 16&18,
SUCCESS;33:edges = 61,fail_cases = 3,fault = 16&17&18,
SUCCESS;34:edges = 62,fail_cases = 3,fault = 16&17&18&10,
SUCCESS;35:edges = 63,fail_cases = 3,fault = 11&16&17&18&10,
SUCCESS;36:edges = 64,fail_cases = 3,fault = 11&12&16&17&18&10,
SUCCESS;37:edges = 65,fail_cases = 3,fault = 11&12&13&16&17&18&10,
SUCCESS;38:edges = 66,fail_cases = 3,fault = 11&12&13&14&16&17&18&10,
SUCCESS;39:edges = 68,fail_cases = 3,fault = 18&19,
SUCCESS;40:edges = 69,fail_cases = 3,fault = 16&18&19,
SUCCESS;41:edges = 70,fail_cases = 3,fault = 16&17&18&19,
SUCCESS;42:edges = 71,fail_cases = 3,fault = 16&17&18&19&10,
SUCCESS;43:edges = 72,fail_cases = 3,fault = 11&16&17&18&19&10,
SUCCESS;44:edges = 73,fail_cases = 3,fault = 11&12&16&17&18&19&10,
SUCCESS;45:edges = 74,fail_cases = 3,fault = 11&12&13&16&17&18&19&10,
SUCCESS;46:edges = 75,fail_cases = 3,fault = 11&12&13&14&16&17&18&19&10,
FAIL;47:edges = 75,fail_cases = 4,fault = 18&19&20,
SUCCESS;48:edges = 77,fail_cases = 4,fault = 21,
SUCCESS;49:edges = 78,fail_cases = 4,fault = 18&21,
SUCCESS;50:edges = 79,fail_cases = 4,fault = 18&19&21,
SUCCESS;51:edges = 81,fail_cases = 4,fault = 22&21,
SUCCESS;52:edges = 82,fail_cases = 4,fault = 22&18&21,
SUCCESS;53:edges = 83,fail_cases = 4,fault = 22&18&19&21,
SUCCESS;54:edges = 85,fail_cases = 4,fault = 22&23&21,
SUCCESS;55:edges = 86,fail_cases = 4,fault = 22&23&18&21,
SUCCESS;56:edges = 87,fail_cases = 4,fault = 22&23&18&19&21,
SUCCESS;57:edges = 89,fail_cases = 4,fault = 22&23&24&21,
SUCCESS;58:edges = 90,fail_cases = 4,fault = 22&23&24&18&21,
SUCCESS;59:edges = 91,fail_cases = 4,fault = 22&23&24&18&19&21,
FAIL;60:edges = 91,fail_cases = 5,fault = 22&23&24&25&21,
SUCCESS;61:edges = 93,fail_cases = 5,fault = 26,
SUCCESS;62:edges = 94,fail_cases = 5,fault = 26&21,
SUCCESS;63:edges = 95,fail_cases = 5,fault = 22&26&21,
SUCCESS;64:edges = 96,fail_cases = 5,fault = 22&23&26&21,
SUCCESS;65:edges = 97,fail_cases = 5,fault = 22&23&24&26&21,
SUCCESS;66:edges = 99,fail_cases = 5,fault = 26&27,
SUCCESS;67:edges = 100,fail_cases = 5,fault = 26&27&21,
SUCCESS;68:edges = 101,fail_cases = 5,fault = 22&26&27&21,
SUCCESS;69:edges = 102,fail_cases = 5,fault = 22&23&26&27&21,
SUCCESS;70:edges = 103,fail_cases = 5,fault = 22&23&24&26&27&21,
FAIL;71:edges = 103,fail_cases = 6,fault = 26&27&28,
SUCCESS;72:edges = 105,fail_cases = 6,fault = 32,
SUCCESS;73:edges = 106,fail_cases = 6,fault = 26&32,
SUCCESS;74:edges = 107,fail_cases = 6,fault = 26&27&32,
SUCCESS;75:edges = 109,fail_cases = 6,fault = 29&32,
SUCCESS;76:edges = 110,fail_cases = 6,fault = 26&29&32,
SUCCESS;77:edges = 111,fail_cases = 6,fault = 26&27&29&32,
SUCCESS;78:edges = 113,fail_cases = 6,fault = 29&30&32,
SUCCESS;79:edges = 114,fail_cases = 6,fault = 26&29&30&32,
SUCCESS;80:edges = 115,fail_cases = 6,fault = 26&27&29&30&32,
FAIL;81:edges = 115,fail_cases = 7,fault = 29&30&31&32,
SUCCESS;82:edges = 117,fail_cases = 7,fault = 33,
SUCCESS;83:edges = 118,fail_cases = 7,fault = 33&32,
SUCCESS;84:edges = 119,fail_cases = 7,fault = 33&29&32,
SUCCESS;85:edges = 120,fail_cases = 7,fault = 33&29&30&32,
SUCCESS;86:edges = 122,fail_cases = 7,fault = 33&34,
SUCCESS;87:edges = 123,fail_cases = 7,fault = 33&34&32,
SUCCESS;88:edges = 124,fail_cases = 7,fault = 33&34&29&32,
SUCCESS;89:edges = 125,fail_cases = 7,fault = 33&34&29&30&32,
SUCCESS;90:edges = 127,fail_cases = 7,fault = 33&34&35,
SUCCESS;91:edges = 128,fail_cases = 7,fault = 33&34&35&32,
SUCCESS;92:edges = 129,fail_cases = 7,fault = 33&34&35&29&32,
SUCCESS;93:edges = 130,fail_cases = 7,fault = 33&34&35&29&30&32,
FAIL;94:edges = 130,fail_cases = 8,fault = 33&34&35&36,
SUCCESS;95:edges = 132,fail_cases = 8,fault = 37,
SUCCESS;96:edges = 133,fail_cases = 8,fault = 33&37,
SUCCESS;97:edges = 134,fail_cases = 8,fault = 33&34&37,
SUCCESS;98:edges = 135,fail_cases = 8,fault = 33&34&35&37,
SUCCESS;99:edges = 137,fail_cases = 8,fault = 37&38,
SUCCESS;100:edges = 138,fail_cases = 8,fault = 33&37&38,
SUCCESS;101:edges = 139,fail_cases = 8,fault = 33&34&37&38,
SUCCESS;102:edges = 140,fail_cases = 8,fault = 33&34&35&37&38,
SUCCESS;103:edges = 142,fail_cases = 8,fault = 37&38&39,
SUCCESS;104:edges = 143,fail_cases = 8,fault = 33&37&38&39,
SUCCESS;105:edges = 144,fail_cases = 8,fault = 33&34&37&38&39,
SUCCESS;106:edges = 145,fail_cases = 8,fault = 33&34&35&37&38&39,
SUCCESS;107:edges = 147,fail_cases = 8,fault = 37&38&39&40,
SUCCESS;108:edges = 148,fail_cases = 8,fault = 33&37&38&39&40,
SUCCESS;109:edges = 149,fail_cases = 8,fault = 33&34&37&38&39&40,
SUCCESS;110:edges = 150,fail_cases = 8,fault = 33&34&35&37&38&39&40,
FAIL;111:edges = 150,fail_cases = 9,fault = 37&38&39&40&41,
SUCCESS;112:edges = 152,fail_cases = 9,fault = 42,
SUCCESS;113:edges = 153,fail_cases = 9,fault = 37&42,
SUCCESS;114:edges = 154,fail_cases = 9,fault = 37&38&42,
SUCCESS;115:edges = 155,fail_cases = 9,fault = 37&38&39&42,
SUCCESS;116:edges = 156,fail_cases = 9,fault = 37&38&39&40&42,
SUCCESS;117:edges = 158,fail_cases = 9,fault = 42&43,
SUCCESS;118:edges = 159,fail_cases = 9,fault = 37&42&43,
SUCCESS;119:edges = 160,fail_cases = 9,fault = 37&38&42&43,
SUCCESS;120:edges = 161,fail_cases = 9,fault = 37&38&39&42&43,
SUCCESS;121:edges = 162,fail_cases = 9,fault = 37&38&39&40&42&43,
SUCCESS;122:edges = 164,fail_cases = 9,fault = 44&42&43,
SUCCESS;123:edges = 165,fail_cases = 9,fault = 44&37&42&43,
SUCCESS;124:edges = 166,fail_cases = 9,fault = 44&37&38&42&43,
SUCCESS;125:edges = 167,fail_cases = 9,fault = 44&37&38&39&42&43,
SUCCESS;126:edges = 168,fail_cases = 9,fault = 44&37&38&39&40&42&43,
FAIL;127:edges = 168,fail_cases = 10,fault = 44&45&42&43,
SUCCESS;128:edges = 170,fail_cases = 10,fault = 48,
SUCCESS;129:edges = 171,fail_cases = 10,fault = 48&42,
SUCCESS;130:edges = 172,fail_cases = 10,fault = 48&42&43,
SUCCESS;131:edges = 173,fail_cases = 10,fault = 44&48&42&43,
SUCCESS;132:edges = 175,fail_cases = 10,fault = 48&49,
SUCCESS;133:edges = 176,fail_cases = 10,fault = 48&49&42,
SUCCESS;134:edges = 177,fail_cases = 10,fault = 48&49&42&43,
SUCCESS;135:edges = 178,fail_cases = 10,fault = 44&48&49&42&43,
SUCCESS;136:edges = 180,fail_cases = 10,fault = 48&49&50,
SUCCESS;137:edges = 181,fail_cases = 10,fault = 48&49&50&42,
SUCCESS;138:edges = 182,fail_cases = 10,fault = 48&49&50&42&43,
SUCCESS;139:edges = 183,fail_cases = 10,fault = 44&48&49&50&42&43,
SUCCESS;140:edges = 185,fail_cases = 10,fault = 46&48&49&50,
SUCCESS;141:edges = 186,fail_cases = 10,fault = 46&48&49&50&42,
SUCCESS;142:edges = 187,fail_cases = 10,fault = 46&48&49&50&42&43,
SUCCESS;143:edges = 188,fail_cases = 10,fault = 44&46&48&49&50&42&43,
FAIL;144:edges = 188,fail_cases = 11,fault = 46&47&48&49&50,
SUCCESS;145:edges = 190,fail_cases = 11,fault = 51,
SUCCESS;146:edges = 191,fail_cases = 11,fault = 48&51,
SUCCESS;147:edges = 192,fail_cases = 11,fault = 48&49&51,
SUCCESS;148:edges = 193,fail_cases = 11,fault = 48&49&50&51,
SUCCESS;149:edges = 194,fail_cases = 11,fault = 46&48&49&50&51,
SUCCESS;150:edges = 196,fail_cases = 11,fault = 51&52,
SUCCESS;151:edges = 197,fail_cases = 11,fault = 48&51&52,
SUCCESS;152:edges = 198,fail_cases = 11,fault = 48&49&51&52,
SUCCESS;153:edges = 199,fail_cases = 11,fault = 48&49&50&51&52,
SUCCESS;154:edges = 200,fail_cases = 11,fault = 46&48&49&50&51&52,
SUCCESS;155:edges = 202,fail_cases = 11,fault = 51&52&53,
SUCCESS;156:edges = 203,fail_cases = 11,fault = 48&51&52&53,
SUCCESS;157:edges = 204,fail_cases = 11,fault = 48&49&51&52&53,
SUCCESS;158:edges = 205,fail_cases = 11,fault = 48&49&50&51&52&53,
SUCCESS;159:edges = 206,fail_cases = 11,fault = 46&48&49&50&51&52&53,
SUCCESS;160:edges = 208,fail_cases = 11,fault = 51&52&53&54,
SUCCESS;161:edges = 209,fail_cases = 11,fault = 48&51&52&53&54,
SUCCESS;162:edges = 210,fail_cases = 11,fault = 48&49&51&52&53&54,
SUCCESS;163:edges = 211,fail_cases = 11,fault = 48&49&50&51&52&53&54,
SUCCESS;164:edges = 212,fail_cases = 11,fault = 46&48&49&50&51&52&53&54,
SUCCESS;165:edges = 214,fail_cases = 11,fault = 55&51&52&53&54,
SUCCESS;166:edges = 215,fail_cases = 11,fault = 55&48&51&52&53&54,
SUCCESS;167:edges = 216,fail_cases = 11,fault = 55&48&49&51&52&53&54,
SUCCESS;168:edges = 217,fail_cases = 11,fault = 55&48&49&50&51&52&53&54,
SUCCESS;169:edges = 218,fail_cases = 11,fault = 55&46&48&49&50&51&52&53&54,
SUCCESS;170:edges = 220,fail_cases = 11,fault = 55&56&51&52&53&54,
SUCCESS;171:edges = 221,fail_cases = 11,fault = 55&56&48&51&52&53&54,
SUCCESS;172:edges = 222,fail_cases = 11,fault = 55&56&48&49&51&52&53&54,
SUCCESS;173:edges = 223,fail_cases = 11,fault = 55&56&48&49&50&51&52&53&54,
SUCCESS;174:edges = 224,fail_cases = 11,fault = 55&56&46&48&49&50&51&52&53&54,
FAIL;175:edges = 224,fail_cases = 12,fault = 55&56&57&51&52&53&54,
SUCCESS;176:edges = 226,fail_cases = 12,fault = 58,
SUCCESS;177:edges = 227,fail_cases = 12,fault = 58&51,
SUCCESS;178:edges = 228,fail_cases = 12,fault = 58&51&52,
SUCCESS;179:edges = 229,fail_cases = 12,fault = 58&51&52&53,
SUCCESS;180:edges = 230,fail_cases = 12,fault = 58&51&52&53&54,
SUCCESS;181:edges = 231,fail_cases = 12,fault = 55&58&51&52&53&54,
SUCCESS;182:edges = 232,fail_cases = 12,fault = 55&56&58&51&52&53&54,
SUCCESS;183:edges = 234,fail_cases = 12,fault = 58&59,
SUCCESS;184:edges = 235,fail_cases = 12,fault = 58&59&51,
SUCCESS;185:edges = 236,fail_cases = 12,fault = 58&59&51&52,
SUCCESS;186:edges = 237,fail_cases = 12,fault = 58&59&51&52&53,
SUCCESS;187:edges = 238,fail_cases = 12,fault = 58&59&51&52&53&54,
SUCCESS;188:edges = 239,fail_cases = 12,fault = 55&58&59&51&52&53&54,
SUCCESS;189:edges = 240,fail_cases = 12,fault = 55&56&58&59&51&52&53&54,
SUCCESS;190:edges = 242,fail_cases = 12,fault = 58&59&60,
SUCCESS;191:edges = 243,fail_cases = 12,fault = 58&59&60&51,
SUCCESS;192:edges = 244,fail_cases = 12,fault = 58&59&60&51&52,
SUCCESS;193:edges = 245,fail_cases = 12,fault = 58&59&60&51&52&53,
SUCCESS;194:edges = 246,fail_cases = 12,fault = 58&59&60&51&52&53&54,
SUCCESS;195:edges = 247,fail_cases = 12,fault = 55&58&59&60&51&52&53&54,
SUCCESS;196:edges = 248,fail_cases = 12,fault = 55&56&58&59&60&51&52&53&54,
FAIL;197:edges = 248,fail_cases = 13,fault = 58&59&60&61,
SUCCESS;198:edges = 250,fail_cases = 13,fault = 64,
SUCCESS;199:edges = 251,fail_cases = 13,fault = 58&64,
SUCCESS;200:edges = 252,fail_cases = 13,fault = 58&59&64,
SUCCESS;201:edges = 253,fail_cases = 13,fault = 58&59&60&64,
SUCCESS;202:edges = 255,fail_cases = 13,fault = 64&65,
SUCCESS;203:edges = 256,fail_cases = 13,fault = 58&64&65,
SUCCESS;204:edges = 257,fail_cases = 13,fault = 58&59&64&65,
SUCCESS;205:edges = 258,fail_cases = 13,fault = 58&59&60&64&65,
SUCCESS;206:edges = 260,fail_cases = 13,fault = 62&64&65,
SUCCESS;207:edges = 261,fail_cases = 13,fault = 58&62&64&65,
SUCCESS;208:edges = 262,fail_cases = 13,fault = 58&59&62&64&65,
SUCCESS;209:edges = 263,fail_cases = 13,fault = 58&59&60&62&64&65,
FAIL;210:edges = 263,fail_cases = 14,fault = 62&63&64&65,
SUCCESS;211:edges = 265,fail_cases = 14,fault = 66,
SUCCESS;212:edges = 266,fail_cases = 14,fault = 66&64,
SUCCESS;213:edges = 267,fail_cases = 14,fault = 66&64&65,
SUCCESS;214:edges = 268,fail_cases = 14,fault = 66&62&64&65,
SUCCESS;215:edges = 270,fail_cases = 14,fault = 66&67,
SUCCESS;216:edges = 271,fail_cases = 14,fault = 66&67&64,
SUCCESS;217:edges = 272,fail_cases = 14,fault = 66&67&64&65,
SUCCESS;218:edges = 273,fail_cases = 14,fault = 66&67&62&64&65,
FAIL;219:edges = 273,fail_cases = 15,fault = 66&67&68,
SUCCESS;220:edges = 275,fail_cases = 15,fault = 69,
SUCCESS;221:edges = 276,fail_cases = 15,fault = 66&69,
SUCCESS;222:edges = 277,fail_cases = 15,fault = 66&67&69,
SUCCESS;223:edges = 279,fail_cases = 15,fault = 69&70,
SUCCESS;224:edges = 280,fail_cases = 15,fault = 66&69&70,
SUCCESS;225:edges = 281,fail_cases = 15,fault = 66&67&69&70,
SUCCESS;226:edges = 283,fail_cases = 15,fault = 69&70&71,
SUCCESS;227:edges = 284,fail_cases = 15,fault = 66&69&70&71,
SUCCESS;228:edges = 285,fail_cases = 15,fault = 66&67&69&70&71,
FAIL;229:edges = 285,fail_cases = 16,fault = 69&70&71&72,
SUCCESS;230:edges = 287,fail_cases = 16,fault = 73,
SUCCESS;231:edges = 288,fail_cases = 16,fault = 69&73,
SUCCESS;232:edges = 289,fail_cases = 16,fault = 69&70&73,
SUCCESS;233:edges = 290,fail_cases = 16,fault = 69&70&71&73,
SUCCESS;234:edges = 292,fail_cases = 16,fault = 73&74,
SUCCESS;235:edges = 293,fail_cases = 16,fault = 69&73&74,
SUCCESS;236:edges = 294,fail_cases = 16,fault = 69&70&73&74,
SUCCESS;237:edges = 295,fail_cases = 16,fault = 69&70&71&73&74,
SUCCESS;238:edges = 297,fail_cases = 16,fault = 73&74&75,
SUCCESS;239:edges = 298,fail_cases = 16,fault = 69&73&74&75,
SUCCESS;240:edges = 299,fail_cases = 16,fault = 69&70&73&74&75,
SUCCESS;241:edges = 300,fail_cases = 16,fault = 69&70&71&73&74&75,
SUCCESS;242:edges = 302,fail_cases = 16,fault = 73&74&75&76,
SUCCESS;243:edges = 303,fail_cases = 16,fault = 69&73&74&75&76,
SUCCESS;244:edges = 304,fail_cases = 16,fault = 69&70&73&74&75&76,
SUCCESS;245:edges = 305,fail_cases = 16,fault = 69&70&71&73&74&75&76,
SUCCESS;246:edges = 307,fail_cases = 16,fault = 77&73&74&75&76,
SUCCESS;247:edges = 308,fail_cases = 16,fault = 77&69&73&74&75&76,
SUCCESS;248:edges = 309,fail_cases = 16,fault = 77&69&70&73&74&75&76,
SUCCESS;249:edges = 310,fail_cases = 16,fault = 77&69&70&71&73&74&75&76,
SUCCESS;250:edges = 312,fail_cases = 16,fault = 77&78&73&74&75&76,
SUCCESS;251:edges = 313,fail_cases = 16,fault = 77&78&69&73&74&75&76,
SUCCESS;252:edges = 314,fail_cases = 16,fault = 77&78&69&70&73&74&75&76,
SUCCESS;253:edges = 315,fail_cases = 16,fault = 77&78&69&70&71&73&74&75&76,
FAIL;254:edges = 315,fail_cases = 17,fault = 77&78&79&73&74&75&76,
SUCCESS;255:edges = 317,fail_cases = 17,fault = 80,
SUCCESS;256:edges = 318,fail_cases = 17,fault = 80&73,
SUCCESS;257:edges = 319,fail_cases = 17,fault = 80&73&74,
SUCCESS;258:edges = 320,fail_cases = 17,fault = 80&73&74&75,
SUCCESS;259:edges = 321,fail_cases = 17,fault = 80&73&74&75&76,
SUCCESS;260:edges = 322,fail_cases = 17,fault = 77&80&73&74&75&76,
SUCCESS;261:edges = 323,fail_cases = 17,fault = 77&78&80&73&74&75&76,
SUCCESS;262:edges = 325,fail_cases = 17,fault = 80&81,
SUCCESS;263:edges = 326,fail_cases = 17,fault = 80&81&73,
SUCCESS;264:edges = 327,fail_cases = 17,fault = 80&81&73&74,
SUCCESS;265:edges = 328,fail_cases = 17,fault = 80&81&73&74&75,
SUCCESS;266:edges = 329,fail_cases = 17,fault = 80&81&73&74&75&76,
SUCCESS;267:edges = 330,fail_cases = 17,fault = 77&80&81&73&74&75&76,
SUCCESS;268:edges = 331,fail_cases = 17,fault = 77&78&80&81&73&74&75&76,
SUCCESS;269:edges = 333,fail_cases = 17,fault = 80&81&82,
SUCCESS;270:edges = 334,fail_cases = 17,fault = 80&81&82&73,
SUCCESS;271:edges = 335,fail_cases = 17,fault = 80&81&82&73&74,
SUCCESS;272:edges = 336,fail_cases = 17,fault = 80&81&82&73&74&75,
SUCCESS;273:edges = 337,fail_cases = 17,fault = 80&81&82&73&74&75&76,
SUCCESS;274:edges = 338,fail_cases = 17,fault = 77&80&81&82&73&74&75&76,
SUCCESS;275:edges = 339,fail_cases = 17,fault = 77&78&80&81&82&73&74&75&76,
SUCCESS;276:edges = 341,fail_cases = 17,fault = 80&81&82&83,
SUCCESS;277:edges = 342,fail_cases = 17,fault = 80&81&82&83&73,
SUCCESS;278:edges = 343,fail_cases = 17,fault = 80&81&82&83&73&74,
SUCCESS;279:edges = 344,fail_cases = 17,fault = 80&81&82&83&73&74&75,
SUCCESS;280:edges = 345,fail_cases = 17,fault = 80&81&82&83&73&74&75&76,
SUCCESS;281:edges = 346,fail_cases = 17,fault = 77&80&81&82&83&73&74&75&76,
SUCCESS;282:edges = 347,fail_cases = 17,fault = 77&78&80&81&82&83&73&74&75&76,
SUCCESS;283:edges = 349,fail_cases = 17,fault = 80&81&82&83&84,
SUCCESS;284:edges = 350,fail_cases = 17,fault = 80&81&82&83&84&73,
SUCCESS;285:edges = 351,fail_cases = 17,fault = 80&81&82&83&84&73&74,
SUCCESS;286:edges = 352,fail_cases = 17,fault = 80&81&82&83&84&73&74&75,
SUCCESS;287:edges = 353,fail_cases = 17,fault = 80&81&82&83&84&73&74&75&76,
SUCCESS;288:edges = 354,fail_cases = 17,fault = 77&80&81&82&83&84&73&74&75&76,
SUCCESS;289:edges = 355,fail_cases = 17,fault = 77&78&80&81&82&83&84&73&74&75&76,
FAIL;290:edges = 355,fail_cases = 18,fault = 80&81&82&83&84&85,
SUCCESS;291:edges = 357,fail_cases = 18,fault = 86,
SUCCESS;292:edges = 358,fail_cases = 18,fault = 80&86,
SUCCESS;293:edges = 359,fail_cases = 18,fault = 80&81&86,
SUCCESS;294:edges = 360,fail_cases = 18,fault = 80&81&82&86,
SUCCESS;295:edges = 361,fail_cases = 18,fault = 80&81&82&83&86,
SUCCESS;296:edges = 362,fail_cases = 18,fault = 80&81&82&83&84&86,
FAIL;297:edges = 362,fail_cases = 19,fault = 86&87,
SUCCESS;298:edges = 364,fail_cases = 19,fault = 88,
SUCCESS;299:edges = 365,fail_cases = 19,fault = 88&86,
FAIL;300:edges = 365,fail_cases = 20,fault = 88&89,
SUCCESS;301:edges = 367,fail_cases = 20,fault = 90,
SUCCESS;302:edges = 368,fail_cases = 20,fault = 88&90,
SUCCESS;303:edges = 370,fail_cases = 20,fault = 90&91,
SUCCESS;304:edges = 371,fail_cases = 20,fault = 88&90&91,
SUCCESS;305:edges = 373,fail_cases = 20,fault = 90&91&92,
SUCCESS;306:edges = 374,fail_cases = 20,fault = 88&90&91&92,
FAIL;307:edges = 374,fail_cases = 21,fault = 90&91&92&93,
SUCCESS;308:edges = 376,fail_cases = 21,fault = 94,
SUCCESS;309:edges = 377,fail_cases = 21,fault = 90&94,
SUCCESS;310:edges = 378,fail_cases = 21,fault = 90&91&94,
SUCCESS;311:edges = 379,fail_cases = 21,fault = 90&91&92&94,
FAIL;312:edges = 379,fail_cases = 22,fault = 94&95,
SUCCESS;313:edges = 380,fail_cases = 22,fault = 96,
SUCCESS;314:edges = 381,fail_cases = 22,fault = 94&96,
SUCCESS;315:edges = 382,fail_cases = 22,fault = 96&97,
SUCCESS;316:edges = 383,fail_cases = 22,fault = 94&96&97,
SUCCESS;317:edges = 384,fail_cases = 22,fault = 96&97&98,
SUCCESS;318:edges = 385,fail_cases = 22,fault = 94&96&97&98,
SUCCESS;319:edges = 386,fail_cases = 22,fault = 99&96&97&98,
SUCCESS;320:edges = 387,fail_cases = 22,fault = 99&94&96&97&98,
SUCCESS;321:edges = 388,fail_cases = 22,fault = 99&100&96&97&98,
SUCCESS;322:edges = 389,fail_cases = 22,fault = 99&100&94&96&97&98,
SUCCESS;323:edges = 390,fail_cases = 22,fault = 99&100&101&96&97&98,
SUCCESS;324:edges = 391,fail_cases = 22,fault = 99&100&101&94&96&97&98,
SUCCESS;325:edges = 392,fail_cases = 22,fault = 99&100&101&102&96&97&98,
SUCCESS;326:edges = 393,fail_cases = 22,fault = 99&100&101&102&94&96&97&98,
FAIL;327:edges = 393,fail_cases = 23,fault = 99&100&101&102&103&96&97&98,