SUCCESS;0:edges = 4,fail_cases = 0,fault = ,
SUCCESS;1:edges = 5,fail_cases = 0,fault = 1,
SUCCESS;2:edges = 6,fail_cases = 0,fault = 1&2,
SUCCESS;3:edges = 7,fail_cases = 0,fault = 1&2&3,
SUCCESS;4:edges = 8,fail_cases = 0,fault = 1&2&3&4,
FAIL;5:edges = 8,fail_cases = 1,fault = 1&2&3&4&5,
SUCCESS;6:edges = 10,fail_cases = 1,fault = 6,
SUCCESS;7:edges = 11,fail_cases = 1,fault = 1&6,
SUCCESS;8:edges = 12,fail_cases = 1,fault = 1&2&6,
SUCCESS;9:edges = 13,fail_cases = 1,fault = 1&2&3&6,
SUCCESS;10:edges = 14,fail_cases = 1,fault = 1&2&3&4&6,
SUCCESS;11:edges = 16,fail_cases = 1,fault = 6&7,
SUCCESS;12:edges = 17,fail_cases = 1,fault = 1&6&7,
SUCCESS;13:edges = 18,fail_cases = 1,fault = 1&2&6&7,
SUCCESS;14:edges = 19,fail_cases = 1,fault = 1&2&3&6&7,
SUCCESS;15:edges = 20,fail_cases = 1,fault = 1&2&3&4&6&7,
SUCCESS;16:edges = 23,fail_cases = 1,fault = 6&7&8,
SUCCESS;17:edges = 24,fail_cases = 1,fault = 1&16,
SUCCESS;18:edges = 25,fail_cases = 1,fault = 1&16&6,
SUCCESS;19:edges = 26,fail_cases = 1,fault = 1&16&6&7,
SUCCESS;20:edges = 27,fail_cases = 1,fault = 1&6&7&8,
SUCCESS;21:edges = 28,fail_cases = 1,fault = 1&2&6&7&8,
SUCCESS;22:edges = 29,fail_cases = 1,fault = 1&2&3&6&7&8,
SUCCESS;23:edges = 30,fail_cases = 1,fault = 1&2&3&4&6&7&8,
FAIL;24:edges = 30,fail_cases = 2,fault = 6&7&8&9,
SUCCESS;25:edges = 32,fail_cases = 2,fault = 6&7&8&10,
SUCCESS;26:edges = 33,fail_cases = 2,fault = 16&9&10,
SUCCESS;27:edges = 35,fail_cases = 2,fault = 11&6&7&8&10,
SUCCESS;28:edges = 37,fail_cases = 2,fault = 11&12&6&7&8&10,
SUCCESS;29:edges = 39,fail_cases = 2,fault = 11&12&13&6&7&8&10,
SUCCESS;30:edges = 40,fail_cases = 2,fault = 11&16&9&10,
SUCCESS;31:edges = 42,fail_cases = 2,fault = 11&12&13&14&6&7&8&10,
SUCCESS;32:edges = 43,fail_cases = 2,fault = 11&12&16&9&10,
SUCCESS;33:edges = 44,fail_cases = 2,fault = 16&6&9&10,
SUCCESS;34:edges = 45,fail_cases = 2,fault = 11&12&13&16&9&10,
SUCCESS;35:edges = 46,fail_cases = 2,fault = 11&12&13&14&16&9&10,
SUCCESS;36:edges = 47,fail_cases = 2,fault = 11&16&6&9&10,
SUCCESS;37:edges = 48,fail_cases = 2,fault = 11&12&16&6&9&10,
SUCCESS;38:edges = 49,fail_cases = 2,fault = 11&12&13&16&6&9&10,
SUCCESS;39:edges = 50,fail_cases = 2,fault = 16&6&7&9&10,
SUCCESS;40:edges = 51,fail_cases = 2,fault = 11&16&6&7&9&10,
SUCCESS;41:edges = 52,fail_cases = 2,fault = 11&12&16&6&7&9&10,
SUCCESS;42:edges = 53,fail_cases = 2,fault = 11&12&13&14&16&6&9&10,
SUCCESS;43:edges = 54,fail_cases = 2,fault = 11&12&13&16&6&7&9&10,
SUCCESS;44:edges = 55,fail_cases = 2,fault = 11&12&13&14&16&6&7&9&10,
FAIL;45:edges = 55,fail_cases = 3,fault = 11&12&13&14&15&6&7&8&10,
FAIL;46:edges = 55,fail_cases = 4,fault = 11&12&13&14&15&16&10,
SUCCESS;47:edges = 57,fail_cases = 4,fault = 17,
SUCCESS;48:edges = 58,fail_cases = 4,fault = 17&6&7&8,
SUCCESS;49:edges = 59,fail_cases = 4,fault = 17&6&7&8&10,
SUCCESS;50:edges = 60,fail_cases = 4,fault = 11&17&6&7&8&10,
SUCCESS;51:edges = 61,fail_cases = 4,fault = 11&12&17&6&7&8&10,
SUCCESS;52:edges = 62,fail_cases = 4,fault = 11&12&13&17&6&7&8&10,
SUCCESS;53:edges = 63,fail_cases = 4,fault = 11&12&13&14&17&6&7&8&10,
SUCCESS;54:edges = 65,fail_cases = 4,fault = 17&18,
SUCCESS;55:edges = 66,fail_cases = 4,fault = 17&6&18&7&8,
SUCCESS;56:edges = 67,fail_cases = 4,fault = 17&6&18&7&8&10,
SUCCESS;57:edges = 68,fail_cases = 4,fault = 11&17&6&18&7&8&10,
SUCCESS;58:edges = 69,fail_cases = 4,fault = 11&12&17&6&18&7&8&10,
SUCCESS;59:edges = 70,fail_cases = 4,fault = 11&12&13&17&6&18&7&8&10,
SUCCESS;60:edges = 71,fail_cases = 4,fault = 11&12&13&14&17&6&18&7&8&10,
SUCCESS;61:edges = 73,fail_cases = 4,fault = 17&18&19,
SUCCESS;62:edges = 74,fail_cases = 4,fault = 17&6&18&7&19&8,
SUCCESS;63:edges = 75,fail_cases = 4,fault = 17&6&18&7&19&8&10,
SUCCESS;64:edges = 76,fail_cases = 4,fault = 11&17&6&18&7&19&8&10,
SUCCESS;65:edges = 77,fail_cases = 4,fault = 11&12&17&6&18&7&19&8&10,
SUCCESS;66:edges = 78,fail_cases = 4,fault = 11&12&14&17&6&18&7&19&8&10,
SUCCESS;67:edges = 80,fail_cases = 4,fault = 11&12&14&15&17&6&18&7&19&8&10,
SUCCESS;68:edges = 82,fail_cases = 4,fault = 11&12&14&15&17&6&18&7&19&8&10&21,
SUCCESS;69:edges = 84,fail_cases = 4,fault = 11&22&12&14&15&17&18&19&6&7&8&10&21,
SUCCESS;70:edges = 86,fail_cases = 4,fault = 11&22&12&23&14&15&17&18&19&6&7&8&10&21,
FAIL;71:edges = 86,fail_cases = 5,fault = 11&22&12&23&24&14&15&17&18&19&6&7&8&10&21,
FAIL;72:edges = 86,fail_cases = 6,fault = 11&22&12&23&24&14&15&16&17&18&19&10&21,
SUCCESS;73:edges = 87,fail_cases = 6,fault = 13&17&18&19&20,
SUCCESS;74:edges = 88,fail_cases = 6,fault = 13&17&6&18&7&19&8&20,
SUCCESS;75:edges = 89,fail_cases = 6,fault = 13&17&6&18&7&19&8&20&10,
SUCCESS;76:edges = 90,fail_cases = 6,fault = 11&13&17&6&18&7&19&8&20&10,
SUCCESS;77:edges = 91,fail_cases = 6,fault = 11&12&13&17&6&18&7&19&8&20&10,
SUCCESS;78:edges = 92,fail_cases = 6,fault = 11&12&13&14&17&6&18&7&19&8&20&10,
SUCCESS;79:edges = 93,fail_cases = 6,fault = 13&17&18&19&20&21,
SUCCESS;80:edges = 94,fail_cases = 6,fault = 13&17&6&18&7&19&8&20&21,
SUCCESS;81:edges = 95,fail_cases = 6,fault = 13&17&6&18&7&19&8&20&21&10,
SUCCESS;82:edges = 96,fail_cases = 6,fault = 11&13&17&6&18&7&19&8&20&21&10,
SUCCESS;83:edges = 97,fail_cases = 6,fault = 11&12&13&17&6&18&7&19&8&20&21&10,
SUCCESS;84:edges = 98,fail_cases = 6,fault = 11&12&13&15&17&18&19&6&7&8&20&21&10,
SUCCESS;85:edges = 99,fail_cases = 6,fault = 11&12&23&13&15&17&18&19&6&7&8&20&21&10,
FAIL;86:edges = 99,fail_cases = 7,fault = 11&12&23&13&24&15&17&18&19&6&7&8&20&21&10,
FAIL;87:edges = 99,fail_cases = 8,fault = 11&12&23&13&24&15&16&17&18&19&20&21&10,
SUCCESS;88:edges = 100,fail_cases = 8,fault = 22&13&14&17&18&19&20&21,
SUCCESS;89:edges = 101,fail_cases = 8,fault = 22&13&14&17&6&18&7&19&8&20&21,
SUCCESS;90:edges = 102,fail_cases = 8,fault = 22&13&14&17&6&18&7&19&8&20&21&10,
SUCCESS;91:edges = 103,fail_cases = 8,fault = 22&11&13&14&17&18&19&6&7&8&20&21&10,
SUCCESS;92:edges = 104,fail_cases = 8,fault = 22&11&12&13&14&17&18&19&6&7&8&20&21&10,
SUCCESS;93:edges = 105,fail_cases = 8,fault = 22&23&13&14&17&18&19&20&21,
SUCCESS;94:edges = 106,fail_cases = 8,fault = 22&23&13&14&17&6&18&7&19&8&20&21,
SUCCESS;95:edges = 107,fail_cases = 8,fault = 22&23&13&14&17&18&19&6&7&8&20&21&10,
SUCCESS;96:edges = 108,fail_cases = 8,fault = 22&11&23&13&14&17&18&19&6&7&8&20&21&10,
SUCCESS;97:edges = 109,fail_cases = 8,fault = 22&11&23&12&13&14&17&18&19&6&7&8&20&21&10,
FAIL;98:edges = 109,fail_cases = 9,fault = 22&23&24&17&18&19&20&21,
SUCCESS;99:edges = 110,fail_cases = 9,fault = 25,
SUCCESS;100:edges = 111,fail_cases = 9,fault = 25&17,
SUCCESS;101:edges = 112,fail_cases = 9,fault = 25&17&18,
SUCCESS;102:edges = 113,fail_cases = 9,fault = 25&17&18&19,
SUCCESS;103:edges = 114,fail_cases = 9,fault = 11&12&25&14&15&17&6&18&7&19&8&10,
SUCCESS;104:edges = 115,fail_cases = 9,fault = 11&12&25&14&15&17&18&19&6&7&8&10&21,
SUCCESS;105:edges = 116,fail_cases = 9,fault = 11&12&13&25&15&17&18&19&6&7&8&20&21&10,
SUCCESS;106:edges = 117,fail_cases = 9,fault = 11&22&12&23&25&14&15&17&18&19&6&7&8&10&21,
SUCCESS;107:edges = 118,fail_cases = 9,fault = 25&26,
SUCCESS;108:edges = 119,fail_cases = 9,fault = 25&26&17,
SUCCESS;109:edges = 120,fail_cases = 9,fault = 25&26&17&18,
SUCCESS;110:edges = 121,fail_cases = 9,fault = 11&12&25&14&26&15&17&6&18&7&8&10,
SUCCESS;111:edges = 122,fail_cases = 9,fault = 11&12&25&14&26&15&17&18&6&7&8&10&21,
SUCCESS;112:edges = 123,fail_cases = 9,fault = 11&22&12&25&14&26&15&17&18&6&7&8&10&21,
SUCCESS;113:edges = 124,fail_cases = 9,fault = 11&22&12&23&25&14&26&15&17&18&6&7&8&10&21,
SUCCESS;114:edges = 125,fail_cases = 9,fault = 11&12&23&13&24&25&26&15&17&18&6&7&8&20&21&10,
SUCCESS;115:edges = 126,fail_cases = 9,fault = 11&22&12&23&24&25&14&26&15&17&28&18&6&7&8&10&21,
SUCCESS;116:edges = 127,fail_cases = 9,fault = 11&22&12&23&24&25&14&26&15&17&28&18&29&6&7&8&10&21,
SUCCESS;117:edges = 128,fail_cases = 9,fault = 11&22&12&23&24&25&14&26&15&17&28&18&29&6&7&8&30&10&21,
FAIL;118:edges = 128,fail_cases = 10,fault = 11&22&12&23&24&25&14&26&15&17&28&18&29&6&7&8&30&31&10&21,
FAIL;119:edges = 128,fail_cases = 11,fault = 11&12&23&13&24&25&26&15&17&28&18&29&6&7&8&30&20&31&21&10,
FAIL;120:edges = 128,fail_cases = 12,fault = 11&22&12&23&24&25&14&26&15&16&17&28&18&29&30&31&10&21,
FAIL;121:edges = 128,fail_cases = 13,fault = 11&12&23&13&24&25&26&15&16&17&28&18&29&30&20&31&21&10,
FAIL;122:edges = 128,fail_cases = 14,fault = 22&23&24&25&26&17&28&18&29&30&20&31&21,
SUCCESS;123:edges = 129,fail_cases = 14,fault = 25&26&27&19,
SUCCESS;124:edges = 130,fail_cases = 14,fault = 25&26&27&17&19,
SUCCESS;125:edges = 131,fail_cases = 14,fault = 25&26&27&28&19,
SUCCESS;126:edges = 132,fail_cases = 14,fault = 25&26&27&17&18&19,
SUCCESS;127:edges = 133,fail_cases = 14,fault = 11&12&25&14&26&15&27&17&18&19&6&7&8&10,
SUCCESS;128:edges = 134,fail_cases = 14,fault = 11&12&13&25&26&15&27&17&18&19&6&7&8&20&10,
SUCCESS;129:edges = 135,fail_cases = 14,fault = 11&12&23&13&25&26&15&27&17&18&19&6&7&8&20&10,
SUCCESS;130:edges = 136,fail_cases = 14,fault = 11&22&12&23&24&25&14&26&15&27&17&18&19&6&7&8&10,
SUCCESS;131:edges = 137,fail_cases = 14,fault = 11&12&23&13&24&25&26&15&27&17&18&29&19&6&7&8&20&10,
SUCCESS;132:edges = 138,fail_cases = 14,fault = 11&12&23&13&24&25&26&15&27&17&18&29&19&6&7&8&30&20&10,
FAIL;133:edges = 138,fail_cases = 15,fault = 11&12&23&13&24&25&26&15&27&17&18&29&19&6&7&8&30&20&31&10,
FAIL;134:edges = 138,fail_cases = 16,fault = 11&22&12&23&24&25&14&26&15&27&17&18&29&19&6&7&8&30&31&10,
FAIL;135:edges = 138,fail_cases = 17,fault = 11&12&23&13&24&25&26&15&27&16&17&18&29&19&30&20&31&10,
FAIL;136:edges = 138,fail_cases = 18,fault = 11&22&12&23&24&25&14&26&15&27&16&17&18&29&19&30&31&10,
SUCCESS;137:edges = 139,fail_cases = 18,fault = 25&26&27&28&17&19&21,
SUCCESS;138:edges = 140,fail_cases = 18,fault = 25&26&27&28&29&19&21,
FAIL;139:edges = 140,fail_cases = 19,fault = 22&23&24&25&26&27&17&18&29&19&30&20&31,
SUCCESS;140:edges = 141,fail_cases = 19,fault = 25&26&27&28&17&18&19&21,
SUCCESS;141:edges = 142,fail_cases = 19,fault = 11&12&25&14&26&15&27&28&17&18&19&6&7&8&10&21,
SUCCESS;142:edges = 143,fail_cases = 19,fault = 11&22&12&25&14&26&15&27&28&17&18&19&6&7&8&10&21,
SUCCESS;143:edges = 144,fail_cases = 19,fault = 11&12&23&13&25&26&15&27&28&17&18&19&6&7&8&20&21&10,
SUCCESS;144:edges = 145,fail_cases = 19,fault = 25&26&27&28&29&19&30&21,
SUCCESS;145:edges = 146,fail_cases = 19,fault = 25&26&27&28&17&29&19&21,
SUCCESS;146:edges = 147,fail_cases = 19,fault = 25&26&27&28&17&29&19&30&21,
SUCCESS;147:edges = 148,fail_cases = 19,fault = 25&26&27&28&17&29&18&19&21,
SUCCESS;148:edges = 149,fail_cases = 19,fault = 11&12&25&14&26&15&27&28&17&29&18&19&6&7&8&10&21,
SUCCESS;149:edges = 150,fail_cases = 19,fault = 11&12&13&25&26&15&27&28&17&29&18&19&6&7&8&20&21&10,
SUCCESS;150:edges = 151,fail_cases = 19,fault = 11&22&12&23&25&14&26&15&27&28&17&29&18&19&6&7&8&10&21,
SUCCESS;151:edges = 152,fail_cases = 19,fault = 25&26&27&28&17&29&18&19&30&21,
SUCCESS;152:edges = 153,fail_cases = 19,fault = 11&12&25&14&26&15&27&28&17&29&18&19&6&7&8&30&10&21,
SUCCESS;153:edges = 154,fail_cases = 19,fault = 11&12&13&25&26&15&27&28&17&29&18&19&6&7&8&30&20&21&10,
SUCCESS;154:edges = 155,fail_cases = 19,fault = 11&22&12&23&25&14&26&15&27&28&17&29&18&19&6&7&8&30&10&21,
FAIL;155:edges = 155,fail_cases = 20,fault = 25&26&27&28&29&30&31,