SUCCESS;0:edges = 7,fail_cases = 0,fault = ,
SUCCESS;1:edges = 8,fail_cases = 0,fault = 1,
SUCCESS;2:edges = 9,fail_cases = 0,fault = 1&2,
SUCCESS;3:edges = 10,fail_cases = 0,fault = 1&2&3,
FAIL;4:edges = 10,fail_cases = 1,fault = 1&2&3&4,
SUCCESS;5:edges = 12,fail_cases = 1,fault = 5,
SUCCESS;6:edges = 13,fail_cases = 1,fault = 1&5,
SUCCESS;7:edges = 14,fail_cases = 1,fault = 1&2&5,
SUCCESS;8:edges = 15,fail_cases = 1,fault = 1&2&3&5,
SUCCESS;9:edges = 17,fail_cases = 1,fault = 5&6,
SUCCESS;10:edges = 18,fail_cases = 1,fault = 1&5&6,
SUCCESS;11:edges = 19,fail_cases = 1,fault = 1&2&5&6,
SUCCESS;12:edges = 20,fail_cases = 1,fault = 1&2&3&5&6,
SUCCESS;13:edges = 22,fail_cases = 1,fault = 5&6&7,
SUCCESS;14:edges = 23,fail_cases = 1,fault = 1&5&6&7,
SUCCESS;15:edges = 24,fail_cases = 1,fault = 1&2&5&6&7,
SUCCESS;16:edges = 25,fail_cases = 1,fault = 1&2&3&5&6&7,
SUCCESS;17:edges = 27,fail_cases = 1,fault = 5&6&7&8,
SUCCESS;18:edges = 28,fail_cases = 1,fault = 1&5&6&7&8,
SUCCESS;19:edges = 29,fail_cases = 1,fault = 1&2&5&6&7&8,
SUCCESS;20:edges = 30,fail_cases = 1,fault = 1&2&3&5&6&7&8,
SUCCESS;21:edges = 32,fail_cases = 1,fault = 5&6&7&8&9,
SUCCESS;22:edges = 33,fail_cases = 1,fault = 1&5&6&7&8&9,
SUCCESS;23:edges = 34,fail_cases = 1,fault = 1&2&5&6&7&8&9,
SUCCESS;24:edges = 35,fail_cases = 1,fault = 1&2&3&5&6&7&8&9,
FAIL;25:edges = 35,fail_cases = 2,fault = 5&6&7&8&9&10,
SUCCESS;26:edges = 37,fail_cases = 2,fault = 11,
SUCCESS;27:edges = 38,fail_cases = 2,fault = 11&5,
SUCCESS;28:edges = 39,fail_cases = 2,fault = 11&5&6,
SUCCESS;29:edges = 40,fail_cases = 2,fault = 11&5&6&7,
SUCCESS;30:edges = 41,fail_cases = 2,fault = 11&5&6&7&8,
SUCCESS;31:edges = 42,fail_cases = 2,fault = 11&5&6&7&8&9,
SUCCESS;32:edges = 44,fail_cases = 2,fault = 11&12,
SUCCESS;33:edges = 45,fail_cases = 2,fault = 11&12&5,
SUCCESS;34:edges = 46,fail_cases = 2,fault = 11&12&5&6,
SUCCESS;35:edges = 47,fail_cases = 2,fault = 11&12&5&6&7,
SUCCESS;36:edges = 48,fail_cases = 2,fault = 11&12&5&6&7&8,
SUCCESS;37:edges = 49,fail_cases = 2,fault = 11&12&5&6&7&8&9,
SUCCESS;38:edges = 51,fail_cases = 2,fault = 11&12&13,
SUCCESS;39:edges = 52,fail_cases = 2,fault = 11&12&13&5,
SUCCESS;40:edges = 53,fail_cases = 2,fault = 11&12&13&5&6,
SUCCESS;41:edges = 54,fail_cases = 2,fault = 11&12&13&5&6&7,
SUCCESS;42:edges = 55,fail_cases = 2,fault = 11&12&13&5&6&7&8,
SUCCESS;43:edges = 56,fail_cases = 2,fault = 11&12&13&5&6&7&8&9,
SUCCESS;44:edges = 58,fail_cases = 2,fault = 11&12&13&14,
SUCCESS;45:edges = 59,fail_cases = 2,fault = 11&12&13&14&5,
SUCCESS;46:edges = 60,fail_cases = 2,fault = 11&12&13&14&5&6,
SUCCESS;47:edges = 61,fail_cases = 2,fault = 11&12&13&14&5&6&7,
SUCCESS;48:edges = 62,fail_cases = 2,fault = 11&12&13&14&5&6&7&8,
SUCCESS;49:edges = 63,fail_cases = 2,fault = 11&12&13&14&5&6&7&8&9,
FAIL;50:edges = 63,fail_cases = 3,fault = 11&12&13&14&15,
SUCCESS;51:edges = 65,fail_cases = 3,fault = 16,
SUCCESS;52:edges = 66,fail_cases = 3,fault = 11&16,
SUCCESS;53:edges = 67,fail_cases = 3,fault = 11&12&16,
SUCCESS;54:edges = 68,fail_cases = 3,fault = 11&12&13&16,
SUCCESS;55:edges = 69,fail_cases = 3,fault = 11&12&13&14&16,
SUCCESS;56:edges = 71,fail_cases = 3,fault = 16&17,
SUCCESS;57:edges = 72,fail_cases = 3,fault = 11&16&17,
SUCCESS;58:edges = 73,fail_cases = 3,fault = 11&12&16&17,
SUCCESS;59:edges = 74,fail_cases = 3,fault = 11&12&13&16&17,
SUCCESS;60:edges = 75,fail_cases = 3,fault = 11&12&13&14&16&17,
SUCCESS;61:edges = 77,fail_cases = 3,fault = 16&17&18,
SUCCESS;62:edges = 78,fail_cases = 3,fault = 11&16&17&18,
SUCCESS;63:edges = 79,fail_cases = 3,fault = 11&12&16&17&18,
SUCCESS;64:edges = 80,fail_cases = 3,fault = 11&12&13&16&17&18,
SUCCESS;65:edges = 81,fail_cases = 3,fault = 11&12&13&14&16&17&18,
SUCCESS;66:edges = 83,fail_cases = 3,fault = 16&17&18&19,
SUCCESS;67:edges = 84,fail_cases = 3,fault = 11&16&17&18&19,
SUCCESS;68:edges = 85,fail_cases = 3,fault = 11&12&16&17&18&19,
SUCCESS;69:edges = 86,fail_cases = 3,fault = 11&12&13&16&17&18&19,
SUCCESS;70:edges = 87,fail_cases = 3,fault = 11&12&13&14&16&17&18&19,
SUCCESS;71:edges = 89,fail_cases = 3,fault = 16&17&18&19&20,
SUCCESS;72:edges = 90,fail_cases = 3,fault = 11&16&17&18&19&20,
SUCCESS;73:edges = 91,fail_cases = 3,fault = 11&12&16&17&18&19&20,
SUCCESS;74:edges = 92,fail_cases = 3,fault = 11&12&13&16&17&18&19&20,
SUCCESS;75:edges = 93,fail_cases = 3,fault = 11&12&13&14&16&17&18&19&20,
FAIL;76:edges = 93,fail_cases = 4,fault = 16&17&18&19&20&21,
SUCCESS;77:edges = 95,fail_cases = 4,fault = 22,
SUCCESS;78:edges = 96,fail_cases = 4,fault = 22&16,
SUCCESS;79:edges = 97,fail_cases = 4,fault = 22&16&17,
SUCCESS;80:edges = 98,fail_cases = 4,fault = 22&16&17&18,
SUCCESS;81:edges = 99,fail_cases = 4,fault = 22&16&17&18&19,
SUCCESS;82:edges = 100,fail_cases = 4,fault = 22&16&17&18&19&20,
SUCCESS;83:edges = 102,fail_cases = 4,fault = 22&23,
SUCCESS;84:edges = 103,fail_cases = 4,fault = 22&23&16,
SUCCESS;85:edges = 104,fail_cases = 4,fault = 22&23&16&17,
SUCCESS;86:edges = 105,fail_cases = 4,fault = 22&23&16&17&18,
SUCCESS;87:edges = 106,fail_cases = 4,fault = 22&23&16&17&18&19,
SUCCESS;88:edges = 107,fail_cases = 4,fault = 22&23&16&17&18&19&20,
FAIL;89:edges = 107,fail_cases = 5,fault = 22&23&24,
SUCCESS;90:edges = 109,fail_cases = 5,fault = 25,
SUCCESS;91:edges = 110,fail_cases = 5,fault = 22&25,
SUCCESS;92:edges = 111,fail_cases = 5,fault = 22&23&25,
SUCCESS;93:edges = 113,fail_cases = 5,fault = 25&26,
SUCCESS;94:edges = 114,fail_cases = 5,fault = 22&25&26,
SUCCESS;95:edges = 115,fail_cases = 5,fault = 22&23&25&26,
SUCCESS;96:edges = 117,fail_cases = 5,fault = 25&26&27,
SUCCESS;97:edges = 118,fail_cases = 5,fault = 22&25&26&27,
SUCCESS;98:edges = 119,fail_cases = 5,fault = 22&23&25&26&27,
FAIL;99:edges = 119,fail_cases = 6,fault = 25&26&27&28,
SUCCESS;100:edges = 121,fail_cases = 6,fault = 29,
SUCCESS;101:edges = 122,fail_cases = 6,fault = 25&29,
SUCCESS;102:edges = 123,fail_cases = 6,fault = 25&26&29,
SUCCESS;103:edges = 124,fail_cases = 6,fault = 25&26&27&29,
SUCCESS;104:edges = 126,fail_cases = 6,fault = 29&30,
SUCCESS;105:edges = 127,fail_cases = 6,fault = 25&29&30,
SUCCESS;106:edges = 128,fail_cases = 6,fault = 25&26&29&30,
SUCCESS;107:edges = 129,fail_cases = 6,fault = 25&26&27&29&30,
FAIL;108:edges = 129,fail_cases = 7,fault = 29&30&31,
SUCCESS;109:edges = 130,fail_cases = 7,fault = 32,
SUCCESS;110:edges = 131,fail_cases = 7,fault = 29&32,
SUCCESS;111:edges = 132,fail_cases = 7,fault = 29&30&32,
SUCCESS;112:edges = 133,fail_cases = 7,fault = 33&32,
SUCCESS;113:edges = 134,fail_cases = 7,fault = 33&29&32,
SUCCESS;114:edges = 135,fail_cases = 7,fault = 33&29&30&32,
SUCCESS;115:edges = 136,fail_cases = 7,fault = 33&34&32,
SUCCESS;116:edges = 137,fail_cases = 7,fault = 33&34&29&32,
SUCCESS;117:edges = 138,fail_cases = 7,fault = 33&34&29&30&32,
SUCCESS;118:edges = 139,fail_cases = 7,fault = 33&34&35&32,
SUCCESS;119:edges = 140,fail_cases = 7,fault = 33&34&35&29&32,
SUCCESS;120:edges = 141,fail_cases = 7,fault = 33&34&35&29&30&32,
FAIL;121:edges = 141,fail_cases = 8,fault = 33&34&35&36&32,