SUCCESS;0:edges = 24,fail_cases = 0,fault = ,
SUCCESS;1:edges = 25,fail_cases = 0,fault = 1,
SUCCESS;2:edges = 26,fail_cases = 0,fault = 1&2,
SUCCESS;3:edges = 27,fail_cases = 0,fault = 1&2&3,
SUCCESS;4:edges = 28,fail_cases = 0,fault = 1&2&3&4,
SUCCESS;5:edges = 29,fail_cases = 0,fault = 1&2&3&4&5,
FAIL;6:edges = 29,fail_cases = 1,fault = 1&2&3&4&5&6,
SUCCESS;7:edges = 31,fail_cases = 1,fault = 7,
SUCCESS;8:edges = 32,fail_cases = 1,fault = 1&7,
SUCCESS;9:edges = 33,fail_cases = 1,fault = 1&2&7,
SUCCESS;10:edges = 34,fail_cases = 1,fault = 1&2&3&7,
SUCCESS;11:edges = 35,fail_cases = 1,fault = 1&2&3&5&7,
SUCCESS;12:edges = 37,fail_cases = 1,fault = 1&2&3&5&6&7,
SUCCESS;13:edges = 38,fail_cases = 1,fault = 4&7&8,
SUCCESS;14:edges = 40,fail_cases = 1,fault = 1&2&3&5&6&7&9,
SUCCESS;15:edges = 42,fail_cases = 1,fault = 1&2&3&5&6&7&9&10,
SUCCESS;16:edges = 43,fail_cases = 1,fault = 4&7&8&9,
FAIL;17:edges = 43,fail_cases = 2,fault = 11&1&2&3&5&6&7&9&10,
SUCCESS;18:edges = 44,fail_cases = 2,fault = 4&7&8&9&10,
SUCCESS;19:edges = 45,fail_cases = 2,fault = 1&4&7&8,
SUCCESS;20:edges = 46,fail_cases = 2,fault = 1&2&4&7&8,
SUCCESS;21:edges = 47,fail_cases = 2,fault = 1&4&7&8&9,
SUCCESS;22:edges = 48,fail_cases = 2,fault = 1&2&4&5&7&8,
SUCCESS;23:edges = 49,fail_cases = 2,fault = 1&2&4&7&8&9,
SUCCESS;24:edges = 50,fail_cases = 2,fault = 1&2&4&5&6&7&8&10,
FAIL;25:edges = 50,fail_cases = 3,fault = 11&1&2&4&5&6&7&8&10,
SUCCESS;26:edges = 51,fail_cases = 3,fault = 1&3&4&7&8&9&10,
SUCCESS;27:edges = 52,fail_cases = 3,fault = 1&3&4&5&7&8&9&10,
SUCCESS;28:edges = 53,fail_cases = 3,fault = 11&1&2&3&4&7&8&9,
FAIL;29:edges = 53,fail_cases = 4,fault = 1&3&4&5&6&7&8&9&10,
SUCCESS;30:edges = 54,fail_cases = 4,fault = 11&1&2&3&4&5&7&8&9,
FAIL;31:edges = 54,fail_cases = 5,fault = 11&7&8&9&10,
SUCCESS;32:edges = 56,fail_cases = 5,fault = 16,
SUCCESS;33:edges = 57,fail_cases = 5,fault = 16&7,
SUCCESS;34:edges = 58,fail_cases = 5,fault = 1&2&3&16&5&6&7,
SUCCESS;35:edges = 59,fail_cases = 5,fault = 1&2&4&16&5&6&7&8,
SUCCESS;36:edges = 60,fail_cases = 5,fault = 1&2&4&16&5&6&7&8&10,
SUCCESS;37:edges = 62,fail_cases = 5,fault = 16&17,
SUCCESS;38:edges = 63,fail_cases = 5,fault = 16&17&7,
SUCCESS;39:edges = 64,fail_cases = 5,fault = 1&2&3&16&5&17&6&7,
SUCCESS;40:edges = 65,fail_cases = 5,fault = 1&2&3&16&5&17&6&7&9,
SUCCESS;41:edges = 66,fail_cases = 5,fault = 1&2&3&16&5&17&6&7&9&10,
SUCCESS;42:edges = 68,fail_cases = 5,fault = 12&16&17,
SUCCESS;43:edges = 69,fail_cases = 5,fault = 12&16&17&7,
SUCCESS;44:edges = 70,fail_cases = 5,fault = 12&1&2&4&16&5&17&6&7,
SUCCESS;45:edges = 71,fail_cases = 5,fault = 12&1&2&4&16&5&17&6&7&10,
SUCCESS;46:edges = 73,fail_cases = 5,fault = 12&1&3&4&16&5&17&6&7&9&10,
SUCCESS;47:edges = 75,fail_cases = 5,fault = 11&12&1&2&14&4&16&5&17&6&7&10,
FAIL;48:edges = 75,fail_cases = 6,fault = 12&14&15&16&17&1&3&4&5&6&7&9&10,
SUCCESS;49:edges = 76,fail_cases = 6,fault = 12&1&13&2&3&16&5&17&6,
FAIL;50:edges = 76,fail_cases = 7,fault = 11&12&14&15&16&17&1&2&4&5&6&7&10,
SUCCESS;51:edges = 77,fail_cases = 7,fault = 12&1&13&2&3&16&5&17&6&7,
SUCCESS;52:edges = 78,fail_cases = 7,fault = 12&1&13&2&3&16&5&17&6&7&9,
SUCCESS;53:edges = 79,fail_cases = 7,fault = 12&1&13&2&3&16&5&17&6&7&9&10,
SUCCESS;54:edges = 80,fail_cases = 7,fault = 12&1&13&2&14&3&16&5&17&6,
SUCCESS;55:edges = 81,fail_cases = 7,fault = 12&1&13&2&14&3&16&5&17&6&7,
SUCCESS;56:edges = 82,fail_cases = 7,fault = 12&1&13&2&14&4&16&5&17&6&7&8,
SUCCESS;57:edges = 83,fail_cases = 7,fault = 12&13&14&16&17&1&2&3&5&6&7&9&10,
FAIL;58:edges = 83,fail_cases = 8,fault = 11&12&14&15&16&17&7&9&10,
FAIL;59:edges = 83,fail_cases = 9,fault = 12&13&14&15&16&17,
SUCCESS;60:edges = 85,fail_cases = 9,fault = 18,
SUCCESS;61:edges = 86,fail_cases = 9,fault = 16&18,
SUCCESS;62:edges = 87,fail_cases = 9,fault = 16&17&18,
SUCCESS;63:edges = 88,fail_cases = 9,fault = 12&16&17&18,
SUCCESS;64:edges = 89,fail_cases = 9,fault = 11&12&1&2&4&16&5&17&6&18&7&10,
SUCCESS;65:edges = 90,fail_cases = 9,fault = 12&14&16&17&18&1&3&4&5&6&7&9&10,
SUCCESS;66:edges = 92,fail_cases = 9,fault = 18&19,
SUCCESS;67:edges = 93,fail_cases = 9,fault = 16&18&19,
SUCCESS;68:edges = 94,fail_cases = 9,fault = 16&17&18&19,
SUCCESS;69:edges = 95,fail_cases = 9,fault = 12&16&17&18&19,
SUCCESS;70:edges = 96,fail_cases = 9,fault = 12&16&17&18&19&1&3&4&5&6&7&9&10,
SUCCESS;71:edges = 97,fail_cases = 9,fault = 12&14&16&17&18&19&1&3&4&5&6&7&9&10,
SUCCESS;72:edges = 99,fail_cases = 9,fault = 18&19&20,
SUCCESS;73:edges = 100,fail_cases = 9,fault = 16&18&19&20,
SUCCESS;74:edges = 101,fail_cases = 9,fault = 16&17&18&19&20,
SUCCESS;75:edges = 102,fail_cases = 9,fault = 12&16&17&18&19&20,
SUCCESS;76:edges = 103,fail_cases = 9,fault = 12&16&17&18&19&1&3&4&5&6&7&9&20&10,
SUCCESS;77:edges = 104,fail_cases = 9,fault = 12&14&16&17&18&19&1&3&4&5&6&7&9&20&10,
SUCCESS;78:edges = 106,fail_cases = 9,fault = 18&19&20&21,
SUCCESS;79:edges = 107,fail_cases = 9,fault = 16&18&19&20&21,
SUCCESS;80:edges = 108,fail_cases = 9,fault = 16&17&18&19&20&21,
SUCCESS;81:edges = 109,fail_cases = 9,fault = 12&16&17&18&19&20&21,
SUCCESS;82:edges = 110,fail_cases = 9,fault = 12&16&17&18&19&1&3&4&5&6&7&9&20&21&10,
SUCCESS;83:edges = 111,fail_cases = 9,fault = 11&12&14&16&17&18&19&1&2&4&5&6&7&20&21&10,
FAIL;84:edges = 111,fail_cases = 10,fault = 22&18&19&20&21,
SUCCESS;85:edges = 113,fail_cases = 10,fault = 23,
SUCCESS;86:edges = 114,fail_cases = 10,fault = 23&18,
SUCCESS;87:edges = 115,fail_cases = 10,fault = 23&18&19,
SUCCESS;88:edges = 117,fail_cases = 10,fault = 23&18&19&20,
SUCCESS;89:edges = 119,fail_cases = 10,fault = 23&25&18&19&20,
SUCCESS;90:edges = 120,fail_cases = 10,fault = 23&18&19&20&21,
SUCCESS;91:edges = 121,fail_cases = 10,fault = 23&25&18&19&20&21,
SUCCESS;92:edges = 122,fail_cases = 10,fault = 22&23&24&21,
SUCCESS;93:edges = 123,fail_cases = 10,fault = 22&23&24&18&21,
SUCCESS;94:edges = 124,fail_cases = 10,fault = 22&23&24&18&19&21,
SUCCESS;95:edges = 125,fail_cases = 10,fault = 22&23&24&25&21,
SUCCESS;96:edges = 126,fail_cases = 10,fault = 22&23&24&25&18&21,
SUCCESS;97:edges = 128,fail_cases = 10,fault = 23&25&26&18&19&20,
SUCCESS;98:edges = 129,fail_cases = 10,fault = 22&23&24&25&18&19&21,
SUCCESS;99:edges = 130,fail_cases = 10,fault = 23&24&25&26&21,
SUCCESS;100:edges = 132,fail_cases = 10,fault = 23&25&26&27&18&19&20,
SUCCESS;101:edges = 133,fail_cases = 10,fault = 23&24&25&26&27&21,
SUCCESS;102:edges = 134,fail_cases = 10,fault = 23&25&26&18&19&20&21,
SUCCESS;103:edges = 135,fail_cases = 10,fault = 23&25&26&27&18&19&20&21,
SUCCESS;104:edges = 136,fail_cases = 10,fault = 22&23&24&25&26&18&21,
SUCCESS;105:edges = 137,fail_cases = 10,fault = 22&23&24&25&26&18&19&21,
SUCCESS;106:edges = 138,fail_cases = 10,fault = 22&23&24&25&26&27&18&21,
SUCCESS;107:edges = 139,fail_cases = 10,fault = 22&23&24&25&26&27&18&19&21,
SUCCESS;108:edges = 141,fail_cases = 10,fault = 23&25&26&27&28&18&19&20,
SUCCESS;109:edges = 142,fail_cases = 10,fault = 23&25&26&27&28&18&19&20&21,
SUCCESS;110:edges = 145,fail_cases = 10,fault = 23&25&26&27&28&18&19&30&20,
SUCCESS;111:edges = 146,fail_cases = 10,fault = 23&25&26&27&28&18&19&30&20&21,
SUCCESS;112:edges = 147,fail_cases = 10,fault = 22&23&24&25&26&27&28&21,
SUCCESS;113:edges = 148,fail_cases = 10,fault = 22&23&24&25&26&27&28&18&21,
FAIL;114:edges = 148,fail_cases = 11,fault = 23&25&26&27&28&18&29&19&30&20,
SUCCESS;115:edges = 149,fail_cases = 11,fault = 22&32&21,
SUCCESS;116:edges = 150,fail_cases = 11,fault = 22&23&32&21,
SUCCESS;117:edges = 151,fail_cases = 11,fault = 22&23&24&25&26&27&28&18&20&21,
SUCCESS;118:edges = 152,fail_cases = 11,fault = 22&23&24&19&32&21,
FAIL;119:edges = 152,fail_cases = 12,fault = 22&23&24&25&26&27&28&18&29&20&21,
SUCCESS;120:edges = 154,fail_cases = 12,fault = 22&33&23&24&25&26&27&28&18&20&21,
SUCCESS;121:edges = 155,fail_cases = 12,fault = 22&23&24&25&19&32&21,
SUCCESS;122:edges = 156,fail_cases = 12,fault = 23&25&26&18&29&19&20&32,
SUCCESS;123:edges = 158,fail_cases = 12,fault = 22&33&23&34&24&25&26&27&28&18&20&21,
SUCCESS;124:edges = 159,fail_cases = 12,fault = 33&22&19&32&21,
SUCCESS;125:edges = 161,fail_cases = 12,fault = 22&33&23&34&24&35&25&26&27&28&18&20&21,
SUCCESS;126:edges = 162,fail_cases = 12,fault = 22&23&24&25&26&27&19&32&21,
SUCCESS;127:edges = 163,fail_cases = 12,fault = 22&23&24&25&26&27&28&19&30&21,
SUCCESS;128:edges = 164,fail_cases = 12,fault = 33&22&23&18&19&32&21,
SUCCESS;129:edges = 165,fail_cases = 12,fault = 33&22&23&24&18&19&32&21,
SUCCESS;130:edges = 166,fail_cases = 12,fault = 33&22&34&18&19&32&21,
SUCCESS;131:edges = 168,fail_cases = 12,fault = 22&33&23&34&24&35&25&26&37&27&28&18&20&21,
FAIL;132:edges = 168,fail_cases = 13,fault = 33&23&34&35&25&26&37&27&28&18&19&30&20&31,
SUCCESS;133:edges = 169,fail_cases = 13,fault = 33&22&34&23&18&19&32&21,
SUCCESS;134:edges = 171,fail_cases = 13,fault = 33&22&34&35&18&19&32&21,
SUCCESS;135:edges = 172,fail_cases = 13,fault = 33&22&34&35&36&18&19&32&21,
SUCCESS;136:edges = 173,fail_cases = 13,fault = 33&23&25&18&29&19&20&32,
SUCCESS;137:edges = 174,fail_cases = 13,fault = 22&23&24&25&26&27&28&18&19&32&21,
FAIL;138:edges = 174,fail_cases = 14,fault = 22&33&23&34&24&35&25&26&37&27&28&18&20&31&21,
SUCCESS;139:edges = 175,fail_cases = 14,fault = 33&34&23&18&29&19&20&32,
SUCCESS;140:edges = 176,fail_cases = 14,fault = 33&34&23&25&18&29&19&20&32,
SUCCESS;141:edges = 177,fail_cases = 14,fault = 33&34&23&25&27&18&29&19&20&32,
SUCCESS;142:edges = 178,fail_cases = 14,fault = 33&23&35&25&26&18&29&19&20&32,
SUCCESS;143:edges = 179,fail_cases = 14,fault = 33&23&35&25&26&27&18&29&19&20&32,
SUCCESS;144:edges = 180,fail_cases = 14,fault = 23&25&26&27&28&18&29&19&20&32,
SUCCESS;145:edges = 181,fail_cases = 14,fault = 33&34&23&25&27&28&18&29&19&20&32,
SUCCESS;146:edges = 182,fail_cases = 14,fault = 33&34&23&25&27&28&18&29&19&30&20&32,
SUCCESS;147:edges = 183,fail_cases = 14,fault = 33&22&34&23&24&25&36&27&28&29&18&20&32&21,
SUCCESS;148:edges = 184,fail_cases = 14,fault = 33&34&23&25&36&37&27&28&18&29&19&30&20&32,
FAIL;149:edges = 184,fail_cases = 15,fault = 33&34&23&25&36&37&27&28&18&29&19&30&20&31&32,
SUCCESS;150:edges = 185,fail_cases = 15,fault = 33&23&35&25&26&27&28&18&29&19&20&32,
FAIL;151:edges = 185,fail_cases = 16,fault = 33&22&34&23&24&25&36&37&27&28&29&18&20&31&32&21,
FAIL;152:edges = 185,fail_cases = 17,fault = 23&24&25&26&27&28&29&30,
SUCCESS;153:edges = 186,fail_cases = 17,fault = 33&34&23&35&26&29&32,
SUCCESS;154:edges = 187,fail_cases = 17,fault = 33&34&23&35&26&18&29&19&20&32,
SUCCESS;155:edges = 188,fail_cases = 17,fault = 33&34&23&35&25&26&18&29&19&20&32,
SUCCESS;156:edges = 189,fail_cases = 17,fault = 33&34&23&35&25&26&37&27&18&19&20&31&32,
SUCCESS;157:edges = 190,fail_cases = 17,fault = 33&34&23&35&25&26&27&28&18&29&19&20&32,
FAIL;158:edges = 190,fail_cases = 18,fault = 33&23&34&24&35&25&26&37&27&28&30&31,
SUCCESS;159:edges = 191,fail_cases = 18,fault = 33&34&35&36&37&26&29&32,
FAIL;160:edges = 191,fail_cases = 19,fault = 33&34&23&24&25&36&37&27&28&29&30&31&32,
SUCCESS;161:edges = 192,fail_cases = 19,fault = 33&34&23&35&36&26&29&32,
SUCCESS;162:edges = 193,fail_cases = 19,fault = 33&34&23&35&36&26&18&29&19&20&32,
SUCCESS;163:edges = 194,fail_cases = 19,fault = 33&34&23&35&36&25&26&18&29&19&20&32,
SUCCESS;164:edges = 195,fail_cases = 19,fault = 33&34&23&35&36&25&26&27&18&29&19&20&32,
SUCCESS;165:edges = 196,fail_cases = 19,fault = 33&34&23&35&36&25&26&27&28&18&29&19&20&32,
SUCCESS;166:edges = 197,fail_cases = 19,fault = 33&34&23&35&36&37&26&29&32,
SUCCESS;167:edges = 198,fail_cases = 19,fault = 33&34&23&35&36&37&26&18&29&19&20&32,
SUCCESS;168:edges = 199,fail_cases = 19,fault = 33&34&23&35&36&25&37&26&18&29&19&20&32,
SUCCESS;169:edges = 200,fail_cases = 19,fault = 33&34&23&35&36&25&37&26&27&18&29&19&20&32,
SUCCESS;170:edges = 201,fail_cases = 19,fault = 33&34&23&35&36&25&37&26&27&28&18&29&19&20&32,
FAIL;171:edges = 201,fail_cases = 20,fault = 33&34&35&36&37&31&32,
SUCCESS;172:edges = 203,fail_cases = 20,fault = 38,
SUCCESS;173:edges = 204,fail_cases = 20,fault = 22&23&24&25&26&38&27&28&18&20&21,
SUCCESS;174:edges = 205,fail_cases = 20,fault = 22&33&23&24&25&26&38&27&28&18&20&21,
SUCCESS;175:edges = 206,fail_cases = 20,fault = 33&23&34&25&26&38&27&28&18&19&30&20,
SUCCESS;176:edges = 207,fail_cases = 20,fault = 22&33&23&34&24&35&25&26&38&27&28&18&20&21,
SUCCESS;177:edges = 208,fail_cases = 20,fault = 33&23&34&35&25&26&37&38&27&28&18&19&30&20,
SUCCESS;178:edges = 209,fail_cases = 20,fault = 33&22&34&23&24&25&37&38&27&28&29&18&20&31&32&21,
SUCCESS;179:edges = 211,fail_cases = 20,fault = 38&39,
SUCCESS;180:edges = 212,fail_cases = 20,fault = 22&23&24&25&26&38&27&39&28&18&20&21,
SUCCESS;181:edges = 213,fail_cases = 20,fault = 33&23&25&26&38&27&39&28&18&19&30&20,
SUCCESS;182:edges = 214,fail_cases = 20,fault = 33&23&34&25&26&38&27&39&28&18&19&30&20,
SUCCESS;183:edges = 215,fail_cases = 20,fault = 33&23&34&35&25&26&38&27&39&28&18&19&30&20,
SUCCESS;184:edges = 217,fail_cases = 20,fault = 22&33&23&34&24&35&25&26&37&38&27&39&28&18&20&21,
SUCCESS;185:edges = 218,fail_cases = 20,fault = 33&34&23&25&37&38&27&39&28&18&29&19&30&41&20&32,
SUCCESS;186:edges = 220,fail_cases = 20,fault = 22&33&23&34&24&35&25&26&37&38&27&39&28&18&41&20&21,
SUCCESS;187:edges = 222,fail_cases = 20,fault = 33&34&23&25&36&37&38&27&39&28&18&29&19&30&41&20&42&32,
FAIL;188:edges = 222,fail_cases = 21,fault = 33&34&23&25&36&37&38&27&39&28&18&29&19&30&41&20&42&32&43,
FAIL;189:edges = 222,fail_cases = 22,fault = 22&33&23&34&24&35&25&26&37&38&27&39&28&18&41&20&42&21&43,
FAIL;190:edges = 222,fail_cases = 23,fault = 33&23&34&35&25&26&37&38&27&39&28&18&19&30&41&20&42&43,
FAIL;191:edges = 222,fail_cases = 24,fault = 33&22&34&23&24&25&36&37&38&27&39&28&29&18&41&20&42&32&21&43,
FAIL;192:edges = 222,fail_cases = 25,fault = 33&23&34&24&35&25&26&37&38&27&39&28&30&41&42&43,
FAIL;193:edges = 222,fail_cases = 26,fault = 33&34&23&24&25&36&37&38&27&39&28&29&30&41&42&32&43,
SUCCESS;194:edges = 223,fail_cases = 26,fault = 38&39&40&31,
SUCCESS;195:edges = 224,fail_cases = 26,fault = 22&23&24&25&26&38&27&39&28&18&40&20&31&21,
SUCCESS;196:edges = 225,fail_cases = 26,fault = 33&23&25&26&38&27&39&28&18&19&40&30&20&31,
SUCCESS;197:edges = 226,fail_cases = 26,fault = 22&33&23&34&24&25&26&38&27&39&28&18&40&20&31&21,
SUCCESS;198:edges = 227,fail_cases = 26,fault = 33&22&34&23&24&25&38&27&39&28&29&18&40&20&31&32&21,
SUCCESS;199:edges = 228,fail_cases = 26,fault = 33&22&34&23&24&25&36&38&27&39&28&29&18&40&20&31&32&21,
FAIL;200:edges = 228,fail_cases = 27,fault = 33&34&35&36&37&38&39&41&42&32&43,
SUCCESS;201:edges = 229,fail_cases = 27,fault = 38&39&40&41&31,
SUCCESS;202:edges = 230,fail_cases = 27,fault = 23&25&26&38&27&39&28&18&19&40&41&30&20&31,
SUCCESS;203:edges = 231,fail_cases = 27,fault = 33&23&25&26&38&27&39&28&18&19&40&41&30&20&31,
SUCCESS;204:edges = 232,fail_cases = 27,fault = 33&23&34&25&26&38&27&39&28&18&19&40&41&30&20&31,
SUCCESS;205:edges = 233,fail_cases = 27,fault = 33&22&34&23&24&25&38&27&39&28&29&18&40&41&20&31&32&21,
SUCCESS;206:edges = 234,fail_cases = 27,fault = 33&34&23&25&36&38&27&39&28&18&29&19&40&41&30&20&31&32,
SUCCESS;207:edges = 235,fail_cases = 27,fault = 38&39&40&41&42&31,
SUCCESS;208:edges = 236,fail_cases = 27,fault = 22&23&24&25&26&38&27&39&28&18&40&41&42&20&31&21,
SUCCESS;209:edges = 237,fail_cases = 27,fault = 22&33&23&24&25&26&38&27&39&28&18&40&41&42&20&31&21,
SUCCESS;210:edges = 238,fail_cases = 27,fault = 22&33&23&34&24&25&26&38&27&39&28&18&40&41&42&20&31&21,
SUCCESS;211:edges = 239,fail_cases = 27,fault = 33&22&34&23&24&25&38&27&39&28&29&18&40&41&42&20&31&32&21,
SUCCESS;212:edges = 240,fail_cases = 27,fault = 22&33&23&34&24&35&25&26&38&27&39&28&18&40&41&42&20&31&21,
FAIL;213:edges = 240,fail_cases = 28,fault = 38&39&40&41&42&43,
SUCCESS;214:edges = 242,fail_cases = 28,fault = 44,
SUCCESS;215:edges = 243,fail_cases = 28,fault = 44&38,
SUCCESS;216:edges = 244,fail_cases = 28,fault = 44&38&39,
SUCCESS;217:edges = 245,fail_cases = 28,fault = 44&38&39&41,
SUCCESS;218:edges = 246,fail_cases = 28,fault = 44&38&39&41&42,
FAIL;219:edges = 246,fail_cases = 29,fault = 44&38&39&41&42&43,
SUCCESS;220:edges = 248,fail_cases = 29,fault = 44&45,
SUCCESS;221:edges = 249,fail_cases = 29,fault = 44&45&38,
SUCCESS;222:edges = 250,fail_cases = 29,fault = 44&45&38&39,
SUCCESS;223:edges = 251,fail_cases = 29,fault = 44&45&38&39&41,
SUCCESS;224:edges = 252,fail_cases = 29,fault = 44&45&38&39&41&42,
FAIL;225:edges = 252,fail_cases = 30,fault = 44&45&46,
SUCCESS;226:edges = 254,fail_cases = 30,fault = 48,
SUCCESS;227:edges = 255,fail_cases = 30,fault = 44&48,
SUCCESS;228:edges = 256,fail_cases = 30,fault = 44&45&48,
SUCCESS;229:edges = 258,fail_cases = 30,fault = 48&49,
SUCCESS;230:edges = 259,fail_cases = 30,fault = 44&48&49,
SUCCESS;231:edges = 260,fail_cases = 30,fault = 44&45&48&49,
SUCCESS;232:edges = 262,fail_cases = 30,fault = 48&49&50,
SUCCESS;233:edges = 263,fail_cases = 30,fault = 44&48&49&50,
SUCCESS;234:edges = 264,fail_cases = 30,fault = 44&45&48&49&50,
FAIL;235:edges = 264,fail_cases = 31,fault = 47&48&49&50,
SUCCESS;236:edges = 266,fail_cases = 31,fault = 51,
SUCCESS;237:edges = 267,fail_cases = 31,fault = 48&51,
SUCCESS;238:edges = 268,fail_cases = 31,fault = 48&49&51,
SUCCESS;239:edges = 269,fail_cases = 31,fault = 48&49&50&51,
SUCCESS;240:edges = 271,fail_cases = 31,fault = 51&52,
SUCCESS;241:edges = 272,fail_cases = 31,fault = 49&51&52,
FAIL;242:edges = 272,fail_cases = 32,fault = 49&50&51&52,
FAIL;243:edges = 272,fail_cases = 33,fault = 51&52&53,
SUCCESS;244:edges = 274,fail_cases = 33,fault = 54,
SUCCESS;245:edges = 275,fail_cases = 33,fault = 51&54,
SUCCESS;246:edges = 276,fail_cases = 33,fault = 51&52&54,
SUCCESS;247:edges = 278,fail_cases = 33,fault = 55&54,
SUCCESS;248:edges = 279,fail_cases = 33,fault = 55&51&54,
SUCCESS;249:edges = 280,fail_cases = 33,fault = 55&51&52&54,
SUCCESS;250:edges = 282,fail_cases = 33,fault = 55&56&54,
SUCCESS;251:edges = 283,fail_cases = 33,fault = 55&56&51&54,
SUCCESS;252:edges = 284,fail_cases = 33,fault = 55&56&51&52&54,
SUCCESS;253:edges = 286,fail_cases = 33,fault = 55&56&57&54,
SUCCESS;254:edges = 287,fail_cases = 33,fault = 55&56&57&51&54,
SUCCESS;255:edges = 288,fail_cases = 33,fault = 55&56&57&51&52&54,
SUCCESS;256:edges = 290,fail_cases = 33,fault = 55&56&57&58&54,
SUCCESS;257:edges = 291,fail_cases = 33,fault = 55&56&57&58&51&54,
SUCCESS;258:edges = 292,fail_cases = 33,fault = 55&56&57&58&51&52&54,
FAIL;259:edges = 292,fail_cases = 34,fault = 55&56&57&58&59&54,
SUCCESS;260:edges = 294,fail_cases = 34,fault = 64,
SUCCESS;261:edges = 295,fail_cases = 34,fault = 64&54,
SUCCESS;262:edges = 296,fail_cases = 34,fault = 55&64&54,
SUCCESS;263:edges = 297,fail_cases = 34,fault = 55&56&64&54,
SUCCESS;264:edges = 298,fail_cases = 34,fault = 55&56&57&64&54,
SUCCESS;265:edges = 299,fail_cases = 34,fault = 55&56&57&58&64&54,
SUCCESS;266:edges = 301,fail_cases = 34,fault = 64&65,
SUCCESS;267:edges = 302,fail_cases = 34,fault = 64&65&54,
SUCCESS;268:edges = 303,fail_cases = 34,fault = 55&64&65&54,
SUCCESS;269:edges = 304,fail_cases = 34,fault = 55&56&64&65&54,
SUCCESS;270:edges = 305,fail_cases = 34,fault = 55&56&57&64&65&54,
SUCCESS;271:edges = 306,fail_cases = 34,fault = 55&56&57&58&64&65&54,
SUCCESS;272:edges = 308,fail_cases = 34,fault = 60&64&65,
SUCCESS;273:edges = 309,fail_cases = 34,fault = 60&64&65&54,
SUCCESS;274:edges = 310,fail_cases = 34,fault = 55&60&64&65&54,
SUCCESS;275:edges = 311,fail_cases = 34,fault = 55&56&60&64&65&54,
SUCCESS;276:edges = 312,fail_cases = 34,fault = 55&56&57&60&64&65&54,
SUCCESS;277:edges = 313,fail_cases = 34,fault = 55&56&57&58&60&64&65&54,
SUCCESS;278:edges = 315,fail_cases = 34,fault = 60&61&64&65,
SUCCESS;279:edges = 316,fail_cases = 34,fault = 60&61&64&65&54,
SUCCESS;280:edges = 317,fail_cases = 34,fault = 55&60&61&64&65&54,
SUCCESS;281:edges = 318,fail_cases = 34,fault = 55&56&60&61&64&65&54,
SUCCESS;282:edges = 319,fail_cases = 34,fault = 55&56&57&60&61&64&65&54,
SUCCESS;283:edges = 320,fail_cases = 34,fault = 55&56&57&58&60&61&64&65&54,
SUCCESS;284:edges = 322,fail_cases = 34,fault = 60&61&62&64&65,
SUCCESS;285:edges = 323,fail_cases = 34,fault = 60&61&62&64&65&54,
SUCCESS;286:edges = 324,fail_cases = 34,fault = 55&60&61&62&64&65&54,
SUCCESS;287:edges = 325,fail_cases = 34,fault = 55&56&60&61&62&64&65&54,
SUCCESS;288:edges = 326,fail_cases = 34,fault = 55&56&57&60&61&62&64&65&54,
SUCCESS;289:edges = 327,fail_cases = 34,fault = 55&56&57&58&60&61&62&64&65&54,
FAIL;290:edges = 327,fail_cases = 35,fault = 60&61&62&63&64&65,
SUCCESS;291:edges = 329,fail_cases = 35,fault = 66,
SUCCESS;292:edges = 330,fail_cases = 35,fault = 66&64,
SUCCESS;293:edges = 331,fail_cases = 35,fault = 66&64&65,
SUCCESS;294:edges = 332,fail_cases = 35,fault = 66&60&64&65,
SUCCESS;295:edges = 333,fail_cases = 35,fault = 66&60&61&64&65,
SUCCESS;296:edges = 334,fail_cases = 35,fault = 66&60&61&62&64&65,
SUCCESS;297:edges = 336,fail_cases = 35,fault = 66&67,
SUCCESS;298:edges = 337,fail_cases = 35,fault = 66&67&64,
SUCCESS;299:edges = 338,fail_cases = 35,fault = 66&67&64&65,
SUCCESS;300:edges = 339,fail_cases = 35,fault = 66&67&60&64&65,
SUCCESS;301:edges = 340,fail_cases = 35,fault = 66&67&60&61&64&65,
SUCCESS;302:edges = 341,fail_cases = 35,fault = 66&67&60&61&62&64&65,
FAIL;303:edges = 341,fail_cases = 36,fault = 66&67&68,
SUCCESS;304:edges = 343,fail_cases = 36,fault = 69,
SUCCESS;305:edges = 344,fail_cases = 36,fault = 66&69,
SUCCESS;306:edges = 345,fail_cases = 36,fault = 66&67&69,
SUCCESS;307:edges = 347,fail_cases = 36,fault = 69&70,
SUCCESS;308:edges = 348,fail_cases = 36,fault = 66&69&70,
SUCCESS;309:edges = 349,fail_cases = 36,fault = 66&67&69&70,
SUCCESS;310:edges = 351,fail_cases = 36,fault = 69&70&71,
SUCCESS;311:edges = 352,fail_cases = 36,fault = 66&69&70&71,
SUCCESS;312:edges = 353,fail_cases = 36,fault = 66&67&69&70&71,
SUCCESS;313:edges = 355,fail_cases = 36,fault = 69&70&71&72,
SUCCESS;314:edges = 356,fail_cases = 36,fault = 66&69&70&71&72,
SUCCESS;315:edges = 357,fail_cases = 36,fault = 66&67&69&70&71&72,
SUCCESS;316:edges = 359,fail_cases = 36,fault = 69&70&71&72&73,
SUCCESS;317:edges = 360,fail_cases = 36,fault = 66&69&70&71&72&73,
SUCCESS;318:edges = 361,fail_cases = 36,fault = 66&67&69&70&71&72&73,
FAIL;319:edges = 361,fail_cases = 37,fault = 69&70&71&72&73&74,
SUCCESS;320:edges = 363,fail_cases = 37,fault = 80,
SUCCESS;321:edges = 364,fail_cases = 37,fault = 69&80,
SUCCESS;322:edges = 365,fail_cases = 37,fault = 69&80&70,
SUCCESS;323:edges = 366,fail_cases = 37,fault = 69&80&70&71,
SUCCESS;324:edges = 367,fail_cases = 37,fault = 69&80&70&71&72,
SUCCESS;325:edges = 368,fail_cases = 37,fault = 69&80&70&71&72&73,
SUCCESS;326:edges = 370,fail_cases = 37,fault = 80&81,
SUCCESS;327:edges = 371,fail_cases = 37,fault = 69&80&81,
SUCCESS;328:edges = 372,fail_cases = 37,fault = 69&80&81&70,
SUCCESS;329:edges = 373,fail_cases = 37,fault = 69&80&81&70&71,
SUCCESS;330:edges = 374,fail_cases = 37,fault = 69&80&81&70&71&72,
SUCCESS;331:edges = 375,fail_cases = 37,fault = 69&80&81&70&71&72&73,
SUCCESS;332:edges = 377,fail_cases = 37,fault = 80&81&75,
SUCCESS;333:edges = 378,fail_cases = 37,fault = 69&80&81&75,
SUCCESS;334:edges = 379,fail_cases = 37,fault = 69&80&81&70&75,
SUCCESS;335:edges = 380,fail_cases = 37,fault = 69&80&81&70&71&75,
SUCCESS;336:edges = 381,fail_cases = 37,fault = 69&80&81&70&71&72&75,
SUCCESS;337:edges = 383,fail_cases = 37,fault = 69&80&81&70&71&72&73&75,
SUCCESS;338:edges = 384,fail_cases = 37,fault = 80&81&74&75&76,
SUCCESS;339:edges = 385,fail_cases = 37,fault = 80&81&70&74&75&76,
SUCCESS;340:edges = 387,fail_cases = 37,fault = 77&69&80&81&70&71&72&73&75,
SUCCESS;341:edges = 388,fail_cases = 37,fault = 77&80&81&74&75&76,
SUCCESS;342:edges = 389,fail_cases = 37,fault = 78&80&81&70&71&74&75&76,
SUCCESS;343:edges = 390,fail_cases = 37,fault = 69&80&81&70&71&72&74&75&76,
SUCCESS;344:edges = 392,fail_cases = 37,fault = 78&80&81&70&71&72&73&74&75&76,
SUCCESS;345:edges = 393,fail_cases = 37,fault = 77&78&69&80&81&70&71&72&73&75,
SUCCESS;346:edges = 394,fail_cases = 37,fault = 77&69&80&81&74&75&76,
FAIL;347:edges = 394,fail_cases = 38,fault = 78&79&80&81&70&71&72&73&74&75&76,
SUCCESS;348:edges = 395,fail_cases = 38,fault = 77&69&80&81&70&74&75&76,
SUCCESS;349:edges = 396,fail_cases = 38,fault = 77&69&80&81&70&71&74&75&76,
SUCCESS;350:edges = 397,fail_cases = 38,fault = 77&78&69&80&81&74&75&76,
SUCCESS;351:edges = 398,fail_cases = 38,fault = 77&78&69&80&81&70&74&75&76,
SUCCESS;352:edges = 399,fail_cases = 38,fault = 77&69&80&81&70&71&72&74&75&76,
SUCCESS;353:edges = 400,fail_cases = 38,fault = 77&78&69&80&81&70&71&74&75&76,
FAIL;354:edges = 400,fail_cases = 39,fault = 77&78&79&69&80&81&70&71&72&73&75,
SUCCESS;355:edges = 401,fail_cases = 39,fault = 77&78&69&80&81&70&71&72&74&75&76,
FAIL;356:edges = 401,fail_cases = 40,fault = 77&78&79&80&81&75&76,
SUCCESS;357:edges = 403,fail_cases = 40,fault = 82,
SUCCESS;358:edges = 404,fail_cases = 40,fault = 80&82,
SUCCESS;359:edges = 405,fail_cases = 40,fault = 80&81&82,
SUCCESS;360:edges = 406,fail_cases = 40,fault = 80&81&82&75,
SUCCESS;361:edges = 407,fail_cases = 40,fault = 69&80&81&70&82&71&72&73&75,
SUCCESS;362:edges = 408,fail_cases = 40,fault = 77&69&80&81&70&82&71&72&73&75,
SUCCESS;363:edges = 409,fail_cases = 40,fault = 78&80&81&70&82&71&72&73&74&75&76,
SUCCESS;364:edges = 411,fail_cases = 40,fault = 82&83,
SUCCESS;365:edges = 412,fail_cases = 40,fault = 80&82&83,
SUCCESS;366:edges = 413,fail_cases = 40,fault = 80&81&82&83,
SUCCESS;367:edges = 414,fail_cases = 40,fault = 80&81&82&83&75,
SUCCESS;368:edges = 415,fail_cases = 40,fault = 69&80&81&70&82&71&83&72&73&75,
SUCCESS;369:edges = 416,fail_cases = 40,fault = 77&69&80&81&70&82&71&83&72&73&75,
SUCCESS;370:edges = 417,fail_cases = 40,fault = 77&78&69&80&81&70&82&71&83&72&73&75,
SUCCESS;371:edges = 419,fail_cases = 40,fault = 82&83&84,
SUCCESS;372:edges = 420,fail_cases = 40,fault = 80&82&83&84,
SUCCESS;373:edges = 421,fail_cases = 40,fault = 80&81&82&83&84,
SUCCESS;374:edges = 422,fail_cases = 40,fault = 80&81&82&83&84&75,
SUCCESS;375:edges = 423,fail_cases = 40,fault = 69&80&81&70&82&71&83&72&84&73&75,
SUCCESS;376:edges = 424,fail_cases = 40,fault = 77&69&80&81&70&82&71&83&72&84&73&75,
SUCCESS;377:edges = 425,fail_cases = 40,fault = 77&78&69&80&81&70&82&71&83&72&84&73&75,
FAIL;378:edges = 425,fail_cases = 41,fault = 82&83&84&85,
SUCCESS;379:edges = 427,fail_cases = 41,fault = 86,
SUCCESS;380:edges = 428,fail_cases = 41,fault = 82&86,
SUCCESS;381:edges = 429,fail_cases = 41,fault = 82&83&86,
SUCCESS;382:edges = 430,fail_cases = 41,fault = 82&83&84&86,
SUCCESS;383:edges = 432,fail_cases = 41,fault = 86&87,
SUCCESS;384:edges = 433,fail_cases = 41,fault = 82&86&87,
SUCCESS;385:edges = 434,fail_cases = 41,fault = 82&83&86&87,
SUCCESS;386:edges = 435,fail_cases = 41,fault = 82&83&84&86&87,
SUCCESS;387:edges = 437,fail_cases = 41,fault = 89&86&87,
SUCCESS;388:edges = 438,fail_cases = 41,fault = 89&82&86&87,
SUCCESS;389:edges = 439,fail_cases = 41,fault = 89&82&83&86&87,
SUCCESS;390:edges = 440,fail_cases = 41,fault = 89&82&83&84&86&87,
SUCCESS;391:edges = 442,fail_cases = 41,fault = 89&90&86&87,
SUCCESS;392:edges = 443,fail_cases = 41,fault = 89&90&82&86&87,
SUCCESS;393:edges = 444,fail_cases = 41,fault = 89&90&82&83&86&87,
SUCCESS;394:edges = 445,fail_cases = 41,fault = 89&90&82&83&84&86&87,
SUCCESS;395:edges = 448,fail_cases = 41,fault = 89&90&91&86&87,
SUCCESS;396:edges = 449,fail_cases = 41,fault = 89&90&91&82&86&87,
SUCCESS;397:edges = 450,fail_cases = 41,fault = 89&90&91&82&83&86&87,
SUCCESS;398:edges = 451,fail_cases = 41,fault = 92&82&83&84,
SUCCESS;399:edges = 452,fail_cases = 41,fault = 89&90&91&82&83&84&86&87,
FAIL;400:edges = 452,fail_cases = 42,fault = 88&89&90&91&86&87,
SUCCESS;401:edges = 454,fail_cases = 42,fault = 89&90&91&93&86&87,
SUCCESS;402:edges = 455,fail_cases = 42,fault = 88&92&93,
FAIL;403:edges = 455,fail_cases = 43,fault = 89&90&91&93&94&86&87,
SUCCESS;404:edges = 456,fail_cases = 43,fault = 88&92&86,
SUCCESS;405:edges = 457,fail_cases = 43,fault = 88&92&86&87,
SUCCESS;406:edges = 458,fail_cases = 43,fault = 88&89&92&86&87,
SUCCESS;407:edges = 459,fail_cases = 43,fault = 88&92&93&86,
SUCCESS;408:edges = 460,fail_cases = 43,fault = 88&92&93&86&87,
SUCCESS;409:edges = 461,fail_cases = 43,fault = 88&89&92&93&86&87,
SUCCESS;410:edges = 462,fail_cases = 43,fault = 88&89&90&92&86&87,
SUCCESS;411:edges = 463,fail_cases = 43,fault = 88&89&90&92&93&86&87,
FAIL;412:edges = 463,fail_cases = 44,fault = 92&93&94,
SUCCESS;413:edges = 465,fail_cases = 44,fault = 96,
SUCCESS;414:edges = 466,fail_cases = 44,fault = 89&90&91&96&86&87,
SUCCESS;415:edges = 467,fail_cases = 44,fault = 89&90&91&93&96&86&87,
SUCCESS;416:edges = 469,fail_cases = 44,fault = 96&97,
SUCCESS;417:edges = 470,fail_cases = 44,fault = 89&90&91&96&97&86&87,
SUCCESS;418:edges = 471,fail_cases = 44,fault = 89&90&91&93&96&97&86&87,
SUCCESS;419:edges = 473,fail_cases = 44,fault = 96&97&98,
SUCCESS;420:edges = 474,fail_cases = 44,fault = 89&90&91&96&97&86&98&87,
SUCCESS;421:edges = 475,fail_cases = 44,fault = 89&90&91&93&96&97&86&98&87,
SUCCESS;422:edges = 477,fail_cases = 44,fault = 99&96&97&98,
SUCCESS;423:edges = 478,fail_cases = 44,fault = 99&89&90&91&96&97&86&98&87,
SUCCESS;424:edges = 479,fail_cases = 44,fault = 99&89&90&91&93&96&97&86&98&87,
SUCCESS;425:edges = 481,fail_cases = 44,fault = 99&100&96&97&98,
SUCCESS;426:edges = 482,fail_cases = 44,fault = 99&100&89&90&91&96&97&86&98&87,
SUCCESS;427:edges = 483,fail_cases = 44,fault = 99&100&89&90&91&93&96&97&86&98&87,
SUCCESS;428:edges = 485,fail_cases = 44,fault = 99&100&101&96&97&98,
SUCCESS;429:edges = 486,fail_cases = 44,fault = 99&100&89&101&90&91&96&97&86&98&87,
SUCCESS;430:edges = 487,fail_cases = 44,fault = 99&100&89&101&90&91&93&96&97&86&98&87,
SUCCESS;431:edges = 489,fail_cases = 44,fault = 99&100&101&102&96&97&98,
SUCCESS;432:edges = 490,fail_cases = 44,fault = 99&100&89&101&102&90&91&96&97&86&98&87,
SUCCESS;433:edges = 491,fail_cases = 44,fault = 99&89&100&101&102&90&91&93&96&97&86&98&87,
FAIL;434:edges = 491,fail_cases = 45,fault = 99&100&101&102&95&96&97&98,
SUCCESS;435:edges = 493,fail_cases = 45,fault = 103,
SUCCESS;436:edges = 494,fail_cases = 45,fault = 103&96,
SUCCESS;437:edges = 495,fail_cases = 45,fault = 103&96&97,
SUCCESS;438:edges = 496,fail_cases = 45,fault = 103&96&97&98,
SUCCESS;439:edges = 497,fail_cases = 45,fault = 99&103&96&97&98,
SUCCESS;440:edges = 498,fail_cases = 45,fault = 99&100&103&96&97&98,
SUCCESS;441:edges = 499,fail_cases = 45,fault = 99&100&101&103&96&97&98,
SUCCESS;442:edges = 500,fail_cases = 45,fault = 99&100&101&102&103&96&97&98,
SUCCESS;443:edges = 502,fail_cases = 45,fault = 103&104,
SUCCESS;444:edges = 503,fail_cases = 45,fault = 103&104&96,
SUCCESS;445:edges = 504,fail_cases = 45,fault = 103&104&96&97,
SUCCESS;446:edges = 505,fail_cases = 45,fault = 103&104&96&97&98,
SUCCESS;447:edges = 506,fail_cases = 45,fault = 100&103&104&96&97&98,
SUCCESS;448:edges = 507,fail_cases = 45,fault = 100&101&103&104&96&97&98,
SUCCESS;449:edges = 508,fail_cases = 45,fault = 100&101&102&103&104&96&97&98,
SUCCESS;450:edges = 510,fail_cases = 45,fault = 100&101&102&103&104&95&96&97&98,
SUCCESS;451:edges = 512,fail_cases = 45,fault = 100&101&102&103&104&106&95&96&97&98,
SUCCESS;452:edges = 514,fail_cases = 45,fault = 100&101&102&103&104&106&107&95&96&97&98,
SUCCESS;453:edges = 516,fail_cases = 45,fault = 100&101&102&103&104&106&107&108&95&96&97&98,
SUCCESS;454:edges = 518,fail_cases = 45,fault = 100&101&102&103&104&106&107&108&109&95&96&97&98,
FAIL;455:edges = 518,fail_cases = 46,fault = 110&100&101&102&103&104&106&107&108&109&95&96&97&98,
SUCCESS;456:edges = 519,fail_cases = 46,fault = 99&103&104&105,
SUCCESS;457:edges = 520,fail_cases = 46,fault = 99&103&104&105&106,
SUCCESS;458:edges = 521,fail_cases = 46,fault = 99&103&104&105&106&107,
SUCCESS;459:edges = 522,fail_cases = 46,fault = 99&103&104&105&106&107&108,
SUCCESS;460:edges = 523,fail_cases = 46,fault = 99&103&104&105&106&107&108&109,
SUCCESS;461:edges = 524,fail_cases = 46,fault = 99&103&104&105&96,
SUCCESS;462:edges = 525,fail_cases = 46,fault = 99&103&104&105&96&97,
SUCCESS;463:edges = 526,fail_cases = 46,fault = 99&103&104&105&106&96,
SUCCESS;464:edges = 527,fail_cases = 46,fault = 99&103&104&105&106&107&96,
SUCCESS;465:edges = 528,fail_cases = 46,fault = 99&103&104&105&106&96&97,
SUCCESS;466:edges = 529,fail_cases = 46,fault = 99&103&104&105&106&107&108&96,
SUCCESS;467:edges = 530,fail_cases = 46,fault = 99&103&104&105&106&107&108&109&96,
SUCCESS;468:edges = 531,fail_cases = 46,fault = 99&103&104&105&106&107&96&97,
SUCCESS;469:edges = 532,fail_cases = 46,fault = 99&103&104&105&106&107&108&96&97,
SUCCESS;470:edges = 533,fail_cases = 46,fault = 99&103&104&105&106&107&108&109&96&97,
SUCCESS;471:edges = 534,fail_cases = 46,fault = 99&103&104&105&96&97&98,
SUCCESS;472:edges = 535,fail_cases = 46,fault = 99&103&104&105&106&96&97&98,
SUCCESS;473:edges = 536,fail_cases = 46,fault = 99&103&104&105&106&107&96&97&98,
SUCCESS;474:edges = 537,fail_cases = 46,fault = 99&100&101&103&104&105&96&97&98,
SUCCESS;475:edges = 538,fail_cases = 46,fault = 99&100&101&102&103&104&105&96&97&98,
SUCCESS;476:edges = 539,fail_cases = 46,fault = 99&100&101&103&104&105&106&96&97&98,
SUCCESS;477:edges = 540,fail_cases = 46,fault = 99&101&103&104&105&106&107&96&97&98,
SUCCESS;478:edges = 541,fail_cases = 46,fault = 99&100&102&103&104&105&108&95&96&97&98,
SUCCESS;479:edges = 542,fail_cases = 46,fault = 99&101&102&103&104&105&106&107&96&97&98,
SUCCESS;480:edges = 543,fail_cases = 46,fault = 99&103&104&105&106&107&108&96&97&98,
SUCCESS;481:edges = 544,fail_cases = 46,fault = 99&101&102&103&104&105&106&107&109&95&96&97&98,
SUCCESS;482:edges = 545,fail_cases = 46,fault = 99&100&102&103&104&105&106&108&96&97&98,
FAIL;483:edges = 545,fail_cases = 47,fault = 99&110&101&102&103&104&105&106&107&109&95&96&97&98,
SUCCESS;484:edges = 546,fail_cases = 47,fault = 99&100&101&102&103&104&105&106&108&96&97&98,
SUCCESS;485:edges = 547,fail_cases = 47,fault = 99&100&103&104&105&106&107&108&96&97&98,
SUCCESS;486:edges = 548,fail_cases = 47,fault = 99&100&103&104&105&106&107&108&109&96&97&98,
SUCCESS;487:edges = 549,fail_cases = 47,fault = 99&100&101&103&104&105&106&107&108&96&97&98,
SUCCESS;488:edges = 550,fail_cases = 47,fault = 99&100&101&103&104&105&106&107&108&109&96&97&98,
SUCCESS;489:edges = 551,fail_cases = 47,fault = 99&100&101&102&103&104&105&106&107&108&96&97&98,
FAIL;490:edges = 551,fail_cases = 48,fault = 99&100&101&102&103&104&105&106&107&108&109&96&97&98,
FAIL;491:edges = 551,fail_cases = 49,fault = 110&103&104&105&106&107&108&109,
SUCCESS;492:edges = 553,fail_cases = 49,fault = 112,
SUCCESS;493:edges = 554,fail_cases = 49,fault = 112&103,
SUCCESS;494:edges = 555,fail_cases = 49,fault = 112&103&104,
SUCCESS;495:edges = 556,fail_cases = 49,fault = 112&103&104&106,
SUCCESS;496:edges = 557,fail_cases = 49,fault = 112&103&104&106&107,
SUCCESS;497:edges = 558,fail_cases = 49,fault = 99&112&101&102&103&104&106&107&95&96&97&98,
SUCCESS;498:edges = 559,fail_cases = 49,fault = 99&112&101&102&103&104&106&107&109&95&96&97&98,
SUCCESS;499:edges = 561,fail_cases = 49,fault = 99&100&112&101&102&103&104&106&107&108&109&96&97&98,
SUCCESS;500:edges = 562,fail_cases = 49,fault = 100&112&101&113&102&95&96&97&98,
SUCCESS;501:edges = 563,fail_cases = 49,fault = 100&112&101&113&102&103&95&96&97&98,
FAIL;502:edges = 563,fail_cases = 50,fault = 99&110&111&112&101&102&103&104&106&107&109&95&96&97&98,
SUCCESS;503:edges = 564,fail_cases = 50,fault = 100&112&101&113&102&103&104&95&96&97&98,
FAIL;504:edges = 564,fail_cases = 51,fault = 99&100&111&112&101&102&103&104&106&107&108&109&96&97&98,
SUCCESS;505:edges = 565,fail_cases = 51,fault = 100&112&101&113&102&103&104&106&95&96&97&98,
SUCCESS;506:edges = 566,fail_cases = 51,fault = 100&112&101&113&102&103&104&106&107&95&96&97&98,
SUCCESS;507:edges = 567,fail_cases = 51,fault = 99&112&101&113&102&103&104&105&106&107&95&96&97&98,
SUCCESS;508:edges = 568,fail_cases = 51,fault = 99&112&101&113&102&103&104&105&106&107&109&95&96&97&98,
FAIL;509:edges = 568,fail_cases = 52,fault = 110&111&112&103&104&106&107&108&109,
FAIL;510:edges = 568,fail_cases = 53,fault = 111&112&113,
SUCCESS;511:edges = 570,fail_cases = 53,fault = 114,
SUCCESS;512:edges = 571,fail_cases = 53,fault = 112&114,
SUCCESS;513:edges = 572,fail_cases = 53,fault = 99&110&112&101&102&114&103&104&106&107&109&95&96&97&98,
SUCCESS;514:edges = 574,fail_cases = 53,fault = 114&115,
SUCCESS;515:edges = 575,fail_cases = 53,fault = 112&114&115,
SUCCESS;516:edges = 576,fail_cases = 53,fault = 99&100&112&101&102&114&103&115&104&106&107&108&109&96&97&98,
FAIL;517:edges = 576,fail_cases = 54,fault = 114&115&116,
SUCCESS;518:edges = 578,fail_cases = 54,fault = 117,
SUCCESS;519:edges = 579,fail_cases = 54,fault = 114&117,
SUCCESS;520:edges = 580,fail_cases = 54,fault = 114&115&117,
SUCCESS;521:edges = 582,fail_cases = 54,fault = 117&118,
SUCCESS;522:edges = 583,fail_cases = 54,fault = 114&117&118,
SUCCESS;523:edges = 584,fail_cases = 54,fault = 114&115&117&118,
SUCCESS;524:edges = 586,fail_cases = 54,fault = 117&118&119,
SUCCESS;525:edges = 587,fail_cases = 54,fault = 114&117&118&119,
SUCCESS;526:edges = 588,fail_cases = 54,fault = 114&115&117&118&119,
FAIL;527:edges = 588,fail_cases = 55,fault = 117&118&119&120,
SUCCESS;528:edges = 590,fail_cases = 55,fault = 121,
SUCCESS;529:edges = 591,fail_cases = 55,fault = 121&117,
SUCCESS;530:edges = 592,fail_cases = 55,fault = 121&117&118,
SUCCESS;531:edges = 593,fail_cases = 55,fault = 121&117&118&119,
SUCCESS;532:edges = 595,fail_cases = 55,fault = 121&122,
SUCCESS;533:edges = 596,fail_cases = 55,fault = 121&122&117,
SUCCESS;534:edges = 597,fail_cases = 55,fault = 121&122&117&118,
SUCCESS;535:edges = 598,fail_cases = 55,fault = 121&122&117&118&119,
FAIL;536:edges = 598,fail_cases = 56,fault = 121&122&123,
SUCCESS;537:edges = 599,fail_cases = 56,fault = 128,
SUCCESS;538:edges = 600,fail_cases = 56,fault = 121&128,
SUCCESS;539:edges = 601,fail_cases = 56,fault = 121&122&128,
SUCCESS;540:edges = 602,fail_cases = 56,fault = 128&129,
SUCCESS;541:edges = 603,fail_cases = 56,fault = 121&128&129,
SUCCESS;542:edges = 604,fail_cases = 56,fault = 121&122&128&129,
SUCCESS;543:edges = 605,fail_cases = 56,fault = 128&129&130,
SUCCESS;544:edges = 606,fail_cases = 56,fault = 121&128&129&130,
SUCCESS;545:edges = 607,fail_cases = 56,fault = 121&122&128&129&130,
SUCCESS;546:edges = 608,fail_cases = 56,fault = 124&128&129&130,
SUCCESS;547:edges = 609,fail_cases = 56,fault = 121&124&128&129&130,
SUCCESS;548:edges = 610,fail_cases = 56,fault = 121&122&124&128&129&130,
SUCCESS;549:edges = 611,fail_cases = 56,fault = 124&125&128&129&130,
SUCCESS;550:edges = 612,fail_cases = 56,fault = 121&124&125&128&129&130,
SUCCESS;551:edges = 613,fail_cases = 56,fault = 121&122&124&125&128&129&130,
SUCCESS;552:edges = 614,fail_cases = 56,fault = 124&125&126&128&129&130,
SUCCESS;553:edges = 615,fail_cases = 56,fault = 121&124&125&126&128&129&130,
SUCCESS;554:edges = 616,fail_cases = 56,fault = 121&122&124&125&126&128&129&130,
FAIL;555:edges = 616,fail_cases = 57,fault = 124&125&126&127&128&129&130,