SUCCESS;0:edges = 8,fail_cases = 0,fault = ,
SUCCESS;1:edges = 9,fail_cases = 0,fault = 1,
SUCCESS;2:edges = 10,fail_cases = 0,fault = 1&2,
SUCCESS;3:edges = 11,fail_cases = 0,fault = 1&2&3,
SUCCESS;4:edges = 12,fail_cases = 0,fault = 1&2&3&4,
SUCCESS;5:edges = 13,fail_cases = 0,fault = 1&2&3&4&5,
SUCCESS;6:edges = 14,fail_cases = 0,fault = 1&2&3&4&5&6,
FAIL;7:edges = 14,fail_cases = 1,fault = 1&2&3&4&5&6&7,
SUCCESS;8:edges = 16,fail_cases = 1,fault = 8,
SUCCESS;9:edges = 17,fail_cases = 1,fault = 1&8,
SUCCESS;10:edges = 18,fail_cases = 1,fault = 1&2&8,
SUCCESS;11:edges = 19,fail_cases = 1,fault = 1&2&3&8,
SUCCESS;12:edges = 20,fail_cases = 1,fault = 1&2&3&4&8,
SUCCESS;13:edges = 21,fail_cases = 1,fault = 1&2&3&4&5&8,
SUCCESS;14:edges = 22,fail_cases = 1,fault = 1&2&3&4&5&6&8,
SUCCESS;15:edges = 24,fail_cases = 1,fault = 8&9,
SUCCESS;16:edges = 25,fail_cases = 1,fault = 1&8&9,
SUCCESS;17:edges = 26,fail_cases = 1,fault = 1&2&8&9,
SUCCESS;18:edges = 27,fail_cases = 1,fault = 1&2&3&8&9,
SUCCESS;19:edges = 28,fail_cases = 1,fault = 1&2&3&4&8&9,
SUCCESS;20:edges = 29,fail_cases = 1,fault = 1&2&3&4&5&8&9,
SUCCESS;21:edges = 30,fail_cases = 1,fault = 1&2&3&4&5&6&8&9,
FAIL;22:edges = 30,fail_cases = 2,fault = 8&9&10,
SUCCESS;23:edges = 32,fail_cases = 2,fault = 16,
SUCCESS;24:edges = 33,fail_cases = 2,fault = 16&8,
SUCCESS;25:edges = 34,fail_cases = 2,fault = 16&8&9,
SUCCESS;26:edges = 36,fail_cases = 2,fault = 11&16,
SUCCESS;27:edges = 37,fail_cases = 2,fault = 11&16&8,
SUCCESS;28:edges = 38,fail_cases = 2,fault = 11&16&8&9,
SUCCESS;29:edges = 40,fail_cases = 2,fault = 11&12&16,
SUCCESS;30:edges = 41,fail_cases = 2,fault = 11&12&16&8,
SUCCESS;31:edges = 42,fail_cases = 2,fault = 11&12&16&8&9,
SUCCESS;32:edges = 44,fail_cases = 2,fault = 11&12&13&16,
SUCCESS;33:edges = 45,fail_cases = 2,fault = 11&12&13&16&8,
SUCCESS;34:edges = 46,fail_cases = 2,fault = 11&12&13&16&8&9,
SUCCESS;35:edges = 48,fail_cases = 2,fault = 11&12&13&14&16,
SUCCESS;36:edges = 49,fail_cases = 2,fault = 11&12&13&14&16&8,
SUCCESS;37:edges = 50,fail_cases = 2,fault = 11&12&13&14&16&8&9,
FAIL;38:edges = 50,fail_cases = 3,fault = 11&12&13&14&15&16,
SUCCESS;39:edges = 52,fail_cases = 3,fault = 17,
SUCCESS;40:edges = 53,fail_cases = 3,fault = 16&17,
SUCCESS;41:edges = 54,fail_cases = 3,fault = 11&16&17,
SUCCESS;42:edges = 55,fail_cases = 3,fault = 11&12&16&17,
SUCCESS;43:edges = 56,fail_cases = 3,fault = 11&12&13&16&17,
SUCCESS;44:edges = 57,fail_cases = 3,fault = 11&12&13&14&16&17,
SUCCESS;45:edges = 59,fail_cases = 3,fault = 17&18,
SUCCESS;46:edges = 60,fail_cases = 3,fault = 16&17&18,
SUCCESS;47:edges = 61,fail_cases = 3,fault = 11&16&17&18,
SUCCESS;48:edges = 62,fail_cases = 3,fault = 11&12&16&17&18,
SUCCESS;49:edges = 63,fail_cases = 3,fault = 11&12&13&16&17&18,
SUCCESS;50:edges = 64,fail_cases = 3,fault = 11&12&13&14&16&17&18,
SUCCESS;51:edges = 66,fail_cases = 3,fault = 17&18&19,
SUCCESS;52:edges = 67,fail_cases = 3,fault = 16&17&18&19,
SUCCESS;53:edges = 68,fail_cases = 3,fault = 11&16&17&18&19,
SUCCESS;54:edges = 69,fail_cases = 3,fault = 11&12&16&17&18&19,
SUCCESS;55:edges = 70,fail_cases = 3,fault = 11&12&13&16&17&18&19,
SUCCESS;56:edges = 71,fail_cases = 3,fault = 11&12&13&14&16&17&18&19,
SUCCESS;57:edges = 73,fail_cases = 3,fault = 17&18&19&20,
SUCCESS;58:edges = 74,fail_cases = 3,fault = 16&17&18&19&20,
SUCCESS;59:edges = 75,fail_cases = 3,fault = 11&16&17&18&19&20,
SUCCESS;60:edges = 76,fail_cases = 3,fault = 11&12&16&17&18&19&20,
SUCCESS;61:edges = 77,fail_cases = 3,fault = 11&12&13&16&17&18&19&20,
SUCCESS;62:edges = 78,fail_cases = 3,fault = 11&12&13&14&16&17&18&19&20,
SUCCESS;63:edges = 80,fail_cases = 3,fault = 17&18&19&20&21,
SUCCESS;64:edges = 81,fail_cases = 3,fault = 16&17&18&19&20&21,
SUCCESS;65:edges = 82,fail_cases = 3,fault = 11&16&17&18&19&20&21,
SUCCESS;66:edges = 83,fail_cases = 3,fault = 11&12&16&17&18&19&20&21,
SUCCESS;67:edges = 84,fail_cases = 3,fault = 11&12&13&16&17&18&19&20&21,
SUCCESS;68:edges = 85,fail_cases = 3,fault = 11&12&13&14&16&17&18&19&20&21,
SUCCESS;69:edges = 87,fail_cases = 3,fault = 22&17&18&19&20&21,
SUCCESS;70:edges = 88,fail_cases = 3,fault = 22&16&17&18&19&20&21,
SUCCESS;71:edges = 89,fail_cases = 3,fault = 22&11&16&17&18&19&20&21,
SUCCESS;72:edges = 90,fail_cases = 3,fault = 22&11&12&16&17&18&19&20&21,
SUCCESS;73:edges = 91,fail_cases = 3,fault = 22&11&12&13&16&17&18&19&20&21,
SUCCESS;74:edges = 92,fail_cases = 3,fault = 22&11&12&13&14&16&17&18&19&20&21,
SUCCESS;75:edges = 94,fail_cases = 3,fault = 22&23&17&18&19&20&21,
SUCCESS;76:edges = 95,fail_cases = 3,fault = 22&23&16&17&18&19&20&21,
SUCCESS;77:edges = 96,fail_cases = 3,fault = 22&11&23&16&17&18&19&20&21,
SUCCESS;78:edges = 97,fail_cases = 3,fault = 22&11&23&12&16&17&18&19&20&21,
SUCCESS;79:edges = 98,fail_cases = 3,fault = 22&11&23&12&13&16&17&18&19&20&21,
SUCCESS;80:edges = 99,fail_cases = 3,fault = 22&11&23&12&13&14&16&17&18&19&20&21,
FAIL;81:edges = 99,fail_cases = 4,fault = 22&23&24&17&18&19&20&21,
SUCCESS;82:edges = 101,fail_cases = 4,fault = 25,
SUCCESS;83:edges = 102,fail_cases = 4,fault = 25&17,
SUCCESS;84:edges = 103,fail_cases = 4,fault = 25&17&18,
SUCCESS;85:edges = 104,fail_cases = 4,fault = 25&17&18&19,
SUCCESS;86:edges = 105,fail_cases = 4,fault = 25&17&18&19&20,
SUCCESS;87:edges = 106,fail_cases = 4,fault = 25&17&18&19&20&21,
SUCCESS;88:edges = 107,fail_cases = 4,fault = 22&25&17&18&19&20&21,
SUCCESS;89:edges = 108,fail_cases = 4,fault = 22&23&25&17&18&19&20&21,
SUCCESS;90:edges = 110,fail_cases = 4,fault = 25&26,
SUCCESS;91:edges = 111,fail_cases = 4,fault = 25&26&17,
SUCCESS;92:edges = 112,fail_cases = 4,fault = 25&26&17&18,
SUCCESS;93:edges = 113,fail_cases = 4,fault = 25&26&17&18&19,
SUCCESS;94:edges = 114,fail_cases = 4,fault = 25&26&17&18&19&20,
SUCCESS;95:edges = 115,fail_cases = 4,fault = 25&26&17&18&19&20&21,
SUCCESS;96:edges = 116,fail_cases = 4,fault = 22&25&26&17&18&19&20&21,
SUCCESS;97:edges = 117,fail_cases = 4,fault = 22&23&25&26&17&18&19&20&21,
SUCCESS;98:edges = 119,fail_cases = 4,fault = 25&26&27,
SUCCESS;99:edges = 120,fail_cases = 4,fault = 25&26&27&17,
SUCCESS;100:edges = 121,fail_cases = 4,fault = 25&26&27&17&18,
SUCCESS;101:edges = 122,fail_cases = 4,fault = 25&26&27&17&18&19,
SUCCESS;102:edges = 123,fail_cases = 4,fault = 25&26&27&17&18&19&20,
SUCCESS;103:edges = 124,fail_cases = 4,fault = 25&26&27&17&18&19&20&21,
SUCCESS;104:edges = 125,fail_cases = 4,fault = 22&25&26&27&17&18&19&20&21,
SUCCESS;105:edges = 126,fail_cases = 4,fault = 22&23&25&26&27&17&18&19&20&21,
FAIL;106:edges = 126,fail_cases = 5,fault = 25&26&27&28,
SUCCESS;107:edges = 128,fail_cases = 5,fault = 29,
SUCCESS;108:edges = 129,fail_cases = 5,fault = 25&29,
SUCCESS;109:edges = 130,fail_cases = 5,fault = 25&26&29,
SUCCESS;110:edges = 131,fail_cases = 5,fault = 25&26&27&29,
SUCCESS;111:edges = 133,fail_cases = 5,fault = 29&30,
SUCCESS;112:edges = 134,fail_cases = 5,fault = 25&29&30,
SUCCESS;113:edges = 135,fail_cases = 5,fault = 25&26&29&30,
SUCCESS;114:edges = 136,fail_cases = 5,fault = 25&26&27&29&30,
FAIL;115:edges = 136,fail_cases = 6,fault = 29&30&31,
SUCCESS;116:edges = 138,fail_cases = 6,fault = 32,
SUCCESS;117:edges = 139,fail_cases = 6,fault = 29&32,
SUCCESS;118:edges = 140,fail_cases = 6,fault = 29&30&32,
SUCCESS;119:edges = 142,fail_cases = 6,fault = 33&32,
SUCCESS;120:edges = 143,fail_cases = 6,fault = 33&29&32,
SUCCESS;121:edges = 144,fail_cases = 6,fault = 33&29&30&32,
SUCCESS;122:edges = 146,fail_cases = 6,fault = 33&34&32,
SUCCESS;123:edges = 147,fail_cases = 6,fault = 33&34&29&32,
SUCCESS;124:edges = 148,fail_cases = 6,fault = 33&34&29&30&32,
SUCCESS;125:edges = 150,fail_cases = 6,fault = 33&34&35&32,
SUCCESS;126:edges = 151,fail_cases = 6,fault = 33&34&35&29&32,
SUCCESS;127:edges = 152,fail_cases = 6,fault = 33&34&35&29&30&32,
SUCCESS;128:edges = 154,fail_cases = 6,fault = 33&34&35&36&32,
SUCCESS;129:edges = 155,fail_cases = 6,fault = 33&34&35&36&29&32,
SUCCESS;130:edges = 156,fail_cases = 6,fault = 33&34&35&36&29&30&32,
FAIL;131:edges = 156,fail_cases = 7,fault = 33&34&35&36&37&32,
SUCCESS;132:edges = 158,fail_cases = 7,fault = 38,
SUCCESS;133:edges = 159,fail_cases = 7,fault = 38&32,
SUCCESS;134:edges = 160,fail_cases = 7,fault = 33&38&32,
SUCCESS;135:edges = 161,fail_cases = 7,fault = 33&34&38&32,
SUCCESS;136:edges = 162,fail_cases = 7,fault = 33&34&35&38&32,
SUCCESS;137:edges = 163,fail_cases = 7,fault = 33&34&35&36&38&32,
SUCCESS;138:edges = 165,fail_cases = 7,fault = 38&39,
SUCCESS;139:edges = 166,fail_cases = 7,fault = 38&39&32,
SUCCESS;140:edges = 167,fail_cases = 7,fault = 33&38&39&32,
SUCCESS;141:edges = 168,fail_cases = 7,fault = 33&34&38&39&32,
SUCCESS;142:edges = 169,fail_cases = 7,fault = 33&34&35&38&39&32,
SUCCESS;143:edges = 170,fail_cases = 7,fault = 33&34&35&36&38&39&32,
FAIL;144:edges = 170,fail_cases = 8,fault = 38&39&40,
SUCCESS;145:edges = 171,fail_cases = 8,fault = 41,
SUCCESS;146:edges = 172,fail_cases = 8,fault = 38&41,
SUCCESS;147:edges = 173,fail_cases = 8,fault = 38&39&41,
SUCCESS;148:edges = 174,fail_cases = 8,fault = 41&42,
SUCCESS;149:edges = 175,fail_cases = 8,fault = 38&41&42,
SUCCESS;150:edges = 176,fail_cases = 8,fault = 38&39&41&42,
SUCCESS;151:edges = 177,fail_cases = 8,fault = 41&42&43,
SUCCESS;152:edges = 178,fail_cases = 8,fault = 38&41&42&43,
SUCCESS;153:edges = 179,fail_cases = 8,fault = 38&39&41&42&43,
FAIL;154:edges = 179,fail_cases = 9,fault = 44&41&42&43,