SUCCESS;0:edges = 10,fail_cases = 0,fault = ,
SUCCESS;1:edges = 11,fail_cases = 0,fault = 1,
SUCCESS;2:edges = 12,fail_cases = 0,fault = 1&2,
SUCCESS;3:edges = 13,fail_cases = 0,fault = 1&2&3,
SUCCESS;4:edges = 14,fail_cases = 0,fault = 1&2&3&4,
FAIL;5:edges = 14,fail_cases = 1,fault = 1&2&3&4&5,
SUCCESS;6:edges = 16,fail_cases = 1,fault = 6,
SUCCESS;7:edges = 17,fail_cases = 1,fault = 1&6,
SUCCESS;8:edges = 18,fail_cases = 1,fault = 1&2&6,
SUCCESS;9:edges = 19,fail_cases = 1,fault = 1&2&3&6,
SUCCESS;10:edges = 20,fail_cases = 1,fault = 1&2&3&4&6,
SUCCESS;11:edges = 22,fail_cases = 1,fault = 6&7,
SUCCESS;12:edges = 23,fail_cases = 1,fault = 1&6&7,
SUCCESS;13:edges = 24,fail_cases = 1,fault = 1&2&6&7,
SUCCESS;14:edges = 25,fail_cases = 1,fault = 1&2&3&6&7,
SUCCESS;15:edges = 26,fail_cases = 1,fault = 1&2&3&4&6&7,
SUCCESS;16:edges = 28,fail_cases = 1,fault = 6&7&8,
SUCCESS;17:edges = 29,fail_cases = 1,fault = 1&6&7&8,
SUCCESS;18:edges = 30,fail_cases = 1,fault = 1&2&6&7&8,
SUCCESS;19:edges = 31,fail_cases = 1,fault = 1&2&3&6&7&8,
SUCCESS;20:edges = 32,fail_cases = 1,fault = 1&2&3&4&6&7&8,
SUCCESS;21:edges = 34,fail_cases = 1,fault = 6&7&8&9,
SUCCESS;22:edges = 35,fail_cases = 1,fault = 1&6&7&8&9,
SUCCESS;23:edges = 36,fail_cases = 1,fault = 1&2&6&7&8&9,
SUCCESS;24:edges = 37,fail_cases = 1,fault = 1&2&3&6&7&8&9,
SUCCESS;25:edges = 38,fail_cases = 1,fault = 1&2&3&4&6&7&8&9,
SUCCESS;26:edges = 40,fail_cases = 1,fault = 6&7&8&9&10,
SUCCESS;27:edges = 41,fail_cases = 1,fault = 1&6&7&8&9&10,
SUCCESS;28:edges = 42,fail_cases = 1,fault = 1&2&6&7&8&9&10,
SUCCESS;29:edges = 43,fail_cases = 1,fault = 1&2&3&6&7&8&9&10,
SUCCESS;30:edges = 44,fail_cases = 1,fault = 1&2&3&4&6&7&8&9&10,
SUCCESS;31:edges = 46,fail_cases = 1,fault = 11&6&7&8&9&10,
SUCCESS;32:edges = 47,fail_cases = 1,fault = 11&1&6&7&8&9&10,
SUCCESS;33:edges = 48,fail_cases = 1,fault = 11&1&2&6&7&8&9&10,
SUCCESS;34:edges = 49,fail_cases = 1,fault = 11&1&2&3&6&7&8&9&10,
SUCCESS;35:edges = 50,fail_cases = 1,fault = 11&1&2&3&4&6&7&8&9&10,
FAIL;36:edges = 50,fail_cases = 2,fault = 11&12&6&7&8&9&10,
SUCCESS;37:edges = 52,fail_cases = 2,fault = 16,
SUCCESS;38:edges = 53,fail_cases = 2,fault = 16&6,
SUCCESS;39:edges = 54,fail_cases = 2,fault = 16&6&7,
SUCCESS;40:edges = 55,fail_cases = 2,fault = 16&6&7&8,
SUCCESS;41:edges = 56,fail_cases = 2,fault = 16&6&7&8&9,
SUCCESS;42:edges = 57,fail_cases = 2,fault = 16&6&7&8&9&10,
SUCCESS;43:edges = 58,fail_cases = 2,fault = 11&16&6&7&8&9&10,
SUCCESS;44:edges = 60,fail_cases = 2,fault = 16&17,
SUCCESS;45:edges = 61,fail_cases = 2,fault = 16&17&6,
SUCCESS;46:edges = 62,fail_cases = 2,fault = 16&17&6&7,
SUCCESS;47:edges = 63,fail_cases = 2,fault = 16&17&6&7&8,
SUCCESS;48:edges = 64,fail_cases = 2,fault = 16&17&6&7&8&9,
SUCCESS;49:edges = 65,fail_cases = 2,fault = 16&17&6&7&8&9&10,
SUCCESS;50:edges = 66,fail_cases = 2,fault = 11&16&17&6&7&8&9&10,
SUCCESS;51:edges = 68,fail_cases = 2,fault = 13&16&17,
SUCCESS;52:edges = 69,fail_cases = 2,fault = 13&16&17&6,
SUCCESS;53:edges = 70,fail_cases = 2,fault = 13&16&17&6&7,
SUCCESS;54:edges = 71,fail_cases = 2,fault = 13&16&17&6&7&8,
SUCCESS;55:edges = 72,fail_cases = 2,fault = 13&16&17&6&7&8&9,
SUCCESS;56:edges = 73,fail_cases = 2,fault = 13&16&17&6&7&8&9&10,
SUCCESS;57:edges = 74,fail_cases = 2,fault = 11&13&16&17&6&7&8&9&10,
SUCCESS;58:edges = 76,fail_cases = 2,fault = 13&14&16&17,
SUCCESS;59:edges = 77,fail_cases = 2,fault = 13&14&16&17&6,
SUCCESS;60:edges = 78,fail_cases = 2,fault = 13&14&16&17&6&7,
SUCCESS;61:edges = 79,fail_cases = 2,fault = 13&14&16&17&6&7&8,
SUCCESS;62:edges = 80,fail_cases = 2,fault = 13&14&16&17&6&7&8&9,
SUCCESS;63:edges = 81,fail_cases = 2,fault = 13&14&16&17&6&7&8&9&10,
SUCCESS;64:edges = 82,fail_cases = 2,fault = 11&13&14&16&17&6&7&8&9&10,
FAIL;65:edges = 82,fail_cases = 3,fault = 13&14&15&16&17,
SUCCESS;66:edges = 84,fail_cases = 3,fault = 18,
SUCCESS;67:edges = 85,fail_cases = 3,fault = 16&18,
SUCCESS;68:edges = 86,fail_cases = 3,fault = 16&17&18,
SUCCESS;69:edges = 87,fail_cases = 3,fault = 13&16&17&18,
SUCCESS;70:edges = 88,fail_cases = 3,fault = 13&14&16&17&18,
FAIL;71:edges = 88,fail_cases = 4,fault = 18&19,
SUCCESS;72:edges = 90,fail_cases = 4,fault = 20,
SUCCESS;73:edges = 91,fail_cases = 4,fault = 18&20,
SUCCESS;74:edges = 93,fail_cases = 4,fault = 20&21,
SUCCESS;75:edges = 94,fail_cases = 4,fault = 18&20&21,
SUCCESS;76:edges = 96,fail_cases = 4,fault = 22&20&21,
SUCCESS;77:edges = 97,fail_cases = 4,fault = 22&18&20&21,
SUCCESS;78:edges = 99,fail_cases = 4,fault = 22&23&20&21,
SUCCESS;79:edges = 100,fail_cases = 4,fault = 22&23&18&20&21,
SUCCESS;80:edges = 102,fail_cases = 4,fault = 22&23&24&20&21,
SUCCESS;81:edges = 103,fail_cases = 4,fault = 22&23&24&18&20&21,
SUCCESS;82:edges = 105,fail_cases = 4,fault = 22&23&24&25&20&21,
SUCCESS;83:edges = 106,fail_cases = 4,fault = 22&23&24&25&18&20&21,
FAIL;84:edges = 106,fail_cases = 5,fault = 22&23&24&25&26&20&21,
SUCCESS;85:edges = 108,fail_cases = 5,fault = 27,
SUCCESS;86:edges = 109,fail_cases = 5,fault = 27&20,
SUCCESS;87:edges = 110,fail_cases = 5,fault = 27&20&21,
SUCCESS;88:edges = 111,fail_cases = 5,fault = 22&27&20&21,
SUCCESS;89:edges = 112,fail_cases = 5,fault = 22&23&27&20&21,
SUCCESS;90:edges = 113,fail_cases = 5,fault = 22&23&24&27&20&21,
SUCCESS;91:edges = 114,fail_cases = 5,fault = 22&23&24&25&27&20&21,
SUCCESS;92:edges = 116,fail_cases = 5,fault = 27&28,
SUCCESS;93:edges = 117,fail_cases = 5,fault = 27&28&20,
SUCCESS;94:edges = 118,fail_cases = 5,fault = 27&28&20&21,
SUCCESS;95:edges = 119,fail_cases = 5,fault = 22&27&28&20&21,
SUCCESS;96:edges = 120,fail_cases = 5,fault = 22&23&27&28&20&21,
SUCCESS;97:edges = 121,fail_cases = 5,fault = 22&23&24&27&28&20&21,
SUCCESS;98:edges = 122,fail_cases = 5,fault = 22&23&24&25&27&28&20&21,
SUCCESS;99:edges = 124,fail_cases = 5,fault = 27&28&29,
SUCCESS;100:edges = 125,fail_cases = 5,fault = 27&28&29&20,
SUCCESS;101:edges = 126,fail_cases = 5,fault = 27&28&29&20&21,
SUCCESS;102:edges = 127,fail_cases = 5,fault = 22&27&28&29&20&21,
SUCCESS;103:edges = 128,fail_cases = 5,fault = 22&23&27&28&29&20&21,
SUCCESS;104:edges = 129,fail_cases = 5,fault = 22&23&24&27&28&29&20&21,
SUCCESS;105:edges = 130,fail_cases = 5,fault = 22&23&24&25&27&28&29&20&21,
SUCCESS;106:edges = 132,fail_cases = 5,fault = 27&28&29&30,
SUCCESS;107:edges = 133,fail_cases = 5,fault = 27&28&29&30&20,
SUCCESS;108:edges = 134,fail_cases = 5,fault = 27&28&29&30&20&21,
SUCCESS;109:edges = 135,fail_cases = 5,fault = 22&27&28&29&30&20&21,
SUCCESS;110:edges = 136,fail_cases = 5,fault = 22&23&27&28&29&30&20&21,
SUCCESS;111:edges = 137,fail_cases = 5,fault = 22&23&24&27&28&29&30&20&21,
SUCCESS;112:edges = 138,fail_cases = 5,fault = 22&23&24&25&27&28&29&30&20&21,
FAIL;113:edges = 138,fail_cases = 6,fault = 27&28&29&30&31,
SUCCESS;114:edges = 140,fail_cases = 6,fault = 32,
SUCCESS;115:edges = 141,fail_cases = 6,fault = 27&32,
SUCCESS;116:edges = 142,fail_cases = 6,fault = 27&28&32,
SUCCESS;117:edges = 143,fail_cases = 6,fault = 27&28&29&32,
SUCCESS;118:edges = 144,fail_cases = 6,fault = 27&28&29&30&32,
SUCCESS;119:edges = 146,fail_cases = 6,fault = 33&32,
SUCCESS;120:edges = 147,fail_cases = 6,fault = 33&27&32,
SUCCESS;121:edges = 148,fail_cases = 6,fault = 33&27&28&32,
SUCCESS;122:edges = 149,fail_cases = 6,fault = 33&27&28&29&32,
SUCCESS;123:edges = 150,fail_cases = 6,fault = 33&27&28&29&30&32,
SUCCESS;124:edges = 152,fail_cases = 6,fault = 33&34&32,
SUCCESS;125:edges = 153,fail_cases = 6,fault = 33&34&27&32,
SUCCESS;126:edges = 154,fail_cases = 6,fault = 33&34&27&28&32,
SUCCESS;127:edges = 155,fail_cases = 6,fault = 33&34&27&28&29&32,
SUCCESS;128:edges = 156,fail_cases = 6,fault = 33&34&27&28&29&30&32,
SUCCESS;129:edges = 158,fail_cases = 6,fault = 33&34&35&32,
SUCCESS;130:edges = 159,fail_cases = 6,fault = 33&34&35&27&32,
SUCCESS;131:edges = 160,fail_cases = 6,fault = 33&34&35&27&28&32,
SUCCESS;132:edges = 161,fail_cases = 6,fault = 33&34&35&27&28&29&32,
SUCCESS;133:edges = 162,fail_cases = 6,fault = 33&34&35&27&28&29&30&32,
SUCCESS;134:edges = 164,fail_cases = 6,fault = 33&34&35&36&32,
SUCCESS;135:edges = 165,fail_cases = 6,fault = 33&34&35&36&27&32,
SUCCESS;136:edges = 166,fail_cases = 6,fault = 33&34&35&36&27&28&32,
SUCCESS;137:edges = 167,fail_cases = 6,fault = 33&34&35&36&27&28&29&32,
SUCCESS;138:edges = 168,fail_cases = 6,fault = 33&34&35&36&27&28&29&30&32,
FAIL;139:edges = 168,fail_cases = 7,fault = 33&34&35&36&37&32,
SUCCESS;140:edges = 170,fail_cases = 7,fault = 38,
SUCCESS;141:edges = 171,fail_cases = 7,fault = 38&32,
SUCCESS;142:edges = 172,fail_cases = 7,fault = 33&38&32,
SUCCESS;143:edges = 173,fail_cases = 7,fault = 33&34&38&32,
SUCCESS;144:edges = 174,fail_cases = 7,fault = 33&34&35&38&32,
SUCCESS;145:edges = 175,fail_cases = 7,fault = 33&34&35&36&38&32,
SUCCESS;146:edges = 177,fail_cases = 7,fault = 38&39,
SUCCESS;147:edges = 178,fail_cases = 7,fault = 38&39&32,
SUCCESS;148:edges = 179,fail_cases = 7,fault = 33&38&39&32,
SUCCESS;149:edges = 180,fail_cases = 7,fault = 33&34&38&39&32,
SUCCESS;150:edges = 181,fail_cases = 7,fault = 33&34&35&38&39&32,
SUCCESS;151:edges = 182,fail_cases = 7,fault = 33&34&35&36&38&39&32,
SUCCESS;152:edges = 184,fail_cases = 7,fault = 38&39&40,
SUCCESS;153:edges = 185,fail_cases = 7,fault = 38&39&40&32,
SUCCESS;154:edges = 186,fail_cases = 7,fault = 33&38&39&40&32,
SUCCESS;155:edges = 187,fail_cases = 7,fault = 33&34&38&39&40&32,
SUCCESS;156:edges = 188,fail_cases = 7,fault = 33&34&35&38&39&40&32,
SUCCESS;157:edges = 189,fail_cases = 7,fault = 33&34&35&36&38&39&40&32,
SUCCESS;158:edges = 191,fail_cases = 7,fault = 38&39&40&41,
SUCCESS;159:edges = 192,fail_cases = 7,fault = 38&39&40&41&32,
SUCCESS;160:edges = 193,fail_cases = 7,fault = 33&38&39&40&41&32,
SUCCESS;161:edges = 194,fail_cases = 7,fault = 33&34&38&39&40&41&32,
SUCCESS;162:edges = 195,fail_cases = 7,fault = 33&34&35&38&39&40&41&32,
SUCCESS;163:edges = 196,fail_cases = 7,fault = 33&34&35&36&38&39&40&41&32,
SUCCESS;164:edges = 198,fail_cases = 7,fault = 38&39&40&41&42,
SUCCESS;165:edges = 199,fail_cases = 7,fault = 38&39&40&41&42&32,
SUCCESS;166:edges = 200,fail_cases = 7,fault = 33&38&39&40&41&42&32,
SUCCESS;167:edges = 201,fail_cases = 7,fault = 33&34&38&39&40&41&42&32,
SUCCESS;168:edges = 202,fail_cases = 7,fault = 33&34&35&38&39&40&41&42&32,
SUCCESS;169:edges = 203,fail_cases = 7,fault = 33&34&35&36&38&39&40&41&42&32,
SUCCESS;170:edges = 205,fail_cases = 7,fault = 38&39&40&41&42&43,
SUCCESS;171:edges = 206,fail_cases = 7,fault = 38&39&40&41&42&43&32,
SUCCESS;172:edges = 207,fail_cases = 7,fault = 33&38&39&40&41&42&43&32,
SUCCESS;173:edges = 208,fail_cases = 7,fault = 33&34&38&39&40&41&42&43&32,
SUCCESS;174:edges = 209,fail_cases = 7,fault = 33&34&35&38&39&40&41&42&43&32,
SUCCESS;175:edges = 210,fail_cases = 7,fault = 33&34&35&36&38&39&40&41&42&43&32,
FAIL;176:edges = 210,fail_cases = 8,fault = 44&38&39&40&41&42&43,
SUCCESS;177:edges = 212,fail_cases = 8,fault = 48,
SUCCESS;178:edges = 213,fail_cases = 8,fault = 48&38,
SUCCESS;179:edges = 214,fail_cases = 8,fault = 48&38&39,
SUCCESS;180:edges = 215,fail_cases = 8,fault = 48&38&39&40,
SUCCESS;181:edges = 216,fail_cases = 8,fault = 48&38&39&40&41,
SUCCESS;182:edges = 217,fail_cases = 8,fault = 48&38&39&40&41&42,
SUCCESS;183:edges = 218,fail_cases = 8,fault = 48&38&39&40&41&42&43,
SUCCESS;184:edges = 220,fail_cases = 8,fault = 48&49,
SUCCESS;185:edges = 221,fail_cases = 8,fault = 48&49&38,
SUCCESS;186:edges = 222,fail_cases = 8,fault = 48&49&38&39,
SUCCESS;187:edges = 223,fail_cases = 8,fault = 48&49&38&39&40,
SUCCESS;188:edges = 224,fail_cases = 8,fault = 48&49&38&39&40&41,
SUCCESS;189:edges = 225,fail_cases = 8,fault = 48&49&38&39&40&41&42,
SUCCESS;190:edges = 226,fail_cases = 8,fault = 48&49&38&39&40&41&42&43,
SUCCESS;191:edges = 228,fail_cases = 8,fault = 48&49&50,
SUCCESS;192:edges = 229,fail_cases = 8,fault = 48&49&38&50,
SUCCESS;193:edges = 230,fail_cases = 8,fault = 48&49&38&39&50,
SUCCESS;194:edges = 231,fail_cases = 8,fault = 48&49&38&39&50&40,
SUCCESS;195:edges = 232,fail_cases = 8,fault = 48&49&38&39&50&40&41,
SUCCESS;196:edges = 233,fail_cases = 8,fault = 48&49&38&39&50&40&41&42,
SUCCESS;197:edges = 234,fail_cases = 8,fault = 48&49&38&39&50&40&41&42&43,
SUCCESS;198:edges = 236,fail_cases = 8,fault = 45&48&49&50,
SUCCESS;199:edges = 237,fail_cases = 8,fault = 45&48&49&38&50,
SUCCESS;200:edges = 238,fail_cases = 8,fault = 45&48&49&38&39&50,
SUCCESS;201:edges = 239,fail_cases = 8,fault = 45&48&49&38&39&50&40,
SUCCESS;202:edges = 240,fail_cases = 8,fault = 45&48&49&38&39&50&40&41,
SUCCESS;203:edges = 241,fail_cases = 8,fault = 45&48&49&38&39&50&40&41&42,
SUCCESS;204:edges = 242,fail_cases = 8,fault = 45&48&49&38&39&50&40&41&42&43,
SUCCESS;205:edges = 244,fail_cases = 8,fault = 45&46&48&49&50,
SUCCESS;206:edges = 245,fail_cases = 8,fault = 45&46&48&49&38&50,
SUCCESS;207:edges = 246,fail_cases = 8,fault = 45&46&48&49&38&39&50,
SUCCESS;208:edges = 247,fail_cases = 8,fault = 45&46&48&49&38&39&50&40,
SUCCESS;209:edges = 248,fail_cases = 8,fault = 45&46&48&49&38&39&50&40&41,
SUCCESS;210:edges = 249,fail_cases = 8,fault = 45&46&48&49&38&39&50&40&41&42,
SUCCESS;211:edges = 250,fail_cases = 8,fault = 45&46&48&49&38&39&50&40&41&42&43,
FAIL;212:edges = 250,fail_cases = 9,fault = 45&46&47&48&49&50,
SUCCESS;213:edges = 252,fail_cases = 9,fault = 51,
SUCCESS;214:edges = 253,fail_cases = 9,fault = 48&51,
SUCCESS;215:edges = 254,fail_cases = 9,fault = 48&49&51,
SUCCESS;216:edges = 255,fail_cases = 9,fault = 48&49&50&51,
SUCCESS;217:edges = 256,fail_cases = 9,fault = 45&48&49&50&51,
SUCCESS;218:edges = 257,fail_cases = 9,fault = 45&46&48&49&50&51,
SUCCESS;219:edges = 259,fail_cases = 9,fault = 51&52,
SUCCESS;220:edges = 260,fail_cases = 9,fault = 48&51&52,
SUCCESS;221:edges = 261,fail_cases = 9,fault = 48&49&51&52,
SUCCESS;222:edges = 262,fail_cases = 9,fault = 48&49&50&51&52,
SUCCESS;223:edges = 263,fail_cases = 9,fault = 45&48&49&50&51&52,
SUCCESS;224:edges = 264,fail_cases = 9,fault = 45&46&48&49&50&51&52,
FAIL;225:edges = 264,fail_cases = 10,fault = 51&52&53,
SUCCESS;226:edges = 265,fail_cases = 10,fault = 54,
SUCCESS;227:edges = 266,fail_cases = 10,fault = 51&54,
SUCCESS;228:edges = 267,fail_cases = 10,fault = 51&52&54,
SUCCESS;229:edges = 268,fail_cases = 10,fault = 55&54,
SUCCESS;230:edges = 269,fail_cases = 10,fault = 55&51&54,
SUCCESS;231:edges = 270,fail_cases = 10,fault = 55&51&52&54,
SUCCESS;232:edges = 271,fail_cases = 10,fault = 55&56&54,
SUCCESS;233:edges = 272,fail_cases = 10,fault = 55&56&51&54,
SUCCESS;234:edges = 273,fail_cases = 10,fault = 55&56&51&52&54,
SUCCESS;235:edges = 274,fail_cases = 10,fault = 55&56&57&54,
SUCCESS;236:edges = 275,fail_cases = 10,fault = 55&56&57&51&54,
SUCCESS;237:edges = 276,fail_cases = 10,fault = 55&56&57&51&52&54,
SUCCESS;238:edges = 277,fail_cases = 10,fault = 55&56&57&58&54,
SUCCESS;239:edges = 278,fail_cases = 10,fault = 55&56&57&58&51&54,
SUCCESS;240:edges = 279,fail_cases = 10,fault = 55&56&57&58&51&52&54,
FAIL;241:edges = 279,fail_cases = 11,fault = 55&56&57&58&59&54,