SUCCESS;0:edges = 23,fail_cases = 0,fault = ,
SUCCESS;1:edges = 24,fail_cases = 0,fault = 1,
SUCCESS;2:edges = 25,fail_cases = 0,fault = 1&2,
SUCCESS;3:edges = 26,fail_cases = 0,fault = 1&2&3,
FAIL;4:edges = 26,fail_cases = 1,fault = 1&2&3&4,
SUCCESS;5:edges = 28,fail_cases = 1,fault = 5,
SUCCESS;6:edges = 29,fail_cases = 1,fault = 1&5,
SUCCESS;7:edges = 30,fail_cases = 1,fault = 1&2&5,
SUCCESS;8:edges = 31,fail_cases = 1,fault = 1&2&3&5,
SUCCESS;9:edges = 33,fail_cases = 1,fault = 5&6,
SUCCESS;10:edges = 34,fail_cases = 1,fault = 1&5&6,
SUCCESS;11:edges = 35,fail_cases = 1,fault = 1&2&5&6,
SUCCESS;12:edges = 36,fail_cases = 1,fault = 1&2&3&5&6,
SUCCESS;13:edges = 38,fail_cases = 1,fault = 5&6&7,
SUCCESS;14:edges = 39,fail_cases = 1,fault = 1&5&6&7,
SUCCESS;15:edges = 40,fail_cases = 1,fault = 1&2&5&6&7,
SUCCESS;16:edges = 41,fail_cases = 1,fault = 1&2&3&5&6&7,
SUCCESS;17:edges = 43,fail_cases = 1,fault = 5&6&7&8,
SUCCESS;18:edges = 44,fail_cases = 1,fault = 1&5&6&7&8,
SUCCESS;19:edges = 45,fail_cases = 1,fault = 1&2&5&6&7&8,
SUCCESS;20:edges = 46,fail_cases = 1,fault = 1&2&3&5&6&7&8,
SUCCESS;21:edges = 48,fail_cases = 1,fault = 5&6&7&8&9,
SUCCESS;22:edges = 49,fail_cases = 1,fault = 1&5&6&7&8&9,
SUCCESS;23:edges = 50,fail_cases = 1,fault = 1&2&5&6&7&8&9,
SUCCESS;24:edges = 51,fail_cases = 1,fault = 1&2&3&5&6&7&8&9,
SUCCESS;25:edges = 53,fail_cases = 1,fault = 5&6&7&8&9&10,
SUCCESS;26:edges = 54,fail_cases = 1,fault = 1&5&6&7&8&9&10,
SUCCESS;27:edges = 55,fail_cases = 1,fault = 1&2&5&6&7&8&9&10,
SUCCESS;28:edges = 56,fail_cases = 1,fault = 1&2&3&5&6&7&8&9&10,
SUCCESS;29:edges = 58,fail_cases = 1,fault = 11&5&6&7&8&9&10,
SUCCESS;30:edges = 59,fail_cases = 1,fault = 11&1&5&6&7&8&9&10,
SUCCESS;31:edges = 60,fail_cases = 1,fault = 11&1&2&5&6&7&8&9&10,
SUCCESS;32:edges = 61,fail_cases = 1,fault = 11&1&2&3&5&6&7&8&9&10,
FAIL;33:edges = 61,fail_cases = 2,fault = 11&12&5&6&7&8&9&10,
SUCCESS;34:edges = 63,fail_cases = 2,fault = 16,
SUCCESS;35:edges = 64,fail_cases = 2,fault = 16&5,
SUCCESS;36:edges = 65,fail_cases = 2,fault = 16&5&6,
SUCCESS;37:edges = 66,fail_cases = 2,fault = 16&5&6&7,
SUCCESS;38:edges = 67,fail_cases = 2,fault = 16&5&6&7&8,
SUCCESS;39:edges = 68,fail_cases = 2,fault = 16&5&6&7&8&9,
SUCCESS;40:edges = 69,fail_cases = 2,fault = 16&5&6&7&8&9&10,
SUCCESS;41:edges = 70,fail_cases = 2,fault = 11&16&5&6&7&8&9&10,
SUCCESS;42:edges = 72,fail_cases = 2,fault = 13&16,
SUCCESS;43:edges = 73,fail_cases = 2,fault = 13&16&5,
SUCCESS;44:edges = 74,fail_cases = 2,fault = 13&16&5&6,
SUCCESS;45:edges = 75,fail_cases = 2,fault = 13&16&5&6&7,
SUCCESS;46:edges = 76,fail_cases = 2,fault = 13&16&5&6&7&8,
SUCCESS;47:edges = 77,fail_cases = 2,fault = 13&16&5&6&7&8&9,
SUCCESS;48:edges = 78,fail_cases = 2,fault = 13&16&5&6&7&8&9&10,
SUCCESS;49:edges = 79,fail_cases = 2,fault = 11&13&16&5&6&7&8&9&10,
SUCCESS;50:edges = 81,fail_cases = 2,fault = 13&14&16,
SUCCESS;51:edges = 82,fail_cases = 2,fault = 13&14&16&5,
SUCCESS;52:edges = 83,fail_cases = 2,fault = 13&14&16&5&6,
SUCCESS;53:edges = 84,fail_cases = 2,fault = 13&14&16&5&6&7,
SUCCESS;54:edges = 85,fail_cases = 2,fault = 13&14&16&5&6&7&8,
SUCCESS;55:edges = 86,fail_cases = 2,fault = 13&14&16&5&6&7&8&9,
SUCCESS;56:edges = 87,fail_cases = 2,fault = 13&14&16&5&6&7&8&9&10,
SUCCESS;57:edges = 88,fail_cases = 2,fault = 11&13&14&16&5&6&7&8&9&10,
FAIL;58:edges = 88,fail_cases = 3,fault = 13&14&15&16,
SUCCESS;59:edges = 90,fail_cases = 3,fault = 17,
SUCCESS;60:edges = 91,fail_cases = 3,fault = 16&17,
SUCCESS;61:edges = 92,fail_cases = 3,fault = 13&16&17,
SUCCESS;62:edges = 93,fail_cases = 3,fault = 13&14&16&17,
SUCCESS;63:edges = 95,fail_cases = 3,fault = 17&18,
SUCCESS;64:edges = 96,fail_cases = 3,fault = 16&17&18,
SUCCESS;65:edges = 97,fail_cases = 3,fault = 13&16&17&18,
SUCCESS;66:edges = 98,fail_cases = 3,fault = 13&14&16&17&18,
FAIL;67:edges = 98,fail_cases = 4,fault = 17&18&19,
SUCCESS;68:edges = 100,fail_cases = 4,fault = 20,
SUCCESS;69:edges = 101,fail_cases = 4,fault = 17&20,
SUCCESS;70:edges = 102,fail_cases = 4,fault = 17&18&20,
SUCCESS;71:edges = 104,fail_cases = 4,fault = 20&21,
SUCCESS;72:edges = 105,fail_cases = 4,fault = 17&20&21,
SUCCESS;73:edges = 106,fail_cases = 4,fault = 17&18&20&21,
SUCCESS;74:edges = 108,fail_cases = 4,fault = 22&20&21,
SUCCESS;75:edges = 109,fail_cases = 4,fault = 22&17&20&21,
SUCCESS;76:edges = 110,fail_cases = 4,fault = 22&17&18&20&21,
SUCCESS;77:edges = 112,fail_cases = 4,fault = 22&23&20&21,
SUCCESS;78:edges = 113,fail_cases = 4,fault = 22&23&17&20&21,
SUCCESS;79:edges = 114,fail_cases = 4,fault = 22&23&17&18&20&21,
SUCCESS;80:edges = 116,fail_cases = 4,fault = 22&23&24&20&21,
SUCCESS;81:edges = 117,fail_cases = 4,fault = 22&23&24&17&20&21,
SUCCESS;82:edges = 118,fail_cases = 4,fault = 22&23&24&17&18&20&21,
SUCCESS;83:edges = 120,fail_cases = 4,fault = 22&23&24&25&20&21,
SUCCESS;84:edges = 121,fail_cases = 4,fault = 22&23&24&25&17&20&21,
SUCCESS;85:edges = 122,fail_cases = 4,fault = 22&23&24&25&17&18&20&21,
FAIL;86:edges = 122,fail_cases = 5,fault = 22&23&24&25&26&20&21,
SUCCESS;87:edges = 124,fail_cases = 5,fault = 32,
SUCCESS;88:edges = 125,fail_cases = 5,fault = 20&32,
SUCCESS;89:edges = 126,fail_cases = 5,fault = 20&32&21,
SUCCESS;90:edges = 127,fail_cases = 5,fault = 22&20&32&21,
SUCCESS;91:edges = 128,fail_cases = 5,fault = 22&23&20&32&21,
SUCCESS;92:edges = 129,fail_cases = 5,fault = 22&23&24&20&32&21,
SUCCESS;93:edges = 130,fail_cases = 5,fault = 22&23&24&25&20&32&21,
SUCCESS;94:edges = 132,fail_cases = 5,fault = 27&32,
SUCCESS;95:edges = 133,fail_cases = 5,fault = 27&20&32,
SUCCESS;96:edges = 134,fail_cases = 5,fault = 27&20&32&21,
SUCCESS;97:edges = 135,fail_cases = 5,fault = 22&27&20&32&21,
SUCCESS;98:edges = 136,fail_cases = 5,fault = 22&23&27&20&32&21,
SUCCESS;99:edges = 137,fail_cases = 5,fault = 22&23&24&27&20&32&21,
SUCCESS;100:edges = 138,fail_cases = 5,fault = 22&23&24&25&27&20&32&21,
SUCCESS;101:edges = 140,fail_cases = 5,fault = 27&28&32,
SUCCESS;102:edges = 141,fail_cases = 5,fault = 27&28&20&32,
SUCCESS;103:edges = 142,fail_cases = 5,fault = 27&28&20&32&21,
SUCCESS;104:edges = 143,fail_cases = 5,fault = 22&27&28&20&32&21,
SUCCESS;105:edges = 144,fail_cases = 5,fault = 22&23&27&28&20&32&21,
SUCCESS;106:edges = 145,fail_cases = 5,fault = 22&23&24&27&28&20&32&21,
SUCCESS;107:edges = 146,fail_cases = 5,fault = 22&23&24&25&27&28&20&32&21,
SUCCESS;108:edges = 148,fail_cases = 5,fault = 27&28&29&32,
SUCCESS;109:edges = 149,fail_cases = 5,fault = 27&28&29&20&32,
SUCCESS;110:edges = 150,fail_cases = 5,fault = 27&28&29&20&32&21,
SUCCESS;111:edges = 151,fail_cases = 5,fault = 22&27&28&29&20&32&21,
SUCCESS;112:edges = 152,fail_cases = 5,fault = 22&23&27&28&29&20&32&21,
SUCCESS;113:edges = 153,fail_cases = 5,fault = 22&23&24&27&28&29&20&32&21,
SUCCESS;114:edges = 154,fail_cases = 5,fault = 22&23&24&25&27&28&29&20&32&21,
SUCCESS;115:edges = 156,fail_cases = 5,fault = 27&28&29&30&32,
SUCCESS;116:edges = 157,fail_cases = 5,fault = 27&28&29&30&20&32,
SUCCESS;117:edges = 158,fail_cases = 5,fault = 27&28&29&30&20&32&21,
SUCCESS;118:edges = 159,fail_cases = 5,fault = 22&27&28&29&30&20&32&21,
SUCCESS;119:edges = 160,fail_cases = 5,fault = 22&23&27&28&29&30&20&32&21,
SUCCESS;120:edges = 161,fail_cases = 5,fault = 22&23&24&27&28&29&30&20&32&21,
SUCCESS;121:edges = 162,fail_cases = 5,fault = 22&23&24&25&27&28&29&30&20&32&21,
FAIL;122:edges = 162,fail_cases = 6,fault = 27&28&29&30&31&32,
SUCCESS;123:edges = 164,fail_cases = 6,fault = 33,
SUCCESS;124:edges = 165,fail_cases = 6,fault = 33&32,
SUCCESS;125:edges = 166,fail_cases = 6,fault = 33&27&32,
SUCCESS;126:edges = 167,fail_cases = 6,fault = 33&27&28&32,
SUCCESS;127:edges = 168,fail_cases = 6,fault = 33&27&28&29&32,
SUCCESS;128:edges = 169,fail_cases = 6,fault = 33&27&28&29&30&32,
SUCCESS;129:edges = 171,fail_cases = 6,fault = 33&34,
SUCCESS;130:edges = 172,fail_cases = 6,fault = 33&34&32,
SUCCESS;131:edges = 173,fail_cases = 6,fault = 33&34&27&32,
SUCCESS;132:edges = 174,fail_cases = 6,fault = 33&34&27&28&32,
SUCCESS;133:edges = 175,fail_cases = 6,fault = 33&34&27&28&29&32,
SUCCESS;134:edges = 176,fail_cases = 6,fault = 33&34&27&28&29&30&32,
SUCCESS;135:edges = 178,fail_cases = 6,fault = 33&34&35,
SUCCESS;136:edges = 179,fail_cases = 6,fault = 33&34&35&32,
SUCCESS;137:edges = 180,fail_cases = 6,fault = 33&34&35&27&32,
SUCCESS;138:edges = 181,fail_cases = 6,fault = 33&34&35&27&28&32,
SUCCESS;139:edges = 182,fail_cases = 6,fault = 33&34&35&27&28&29&32,
SUCCESS;140:edges = 183,fail_cases = 6,fault = 33&34&35&27&28&29&30&32,
SUCCESS;141:edges = 185,fail_cases = 6,fault = 33&34&35&36,
SUCCESS;142:edges = 186,fail_cases = 6,fault = 33&34&35&36&32,
SUCCESS;143:edges = 187,fail_cases = 6,fault = 33&34&35&36&27&32,
SUCCESS;144:edges = 188,fail_cases = 6,fault = 33&34&35&36&27&28&32,
SUCCESS;145:edges = 189,fail_cases = 6,fault = 33&34&35&36&27&28&29&32,
SUCCESS;146:edges = 190,fail_cases = 6,fault = 33&34&35&36&27&28&29&30&32,
SUCCESS;147:edges = 192,fail_cases = 6,fault = 33&34&35&36&37,
SUCCESS;148:edges = 193,fail_cases = 6,fault = 33&34&35&36&37&32,
SUCCESS;149:edges = 194,fail_cases = 6,fault = 33&34&35&36&37&27&32,
SUCCESS;150:edges = 195,fail_cases = 6,fault = 33&34&35&36&37&27&28&32,
SUCCESS;151:edges = 196,fail_cases = 6,fault = 33&34&35&36&37&27&28&29&32,
SUCCESS;152:edges = 197,fail_cases = 6,fault = 33&34&35&36&37&27&28&29&30&32,
SUCCESS;153:edges = 199,fail_cases = 6,fault = 33&34&35&36&37&38,
SUCCESS;154:edges = 200,fail_cases = 6,fault = 33&34&35&36&37&38&32,
SUCCESS;155:edges = 201,fail_cases = 6,fault = 33&34&35&36&37&38&27&32,
SUCCESS;156:edges = 202,fail_cases = 6,fault = 33&34&35&36&37&38&27&28&32,
SUCCESS;157:edges = 203,fail_cases = 6,fault = 33&34&35&36&37&38&27&28&29&32,
SUCCESS;158:edges = 204,fail_cases = 6,fault = 33&34&35&36&37&38&27&28&29&30&32,
SUCCESS;159:edges = 206,fail_cases = 6,fault = 33&34&35&36&37&38&39,
SUCCESS;160:edges = 207,fail_cases = 6,fault = 33&34&35&36&37&38&39&32,
SUCCESS;161:edges = 208,fail_cases = 6,fault = 33&34&35&36&37&38&27&39&32,
SUCCESS;162:edges = 209,fail_cases = 6,fault = 33&34&35&36&37&38&27&39&28&32,
SUCCESS;163:edges = 210,fail_cases = 6,fault = 33&34&35&36&37&38&27&39&28&29&32,
SUCCESS;164:edges = 211,fail_cases = 6,fault = 33&34&35&36&37&38&27&39&28&29&30&32,
FAIL;165:edges = 211,fail_cases = 7,fault = 33&34&35&36&37&38&39&40,
SUCCESS;166:edges = 213,fail_cases = 7,fault = 41,
SUCCESS;167:edges = 214,fail_cases = 7,fault = 33&41,
SUCCESS;168:edges = 215,fail_cases = 7,fault = 33&34&41,
SUCCESS;169:edges = 216,fail_cases = 7,fault = 33&34&35&41,
SUCCESS;170:edges = 217,fail_cases = 7,fault = 33&34&35&36&41,
SUCCESS;171:edges = 218,fail_cases = 7,fault = 33&34&35&36&37&41,
SUCCESS;172:edges = 219,fail_cases = 7,fault = 33&34&35&36&37&38&41,
SUCCESS;173:edges = 220,fail_cases = 7,fault = 33&34&35&36&37&38&39&41,
SUCCESS;174:edges = 222,fail_cases = 7,fault = 41&42,
SUCCESS;175:edges = 223,fail_cases = 7,fault = 33&41&42,
SUCCESS;176:edges = 224,fail_cases = 7,fault = 33&34&41&42,
SUCCESS;177:edges = 225,fail_cases = 7,fault = 33&34&35&41&42,
SUCCESS;178:edges = 226,fail_cases = 7,fault = 33&34&35&36&41&42,
SUCCESS;179:edges = 227,fail_cases = 7,fault = 33&34&35&36&37&41&42,
SUCCESS;180:edges = 228,fail_cases = 7,fault = 33&34&35&36&37&38&41&42,
SUCCESS;181:edges = 229,fail_cases = 7,fault = 33&34&35&36&37&38&39&41&42,
SUCCESS;182:edges = 231,fail_cases = 7,fault = 41&42&43,
SUCCESS;183:edges = 232,fail_cases = 7,fault = 33&41&42&43,
SUCCESS;184:edges = 233,fail_cases = 7,fault = 33&34&41&42&43,
SUCCESS;185:edges = 234,fail_cases = 7,fault = 33&34&35&41&42&43,
SUCCESS;186:edges = 235,fail_cases = 7,fault = 33&34&35&36&41&42&43,
SUCCESS;187:edges = 236,fail_cases = 7,fault = 33&34&35&36&37&41&42&43,
SUCCESS;188:edges = 237,fail_cases = 7,fault = 33&34&35&36&37&38&41&42&43,
SUCCESS;189:edges = 238,fail_cases = 7,fault = 33&34&35&36&37&38&39&41&42&43,
SUCCESS;190:edges = 240,fail_cases = 7,fault = 44&41&42&43,
SUCCESS;191:edges = 241,fail_cases = 7,fault = 44&33&41&42&43,
SUCCESS;192:edges = 242,fail_cases = 7,fault = 44&33&34&41&42&43,
SUCCESS;193:edges = 243,fail_cases = 7,fault = 44&33&34&35&41&42&43,
SUCCESS;194:edges = 244,fail_cases = 7,fault = 44&33&34&35&36&41&42&43,
SUCCESS;195:edges = 245,fail_cases = 7,fault = 44&33&34&35&36&37&41&42&43,
SUCCESS;196:edges = 246,fail_cases = 7,fault = 44&33&34&35&36&37&38&41&42&43,
SUCCESS;197:edges = 247,fail_cases = 7,fault = 44&33&34&35&36&37&38&39&41&42&43,
SUCCESS;198:edges = 249,fail_cases = 7,fault = 44&45&41&42&43,
SUCCESS;199:edges = 250,fail_cases = 7,fault = 44&33&45&41&42&43,
SUCCESS;200:edges = 251,fail_cases = 7,fault = 44&33&45&34&41&42&43,
SUCCESS;201:edges = 252,fail_cases = 7,fault = 44&33&45&34&35&41&42&43,
SUCCESS;202:edges = 253,fail_cases = 7,fault = 44&33&45&34&35&36&41&42&43,
SUCCESS;203:edges = 254,fail_cases = 7,fault = 44&33&45&34&35&36&37&41&42&43,
SUCCESS;204:edges = 255,fail_cases = 7,fault = 44&33&45&34&35&36&37&38&41&42&43,
SUCCESS;205:edges = 256,fail_cases = 7,fault = 44&33&45&34&35&36&37&38&39&41&42&43,
FAIL;206:edges = 256,fail_cases = 8,fault = 44&45&46&41&42&43,
SUCCESS;207:edges = 258,fail_cases = 8,fault = 48,
SUCCESS;208:edges = 259,fail_cases = 8,fault = 48&41,
SUCCESS;209:edges = 260,fail_cases = 8,fault = 48&41&42,
SUCCESS;210:edges = 261,fail_cases = 8,fault = 48&41&42&43,
SUCCESS;211:edges = 262,fail_cases = 8,fault = 44&48&41&42&43,
SUCCESS;212:edges = 263,fail_cases = 8,fault = 44&45&48&41&42&43,
FAIL;213:edges = 263,fail_cases = 9,fault = 47&48,
SUCCESS;214:edges = 265,fail_cases = 9,fault = 49,
SUCCESS;215:edges = 266,fail_cases = 9,fault = 48&49,
FAIL;216:edges = 266,fail_cases = 10,fault = 49&50,
SUCCESS;217:edges = 268,fail_cases = 10,fault = 51,
SUCCESS;218:edges = 269,fail_cases = 10,fault = 49&51,
SUCCESS;219:edges = 271,fail_cases = 10,fault = 51&52,
SUCCESS;220:edges = 272,fail_cases = 10,fault = 49&51&52,
SUCCESS;221:edges = 274,fail_cases = 10,fault = 51&52&53,
SUCCESS;222:edges = 275,fail_cases = 10,fault = 49&51&52&53,
SUCCESS;223:edges = 277,fail_cases = 10,fault = 51&52&53&54,
SUCCESS;224:edges = 278,fail_cases = 10,fault = 49&51&52&53&54,
SUCCESS;225:edges = 280,fail_cases = 10,fault = 55&51&52&53&54,
SUCCESS;226:edges = 281,fail_cases = 10,fault = 55&49&51&52&53&54,
SUCCESS;227:edges = 283,fail_cases = 10,fault = 55&56&51&52&53&54,
SUCCESS;228:edges = 284,fail_cases = 10,fault = 55&56&49&51&52&53&54,
SUCCESS;229:edges = 286,fail_cases = 10,fault = 55&56&57&51&52&53&54,
SUCCESS;230:edges = 287,fail_cases = 10,fault = 55&56&57&49&51&52&53&54,
FAIL;231:edges = 287,fail_cases = 11,fault = 55&56&57&58&51&52&53&54,
SUCCESS;232:edges = 289,fail_cases = 11,fault = 64,
SUCCESS;233:edges = 290,fail_cases = 11,fault = 51&64,
SUCCESS;234:edges = 291,fail_cases = 11,fault = 51&52&64,
SUCCESS;235:edges = 292,fail_cases = 11,fault = 51&52&64&53,
SUCCESS;236:edges = 293,fail_cases = 11,fault = 51&52&64&53&54,
SUCCESS;237:edges = 294,fail_cases = 11,fault = 55&51&52&64&53&54,
SUCCESS;238:edges = 295,fail_cases = 11,fault = 55&56&51&52&64&53&54,
SUCCESS;239:edges = 296,fail_cases = 11,fault = 55&56&57&51&52&64&53&54,
SUCCESS;240:edges = 298,fail_cases = 11,fault = 59&64,
SUCCESS;241:edges = 299,fail_cases = 11,fault = 59&51&64,
SUCCESS;242:edges = 300,fail_cases = 11,fault = 59&51&52&64,
SUCCESS;243:edges = 301,fail_cases = 11,fault = 59&51&52&64&53,
SUCCESS;244:edges = 302,fail_cases = 11,fault = 59&51&52&64&53&54,
SUCCESS;245:edges = 303,fail_cases = 11,fault = 55&59&51&52&64&53&54,
SUCCESS;246:edges = 304,fail_cases = 11,fault = 55&56&59&51&52&64&53&54,
SUCCESS;247:edges = 305,fail_cases = 11,fault = 55&56&57&59&51&52&64&53&54,
SUCCESS;248:edges = 307,fail_cases = 11,fault = 59&60&64,
SUCCESS;249:edges = 308,fail_cases = 11,fault = 59&60&51&64,
SUCCESS;250:edges = 309,fail_cases = 11,fault = 59&60&51&52&64,
SUCCESS;251:edges = 310,fail_cases = 11,fault = 59&60&51&52&64&53,
SUCCESS;252:edges = 311,fail_cases = 11,fault = 59&60&51&52&64&53&54,
SUCCESS;253:edges = 312,fail_cases = 11,fault = 55&59&60&51&52&64&53&54,
SUCCESS;254:edges = 313,fail_cases = 11,fault = 55&56&59&60&51&52&64&53&54,
SUCCESS;255:edges = 314,fail_cases = 11,fault = 55&56&57&59&60&51&52&64&53&54,
SUCCESS;256:edges = 316,fail_cases = 11,fault = 59&60&61&64,
SUCCESS;257:edges = 317,fail_cases = 11,fault = 59&60&61&51&64,
SUCCESS;258:edges = 318,fail_cases = 11,fault = 59&60&61&51&52&64,
SUCCESS;259:edges = 319,fail_cases = 11,fault = 59&60&61&51&52&64&53,
SUCCESS;260:edges = 320,fail_cases = 11,fault = 59&60&61&51&52&64&53&54,
SUCCESS;261:edges = 321,fail_cases = 11,fault = 55&59&60&61&51&52&64&53&54,
SUCCESS;262:edges = 322,fail_cases = 11,fault = 55&56&59&60&61&51&52&64&53&54,
SUCCESS;263:edges = 323,fail_cases = 11,fault = 55&56&57&59&60&61&51&52&64&53&54,
SUCCESS;264:edges = 325,fail_cases = 11,fault = 59&60&61&62&64,
SUCCESS;265:edges = 326,fail_cases = 11,fault = 59&60&61&62&51&64,
SUCCESS;266:edges = 327,fail_cases = 11,fault = 59&60&61&62&51&52&64,
SUCCESS;267:edges = 328,fail_cases = 11,fault = 59&60&61&62&51&52&64&53,
SUCCESS;268:edges = 329,fail_cases = 11,fault = 59&60&61&62&51&52&64&53&54,
SUCCESS;269:edges = 330,fail_cases = 11,fault = 55&59&60&61&62&51&52&64&53&54,
SUCCESS;270:edges = 331,fail_cases = 11,fault = 55&56&59&60&61&62&51&52&64&53&54,
SUCCESS;271:edges = 332,fail_cases = 11,fault = 55&56&57&59&60&61&62&51&52&64&53&54,
FAIL;272:edges = 332,fail_cases = 12,fault = 59&60&61&62&63&64,
SUCCESS;273:edges = 334,fail_cases = 12,fault = 65,
SUCCESS;274:edges = 335,fail_cases = 12,fault = 64&65,
SUCCESS;275:edges = 336,fail_cases = 12,fault = 59&64&65,
SUCCESS;276:edges = 337,fail_cases = 12,fault = 59&60&64&65,
SUCCESS;277:edges = 338,fail_cases = 12,fault = 59&60&61&64&65,
SUCCESS;278:edges = 339,fail_cases = 12,fault = 59&60&61&62&64&65,
SUCCESS;279:edges = 341,fail_cases = 12,fault = 66&65,
SUCCESS;280:edges = 342,fail_cases = 12,fault = 66&64&65,
SUCCESS;281:edges = 343,fail_cases = 12,fault = 66&59&64&65,
SUCCESS;282:edges = 344,fail_cases = 12,fault = 66&59&60&64&65,
SUCCESS;283:edges = 345,fail_cases = 12,fault = 66&59&60&61&64&65,
SUCCESS;284:edges = 346,fail_cases = 12,fault = 66&59&60&61&62&64&65,
FAIL;285:edges = 346,fail_cases = 13,fault = 66&67&65,
SUCCESS;286:edges = 348,fail_cases = 13,fault = 68,
SUCCESS;287:edges = 349,fail_cases = 13,fault = 68&65,
SUCCESS;288:edges = 350,fail_cases = 13,fault = 66&68&65,
SUCCESS;289:edges = 352,fail_cases = 13,fault = 68&69,
SUCCESS;290:edges = 353,fail_cases = 13,fault = 68&69&65,
SUCCESS;291:edges = 354,fail_cases = 13,fault = 66&68&69&65,
SUCCESS;292:edges = 356,fail_cases = 13,fault = 68&69&70,
SUCCESS;293:edges = 357,fail_cases = 13,fault = 68&69&70&65,
SUCCESS;294:edges = 358,fail_cases = 13,fault = 66&68&69&70&65,
FAIL;295:edges = 358,fail_cases = 14,fault = 68&69&70&71,
SUCCESS;296:edges = 360,fail_cases = 14,fault = 72,
SUCCESS;297:edges = 361,fail_cases = 14,fault = 68&72,
SUCCESS;298:edges = 362,fail_cases = 14,fault = 68&69&72,
SUCCESS;299:edges = 363,fail_cases = 14,fault = 68&69&70&72,
SUCCESS;300:edges = 365,fail_cases = 14,fault = 72&73,
SUCCESS;301:edges = 366,fail_cases = 14,fault = 68&72&73,
SUCCESS;302:edges = 367,fail_cases = 14,fault = 68&69&72&73,
SUCCESS;303:edges = 368,fail_cases = 14,fault = 68&69&70&72&73,
SUCCESS;304:edges = 370,fail_cases = 14,fault = 72&73&74,
SUCCESS;305:edges = 371,fail_cases = 14,fault = 68&72&73&74,
SUCCESS;306:edges = 372,fail_cases = 14,fault = 68&69&72&73&74,
SUCCESS;307:edges = 373,fail_cases = 14,fault = 68&69&70&72&73&74,
FAIL;308:edges = 373,fail_cases = 15,fault = 72&73&74&75,
SUCCESS;309:edges = 375,fail_cases = 15,fault = 80,
SUCCESS;310:edges = 376,fail_cases = 15,fault = 80&72,
SUCCESS;311:edges = 377,fail_cases = 15,fault = 80&72&73,
SUCCESS;312:edges = 378,fail_cases = 15,fault = 80&72&73&74,
SUCCESS;313:edges = 380,fail_cases = 15,fault = 80&81,
SUCCESS;314:edges = 381,fail_cases = 15,fault = 80&81&72,
SUCCESS;315:edges = 382,fail_cases = 15,fault = 80&81&72&73,
SUCCESS;316:edges = 383,fail_cases = 15,fault = 80&81&72&73&74,
SUCCESS;317:edges = 385,fail_cases = 15,fault = 80&81&82,
SUCCESS;318:edges = 386,fail_cases = 15,fault = 80&81&82&72,
SUCCESS;319:edges = 387,fail_cases = 15,fault = 80&81&82&72&73,
SUCCESS;320:edges = 388,fail_cases = 15,fault = 80&81&82&72&73&74,
SUCCESS;321:edges = 390,fail_cases = 15,fault = 80&81&82&83,
SUCCESS;322:edges = 391,fail_cases = 15,fault = 80&81&82&83&72,
SUCCESS;323:edges = 392,fail_cases = 15,fault = 80&81&82&83&72&73,
SUCCESS;324:edges = 393,fail_cases = 15,fault = 80&81&82&83&72&73&74,
SUCCESS;325:edges = 395,fail_cases = 15,fault = 80&81&82&83&76,
SUCCESS;326:edges = 396,fail_cases = 15,fault = 80&81&82&83&72&76,
SUCCESS;327:edges = 397,fail_cases = 15,fault = 80&81&82&83&72&73&76,
SUCCESS;328:edges = 398,fail_cases = 15,fault = 80&81&82&83&72&73&74&76,
SUCCESS;329:edges = 400,fail_cases = 15,fault = 77&80&81&82&83&76,
SUCCESS;330:edges = 401,fail_cases = 15,fault = 77&80&81&82&83&72&76,
SUCCESS;331:edges = 402,fail_cases = 15,fault = 77&80&81&82&83&72&73&76,
SUCCESS;332:edges = 403,fail_cases = 15,fault = 77&80&81&82&83&72&73&74&76,
SUCCESS;333:edges = 405,fail_cases = 15,fault = 77&78&80&81&82&83&76,
SUCCESS;334:edges = 406,fail_cases = 15,fault = 77&78&80&81&82&83&72&76,
SUCCESS;335:edges = 407,fail_cases = 15,fault = 77&78&80&81&82&83&72&73&76,
SUCCESS;336:edges = 408,fail_cases = 15,fault = 77&78&80&81&82&83&72&73&74&76,
FAIL;337:edges = 408,fail_cases = 16,fault = 77&78&79&80&81&82&83&76,
SUCCESS;338:edges = 410,fail_cases = 16,fault = 84,
SUCCESS;339:edges = 411,fail_cases = 16,fault = 80&84,
SUCCESS;340:edges = 412,fail_cases = 16,fault = 80&81&84,
SUCCESS;341:edges = 413,fail_cases = 16,fault = 80&81&82&84,
SUCCESS;342:edges = 414,fail_cases = 16,fault = 80&81&82&83&84,
SUCCESS;343:edges = 415,fail_cases = 16,fault = 80&81&82&83&84&76,
SUCCESS;344:edges = 416,fail_cases = 16,fault = 77&80&81&82&83&84&76,
SUCCESS;345:edges = 417,fail_cases = 16,fault = 77&78&80&81&82&83&84&76,
SUCCESS;346:edges = 419,fail_cases = 16,fault = 84&85,
SUCCESS;347:edges = 420,fail_cases = 16,fault = 80&84&85,
SUCCESS;348:edges = 421,fail_cases = 16,fault = 80&81&84&85,
SUCCESS;349:edges = 422,fail_cases = 16,fault = 80&81&82&84&85,
SUCCESS;350:edges = 423,fail_cases = 16,fault = 80&81&82&83&84&85,
SUCCESS;351:edges = 424,fail_cases = 16,fault = 80&81&82&83&84&85&76,
SUCCESS;352:edges = 425,fail_cases = 16,fault = 77&80&81&82&83&84&85&76,
SUCCESS;353:edges = 426,fail_cases = 16,fault = 77&78&80&81&82&83&84&85&76,
SUCCESS;354:edges = 428,fail_cases = 16,fault = 84&85&86,
SUCCESS;355:edges = 429,fail_cases = 16,fault = 80&84&85&86,
SUCCESS;356:edges = 430,fail_cases = 16,fault = 80&81&84&85&86,
SUCCESS;357:edges = 431,fail_cases = 16,fault = 80&81&82&84&85&86,
SUCCESS;358:edges = 432,fail_cases = 16,fault = 80&81&82&83&84&85&86,
SUCCESS;359:edges = 433,fail_cases = 16,fault = 80&81&82&83&84&85&86&76,
SUCCESS;360:edges = 434,fail_cases = 16,fault = 77&80&81&82&83&84&85&86&76,
SUCCESS;361:edges = 435,fail_cases = 16,fault = 77&78&80&81&82&83&84&85&86&76,
SUCCESS;362:edges = 437,fail_cases = 16,fault = 84&85&86&87,
SUCCESS;363:edges = 438,fail_cases = 16,fault = 80&84&85&86&87,
SUCCESS;364:edges = 439,fail_cases = 16,fault = 80&81&84&85&86&87,
SUCCESS;365:edges = 440,fail_cases = 16,fault = 80&81&82&84&85&86&87,
SUCCESS;366:edges = 441,fail_cases = 16,fault = 80&81&82&83&84&85&86&87,
SUCCESS;367:edges = 442,fail_cases = 16,fault = 80&81&82&83&84&85&86&87&76,
SUCCESS;368:edges = 443,fail_cases = 16,fault = 77&80&81&82&83&84&85&86&87&76,
SUCCESS;369:edges = 444,fail_cases = 16,fault = 77&78&80&81&82&83&84&85&86&87&76,
FAIL;370:edges = 444,fail_cases = 17,fault = 88&84&85&86&87,
SUCCESS;371:edges = 446,fail_cases = 17,fault = 89,
SUCCESS;372:edges = 447,fail_cases = 17,fault = 89&84,
SUCCESS;373:edges = 448,fail_cases = 17,fault = 89&84&85,
SUCCESS;374:edges = 449,fail_cases = 17,fault = 89&84&85&86,
SUCCESS;375:edges = 450,fail_cases = 17,fault = 89&84&85&86&87,
SUCCESS;376:edges = 452,fail_cases = 17,fault = 89&90,
SUCCESS;377:edges = 453,fail_cases = 17,fault = 89&90&84,
SUCCESS;378:edges = 454,fail_cases = 17,fault = 89&90&84&85,
SUCCESS;379:edges = 455,fail_cases = 17,fault = 89&90&84&85&86,
SUCCESS;380:edges = 456,fail_cases = 17,fault = 89&90&84&85&86&87,
SUCCESS;381:edges = 458,fail_cases = 17,fault = 89&90&91,
SUCCESS;382:edges = 459,fail_cases = 17,fault = 89&90&91&84,
SUCCESS;383:edges = 460,fail_cases = 17,fault = 89&90&91&84&85,
SUCCESS;384:edges = 461,fail_cases = 17,fault = 89&90&91&84&85&86,
SUCCESS;385:edges = 462,fail_cases = 17,fault = 89&90&91&84&85&86&87,
SUCCESS;386:edges = 464,fail_cases = 17,fault = 89&90&91&92,
SUCCESS;387:edges = 465,fail_cases = 17,fault = 89&90&91&92&84,
SUCCESS;388:edges = 466,fail_cases = 17,fault = 89&90&91&92&84&85,
SUCCESS;389:edges = 467,fail_cases = 17,fault = 89&90&91&92&84&85&86,
SUCCESS;390:edges = 468,fail_cases = 17,fault = 89&90&91&92&84&85&86&87,
FAIL;391:edges = 468,fail_cases = 18,fault = 89&90&91&92&93,
SUCCESS;392:edges = 470,fail_cases = 18,fault = 96,
SUCCESS;393:edges = 471,fail_cases = 18,fault = 89&96,
SUCCESS;394:edges = 472,fail_cases = 18,fault = 89&90&96,
SUCCESS;395:edges = 473,fail_cases = 18,fault = 89&90&91&96,
SUCCESS;396:edges = 474,fail_cases = 18,fault = 89&90&91&92&96,
SUCCESS;397:edges = 476,fail_cases = 18,fault = 94&96,
SUCCESS;398:edges = 477,fail_cases = 18,fault = 89&94&96,
SUCCESS;399:edges = 478,fail_cases = 18,fault = 89&90&94&96,
SUCCESS;400:edges = 479,fail_cases = 18,fault = 89&90&91&94&96,
SUCCESS;401:edges = 480,fail_cases = 18,fault = 89&90&91&92&94&96,
FAIL;402:edges = 480,fail_cases = 19,fault = 94&95&96,
SUCCESS;403:edges = 482,fail_cases = 19,fault = 97,
SUCCESS;404:edges = 483,fail_cases = 19,fault = 96&97,
SUCCESS;405:edges = 484,fail_cases = 19,fault = 94&96&97,
SUCCESS;406:edges = 486,fail_cases = 19,fault = 97&98,
SUCCESS;407:edges = 487,fail_cases = 19,fault = 96&97&98,
SUCCESS;408:edges = 488,fail_cases = 19,fault = 94&96&97&98,
FAIL;409:edges = 488,fail_cases = 20,fault = 99&97&98,
SUCCESS;410:edges = 490,fail_cases = 20,fault = 100,
SUCCESS;411:edges = 491,fail_cases = 20,fault = 100&97,
SUCCESS;412:edges = 492,fail_cases = 20,fault = 100&97&98,
SUCCESS;413:edges = 494,fail_cases = 20,fault = 100&101,
SUCCESS;414:edges = 495,fail_cases = 20,fault = 100&101&97,
SUCCESS;415:edges = 496,fail_cases = 20,fault = 100&101&97&98,
SUCCESS;416:edges = 498,fail_cases = 20,fault = 100&101&102,
SUCCESS;417:edges = 499,fail_cases = 20,fault = 100&101&102&97,
SUCCESS;418:edges = 500,fail_cases = 20,fault = 100&101&102&97&98,
FAIL;419:edges = 500,fail_cases = 21,fault = 100&101&102&103,
SUCCESS;420:edges = 502,fail_cases = 21,fault = 104,
SUCCESS;421:edges = 503,fail_cases = 21,fault = 100&104,
SUCCESS;422:edges = 504,fail_cases = 21,fault = 100&101&104,
SUCCESS;423:edges = 505,fail_cases = 21,fault = 100&101&102&104,
SUCCESS;424:edges = 507,fail_cases = 21,fault = 104&105,
SUCCESS;425:edges = 508,fail_cases = 21,fault = 100&104&105,
SUCCESS;426:edges = 509,fail_cases = 21,fault = 100&101&104&105,
SUCCESS;427:edges = 510,fail_cases = 21,fault = 100&101&102&104&105,
FAIL;428:edges = 510,fail_cases = 22,fault = 104&105&106,
SUCCESS;429:edges = 512,fail_cases = 22,fault = 107,
SUCCESS;430:edges = 513,fail_cases = 22,fault = 104&107,
SUCCESS;431:edges = 514,fail_cases = 22,fault = 104&105&107,
SUCCESS;432:edges = 516,fail_cases = 22,fault = 107&108,
SUCCESS;433:edges = 517,fail_cases = 22,fault = 104&107&108,
SUCCESS;434:edges = 518,fail_cases = 22,fault = 104&105&107&108,
SUCCESS;435:edges = 520,fail_cases = 22,fault = 107&108&109,
SUCCESS;436:edges = 521,fail_cases = 22,fault = 104&107&108&109,
SUCCESS;437:edges = 522,fail_cases = 22,fault = 104&105&107&108&109,
SUCCESS;438:edges = 524,fail_cases = 22,fault = 110&107&108&109,
SUCCESS;439:edges = 525,fail_cases = 22,fault = 110&104&107&108&109,
SUCCESS;440:edges = 526,fail_cases = 22,fault = 110&104&105&107&108&109,
FAIL;441:edges = 526,fail_cases = 23,fault = 110&111&107&108&109,
SUCCESS;442:edges = 527,fail_cases = 23,fault = 112,
SUCCESS;443:edges = 528,fail_cases = 23,fault = 112&107,
SUCCESS;444:edges = 529,fail_cases = 23,fault = 112&107&108,
SUCCESS;445:edges = 530,fail_cases = 23,fault = 112&107&108&109,
SUCCESS;446:edges = 531,fail_cases = 23,fault = 110&112&107&108&109,
SUCCESS;447:edges = 532,fail_cases = 23,fault = 112&113,
SUCCESS;448:edges = 533,fail_cases = 23,fault = 112&113&107,
SUCCESS;449:edges = 534,fail_cases = 23,fault = 112&113&107&108,
SUCCESS;450:edges = 535,fail_cases = 23,fault = 112&113&107&108&109,
SUCCESS;451:edges = 536,fail_cases = 23,fault = 110&112&113&107&108&109,
SUCCESS;452:edges = 537,fail_cases = 23,fault = 112&113&114,
SUCCESS;453:edges = 538,fail_cases = 23,fault = 112&113&114&107,
SUCCESS;454:edges = 539,fail_cases = 23,fault = 112&113&114&107&108,
SUCCESS;455:edges = 540,fail_cases = 23,fault = 112&113&114&107&108&109,
SUCCESS;456:edges = 541,fail_cases = 23,fault = 110&112&113&114&107&108&109,
SUCCESS;457:edges = 542,fail_cases = 23,fault = 112&113&114&115,
SUCCESS;458:edges = 543,fail_cases = 23,fault = 112&113&114&115&107,
SUCCESS;459:edges = 544,fail_cases = 23,fault = 112&113&114&115&107&108,
SUCCESS;460:edges = 545,fail_cases = 23,fault = 112&113&114&115&107&108&109,
SUCCESS;461:edges = 546,fail_cases = 23,fault = 110&112&113&114&115&107&108&109,
FAIL;462:edges = 546,fail_cases = 24,fault = 112&113&114&115&116,