SUCCESS;0:edges = 15,fail_cases = 0,fault = ,
SUCCESS;1:edges = 16,fail_cases = 0,fault = 1,
SUCCESS;2:edges = 17,fail_cases = 0,fault = 1&2,
FAIL;3:edges = 17,fail_cases = 1,fault = 1&2&3,
SUCCESS;4:edges = 19,fail_cases = 1,fault = 4,
SUCCESS;5:edges = 20,fail_cases = 1,fault = 1&4,
SUCCESS;6:edges = 21,fail_cases = 1,fault = 1&2&4,
FAIL;7:edges = 21,fail_cases = 2,fault = 4&5,
SUCCESS;8:edges = 23,fail_cases = 2,fault = 6,
SUCCESS;9:edges = 24,fail_cases = 2,fault = 4&6,
SUCCESS;10:edges = 26,fail_cases = 2,fault = 6&7,
SUCCESS;11:edges = 27,fail_cases = 2,fault = 4&6&7,
SUCCESS;12:edges = 29,fail_cases = 2,fault = 6&7&8,
SUCCESS;13:edges = 30,fail_cases = 2,fault = 4&6&7&8,
SUCCESS;14:edges = 32,fail_cases = 2,fault = 6&7&8&9,
SUCCESS;15:edges = 33,fail_cases = 2,fault = 4&6&7&8&9,
SUCCESS;16:edges = 35,fail_cases = 2,fault = 6&7&8&9&10,
SUCCESS;17:edges = 36,fail_cases = 2,fault = 4&6&7&8&9&10,
SUCCESS;18:edges = 38,fail_cases = 2,fault = 11&6&7&8&9&10,
SUCCESS;19:edges = 39,fail_cases = 2,fault = 11&4&6&7&8&9&10,
FAIL;20:edges = 39,fail_cases = 3,fault = 11&12&6&7&8&9&10,
SUCCESS;21:edges = 41,fail_cases = 3,fault = 13,
SUCCESS;22:edges = 42,fail_cases = 3,fault = 13&6,
SUCCESS;23:edges = 43,fail_cases = 3,fault = 13&6&7,
SUCCESS;24:edges = 44,fail_cases = 3,fault = 13&6&7&8,
SUCCESS;25:edges = 45,fail_cases = 3,fault = 13&6&7&8&9,
SUCCESS;26:edges = 46,fail_cases = 3,fault = 13&6&7&8&9&10,
SUCCESS;27:edges = 47,fail_cases = 3,fault = 11&13&6&7&8&9&10,
SUCCESS;28:edges = 49,fail_cases = 3,fault = 13&14,
SUCCESS;29:edges = 50,fail_cases = 3,fault = 13&14&6,
SUCCESS;30:edges = 51,fail_cases = 3,fault = 13&14&6&7,
SUCCESS;31:edges = 52,fail_cases = 3,fault = 13&14&6&7&8,
SUCCESS;32:edges = 53,fail_cases = 3,fault = 13&14&6&7&8&9,
SUCCESS;33:edges = 54,fail_cases = 3,fault = 13&14&6&7&8&9&10,
SUCCESS;34:edges = 55,fail_cases = 3,fault = 11&13&14&6&7&8&9&10,
FAIL;35:edges = 55,fail_cases = 4,fault = 13&14&15,
SUCCESS;36:edges = 57,fail_cases = 4,fault = 16,
SUCCESS;37:edges = 58,fail_cases = 4,fault = 13&16,
SUCCESS;38:edges = 59,fail_cases = 4,fault = 13&14&16,
SUCCESS;39:edges = 61,fail_cases = 4,fault = 16&17,
SUCCESS;40:edges = 62,fail_cases = 4,fault = 13&16&17,
SUCCESS;41:edges = 63,fail_cases = 4,fault = 13&14&16&17,
SUCCESS;42:edges = 65,fail_cases = 4,fault = 16&17&18,
SUCCESS;43:edges = 66,fail_cases = 4,fault = 13&16&17&18,
SUCCESS;44:edges = 67,fail_cases = 4,fault = 13&14&16&17&18,
SUCCESS;45:edges = 69,fail_cases = 4,fault = 16&17&18&19,
SUCCESS;46:edges = 70,fail_cases = 4,fault = 13&16&17&18&19,
SUCCESS;47:edges = 71,fail_cases = 4,fault = 13&14&16&17&18&19,
SUCCESS;48:edges = 73,fail_cases = 4,fault = 16&17&18&19&20,
SUCCESS;49:edges = 74,fail_cases = 4,fault = 13&16&17&18&19&20,
SUCCESS;50:edges = 75,fail_cases = 4,fault = 13&14&16&17&18&19&20,
FAIL;51:edges = 75,fail_cases = 5,fault = 16&17&18&19&20&21,
SUCCESS;52:edges = 77,fail_cases = 5,fault = 22,
SUCCESS;53:edges = 78,fail_cases = 5,fault = 22&16,
SUCCESS;54:edges = 79,fail_cases = 5,fault = 22&16&17,
SUCCESS;55:edges = 80,fail_cases = 5,fault = 22&16&17&19,
SUCCESS;56:edges = 81,fail_cases = 5,fault = 22&16&17&19&20,
SUCCESS;57:edges = 83,fail_cases = 5,fault = 22&16&17&19&20&21,
SUCCESS;58:edges = 85,fail_cases = 5,fault = 22&24&16&17&19&20&21,
SUCCESS;59:edges = 87,fail_cases = 5,fault = 22&24&25&16&17&19&20&21,
FAIL;60:edges = 87,fail_cases = 6,fault = 22&24&25&26&16&17&19&20&21,
SUCCESS;61:edges = 88,fail_cases = 6,fault = 22&23&18,
SUCCESS;62:edges = 89,fail_cases = 6,fault = 22&23&24&18,
SUCCESS;63:edges = 90,fail_cases = 6,fault = 22&23&24&25&18,
SUCCESS;64:edges = 91,fail_cases = 6,fault = 22&23&16&18,
SUCCESS;65:edges = 92,fail_cases = 6,fault = 22&23&16&17&18,
SUCCESS;66:edges = 93,fail_cases = 6,fault = 22&23&24&16&18,
SUCCESS;67:edges = 94,fail_cases = 6,fault = 22&23&24&25&16&18,
SUCCESS;68:edges = 95,fail_cases = 6,fault = 22&23&24&16&17&18,
SUCCESS;69:edges = 96,fail_cases = 6,fault = 22&23&24&25&16&17&18,
SUCCESS;70:edges = 97,fail_cases = 6,fault = 22&23&16&17&18&19,
SUCCESS;71:edges = 98,fail_cases = 6,fault = 22&23&24&16&17&18&19,
SUCCESS;72:edges = 99,fail_cases = 6,fault = 22&23&16&17&18&19&20,
SUCCESS;73:edges = 100,fail_cases = 6,fault = 22&23&24&25&16&17&18&19,
SUCCESS;74:edges = 101,fail_cases = 6,fault = 22&23&24&16&17&18&19&20,
SUCCESS;75:edges = 102,fail_cases = 6,fault = 22&23&24&25&16&17&18&19&20,
FAIL;76:edges = 102,fail_cases = 7,fault = 22&23&24&25&26,
SUCCESS;77:edges = 104,fail_cases = 7,fault = 32,
SUCCESS;78:edges = 105,fail_cases = 7,fault = 22&32,
SUCCESS;79:edges = 106,fail_cases = 7,fault = 22&16&17&19&20&32&21,
SUCCESS;80:edges = 107,fail_cases = 7,fault = 22&24&16&17&19&20&32&21,
SUCCESS;81:edges = 108,fail_cases = 7,fault = 22&24&25&16&17&19&20&32&21,
SUCCESS;82:edges = 110,fail_cases = 7,fault = 33&32,
SUCCESS;83:edges = 111,fail_cases = 7,fault = 33&22&32,
SUCCESS;84:edges = 112,fail_cases = 7,fault = 33&22&16&17&19&20&32&21,
SUCCESS;85:edges = 113,fail_cases = 7,fault = 33&22&24&16&17&19&20&32&21,
SUCCESS;86:edges = 114,fail_cases = 7,fault = 33&22&24&25&16&17&19&20&32&21,
SUCCESS;87:edges = 116,fail_cases = 7,fault = 33&34&32,
SUCCESS;88:edges = 117,fail_cases = 7,fault = 33&22&34&32,
SUCCESS;89:edges = 118,fail_cases = 7,fault = 33&22&34&16&17&19&20&32&21,
SUCCESS;90:edges = 119,fail_cases = 7,fault = 33&22&34&24&16&17&19&20&32&21,
SUCCESS;91:edges = 120,fail_cases = 7,fault = 33&22&34&24&25&16&17&19&20&32&21,
SUCCESS;92:edges = 122,fail_cases = 7,fault = 33&34&27&32,
SUCCESS;93:edges = 123,fail_cases = 7,fault = 33&22&34&27&32,
SUCCESS;94:edges = 124,fail_cases = 7,fault = 33&22&34&27&16&17&19&20&32&21,
SUCCESS;95:edges = 125,fail_cases = 7,fault = 33&22&34&24&27&16&17&19&20&32&21,
SUCCESS;96:edges = 126,fail_cases = 7,fault = 33&22&34&24&25&27&16&17&19&20&32&21,
SUCCESS;97:edges = 128,fail_cases = 7,fault = 33&34&27&29&32,
SUCCESS;98:edges = 129,fail_cases = 7,fault = 33&22&34&27&29&32,
SUCCESS;99:edges = 130,fail_cases = 7,fault = 33&22&34&27&16&17&29&19&20&32&21,
SUCCESS;100:edges = 131,fail_cases = 7,fault = 33&22&34&24&27&16&17&29&19&20&32&21,
SUCCESS;101:edges = 132,fail_cases = 7,fault = 33&22&34&24&25&27&16&17&29&19&20&32&21,
SUCCESS;102:edges = 134,fail_cases = 7,fault = 33&34&27&29&30&32,
SUCCESS;103:edges = 135,fail_cases = 7,fault = 33&22&34&27&29&30&32,
SUCCESS;104:edges = 136,fail_cases = 7,fault = 33&22&34&27&16&17&29&19&30&20&32&21,
SUCCESS;105:edges = 137,fail_cases = 7,fault = 33&22&34&24&27&16&17&29&19&30&20&32&21,
SUCCESS;106:edges = 138,fail_cases = 7,fault = 33&22&34&24&25&27&16&17&29&19&30&20&32&21,
SUCCESS;107:edges = 141,fail_cases = 7,fault = 33&34&27&29&30&31&32,
SUCCESS;108:edges = 142,fail_cases = 7,fault = 22&35,
SUCCESS;109:edges = 143,fail_cases = 7,fault = 22&35&32,
SUCCESS;110:edges = 144,fail_cases = 7,fault = 33&22&34&27&29&30&31&32,
SUCCESS;111:edges = 145,fail_cases = 7,fault = 33&22&34&27&16&17&29&19&30&31&20&32&21,
SUCCESS;112:edges = 146,fail_cases = 7,fault = 33&22&35&24&16&17&19&20&32&21,
SUCCESS;113:edges = 147,fail_cases = 7,fault = 33&22&34&35&24&16&17&19&20&32&21,
SUCCESS;114:edges = 148,fail_cases = 7,fault = 33&22&34&24&27&16&17&29&19&30&31&20&32&21,
SUCCESS;115:edges = 149,fail_cases = 7,fault = 33&22&34&35&24&25&27&16&17&19&20&32&21,
SUCCESS;116:edges = 150,fail_cases = 7,fault = 33&34&35&27&28&32,
SUCCESS;117:edges = 151,fail_cases = 7,fault = 33&34&35&27&28&29&32,
SUCCESS;118:edges = 152,fail_cases = 7,fault = 33&34&35&27&28&29&30&32,
FAIL;119:edges = 152,fail_cases = 8,fault = 33&34&27&28&29&30&31&32,
SUCCESS;120:edges = 154,fail_cases = 8,fault = 33&34&36&27&29&30&31&32,
SUCCESS;121:edges = 155,fail_cases = 8,fault = 35&36&28,
FAIL;122:edges = 155,fail_cases = 9,fault = 33&34&36&37&27&29&30&31&32,
SUCCESS;123:edges = 156,fail_cases = 9,fault = 35&36&28&32,
SUCCESS;124:edges = 157,fail_cases = 9,fault = 33&35&36&28&32,
SUCCESS;125:edges = 158,fail_cases = 9,fault = 33&34&35&36&28&32,
SUCCESS;126:edges = 159,fail_cases = 9,fault = 33&34&35&36&27&28&32,
SUCCESS;127:edges = 160,fail_cases = 9,fault = 33&34&35&36&27&28&29&32,
SUCCESS;128:edges = 161,fail_cases = 9,fault = 33&34&35&36&27&28&29&30&32,
FAIL;129:edges = 161,fail_cases = 10,fault = 35&36&37,
SUCCESS;130:edges = 163,fail_cases = 10,fault = 38,
SUCCESS;131:edges = 164,fail_cases = 10,fault = 33&34&38&27&29&30&31&32,
SUCCESS;132:edges = 165,fail_cases = 10,fault = 33&34&36&38&27&29&30&31&32,
SUCCESS;133:edges = 167,fail_cases = 10,fault = 38&39,
SUCCESS;134:edges = 168,fail_cases = 10,fault = 33&34&38&27&39&29&30&31&32,
SUCCESS;135:edges = 169,fail_cases = 10,fault = 33&34&36&38&27&39&29&30&31&32,
SUCCESS;136:edges = 171,fail_cases = 10,fault = 38&39&40,
SUCCESS;137:edges = 172,fail_cases = 10,fault = 33&34&38&27&39&29&40&30&31&32,
SUCCESS;138:edges = 173,fail_cases = 10,fault = 33&34&36&38&27&39&29&40&30&31&32,
SUCCESS;139:edges = 176,fail_cases = 10,fault = 38&39&40&41,
SUCCESS;140:edges = 177,fail_cases = 10,fault = 33&34&48&27&29&30&31&32,
SUCCESS;141:edges = 178,fail_cases = 10,fault = 33&34&38&27&39&29&40&41&30&31&32,
SUCCESS;142:edges = 179,fail_cases = 10,fault = 33&34&36&48&38&27&29&30&31&32,
SUCCESS;143:edges = 180,fail_cases = 10,fault = 33&34&36&48&38&27&39&29&30&31&32,
SUCCESS;144:edges = 181,fail_cases = 10,fault = 33&34&36&48&38&27&39&29&40&30&31&32,
SUCCESS;145:edges = 182,fail_cases = 10,fault = 33&34&36&38&27&39&29&40&41&30&31&32,
SUCCESS;146:edges = 184,fail_cases = 10,fault = 38&49&39&40&41,
SUCCESS;147:edges = 185,fail_cases = 10,fault = 48&49&42,
SUCCESS;148:edges = 187,fail_cases = 10,fault = 38&49&39&40&41&43,
FAIL;149:edges = 187,fail_cases = 11,fault = 38&39&40&41&42,
SUCCESS;150:edges = 189,fail_cases = 11,fault = 44&38&49&39&40&41&43,
SUCCESS;151:edges = 190,fail_cases = 11,fault = 48&49&42&43,
SUCCESS;152:edges = 191,fail_cases = 11,fault = 44&48&49&42&43,
SUCCESS;153:edges = 193,fail_cases = 11,fault = 44&45&38&49&39&40&41&43,
SUCCESS;154:edges = 196,fail_cases = 11,fault = 44&45&47&38&49&39&40&41&43,
SUCCESS;155:edges = 197,fail_cases = 11,fault = 50&42,
SUCCESS;156:edges = 198,fail_cases = 11,fault = 48&49&38&42,
SUCCESS;157:edges = 199,fail_cases = 11,fault = 48&49&38&42&43,
SUCCESS;158:edges = 200,fail_cases = 11,fault = 44&48&49&38&42&43,
SUCCESS;159:edges = 201,fail_cases = 11,fault = 46&38&39&50&40&41,
SUCCESS;160:edges = 202,fail_cases = 11,fault = 48&49&38&39&42,
SUCCESS;161:edges = 203,fail_cases = 11,fault = 48&49&38&39&40&42,
SUCCESS;162:edges = 205,fail_cases = 11,fault = 44&45&47&38&49&39&40&51&41&43,
SUCCESS;163:edges = 206,fail_cases = 11,fault = 44&45&48&49&42&43,
SUCCESS;164:edges = 207,fail_cases = 11,fault = 48&49&50&42,
SUCCESS;165:edges = 209,fail_cases = 11,fault = 44&45&47&38&49&39&40&51&41&52&43,
FAIL;166:edges = 209,fail_cases = 12,fault = 44&45&46&47&38&49&39&40&41&43,
SUCCESS;167:edges = 210,fail_cases = 12,fault = 46&38&49&39&50&40&41&43,
SUCCESS;168:edges = 211,fail_cases = 12,fault = 44&45&48&49&38&42&43,
SUCCESS;169:edges = 213,fail_cases = 12,fault = 44&45&47&38&49&39&40&51&41&52&53&43,
SUCCESS;170:edges = 214,fail_cases = 12,fault = 44&48&49&50&42&43,
SUCCESS;171:edges = 215,fail_cases = 12,fault = 44&45&46&38&49&39&50&40&41&43,
SUCCESS;172:edges = 216,fail_cases = 12,fault = 50&51&42,
SUCCESS;173:edges = 217,fail_cases = 12,fault = 50&51&52&42,
SUCCESS;174:edges = 218,fail_cases = 12,fault = 50&51&52&53&42,
SUCCESS;175:edges = 219,fail_cases = 12,fault = 44&45&47&48&49&42&43,
SUCCESS;176:edges = 220,fail_cases = 12,fault = 46&38&39&50&51&40&41,
SUCCESS;177:edges = 222,fail_cases = 12,fault = 44&45&47&38&49&39&40&51&41&52&53&43&54,
SUCCESS;178:edges = 223,fail_cases = 12,fault = 38&50&51&52&53&42&54,
SUCCESS;179:edges = 224,fail_cases = 12,fault = 44&45&47&48&49&38&42&43,
SUCCESS;180:edges = 225,fail_cases = 12,fault = 48&49&38&39&42&43,
SUCCESS;181:edges = 226,fail_cases = 12,fault = 48&49&38&39&40&42&43,
SUCCESS;182:edges = 227,fail_cases = 12,fault = 48&38&39&50&51&52&42,
FAIL;183:edges = 227,fail_cases = 13,fault = 44&55&45&47&38&49&39&40&51&41&52&53&43&54,
SUCCESS;184:edges = 228,fail_cases = 13,fault = 48&49&38&39&50&51&42,
SUCCESS;185:edges = 229,fail_cases = 13,fault = 48&38&39&50&51&52&53&42,
SUCCESS;186:edges = 230,fail_cases = 13,fault = 46&38&49&39&50&51&40&52&41,
SUCCESS;187:edges = 231,fail_cases = 13,fault = 46&38&39&50&51&40&52&41&53&54,
SUCCESS;188:edges = 232,fail_cases = 13,fault = 48&49&38&39&50&51&42&43,
SUCCESS;189:edges = 233,fail_cases = 13,fault = 55&48&49&38&39&50&51&52&53&42,
SUCCESS;190:edges = 234,fail_cases = 13,fault = 44&48&49&38&39&42&43,
SUCCESS;191:edges = 235,fail_cases = 13,fault = 44&46&38&49&39&50&51&40&41&43,
SUCCESS;192:edges = 236,fail_cases = 13,fault = 46&38&49&39&50&51&40&52&41&43,
SUCCESS;193:edges = 237,fail_cases = 13,fault = 46&38&49&39&50&51&40&52&41&53&43,
SUCCESS;194:edges = 238,fail_cases = 13,fault = 44&48&49&38&39&50&51&52&42&43,
SUCCESS;195:edges = 239,fail_cases = 13,fault = 44&45&48&49&38&39&42&43,
SUCCESS;196:edges = 240,fail_cases = 13,fault = 44&48&49&38&39&40&42&43,
SUCCESS;197:edges = 241,fail_cases = 13,fault = 44&48&49&38&39&50&51&52&53&42&43,
SUCCESS;198:edges = 242,fail_cases = 13,fault = 46&38&39&50&51&40&52&41&53&54&43,
SUCCESS;199:edges = 243,fail_cases = 13,fault = 45&48&38&39&50&51&52&53&42&54&43,
SUCCESS;200:edges = 244,fail_cases = 13,fault = 45&46&38&39&50&51&40&52&41&53&54&43,
SUCCESS;201:edges = 245,fail_cases = 13,fault = 44&55&45&46&38&49&39&50&51&40&41&43,
FAIL;202:edges = 245,fail_cases = 14,fault = 45&46&47&38&39&50&51&40&52&41&53&54&43,
SUCCESS;203:edges = 246,fail_cases = 14,fault = 45&48&38&39&50&51&40&52&53&42&54&43,
SUCCESS;204:edges = 247,fail_cases = 14,fault = 44&55&45&48&49&38&39&40&51&52&42&53&43&54,
SUCCESS;205:edges = 248,fail_cases = 14,fault = 44&55&45&46&38&49&39&50&51&40&52&41&43,
FAIL;206:edges = 248,fail_cases = 15,fault = 44&55&45&46&38&49&39&50&51&40&52&41&43&54,
FAIL;207:edges = 248,fail_cases = 16,fault = 44&45&46&47&48&49&43,
FAIL;208:edges = 248,fail_cases = 17,fault = 44&55&45&46&48&49&50&51&52&43&54,
FAIL;209:edges = 248,fail_cases = 18,fault = 45&46&47&48&50&51&52&53&54&43,
FAIL;210:edges = 248,fail_cases = 19,fault = 44&55&45&47&48&49&51&52&53&43&54,
FAIL;211:edges = 248,fail_cases = 20,fault = 55&50&51&52&53&54,
SUCCESS;212:edges = 250,fail_cases = 20,fault = 56,
SUCCESS;213:edges = 251,fail_cases = 20,fault = 44&56&45&47&38&49&39&40&41&43,
SUCCESS;214:edges = 252,fail_cases = 20,fault = 44&56&45&47&38&49&39&40&51&41&43,
SUCCESS;215:edges = 253,fail_cases = 20,fault = 44&56&45&47&38&49&39&40&51&41&52&43,
SUCCESS;216:edges = 254,fail_cases = 20,fault = 44&56&45&46&38&49&39&50&51&40&52&41&43,
SUCCESS;217:edges = 255,fail_cases = 20,fault = 44&56&45&46&38&49&39&50&51&40&52&41&43&54,
SUCCESS;218:edges = 257,fail_cases = 20,fault = 56&57,
SUCCESS;219:edges = 258,fail_cases = 20,fault = 44&56&45&57&47&38&49&39&40&41&43,
SUCCESS;220:edges = 259,fail_cases = 20,fault = 44&56&45&57&47&38&49&39&40&51&41&43,
SUCCESS;221:edges = 260,fail_cases = 20,fault = 44&56&45&57&47&38&49&39&40&51&41&52&43,
SUCCESS;222:edges = 261,fail_cases = 20,fault = 44&56&45&57&47&38&49&39&40&51&41&52&53&43,
SUCCESS;223:edges = 263,fail_cases = 20,fault = 44&56&45&57&47&38&49&39&40&51&41&52&53&43&54,
SUCCESS;224:edges = 264,fail_cases = 20,fault = 56&45&57&46&58&47&38&39&40&41&43,
FAIL;225:edges = 264,fail_cases = 21,fault = 44&56&45&57&46&59&38&49&39&50&51&40&52&41&43&54,
SUCCESS;226:edges = 265,fail_cases = 21,fault = 56&45&57&46&58&47&38&39&50&40&41&43,
FAIL;227:edges = 265,fail_cases = 22,fault = 44&56&45&57&47&59&38&49&39&40&51&41&52&53&43&54,
SUCCESS;228:edges = 266,fail_cases = 22,fault = 56&45&57&46&58&47&38&39&50&51&40&41&43,
SUCCESS;229:edges = 267,fail_cases = 22,fault = 56&45&57&46&58&47&38&39&50&51&40&52&41&43,
SUCCESS;230:edges = 268,fail_cases = 22,fault = 44&55&56&45&57&58&47&38&49&39&40&51&41&52&53&43,
FAIL;231:edges = 268,fail_cases = 23,fault = 44&56&45&57&47&48&59&49&51&52&53&43&54,
FAIL;232:edges = 268,fail_cases = 24,fault = 44&56&45&57&46&48&59&49&50&51&52&43&54,
FAIL;233:edges = 268,fail_cases = 25,fault = 56&57&59&50&51&52&53&54,
SUCCESS;234:edges = 270,fail_cases = 25,fault = 56&57&58&59,
SUCCESS;235:edges = 271,fail_cases = 25,fault = 44&56&45&57&58&47&59&38&49&39&40&41&43,
SUCCESS;236:edges = 272,fail_cases = 25,fault = 44&56&45&57&58&47&59&38&49&39&40&41&52&43,
SUCCESS;237:edges = 273,fail_cases = 25,fault = 44&56&45&57&58&47&59&38&49&39&40&41&52&53&43,
FAIL;238:edges = 273,fail_cases = 26,fault = 44&56&45&57&46&58&59&38&49&39&50&40&52&41&43&54,
FAIL;239:edges = 273,fail_cases = 27,fault = 44&56&45&57&58&47&59&38&49&39&40&41&52&53&43&54,
FAIL;240:edges = 273,fail_cases = 28,fault = 44&56&45&57&46&58&59&48&49&50&52&43&54,
FAIL;241:edges = 273,fail_cases = 29,fault = 44&56&45&57&58&47&59&48&49&52&53&43&54,
FAIL;242:edges = 273,fail_cases = 30,fault = 56&57&58&59&50&52&53&54,
FAIL;243:edges = 273,fail_cases = 31,fault = 56&57&58&59&60,
SUCCESS;244:edges = 275,fail_cases = 31,fault = 61,
SUCCESS;245:edges = 276,fail_cases = 31,fault = 56&61,
SUCCESS;246:edges = 277,fail_cases = 31,fault = 56&57&61,
SUCCESS;247:edges = 278,fail_cases = 31,fault = 44&56&45&57&47&38&49&39&61&40&51&41&52&53&43&54,
SUCCESS;248:edges = 279,fail_cases = 31,fault = 56&57&58&59&61,
SUCCESS;249:edges = 281,fail_cases = 31,fault = 61&62,
SUCCESS;250:edges = 282,fail_cases = 31,fault = 56&61&62,
SUCCESS;251:edges = 283,fail_cases = 31,fault = 56&57&61&62,
FAIL;252:edges = 283,fail_cases = 32,fault = 44&56&45&57&47&38&49&39&61&62&40&51&41&52&53&43&54,
FAIL;253:edges = 283,fail_cases = 33,fault = 44&56&45&57&46&38&49&39&61&50&62&51&40&52&41&43&54,
FAIL;254:edges = 283,fail_cases = 34,fault = 44&56&45&57&46&48&49&61&50&62&51&52&43&54,
FAIL;255:edges = 283,fail_cases = 35,fault = 44&56&45&57&47&48&49&61&62&51&52&53&43&54,
FAIL;256:edges = 283,fail_cases = 36,fault = 56&57&61&50&62&51&52&53&54,
SUCCESS;257:edges = 284,fail_cases = 36,fault = 56&57&58&61&62,
FAIL;258:edges = 284,fail_cases = 37,fault = 44&56&45&57&46&58&38&49&39&61&50&62&40&52&41&43&54,
FAIL;259:edges = 284,fail_cases = 38,fault = 44&56&45&57&58&47&38&49&39&61&62&40&41&52&53&43&54,
FAIL;260:edges = 284,fail_cases = 39,fault = 44&56&45&57&58&47&48&49&61&62&52&53&43&54,
FAIL;261:edges = 284,fail_cases = 40,fault = 44&56&45&57&46&58&48&49&61&50&62&52&43&54,
FAIL;262:edges = 284,fail_cases = 41,fault = 56&57&58&61&50&62&52&53&54,
FAIL;263:edges = 284,fail_cases = 42,fault = 56&57&58&60&61&62,
FAIL;264:edges = 284,fail_cases = 43,fault = 61&62&63,
SUCCESS;265:edges = 286,fail_cases = 43,fault = 64,
SUCCESS;266:edges = 287,fail_cases = 43,fault = 61&64,
SUCCESS;267:edges = 288,fail_cases = 43,fault = 61&62&64,
SUCCESS;268:edges = 290,fail_cases = 43,fault = 64&65,
SUCCESS;269:edges = 291,fail_cases = 43,fault = 61&64&65,
SUCCESS;270:edges = 292,fail_cases = 43,fault = 61&62&64&65,
SUCCESS;271:edges = 294,fail_cases = 43,fault = 66&64&65,
SUCCESS;272:edges = 295,fail_cases = 43,fault = 66&61&64&65,
SUCCESS;273:edges = 296,fail_cases = 43,fault = 66&61&62&64&65,
SUCCESS;274:edges = 298,fail_cases = 43,fault = 66&67&64&65,
SUCCESS;275:edges = 299,fail_cases = 43,fault = 66&67&61&64&65,
SUCCESS;276:edges = 300,fail_cases = 43,fault = 66&67&61&62&64&65,
SUCCESS;277:edges = 302,fail_cases = 43,fault = 66&67&68&64&65,
SUCCESS;278:edges = 303,fail_cases = 43,fault = 66&67&68&61&64&65,
SUCCESS;279:edges = 304,fail_cases = 43,fault = 66&67&68&61&62&64&65,
FAIL;280:edges = 304,fail_cases = 44,fault = 66&67&68&69&64&65,
SUCCESS;281:edges = 306,fail_cases = 44,fault = 70,
SUCCESS;282:edges = 307,fail_cases = 44,fault = 70&64,
SUCCESS;283:edges = 308,fail_cases = 44,fault = 70&64&65,
SUCCESS;284:edges = 309,fail_cases = 44,fault = 66&70&64&65,
SUCCESS;285:edges = 310,fail_cases = 44,fault = 66&67&70&64&65,
SUCCESS;286:edges = 311,fail_cases = 44,fault = 66&67&68&70&64&65,
FAIL;287:edges = 311,fail_cases = 45,fault = 70&71,
SUCCESS;288:edges = 312,fail_cases = 45,fault = 72,
SUCCESS;289:edges = 313,fail_cases = 45,fault = 70&72,
SUCCESS;290:edges = 314,fail_cases = 45,fault = 72&73,
SUCCESS;291:edges = 315,fail_cases = 45,fault = 70&72&73,
FAIL;292:edges = 315,fail_cases = 46,fault = 72&73&74,