SUCCESS;0:edges = 7,fail_cases = 0,fault = ,
SUCCESS;1:edges = 8,fail_cases = 0,fault = 2,
SUCCESS;2:edges = 10,fail_cases = 0,fault = 2&3,
FAIL;3:edges = 10,fail_cases = 1,fault = 1&2&3,
SUCCESS;4:edges = 11,fail_cases = 1,fault = 1&4,
SUCCESS;5:edges = 12,fail_cases = 1,fault = 1&2&4,
SUCCESS;6:edges = 14,fail_cases = 1,fault = 2&3&5,
SUCCESS;7:edges = 15,fail_cases = 1,fault = 1&4&5,
SUCCESS;8:edges = 17,fail_cases = 1,fault = 2&3&5&6,
SUCCESS;9:edges = 18,fail_cases = 1,fault = 1&4&5&6,
SUCCESS;10:edges = 19,fail_cases = 1,fault = 1&2&4&5,
SUCCESS;11:edges = 21,fail_cases = 1,fault = 2&3&5&6&7,
SUCCESS;12:edges = 22,fail_cases = 1,fault = 1&4&5&6&7,
SUCCESS;13:edges = 23,fail_cases = 1,fault = 1&2&4&5&6,
SUCCESS;14:edges = 24,fail_cases = 1,fault = 1&2&4&5&6&7,
SUCCESS;15:edges = 26,fail_cases = 1,fault = 2&3&5&6&7&8,
SUCCESS;16:edges = 29,fail_cases = 1,fault = 11&2&3&5&6&7&8,
SUCCESS;17:edges = 32,fail_cases = 1,fault = 11&2&3&5&6&17&7&8,
FAIL;18:edges = 32,fail_cases = 2,fault = 11&2&3&5&6&7&8&9&10,
SUCCESS;19:edges = 33,fail_cases = 2,fault = 1&16,
SUCCESS;20:edges = 34,fail_cases = 2,fault = 1&16&17,
SUCCESS;21:edges = 35,fail_cases = 2,fault = 11&12&2&3&5&6&7&8&9,
SUCCESS;22:edges = 37,fail_cases = 2,fault = 11&12&2&3&5&6&17&7&8,
SUCCESS;23:edges = 38,fail_cases = 2,fault = 2&3&16&9&10,
SUCCESS;24:edges = 40,fail_cases = 2,fault = 11&12&2&13&3&5&6&17&7&8,
SUCCESS;25:edges = 41,fail_cases = 2,fault = 1&4&16&17,
SUCCESS;26:edges = 42,fail_cases = 2,fault = 2&3&16&5&9&10,
SUCCESS;27:edges = 45,fail_cases = 2,fault = 11&2&13&3&14&5&6&17&7&8&10,
SUCCESS;28:edges = 47,fail_cases = 2,fault = 11&12&2&13&3&14&5&6&17&7&8&20,
SUCCESS;29:edges = 48,fail_cases = 2,fault = 1&4&5&6&7&8,
SUCCESS;30:edges = 49,fail_cases = 2,fault = 2&3&16&5&6&9&10,
SUCCESS;31:edges = 50,fail_cases = 2,fault = 1&4&16&5&6&7,
SUCCESS;32:edges = 51,fail_cases = 2,fault = 2&3&16&5&6&7&8&9&10,
SUCCESS;33:edges = 53,fail_cases = 2,fault = 11&2&13&3&14&5&6&17&7&18&8&10,
SUCCESS;34:edges = 54,fail_cases = 2,fault = 12&1&16&17,
SUCCESS;35:edges = 55,fail_cases = 2,fault = 2&3&16&5&17&9&10,
SUCCESS;36:edges = 56,fail_cases = 2,fault = 2&13&3&14&15&16&5&17&6&18&10,
SUCCESS;37:edges = 57,fail_cases = 2,fault = 1&2&4&5&6&7&8,
SUCCESS;38:edges = 58,fail_cases = 2,fault = 2&13&3&14&16&5&17&6&7&20&10&21,
FAIL;39:edges = 58,fail_cases = 3,fault = 11&12&13&14&17&18&2&3&5&6&7&8&21,
SUCCESS;40:edges = 59,fail_cases = 3,fault = 12&1&4&16&17,
SUCCESS;41:edges = 60,fail_cases = 3,fault = 13&14&16&17&2&3&5&6&7&8&20&10&21,
FAIL;42:edges = 60,fail_cases = 4,fault = 11&13&14&17&2&3&5&6&7&8&20&10&21,
SUCCESS;43:edges = 61,fail_cases = 4,fault = 1&19,
SUCCESS;44:edges = 62,fail_cases = 4,fault = 12&1&13&16&17,
SUCCESS;45:edges = 63,fail_cases = 4,fault = 11&2&3&5&6&7&18&19&8&21,
SUCCESS;46:edges = 64,fail_cases = 4,fault = 11&2&3&5&6&17&7&18&19&8&21,
SUCCESS;47:edges = 65,fail_cases = 4,fault = 12&2&3&16&5&17&9,
SUCCESS;48:edges = 66,fail_cases = 4,fault = 1&19&20,
FAIL;49:edges = 66,fail_cases = 5,fault = 11&12&13&14&17&2&3&5&6&7&8&20&21,
SUCCESS;50:edges = 67,fail_cases = 5,fault = 11&12&2&3&5&6&17&7&8&9,
FAIL;51:edges = 67,fail_cases = 6,fault = 11&13&14&17&18&2&3&5&6&7&8&10&21,
SUCCESS;52:edges = 68,fail_cases = 6,fault = 11&2&3&15&5&6&7&18&19&8&20,
SUCCESS;53:edges = 69,fail_cases = 6,fault = 11&12&2&3&15&5&6&17&7&18&19&8,
SUCCESS;54:edges = 70,fail_cases = 6,fault = 12&1&4&16&5&17&6,
SUCCESS;55:edges = 71,fail_cases = 6,fault = 11&13&15&17&18&19&2&3&5&6&7&8&10,
FAIL;56:edges = 71,fail_cases = 7,fault = 11&12&13&14&15&17&18&2&3&5&6&7&8,
SUCCESS;57:edges = 72,fail_cases = 7,fault = 12&1&4&16&5&17&6&7,
SUCCESS;58:edges = 73,fail_cases = 7,fault = 11&2&3&15&5&6&17&7&18&19&8&20,
SUCCESS;59:edges = 74,fail_cases = 7,fault = 12&1&13&14&16&17,
SUCCESS;60:edges = 75,fail_cases = 7,fault = 12&13&2&3&16&17&9,
SUCCESS;61:edges = 76,fail_cases = 7,fault = 11&12&15&17&18&19&2&3&5&6&7&8&20,
SUCCESS;62:edges = 77,fail_cases = 7,fault = 11&12&13&15&17&18&19&2&3&5&6&7&8&20,
SUCCESS;63:edges = 78,fail_cases = 7,fault = 11&1&4&5&6&7&8,
SUCCESS;64:edges = 79,fail_cases = 7,fault = 12&1&13&2&14&4&16&17,
SUCCESS;65:edges = 80,fail_cases = 7,fault = 12&1&2&4&16&5&17&6&7&8,
SUCCESS;66:edges = 81,fail_cases = 7,fault = 11&1&4&5&6&7&8&9,
SUCCESS;67:edges = 82,fail_cases = 7,fault = 11&13&14&17&1&2&4&5&6&7&8&20&21,
SUCCESS;68:edges = 83,fail_cases = 7,fault = 12&13&2&3&16&5&17&9&20&21,
SUCCESS;69:edges = 84,fail_cases = 7,fault = 11&12&2&13&3&5&6&17&7&8&9,
SUCCESS;70:edges = 85,fail_cases = 7,fault = 12&2&3&16&5&17&6&7&8&9&10,
SUCCESS;71:edges = 86,fail_cases = 7,fault = 12&13&2&14&3&16&17&6&9,
SUCCESS;72:edges = 87,fail_cases = 7,fault = 11&12&2&13&3&14&5&6&17&7&8&9,
SUCCESS;73:edges = 88,fail_cases = 7,fault = 12&13&2&3&16&5&17&6&18&9&10,
FAIL;74:edges = 88,fail_cases = 8,fault = 11&13&14&15&17&18&2&3&5&6&7&8&10,
SUCCESS;75:edges = 89,fail_cases = 8,fault = 11&12&13&14&17&18&2&3&5&6&7&8&9,
SUCCESS;76:edges = 90,fail_cases = 8,fault = 12&13&2&14&3&16&17&6&7&9&10,
SUCCESS;77:edges = 91,fail_cases = 8,fault = 12&13&2&3&16&5&17&6&7&8&9&10,
SUCCESS;78:edges = 92,fail_cases = 8,fault = 11&12&13&16&17&2&3&5&6&7&9&20&10&21,
SUCCESS;79:edges = 93,fail_cases = 8,fault = 12&13&2&14&3&16&17&6&7&8&9&10,
SUCCESS;80:edges = 94,fail_cases = 8,fault = 11&12&13&14&16&17&2&3&6&7&8&9&10,
FAIL;81:edges = 94,fail_cases = 9,fault = 11&12&13&14&15&16&17&2&3&6&7&8&9&10,
FAIL;82:edges = 94,fail_cases = 10,fault = 11&12&13&14&16&17&2&3&6&7&8&9&10&21,
FAIL;83:edges = 94,fail_cases = 11,fault = 11&12&13&14&16&17&4&6&7&8&9&10&21,
FAIL;84:edges = 94,fail_cases = 12,fault = 11&13&14&4&15&5&6&17&7&18&8&10,
FAIL;85:edges = 94,fail_cases = 13,fault = 11&12&13&14&15&16&17&4&6&7&8&9&10,
SUCCESS;86:edges = 95,fail_cases = 13,fault = 12&13&14&16&5&17&18&9&10,
SUCCESS;87:edges = 96,fail_cases = 13,fault = 12&13&2&14&3&16&5&17&18&9&10,
SUCCESS;88:edges = 97,fail_cases = 13,fault = 12&13&2&14&3&16&5&17&6&18&9&10,
SUCCESS;89:edges = 98,fail_cases = 13,fault = 12&13&14&16&17&18&2&3&5&6&7&9&10,
SUCCESS;90:edges = 99,fail_cases = 13,fault = 12&13&14&16&17&18&2&3&5&6&7&8&9&10,
FAIL;91:edges = 99,fail_cases = 14,fault = 11&12&13&14&4&5&6&17&7&8&20&21,
FAIL;92:edges = 99,fail_cases = 15,fault = 11&13&14&4&5&6&17&7&8&20&10&21,
FAIL;93:edges = 99,fail_cases = 16,fault = 11&12&13&14&4&5&6&17&7&18&8&21,
FAIL;94:edges = 99,fail_cases = 17,fault = 11&13&14&4&5&6&17&7&18&8&10&21,
FAIL;95:edges = 99,fail_cases = 18,fault = 11&12&13&14&4&15&5&6&17&7&18&8,
FAIL;96:edges = 99,fail_cases = 19,fault = 11&4&5&6&7&8&9&10,
FAIL;97:edges = 99,fail_cases = 20,fault = 12&13&14&16&17&18&21,
FAIL;98:edges = 99,fail_cases = 21,fault = 12&13&14&16&17&20&21,
FAIL;99:edges = 99,fail_cases = 22,fault = 12&13&14&15&16&17&18,
FAIL;100:edges = 99,fail_cases = 23,fault = 19&20&21,
SUCCESS;101:edges = 101,fail_cases = 23,fault = 22,
SUCCESS;102:edges = 102,fail_cases = 23,fault = 22&11&2&13&3&14&5&6&17&7&8&10,
SUCCESS;103:edges = 103,fail_cases = 23,fault = 22&11&13&14&17&18&2&3&5&6&7&8&10,
FAIL;104:edges = 103,fail_cases = 24,fault = 22&23,
SUCCESS;105:edges = 105,fail_cases = 24,fault = 24,
SUCCESS;106:edges = 106,fail_cases = 24,fault = 22&24,
SUCCESS;107:edges = 108,fail_cases = 24,fault = 24&25,
SUCCESS;108:edges = 109,fail_cases = 24,fault = 22&24&25,
FAIL;109:edges = 109,fail_cases = 25,fault = 24&25&26,
SUCCESS;110:edges = 111,fail_cases = 25,fault = 27,
SUCCESS;111:edges = 112,fail_cases = 25,fault = 24&27,
SUCCESS;112:edges = 113,fail_cases = 25,fault = 24&25&27,
FAIL;113:edges = 113,fail_cases = 26,fault = 27&28,
SUCCESS;114:edges = 114,fail_cases = 26,fault = 29,
SUCCESS;115:edges = 115,fail_cases = 26,fault = 27&29,
SUCCESS;116:edges = 116,fail_cases = 26,fault = 29&30,
SUCCESS;117:edges = 117,fail_cases = 26,fault = 27&29&30,
FAIL;118:edges = 117,fail_cases = 27,fault = 29&30&31,