SUCCESS;0:edges = 19,fail_cases = 0,fault = ,
SUCCESS;1:edges = 20,fail_cases = 0,fault = 1,
SUCCESS;2:edges = 21,fail_cases = 0,fault = 1&2,
SUCCESS;3:edges = 22,fail_cases = 0,fault = 1&2&3,
SUCCESS;4:edges = 23,fail_cases = 0,fault = 1&2&3&4,
SUCCESS;5:edges = 24,fail_cases = 0,fault = 1&2&3&4&5,
SUCCESS;6:edges = 25,fail_cases = 0,fault = 1&2&3&4&5&6,
SUCCESS;7:edges = 26,fail_cases = 0,fault = 1&2&3&4&5&6&7,
FAIL;8:edges = 26,fail_cases = 1,fault = 1&2&3&4&5&6&7&8,
SUCCESS;9:edges = 28,fail_cases = 1,fault = 9,
SUCCESS;10:edges = 29,fail_cases = 1,fault = 1&9,
SUCCESS;11:edges = 30,fail_cases = 1,fault = 1&2&9,
SUCCESS;12:edges = 31,fail_cases = 1,fault = 1&2&3&9,
SUCCESS;13:edges = 32,fail_cases = 1,fault = 1&2&3&4&9,
SUCCESS;14:edges = 33,fail_cases = 1,fault = 1&2&3&4&5&9,
SUCCESS;15:edges = 34,fail_cases = 1,fault = 1&2&3&4&5&6&9,
SUCCESS;16:edges = 35,fail_cases = 1,fault = 1&2&3&4&5&6&7&9,
SUCCESS;17:edges = 37,fail_cases = 1,fault = 9&10,
SUCCESS;18:edges = 38,fail_cases = 1,fault = 1&9&10,
SUCCESS;19:edges = 39,fail_cases = 1,fault = 1&2&9&10,
SUCCESS;20:edges = 40,fail_cases = 1,fault = 1&2&3&9&10,
SUCCESS;21:edges = 41,fail_cases = 1,fault = 1&2&3&4&9&10,
SUCCESS;22:edges = 42,fail_cases = 1,fault = 1&2&3&4&5&9&10,
SUCCESS;23:edges = 43,fail_cases = 1,fault = 1&2&3&4&5&6&9&10,
SUCCESS;24:edges = 44,fail_cases = 1,fault = 1&2&3&4&5&6&7&9&10,
SUCCESS;25:edges = 46,fail_cases = 1,fault = 11&9&10,
SUCCESS;26:edges = 47,fail_cases = 1,fault = 11&1&9&10,
SUCCESS;27:edges = 48,fail_cases = 1,fault = 11&1&2&9&10,
SUCCESS;28:edges = 49,fail_cases = 1,fault = 11&1&2&3&9&10,
SUCCESS;29:edges = 50,fail_cases = 1,fault = 11&1&2&3&4&9&10,
SUCCESS;30:edges = 51,fail_cases = 1,fault = 11&1&2&3&4&5&9&10,
SUCCESS;31:edges = 52,fail_cases = 1,fault = 11&1&2&3&4&5&6&9&10,
SUCCESS;32:edges = 53,fail_cases = 1,fault = 11&1&2&3&4&5&6&7&9&10,
SUCCESS;33:edges = 55,fail_cases = 1,fault = 11&12&9&10,
SUCCESS;34:edges = 56,fail_cases = 1,fault = 11&12&1&9&10,
SUCCESS;35:edges = 57,fail_cases = 1,fault = 11&12&1&2&9&10,
SUCCESS;36:edges = 58,fail_cases = 1,fault = 11&12&1&2&3&9&10,
SUCCESS;37:edges = 59,fail_cases = 1,fault = 11&12&1&2&3&4&9&10,
SUCCESS;38:edges = 60,fail_cases = 1,fault = 11&12&1&2&3&4&5&9&10,
SUCCESS;39:edges = 61,fail_cases = 1,fault = 11&12&1&2&3&4&5&6&9&10,
SUCCESS;40:edges = 62,fail_cases = 1,fault = 11&12&1&2&3&4&5&6&7&9&10,
SUCCESS;41:edges = 64,fail_cases = 1,fault = 11&12&13&9&10,
SUCCESS;42:edges = 65,fail_cases = 1,fault = 11&12&1&13&9&10,
SUCCESS;43:edges = 66,fail_cases = 1,fault = 11&12&1&13&2&9&10,
SUCCESS;44:edges = 67,fail_cases = 1,fault = 11&12&1&13&2&3&9&10,
SUCCESS;45:edges = 68,fail_cases = 1,fault = 11&12&1&13&2&3&4&9&10,
SUCCESS;46:edges = 69,fail_cases = 1,fault = 11&12&1&13&2&3&4&5&9&10,
SUCCESS;47:edges = 70,fail_cases = 1,fault = 11&12&1&13&2&3&4&5&6&9&10,
SUCCESS;48:edges = 71,fail_cases = 1,fault = 11&12&1&13&2&3&4&5&6&7&9&10,
FAIL;49:edges = 71,fail_cases = 2,fault = 11&12&13&14&9&10,
SUCCESS;50:edges = 73,fail_cases = 2,fault = 16,
SUCCESS;51:edges = 74,fail_cases = 2,fault = 16&9,
SUCCESS;52:edges = 75,fail_cases = 2,fault = 16&9&10,
SUCCESS;53:edges = 76,fail_cases = 2,fault = 11&16&9&10,
SUCCESS;54:edges = 77,fail_cases = 2,fault = 11&12&16&9&10,
SUCCESS;55:edges = 78,fail_cases = 2,fault = 11&12&13&16&9&10,
SUCCESS;56:edges = 80,fail_cases = 2,fault = 16&17,
SUCCESS;57:edges = 81,fail_cases = 2,fault = 16&17&9,
SUCCESS;58:edges = 82,fail_cases = 2,fault = 16&17&9&10,
SUCCESS;59:edges = 83,fail_cases = 2,fault = 11&16&17&9&10,
SUCCESS;60:edges = 84,fail_cases = 2,fault = 11&12&16&17&9&10,
SUCCESS;61:edges = 85,fail_cases = 2,fault = 11&12&13&16&17&9&10,
FAIL;62:edges = 85,fail_cases = 3,fault = 15&16&17,
SUCCESS;63:edges = 87,fail_cases = 3,fault = 18,
SUCCESS;64:edges = 88,fail_cases = 3,fault = 16&18,
SUCCESS;65:edges = 89,fail_cases = 3,fault = 16&17&18,
FAIL;66:edges = 89,fail_cases = 4,fault = 18&19,
SUCCESS;67:edges = 91,fail_cases = 4,fault = 20,
SUCCESS;68:edges = 92,fail_cases = 4,fault = 18&20,
SUCCESS;69:edges = 94,fail_cases = 4,fault = 20&21,
SUCCESS;70:edges = 95,fail_cases = 4,fault = 18&20&21,
SUCCESS;71:edges = 97,fail_cases = 4,fault = 22&20&21,
SUCCESS;72:edges = 98,fail_cases = 4,fault = 22&18&20&21,
SUCCESS;73:edges = 100,fail_cases = 4,fault = 22&23&20&21,
SUCCESS;74:edges = 101,fail_cases = 4,fault = 22&23&18&20&21,
FAIL;75:edges = 101,fail_cases = 5,fault = 22&23&24&20&21,
SUCCESS;76:edges = 103,fail_cases = 5,fault = 25,
SUCCESS;77:edges = 104,fail_cases = 5,fault = 25&20,
SUCCESS;78:edges = 105,fail_cases = 5,fault = 25&20&21,
SUCCESS;79:edges = 106,fail_cases = 5,fault = 22&25&20&21,
SUCCESS;80:edges = 107,fail_cases = 5,fault = 22&23&25&20&21,
SUCCESS;81:edges = 109,fail_cases = 5,fault = 25&26,
SUCCESS;82:edges = 110,fail_cases = 5,fault = 25&26&20,
SUCCESS;83:edges = 111,fail_cases = 5,fault = 25&26&20&21,
SUCCESS;84:edges = 112,fail_cases = 5,fault = 22&25&26&20&21,
SUCCESS;85:edges = 113,fail_cases = 5,fault = 22&23&25&26&20&21,
SUCCESS;86:edges = 115,fail_cases = 5,fault = 25&26&27,
SUCCESS;87:edges = 116,fail_cases = 5,fault = 25&26&27&20,
SUCCESS;88:edges = 117,fail_cases = 5,fault = 25&26&27&20&21,
SUCCESS;89:edges = 118,fail_cases = 5,fault = 22&25&26&27&20&21,
SUCCESS;90:edges = 119,fail_cases = 5,fault = 22&23&25&26&27&20&21,
FAIL;91:edges = 119,fail_cases = 6,fault = 25&26&27&28,
SUCCESS;92:edges = 121,fail_cases = 6,fault = 29,
SUCCESS;93:edges = 122,fail_cases = 6,fault = 25&29,
SUCCESS;94:edges = 123,fail_cases = 6,fault = 25&26&29,
SUCCESS;95:edges = 124,fail_cases = 6,fault = 25&26&27&29,
FAIL;96:edges = 124,fail_cases = 7,fault = 29&30,
SUCCESS;97:edges = 126,fail_cases = 7,fault = 32,
SUCCESS;98:edges = 127,fail_cases = 7,fault = 29&32,
SUCCESS;99:edges = 129,fail_cases = 7,fault = 33&32,
SUCCESS;100:edges = 130,fail_cases = 7,fault = 33&29&32,
SUCCESS;101:edges = 132,fail_cases = 7,fault = 33&34&32,
SUCCESS;102:edges = 133,fail_cases = 7,fault = 33&34&29&32,
SUCCESS;103:edges = 135,fail_cases = 7,fault = 33&34&35&32,
SUCCESS;104:edges = 136,fail_cases = 7,fault = 33&34&35&29&32,
SUCCESS;105:edges = 138,fail_cases = 7,fault = 33&34&35&36&32,
SUCCESS;106:edges = 139,fail_cases = 7,fault = 33&34&35&36&29&32,
FAIL;107:edges = 139,fail_cases = 8,fault = 33&34&35&36&31&32,
SUCCESS;108:edges = 141,fail_cases = 8,fault = 37,
SUCCESS;109:edges = 142,fail_cases = 8,fault = 37&32,
SUCCESS;110:edges = 143,fail_cases = 8,fault = 33&37&32,
SUCCESS;111:edges = 144,fail_cases = 8,fault = 33&34&37&32,
SUCCESS;112:edges = 145,fail_cases = 8,fault = 33&34&35&37&32,
SUCCESS;113:edges = 146,fail_cases = 8,fault = 33&34&35&36&37&32,
SUCCESS;114:edges = 148,fail_cases = 8,fault = 37&38,
SUCCESS;115:edges = 149,fail_cases = 8,fault = 37&38&32,
SUCCESS;116:edges = 150,fail_cases = 8,fault = 33&37&38&32,
SUCCESS;117:edges = 151,fail_cases = 8,fault = 33&34&37&38&32,
SUCCESS;118:edges = 152,fail_cases = 8,fault = 33&34&35&37&38&32,
SUCCESS;119:edges = 153,fail_cases = 8,fault = 33&34&35&36&37&38&32,
SUCCESS;120:edges = 155,fail_cases = 8,fault = 37&38&39,
SUCCESS;121:edges = 156,fail_cases = 8,fault = 37&38&39&32,
SUCCESS;122:edges = 157,fail_cases = 8,fault = 33&37&38&39&32,
SUCCESS;123:edges = 158,fail_cases = 8,fault = 33&34&37&38&39&32,
SUCCESS;124:edges = 159,fail_cases = 8,fault = 33&34&35&37&38&39&32,
SUCCESS;125:edges = 160,fail_cases = 8,fault = 33&34&35&36&37&38&39&32,
FAIL;126:edges = 160,fail_cases = 9,fault = 37&38&39&40,
SUCCESS;127:edges = 162,fail_cases = 9,fault = 41,
SUCCESS;128:edges = 163,fail_cases = 9,fault = 37&41,
SUCCESS;129:edges = 164,fail_cases = 9,fault = 37&38&41,
SUCCESS;130:edges = 165,fail_cases = 9,fault = 37&38&39&41,
SUCCESS;131:edges = 167,fail_cases = 9,fault = 41&42,
SUCCESS;132:edges = 168,fail_cases = 9,fault = 37&41&42,
SUCCESS;133:edges = 169,fail_cases = 9,fault = 37&38&41&42,
SUCCESS;134:edges = 170,fail_cases = 9,fault = 37&38&39&41&42,
FAIL;135:edges = 170,fail_cases = 10,fault = 41&42&43,
SUCCESS;136:edges = 172,fail_cases = 10,fault = 48,
SUCCESS;137:edges = 173,fail_cases = 10,fault = 48&41,
SUCCESS;138:edges = 174,fail_cases = 10,fault = 48&41&42,
SUCCESS;139:edges = 176,fail_cases = 10,fault = 44&48,
SUCCESS;140:edges = 177,fail_cases = 10,fault = 44&48&41,
SUCCESS;141:edges = 178,fail_cases = 10,fault = 44&48&41&42,
SUCCESS;142:edges = 180,fail_cases = 10,fault = 44&45&48,
SUCCESS;143:edges = 181,fail_cases = 10,fault = 44&45&48&41,
SUCCESS;144:edges = 182,fail_cases = 10,fault = 44&45&48&41&42,
SUCCESS;145:edges = 184,fail_cases = 10,fault = 44&45&46&48,
SUCCESS;146:edges = 185,fail_cases = 10,fault = 44&45&46&48&41,
SUCCESS;147:edges = 186,fail_cases = 10,fault = 44&45&46&48&41&42,
FAIL;148:edges = 186,fail_cases = 11,fault = 44&45&46&47&48,
SUCCESS;149:edges = 188,fail_cases = 11,fault = 49,
SUCCESS;150:edges = 189,fail_cases = 11,fault = 48&49,
SUCCESS;151:edges = 190,fail_cases = 11,fault = 44&48&49,
SUCCESS;152:edges = 191,fail_cases = 11,fault = 44&45&48&49,
SUCCESS;153:edges = 192,fail_cases = 11,fault = 44&45&46&48&49,
SUCCESS;154:edges = 194,fail_cases = 11,fault = 49&50,
SUCCESS;155:edges = 195,fail_cases = 11,fault = 48&49&50,
SUCCESS;156:edges = 196,fail_cases = 11,fault = 44&48&49&50,
SUCCESS;157:edges = 197,fail_cases = 11,fault = 44&45&48&49&50,
SUCCESS;158:edges = 198,fail_cases = 11,fault = 44&45&46&48&49&50,
SUCCESS;159:edges = 200,fail_cases = 11,fault = 49&50&51,
SUCCESS;160:edges = 201,fail_cases = 11,fault = 48&49&50&51,
SUCCESS;161:edges = 202,fail_cases = 11,fault = 44&48&49&50&51,
SUCCESS;162:edges = 203,fail_cases = 11,fault = 44&45&48&49&50&51,
SUCCESS;163:edges = 204,fail_cases = 11,fault = 44&45&46&48&49&50&51,
SUCCESS;164:edges = 206,fail_cases = 11,fault = 49&50&51&52,
SUCCESS;165:edges = 207,fail_cases = 11,fault = 48&49&50&51&52,
SUCCESS;166:edges = 208,fail_cases = 11,fault = 44&48&49&50&51&52,
SUCCESS;167:edges = 209,fail_cases = 11,fault = 44&45&48&49&50&51&52,
SUCCESS;168:edges = 210,fail_cases = 11,fault = 44&45&46&48&49&50&51&52,
FAIL;169:edges = 210,fail_cases = 12,fault = 49&50&51&52&53,
SUCCESS;170:edges = 212,fail_cases = 12,fault = 54,
SUCCESS;171:edges = 213,fail_cases = 12,fault = 49&54,
SUCCESS;172:edges = 214,fail_cases = 12,fault = 49&50&54,
SUCCESS;173:edges = 215,fail_cases = 12,fault = 49&50&51&54,
SUCCESS;174:edges = 216,fail_cases = 12,fault = 49&50&51&52&54,
SUCCESS;175:edges = 218,fail_cases = 12,fault = 55&54,
SUCCESS;176:edges = 219,fail_cases = 12,fault = 55&49&54,
SUCCESS;177:edges = 220,fail_cases = 12,fault = 55&49&50&54,
SUCCESS;178:edges = 221,fail_cases = 12,fault = 55&49&50&51&54,
SUCCESS;179:edges = 222,fail_cases = 12,fault = 55&49&50&51&52&54,
SUCCESS;180:edges = 224,fail_cases = 12,fault = 55&56&54,
SUCCESS;181:edges = 225,fail_cases = 12,fault = 55&56&49&54,
SUCCESS;182:edges = 226,fail_cases = 12,fault = 55&56&49&50&54,
SUCCESS;183:edges = 227,fail_cases = 12,fault = 55&56&49&50&51&54,
SUCCESS;184:edges = 228,fail_cases = 12,fault = 55&56&49&50&51&52&54,
SUCCESS;185:edges = 230,fail_cases = 12,fault = 55&56&57&54,
SUCCESS;186:edges = 231,fail_cases = 12,fault = 55&56&57&49&54,
SUCCESS;187:edges = 232,fail_cases = 12,fault = 55&56&57&49&50&54,
SUCCESS;188:edges = 233,fail_cases = 12,fault = 55&56&57&49&50&51&54,
SUCCESS;189:edges = 234,fail_cases = 12,fault = 55&56&57&49&50&51&52&54,
SUCCESS;190:edges = 236,fail_cases = 12,fault = 55&56&57&58&54,
SUCCESS;191:edges = 237,fail_cases = 12,fault = 55&56&57&58&49&54,
SUCCESS;192:edges = 238,fail_cases = 12,fault = 55&56&57&58&49&50&54,
SUCCESS;193:edges = 239,fail_cases = 12,fault = 55&56&57&58&49&50&51&54,
SUCCESS;194:edges = 240,fail_cases = 12,fault = 55&56&57&58&49&50&51&52&54,
SUCCESS;195:edges = 242,fail_cases = 12,fault = 55&56&57&58&59&54,
SUCCESS;196:edges = 243,fail_cases = 12,fault = 55&56&57&58&59&49&54,
SUCCESS;197:edges = 244,fail_cases = 12,fault = 55&56&57&58&59&49&50&54,
SUCCESS;198:edges = 245,fail_cases = 12,fault = 55&56&57&58&59&49&50&51&54,
SUCCESS;199:edges = 246,fail_cases = 12,fault = 55&56&57&58&59&49&50&51&52&54,
FAIL;200:edges = 246,fail_cases = 13,fault = 55&56&57&58&59&60&54,
SUCCESS;201:edges = 248,fail_cases = 13,fault = 64,
SUCCESS;202:edges = 249,fail_cases = 13,fault = 64&54,
SUCCESS;203:edges = 250,fail_cases = 13,fault = 55&64&54,
SUCCESS;204:edges = 251,fail_cases = 13,fault = 55&56&64&54,
SUCCESS;205:edges = 252,fail_cases = 13,fault = 55&56&57&64&54,
SUCCESS;206:edges = 253,fail_cases = 13,fault = 55&56&57&58&64&54,
SUCCESS;207:edges = 254,fail_cases = 13,fault = 55&56&57&58&59&64&54,
SUCCESS;208:edges = 256,fail_cases = 13,fault = 61&64,
SUCCESS;209:edges = 257,fail_cases = 13,fault = 61&64&54,
SUCCESS;210:edges = 258,fail_cases = 13,fault = 55&61&64&54,
SUCCESS;211:edges = 259,fail_cases = 13,fault = 55&56&61&64&54,
SUCCESS;212:edges = 260,fail_cases = 13,fault = 55&56&57&61&64&54,
SUCCESS;213:edges = 261,fail_cases = 13,fault = 55&56&57&58&61&64&54,
SUCCESS;214:edges = 262,fail_cases = 13,fault = 55&56&57&58&59&61&64&54,
SUCCESS;215:edges = 264,fail_cases = 13,fault = 61&62&64,
SUCCESS;216:edges = 265,fail_cases = 13,fault = 61&62&64&54,
SUCCESS;217:edges = 266,fail_cases = 13,fault = 55&61&62&64&54,
SUCCESS;218:edges = 267,fail_cases = 13,fault = 55&56&61&62&64&54,
SUCCESS;219:edges = 268,fail_cases = 13,fault = 55&56&57&61&62&64&54,
SUCCESS;220:edges = 269,fail_cases = 13,fault = 55&56&57&58&61&62&64&54,
SUCCESS;221:edges = 270,fail_cases = 13,fault = 55&56&57&58&59&61&62&64&54,
FAIL;222:edges = 270,fail_cases = 14,fault = 61&62&63&64,
SUCCESS;223:edges = 272,fail_cases = 14,fault = 65,
SUCCESS;224:edges = 273,fail_cases = 14,fault = 64&65,
SUCCESS;225:edges = 274,fail_cases = 14,fault = 61&64&65,
SUCCESS;226:edges = 275,fail_cases = 14,fault = 61&62&64&65,
SUCCESS;227:edges = 277,fail_cases = 14,fault = 66&65,
SUCCESS;228:edges = 278,fail_cases = 14,fault = 66&64&65,
SUCCESS;229:edges = 279,fail_cases = 14,fault = 66&61&64&65,
SUCCESS;230:edges = 280,fail_cases = 14,fault = 66&61&62&64&65,
FAIL;231:edges = 280,fail_cases = 15,fault = 66&67&65,
SUCCESS;232:edges = 282,fail_cases = 15,fault = 68,
SUCCESS;233:edges = 283,fail_cases = 15,fault = 68&65,
SUCCESS;234:edges = 284,fail_cases = 15,fault = 66&68&65,
SUCCESS;235:edges = 286,fail_cases = 15,fault = 68&69,
SUCCESS;236:edges = 287,fail_cases = 15,fault = 68&69&65,
SUCCESS;237:edges = 288,fail_cases = 15,fault = 66&68&69&65,
SUCCESS;238:edges = 290,fail_cases = 15,fault = 68&69&70,
SUCCESS;239:edges = 291,fail_cases = 15,fault = 68&69&70&65,
SUCCESS;240:edges = 292,fail_cases = 15,fault = 66&68&69&70&65,
SUCCESS;241:edges = 294,fail_cases = 15,fault = 68&69&70&71,
SUCCESS;242:edges = 295,fail_cases = 15,fault = 68&69&70&71&65,
SUCCESS;243:edges = 296,fail_cases = 15,fault = 66&68&69&70&71&65,
SUCCESS;244:edges = 298,fail_cases = 15,fault = 68&69&70&71&72,
SUCCESS;245:edges = 299,fail_cases = 15,fault = 68&69&70&71&72&65,
SUCCESS;246:edges = 300,fail_cases = 15,fault = 66&68&69&70&71&72&65,
FAIL;247:edges = 300,fail_cases = 16,fault = 68&69&70&71&72&73,
SUCCESS;248:edges = 302,fail_cases = 16,fault = 74,
SUCCESS;249:edges = 303,fail_cases = 16,fault = 68&74,
SUCCESS;250:edges = 304,fail_cases = 16,fault = 68&69&74,
SUCCESS;251:edges = 305,fail_cases = 16,fault = 68&69&70&74,
SUCCESS;252:edges = 306,fail_cases = 16,fault = 68&69&70&71&74,
SUCCESS;253:edges = 307,fail_cases = 16,fault = 68&69&70&71&72&74,
SUCCESS;254:edges = 309,fail_cases = 16,fault = 74&75,
SUCCESS;255:edges = 310,fail_cases = 16,fault = 68&74&75,
SUCCESS;256:edges = 311,fail_cases = 16,fault = 68&69&74&75,
SUCCESS;257:edges = 312,fail_cases = 16,fault = 68&69&70&74&75,
SUCCESS;258:edges = 313,fail_cases = 16,fault = 68&69&70&71&74&75,
SUCCESS;259:edges = 314,fail_cases = 16,fault = 68&69&70&71&72&74&75,
SUCCESS;260:edges = 316,fail_cases = 16,fault = 74&75&76,
SUCCESS;261:edges = 317,fail_cases = 16,fault = 68&74&75&76,
SUCCESS;262:edges = 318,fail_cases = 16,fault = 68&69&74&75&76,
SUCCESS;263:edges = 319,fail_cases = 16,fault = 68&69&70&74&75&76,
SUCCESS;264:edges = 320,fail_cases = 16,fault = 68&69&70&71&74&75&76,
SUCCESS;265:edges = 321,fail_cases = 16,fault = 68&69&70&71&72&74&75&76,
FAIL;266:edges = 321,fail_cases = 17,fault = 77&74&75&76,
SUCCESS;267:edges = 323,fail_cases = 17,fault = 80,
SUCCESS;268:edges = 324,fail_cases = 17,fault = 80&74,
SUCCESS;269:edges = 325,fail_cases = 17,fault = 80&74&75,
SUCCESS;270:edges = 326,fail_cases = 17,fault = 80&74&75&76,
SUCCESS;271:edges = 328,fail_cases = 17,fault = 80&81,
SUCCESS;272:edges = 329,fail_cases = 17,fault = 80&81&74,
SUCCESS;273:edges = 330,fail_cases = 17,fault = 80&81&74&75,
SUCCESS;274:edges = 331,fail_cases = 17,fault = 80&81&74&75&76,
SUCCESS;275:edges = 333,fail_cases = 17,fault = 80&81&82,
SUCCESS;276:edges = 334,fail_cases = 17,fault = 80&81&82&74,
SUCCESS;277:edges = 335,fail_cases = 17,fault = 80&81&82&74&75,
SUCCESS;278:edges = 336,fail_cases = 17,fault = 80&81&82&74&75&76,
SUCCESS;279:edges = 338,fail_cases = 17,fault = 80&81&82&83,
SUCCESS;280:edges = 339,fail_cases = 17,fault = 80&81&82&83&74,
SUCCESS;281:edges = 340,fail_cases = 17,fault = 80&81&82&83&74&75,
SUCCESS;282:edges = 341,fail_cases = 17,fault = 80&81&82&83&74&75&76,
SUCCESS;283:edges = 343,fail_cases = 17,fault = 80&81&82&83&84,
SUCCESS;284:edges = 344,fail_cases = 17,fault = 80&81&82&83&84&74,
SUCCESS;285:edges = 345,fail_cases = 17,fault = 80&81&82&83&84&74&75,
SUCCESS;286:edges = 346,fail_cases = 17,fault = 80&81&82&83&84&74&75&76,
SUCCESS;287:edges = 348,fail_cases = 17,fault = 78&80&81&82&83&84,
SUCCESS;288:edges = 349,fail_cases = 17,fault = 78&80&81&82&83&84&74,
SUCCESS;289:edges = 350,fail_cases = 17,fault = 78&80&81&82&83&84&74&75,
SUCCESS;290:edges = 351,fail_cases = 17,fault = 78&80&81&82&83&84&74&75&76,
FAIL;291:edges = 351,fail_cases = 18,fault = 78&79&80&81&82&83&84,
SUCCESS;292:edges = 353,fail_cases = 18,fault = 85,
SUCCESS;293:edges = 354,fail_cases = 18,fault = 80&85,
SUCCESS;294:edges = 355,fail_cases = 18,fault = 80&81&85,
SUCCESS;295:edges = 356,fail_cases = 18,fault = 80&81&82&85,
SUCCESS;296:edges = 357,fail_cases = 18,fault = 80&81&82&83&85,
SUCCESS;297:edges = 358,fail_cases = 18,fault = 80&81&82&83&84&85,
SUCCESS;298:edges = 359,fail_cases = 18,fault = 78&80&81&82&83&84&85,
SUCCESS;299:edges = 361,fail_cases = 18,fault = 85&86,
SUCCESS;300:edges = 362,fail_cases = 18,fault = 80&85&86,
SUCCESS;301:edges = 363,fail_cases = 18,fault = 80&81&85&86,
SUCCESS;302:edges = 364,fail_cases = 18,fault = 80&81&82&85&86,
SUCCESS;303:edges = 365,fail_cases = 18,fault = 80&81&82&83&85&86,
SUCCESS;304:edges = 366,fail_cases = 18,fault = 80&81&82&83&84&85&86,
SUCCESS;305:edges = 367,fail_cases = 18,fault = 78&80&81&82&83&84&85&86,
SUCCESS;306:edges = 369,fail_cases = 18,fault = 85&86&87,
SUCCESS;307:edges = 370,fail_cases = 18,fault = 80&85&86&87,
SUCCESS;308:edges = 371,fail_cases = 18,fault = 80&81&85&86&87,
SUCCESS;309:edges = 372,fail_cases = 18,fault = 80&81&82&85&86&87,
SUCCESS;310:edges = 373,fail_cases = 18,fault = 80&81&82&83&85&86&87,
SUCCESS;311:edges = 374,fail_cases = 18,fault = 80&81&82&83&84&85&86&87,
SUCCESS;312:edges = 375,fail_cases = 18,fault = 78&80&81&82&83&84&85&86&87,
SUCCESS;313:edges = 377,fail_cases = 18,fault = 88&85&86&87,
SUCCESS;314:edges = 378,fail_cases = 18,fault = 88&80&85&86&87,
SUCCESS;315:edges = 379,fail_cases = 18,fault = 88&80&81&85&86&87,
SUCCESS;316:edges = 380,fail_cases = 18,fault = 88&80&81&82&85&86&87,
SUCCESS;317:edges = 381,fail_cases = 18,fault = 88&80&81&82&83&85&86&87,
SUCCESS;318:edges = 382,fail_cases = 18,fault = 88&80&81&82&83&84&85&86&87,
SUCCESS;319:edges = 383,fail_cases = 18,fault = 88&78&80&81&82&83&84&85&86&87,
SUCCESS;320:edges = 385,fail_cases = 18,fault = 88&89&85&86&87,
SUCCESS;321:edges = 386,fail_cases = 18,fault = 88&89&80&85&86&87,
SUCCESS;322:edges = 387,fail_cases = 18,fault = 88&89&80&81&85&86&87,
SUCCESS;323:edges = 388,fail_cases = 18,fault = 88&89&80&81&82&85&86&87,
SUCCESS;324:edges = 389,fail_cases = 18,fault = 88&89&80&81&82&83&85&86&87,
SUCCESS;325:edges = 390,fail_cases = 18,fault = 88&89&80&81&82&83&84&85&86&87,
SUCCESS;326:edges = 391,fail_cases = 18,fault = 88&89&78&80&81&82&83&84&85&86&87,
FAIL;327:edges = 391,fail_cases = 19,fault = 88&89&90&85&86&87,
SUCCESS;328:edges = 392,fail_cases = 19,fault = 91,
SUCCESS;329:edges = 393,fail_cases = 19,fault = 91&85,
SUCCESS;330:edges = 394,fail_cases = 19,fault = 91&85&86,
SUCCESS;331:edges = 395,fail_cases = 19,fault = 88&91&85&86,
SUCCESS;332:edges = 396,fail_cases = 19,fault = 88&89&91&85&86,
SUCCESS;333:edges = 397,fail_cases = 19,fault = 88&89&90&91&85&86,
FAIL;334:edges = 397,fail_cases = 20,fault = 88&89&90&91&93&85&86,
SUCCESS;335:edges = 398,fail_cases = 20,fault = 91&92&87,
SUCCESS;336:edges = 399,fail_cases = 20,fault = 91&92&85&87,
SUCCESS;337:edges = 400,fail_cases = 20,fault = 91&92&85&86&87,
SUCCESS;338:edges = 401,fail_cases = 20,fault = 88&91&92&85&86&87,
SUCCESS;339:edges = 402,fail_cases = 20,fault = 88&89&91&92&85&86&87,
FAIL;340:edges = 402,fail_cases = 21,fault = 91&92&93,