SUCCESS;0:edges = 9,fail_cases = 0,fault = ,
SUCCESS;1:edges = 10,fail_cases = 0,fault = 1,
SUCCESS;2:edges = 11,fail_cases = 0,fault = 1&2,
SUCCESS;3:edges = 12,fail_cases = 0,fault = 1&2&3,
SUCCESS;4:edges = 13,fail_cases = 0,fault = 1&2&3&4,
SUCCESS;5:edges = 14,fail_cases = 0,fault = 1&2&3&4&5,
SUCCESS;6:edges = 15,fail_cases = 0,fault = 1&2&3&4&5&6,
FAIL;7:edges = 15,fail_cases = 1,fault = 1&2&3&4&5&6&7,
SUCCESS;8:edges = 17,fail_cases = 1,fault = 8,
SUCCESS;9:edges = 18,fail_cases = 1,fault = 1&8,
SUCCESS;10:edges = 19,fail_cases = 1,fault = 1&2&8,
SUCCESS;11:edges = 20,fail_cases = 1,fault = 1&2&3&8,
SUCCESS;12:edges = 21,fail_cases = 1,fault = 1&2&3&4&8,
SUCCESS;13:edges = 22,fail_cases = 1,fault = 1&2&3&4&5&8,
SUCCESS;14:edges = 23,fail_cases = 1,fault = 1&2&3&4&5&6&8,
SUCCESS;15:edges = 25,fail_cases = 1,fault = 8&9,
SUCCESS;16:edges = 26,fail_cases = 1,fault = 1&8&9,
SUCCESS;17:edges = 27,fail_cases = 1,fault = 1&2&8&9,
SUCCESS;18:edges = 28,fail_cases = 1,fault = 1&2&3&8&9,
SUCCESS;19:edges = 29,fail_cases = 1,fault = 1&2&3&4&8&9,
SUCCESS;20:edges = 30,fail_cases = 1,fault = 1&2&3&4&5&8&9,
SUCCESS;21:edges = 31,fail_cases = 1,fault = 1&2&3&4&5&6&8&9,
SUCCESS;22:edges = 33,fail_cases = 1,fault = 8&9&10,
SUCCESS;23:edges = 34,fail_cases = 1,fault = 1&8&9&10,
SUCCESS;24:edges = 35,fail_cases = 1,fault = 1&2&8&9&10,
SUCCESS;25:edges = 36,fail_cases = 1,fault = 1&2&3&8&9&10,
SUCCESS;26:edges = 37,fail_cases = 1,fault = 1&2&3&4&8&9&10,
SUCCESS;27:edges = 38,fail_cases = 1,fault = 1&2&3&4&5&8&9&10,
SUCCESS;28:edges = 39,fail_cases = 1,fault = 1&2&3&4&5&6&8&9&10,
SUCCESS;29:edges = 41,fail_cases = 1,fault = 11&8&9&10,
SUCCESS;30:edges = 42,fail_cases = 1,fault = 11&1&8&9&10,
SUCCESS;31:edges = 43,fail_cases = 1,fault = 11&1&2&8&9&10,
SUCCESS;32:edges = 44,fail_cases = 1,fault = 11&1&2&3&8&9&10,
SUCCESS;33:edges = 45,fail_cases = 1,fault = 11&1&2&3&4&8&9&10,
SUCCESS;34:edges = 46,fail_cases = 1,fault = 11&1&2&3&4&5&8&9&10,
SUCCESS;35:edges = 47,fail_cases = 1,fault = 11&1&2&3&4&5&6&8&9&10,
FAIL;36:edges = 47,fail_cases = 2,fault = 11&12&8&9&10,
SUCCESS;37:edges = 49,fail_cases = 2,fault = 16,
SUCCESS;38:edges = 50,fail_cases = 2,fault = 16&8,
SUCCESS;39:edges = 51,fail_cases = 2,fault = 16&8&9,
SUCCESS;40:edges = 52,fail_cases = 2,fault = 16&8&9&10,
SUCCESS;41:edges = 53,fail_cases = 2,fault = 11&16&8&9&10,
SUCCESS;42:edges = 55,fail_cases = 2,fault = 13&16,
SUCCESS;43:edges = 56,fail_cases = 2,fault = 13&16&8,
SUCCESS;44:edges = 57,fail_cases = 2,fault = 13&16&8&9,
SUCCESS;45:edges = 58,fail_cases = 2,fault = 13&16&8&9&10,
SUCCESS;46:edges = 59,fail_cases = 2,fault = 11&13&16&8&9&10,
SUCCESS;47:edges = 61,fail_cases = 2,fault = 13&14&16,
SUCCESS;48:edges = 62,fail_cases = 2,fault = 13&14&16&8,
SUCCESS;49:edges = 63,fail_cases = 2,fault = 13&14&16&8&9,
SUCCESS;50:edges = 64,fail_cases = 2,fault = 11&13&14&16&8&9,
FAIL;51:edges = 64,fail_cases = 3,fault = 11&12&13&14&16&8&9,
FAIL;52:edges = 64,fail_cases = 4,fault = 13&14&15&16,
SUCCESS;53:edges = 66,fail_cases = 4,fault = 17,
SUCCESS;54:edges = 67,fail_cases = 4,fault = 16&17,
SUCCESS;55:edges = 68,fail_cases = 4,fault = 13&16&17,
SUCCESS;56:edges = 69,fail_cases = 4,fault = 13&14&16&17,
SUCCESS;57:edges = 71,fail_cases = 4,fault = 17&18,
SUCCESS;58:edges = 72,fail_cases = 4,fault = 16&17&18,
SUCCESS;59:edges = 73,fail_cases = 4,fault = 13&16&17&18,
SUCCESS;60:edges = 75,fail_cases = 4,fault = 11&12&13&16&17&18&8&9,
SUCCESS;61:edges = 77,fail_cases = 4,fault = 11&12&13&16&17&18&8&9&20,
SUCCESS;62:edges = 79,fail_cases = 4,fault = 11&12&13&16&17&18&8&9&20&21,
SUCCESS;63:edges = 81,fail_cases = 4,fault = 11&22&12&13&16&17&18&8&9&20&21,
SUCCESS;64:edges = 83,fail_cases = 4,fault = 11&22&12&23&13&16&17&18&8&9&20&21,
FAIL;65:edges = 83,fail_cases = 5,fault = 11&22&12&23&13&24&16&17&18&8&9&20&21,
FAIL;66:edges = 83,fail_cases = 6,fault = 22&23&13&24&15&16&17&18&20&21,
SUCCESS;67:edges = 84,fail_cases = 6,fault = 14&17&18&19,
SUCCESS;68:edges = 85,fail_cases = 6,fault = 14&17&18&19&20,
SUCCESS;69:edges = 86,fail_cases = 6,fault = 14&16&17&18&19,
SUCCESS;70:edges = 87,fail_cases = 6,fault = 14&16&17&18&19&20,
SUCCESS;71:edges = 88,fail_cases = 6,fault = 13&14&16&17&18&19,
SUCCESS;72:edges = 89,fail_cases = 6,fault = 14&17&18&19&20&21,
SUCCESS;73:edges = 90,fail_cases = 6,fault = 22&14&17&18&19&20&21,
SUCCESS;74:edges = 91,fail_cases = 6,fault = 22&23&14&17&18&19&20&21,
SUCCESS;75:edges = 92,fail_cases = 6,fault = 14&16&17&18&19&20&21,
SUCCESS;76:edges = 93,fail_cases = 6,fault = 22&14&16&17&18&19&20&21,
SUCCESS;77:edges = 94,fail_cases = 6,fault = 13&14&16&17&18&19&20,
SUCCESS;78:edges = 95,fail_cases = 6,fault = 13&14&16&17&18&19&20&21,
SUCCESS;79:edges = 96,fail_cases = 6,fault = 22&13&14&16&17&18&19&20&21,
SUCCESS;80:edges = 97,fail_cases = 6,fault = 22&23&14&16&17&18&19&20&21,
SUCCESS;81:edges = 98,fail_cases = 6,fault = 22&23&13&14&16&17&18&19&20&21,
FAIL;82:edges = 98,fail_cases = 7,fault = 22&23&24&17&18&19&20&21,
SUCCESS;83:edges = 100,fail_cases = 7,fault = 25,
SUCCESS;84:edges = 101,fail_cases = 7,fault = 25&17,
SUCCESS;85:edges = 102,fail_cases = 7,fault = 25&17&18,
SUCCESS;86:edges = 103,fail_cases = 7,fault = 11&12&13&25&16&17&18&8&9,
SUCCESS;87:edges = 104,fail_cases = 7,fault = 11&12&13&25&16&17&18&8&9&20,
SUCCESS;88:edges = 105,fail_cases = 7,fault = 11&12&13&25&16&17&18&8&9&20&21,
SUCCESS;89:edges = 106,fail_cases = 7,fault = 11&22&12&13&25&16&17&18&8&9&20&21,
SUCCESS;90:edges = 107,fail_cases = 7,fault = 11&22&12&23&13&25&16&17&18&8&9&20&21,
SUCCESS;91:edges = 109,fail_cases = 7,fault = 25&26,
SUCCESS;92:edges = 110,fail_cases = 7,fault = 25&26&17,
SUCCESS;93:edges = 111,fail_cases = 7,fault = 25&26&17&18,
SUCCESS;94:edges = 112,fail_cases = 7,fault = 25&26&17&18&20,
SUCCESS;95:edges = 113,fail_cases = 7,fault = 25&26&17&18&20&21,
SUCCESS;96:edges = 114,fail_cases = 7,fault = 22&25&26&17&18&20&21,
SUCCESS;97:edges = 115,fail_cases = 7,fault = 22&23&25&26&17&18&20&21,
SUCCESS;98:edges = 117,fail_cases = 7,fault = 22&23&24&25&26&17&18&20&21,
SUCCESS;99:edges = 118,fail_cases = 7,fault = 11&12&13&25&26&27&16&8&9,
SUCCESS;100:edges = 119,fail_cases = 7,fault = 11&12&13&25&26&27&16&17&8&9,
SUCCESS;101:edges = 120,fail_cases = 7,fault = 11&12&13&25&26&27&16&17&8&9&20,
SUCCESS;102:edges = 121,fail_cases = 7,fault = 11&12&13&25&26&27&16&17&8&9&20&21,
SUCCESS;103:edges = 122,fail_cases = 7,fault = 11&22&12&13&25&26&27&16&17&8&9&20&21,
SUCCESS;104:edges = 123,fail_cases = 7,fault = 11&22&12&23&13&25&26&27&16&17&8&9&20&21,
FAIL;105:edges = 123,fail_cases = 8,fault = 11&22&12&23&13&24&25&26&27&16&17&8&9&20&21,
FAIL;106:edges = 123,fail_cases = 9,fault = 22&23&13&24&25&26&15&27&16&17&20&21,
FAIL;107:edges = 123,fail_cases = 10,fault = 22&23&24&25&26&17&28&18&20&21,
FAIL;108:edges = 123,fail_cases = 11,fault = 22&23&24&25&26&27&17&19&20&21,
FAIL;109:edges = 123,fail_cases = 12,fault = 25&26&27&28,
SUCCESS;110:edges = 125,fail_cases = 12,fault = 32,
SUCCESS;111:edges = 126,fail_cases = 12,fault = 25&32,
SUCCESS;112:edges = 127,fail_cases = 12,fault = 25&26&32,
SUCCESS;113:edges = 128,fail_cases = 12,fault = 22&23&24&25&26&17&18&20&32&21,
SUCCESS;114:edges = 130,fail_cases = 12,fault = 33&32,
SUCCESS;115:edges = 131,fail_cases = 12,fault = 33&25&32,
SUCCESS;116:edges = 132,fail_cases = 12,fault = 33&25&26&32,
SUCCESS;117:edges = 133,fail_cases = 12,fault = 33&22&23&24&25&26&17&18&20&32&21,
SUCCESS;118:edges = 135,fail_cases = 12,fault = 33&34&32,
SUCCESS;119:edges = 136,fail_cases = 12,fault = 33&34&25&32,
SUCCESS;120:edges = 137,fail_cases = 12,fault = 33&34&25&26&32,
SUCCESS;121:edges = 138,fail_cases = 12,fault = 33&22&34&23&24&25&26&17&18&20&32&21,
SUCCESS;122:edges = 140,fail_cases = 12,fault = 33&34&35&32,
SUCCESS;123:edges = 141,fail_cases = 12,fault = 33&34&35&25&32,
SUCCESS;124:edges = 142,fail_cases = 12,fault = 33&34&35&25&26&32,
SUCCESS;125:edges = 143,fail_cases = 12,fault = 33&22&34&23&35&24&25&26&17&18&20&32&21,
SUCCESS;126:edges = 145,fail_cases = 12,fault = 33&34&35&29&32,
SUCCESS;127:edges = 146,fail_cases = 12,fault = 33&34&35&25&29&32,
SUCCESS;128:edges = 147,fail_cases = 12,fault = 33&34&35&25&26&29&32,
SUCCESS;129:edges = 148,fail_cases = 12,fault = 33&22&34&23&35&24&25&26&17&29&18&20&32&21,
SUCCESS;130:edges = 150,fail_cases = 12,fault = 33&34&35&29&30&32,
SUCCESS;131:edges = 151,fail_cases = 12,fault = 33&34&35&25&29&30&32,
SUCCESS;132:edges = 152,fail_cases = 12,fault = 33&34&35&25&26&29&30&32,
SUCCESS;133:edges = 153,fail_cases = 12,fault = 33&22&34&23&35&24&25&26&17&29&18&30&20&32&21,
FAIL;134:edges = 153,fail_cases = 13,fault = 33&34&35&29&30&31&32,
SUCCESS;135:edges = 155,fail_cases = 13,fault = 36,
SUCCESS;136:edges = 156,fail_cases = 13,fault = 36&32,
SUCCESS;137:edges = 157,fail_cases = 13,fault = 33&36&32,
SUCCESS;138:edges = 158,fail_cases = 13,fault = 33&34&36&32,
SUCCESS;139:edges = 159,fail_cases = 13,fault = 33&34&35&36&32,
SUCCESS;140:edges = 160,fail_cases = 13,fault = 33&34&35&36&29&32,
SUCCESS;141:edges = 161,fail_cases = 13,fault = 33&34&35&36&29&30&32,
SUCCESS;142:edges = 163,fail_cases = 13,fault = 36&37,
SUCCESS;143:edges = 164,fail_cases = 13,fault = 36&37&32,
SUCCESS;144:edges = 165,fail_cases = 13,fault = 33&36&37&32,
SUCCESS;145:edges = 166,fail_cases = 13,fault = 33&34&36&37&32,
SUCCESS;146:edges = 167,fail_cases = 13,fault = 33&34&35&36&37&32,
SUCCESS;147:edges = 168,fail_cases = 13,fault = 33&34&35&36&37&29&32,
SUCCESS;148:edges = 169,fail_cases = 13,fault = 33&34&35&36&37&29&30&32,
SUCCESS;149:edges = 171,fail_cases = 13,fault = 36&37&38,
SUCCESS;150:edges = 172,fail_cases = 13,fault = 36&37&38&32,
SUCCESS;151:edges = 173,fail_cases = 13,fault = 33&36&37&38&32,
SUCCESS;152:edges = 174,fail_cases = 13,fault = 33&34&36&37&38&32,
SUCCESS;153:edges = 175,fail_cases = 13,fault = 33&34&35&36&37&38&32,
SUCCESS;154:edges = 176,fail_cases = 13,fault = 33&34&35&36&37&38&29&32,
SUCCESS;155:edges = 177,fail_cases = 13,fault = 33&34&35&36&37&38&29&30&32,
SUCCESS;156:edges = 179,fail_cases = 13,fault = 36&37&38&39,
SUCCESS;157:edges = 180,fail_cases = 13,fault = 36&37&38&39&32,
SUCCESS;158:edges = 181,fail_cases = 13,fault = 33&36&37&38&39&32,
SUCCESS;159:edges = 182,fail_cases = 13,fault = 33&34&36&37&38&39&32,
SUCCESS;160:edges = 183,fail_cases = 13,fault = 33&34&35&36&37&38&39&32,
SUCCESS;161:edges = 184,fail_cases = 13,fault = 33&34&35&36&37&38&39&29&32,
SUCCESS;162:edges = 185,fail_cases = 13,fault = 33&34&35&36&37&38&39&29&30&32,
FAIL;163:edges = 185,fail_cases = 14,fault = 36&37&38&39&40,
SUCCESS;164:edges = 187,fail_cases = 14,fault = 41,
SUCCESS;165:edges = 188,fail_cases = 14,fault = 36&41,
SUCCESS;166:edges = 189,fail_cases = 14,fault = 36&37&41,
SUCCESS;167:edges = 190,fail_cases = 14,fault = 36&37&38&41,
SUCCESS;168:edges = 191,fail_cases = 14,fault = 36&37&38&39&41,
SUCCESS;169:edges = 193,fail_cases = 14,fault = 41&42,
SUCCESS;170:edges = 194,fail_cases = 14,fault = 36&41&42,
SUCCESS;171:edges = 195,fail_cases = 14,fault = 36&37&41&42,
SUCCESS;172:edges = 196,fail_cases = 14,fault = 36&37&38&41&42,
SUCCESS;173:edges = 197,fail_cases = 14,fault = 36&37&38&39&41&42,
SUCCESS;174:edges = 199,fail_cases = 14,fault = 41&42&43,
SUCCESS;175:edges = 200,fail_cases = 14,fault = 36&41&42&43,
SUCCESS;176:edges = 201,fail_cases = 14,fault = 36&37&41&42&43,
SUCCESS;177:edges = 202,fail_cases = 14,fault = 36&37&38&41&42&43,
SUCCESS;178:edges = 203,fail_cases = 14,fault = 36&37&38&39&41&42&43,
SUCCESS;179:edges = 205,fail_cases = 14,fault = 44&41&42&43,
SUCCESS;180:edges = 206,fail_cases = 14,fault = 44&36&41&42&43,
SUCCESS;181:edges = 207,fail_cases = 14,fault = 44&36&37&41&42&43,
SUCCESS;182:edges = 208,fail_cases = 14,fault = 44&36&37&38&41&42&43,
SUCCESS;183:edges = 209,fail_cases = 14,fault = 44&36&37&38&39&41&42&43,
SUCCESS;184:edges = 211,fail_cases = 14,fault = 44&45&41&42&43,
SUCCESS;185:edges = 212,fail_cases = 14,fault = 44&45&36&41&42&43,
SUCCESS;186:edges = 213,fail_cases = 14,fault = 44&45&36&37&41&42&43,
SUCCESS;187:edges = 214,fail_cases = 14,fault = 44&45&36&37&38&41&42&43,
SUCCESS;188:edges = 215,fail_cases = 14,fault = 44&45&36&37&38&39&41&42&43,
SUCCESS;189:edges = 217,fail_cases = 14,fault = 44&45&46&41&42&43,
SUCCESS;190:edges = 218,fail_cases = 14,fault = 44&45&46&36&41&42&43,
SUCCESS;191:edges = 219,fail_cases = 14,fault = 44&45&46&36&37&41&42&43,
SUCCESS;192:edges = 220,fail_cases = 14,fault = 44&45&46&36&37&38&41&42&43,
SUCCESS;193:edges = 221,fail_cases = 14,fault = 44&45&46&36&37&38&39&41&42&43,
FAIL;194:edges = 221,fail_cases = 15,fault = 44&45&46&47&41&42&43,
SUCCESS;195:edges = 223,fail_cases = 15,fault = 48,
SUCCESS;196:edges = 224,fail_cases = 15,fault = 48&41,
SUCCESS;197:edges = 225,fail_cases = 15,fault = 48&41&43,
SUCCESS;198:edges = 226,fail_cases = 15,fault = 44&48&41&43,
SUCCESS;199:edges = 227,fail_cases = 15,fault = 44&45&48&41&43,
SUCCESS;200:edges = 229,fail_cases = 15,fault = 44&45&47&48&41&43,
SUCCESS;201:edges = 230,fail_cases = 15,fault = 44&45&47&48&41&42&43,
SUCCESS;202:edges = 231,fail_cases = 15,fault = 46&48&49&42,
SUCCESS;203:edges = 232,fail_cases = 15,fault = 46&48&49&41&42,
SUCCESS;204:edges = 234,fail_cases = 15,fault = 44&45&47&48&50&41&43,
SUCCESS;205:edges = 236,fail_cases = 15,fault = 44&45&47&48&50&51&41&43,
SUCCESS;206:edges = 237,fail_cases = 15,fault = 48&49&50&42,
SUCCESS;207:edges = 238,fail_cases = 15,fault = 44&45&47&48&50&41&42&43,
SUCCESS;208:edges = 240,fail_cases = 15,fault = 44&45&47&48&50&51&41&52&43,
SUCCESS;209:edges = 241,fail_cases = 15,fault = 46&48&49&41&42&43,
SUCCESS;210:edges = 242,fail_cases = 15,fault = 44&46&48&49&41&42&43,
SUCCESS;211:edges = 244,fail_cases = 15,fault = 44&45&47&48&50&51&41&52&53&43,
SUCCESS;212:edges = 246,fail_cases = 15,fault = 44&45&47&48&50&51&41&52&53&43&54,
SUCCESS;213:edges = 247,fail_cases = 15,fault = 48&49&50&51&42,
SUCCESS;214:edges = 248,fail_cases = 15,fault = 46&48&49&50&41&42,
SUCCESS;215:edges = 249,fail_cases = 15,fault = 48&49&50&51&41&42,
SUCCESS;216:edges = 250,fail_cases = 15,fault = 44&45&47&48&50&51&41&42&43,
FAIL;217:edges = 250,fail_cases = 16,fault = 44&55&45&47&48&50&51&41&52&53&43&54,
SUCCESS;218:edges = 251,fail_cases = 16,fault = 46&48&49&50&41&42&43,
SUCCESS;219:edges = 252,fail_cases = 16,fault = 44&45&46&48&49&41&42&43,
SUCCESS;220:edges = 253,fail_cases = 16,fault = 48&49&50&51&52&42,
SUCCESS;221:edges = 254,fail_cases = 16,fault = 48&49&50&51&52&41&42,
SUCCESS;222:edges = 255,fail_cases = 16,fault = 44&46&48&49&50&41&42&43,
SUCCESS;223:edges = 256,fail_cases = 16,fault = 44&45&47&48&50&51&41&52&42&43,
SUCCESS;224:edges = 257,fail_cases = 16,fault = 46&48&49&50&51&41&42&43,
SUCCESS;225:edges = 258,fail_cases = 16,fault = 44&46&48&49&50&51&41&42&43,
SUCCESS;226:edges = 259,fail_cases = 16,fault = 46&48&49&50&51&52&41&42&43,
SUCCESS;227:edges = 260,fail_cases = 16,fault = 44&46&48&49&50&51&52&41&42&43,
SUCCESS;228:edges = 261,fail_cases = 16,fault = 48&49&50&51&52&53&42,
SUCCESS;229:edges = 262,fail_cases = 16,fault = 48&49&50&51&52&53&42&54,
SUCCESS;230:edges = 263,fail_cases = 16,fault = 48&49&50&51&52&41&53&42,
SUCCESS;231:edges = 264,fail_cases = 16,fault = 48&49&50&51&52&41&53&42&54,
SUCCESS;232:edges = 265,fail_cases = 16,fault = 48&49&50&51&52&41&53&42&43,
SUCCESS;233:edges = 266,fail_cases = 16,fault = 44&48&49&50&51&52&41&53&42&43,
SUCCESS;234:edges = 267,fail_cases = 16,fault = 48&49&50&51&52&41&53&42&54&43,
SUCCESS;235:edges = 268,fail_cases = 16,fault = 44&45&47&48&50&51&41&52&53&42&43,
SUCCESS;236:edges = 269,fail_cases = 16,fault = 44&48&49&50&51&52&41&53&42&54&43,
SUCCESS;237:edges = 270,fail_cases = 16,fault = 44&45&48&49&50&51&52&41&53&42&54&43,
SUCCESS;238:edges = 271,fail_cases = 16,fault = 44&45&46&48&49&50&41&42&43,
SUCCESS;239:edges = 272,fail_cases = 16,fault = 44&45&46&48&49&50&51&41&42&43,
SUCCESS;240:edges = 273,fail_cases = 16,fault = 44&45&46&48&49&50&51&52&41&42&43,
SUCCESS;241:edges = 274,fail_cases = 16,fault = 44&45&46&48&49&50&51&52&41&53&42&43,
SUCCESS;242:edges = 275,fail_cases = 16,fault = 44&45&46&48&49&50&51&52&41&53&42&54&43,
FAIL;243:edges = 275,fail_cases = 17,fault = 55&48&49&50&51&52&53&54,
SUCCESS;244:edges = 276,fail_cases = 17,fault = 56,
SUCCESS;245:edges = 277,fail_cases = 17,fault = 56&48,
SUCCESS;246:edges = 278,fail_cases = 17,fault = 44&56&45&47&48&41&43,
SUCCESS;247:edges = 279,fail_cases = 17,fault = 44&56&45&47&48&50&41&43,
SUCCESS;248:edges = 280,fail_cases = 17,fault = 44&56&45&47&48&50&51&41&43,
SUCCESS;249:edges = 281,fail_cases = 17,fault = 44&56&45&47&48&50&51&41&52&43,
SUCCESS;250:edges = 282,fail_cases = 17,fault = 44&56&45&47&48&50&51&41&52&53&43,
SUCCESS;251:edges = 283,fail_cases = 17,fault = 44&56&45&47&48&50&51&41&52&53&43&54,
SUCCESS;252:edges = 284,fail_cases = 17,fault = 56&57,
SUCCESS;253:edges = 285,fail_cases = 17,fault = 56&57&48,
SUCCESS;254:edges = 286,fail_cases = 17,fault = 44&56&45&57&47&48&41&43,
SUCCESS;255:edges = 287,fail_cases = 17,fault = 44&56&45&57&47&48&50&41&43,
SUCCESS;256:edges = 288,fail_cases = 17,fault = 44&56&45&57&47&48&50&51&41&43,
SUCCESS;257:edges = 289,fail_cases = 17,fault = 44&56&45&57&47&48&50&51&41&52&43,
SUCCESS;258:edges = 290,fail_cases = 17,fault = 44&56&45&57&47&48&50&51&41&52&53&43,
SUCCESS;259:edges = 291,fail_cases = 17,fault = 44&56&45&57&47&48&50&51&41&52&53&43&54,
SUCCESS;260:edges = 292,fail_cases = 17,fault = 56&57&58,
SUCCESS;261:edges = 293,fail_cases = 17,fault = 56&57&58&48,
SUCCESS;262:edges = 294,fail_cases = 17,fault = 44&56&45&57&58&47&48&41&43,
SUCCESS;263:edges = 295,fail_cases = 17,fault = 44&56&45&57&58&47&48&50&41&43,
SUCCESS;264:edges = 296,fail_cases = 17,fault = 44&56&45&57&58&47&48&50&51&41&43,
SUCCESS;265:edges = 297,fail_cases = 17,fault = 44&56&45&57&58&47&48&50&51&41&52&43,
SUCCESS;266:edges = 298,fail_cases = 17,fault = 44&56&45&57&58&47&48&50&51&41&52&53&43,
SUCCESS;267:edges = 299,fail_cases = 17,fault = 44&56&45&57&58&47&48&50&51&41&52&53&43&54,
SUCCESS;268:edges = 300,fail_cases = 17,fault = 56&57&58&59,
SUCCESS;269:edges = 301,fail_cases = 17,fault = 56&57&58&59&48,
SUCCESS;270:edges = 302,fail_cases = 17,fault = 44&56&45&57&58&47&59&48&41&43,
SUCCESS;271:edges = 303,fail_cases = 17,fault = 44&56&45&57&58&47&59&48&50&41&43,
SUCCESS;272:edges = 304,fail_cases = 17,fault = 44&56&45&57&58&47&59&48&50&51&41&43,
SUCCESS;273:edges = 305,fail_cases = 17,fault = 44&56&45&57&58&47&59&48&50&51&41&52&43,
SUCCESS;274:edges = 306,fail_cases = 17,fault = 44&56&45&57&58&47&59&48&50&51&41&52&53&43,
SUCCESS;275:edges = 307,fail_cases = 17,fault = 44&56&45&57&58&47&59&48&50&51&41&52&53&43&54,
SUCCESS;276:edges = 308,fail_cases = 17,fault = 56&57&58&59&60,
SUCCESS;277:edges = 309,fail_cases = 17,fault = 56&57&58&59&48&60,
SUCCESS;278:edges = 310,fail_cases = 17,fault = 44&56&45&57&58&47&59&48&60&41&43,
SUCCESS;279:edges = 311,fail_cases = 17,fault = 44&56&45&57&58&47&59&48&60&50&41&43,
SUCCESS;280:edges = 312,fail_cases = 17,fault = 44&56&45&57&58&47&59&48&60&50&51&41&43,
SUCCESS;281:edges = 313,fail_cases = 17,fault = 44&56&45&57&58&47&59&48&60&50&51&41&52&43,
SUCCESS;282:edges = 314,fail_cases = 17,fault = 44&56&45&57&58&47&59&48&60&50&51&41&52&53&43,
SUCCESS;283:edges = 315,fail_cases = 17,fault = 44&56&45&57&58&47&59&48&60&50&51&41&52&53&43&54,
FAIL;284:edges = 315,fail_cases = 18,fault = 56&57&58&59&60&61,