SUCCESS;0:edges = 3,fail_cases = 0,fault = ,
SUCCESS;1:edges = 4,fail_cases = 0,fault = 1,
SUCCESS;2:edges = 5,fail_cases = 0,fault = 1&2,
SUCCESS;3:edges = 6,fail_cases = 0,fault = 1&2&3,
SUCCESS;4:edges = 7,fail_cases = 0,fault = 1&2&3&4,
FAIL;5:edges = 7,fail_cases = 1,fault = 1&2&3&4&5,
SUCCESS;6:edges = 9,fail_cases = 1,fault = 6,
SUCCESS;7:edges = 10,fail_cases = 1,fault = 1&6,
SUCCESS;8:edges = 11,fail_cases = 1,fault = 1&2&6,
SUCCESS;9:edges = 12,fail_cases = 1,fault = 1&2&3&6,
SUCCESS;10:edges = 13,fail_cases = 1,fault = 1&2&3&4&6,
SUCCESS;11:edges = 15,fail_cases = 1,fault = 6&7,
SUCCESS;12:edges = 16,fail_cases = 1,fault = 1&6&7,
SUCCESS;13:edges = 17,fail_cases = 1,fault = 1&2&6&7,
SUCCESS;14:edges = 18,fail_cases = 1,fault = 1&2&3&6&7,
SUCCESS;15:edges = 19,fail_cases = 1,fault = 1&2&3&4&6&7,
FAIL;16:edges = 19,fail_cases = 2,fault = 6&7&8,
SUCCESS;17:edges = 21,fail_cases = 2,fault = 9,
SUCCESS;18:edges = 22,fail_cases = 2,fault = 6&9,
SUCCESS;19:edges = 23,fail_cases = 2,fault = 6&7&9,
SUCCESS;20:edges = 25,fail_cases = 2,fault = 9&10,
SUCCESS;21:edges = 26,fail_cases = 2,fault = 6&9&10,
SUCCESS;22:edges = 27,fail_cases = 2,fault = 6&7&9&10,
SUCCESS;23:edges = 29,fail_cases = 2,fault = 11&9&10,
SUCCESS;24:edges = 30,fail_cases = 2,fault = 11&6&9&10,
SUCCESS;25:edges = 31,fail_cases = 2,fault = 11&6&7&9&10,
FAIL;26:edges = 31,fail_cases = 3,fault = 11&12&9&10,
SUCCESS;27:edges = 32,fail_cases = 3,fault = 13,
SUCCESS;28:edges = 33,fail_cases = 3,fault = 13&9,
SUCCESS;29:edges = 34,fail_cases = 3,fault = 13&9&10,
SUCCESS;30:edges = 35,fail_cases = 3,fault = 11&13&9&10,
FAIL;31:edges = 35,fail_cases = 4,fault = 13&14,