SUCCESS;0:edges = 23,fail_cases = 0,fault = ,
SUCCESS;1:edges = 24,fail_cases = 0,fault = 1,
SUCCESS;2:edges = 25,fail_cases = 0,fault = 1&2,
SUCCESS;3:edges = 26,fail_cases = 0,fault = 1&2&3,
SUCCESS;4:edges = 27,fail_cases = 0,fault = 1&2&3&4,
FAIL;5:edges = 27,fail_cases = 1,fault = 1&2&3&4&5,
SUCCESS;6:edges = 29,fail_cases = 1,fault = 6,
SUCCESS;7:edges = 30,fail_cases = 1,fault = 1&6,
SUCCESS;8:edges = 31,fail_cases = 1,fault = 1&2&6,
SUCCESS;9:edges = 32,fail_cases = 1,fault = 1&2&3&6,
SUCCESS;10:edges = 33,fail_cases = 1,fault = 1&2&3&4&6,
FAIL;11:edges = 33,fail_cases = 2,fault = 6&7,
SUCCESS;12:edges = 35,fail_cases = 2,fault = 8,
SUCCESS;13:edges = 36,fail_cases = 2,fault = 6&8,
FAIL;14:edges = 36,fail_cases = 3,fault = 8&9,
SUCCESS;15:edges = 38,fail_cases = 3,fault = 10,
SUCCESS;16:edges = 39,fail_cases = 3,fault = 8&10,
SUCCESS;17:edges = 41,fail_cases = 3,fault = 11&10,
SUCCESS;18:edges = 42,fail_cases = 3,fault = 11&8&10,
SUCCESS;19:edges = 44,fail_cases = 3,fault = 11&12&10,
SUCCESS;20:edges = 45,fail_cases = 3,fault = 11&12&8&10,
SUCCESS;21:edges = 47,fail_cases = 3,fault = 11&12&13&10,
SUCCESS;22:edges = 48,fail_cases = 3,fault = 11&12&13&8&10,
SUCCESS;23:edges = 50,fail_cases = 3,fault = 11&12&13&14&10,
SUCCESS;24:edges = 51,fail_cases = 3,fault = 11&12&13&14&8&10,
FAIL;25:edges = 51,fail_cases = 4,fault = 11&12&13&14&15&10,
SUCCESS;26:edges = 53,fail_cases = 4,fault = 16,
SUCCESS;27:edges = 54,fail_cases = 4,fault = 16&10,
SUCCESS;28:edges = 55,fail_cases = 4,fault = 11&16&10,
SUCCESS;29:edges = 56,fail_cases = 4,fault = 11&12&16&10,
SUCCESS;30:edges = 57,fail_cases = 4,fault = 11&12&13&16&10,
SUCCESS;31:edges = 58,fail_cases = 4,fault = 11&12&13&14&16&10,
SUCCESS;32:edges = 60,fail_cases = 4,fault = 16&17,
SUCCESS;33:edges = 61,fail_cases = 4,fault = 16&17&10,
SUCCESS;34:edges = 62,fail_cases = 4,fault = 11&16&17&10,
SUCCESS;35:edges = 63,fail_cases = 4,fault = 11&12&16&17&10,
SUCCESS;36:edges = 64,fail_cases = 4,fault = 11&12&13&16&17&10,
SUCCESS;37:edges = 65,fail_cases = 4,fault = 11&12&13&14&16&17&10,
SUCCESS;38:edges = 67,fail_cases = 4,fault = 16&17&18,
SUCCESS;39:edges = 68,fail_cases = 4,fault = 16&17&18&10,
SUCCESS;40:edges = 69,fail_cases = 4,fault = 11&16&17&18&10,
SUCCESS;41:edges = 70,fail_cases = 4,fault = 11&12&16&17&18&10,
SUCCESS;42:edges = 71,fail_cases = 4,fault = 11&12&13&16&17&18&10,
SUCCESS;43:edges = 72,fail_cases = 4,fault = 11&12&13&14&16&17&18&10,
SUCCESS;44:edges = 74,fail_cases = 4,fault = 16&17&18&19,
SUCCESS;45:edges = 75,fail_cases = 4,fault = 16&17&18&19&10,
SUCCESS;46:edges = 76,fail_cases = 4,fault = 11&16&17&18&19&10,
SUCCESS;47:edges = 77,fail_cases = 4,fault = 11&12&16&17&18&19&10,
SUCCESS;48:edges = 78,fail_cases = 4,fault = 11&12&14&16&17&18&19&10,
SUCCESS;49:edges = 81,fail_cases = 4,fault = 11&12&14&15&16&17&18&19&10,
SUCCESS;50:edges = 83,fail_cases = 4,fault = 11&12&23&14&15&16&17&18&19&10,
SUCCESS;51:edges = 85,fail_cases = 4,fault = 11&12&23&24&14&15&16&17&18&19&10,
SUCCESS;52:edges = 87,fail_cases = 4,fault = 11&12&23&24&14&25&15&16&17&18&19&10,
SUCCESS;53:edges = 88,fail_cases = 4,fault = 22&13,
SUCCESS;54:edges = 89,fail_cases = 4,fault = 22&23&13,
FAIL;55:edges = 89,fail_cases = 5,fault = 11&12&14&15&16&17&18&19&10&21,
SUCCESS;56:edges = 90,fail_cases = 5,fault = 22&23&24&13,
SUCCESS;57:edges = 91,fail_cases = 5,fault = 22&13&16,
SUCCESS;58:edges = 92,fail_cases = 5,fault = 22&23&24&13&25,
SUCCESS;59:edges = 93,fail_cases = 5,fault = 22&23&13&16,
SUCCESS;60:edges = 94,fail_cases = 5,fault = 22&13&16&17,
SUCCESS;61:edges = 96,fail_cases = 5,fault = 11&12&23&24&14&25&15&26&16&17&18&19&10,
SUCCESS;62:edges = 97,fail_cases = 5,fault = 22&23&24&13&25&26,
SUCCESS;63:edges = 99,fail_cases = 5,fault = 11&12&23&24&14&25&15&26&16&27&17&18&19&10,
SUCCESS;64:edges = 100,fail_cases = 5,fault = 22&23&24&13&25&26&27,
SUCCESS;65:edges = 101,fail_cases = 5,fault = 13&16&17&18&19&20,
SUCCESS;66:edges = 102,fail_cases = 5,fault = 13&16&17&18&19&20&10,
SUCCESS;67:edges = 103,fail_cases = 5,fault = 22&11&23&13&16&17&10,
SUCCESS;68:edges = 104,fail_cases = 5,fault = 22&11&23&24&13&16&10,
SUCCESS;69:edges = 105,fail_cases = 5,fault = 22&11&23&24&13&25&16&10,
SUCCESS;70:edges = 106,fail_cases = 5,fault = 22&11&13&16&17&18&10,
SUCCESS;71:edges = 107,fail_cases = 5,fault = 22&11&23&24&13&25&26&16&10,
FAIL;72:edges = 107,fail_cases = 6,fault = 11&12&23&24&14&25&15&26&16&27&17&28&18&19&10,
SUCCESS;73:edges = 108,fail_cases = 6,fault = 22&11&13&16&17&18&19&10,
SUCCESS;74:edges = 109,fail_cases = 6,fault = 22&11&23&13&16&17&18&10,
SUCCESS;75:edges = 110,fail_cases = 6,fault = 11&13&16&17&18&19&20&10,
SUCCESS;76:edges = 111,fail_cases = 6,fault = 22&11&23&12&24&13&25&26&27&16&10,
SUCCESS;77:edges = 112,fail_cases = 6,fault = 22&11&23&12&13&16&17&18&19&10,
SUCCESS;78:edges = 113,fail_cases = 6,fault = 11&12&13&16&17&18&19&20&10,
SUCCESS;79:edges = 114,fail_cases = 6,fault = 22&11&23&12&24&13&14&16&17&10,
SUCCESS;80:edges = 115,fail_cases = 6,fault = 11&12&13&14&16&17&18&19&20&10,
SUCCESS;81:edges = 116,fail_cases = 6,fault = 22&23&24&25&16&17&21,
SUCCESS;82:edges = 117,fail_cases = 6,fault = 22&23&24&26&16&17&19&21,
SUCCESS;83:edges = 118,fail_cases = 6,fault = 22&11&23&12&24&14&15&26&16&17&19&10&21,
SUCCESS;84:edges = 119,fail_cases = 6,fault = 22&11&23&12&24&14&15&26&16&27&17&19&10&21,
FAIL;85:edges = 119,fail_cases = 7,fault = 22&11&23&12&24&14&15&26&16&27&17&28&19&10&21,
FAIL;86:edges = 119,fail_cases = 8,fault = 22&23&24&26&16&27&17&28&19&20&21,
FAIL;87:edges = 119,fail_cases = 9,fault = 16&17&18&19&20&21,
FAIL;88:edges = 119,fail_cases = 10,fault = 23&24&25&26&16&27&17&28&18&19&20,
SUCCESS;89:edges = 120,fail_cases = 10,fault = 22&23&24&25&16&17&18&21,
SUCCESS;90:edges = 121,fail_cases = 10,fault = 22&23&24&25&16&17&18&19&21,
SUCCESS;91:edges = 122,fail_cases = 10,fault = 22&23&24&25&26&16&17&18&21,
SUCCESS;92:edges = 123,fail_cases = 10,fault = 22&23&24&25&26&27&16&17&18&21,
SUCCESS;93:edges = 124,fail_cases = 10,fault = 22&23&24&25&26&16&17&18&19&21,
SUCCESS;94:edges = 125,fail_cases = 10,fault = 22&23&24&25&26&27&16&17&18&19&21,
FAIL;95:edges = 125,fail_cases = 11,fault = 22&23&24&25&26&27&28,
SUCCESS;96:edges = 127,fail_cases = 11,fault = 32,
SUCCESS;97:edges = 128,fail_cases = 11,fault = 11&12&14&15&16&17&18&19&32&10,
SUCCESS;98:edges = 129,fail_cases = 11,fault = 11&12&23&14&15&16&17&18&19&32&10,
SUCCESS;99:edges = 130,fail_cases = 11,fault = 11&12&23&24&14&15&16&17&18&19&32&10,
SUCCESS;100:edges = 131,fail_cases = 11,fault = 11&12&23&24&14&25&15&16&17&18&19&32&10,
SUCCESS;101:edges = 132,fail_cases = 11,fault = 11&12&23&24&14&25&15&26&16&17&18&19&32&10,
SUCCESS;102:edges = 133,fail_cases = 11,fault = 22&11&23&12&24&14&15&26&16&27&17&19&32&10&21,
SUCCESS;103:edges = 135,fail_cases = 11,fault = 33&32,
SUCCESS;104:edges = 136,fail_cases = 11,fault = 33&11&12&14&15&16&17&18&19&32&10,
SUCCESS;105:edges = 137,fail_cases = 11,fault = 33&11&12&23&14&15&16&17&18&19&32&10,
SUCCESS;106:edges = 138,fail_cases = 11,fault = 33&11&12&23&24&14&15&16&17&18&19&32&10,
SUCCESS;107:edges = 139,fail_cases = 11,fault = 33&11&12&23&24&14&25&15&16&17&18&19&32&10,
SUCCESS;108:edges = 140,fail_cases = 11,fault = 33&11&12&23&24&14&25&15&26&16&17&18&19&32&10,
SUCCESS;109:edges = 141,fail_cases = 11,fault = 33&11&12&23&24&14&25&15&26&16&27&17&18&19&32&10,
SUCCESS;110:edges = 143,fail_cases = 11,fault = 33&34&32,
SUCCESS;111:edges = 144,fail_cases = 11,fault = 33&11&34&12&14&15&16&17&18&19&32&10,
SUCCESS;112:edges = 145,fail_cases = 11,fault = 33&11&34&12&23&14&15&16&17&18&19&32&10,
SUCCESS;113:edges = 146,fail_cases = 11,fault = 33&11&34&12&23&24&14&15&16&17&18&19&32&10,
SUCCESS;114:edges = 147,fail_cases = 11,fault = 33&22&11&34&23&12&24&14&15&16&17&19&32&10&21,
SUCCESS;115:edges = 148,fail_cases = 11,fault = 33&22&11&34&23&12&24&14&15&26&16&17&19&32&10&21,
SUCCESS;116:edges = 149,fail_cases = 11,fault = 33&22&11&34&23&12&24&14&15&26&16&27&17&19&32&10&21,
SUCCESS;117:edges = 151,fail_cases = 11,fault = 33&34&29&32,
SUCCESS;118:edges = 152,fail_cases = 11,fault = 33&11&34&12&14&15&16&17&29&18&19&32&10,
SUCCESS;119:edges = 153,fail_cases = 11,fault = 33&11&34&12&23&14&15&16&17&29&18&19&32&10,
SUCCESS;120:edges = 154,fail_cases = 11,fault = 33&11&34&12&23&24&14&15&16&17&29&18&19&32&10,
SUCCESS;121:edges = 155,fail_cases = 11,fault = 33&22&11&34&23&12&24&14&15&16&17&29&19&32&10&21,
SUCCESS;122:edges = 156,fail_cases = 11,fault = 33&22&11&34&23&12&24&14&15&26&16&17&29&19&32&10&21,
SUCCESS;123:edges = 157,fail_cases = 11,fault = 33&11&34&12&23&24&14&25&15&26&16&27&17&29&18&19&32&10,
SUCCESS;124:edges = 159,fail_cases = 11,fault = 33&34&29&30&32,
SUCCESS;125:edges = 160,fail_cases = 11,fault = 33&11&34&12&14&15&16&17&29&18&19&30&32&10,
SUCCESS;126:edges = 161,fail_cases = 11,fault = 33&11&34&12&23&14&15&16&17&29&18&19&30&32&10,
SUCCESS;127:edges = 162,fail_cases = 11,fault = 33&11&34&12&23&24&14&15&16&17&29&18&19&30&32&10,
SUCCESS;128:edges = 163,fail_cases = 11,fault = 33&22&11&34&23&12&24&14&15&16&17&29&19&30&32&10&21,
SUCCESS;129:edges = 164,fail_cases = 11,fault = 33&11&34&12&23&24&14&25&15&26&16&17&29&18&19&30&32&10,
SUCCESS;130:edges = 165,fail_cases = 11,fault = 33&11&34&12&23&24&14&25&15&26&16&27&17&29&18&19&30&32&10,
SUCCESS;131:edges = 168,fail_cases = 11,fault = 33&34&29&30&31&32,
SUCCESS;132:edges = 169,fail_cases = 11,fault = 11&12&36&14&15&16&17&18&19&10,
SUCCESS;133:edges = 170,fail_cases = 11,fault = 33&11&34&12&14&15&16&17&29&18&19&30&31&32&10,
SUCCESS;134:edges = 171,fail_cases = 11,fault = 11&12&23&36&14&15&16&17&18&19&32&10,
SUCCESS;135:edges = 172,fail_cases = 11,fault = 33&11&34&12&23&14&15&16&17&29&18&19&30&31&32&10,
SUCCESS;136:edges = 173,fail_cases = 11,fault = 33&11&12&23&24&36&14&15&16&17&18&19&32&10,
SUCCESS;137:edges = 174,fail_cases = 11,fault = 33&11&34&12&23&24&14&15&16&17&29&18&19&30&31&32&10,
SUCCESS;138:edges = 175,fail_cases = 11,fault = 33&22&11&34&23&12&24&36&14&15&16&17&19&32&10&21,
SUCCESS;139:edges = 176,fail_cases = 11,fault = 33&11&34&12&23&24&14&25&15&26&16&17&29&18&19&30&31&32&10,
SUCCESS;140:edges = 177,fail_cases = 11,fault = 33&22&11&34&23&12&24&36&14&15&26&16&27&17&19&32&10&21,
SUCCESS;141:edges = 178,fail_cases = 11,fault = 33&34&35&36&32,
SUCCESS;142:edges = 179,fail_cases = 11,fault = 33&34&35&36&29&32,
SUCCESS;143:edges = 180,fail_cases = 11,fault = 33&34&35&36&29&30&32,
FAIL;144:edges = 180,fail_cases = 12,fault = 33&34&37&29&30&31&32,
FAIL;145:edges = 180,fail_cases = 13,fault = 33&34&35&29&30&31&32,
FAIL;146:edges = 180,fail_cases = 14,fault = 36&37,
SUCCESS;147:edges = 182,fail_cases = 14,fault = 38,
SUCCESS;148:edges = 183,fail_cases = 14,fault = 33&34&38&29&30&31&32,
SUCCESS;149:edges = 185,fail_cases = 14,fault = 38&39,
SUCCESS;150:edges = 186,fail_cases = 14,fault = 33&34&38&39&29&30&31&32,
SUCCESS;151:edges = 188,fail_cases = 14,fault = 38&39&40,
SUCCESS;152:edges = 189,fail_cases = 14,fault = 33&34&38&39&29&40&30&31&32,
FAIL;153:edges = 189,fail_cases = 15,fault = 38&39&40&41,
SUCCESS;154:edges = 191,fail_cases = 15,fault = 42,
SUCCESS;155:edges = 192,fail_cases = 15,fault = 38&42,
SUCCESS;156:edges = 193,fail_cases = 15,fault = 38&39&42,
SUCCESS;157:edges = 194,fail_cases = 15,fault = 38&39&40&42,
SUCCESS;158:edges = 196,fail_cases = 15,fault = 42&43,
SUCCESS;159:edges = 197,fail_cases = 15,fault = 38&42&43,
SUCCESS;160:edges = 198,fail_cases = 15,fault = 38&39&42&43,
SUCCESS;161:edges = 199,fail_cases = 15,fault = 38&39&40&42&43,
FAIL;162:edges = 199,fail_cases = 16,fault = 44&42&43,
SUCCESS;163:edges = 201,fail_cases = 16,fault = 45,
SUCCESS;164:edges = 202,fail_cases = 16,fault = 45&42,
SUCCESS;165:edges = 203,fail_cases = 16,fault = 45&42&43,
SUCCESS;166:edges = 205,fail_cases = 16,fault = 45&46,
SUCCESS;167:edges = 206,fail_cases = 16,fault = 45&46&42,
SUCCESS;168:edges = 207,fail_cases = 16,fault = 45&46&42&43,
FAIL;169:edges = 207,fail_cases = 17,fault = 45&46&47,
SUCCESS;170:edges = 209,fail_cases = 17,fault = 48,
SUCCESS;171:edges = 210,fail_cases = 17,fault = 45&48,
SUCCESS;172:edges = 211,fail_cases = 17,fault = 45&46&48,
SUCCESS;173:edges = 213,fail_cases = 17,fault = 48&49,
SUCCESS;174:edges = 214,fail_cases = 17,fault = 45&48&49,
SUCCESS;175:edges = 216,fail_cases = 17,fault = 45&46&48&49,
SUCCESS;176:edges = 217,fail_cases = 17,fault = 47&48&49&50,
SUCCESS;177:edges = 219,fail_cases = 17,fault = 45&46&48&49&51,
FAIL;178:edges = 219,fail_cases = 18,fault = 45&46&48&49&51&53,
SUCCESS;179:edges = 221,fail_cases = 18,fault = 47&48&49&50&51,
SUCCESS;180:edges = 222,fail_cases = 18,fault = 47&48&49&50&51&52,
FAIL;181:edges = 222,fail_cases = 19,fault = 46&48&49&50&51&53,
SUCCESS;182:edges = 223,fail_cases = 19,fault = 45&47&48&49&50&52,
SUCCESS;183:edges = 224,fail_cases = 19,fault = 45&47&48&49&50&51&52,
FAIL;184:edges = 224,fail_cases = 20,fault = 48&49&50&51&52&53,
SUCCESS;185:edges = 226,fail_cases = 20,fault = 54,
SUCCESS;186:edges = 227,fail_cases = 20,fault = 48&54,
SUCCESS;187:edges = 228,fail_cases = 20,fault = 48&49&54,
SUCCESS;188:edges = 229,fail_cases = 20,fault = 45&46&48&49&54,
SUCCESS;189:edges = 230,fail_cases = 20,fault = 45&46&48&49&51&54,
SUCCESS;190:edges = 231,fail_cases = 20,fault = 48&49&50&51&53&54,
SUCCESS;191:edges = 233,fail_cases = 20,fault = 55&54,
SUCCESS;192:edges = 234,fail_cases = 20,fault = 55&48&54,
SUCCESS;193:edges = 235,fail_cases = 20,fault = 55&48&49&54,
SUCCESS;194:edges = 236,fail_cases = 20,fault = 55&45&46&48&49&54,
SUCCESS;195:edges = 237,fail_cases = 20,fault = 55&45&46&48&49&51&54,
SUCCESS;196:edges = 238,fail_cases = 20,fault = 55&48&49&50&51&53&54,
SUCCESS;197:edges = 240,fail_cases = 20,fault = 55&57&54,
SUCCESS;198:edges = 241,fail_cases = 20,fault = 55&57&48&54,
SUCCESS;199:edges = 242,fail_cases = 20,fault = 55&57&48&49&54,
SUCCESS;200:edges = 243,fail_cases = 20,fault = 55&45&57&46&48&49&54,
SUCCESS;201:edges = 244,fail_cases = 20,fault = 55&45&57&46&48&49&51&54,
SUCCESS;202:edges = 245,fail_cases = 20,fault = 55&57&48&49&50&51&53&54,
SUCCESS;203:edges = 248,fail_cases = 20,fault = 55&57&58&54,
SUCCESS;204:edges = 249,fail_cases = 20,fault = 55&57&58&48&54,
SUCCESS;205:edges = 250,fail_cases = 20,fault = 55&57&58&48&49&54,
SUCCESS;206:edges = 251,fail_cases = 20,fault = 55&45&57&46&58&48&49&54,
SUCCESS;207:edges = 252,fail_cases = 20,fault = 55&45&57&46&58&48&49&51&54,
SUCCESS;208:edges = 253,fail_cases = 20,fault = 55&57&58&48&49&50&51&53&54,
FAIL;209:edges = 253,fail_cases = 21,fault = 55&56&57&58&54,
SUCCESS;210:edges = 255,fail_cases = 21,fault = 55&57&58&59&54,
SUCCESS;211:edges = 257,fail_cases = 21,fault = 55&57&58&59&60&54,
SUCCESS;212:edges = 258,fail_cases = 21,fault = 56&64,
SUCCESS;213:edges = 259,fail_cases = 21,fault = 56&59&64,
SUCCESS;214:edges = 261,fail_cases = 21,fault = 55&57&58&59&60&61&54,
SUCCESS;215:edges = 263,fail_cases = 21,fault = 55&57&58&59&60&61&62&54,
SUCCESS;216:edges = 264,fail_cases = 21,fault = 56&59&60&64,
SUCCESS;217:edges = 265,fail_cases = 21,fault = 56&59&60&61&64,
SUCCESS;218:edges = 266,fail_cases = 21,fault = 56&59&60&61&62&64,
FAIL;219:edges = 266,fail_cases = 22,fault = 55&57&58&59&60&61&62&63&54,
SUCCESS;220:edges = 267,fail_cases = 22,fault = 56&64&54,
SUCCESS;221:edges = 268,fail_cases = 22,fault = 55&56&64&54,
SUCCESS;222:edges = 269,fail_cases = 22,fault = 55&56&57&64&54,
SUCCESS;223:edges = 270,fail_cases = 22,fault = 56&59&64&54,
SUCCESS;224:edges = 271,fail_cases = 22,fault = 55&56&59&64&54,
SUCCESS;225:edges = 272,fail_cases = 22,fault = 55&56&57&59&64&54,
SUCCESS;226:edges = 273,fail_cases = 22,fault = 56&59&60&64&54,
SUCCESS;227:edges = 274,fail_cases = 22,fault = 56&59&60&61&64&54,
SUCCESS;228:edges = 275,fail_cases = 22,fault = 55&56&59&60&64&54,
SUCCESS;229:edges = 276,fail_cases = 22,fault = 56&59&60&61&62&64&54,
SUCCESS;230:edges = 277,fail_cases = 22,fault = 55&56&57&59&60&64&54,
SUCCESS;231:edges = 278,fail_cases = 22,fault = 55&56&59&60&61&64&54,
SUCCESS;232:edges = 279,fail_cases = 22,fault = 55&56&57&59&60&61&64&54,
SUCCESS;233:edges = 280,fail_cases = 22,fault = 55&56&59&60&61&62&64&54,
SUCCESS;234:edges = 281,fail_cases = 22,fault = 55&56&57&59&60&61&62&64&54,
FAIL;235:edges = 281,fail_cases = 23,fault = 59&60&61&62&63&64,
SUCCESS;236:edges = 283,fail_cases = 23,fault = 65,
SUCCESS;237:edges = 284,fail_cases = 23,fault = 55&57&58&65&54,
SUCCESS;238:edges = 285,fail_cases = 23,fault = 55&57&58&59&65&54,
SUCCESS;239:edges = 286,fail_cases = 23,fault = 55&57&58&59&60&65&54,
SUCCESS;240:edges = 287,fail_cases = 23,fault = 55&57&58&59&60&61&65&54,
SUCCESS;241:edges = 288,fail_cases = 23,fault = 55&57&58&59&60&61&62&65&54,
SUCCESS;242:edges = 290,fail_cases = 23,fault = 66&65,
SUCCESS;243:edges = 291,fail_cases = 23,fault = 66&55&57&58&65&54,
SUCCESS;244:edges = 292,fail_cases = 23,fault = 66&55&57&58&59&65&54,
SUCCESS;245:edges = 293,fail_cases = 23,fault = 66&55&57&58&59&60&65&54,
SUCCESS;246:edges = 294,fail_cases = 23,fault = 66&55&57&58&59&60&61&65&54,
SUCCESS;247:edges = 296,fail_cases = 23,fault = 66&55&57&58&59&60&61&62&65&54,
SUCCESS;248:edges = 298,fail_cases = 23,fault = 66&55&57&68&58&59&60&61&62&65&54,
SUCCESS;249:edges = 300,fail_cases = 23,fault = 66&55&57&68&58&69&59&60&61&62&65&54,
SUCCESS;250:edges = 302,fail_cases = 23,fault = 66&55&57&68&58&69&59&70&60&61&62&65&54,
SUCCESS;251:edges = 304,fail_cases = 23,fault = 66&55&57&68&58&69&59&70&60&71&61&62&65&54,
FAIL;252:edges = 304,fail_cases = 24,fault = 66&55&57&68&58&69&59&70&60&71&61&72&62&65&54,
SUCCESS;253:edges = 305,fail_cases = 24,fault = 66&67&63&65,
SUCCESS;254:edges = 306,fail_cases = 24,fault = 66&55&67&57&58&63&65&54,
SUCCESS;255:edges = 307,fail_cases = 24,fault = 66&55&67&57&58&59&63&65&54,
SUCCESS;256:edges = 308,fail_cases = 24,fault = 66&55&67&57&58&59&61&63&65&54,
SUCCESS;257:edges = 309,fail_cases = 24,fault = 66&55&67&57&58&59&61&62&63&65&54,
SUCCESS;258:edges = 310,fail_cases = 24,fault = 66&55&67&57&58&69&59&61&62&63&65&54,
SUCCESS;259:edges = 311,fail_cases = 24,fault = 66&55&67&57&58&69&59&70&61&62&63&65&54,
SUCCESS;260:edges = 312,fail_cases = 24,fault = 66&55&67&57&58&69&59&70&71&61&62&63&65&54,
FAIL;261:edges = 312,fail_cases = 25,fault = 66&55&67&57&58&69&59&70&71&61&72&62&63&65&54,
FAIL;262:edges = 312,fail_cases = 26,fault = 66&68&69&59&70&60&71&61&72&62&64&65,
SUCCESS;263:edges = 313,fail_cases = 26,fault = 66&67&68&60&63&65,
SUCCESS;264:edges = 314,fail_cases = 26,fault = 66&55&67&68&57&58&60&63&65&54,
SUCCESS;265:edges = 315,fail_cases = 26,fault = 66&55&67&68&57&58&59&60&63&65&54,
SUCCESS;266:edges = 316,fail_cases = 26,fault = 66&55&67&68&57&58&59&60&61&63&65&54,
FAIL;267:edges = 316,fail_cases = 27,fault = 66&67&69&59&70&71&61&72&62&63&64&65,
SUCCESS;268:edges = 317,fail_cases = 27,fault = 66&67&68&69&60&63&65,
SUCCESS;269:edges = 318,fail_cases = 27,fault = 66&55&67&68&57&69&58&60&63&65&54,
SUCCESS;270:edges = 319,fail_cases = 27,fault = 66&55&67&68&57&69&58&59&60&63&65&54,
SUCCESS;271:edges = 320,fail_cases = 27,fault = 66&55&67&68&57&69&58&59&60&62&63&65&54,
SUCCESS;272:edges = 321,fail_cases = 27,fault = 66&55&67&68&57&69&58&59&60&71&62&63&65&54,
FAIL;273:edges = 321,fail_cases = 28,fault = 66&55&67&68&57&69&58&59&60&71&72&62&63&65&54,
FAIL;274:edges = 321,fail_cases = 29,fault = 66&67&68&69&59&60&71&72&62&63&64&65,
SUCCESS;275:edges = 322,fail_cases = 29,fault = 66&67&68&69&70&60&61&63&65,
SUCCESS;276:edges = 323,fail_cases = 29,fault = 66&55&67&68&57&69&58&70&60&61&63&65&54,
SUCCESS;277:edges = 324,fail_cases = 29,fault = 66&55&67&68&57&69&58&59&70&60&61&63&65&54,
SUCCESS;278:edges = 325,fail_cases = 29,fault = 66&67&68&69&70&71&60&61&63&65,
SUCCESS;279:edges = 326,fail_cases = 29,fault = 66&67&68&69&59&70&71&60&61&63&65,
FAIL;280:edges = 326,fail_cases = 30,fault = 66&67&68&69&59&70&71&60&61&62&63&65,
FAIL;281:edges = 326,fail_cases = 31,fault = 66&67&68&69&70&71&72&65,
SUCCESS;282:edges = 328,fail_cases = 31,fault = 74,
SUCCESS;283:edges = 329,fail_cases = 31,fault = 74&65,
SUCCESS;284:edges = 330,fail_cases = 31,fault = 66&74&65,
SUCCESS;285:edges = 331,fail_cases = 31,fault = 66&55&57&58&59&60&61&62&74&65&54,
SUCCESS;286:edges = 332,fail_cases = 31,fault = 66&55&57&68&58&59&60&61&62&74&65&54,
SUCCESS;287:edges = 333,fail_cases = 31,fault = 66&55&57&68&58&69&59&60&61&62&74&65&54,
SUCCESS;288:edges = 334,fail_cases = 31,fault = 66&55&67&57&58&69&59&70&61&62&74&63&65&54,
SUCCESS;289:edges = 335,fail_cases = 31,fault = 66&55&57&68&58&69&59&70&60&71&61&62&74&65&54,
SUCCESS;290:edges = 337,fail_cases = 31,fault = 74&75,
SUCCESS;291:edges = 338,fail_cases = 31,fault = 74&75&65,
SUCCESS;292:edges = 339,fail_cases = 31,fault = 66&74&75&65,
SUCCESS;293:edges = 340,fail_cases = 31,fault = 66&55&57&58&59&60&61&62&74&75&65&54,
SUCCESS;294:edges = 341,fail_cases = 31,fault = 66&55&67&57&58&59&61&62&74&63&75&65&54,
SUCCESS;295:edges = 342,fail_cases = 31,fault = 66&55&57&68&58&69&59&60&61&62&74&75&65&54,
SUCCESS;296:edges = 343,fail_cases = 31,fault = 66&55&67&57&58&69&59&70&61&62&74&63&75&65&54,
SUCCESS;297:edges = 344,fail_cases = 31,fault = 66&55&57&68&58&69&59&70&60&71&61&62&74&75&65&54,
SUCCESS;298:edges = 346,fail_cases = 31,fault = 77&74&75,
SUCCESS;299:edges = 347,fail_cases = 31,fault = 77&74&75&65,
SUCCESS;300:edges = 348,fail_cases = 31,fault = 77&66&74&75&65,
SUCCESS;301:edges = 349,fail_cases = 31,fault = 77&66&55&57&58&59&60&61&62&74&75&65&54,
SUCCESS;302:edges = 350,fail_cases = 31,fault = 77&66&55&57&68&58&59&60&61&62&74&75&65&54,
SUCCESS;303:edges = 351,fail_cases = 31,fault = 77&66&55&57&68&58&69&59&60&61&62&74&75&65&54,
SUCCESS;304:edges = 352,fail_cases = 31,fault = 77&66&55&67&57&58&69&59&70&61&62&74&63&75&65&54,
SUCCESS;305:edges = 353,fail_cases = 31,fault = 77&66&55&67&57&58&69&59&70&71&61&62&74&63&75&65&54,
SUCCESS;306:edges = 355,fail_cases = 31,fault = 77&78&74&75,
SUCCESS;307:edges = 356,fail_cases = 31,fault = 77&78&74&75&65,
SUCCESS;308:edges = 357,fail_cases = 31,fault = 77&66&78&74&75&65,
SUCCESS;309:edges = 358,fail_cases = 31,fault = 77&66&55&78&57&58&59&60&61&62&74&75&65&54,
SUCCESS;310:edges = 359,fail_cases = 31,fault = 77&66&55&78&57&68&58&59&60&61&62&74&75&65&54,
SUCCESS;311:edges = 360,fail_cases = 31,fault = 77&66&55&78&57&68&58&69&59&60&61&62&74&75&65&54,
SUCCESS;312:edges = 361,fail_cases = 31,fault = 77&66&55&78&57&68&58&69&59&70&60&61&62&74&75&65&54,
SUCCESS;313:edges = 362,fail_cases = 31,fault = 77&66&55&78&57&68&58&69&59&70&60&71&61&62&74&75&65&54,
SUCCESS;314:edges = 365,fail_cases = 31,fault = 77&78&79&74&75,
SUCCESS;315:edges = 366,fail_cases = 31,fault = 77&78&79&74&75&65,
SUCCESS;316:edges = 367,fail_cases = 31,fault = 66&81&65,
SUCCESS;317:edges = 368,fail_cases = 31,fault = 77&66&55&78&79&57&58&59&60&61&62&74&75&65&54,
SUCCESS;318:edges = 369,fail_cases = 31,fault = 66&55&67&57&58&59&81&61&62&63&65&54,
SUCCESS;319:edges = 370,fail_cases = 31,fault = 66&55&57&68&58&69&59&81&60&61&62&65&54,
SUCCESS;320:edges = 371,fail_cases = 31,fault = 66&55&67&68&57&69&58&59&81&60&62&63&65&54,
SUCCESS;321:edges = 372,fail_cases = 31,fault = 66&55&67&57&58&69&59&81&70&71&61&62&63&65&54,
FAIL;322:edges = 372,fail_cases = 32,fault = 77&78&79&82&74&75,
SUCCESS;323:edges = 374,fail_cases = 32,fault = 80&81,
SUCCESS;324:edges = 375,fail_cases = 32,fault = 77&78&79&80&74&75&65,
SUCCESS;325:edges = 376,fail_cases = 32,fault = 77&66&78&79&80&74&75&65,
SUCCESS;326:edges = 377,fail_cases = 32,fault = 66&55&57&58&59&80&81&60&61&62&65&54,
SUCCESS;327:edges = 378,fail_cases = 32,fault = 77&66&55&78&79&57&68&58&59&80&60&61&62&74&75&65&54,
SUCCESS;328:edges = 379,fail_cases = 32,fault = 66&55&57&68&58&69&59&80&81&60&61&62&65&54,
SUCCESS;329:edges = 380,fail_cases = 32,fault = 77&66&55&78&67&79&57&58&69&59&80&70&61&62&74&63&75&65&54,
SUCCESS;330:edges = 381,fail_cases = 32,fault = 77&66&55&78&67&79&68&57&69&58&59&80&60&71&62&74&63&75&65&54,
SUCCESS;331:edges = 383,fail_cases = 32,fault = 77&78&79&80&73&74&75,
SUCCESS;332:edges = 384,fail_cases = 32,fault = 80&81&73&65,
SUCCESS;333:edges = 385,fail_cases = 32,fault = 80&81&73&74&65,
SUCCESS;334:edges = 386,fail_cases = 32,fault = 80&81&73&74&75&65,
SUCCESS;335:edges = 387,fail_cases = 32,fault = 77&66&78&79&80&73&74&75&65,
SUCCESS;336:edges = 388,fail_cases = 32,fault = 77&66&55&78&79&57&58&59&80&60&61&73&62&74&75&65&54,
SUCCESS;337:edges = 389,fail_cases = 32,fault = 77&66&55&78&79&57&68&58&59&80&60&61&73&62&74&75&65&54,
SUCCESS;338:edges = 390,fail_cases = 32,fault = 77&66&55&78&67&79&57&58&69&59&80&61&73&62&74&63&75&65&54,
SUCCESS;339:edges = 391,fail_cases = 32,fault = 77&66&55&78&79&57&68&58&69&59&80&70&60&61&73&62&74&75&65&54,
SUCCESS;340:edges = 392,fail_cases = 32,fault = 77&66&55&78&67&79&57&58&69&59&80&70&71&61&73&62&74&63&75&65&54,
FAIL;341:edges = 392,fail_cases = 33,fault = 77&78&79&80&73&74&75&76,
SUCCESS;342:edges = 393,fail_cases = 33,fault = 80&81&73&74&75&76,
SUCCESS;343:edges = 394,fail_cases = 33,fault = 77&80&81&73&74&75&76,
SUCCESS;344:edges = 395,fail_cases = 33,fault = 77&78&80&81&73&74&75&76,
FAIL;345:edges = 395,fail_cases = 34,fault = 81&82,
SUCCESS;346:edges = 397,fail_cases = 34,fault = 83,
SUCCESS;347:edges = 398,fail_cases = 34,fault = 77&78&79&83&74&75,
SUCCESS;348:edges = 400,fail_cases = 34,fault = 83&84,
SUCCESS;349:edges = 401,fail_cases = 34,fault = 77&78&79&83&84&74&75,
SUCCESS;350:edges = 403,fail_cases = 34,fault = 83&84&85,
SUCCESS;351:edges = 404,fail_cases = 34,fault = 77&78&79&83&84&85&74&75,
SUCCESS;352:edges = 406,fail_cases = 34,fault = 83&84&85&86,
SUCCESS;353:edges = 407,fail_cases = 34,fault = 77&78&79&83&84&85&74&86&75,
SUCCESS;354:edges = 409,fail_cases = 34,fault = 83&84&85&86&87,
SUCCESS;355:edges = 410,fail_cases = 34,fault = 77&78&79&83&84&85&74&86&75&87,
SUCCESS;356:edges = 412,fail_cases = 34,fault = 88&83&84&85&86&87,
SUCCESS;357:edges = 413,fail_cases = 34,fault = 88&77&78&79&83&84&85&74&86&75&87,
FAIL;358:edges = 413,fail_cases = 35,fault = 88&89&83&84&85&86&87,
SUCCESS;359:edges = 415,fail_cases = 35,fault = 90,
SUCCESS;360:edges = 416,fail_cases = 35,fault = 90&83,
SUCCESS;361:edges = 417,fail_cases = 35,fault = 90&83&84,
SUCCESS;362:edges = 418,fail_cases = 35,fault = 90&83&84&85,
SUCCESS;363:edges = 419,fail_cases = 35,fault = 90&83&84&85&86,
SUCCESS;364:edges = 420,fail_cases = 35,fault = 90&83&84&85&86&87,
SUCCESS;365:edges = 421,fail_cases = 35,fault = 88&90&83&84&85&86&87,
SUCCESS;366:edges = 423,fail_cases = 35,fault = 90&91,
SUCCESS;367:edges = 424,fail_cases = 35,fault = 90&91&83,
SUCCESS;368:edges = 425,fail_cases = 35,fault = 90&91&83&84,
SUCCESS;369:edges = 426,fail_cases = 35,fault = 90&91&83&84&85,
SUCCESS;370:edges = 427,fail_cases = 35,fault = 90&91&83&84&85&86,
SUCCESS;371:edges = 428,fail_cases = 35,fault = 90&91&83&84&85&86&87,
SUCCESS;372:edges = 429,fail_cases = 35,fault = 88&90&91&83&84&85&86&87,
SUCCESS;373:edges = 431,fail_cases = 35,fault = 90&91&92,
SUCCESS;374:edges = 432,fail_cases = 35,fault = 90&91&92&83,
SUCCESS;375:edges = 433,fail_cases = 35,fault = 90&91&92&83&84,
SUCCESS;376:edges = 434,fail_cases = 35,fault = 90&91&92&83&84&85,
SUCCESS;377:edges = 435,fail_cases = 35,fault = 90&91&92&83&84&85&86,
SUCCESS;378:edges = 436,fail_cases = 35,fault = 90&91&92&83&84&85&86&87,
SUCCESS;379:edges = 437,fail_cases = 35,fault = 88&90&91&92&83&84&85&86&87,
SUCCESS;380:edges = 439,fail_cases = 35,fault = 90&91&92&93,
SUCCESS;381:edges = 440,fail_cases = 35,fault = 90&91&92&93&83,
SUCCESS;382:edges = 441,fail_cases = 35,fault = 90&91&92&93&83&84,
SUCCESS;383:edges = 442,fail_cases = 35,fault = 90&91&92&93&83&84&85,
SUCCESS;384:edges = 443,fail_cases = 35,fault = 90&91&92&93&83&84&85&86,
SUCCESS;385:edges = 444,fail_cases = 35,fault = 88&90&91&92&93&83&84&85&86,
FAIL;386:edges = 444,fail_cases = 36,fault = 88&89&90&91&92&93&83&84&85&86,
FAIL;387:edges = 444,fail_cases = 37,fault = 90&91&92&93&94,
SUCCESS;388:edges = 446,fail_cases = 37,fault = 96,
SUCCESS;389:edges = 447,fail_cases = 37,fault = 90&96,
SUCCESS;390:edges = 448,fail_cases = 37,fault = 90&91&96,
SUCCESS;391:edges = 449,fail_cases = 37,fault = 90&91&92&96,
SUCCESS;392:edges = 450,fail_cases = 37,fault = 90&91&92&93&96,
SUCCESS;393:edges = 452,fail_cases = 37,fault = 96&97,
SUCCESS;394:edges = 453,fail_cases = 37,fault = 90&96&97,
SUCCESS;395:edges = 454,fail_cases = 37,fault = 90&91&96&97,
SUCCESS;396:edges = 455,fail_cases = 37,fault = 90&91&92&96&97,
SUCCESS;397:edges = 456,fail_cases = 37,fault = 90&91&92&93&96&97,
SUCCESS;398:edges = 458,fail_cases = 37,fault = 96&97&98,
SUCCESS;399:edges = 459,fail_cases = 37,fault = 90&96&97&98,
SUCCESS;400:edges = 460,fail_cases = 37,fault = 90&91&96&97&98,
SUCCESS;401:edges = 461,fail_cases = 37,fault = 90&91&92&96&97&98,
SUCCESS;402:edges = 462,fail_cases = 37,fault = 90&91&92&93&96&97&98,
SUCCESS;403:edges = 464,fail_cases = 37,fault = 99&96&97&98,
SUCCESS;404:edges = 465,fail_cases = 37,fault = 99&90&96&97&98,
SUCCESS;405:edges = 466,fail_cases = 37,fault = 99&90&91&96&97&98,
SUCCESS;406:edges = 467,fail_cases = 37,fault = 99&90&91&92&96&97&98,
SUCCESS;407:edges = 468,fail_cases = 37,fault = 99&90&91&92&93&96&97&98,
SUCCESS;408:edges = 470,fail_cases = 37,fault = 99&100&96&97&98,
SUCCESS;409:edges = 471,fail_cases = 37,fault = 99&100&90&96&97&98,
SUCCESS;410:edges = 472,fail_cases = 37,fault = 99&100&90&91&96&97&98,
SUCCESS;411:edges = 473,fail_cases = 37,fault = 99&100&90&91&92&96&97&98,
SUCCESS;412:edges = 475,fail_cases = 37,fault = 99&88&89&100&90&91&92&83&84&96&85&97&86&98,
SUCCESS;413:edges = 477,fail_cases = 37,fault = 99&88&89&100&102&90&91&92&83&84&96&85&97&86&98,
FAIL;414:edges = 477,fail_cases = 38,fault = 99&88&89&100&102&90&91&92&83&84&95&96&85&97&86&98,
SUCCESS;415:edges = 478,fail_cases = 38,fault = 99&100&101&93&96&97&98,
SUCCESS;416:edges = 479,fail_cases = 38,fault = 99&100&101&102&93&96&97&98,
SUCCESS;417:edges = 480,fail_cases = 38,fault = 99&100&101&91&93&95&96&97&98,
SUCCESS;418:edges = 481,fail_cases = 38,fault = 99&100&101&90&91&92&93&96&97&98,
FAIL;419:edges = 481,fail_cases = 39,fault = 99&88&89&100&101&91&92&93&83&84&95&96&85&97&86&98,
FAIL;420:edges = 481,fail_cases = 40,fault = 99&100&101&91&92&93&94&95&96&97&98,
SUCCESS;421:edges = 482,fail_cases = 40,fault = 99&100&101&102&90&93&96&97&98,
SUCCESS;422:edges = 483,fail_cases = 40,fault = 99&100&101&102&90&91&93&96&97&98,
SUCCESS;423:edges = 484,fail_cases = 40,fault = 99&100&101&102&90&91&92&93&96&97&98,
FAIL;424:edges = 484,fail_cases = 41,fault = 99&100&102&90&91&92&94&95&96&97&98,
FAIL;425:edges = 484,fail_cases = 42,fault = 99&100&101&102&95&96&97&98,
SUCCESS;426:edges = 486,fail_cases = 42,fault = 103,
SUCCESS;427:edges = 487,fail_cases = 42,fault = 103&97,
SUCCESS;428:edges = 488,fail_cases = 42,fault = 103&97&98,
SUCCESS;429:edges = 489,fail_cases = 42,fault = 99&103&97&98,
SUCCESS;430:edges = 490,fail_cases = 42,fault = 99&100&103&97&98,
SUCCESS;431:edges = 491,fail_cases = 42,fault = 99&88&89&100&103&90&91&92&83&84&85&97&86&98,
SUCCESS;432:edges = 492,fail_cases = 42,fault = 99&88&89&100&102&103&90&91&92&83&84&85&97&86&98,
SUCCESS;433:edges = 494,fail_cases = 42,fault = 99&88&89&100&101&103&91&92&93&83&84&95&85&97&86&98,
SUCCESS;434:edges = 496,fail_cases = 42,fault = 99&88&89&100&102&103&90&106&91&92&83&84&95&85&97&86&98,
SUCCESS;435:edges = 498,fail_cases = 42,fault = 99&88&89&100&102&103&90&106&91&107&92&83&84&95&85&97&86&98,
SUCCESS;436:edges = 501,fail_cases = 42,fault = 99&88&89&100&101&103&106&91&107&92&108&93&83&84&95&85&97&86&98,
SUCCESS;437:edges = 503,fail_cases = 42,fault = 99&88&89&110&100&101&103&106&91&107&92&108&93&83&84&95&85&97&86&98,
FAIL;438:edges = 503,fail_cases = 43,fault = 99&88&89&110&100&111&101&103&106&91&107&92&108&93&83&84&95&85&97&86&98,
FAIL;439:edges = 503,fail_cases = 44,fault = 99&88&89&110&100&111&102&103&90&106&91&107&92&108&83&84&95&85&97&86&98,
FAIL;440:edges = 503,fail_cases = 45,fault = 99&88&89&100&101&103&104&106&91&107&92&108&93&83&84&95&85&97&86&98,
FAIL;441:edges = 503,fail_cases = 46,fault = 99&88&89&100&102&103&104&90&106&91&107&92&108&83&84&95&85&97&86&98,
FAIL;442:edges = 503,fail_cases = 47,fault = 99&110&100&111&101&103&106&91&107&92&108&93&94&95&97&98,
FAIL;443:edges = 503,fail_cases = 48,fault = 99&100&102&103&104&90&106&91&107&92&108&94&95&97&98,
FAIL;444:edges = 503,fail_cases = 49,fault = 99&110&100&111&102&103&90&106&91&107&92&108&94&95&97&98,
FAIL;445:edges = 503,fail_cases = 50,fault = 99&100&101&103&104&106&91&107&92&108&93&94&95&97&98,
FAIL;446:edges = 503,fail_cases = 51,fault = 99&110&100&111&101&102&103&106&107&108&95&97&98,
SUCCESS;447:edges = 504,fail_cases = 51,fault = 109&96,
SUCCESS;448:edges = 505,fail_cases = 51,fault = 103&109&96,
SUCCESS;449:edges = 506,fail_cases = 51,fault = 110&111&103&105&96,
SUCCESS;450:edges = 507,fail_cases = 51,fault = 110&111&103&105&106&96,
SUCCESS;451:edges = 508,fail_cases = 51,fault = 110&111&103&105&106&107&96,
FAIL;452:edges = 508,fail_cases = 52,fault = 99&100&101&102&103&104&106&107&108&95&97&98,
SUCCESS;453:edges = 509,fail_cases = 52,fault = 110&109&96&97,
SUCCESS;454:edges = 510,fail_cases = 52,fault = 103&104&105&96&97,
SUCCESS;455:edges = 511,fail_cases = 52,fault = 110&111&103&105&106&96&97,
SUCCESS;456:edges = 512,fail_cases = 52,fault = 110&111&103&105&106&107&96&97,
SUCCESS;457:edges = 513,fail_cases = 52,fault = 110&109&96&97&98,
SUCCESS;458:edges = 514,fail_cases = 52,fault = 110&111&103&105&96&97&98,
SUCCESS;459:edges = 515,fail_cases = 52,fault = 99&103&105&96&97&98,
SUCCESS;460:edges = 516,fail_cases = 52,fault = 99&103&109&96&97&98,
SUCCESS;461:edges = 517,fail_cases = 52,fault = 110&99&100&109&96&97&98,
SUCCESS;462:edges = 518,fail_cases = 52,fault = 99&88&89&100&103&105&90&91&92&83&84&96&85&97&86&98,
SUCCESS;463:edges = 519,fail_cases = 52,fault = 99&88&89&100&101&103&105&91&92&93&83&84&96&85&97&86&98,
SUCCESS;464:edges = 520,fail_cases = 52,fault = 99&88&89&110&100&111&103&105&91&92&93&83&84&95&96&85&97&86&98,
SUCCESS;465:edges = 521,fail_cases = 52,fault = 99&88&89&100&103&105&106&90&91&92&83&84&96&85&97&86&98,
SUCCESS;466:edges = 522,fail_cases = 52,fault = 88&89&110&111&103&105&106&91&92&93&83&84&96&85&97&86&98,
SUCCESS;467:edges = 523,fail_cases = 52,fault = 99&88&89&100&103&90&91&92&109&83&84&96&85&97&86&98,
SUCCESS;468:edges = 524,fail_cases = 52,fault = 99&88&89&110&100&102&90&91&92&109&83&84&96&85&97&86&98,
SUCCESS;469:edges = 525,fail_cases = 52,fault = 99&88&89&110&111&103&105&106&91&92&93&83&84&96&85&97&86&98,
SUCCESS;470:edges = 526,fail_cases = 52,fault = 99&88&89&100&103&104&105&106&91&92&93&83&84&96&85&97&86&98,
SUCCESS;471:edges = 527,fail_cases = 52,fault = 99&88&89&100&101&103&104&105&106&91&92&93&83&84&96&85&97&86&98,
SUCCESS;472:edges = 528,fail_cases = 52,fault = 103&104&105&106&107&96&97&98,
SUCCESS;473:edges = 529,fail_cases = 52,fault = 99&110&111&103&105&106&107&96&97&98,
SUCCESS;474:edges = 530,fail_cases = 52,fault = 99&110&100&111&103&105&106&107&96&97&98,
SUCCESS;475:edges = 531,fail_cases = 52,fault = 99&88&89&110&100&111&103&105&106&90&107&91&92&83&84&96&85&97&86&98,
SUCCESS;476:edges = 532,fail_cases = 52,fault = 99&88&89&110&100&111&102&103&105&106&90&107&91&92&83&84&96&85&97&86&98,
SUCCESS;477:edges = 533,fail_cases = 52,fault = 110&104&109,
SUCCESS;478:edges = 534,fail_cases = 52,fault = 99&88&89&110&100&101&104&91&92&109&93&83&84&95&85&97&86&98,
SUCCESS;479:edges = 535,fail_cases = 52,fault = 99&88&89&110&100&101&104&106&91&92&109&93&83&84&95&85&97&86&98,
SUCCESS;480:edges = 536,fail_cases = 52,fault = 99&88&89&100&101&103&104&106&91&107&92&109&93&83&84&95&85&97&86&98,
SUCCESS;481:edges = 537,fail_cases = 52,fault = 99&88&89&110&100&102&104&90&106&91&107&92&109&83&84&95&85&97&86&98,
FAIL;482:edges = 537,fail_cases = 53,fault = 99&88&89&110&100&102&104&90&106&91&107&92&108&109&83&84&95&85&97&86&98,
FAIL;483:edges = 537,fail_cases = 54,fault = 99&88&89&110&100&101&104&106&91&107&92&108&109&93&83&84&95&85&97&86&98,
FAIL;484:edges = 537,fail_cases = 55,fault = 99&110&100&102&104&90&106&91&107&92&108&109&94&95&97&98,
FAIL;485:edges = 537,fail_cases = 56,fault = 99&110&100&101&104&106&91&107&92&108&109&93&94&95&97&98,
FAIL;486:edges = 537,fail_cases = 57,fault = 99&110&100&101&102&104&106&107&108&109&95&97&98,
FAIL;487:edges = 537,fail_cases = 58,fault = 103&104&105&106&107&108,
FAIL;488:edges = 537,fail_cases = 59,fault = 110&111&103&105&106&107&108,
FAIL;489:edges = 537,fail_cases = 60,fault = 110&104&105&106&107&108&109,
SUCCESS;490:edges = 538,fail_cases = 60,fault = 111&103&104&108&109,
SUCCESS;491:edges = 539,fail_cases = 60,fault = 99&88&89&100&111&102&103&104&90&91&92&108&109&83&84&95&85&97&86&98,
SUCCESS;492:edges = 540,fail_cases = 60,fault = 99&88&89&100&111&101&103&104&106&91&92&108&109&93&83&84&95&85&97&86&98,
FAIL;493:edges = 540,fail_cases = 61,fault = 110&111&109,
SUCCESS;494:edges = 542,fail_cases = 61,fault = 112,
SUCCESS;495:edges = 543,fail_cases = 61,fault = 99&88&89&100&112&101&103&106&91&107&92&108&93&83&84&95&85&97&86&98,
SUCCESS;496:edges = 544,fail_cases = 61,fault = 99&88&89&110&100&112&101&103&106&91&107&92&108&93&83&84&95&85&97&86&98,
FAIL;497:edges = 544,fail_cases = 62,fault = 112&113,
SUCCESS;498:edges = 545,fail_cases = 62,fault = 114,
SUCCESS;499:edges = 546,fail_cases = 62,fault = 112&114,
FAIL;500:edges = 546,fail_cases = 63,fault = 114&115,