SUCCESS;0:edges = 19,fail_cases = 0,fault = ,
SUCCESS;1:edges = 20,fail_cases = 0,fault = 1,
SUCCESS;2:edges = 21,fail_cases = 0,fault = 1&2,
SUCCESS;3:edges = 22,fail_cases = 0,fault = 1&2&3,
SUCCESS;4:edges = 23,fail_cases = 0,fault = 1&2&3&4,
FAIL;5:edges = 23,fail_cases = 1,fault = 1&2&3&4&5,
SUCCESS;6:edges = 25,fail_cases = 1,fault = 6,
SUCCESS;7:edges = 26,fail_cases = 1,fault = 1&6,
SUCCESS;8:edges = 27,fail_cases = 1,fault = 1&2&6,
SUCCESS;9:edges = 28,fail_cases = 1,fault = 1&2&3&6,
SUCCESS;10:edges = 29,fail_cases = 1,fault = 1&2&3&4&6,
SUCCESS;11:edges = 31,fail_cases = 1,fault = 6&7,
SUCCESS;12:edges = 32,fail_cases = 1,fault = 1&6&7,
SUCCESS;13:edges = 33,fail_cases = 1,fault = 1&2&6&7,
SUCCESS;14:edges = 34,fail_cases = 1,fault = 1&2&3&6&7,
SUCCESS;15:edges = 35,fail_cases = 1,fault = 1&2&3&4&6&7,
FAIL;16:edges = 35,fail_cases = 2,fault = 6&7&8,
SUCCESS;17:edges = 37,fail_cases = 2,fault = 9,
SUCCESS;18:edges = 38,fail_cases = 2,fault = 6&9,
SUCCESS;19:edges = 39,fail_cases = 2,fault = 6&7&9,
SUCCESS;20:edges = 41,fail_cases = 2,fault = 9&10,
SUCCESS;21:edges = 42,fail_cases = 2,fault = 6&9&10,
SUCCESS;22:edges = 43,fail_cases = 2,fault = 6&7&9&10,
SUCCESS;23:edges = 45,fail_cases = 2,fault = 11&9&10,
SUCCESS;24:edges = 46,fail_cases = 2,fault = 11&6&9&10,
SUCCESS;25:edges = 47,fail_cases = 2,fault = 11&6&7&9&10,
FAIL;26:edges = 47,fail_cases = 3,fault = 11&12&9&10,
SUCCESS;27:edges = 49,fail_cases = 3,fault = 13,
SUCCESS;28:edges = 50,fail_cases = 3,fault = 13&9,
SUCCESS;29:edges = 51,fail_cases = 3,fault = 13&9&10,
SUCCESS;30:edges = 52,fail_cases = 3,fault = 11&13&9&10,
SUCCESS;31:edges = 54,fail_cases = 3,fault = 13&14,
SUCCESS;32:edges = 55,fail_cases = 3,fault = 13&14&9,
SUCCESS;33:edges = 56,fail_cases = 3,fault = 13&14&9&10,
SUCCESS;34:edges = 57,fail_cases = 3,fault = 11&13&14&9&10,
FAIL;35:edges = 57,fail_cases = 4,fault = 13&14&15,
SUCCESS;36:edges = 59,fail_cases = 4,fault = 16,
SUCCESS;37:edges = 60,fail_cases = 4,fault = 13&16,
SUCCESS;38:edges = 61,fail_cases = 4,fault = 13&14&16,
SUCCESS;39:edges = 63,fail_cases = 4,fault = 16&17,
SUCCESS;40:edges = 64,fail_cases = 4,fault = 13&16&17,
SUCCESS;41:edges = 65,fail_cases = 4,fault = 13&14&16&17,
SUCCESS;42:edges = 67,fail_cases = 4,fault = 16&17&18,
SUCCESS;43:edges = 68,fail_cases = 4,fault = 13&16&17&18,
SUCCESS;44:edges = 69,fail_cases = 4,fault = 13&14&16&17&18,
SUCCESS;45:edges = 71,fail_cases = 4,fault = 16&17&18&19,
SUCCESS;46:edges = 72,fail_cases = 4,fault = 14&16&17&18&19,
SUCCESS;47:edges = 74,fail_cases = 4,fault = 14&15&16&17&18&19,
SUCCESS;48:edges = 75,fail_cases = 4,fault = 13&16&17&18&19&20,
SUCCESS;49:edges = 76,fail_cases = 4,fault = 13&14&16&17&18&19&20,
SUCCESS;50:edges = 78,fail_cases = 4,fault = 14&15&16&17&18&19&21,
SUCCESS;51:edges = 79,fail_cases = 4,fault = 13&16&17&18&19&20&21,
SUCCESS;52:edges = 80,fail_cases = 4,fault = 13&14&16&17&18&19&20&21,
SUCCESS;53:edges = 82,fail_cases = 4,fault = 22&14&15&16&17&18&19&21,
FAIL;54:edges = 82,fail_cases = 5,fault = 22&23&14&15&16&17&18&19&21,
SUCCESS;55:edges = 83,fail_cases = 5,fault = 22&13&16&17&18&19&20&21,
SUCCESS;56:edges = 84,fail_cases = 5,fault = 22&13&14&16&17&18&19&20&21,
FAIL;57:edges = 84,fail_cases = 6,fault = 22&23&16&17&18&19&20&21,
SUCCESS;58:edges = 86,fail_cases = 6,fault = 24,
SUCCESS;59:edges = 87,fail_cases = 6,fault = 24&16,
SUCCESS;60:edges = 88,fail_cases = 6,fault = 24&16&17,
SUCCESS;61:edges = 89,fail_cases = 6,fault = 24&16&17&18,
SUCCESS;62:edges = 90,fail_cases = 6,fault = 24&16&17&18&19,
SUCCESS;63:edges = 91,fail_cases = 6,fault = 24&14&15&16&17&18&19,
SUCCESS;64:edges = 92,fail_cases = 6,fault = 24&14&15&16&17&18&19&21,
SUCCESS;65:edges = 93,fail_cases = 6,fault = 22&24&14&15&16&17&18&19&21,
SUCCESS;66:edges = 95,fail_cases = 6,fault = 24&25,
SUCCESS;67:edges = 96,fail_cases = 6,fault = 24&25&16,
SUCCESS;68:edges = 97,fail_cases = 6,fault = 24&25&16&17,
SUCCESS;69:edges = 98,fail_cases = 6,fault = 24&25&16&17&18,
SUCCESS;70:edges = 99,fail_cases = 6,fault = 24&25&16&17&18&19,
SUCCESS;71:edges = 100,fail_cases = 6,fault = 24&25&14&15&16&17&18&19,
SUCCESS;72:edges = 101,fail_cases = 6,fault = 24&25&14&15&16&17&18&19&21,
SUCCESS;73:edges = 102,fail_cases = 6,fault = 22&24&25&14&15&16&17&18&19&21,
SUCCESS;74:edges = 104,fail_cases = 6,fault = 24&25&26,
SUCCESS;75:edges = 105,fail_cases = 6,fault = 24&25&26&16,
SUCCESS;76:edges = 106,fail_cases = 6,fault = 24&25&26&16&17,
SUCCESS;77:edges = 107,fail_cases = 6,fault = 24&25&26&16&17&18,
SUCCESS;78:edges = 108,fail_cases = 6,fault = 24&25&26&16&17&18&19,
SUCCESS;79:edges = 109,fail_cases = 6,fault = 24&25&14&26&15&16&17&18&19,
SUCCESS;80:edges = 110,fail_cases = 6,fault = 24&25&14&26&15&16&17&18&19&21,
SUCCESS;81:edges = 111,fail_cases = 6,fault = 22&24&25&14&26&15&16&17&18&19&21,
SUCCESS;82:edges = 113,fail_cases = 6,fault = 24&25&26&27,
SUCCESS;83:edges = 114,fail_cases = 6,fault = 24&25&26&27&16,
SUCCESS;84:edges = 115,fail_cases = 6,fault = 24&25&26&27&16&17,
SUCCESS;85:edges = 116,fail_cases = 6,fault = 24&25&26&27&16&17&18,
SUCCESS;86:edges = 117,fail_cases = 6,fault = 24&25&26&27&16&17&18&19,
SUCCESS;87:edges = 118,fail_cases = 6,fault = 24&25&14&26&15&27&16&17&18&19,
SUCCESS;88:edges = 119,fail_cases = 6,fault = 24&25&14&26&15&27&16&17&18&19&21,
SUCCESS;89:edges = 120,fail_cases = 6,fault = 22&24&25&14&26&15&27&16&17&18&19&21,
SUCCESS;90:edges = 122,fail_cases = 6,fault = 24&25&26&27&28,
SUCCESS;91:edges = 123,fail_cases = 6,fault = 24&25&26&27&16&28,
SUCCESS;92:edges = 124,fail_cases = 6,fault = 24&25&26&27&16&28&17,
SUCCESS;93:edges = 125,fail_cases = 6,fault = 24&25&26&27&16&28&17&18,
SUCCESS;94:edges = 126,fail_cases = 6,fault = 24&25&14&26&15&27&16&28&17&18,
SUCCESS;95:edges = 127,fail_cases = 6,fault = 24&25&14&26&15&27&16&28&17&18&21,
SUCCESS;96:edges = 128,fail_cases = 6,fault = 22&24&25&14&26&15&27&16&28&17&18&21,
SUCCESS;97:edges = 130,fail_cases = 6,fault = 22&23&24&25&14&26&15&27&16&28&17&18&21,
FAIL;98:edges = 130,fail_cases = 7,fault = 22&23&24&25&14&26&15&27&16&28&17&18&30&21,
SUCCESS;99:edges = 131,fail_cases = 7,fault = 24&25&26&27&28&29&19,
SUCCESS;100:edges = 132,fail_cases = 7,fault = 24&25&26&27&16&28&29&19,
SUCCESS;101:edges = 133,fail_cases = 7,fault = 24&25&26&27&16&28&29&18&19,
SUCCESS;102:edges = 134,fail_cases = 7,fault = 24&25&14&26&15&27&16&28&29&18&19,
SUCCESS;103:edges = 135,fail_cases = 7,fault = 24&25&14&26&15&27&16&28&29&18&19&21,
SUCCESS;104:edges = 136,fail_cases = 7,fault = 22&24&25&14&26&15&27&16&28&29&18&19&21,
FAIL;105:edges = 136,fail_cases = 8,fault = 22&23&24&25&14&26&15&27&16&28&29&18&19&21,
FAIL;106:edges = 136,fail_cases = 9,fault = 22&23&24&25&26&27&16&28&17&18&30&20&21,
FAIL;107:edges = 136,fail_cases = 10,fault = 22&23&24&25&26&27&16&28&29&18&19&20&21,
FAIL;108:edges = 136,fail_cases = 11,fault = 24&25&26&27&28&29&30,
SUCCESS;109:edges = 138,fail_cases = 11,fault = 32,
SUCCESS;110:edges = 139,fail_cases = 11,fault = 24&32,
SUCCESS;111:edges = 140,fail_cases = 11,fault = 24&25&32,
SUCCESS;112:edges = 141,fail_cases = 11,fault = 24&25&26&32,
SUCCESS;113:edges = 142,fail_cases = 11,fault = 24&25&26&27&32,
SUCCESS;114:edges = 143,fail_cases = 11,fault = 24&25&26&27&28&32,
SUCCESS;115:edges = 144,fail_cases = 11,fault = 22&23&24&25&14&26&15&27&16&28&17&18&32&21,
SUCCESS;116:edges = 146,fail_cases = 11,fault = 33&32,
SUCCESS;117:edges = 147,fail_cases = 11,fault = 33&24&32,
SUCCESS;118:edges = 148,fail_cases = 11,fault = 33&24&25&32,
SUCCESS;119:edges = 149,fail_cases = 11,fault = 33&24&25&26&32,
SUCCESS;120:edges = 150,fail_cases = 11,fault = 33&24&25&26&27&32,
SUCCESS;121:edges = 151,fail_cases = 11,fault = 33&24&25&26&27&28&32,
SUCCESS;122:edges = 152,fail_cases = 11,fault = 33&22&23&24&25&14&26&15&27&16&28&17&18&32&21,
FAIL;123:edges = 152,fail_cases = 12,fault = 33&31&32,
SUCCESS;124:edges = 154,fail_cases = 12,fault = 34,
SUCCESS;125:edges = 155,fail_cases = 12,fault = 34&32,
SUCCESS;126:edges = 156,fail_cases = 12,fault = 33&34&32,
SUCCESS;127:edges = 158,fail_cases = 12,fault = 34&35,
SUCCESS;128:edges = 159,fail_cases = 12,fault = 34&35&32,
SUCCESS;129:edges = 160,fail_cases = 12,fault = 33&34&35&32,
SUCCESS;130:edges = 162,fail_cases = 12,fault = 34&35&36,
SUCCESS;131:edges = 163,fail_cases = 12,fault = 34&35&36&32,
SUCCESS;132:edges = 164,fail_cases = 12,fault = 33&34&35&36&32,
SUCCESS;133:edges = 166,fail_cases = 12,fault = 34&35&36&37,
SUCCESS;134:edges = 167,fail_cases = 12,fault = 34&35&36&37&32,
SUCCESS;135:edges = 168,fail_cases = 12,fault = 33&34&35&36&37&32,
FAIL;136:edges = 168,fail_cases = 13,fault = 34&35&36&37&38,
SUCCESS;137:edges = 170,fail_cases = 13,fault = 39,
SUCCESS;138:edges = 171,fail_cases = 13,fault = 34&39,
SUCCESS;139:edges = 172,fail_cases = 13,fault = 34&35&39,
SUCCESS;140:edges = 173,fail_cases = 13,fault = 34&35&36&39,
SUCCESS;141:edges = 174,fail_cases = 13,fault = 34&35&36&37&39,
SUCCESS;142:edges = 176,fail_cases = 13,fault = 39&40,
SUCCESS;143:edges = 177,fail_cases = 13,fault = 34&39&40,
SUCCESS;144:edges = 178,fail_cases = 13,fault = 34&35&39&40,
SUCCESS;145:edges = 179,fail_cases = 13,fault = 34&35&36&39&40,
SUCCESS;146:edges = 180,fail_cases = 13,fault = 34&35&36&37&39&40,
SUCCESS;147:edges = 182,fail_cases = 13,fault = 39&40&41,
SUCCESS;148:edges = 183,fail_cases = 13,fault = 34&39&40&41,
SUCCESS;149:edges = 184,fail_cases = 13,fault = 34&35&39&40&41,
SUCCESS;150:edges = 185,fail_cases = 13,fault = 34&35&36&39&40&41,
SUCCESS;151:edges = 186,fail_cases = 13,fault = 34&35&36&37&39&40&41,
SUCCESS;152:edges = 188,fail_cases = 13,fault = 39&40&41&42,
SUCCESS;153:edges = 189,fail_cases = 13,fault = 34&39&40&41&42,
SUCCESS;154:edges = 190,fail_cases = 13,fault = 34&35&39&40&41&42,
SUCCESS;155:edges = 191,fail_cases = 13,fault = 34&35&36&39&40&41&42,
SUCCESS;156:edges = 192,fail_cases = 13,fault = 34&35&36&37&39&40&41&42,
SUCCESS;157:edges = 194,fail_cases = 13,fault = 39&40&41&42&43,
SUCCESS;158:edges = 195,fail_cases = 13,fault = 34&39&40&41&42&43,
SUCCESS;159:edges = 196,fail_cases = 13,fault = 34&35&39&40&41&42&43,
SUCCESS;160:edges = 197,fail_cases = 13,fault = 34&35&36&39&40&41&42&43,
SUCCESS;161:edges = 198,fail_cases = 13,fault = 34&35&36&37&39&40&41&42&43,
SUCCESS;162:edges = 200,fail_cases = 13,fault = 44&39&40&41&42&43,
SUCCESS;163:edges = 201,fail_cases = 13,fault = 44&34&39&40&41&42&43,
SUCCESS;164:edges = 202,fail_cases = 13,fault = 44&34&35&39&40&41&42&43,
SUCCESS;165:edges = 203,fail_cases = 13,fault = 44&34&35&36&39&40&41&42&43,
SUCCESS;166:edges = 204,fail_cases = 13,fault = 44&34&35&36&37&39&40&41&42&43,
FAIL;167:edges = 204,fail_cases = 14,fault = 44&45&39&40&41&42&43,
SUCCESS;168:edges = 206,fail_cases = 14,fault = 48,
SUCCESS;169:edges = 207,fail_cases = 14,fault = 48&39,
SUCCESS;170:edges = 208,fail_cases = 14,fault = 48&39&40,
SUCCESS;171:edges = 209,fail_cases = 14,fault = 48&39&40&41,
SUCCESS;172:edges = 210,fail_cases = 14,fault = 48&39&40&41&42,
SUCCESS;173:edges = 211,fail_cases = 14,fault = 48&39&40&41&42&43,
SUCCESS;174:edges = 212,fail_cases = 14,fault = 44&48&39&40&41&42&43,
SUCCESS;175:edges = 214,fail_cases = 14,fault = 46&48,
SUCCESS;176:edges = 215,fail_cases = 14,fault = 46&48&39,
SUCCESS;177:edges = 216,fail_cases = 14,fault = 46&48&39&40,
SUCCESS;178:edges = 217,fail_cases = 14,fault = 46&48&39&40&41,
SUCCESS;179:edges = 218,fail_cases = 14,fault = 46&48&39&40&41&42,
SUCCESS;180:edges = 219,fail_cases = 14,fault = 46&48&39&40&41&42&43,
SUCCESS;181:edges = 220,fail_cases = 14,fault = 44&46&48&39&40&41&42&43,
FAIL;182:edges = 220,fail_cases = 15,fault = 46&47&48,
SUCCESS;183:edges = 222,fail_cases = 15,fault = 49,
SUCCESS;184:edges = 223,fail_cases = 15,fault = 48&49,
SUCCESS;185:edges = 224,fail_cases = 15,fault = 46&48&49,
SUCCESS;186:edges = 226,fail_cases = 15,fault = 49&50,
SUCCESS;187:edges = 227,fail_cases = 15,fault = 48&49&50,
SUCCESS;188:edges = 228,fail_cases = 15,fault = 46&48&49&50,
SUCCESS;189:edges = 230,fail_cases = 15,fault = 49&50&51,
SUCCESS;190:edges = 231,fail_cases = 15,fault = 48&49&50&51,
SUCCESS;191:edges = 232,fail_cases = 15,fault = 46&48&49&50&51,
SUCCESS;192:edges = 234,fail_cases = 15,fault = 49&50&51&52,
SUCCESS;193:edges = 235,fail_cases = 15,fault = 48&49&50&51&52,
SUCCESS;194:edges = 236,fail_cases = 15,fault = 46&48&49&50&51&52,
FAIL;195:edges = 236,fail_cases = 16,fault = 49&50&51&52&53,
SUCCESS;196:edges = 238,fail_cases = 16,fault = 54,
SUCCESS;197:edges = 239,fail_cases = 16,fault = 49&54,
SUCCESS;198:edges = 240,fail_cases = 16,fault = 49&50&54,
SUCCESS;199:edges = 241,fail_cases = 16,fault = 49&50&51&54,
SUCCESS;200:edges = 242,fail_cases = 16,fault = 49&50&51&52&54,
SUCCESS;201:edges = 244,fail_cases = 16,fault = 55&54,
SUCCESS;202:edges = 245,fail_cases = 16,fault = 55&49&54,
SUCCESS;203:edges = 246,fail_cases = 16,fault = 55&49&50&54,
SUCCESS;204:edges = 247,fail_cases = 16,fault = 55&49&50&51&54,
SUCCESS;205:edges = 248,fail_cases = 16,fault = 55&49&50&51&52&54,
SUCCESS;206:edges = 250,fail_cases = 16,fault = 55&56&54,
SUCCESS;207:edges = 251,fail_cases = 16,fault = 55&56&49&54,
SUCCESS;208:edges = 252,fail_cases = 16,fault = 55&56&49&50&54,
SUCCESS;209:edges = 253,fail_cases = 16,fault = 55&56&49&50&51&54,
SUCCESS;210:edges = 254,fail_cases = 16,fault = 55&56&49&50&51&52&54,
FAIL;211:edges = 254,fail_cases = 17,fault = 55&56&57&54,
SUCCESS;212:edges = 256,fail_cases = 17,fault = 58,
SUCCESS;213:edges = 257,fail_cases = 17,fault = 58&54,
SUCCESS;214:edges = 258,fail_cases = 17,fault = 55&58&54,
SUCCESS;215:edges = 259,fail_cases = 17,fault = 55&56&58&54,
SUCCESS;216:edges = 261,fail_cases = 17,fault = 58&59,
SUCCESS;217:edges = 262,fail_cases = 17,fault = 58&59&54,
SUCCESS;218:edges = 263,fail_cases = 17,fault = 55&58&59&54,
SUCCESS;219:edges = 264,fail_cases = 17,fault = 55&56&58&59&54,
SUCCESS;220:edges = 266,fail_cases = 17,fault = 58&59&60,
SUCCESS;221:edges = 267,fail_cases = 17,fault = 58&59&60&54,
SUCCESS;222:edges = 268,fail_cases = 17,fault = 55&58&59&60&54,
SUCCESS;223:edges = 269,fail_cases = 17,fault = 55&56&58&59&60&54,
FAIL;224:edges = 269,fail_cases = 18,fault = 58&59&60&61,
SUCCESS;225:edges = 271,fail_cases = 18,fault = 64,
SUCCESS;226:edges = 272,fail_cases = 18,fault = 58&64,
SUCCESS;227:edges = 273,fail_cases = 18,fault = 58&59&64,
SUCCESS;228:edges = 274,fail_cases = 18,fault = 58&59&60&64,
SUCCESS;229:edges = 276,fail_cases = 18,fault = 64&65,
SUCCESS;230:edges = 277,fail_cases = 18,fault = 58&64&65,
SUCCESS;231:edges = 278,fail_cases = 18,fault = 58&59&64&65,
SUCCESS;232:edges = 279,fail_cases = 18,fault = 58&59&60&64&65,
SUCCESS;233:edges = 281,fail_cases = 18,fault = 66&64&65,
SUCCESS;234:edges = 282,fail_cases = 18,fault = 66&58&64&65,
SUCCESS;235:edges = 283,fail_cases = 18,fault = 66&58&59&64&65,
SUCCESS;236:edges = 284,fail_cases = 18,fault = 66&58&59&60&64&65,
SUCCESS;237:edges = 286,fail_cases = 18,fault = 66&62&64&65,
SUCCESS;238:edges = 287,fail_cases = 18,fault = 66&58&62&64&65,
SUCCESS;239:edges = 288,fail_cases = 18,fault = 66&58&59&62&64&65,
SUCCESS;240:edges = 289,fail_cases = 18,fault = 66&58&59&60&62&64&65,
FAIL;241:edges = 289,fail_cases = 19,fault = 66&62&63&64&65,
SUCCESS;242:edges = 291,fail_cases = 19,fault = 67,
SUCCESS;243:edges = 292,fail_cases = 19,fault = 67&64,
SUCCESS;244:edges = 293,fail_cases = 19,fault = 67&64&65,
SUCCESS;245:edges = 294,fail_cases = 19,fault = 66&67&64&65,
SUCCESS;246:edges = 295,fail_cases = 19,fault = 66&67&62&64&65,
SUCCESS;247:edges = 297,fail_cases = 19,fault = 67&68,
SUCCESS;248:edges = 298,fail_cases = 19,fault = 67&68&64,
SUCCESS;249:edges = 299,fail_cases = 19,fault = 67&68&64&65,
SUCCESS;250:edges = 300,fail_cases = 19,fault = 66&67&68&64&65,
SUCCESS;251:edges = 301,fail_cases = 19,fault = 66&67&68&62&64&65,
SUCCESS;252:edges = 303,fail_cases = 19,fault = 67&68&69,
SUCCESS;253:edges = 304,fail_cases = 19,fault = 67&68&69&64,
SUCCESS;254:edges = 305,fail_cases = 19,fault = 67&68&69&64&65,
SUCCESS;255:edges = 306,fail_cases = 19,fault = 66&67&68&69&64&65,
SUCCESS;256:edges = 307,fail_cases = 19,fault = 66&67&68&69&62&64&65,
SUCCESS;257:edges = 309,fail_cases = 19,fault = 67&68&69&70,
SUCCESS;258:edges = 310,fail_cases = 19,fault = 67&68&69&70&64,
SUCCESS;259:edges = 311,fail_cases = 19,fault = 67&68&69&70&64&65,
SUCCESS;260:edges = 312,fail_cases = 19,fault = 66&67&68&69&70&64&65,
SUCCESS;261:edges = 313,fail_cases = 19,fault = 66&67&68&69&70&62&64&65,
SUCCESS;262:edges = 315,fail_cases = 19,fault = 67&68&69&70&71,
SUCCESS;263:edges = 316,fail_cases = 19,fault = 67&68&69&70&71&64,
SUCCESS;264:edges = 317,fail_cases = 19,fault = 67&68&69&70&71&64&65,
SUCCESS;265:edges = 318,fail_cases = 19,fault = 66&67&68&69&70&71&64&65,
SUCCESS;266:edges = 319,fail_cases = 19,fault = 66&67&68&69&70&71&62&64&65,
FAIL;267:edges = 319,fail_cases = 20,fault = 67&68&69&70&71&72,
SUCCESS;268:edges = 321,fail_cases = 20,fault = 73,
SUCCESS;269:edges = 322,fail_cases = 20,fault = 67&73,
SUCCESS;270:edges = 323,fail_cases = 20,fault = 67&68&73,
SUCCESS;271:edges = 324,fail_cases = 20,fault = 67&68&69&73,
SUCCESS;272:edges = 325,fail_cases = 20,fault = 67&68&69&70&73,
SUCCESS;273:edges = 326,fail_cases = 20,fault = 67&68&69&70&71&73,
FAIL;274:edges = 326,fail_cases = 21,fault = 73&74,
SUCCESS;275:edges = 328,fail_cases = 21,fault = 80,
SUCCESS;276:edges = 329,fail_cases = 21,fault = 80&73,
SUCCESS;277:edges = 331,fail_cases = 21,fault = 80&75,
SUCCESS;278:edges = 332,fail_cases = 21,fault = 80&73&75,
SUCCESS;279:edges = 334,fail_cases = 21,fault = 80&75&76,
SUCCESS;280:edges = 335,fail_cases = 21,fault = 80&73&75&76,
SUCCESS;281:edges = 337,fail_cases = 21,fault = 77&80&75&76,
SUCCESS;282:edges = 338,fail_cases = 21,fault = 77&80&73&75&76,
SUCCESS;283:edges = 340,fail_cases = 21,fault = 77&78&80&75&76,
SUCCESS;284:edges = 341,fail_cases = 21,fault = 77&78&80&73&75&76,
FAIL;285:edges = 341,fail_cases = 22,fault = 77&78&79&80&75&76,
SUCCESS;286:edges = 343,fail_cases = 22,fault = 81,
SUCCESS;287:edges = 344,fail_cases = 22,fault = 80&81,
SUCCESS;288:edges = 345,fail_cases = 22,fault = 80&81&75,
SUCCESS;289:edges = 346,fail_cases = 22,fault = 80&81&75&76,
SUCCESS;290:edges = 347,fail_cases = 22,fault = 77&80&81&75&76,
SUCCESS;291:edges = 348,fail_cases = 22,fault = 77&78&80&81&75&76,
FAIL;292:edges = 348,fail_cases = 23,fault = 81&82,
SUCCESS;293:edges = 350,fail_cases = 23,fault = 83,
SUCCESS;294:edges = 351,fail_cases = 23,fault = 81&83,
SUCCESS;295:edges = 353,fail_cases = 23,fault = 83&84,
SUCCESS;296:edges = 354,fail_cases = 23,fault = 81&83&84,
SUCCESS;297:edges = 356,fail_cases = 23,fault = 83&84&85,
SUCCESS;298:edges = 357,fail_cases = 23,fault = 81&83&84&85,
SUCCESS;299:edges = 359,fail_cases = 23,fault = 83&84&85&86,
SUCCESS;300:edges = 360,fail_cases = 23,fault = 81&83&84&85&86,
SUCCESS;301:edges = 362,fail_cases = 23,fault = 83&84&85&86&87,
SUCCESS;302:edges = 363,fail_cases = 23,fault = 81&83&84&85&86&87,
FAIL;303:edges = 363,fail_cases = 24,fault = 88&83&84&85&86&87,
SUCCESS;304:edges = 364,fail_cases = 24,fault = 89,
SUCCESS;305:edges = 365,fail_cases = 24,fault = 89&83,
SUCCESS;306:edges = 366,fail_cases = 24,fault = 89&83&84,
SUCCESS;307:edges = 367,fail_cases = 24,fault = 89&83&84&85,
SUCCESS;308:edges = 368,fail_cases = 24,fault = 89&83&84&85&86,
SUCCESS;309:edges = 369,fail_cases = 24,fault = 89&83&84&85&86&87,
SUCCESS;310:edges = 370,fail_cases = 24,fault = 89&90,
SUCCESS;311:edges = 371,fail_cases = 24,fault = 89&90&83,
SUCCESS;312:edges = 372,fail_cases = 24,fault = 89&90&83&84,
SUCCESS;313:edges = 373,fail_cases = 24,fault = 89&90&83&84&85,
SUCCESS;314:edges = 374,fail_cases = 24,fault = 89&90&83&84&85&86,
SUCCESS;315:edges = 375,fail_cases = 24,fault = 89&90&83&84&85&86&87,
SUCCESS;316:edges = 376,fail_cases = 24,fault = 89&90&91,
SUCCESS;317:edges = 377,fail_cases = 24,fault = 89&90&91&83,
SUCCESS;318:edges = 378,fail_cases = 24,fault = 89&90&91&83&84,
SUCCESS;319:edges = 379,fail_cases = 24,fault = 89&90&91&83&84&85,
SUCCESS;320:edges = 380,fail_cases = 24,fault = 89&90&91&83&84&85&86,
SUCCESS;321:edges = 381,fail_cases = 24,fault = 89&90&91&83&84&85&86&87,
FAIL;322:edges = 381,fail_cases = 25,fault = 89&90&91&92,