SUCCESS;0:edges = 3,fail_cases = 0,fault = ,
SUCCESS;1:edges = 4,fail_cases = 0,fault = 1,
SUCCESS;2:edges = 5,fail_cases = 0,fault = 1&2,
SUCCESS;3:edges = 6,fail_cases = 0,fault = 1&2&3,
SUCCESS;4:edges = 7,fail_cases = 0,fault = 1&2&3&4,
SUCCESS;5:edges = 8,fail_cases = 0,fault = 1&2&3&4&5,
FAIL;6:edges = 8,fail_cases = 1,fault = 1&2&3&4&5&6,
SUCCESS;7:edges = 10,fail_cases = 1,fault = 7,
SUCCESS;8:edges = 11,fail_cases = 1,fault = 1&7,
SUCCESS;9:edges = 12,fail_cases = 1,fault = 1&2&7,
SUCCESS;10:edges = 13,fail_cases = 1,fault = 1&2&3&7,
SUCCESS;11:edges = 14,fail_cases = 1,fault = 1&2&3&4&7,
SUCCESS;12:edges = 15,fail_cases = 1,fault = 1&2&3&4&5&7,
SUCCESS;13:edges = 17,fail_cases = 1,fault = 7&8,
SUCCESS;14:edges = 18,fail_cases = 1,fault = 1&7&8,
SUCCESS;15:edges = 19,fail_cases = 1,fault = 1&2&7&8,
SUCCESS;16:edges = 20,fail_cases = 1,fault = 1&2&3&7&8,
SUCCESS;17:edges = 21,fail_cases = 1,fault = 1&2&3&4&7&8,
SUCCESS;18:edges = 22,fail_cases = 1,fault = 1&2&3&4&5&7&8,
SUCCESS;19:edges = 24,fail_cases = 1,fault = 7&8&9,
SUCCESS;20:edges = 25,fail_cases = 1,fault = 1&7&8&9,
SUCCESS;21:edges = 26,fail_cases = 1,fault = 1&2&7&8&9,
SUCCESS;22:edges = 27,fail_cases = 1,fault = 1&2&3&7&8&9,
SUCCESS;23:edges = 28,fail_cases = 1,fault = 1&2&3&4&7&8&9,
SUCCESS;24:edges = 30,fail_cases = 1,fault = 1&2&3&4&6&7&8&9,
SUCCESS;25:edges = 32,fail_cases = 1,fault = 11&1&2&3&4&6&7&8&9,
SUCCESS;26:edges = 34,fail_cases = 1,fault = 11&1&12&2&3&4&6&7&8&9,
SUCCESS;27:edges = 35,fail_cases = 1,fault = 5&7&8&9&10,
SUCCESS;28:edges = 36,fail_cases = 1,fault = 11&5&7&8&9&10,
SUCCESS;29:edges = 37,fail_cases = 1,fault = 1&5&7&8&9&10,
FAIL;30:edges = 37,fail_cases = 2,fault = 11&1&12&2&13&3&4&6&7&8&9,
SUCCESS;31:edges = 38,fail_cases = 2,fault = 11&1&5&7&8&9&10,
SUCCESS;32:edges = 39,fail_cases = 2,fault = 1&2&5&7&8&9&10,
SUCCESS;33:edges = 40,fail_cases = 2,fault = 11&1&2&5&7&8&9&10,
SUCCESS;34:edges = 41,fail_cases = 2,fault = 1&2&3&5&7&8&9&10,
SUCCESS;35:edges = 42,fail_cases = 2,fault = 1&2&3&4&5&7&8&9&10,
SUCCESS;36:edges = 43,fail_cases = 2,fault = 11&12&5&7&8&9&10,
SUCCESS;37:edges = 44,fail_cases = 2,fault = 11&12&1&5&7&8&9&10,
SUCCESS;38:edges = 45,fail_cases = 2,fault = 11&12&1&2&5&7&8&9&10,
SUCCESS;39:edges = 46,fail_cases = 2,fault = 11&1&2&3&5&7&8&9&10,
SUCCESS;40:edges = 47,fail_cases = 2,fault = 11&12&1&2&3&5&7&8&9&10,
SUCCESS;41:edges = 48,fail_cases = 2,fault = 11&1&2&3&4&5&7&8&9&10,
SUCCESS;42:edges = 49,fail_cases = 2,fault = 11&12&1&2&3&4&5&7&8&9&10,
FAIL;43:edges = 49,fail_cases = 3,fault = 11&12&13&7&8&9&10,
SUCCESS;44:edges = 51,fail_cases = 3,fault = 16,
SUCCESS;45:edges = 52,fail_cases = 3,fault = 16&7,
SUCCESS;46:edges = 53,fail_cases = 3,fault = 16&7&8,
SUCCESS;47:edges = 54,fail_cases = 3,fault = 16&7&8&9,
SUCCESS;48:edges = 55,fail_cases = 3,fault = 1&2&3&4&16&6&7&8&9,
SUCCESS;49:edges = 56,fail_cases = 3,fault = 11&1&2&3&4&16&6&7&8&9,
SUCCESS;50:edges = 57,fail_cases = 3,fault = 11&1&12&2&3&4&16&6&7&8&9,
SUCCESS;51:edges = 59,fail_cases = 3,fault = 16&17,
SUCCESS;52:edges = 60,fail_cases = 3,fault = 16&17&7,
SUCCESS;53:edges = 61,fail_cases = 3,fault = 16&17&7&8,
SUCCESS;54:edges = 62,fail_cases = 3,fault = 1&2&3&4&16&17&6&7&8,
SUCCESS;55:edges = 63,fail_cases = 3,fault = 11&1&2&3&4&16&17&6&7&8,
SUCCESS;56:edges = 64,fail_cases = 3,fault = 11&1&12&2&3&4&16&17&6&7&8,
SUCCESS;57:edges = 66,fail_cases = 3,fault = 11&1&12&2&13&3&4&16&17&6&7&8,
SUCCESS;58:edges = 68,fail_cases = 3,fault = 11&12&13&16&17&19&1&2&3&4&6&7&8,
FAIL;59:edges = 68,fail_cases = 4,fault = 11&12&13&14&16&17&19&1&2&3&4&6&7&8,
SUCCESS;60:edges = 69,fail_cases = 4,fault = 16&17&18&9,
SUCCESS;61:edges = 70,fail_cases = 4,fault = 16&17&18&19&9,
FAIL;62:edges = 70,fail_cases = 5,fault = 11&12&13&14&16&17&7&8&19&10,
SUCCESS;63:edges = 71,fail_cases = 5,fault = 16&17&18&7&9,
SUCCESS;64:edges = 72,fail_cases = 5,fault = 16&17&18&7&8&9,
SUCCESS;65:edges = 73,fail_cases = 5,fault = 16&17&18&7&19&9,
SUCCESS;66:edges = 74,fail_cases = 5,fault = 11&16&17&18&7&8&9,
SUCCESS;67:edges = 75,fail_cases = 5,fault = 16&17&18&7&19&8&9,
SUCCESS;68:edges = 76,fail_cases = 5,fault = 11&12&16&17&18&1&2&3&4&6&7&8&9,
SUCCESS;69:edges = 77,fail_cases = 5,fault = 1&2&3&4&16&17&6&18&7&19&8&9,
SUCCESS;70:edges = 78,fail_cases = 5,fault = 11&16&17&18&19&1&2&3&4&6&7&8&9,
SUCCESS;71:edges = 79,fail_cases = 5,fault = 11&12&16&17&18&19&1&2&3&4&6&7&8&9,
SUCCESS;72:edges = 81,fail_cases = 5,fault = 11&12&13&14&16&17&18&7&8&9,
SUCCESS;73:edges = 82,fail_cases = 5,fault = 1&2&14&3&4&16&17&6&18&19,
SUCCESS;74:edges = 83,fail_cases = 5,fault = 1&2&14&3&4&16&17&6&18&7&19,
SUCCESS;75:edges = 84,fail_cases = 5,fault = 1&2&14&3&4&16&17&6&18&7&19&8,
SUCCESS;76:edges = 85,fail_cases = 5,fault = 11&14&16&17&18&19&1&2&3&4&6&7&8,
SUCCESS;77:edges = 86,fail_cases = 5,fault = 11&12&14&16&17&18&19&1&2&3&4&6&7&8,
FAIL;78:edges = 86,fail_cases = 6,fault = 11&12&13&14&15&16&17&18&7&8&9,
FAIL;79:edges = 86,fail_cases = 7,fault = 14&15&16&17&18&19,
SUCCESS;80:edges = 87,fail_cases = 7,fault = 20,
SUCCESS;81:edges = 88,fail_cases = 7,fault = 16&20,
SUCCESS;82:edges = 89,fail_cases = 7,fault = 16&17&20,
SUCCESS;83:edges = 90,fail_cases = 7,fault = 11&12&13&16&17&1&2&3&4&6&7&8&20,
SUCCESS;84:edges = 91,fail_cases = 7,fault = 11&12&13&16&17&19&1&2&3&4&6&7&8&20,
SUCCESS;85:edges = 92,fail_cases = 7,fault = 11&12&13&14&16&17&18&7&8&9&20,
SUCCESS;86:edges = 93,fail_cases = 7,fault = 20&21,
SUCCESS;87:edges = 94,fail_cases = 7,fault = 16&20&21,
SUCCESS;88:edges = 95,fail_cases = 7,fault = 16&17&20&21,
SUCCESS;89:edges = 96,fail_cases = 7,fault = 11&12&13&16&17&1&2&3&4&6&7&8&20&21,
SUCCESS;90:edges = 97,fail_cases = 7,fault = 11&12&13&16&17&19&1&2&3&4&6&7&8&20&21,
SUCCESS;91:edges = 98,fail_cases = 7,fault = 11&12&13&14&16&17&18&7&8&9&20&21,
SUCCESS;92:edges = 99,fail_cases = 7,fault = 22&20&21,
SUCCESS;93:edges = 100,fail_cases = 7,fault = 22&16&20&21,
SUCCESS;94:edges = 101,fail_cases = 7,fault = 22&16&17&20&21,
SUCCESS;95:edges = 102,fail_cases = 7,fault = 22&11&12&13&16&17&1&2&3&4&6&7&8&20&21,
SUCCESS;96:edges = 103,fail_cases = 7,fault = 22&11&12&13&16&17&19&1&2&3&4&6&7&8&20&21,
SUCCESS;97:edges = 104,fail_cases = 7,fault = 22&11&12&13&14&16&17&18&7&8&9&20&21,
SUCCESS;98:edges = 105,fail_cases = 7,fault = 22&23&20&21,
SUCCESS;99:edges = 106,fail_cases = 7,fault = 22&23&16&20&21,
SUCCESS;100:edges = 107,fail_cases = 7,fault = 22&23&16&17&20&21,
SUCCESS;101:edges = 108,fail_cases = 7,fault = 22&11&23&12&13&16&17&1&2&3&4&6&7&8&20&21,
SUCCESS;102:edges = 109,fail_cases = 7,fault = 22&11&23&12&13&16&17&19&1&2&3&4&6&7&8&20&21,
SUCCESS;103:edges = 110,fail_cases = 7,fault = 22&11&23&12&13&14&16&17&18&7&8&9&20&21,
SUCCESS;104:edges = 111,fail_cases = 7,fault = 22&23&24&20&21,
SUCCESS;105:edges = 112,fail_cases = 7,fault = 22&23&24&16&20&21,
SUCCESS;106:edges = 113,fail_cases = 7,fault = 22&23&24&16&17&20&21,
SUCCESS;107:edges = 114,fail_cases = 7,fault = 22&11&23&12&24&13&16&17&1&2&3&4&6&7&8&20&21,
SUCCESS;108:edges = 115,fail_cases = 7,fault = 22&11&23&12&24&13&16&17&19&1&2&3&4&6&7&8&20&21,
SUCCESS;109:edges = 116,fail_cases = 7,fault = 22&11&23&12&24&13&14&16&17&18&7&8&9&20&21,
FAIL;110:edges = 116,fail_cases = 8,fault = 22&23&24&25&20&21,