SUCCESS;0:edges = 23,fail_cases = 0,fault = ,
SUCCESS;1:edges = 24,fail_cases = 0,fault = 1,
SUCCESS;2:edges = 25,fail_cases = 0,fault = 1&2,
SUCCESS;3:edges = 26,fail_cases = 0,fault = 1&2&3,
SUCCESS;4:edges = 27,fail_cases = 0,fault = 1&2&3&4,
SUCCESS;5:edges = 28,fail_cases = 0,fault = 1&2&3&4&5,
SUCCESS;6:edges = 29,fail_cases = 0,fault = 1&2&3&4&5&6,
SUCCESS;7:edges = 30,fail_cases = 0,fault = 1&2&3&4&5&6&7,
FAIL;8:edges = 30,fail_cases = 1,fault = 1&2&3&4&5&6&7&8,
SUCCESS;9:edges = 32,fail_cases = 1,fault = 9,
SUCCESS;10:edges = 33,fail_cases = 1,fault = 1&9,
SUCCESS;11:edges = 34,fail_cases = 1,fault = 1&2&9,
SUCCESS;12:edges = 35,fail_cases = 1,fault = 1&2&3&9,
SUCCESS;13:edges = 36,fail_cases = 1,fault = 1&2&3&4&9,
SUCCESS;14:edges = 37,fail_cases = 1,fault = 1&2&3&4&5&9,
SUCCESS;15:edges = 38,fail_cases = 1,fault = 1&2&3&4&5&6&9,
SUCCESS;16:edges = 39,fail_cases = 1,fault = 1&2&3&4&5&6&7&9,
SUCCESS;17:edges = 41,fail_cases = 1,fault = 9&10,
SUCCESS;18:edges = 42,fail_cases = 1,fault = 1&9&10,
SUCCESS;19:edges = 43,fail_cases = 1,fault = 1&2&9&10,
SUCCESS;20:edges = 44,fail_cases = 1,fault = 1&2&3&9&10,
SUCCESS;21:edges = 45,fail_cases = 1,fault = 1&2&3&4&9&10,
SUCCESS;22:edges = 46,fail_cases = 1,fault = 1&2&3&4&5&9&10,
SUCCESS;23:edges = 47,fail_cases = 1,fault = 1&2&3&4&5&6&9&10,
SUCCESS;24:edges = 48,fail_cases = 1,fault = 1&2&3&4&5&6&7&9&10,
SUCCESS;25:edges = 50,fail_cases = 1,fault = 11&9&10,
SUCCESS;26:edges = 51,fail_cases = 1,fault = 11&1&9&10,
SUCCESS;27:edges = 52,fail_cases = 1,fault = 11&1&2&9&10,
SUCCESS;28:edges = 53,fail_cases = 1,fault = 11&1&2&3&9&10,
SUCCESS;29:edges = 54,fail_cases = 1,fault = 11&1&2&3&4&9&10,
SUCCESS;30:edges = 55,fail_cases = 1,fault = 11&1&2&3&4&5&9&10,
SUCCESS;31:edges = 56,fail_cases = 1,fault = 11&1&2&3&4&5&6&9&10,
SUCCESS;32:edges = 57,fail_cases = 1,fault = 11&1&2&3&4&5&6&7&9&10,
SUCCESS;33:edges = 59,fail_cases = 1,fault = 11&12&9&10,
SUCCESS;34:edges = 60,fail_cases = 1,fault = 11&12&1&9&10,
SUCCESS;35:edges = 61,fail_cases = 1,fault = 11&12&1&2&9&10,
SUCCESS;36:edges = 62,fail_cases = 1,fault = 11&12&1&2&3&9&10,
SUCCESS;37:edges = 63,fail_cases = 1,fault = 11&12&1&2&3&4&9&10,
SUCCESS;38:edges = 64,fail_cases = 1,fault = 11&12&1&2&3&4&5&9&10,
SUCCESS;39:edges = 65,fail_cases = 1,fault = 11&12&1&2&3&4&5&6&9&10,
SUCCESS;40:edges = 66,fail_cases = 1,fault = 11&12&1&2&3&4&5&6&7&9&10,
SUCCESS;41:edges = 68,fail_cases = 1,fault = 11&12&13&9&10,
SUCCESS;42:edges = 69,fail_cases = 1,fault = 11&12&1&13&9&10,
SUCCESS;43:edges = 70,fail_cases = 1,fault = 11&12&1&13&2&9&10,
SUCCESS;44:edges = 71,fail_cases = 1,fault = 11&12&1&13&2&3&9&10,
SUCCESS;45:edges = 72,fail_cases = 1,fault = 11&12&1&13&2&3&4&9&10,
SUCCESS;46:edges = 73,fail_cases = 1,fault = 11&12&1&13&2&3&4&5&9&10,
SUCCESS;47:edges = 74,fail_cases = 1,fault = 11&12&1&13&2&3&4&5&6&9&10,
SUCCESS;48:edges = 75,fail_cases = 1,fault = 11&12&1&13&2&3&4&5&6&7&9&10,
FAIL;49:edges = 75,fail_cases = 2,fault = 11&12&13&14&9&10,
SUCCESS;50:edges = 77,fail_cases = 2,fault = 16,
SUCCESS;51:edges = 78,fail_cases = 2,fault = 16&9,
SUCCESS;52:edges = 79,fail_cases = 2,fault = 16&9&10,
SUCCESS;53:edges = 80,fail_cases = 2,fault = 11&16&9&10,
SUCCESS;54:edges = 81,fail_cases = 2,fault = 11&12&16&9&10,
SUCCESS;55:edges = 82,fail_cases = 2,fault = 11&12&13&16&9&10,
SUCCESS;56:edges = 84,fail_cases = 2,fault = 16&17,
SUCCESS;57:edges = 85,fail_cases = 2,fault = 16&17&9,
SUCCESS;58:edges = 86,fail_cases = 2,fault = 16&17&9&10,
SUCCESS;59:edges = 87,fail_cases = 2,fault = 12&16&17&9&10,
SUCCESS;60:edges = 88,fail_cases = 2,fault = 12&13&16&17&9&10,
SUCCESS;61:edges = 90,fail_cases = 2,fault = 12&13&14&16&17&9&10,
FAIL;62:edges = 90,fail_cases = 3,fault = 12&13&14&15&16&17&9&10,
SUCCESS;63:edges = 91,fail_cases = 3,fault = 11&16&17&18,
SUCCESS;64:edges = 92,fail_cases = 3,fault = 11&16&17&18&9,
SUCCESS;65:edges = 93,fail_cases = 3,fault = 11&16&17&18&9&10,
SUCCESS;66:edges = 94,fail_cases = 3,fault = 11&12&16&17&18&9&10,
SUCCESS;67:edges = 95,fail_cases = 3,fault = 11&12&13&16&17&18&9&10,
FAIL;68:edges = 95,fail_cases = 4,fault = 15&16&17&18,
SUCCESS;69:edges = 97,fail_cases = 4,fault = 19,
SUCCESS;70:edges = 98,fail_cases = 4,fault = 16&19,
SUCCESS;71:edges = 99,fail_cases = 4,fault = 16&17&19,
SUCCESS;72:edges = 100,fail_cases = 4,fault = 12&13&14&16&17&19&9&10,
SUCCESS;73:edges = 102,fail_cases = 4,fault = 19&20,
SUCCESS;74:edges = 103,fail_cases = 4,fault = 16&19&20,
SUCCESS;75:edges = 104,fail_cases = 4,fault = 16&17&19&20,
SUCCESS;76:edges = 105,fail_cases = 4,fault = 12&13&14&16&17&19&9&20&10,
FAIL;77:edges = 105,fail_cases = 5,fault = 19&20&21,
SUCCESS;78:edges = 107,fail_cases = 5,fault = 22,
SUCCESS;79:edges = 108,fail_cases = 5,fault = 22&19,
SUCCESS;80:edges = 109,fail_cases = 5,fault = 22&19&20,
SUCCESS;81:edges = 111,fail_cases = 5,fault = 22&23,
SUCCESS;82:edges = 112,fail_cases = 5,fault = 22&23&19,
SUCCESS;83:edges = 113,fail_cases = 5,fault = 22&23&19&20,
SUCCESS;84:edges = 115,fail_cases = 5,fault = 22&23&24,
SUCCESS;85:edges = 116,fail_cases = 5,fault = 22&23&24&19,
SUCCESS;86:edges = 117,fail_cases = 5,fault = 22&23&24&19&20,
SUCCESS;87:edges = 119,fail_cases = 5,fault = 22&23&24&25,
SUCCESS;88:edges = 120,fail_cases = 5,fault = 22&23&24&25&19,
SUCCESS;89:edges = 121,fail_cases = 5,fault = 22&23&24&25&19&20,
SUCCESS;90:edges = 123,fail_cases = 5,fault = 22&23&24&25&26,
SUCCESS;91:edges = 124,fail_cases = 5,fault = 22&23&24&25&26&20,
SUCCESS;92:edges = 126,fail_cases = 5,fault = 22&23&24&25&26&20&21,
SUCCESS;93:edges = 128,fail_cases = 5,fault = 22&23&24&25&26&28&20&21,
SUCCESS;94:edges = 129,fail_cases = 5,fault = 22&23&24&25&26&27&19,
SUCCESS;95:edges = 130,fail_cases = 5,fault = 22&23&24&25&26&27&28&19,
SUCCESS;96:edges = 131,fail_cases = 5,fault = 22&23&24&25&26&27&19&20,
SUCCESS;97:edges = 132,fail_cases = 5,fault = 22&23&24&25&26&27&28&19&20,
FAIL;98:edges = 132,fail_cases = 6,fault = 22&23&24&25&26&28&29&20&21,
FAIL;99:edges = 132,fail_cases = 7,fault = 22&23&24&25&26&27&28&29,
SUCCESS;100:edges = 134,fail_cases = 7,fault = 32,
SUCCESS;101:edges = 135,fail_cases = 7,fault = 22&32,
SUCCESS;102:edges = 136,fail_cases = 7,fault = 22&23&32,
SUCCESS;103:edges = 137,fail_cases = 7,fault = 22&23&24&32,
SUCCESS;104:edges = 138,fail_cases = 7,fault = 22&23&24&25&32,
SUCCESS;105:edges = 139,fail_cases = 7,fault = 22&23&24&25&26&32,
SUCCESS;106:edges = 140,fail_cases = 7,fault = 22&23&24&25&26&20&32&21,
SUCCESS;107:edges = 141,fail_cases = 7,fault = 22&23&24&25&26&28&20&32&21,
SUCCESS;108:edges = 143,fail_cases = 7,fault = 33&32,
SUCCESS;109:edges = 144,fail_cases = 7,fault = 33&22&32,
SUCCESS;110:edges = 145,fail_cases = 7,fault = 33&22&23&32,
SUCCESS;111:edges = 146,fail_cases = 7,fault = 33&22&23&24&32,
SUCCESS;112:edges = 147,fail_cases = 7,fault = 33&22&23&24&26&32,
SUCCESS;113:edges = 148,fail_cases = 7,fault = 33&22&23&24&26&20&32&21,
SUCCESS;114:edges = 149,fail_cases = 7,fault = 33&22&23&24&26&28&20&32&21,
SUCCESS;115:edges = 151,fail_cases = 7,fault = 33&22&23&24&26&28&29&20&32&21,
SUCCESS;116:edges = 153,fail_cases = 7,fault = 33&22&23&24&35&26&28&29&20&32&21,
SUCCESS;117:edges = 155,fail_cases = 7,fault = 33&22&23&24&35&26&28&29&30&20&32&21,
FAIL;118:edges = 155,fail_cases = 8,fault = 33&22&23&24&35&26&28&29&30&20&31&32&21,
FAIL;119:edges = 155,fail_cases = 9,fault = 33&22&23&24&35&26&27&28&29&30&31&32,
SUCCESS;120:edges = 156,fail_cases = 9,fault = 33&34&25&32,
SUCCESS;121:edges = 157,fail_cases = 9,fault = 33&22&34&25&32,
SUCCESS;122:edges = 158,fail_cases = 9,fault = 33&22&34&23&25&32,
SUCCESS;123:edges = 159,fail_cases = 9,fault = 33&22&34&23&24&25&32,
SUCCESS;124:edges = 160,fail_cases = 9,fault = 33&34&35&25&32,
SUCCESS;125:edges = 161,fail_cases = 9,fault = 33&34&35&25&30&32,
SUCCESS;126:edges = 162,fail_cases = 9,fault = 33&22&34&35&25&32,
SUCCESS;127:edges = 163,fail_cases = 9,fault = 33&22&34&23&35&25&32,
SUCCESS;128:edges = 164,fail_cases = 9,fault = 33&22&34&23&24&25&26&32,
SUCCESS;129:edges = 165,fail_cases = 9,fault = 33&22&34&23&24&25&26&20&32&21,
SUCCESS;130:edges = 166,fail_cases = 9,fault = 33&22&34&23&24&25&26&28&20&32&21,
SUCCESS;131:edges = 167,fail_cases = 9,fault = 33&22&34&35&25&30&32,
SUCCESS;132:edges = 168,fail_cases = 9,fault = 33&22&34&23&35&24&25&32,
SUCCESS;133:edges = 169,fail_cases = 9,fault = 33&22&34&23&35&24&25&26&32,
SUCCESS;134:edges = 170,fail_cases = 9,fault = 33&22&34&23&35&24&25&26&20&32&21,
SUCCESS;135:edges = 171,fail_cases = 9,fault = 33&22&34&23&35&24&25&26&28&20&32&21,
SUCCESS;136:edges = 172,fail_cases = 9,fault = 33&22&34&23&35&25&30&32,
SUCCESS;137:edges = 173,fail_cases = 9,fault = 33&22&34&23&35&24&25&30&32,
SUCCESS;138:edges = 174,fail_cases = 9,fault = 33&22&34&23&35&24&25&26&30&32,
SUCCESS;139:edges = 175,fail_cases = 9,fault = 33&22&34&23&35&24&25&26&30&20&32&21,
SUCCESS;140:edges = 176,fail_cases = 9,fault = 33&22&34&23&35&24&25&26&28&30&20&32&21,
FAIL;141:edges = 176,fail_cases = 10,fault = 33&34&35&30&31&32,
SUCCESS;142:edges = 178,fail_cases = 10,fault = 36,
SUCCESS;143:edges = 179,fail_cases = 10,fault = 36&32,
SUCCESS;144:edges = 180,fail_cases = 10,fault = 33&36&32,
SUCCESS;145:edges = 181,fail_cases = 10,fault = 33&22&23&24&36&26&28&29&20&32&21,
SUCCESS;146:edges = 182,fail_cases = 10,fault = 33&22&23&24&35&36&26&28&29&20&32&21,
SUCCESS;147:edges = 183,fail_cases = 10,fault = 33&22&23&24&35&36&26&28&29&30&20&32&21,
SUCCESS;148:edges = 185,fail_cases = 10,fault = 36&37,
SUCCESS;149:edges = 186,fail_cases = 10,fault = 36&37&32,
SUCCESS;150:edges = 187,fail_cases = 10,fault = 33&36&37&32,
SUCCESS;151:edges = 188,fail_cases = 10,fault = 33&22&23&24&36&37&26&28&29&20&32&21,
SUCCESS;152:edges = 189,fail_cases = 10,fault = 33&22&23&24&35&36&37&26&28&29&20&32&21,
SUCCESS;153:edges = 190,fail_cases = 10,fault = 33&22&23&24&35&36&37&26&28&29&30&20&32&21,
FAIL;154:edges = 190,fail_cases = 11,fault = 36&37&38,
SUCCESS;155:edges = 192,fail_cases = 11,fault = 39,
SUCCESS;156:edges = 193,fail_cases = 11,fault = 36&39,
SUCCESS;157:edges = 194,fail_cases = 11,fault = 36&37&39,
SUCCESS;158:edges = 196,fail_cases = 11,fault = 39&40,
SUCCESS;159:edges = 197,fail_cases = 11,fault = 36&39&40,
SUCCESS;160:edges = 198,fail_cases = 11,fault = 36&37&39&40,
SUCCESS;161:edges = 200,fail_cases = 11,fault = 39&40&41,
SUCCESS;162:edges = 201,fail_cases = 11,fault = 36&39&40&41,
SUCCESS;163:edges = 202,fail_cases = 11,fault = 36&37&39&40&41,
SUCCESS;164:edges = 204,fail_cases = 11,fault = 39&40&41&42,
SUCCESS;165:edges = 205,fail_cases = 11,fault = 36&39&40&41&42,
SUCCESS;166:edges = 206,fail_cases = 11,fault = 36&37&39&40&41&42,
SUCCESS;167:edges = 208,fail_cases = 11,fault = 39&40&41&42&43,
SUCCESS;168:edges = 209,fail_cases = 11,fault = 36&39&40&41&42&43,
SUCCESS;169:edges = 210,fail_cases = 11,fault = 36&37&39&40&41&42&43,
SUCCESS;170:edges = 213,fail_cases = 11,fault = 44&39&40&41&42&43,
SUCCESS;171:edges = 215,fail_cases = 11,fault = 36&48,
SUCCESS;172:edges = 216,fail_cases = 11,fault = 36&48&49,
SUCCESS;173:edges = 217,fail_cases = 11,fault = 44&36&39&40&41&42&43,
SUCCESS;174:edges = 218,fail_cases = 11,fault = 36&48&37&39,
SUCCESS;175:edges = 219,fail_cases = 11,fault = 44&36&37&39&40&41&42&43,
SUCCESS;176:edges = 220,fail_cases = 11,fault = 45&48&49&39,
SUCCESS;177:edges = 222,fail_cases = 11,fault = 44&39&50&40&41&42&43,
SUCCESS;178:edges = 224,fail_cases = 11,fault = 44&39&50&40&51&41&42&43,
SUCCESS;179:edges = 225,fail_cases = 11,fault = 45&48&39&40,
FAIL;180:edges = 225,fail_cases = 12,fault = 44&45&39&40&41&42&43,
SUCCESS;181:edges = 226,fail_cases = 12,fault = 48&39&50&40&51&52&42,
SUCCESS;182:edges = 227,fail_cases = 12,fault = 45&48&49&50,
SUCCESS;183:edges = 228,fail_cases = 12,fault = 48&39&50&40&51&52&42&43,
SUCCESS;184:edges = 230,fail_cases = 12,fault = 44&39&50&40&51&41&52&42&43,
SUCCESS;185:edges = 231,fail_cases = 12,fault = 45&48&49&39&40,
SUCCESS;186:edges = 232,fail_cases = 12,fault = 45&48&49&50&51,
SUCCESS;187:edges = 233,fail_cases = 12,fault = 44&45&48&39&50&40&42&43,
SUCCESS;188:edges = 234,fail_cases = 12,fault = 45&48&49&39&50&41,
SUCCESS;189:edges = 235,fail_cases = 12,fault = 45&48&49&50&51&52,
SUCCESS;190:edges = 237,fail_cases = 12,fault = 44&48&39&50&40&51&52&42&53&43,
SUCCESS;191:edges = 239,fail_cases = 12,fault = 44&46&39&50&40&51&41&52&42&53&43,
SUCCESS;192:edges = 240,fail_cases = 12,fault = 45&48&49&50&51&52&53,
SUCCESS;193:edges = 241,fail_cases = 12,fault = 44&45&48&39&50&40&51&42&43,
SUCCESS;194:edges = 242,fail_cases = 12,fault = 45&48&49&39&40&41,
FAIL;195:edges = 242,fail_cases = 13,fault = 44&46&47&48&39&50&40&51&52&42&53&43,
SUCCESS;196:edges = 243,fail_cases = 13,fault = 45&46&48&49&50&51&52&53,
SUCCESS;197:edges = 244,fail_cases = 13,fault = 45&48&49&39&50&40&41,
SUCCESS;198:edges = 245,fail_cases = 13,fault = 44&45&48&39&50&40&51&52&42&43,
SUCCESS;199:edges = 246,fail_cases = 13,fault = 45&48&49&39&50&51&41,
SUCCESS;200:edges = 247,fail_cases = 13,fault = 45&48&49&39&50&51&52&53,
SUCCESS;201:edges = 248,fail_cases = 13,fault = 45&48&49&39&50&51&40&41,
SUCCESS;202:edges = 249,fail_cases = 13,fault = 45&46&48&49&39&50&51&52&53,
FAIL;203:edges = 249,fail_cases = 14,fault = 44&46&47&39&50&40&51&41&52&42&53&43,
SUCCESS;204:edges = 250,fail_cases = 14,fault = 45&48&49&39&50&51&40&52&41,
SUCCESS;205:edges = 251,fail_cases = 14,fault = 44&45&48&39&50&40&51&52&42&53&43,
SUCCESS;206:edges = 252,fail_cases = 14,fault = 45&48&49&39&50&51&40&52&41&53,
SUCCESS;207:edges = 253,fail_cases = 14,fault = 45&47&48&49&39&50&51&40&52&53&42,
SUCCESS;208:edges = 254,fail_cases = 14,fault = 45&46&47&48&49&39&50&51&52&41&42,
SUCCESS;209:edges = 255,fail_cases = 14,fault = 45&46&48&49&39&50&51&40&52&41&53,
SUCCESS;210:edges = 256,fail_cases = 14,fault = 45&46&47&48&49&39&50&51&52&41&42&43,
SUCCESS;211:edges = 257,fail_cases = 14,fault = 45&48&49&39&40&41&42&53&43,
SUCCESS;212:edges = 258,fail_cases = 14,fault = 45&46&48&49&39&50&40&41&42&53,
SUCCESS;213:edges = 259,fail_cases = 14,fault = 45&46&48&49&39&50&51&40&41&42&53,
SUCCESS;214:edges = 260,fail_cases = 14,fault = 45&47&48&49&39&50&51&40&52&53&42&43,
FAIL;215:edges = 260,fail_cases = 15,fault = 44&45&47&48&39&50&40&51&52&42&53&43,
SUCCESS;216:edges = 261,fail_cases = 15,fault = 45&46&48&49&39&50&51&40&52&41&53&42,
FAIL;217:edges = 261,fail_cases = 16,fault = 44&45&46&47&48&49&39&50&51&52&41&42&43,
SUCCESS;218:edges = 262,fail_cases = 16,fault = 45&46&48&49&39&50&40&41&42&53&43,
SUCCESS;219:edges = 263,fail_cases = 16,fault = 45&46&48&49&39&50&51&40&41&42&53&43,
SUCCESS;220:edges = 264,fail_cases = 16,fault = 45&46&48&49&39&50&51&40&52&41&53&42&43,
SUCCESS;221:edges = 265,fail_cases = 16,fault = 44&45&46&47&48&49&39&40&51&41&52&42&53,
FAIL;222:edges = 265,fail_cases = 17,fault = 46&47&48&49&50&51&52&53,
SUCCESS;223:edges = 267,fail_cases = 17,fault = 54,
SUCCESS;224:edges = 268,fail_cases = 17,fault = 44&39&40&41&42&54&43,
SUCCESS;225:edges = 269,fail_cases = 17,fault = 44&39&50&40&41&42&54&43,
SUCCESS;226:edges = 270,fail_cases = 17,fault = 44&39&50&40&51&41&42&54&43,
SUCCESS;227:edges = 271,fail_cases = 17,fault = 44&39&50&40&51&41&52&42&54&43,
SUCCESS;228:edges = 272,fail_cases = 17,fault = 44&45&48&39&50&51&52&41&42&54&43,
SUCCESS;229:edges = 273,fail_cases = 17,fault = 44&45&48&49&39&50&51&52&41&42&54&43,
SUCCESS;230:edges = 274,fail_cases = 17,fault = 44&46&39&50&40&51&41&52&42&53&54&43,
FAIL;231:edges = 274,fail_cases = 18,fault = 55&54,
SUCCESS;232:edges = 276,fail_cases = 18,fault = 56,
SUCCESS;233:edges = 278,fail_cases = 18,fault = 55&56,
SUCCESS;234:edges = 279,fail_cases = 18,fault = 56&57&54,
SUCCESS;235:edges = 281,fail_cases = 18,fault = 55&56&58,
SUCCESS;236:edges = 283,fail_cases = 18,fault = 55&56&58&59,
SUCCESS;237:edges = 285,fail_cases = 18,fault = 55&56&58&59&60,
SUCCESS;238:edges = 286,fail_cases = 18,fault = 56&57&58&54,
SUCCESS;239:edges = 287,fail_cases = 18,fault = 56&57&58&59&54,
SUCCESS;240:edges = 288,fail_cases = 18,fault = 56&57&58&59&60&54,
SUCCESS;241:edges = 290,fail_cases = 18,fault = 55&56&58&59&60&61,
SUCCESS;242:edges = 292,fail_cases = 18,fault = 55&56&58&59&60&61&62,
FAIL;243:edges = 292,fail_cases = 19,fault = 55&56&58&59&60&61&62&63,
SUCCESS;244:edges = 293,fail_cases = 19,fault = 56&57&58&59&60&61&54,
SUCCESS;245:edges = 294,fail_cases = 19,fault = 56&57&58&59&60&61&62&54,
FAIL;246:edges = 294,fail_cases = 20,fault = 56&57&58&59&60&61&62&63,
SUCCESS;247:edges = 296,fail_cases = 20,fault = 64,
SUCCESS;248:edges = 297,fail_cases = 20,fault = 56&64,
SUCCESS;249:edges = 298,fail_cases = 20,fault = 55&56&64,
SUCCESS;250:edges = 299,fail_cases = 20,fault = 55&56&58&64,
SUCCESS;251:edges = 300,fail_cases = 20,fault = 55&56&58&59&64,
SUCCESS;252:edges = 301,fail_cases = 20,fault = 55&56&58&59&60&64,
SUCCESS;253:edges = 302,fail_cases = 20,fault = 55&56&58&59&60&61&64,
SUCCESS;254:edges = 303,fail_cases = 20,fault = 55&56&58&59&60&61&62&64,
SUCCESS;255:edges = 305,fail_cases = 20,fault = 64&65,
SUCCESS;256:edges = 306,fail_cases = 20,fault = 56&64&65,
SUCCESS;257:edges = 307,fail_cases = 20,fault = 55&56&64&65,
SUCCESS;258:edges = 308,fail_cases = 20,fault = 55&56&58&64&65,
SUCCESS;259:edges = 309,fail_cases = 20,fault = 55&56&58&59&64&65,
SUCCESS;260:edges = 310,fail_cases = 20,fault = 55&56&58&59&60&64&65,
SUCCESS;261:edges = 311,fail_cases = 20,fault = 55&56&58&59&60&61&64&65,
SUCCESS;262:edges = 312,fail_cases = 20,fault = 55&56&58&59&60&61&62&64&65,
SUCCESS;263:edges = 315,fail_cases = 20,fault = 66&64&65,
SUCCESS;264:edges = 316,fail_cases = 20,fault = 56&68,
SUCCESS;265:edges = 317,fail_cases = 20,fault = 66&56&64&65,
SUCCESS;266:edges = 318,fail_cases = 20,fault = 55&56&68&64,
SUCCESS;267:edges = 319,fail_cases = 20,fault = 55&56&68&64&65,
SUCCESS;268:edges = 320,fail_cases = 20,fault = 66&55&56&64&65,
SUCCESS;269:edges = 321,fail_cases = 20,fault = 66&55&56&58&64&65,
SUCCESS;270:edges = 322,fail_cases = 20,fault = 66&55&56&58&59&64&65,
SUCCESS;271:edges = 323,fail_cases = 20,fault = 66&55&56&58&59&60&64&65,
SUCCESS;272:edges = 324,fail_cases = 20,fault = 66&55&56&58&59&60&61&64&65,
SUCCESS;273:edges = 325,fail_cases = 20,fault = 66&55&56&58&59&60&61&62&64&65,
FAIL;274:edges = 325,fail_cases = 21,fault = 66&67&64&65,
SUCCESS;275:edges = 327,fail_cases = 21,fault = 66&69&64&65,
SUCCESS;276:edges = 329,fail_cases = 21,fault = 66&69&70&64&65,
SUCCESS;277:edges = 330,fail_cases = 21,fault = 67&68&69,
SUCCESS;278:edges = 332,fail_cases = 21,fault = 66&69&70&71&64&65,
SUCCESS;279:edges = 334,fail_cases = 21,fault = 66&69&70&71&72&64&65,
SUCCESS;280:edges = 335,fail_cases = 21,fault = 67&68&69&70,
FAIL;281:edges = 335,fail_cases = 22,fault = 66&69&70&71&72&73&64&65,
SUCCESS;282:edges = 336,fail_cases = 22,fault = 67&68&69&64,
SUCCESS;283:edges = 337,fail_cases = 22,fault = 67&68&69&64&65,
SUCCESS;284:edges = 338,fail_cases = 22,fault = 67&68&69&70&64,
SUCCESS;285:edges = 339,fail_cases = 22,fault = 67&68&69&70&64&65,
SUCCESS;286:edges = 340,fail_cases = 22,fault = 67&68&69&70&71,
SUCCESS;287:edges = 341,fail_cases = 22,fault = 67&68&69&70&71&72,
SUCCESS;288:edges = 342,fail_cases = 22,fault = 67&68&69&70&71&64,
SUCCESS;289:edges = 343,fail_cases = 22,fault = 67&68&69&70&71&72&64,
SUCCESS;290:edges = 344,fail_cases = 22,fault = 67&68&69&70&71&64&65,
SUCCESS;291:edges = 345,fail_cases = 22,fault = 67&68&69&70&71&72&64&65,
FAIL;292:edges = 345,fail_cases = 23,fault = 68&69&70&71&72&73,
SUCCESS;293:edges = 347,fail_cases = 23,fault = 74,
SUCCESS;294:edges = 348,fail_cases = 23,fault = 66&74&64&65,
SUCCESS;295:edges = 349,fail_cases = 23,fault = 66&69&74&64&65,
SUCCESS;296:edges = 350,fail_cases = 23,fault = 66&69&70&74&64&65,
SUCCESS;297:edges = 351,fail_cases = 23,fault = 66&69&70&71&74&64&65,
SUCCESS;298:edges = 352,fail_cases = 23,fault = 66&69&70&71&72&74&64&65,
FAIL;299:edges = 352,fail_cases = 24,fault = 74&75,
SUCCESS;300:edges = 354,fail_cases = 24,fault = 76,
SUCCESS;301:edges = 355,fail_cases = 24,fault = 74&76,
SUCCESS;302:edges = 357,fail_cases = 24,fault = 77&76,
SUCCESS;303:edges = 358,fail_cases = 24,fault = 77&74&76,
SUCCESS;304:edges = 360,fail_cases = 24,fault = 77&78&76,
SUCCESS;305:edges = 361,fail_cases = 24,fault = 77&78&74&76,
FAIL;306:edges = 361,fail_cases = 25,fault = 77&78&79&76,
SUCCESS;307:edges = 363,fail_cases = 25,fault = 80,
SUCCESS;308:edges = 364,fail_cases = 25,fault = 80&76,
SUCCESS;309:edges = 365,fail_cases = 25,fault = 77&80&76,
SUCCESS;310:edges = 366,fail_cases = 25,fault = 77&78&80&76,
FAIL;311:edges = 366,fail_cases = 26,fault = 80&81,
SUCCESS;312:edges = 368,fail_cases = 26,fault = 82,
SUCCESS;313:edges = 369,fail_cases = 26,fault = 80&82,
SUCCESS;314:edges = 371,fail_cases = 26,fault = 82&83,
SUCCESS;315:edges = 372,fail_cases = 26,fault = 80&82&83,
SUCCESS;316:edges = 374,fail_cases = 26,fault = 82&83&84,
SUCCESS;317:edges = 375,fail_cases = 26,fault = 80&82&83&84,
SUCCESS;318:edges = 377,fail_cases = 26,fault = 82&83&84&85,
SUCCESS;319:edges = 378,fail_cases = 26,fault = 80&82&83&84&85,
SUCCESS;320:edges = 380,fail_cases = 26,fault = 82&83&84&85&86,
SUCCESS;321:edges = 381,fail_cases = 26,fault = 80&82&83&84&85&86,
SUCCESS;322:edges = 383,fail_cases = 26,fault = 82&83&84&85&86&87,
SUCCESS;323:edges = 384,fail_cases = 26,fault = 80&82&83&84&85&86&87,
SUCCESS;324:edges = 386,fail_cases = 26,fault = 88&82&83&84&85&86&87,
SUCCESS;325:edges = 387,fail_cases = 26,fault = 88&80&82&83&84&85&86&87,
FAIL;326:edges = 387,fail_cases = 27,fault = 88&89&82&83&84&85&86&87,
SUCCESS;327:edges = 389,fail_cases = 27,fault = 90,
SUCCESS;328:edges = 390,fail_cases = 27,fault = 90&82,
SUCCESS;329:edges = 391,fail_cases = 27,fault = 90&82&83,
SUCCESS;330:edges = 392,fail_cases = 27,fault = 90&82&83&84,
SUCCESS;331:edges = 393,fail_cases = 27,fault = 90&82&83&84&85,
SUCCESS;332:edges = 394,fail_cases = 27,fault = 90&82&83&84&85&86,
SUCCESS;333:edges = 395,fail_cases = 27,fault = 90&82&83&84&85&86&87,
SUCCESS;334:edges = 396,fail_cases = 27,fault = 88&90&82&83&84&85&86&87,
SUCCESS;335:edges = 398,fail_cases = 27,fault = 90&91,
SUCCESS;336:edges = 399,fail_cases = 27,fault = 90&91&82,
SUCCESS;337:edges = 400,fail_cases = 27,fault = 90&91&82&83,
SUCCESS;338:edges = 401,fail_cases = 27,fault = 90&91&82&83&84,
SUCCESS;339:edges = 402,fail_cases = 27,fault = 90&91&82&83&84&85,
SUCCESS;340:edges = 403,fail_cases = 27,fault = 90&91&82&83&84&85&86,
SUCCESS;341:edges = 404,fail_cases = 27,fault = 90&91&82&83&84&85&86&87,
SUCCESS;342:edges = 405,fail_cases = 27,fault = 88&90&91&82&83&84&85&86&87,
SUCCESS;343:edges = 407,fail_cases = 27,fault = 90&91&92,
SUCCESS;344:edges = 408,fail_cases = 27,fault = 90&91&92&82,
SUCCESS;345:edges = 409,fail_cases = 27,fault = 90&91&92&82&83,
SUCCESS;346:edges = 410,fail_cases = 27,fault = 90&91&92&82&83&84,
SUCCESS;347:edges = 411,fail_cases = 27,fault = 90&91&92&82&83&84&85,
SUCCESS;348:edges = 412,fail_cases = 27,fault = 90&91&92&82&83&84&85&86,
SUCCESS;349:edges = 413,fail_cases = 27,fault = 90&91&92&82&83&84&85&86&87,
SUCCESS;350:edges = 414,fail_cases = 27,fault = 88&90&91&92&82&83&84&85&86&87,
SUCCESS;351:edges = 416,fail_cases = 27,fault = 90&91&92&93,
SUCCESS;352:edges = 417,fail_cases = 27,fault = 90&91&92&93&82,
SUCCESS;353:edges = 418,fail_cases = 27,fault = 90&91&92&93&82&83,
SUCCESS;354:edges = 419,fail_cases = 27,fault = 90&91&92&93&82&83&84,
SUCCESS;355:edges = 420,fail_cases = 27,fault = 90&91&92&93&82&83&84&85,
SUCCESS;356:edges = 421,fail_cases = 27,fault = 90&91&92&93&82&83&84&85&86,
SUCCESS;357:edges = 422,fail_cases = 27,fault = 90&91&92&93&82&83&84&85&86&87,
SUCCESS;358:edges = 423,fail_cases = 27,fault = 88&90&91&92&93&82&83&84&85&86&87,
SUCCESS;359:edges = 425,fail_cases = 27,fault = 90&91&92&93&94,
SUCCESS;360:edges = 426,fail_cases = 27,fault = 90&91&92&93&82&94,
SUCCESS;361:edges = 427,fail_cases = 27,fault = 90&91&92&93&82&94&83,
SUCCESS;362:edges = 428,fail_cases = 27,fault = 90&91&92&93&82&94&83&84,
SUCCESS;363:edges = 429,fail_cases = 27,fault = 90&91&92&93&82&94&83&84&85,
SUCCESS;364:edges = 430,fail_cases = 27,fault = 90&91&92&93&82&94&83&84&85&86,
SUCCESS;365:edges = 431,fail_cases = 27,fault = 90&91&92&93&82&94&83&84&85&86&87,
SUCCESS;366:edges = 432,fail_cases = 27,fault = 88&90&91&92&93&82&94&83&84&85&86&87,
FAIL;367:edges = 432,fail_cases = 28,fault = 90&91&92&93&94&95,
SUCCESS;368:edges = 434,fail_cases = 28,fault = 96,
SUCCESS;369:edges = 435,fail_cases = 28,fault = 90&96,
SUCCESS;370:edges = 436,fail_cases = 28,fault = 90&91&96,
SUCCESS;371:edges = 437,fail_cases = 28,fault = 90&91&92&96,
SUCCESS;372:edges = 438,fail_cases = 28,fault = 90&91&92&93&96,
SUCCESS;373:edges = 439,fail_cases = 28,fault = 90&91&92&93&94&96,
SUCCESS;374:edges = 441,fail_cases = 28,fault = 96&97,
SUCCESS;375:edges = 442,fail_cases = 28,fault = 90&96&97,
SUCCESS;376:edges = 443,fail_cases = 28,fault = 90&91&96&97,
SUCCESS;377:edges = 444,fail_cases = 28,fault = 90&91&92&96&97,
SUCCESS;378:edges = 445,fail_cases = 28,fault = 90&91&92&93&96&97,
SUCCESS;379:edges = 446,fail_cases = 28,fault = 90&91&92&93&94&96&97,
FAIL;380:edges = 446,fail_cases = 29,fault = 96&97&98,
SUCCESS;381:edges = 448,fail_cases = 29,fault = 99,
SUCCESS;382:edges = 449,fail_cases = 29,fault = 99&96,
SUCCESS;383:edges = 450,fail_cases = 29,fault = 99&96&97,
SUCCESS;384:edges = 452,fail_cases = 29,fault = 99&100,
SUCCESS;385:edges = 453,fail_cases = 29,fault = 99&100&96,
SUCCESS;386:edges = 454,fail_cases = 29,fault = 99&100&96&97,
FAIL;387:edges = 454,fail_cases = 30,fault = 99&100&101,
SUCCESS;388:edges = 456,fail_cases = 30,fault = 102,
SUCCESS;389:edges = 457,fail_cases = 30,fault = 99&102,
SUCCESS;390:edges = 458,fail_cases = 30,fault = 99&100&102,
SUCCESS;391:edges = 460,fail_cases = 30,fault = 102&103,
SUCCESS;392:edges = 461,fail_cases = 30,fault = 99&102&103,
SUCCESS;393:edges = 462,fail_cases = 30,fault = 99&100&102&103,
SUCCESS;394:edges = 464,fail_cases = 30,fault = 102&103&104,
SUCCESS;395:edges = 465,fail_cases = 30,fault = 99&102&103&104,
SUCCESS;396:edges = 466,fail_cases = 30,fault = 99&100&102&103&104,
SUCCESS;397:edges = 468,fail_cases = 30,fault = 102&103&104&105,
SUCCESS;398:edges = 469,fail_cases = 30,fault = 99&102&103&104&105,
SUCCESS;399:edges = 470,fail_cases = 30,fault = 99&100&102&103&104&105,
FAIL;400:edges = 470,fail_cases = 31,fault = 102&103&104&105&106,
SUCCESS;401:edges = 472,fail_cases = 31,fault = 107,
SUCCESS;402:edges = 473,fail_cases = 31,fault = 102&107,
SUCCESS;403:edges = 474,fail_cases = 31,fault = 102&103&107,
SUCCESS;404:edges = 475,fail_cases = 31,fault = 102&103&104&107,
SUCCESS;405:edges = 476,fail_cases = 31,fault = 102&103&104&105&107,
FAIL;406:edges = 476,fail_cases = 32,fault = 107&108,
SUCCESS;407:edges = 478,fail_cases = 32,fault = 109,
SUCCESS;408:edges = 479,fail_cases = 32,fault = 107&109,
SUCCESS;409:edges = 481,fail_cases = 32,fault = 110&109,
SUCCESS;410:edges = 482,fail_cases = 32,fault = 110&107&109,
FAIL;411:edges = 482,fail_cases = 33,fault = 110&111&109,
SUCCESS;412:edges = 483,fail_cases = 33,fault = 112,
SUCCESS;413:edges = 484,fail_cases = 33,fault = 112&109,
FAIL;414:edges = 484,fail_cases = 34,fault = 110&112&109,
FAIL;415:edges = 484,fail_cases = 35,fault = 112&113,