SUCCESS;0:edges = 17,fail_cases = 0,fault = ,
SUCCESS;1:edges = 18,fail_cases = 0,fault = 1,
FAIL;2:edges = 18,fail_cases = 1,fault = 1&2,
SUCCESS;3:edges = 20,fail_cases = 1,fault = 3,
SUCCESS;4:edges = 21,fail_cases = 1,fault = 1&3,
SUCCESS;5:edges = 23,fail_cases = 1,fault = 3&4,
SUCCESS;6:edges = 24,fail_cases = 1,fault = 1&3&4,
SUCCESS;7:edges = 26,fail_cases = 1,fault = 3&4&5,
SUCCESS;8:edges = 27,fail_cases = 1,fault = 1&3&4&5,
SUCCESS;9:edges = 29,fail_cases = 1,fault = 3&4&5&6,
SUCCESS;10:edges = 30,fail_cases = 1,fault = 1&3&4&5&6,
SUCCESS;11:edges = 32,fail_cases = 1,fault = 3&4&5&6&7,
SUCCESS;12:edges = 33,fail_cases = 1,fault = 1&3&4&5&6&7,
SUCCESS;13:edges = 35,fail_cases = 1,fault = 3&4&5&6&7&8,
SUCCESS;14:edges = 36,fail_cases = 1,fault = 1&3&4&5&6&7&8,
SUCCESS;15:edges = 38,fail_cases = 1,fault = 3&4&5&6&7&8&9,
SUCCESS;16:edges = 39,fail_cases = 1,fault = 1&3&4&5&6&7&8&9,
FAIL;17:edges = 39,fail_cases = 2,fault = 3&4&5&6&7&8&9&10,
SUCCESS;18:edges = 41,fail_cases = 2,fault = 11,
SUCCESS;19:edges = 42,fail_cases = 2,fault = 11&3,
SUCCESS;20:edges = 43,fail_cases = 2,fault = 11&3&4,
SUCCESS;21:edges = 44,fail_cases = 2,fault = 11&3&4&5,
SUCCESS;22:edges = 45,fail_cases = 2,fault = 11&3&4&5&6,
SUCCESS;23:edges = 46,fail_cases = 2,fault = 11&3&4&5&6&7,
SUCCESS;24:edges = 47,fail_cases = 2,fault = 11&3&4&5&6&7&8,
SUCCESS;25:edges = 48,fail_cases = 2,fault = 11&3&4&5&6&7&8&9,
SUCCESS;26:edges = 50,fail_cases = 2,fault = 11&12,
SUCCESS;27:edges = 51,fail_cases = 2,fault = 11&12&3,
SUCCESS;28:edges = 52,fail_cases = 2,fault = 11&12&3&4,
SUCCESS;29:edges = 53,fail_cases = 2,fault = 11&12&3&4&5,
SUCCESS;30:edges = 54,fail_cases = 2,fault = 11&12&3&4&5&6,
SUCCESS;31:edges = 55,fail_cases = 2,fault = 11&12&3&4&5&6&7,
SUCCESS;32:edges = 56,fail_cases = 2,fault = 11&12&3&4&5&6&7&8,
SUCCESS;33:edges = 57,fail_cases = 2,fault = 11&12&3&4&5&6&7&8&9,
SUCCESS;34:edges = 59,fail_cases = 2,fault = 11&12&13,
SUCCESS;35:edges = 60,fail_cases = 2,fault = 11&12&13&3,
SUCCESS;36:edges = 61,fail_cases = 2,fault = 11&12&13&3&4,
SUCCESS;37:edges = 62,fail_cases = 2,fault = 11&12&13&3&4&5,
SUCCESS;38:edges = 63,fail_cases = 2,fault = 11&12&13&3&4&5&6,
SUCCESS;39:edges = 64,fail_cases = 2,fault = 11&12&13&3&4&5&6&7,
SUCCESS;40:edges = 65,fail_cases = 2,fault = 11&12&13&3&4&5&6&7&8,
SUCCESS;41:edges = 66,fail_cases = 2,fault = 11&12&13&3&4&5&6&7&8&9,
FAIL;42:edges = 66,fail_cases = 3,fault = 11&12&13&14,
SUCCESS;43:edges = 68,fail_cases = 3,fault = 16,
SUCCESS;44:edges = 69,fail_cases = 3,fault = 11&16,
SUCCESS;45:edges = 70,fail_cases = 3,fault = 11&12&16,
SUCCESS;46:edges = 71,fail_cases = 3,fault = 11&12&13&16,
SUCCESS;47:edges = 73,fail_cases = 3,fault = 16&17,
SUCCESS;48:edges = 74,fail_cases = 3,fault = 11&16&17,
SUCCESS;49:edges = 75,fail_cases = 3,fault = 11&12&16&17,
SUCCESS;50:edges = 76,fail_cases = 3,fault = 11&12&13&16&17,
SUCCESS;51:edges = 78,fail_cases = 3,fault = 16&17&18,
SUCCESS;52:edges = 79,fail_cases = 3,fault = 11&16&17&18,
SUCCESS;53:edges = 80,fail_cases = 3,fault = 11&12&16&17&18,
SUCCESS;54:edges = 81,fail_cases = 3,fault = 11&12&13&16&17&18,
SUCCESS;55:edges = 83,fail_cases = 3,fault = 16&17&18&19,
SUCCESS;56:edges = 84,fail_cases = 3,fault = 11&16&17&18&19,
SUCCESS;57:edges = 85,fail_cases = 3,fault = 11&12&16&17&18&19,
SUCCESS;58:edges = 86,fail_cases = 3,fault = 11&12&13&16&17&18&19,
SUCCESS;59:edges = 88,fail_cases = 3,fault = 16&17&18&19&20,
SUCCESS;60:edges = 89,fail_cases = 3,fault = 11&16&17&18&19&20,
SUCCESS;61:edges = 90,fail_cases = 3,fault = 11&12&16&17&18&19&20,
SUCCESS;62:edges = 91,fail_cases = 3,fault = 11&12&13&16&17&18&19&20,
FAIL;63:edges = 91,fail_cases = 4,fault = 15&16&17&18&19&20,
SUCCESS;64:edges = 93,fail_cases = 4,fault = 21,
SUCCESS;65:edges = 94,fail_cases = 4,fault = 16&21,
SUCCESS;66:edges = 95,fail_cases = 4,fault = 16&17&21,
SUCCESS;67:edges = 96,fail_cases = 4,fault = 16&17&18&21,
SUCCESS;68:edges = 97,fail_cases = 4,fault = 16&17&18&19&21,
SUCCESS;69:edges = 98,fail_cases = 4,fault = 16&17&18&19&20&21,
SUCCESS;70:edges = 100,fail_cases = 4,fault = 22&21,
SUCCESS;71:edges = 101,fail_cases = 4,fault = 22&16&21,
SUCCESS;72:edges = 102,fail_cases = 4,fault = 22&16&17&21,
SUCCESS;73:edges = 103,fail_cases = 4,fault = 22&16&17&18&21,
SUCCESS;74:edges = 104,fail_cases = 4,fault = 22&16&17&18&19&21,
SUCCESS;75:edges = 105,fail_cases = 4,fault = 22&16&17&18&19&20&21,
SUCCESS;76:edges = 107,fail_cases = 4,fault = 22&23&21,
SUCCESS;77:edges = 108,fail_cases = 4,fault = 22&23&16&21,
SUCCESS;78:edges = 109,fail_cases = 4,fault = 22&23&16&17&21,
SUCCESS;79:edges = 110,fail_cases = 4,fault = 22&23&16&17&18&21,
SUCCESS;80:edges = 111,fail_cases = 4,fault = 22&23&16&17&18&19&21,
SUCCESS;81:edges = 112,fail_cases = 4,fault = 22&23&16&17&18&19&20&21,
SUCCESS;82:edges = 114,fail_cases = 4,fault = 22&23&24&21,
SUCCESS;83:edges = 115,fail_cases = 4,fault = 22&23&24&16&21,
SUCCESS;84:edges = 116,fail_cases = 4,fault = 22&23&24&16&17&21,
SUCCESS;85:edges = 117,fail_cases = 4,fault = 22&23&24&16&17&18&21,
SUCCESS;86:edges = 118,fail_cases = 4,fault = 22&23&24&16&17&18&19&21,
SUCCESS;87:edges = 119,fail_cases = 4,fault = 22&23&24&16&17&18&19&20&21,
SUCCESS;88:edges = 121,fail_cases = 4,fault = 22&23&24&25&21,
SUCCESS;89:edges = 122,fail_cases = 4,fault = 22&23&24&25&16&21,
SUCCESS;90:edges = 123,fail_cases = 4,fault = 22&23&24&25&16&17&21,
SUCCESS;91:edges = 124,fail_cases = 4,fault = 22&23&24&25&16&17&18&21,
SUCCESS;92:edges = 125,fail_cases = 4,fault = 22&23&24&25&16&17&18&19&21,
SUCCESS;93:edges = 126,fail_cases = 4,fault = 22&23&24&25&16&17&18&19&20&21,
SUCCESS;94:edges = 128,fail_cases = 4,fault = 22&23&24&25&26&21,
SUCCESS;95:edges = 129,fail_cases = 4,fault = 22&23&24&25&26&16&21,
SUCCESS;96:edges = 130,fail_cases = 4,fault = 22&23&24&25&26&16&17&21,
SUCCESS;97:edges = 131,fail_cases = 4,fault = 22&23&24&25&26&16&17&18&21,
SUCCESS;98:edges = 132,fail_cases = 4,fault = 22&23&24&25&26&16&17&18&19&21,
SUCCESS;99:edges = 133,fail_cases = 4,fault = 22&23&24&25&26&16&17&18&19&20&21,
FAIL;100:edges = 133,fail_cases = 5,fault = 22&23&24&25&26&27&21,
SUCCESS;101:edges = 135,fail_cases = 5,fault = 33,
SUCCESS;102:edges = 136,fail_cases = 5,fault = 33&22,
SUCCESS;103:edges = 137,fail_cases = 5,fault = 33&22&23,
SUCCESS;104:edges = 138,fail_cases = 5,fault = 33&22&23&24,
SUCCESS;105:edges = 139,fail_cases = 5,fault = 33&22&23&24&25,
SUCCESS;106:edges = 140,fail_cases = 5,fault = 33&22&23&24&25&26,
SUCCESS;107:edges = 142,fail_cases = 5,fault = 33&22&23&24&25&26&27,
SUCCESS;108:edges = 144,fail_cases = 5,fault = 33&22&23&24&25&26&27&28,
SUCCESS;109:edges = 145,fail_cases = 5,fault = 33&34&21,
SUCCESS;110:edges = 147,fail_cases = 5,fault = 33&22&23&24&25&26&27&28&29,
SUCCESS;111:edges = 149,fail_cases = 5,fault = 33&22&23&24&25&26&27&28&29&30,
SUCCESS;112:edges = 150,fail_cases = 5,fault = 33&22&34&21,
SUCCESS;113:edges = 153,fail_cases = 5,fault = 33&22&23&24&25&26&27&28&29&30&31,
FAIL;114:edges = 153,fail_cases = 6,fault = 33&22&23&24&25&26&27&28&29&30&31&32,
SUCCESS;115:edges = 154,fail_cases = 6,fault = 33&34&28&21,
SUCCESS;116:edges = 155,fail_cases = 6,fault = 33&22&34&28&21,
SUCCESS;117:edges = 156,fail_cases = 6,fault = 33&34&28&29&21,
SUCCESS;118:edges = 157,fail_cases = 6,fault = 35&21,
SUCCESS;119:edges = 158,fail_cases = 6,fault = 33&34&36&28&29&30&21,
SUCCESS;120:edges = 159,fail_cases = 6,fault = 33&22&34&28&29&21,
SUCCESS;121:edges = 161,fail_cases = 6,fault = 33&22&23&24&25&36&26&27&28&29&30&31,
SUCCESS;122:edges = 162,fail_cases = 6,fault = 22&35&21,
SUCCESS;123:edges = 163,fail_cases = 6,fault = 33&22&34&36&37&28&29&30&21,
SUCCESS;124:edges = 164,fail_cases = 6,fault = 22&23&35&21,
SUCCESS;125:edges = 165,fail_cases = 6,fault = 33&22&34&23&36&37&21,
SUCCESS;126:edges = 166,fail_cases = 6,fault = 33&22&34&23&28&21&32,
SUCCESS;127:edges = 168,fail_cases = 6,fault = 33&22&23&24&25&36&26&37&27&28&29&30&31,
SUCCESS;128:edges = 170,fail_cases = 6,fault = 33&22&23&24&25&36&26&37&27&38&28&29&30&31,
SUCCESS;129:edges = 171,fail_cases = 6,fault = 33&22&34&23&28&29&21&32,
SUCCESS;130:edges = 173,fail_cases = 6,fault = 33&22&23&24&25&36&26&37&27&38&28&39&29&30&31,
SUCCESS;131:edges = 174,fail_cases = 6,fault = 33&22&34&23&28&29&30&21&32,
SUCCESS;132:edges = 175,fail_cases = 6,fault = 33&22&34&23&24&21,
FAIL;133:edges = 175,fail_cases = 7,fault = 33&22&23&24&25&36&26&37&27&38&28&39&29&40&30&31,
SUCCESS;134:edges = 176,fail_cases = 7,fault = 33&22&34&23&24&28&21,
SUCCESS;135:edges = 177,fail_cases = 7,fault = 33&22&34&23&24&25&21,
SUCCESS;136:edges = 178,fail_cases = 7,fault = 33&22&34&23&24&28&29&21,
SUCCESS;137:edges = 179,fail_cases = 7,fault = 33&22&34&23&24&25&26&21,
SUCCESS;138:edges = 180,fail_cases = 7,fault = 33&22&34&23&24&25&28&21,
SUCCESS;139:edges = 181,fail_cases = 7,fault = 22&23&35&24&21,
SUCCESS;140:edges = 182,fail_cases = 7,fault = 33&22&34&23&24&28&29&30&21&32,
SUCCESS;141:edges = 183,fail_cases = 7,fault = 22&23&35&24&25&21,
SUCCESS;142:edges = 184,fail_cases = 7,fault = 33&22&34&23&24&25&26&28&21,
SUCCESS;143:edges = 185,fail_cases = 7,fault = 33&22&34&23&24&25&26&28&29&21,
SUCCESS;144:edges = 186,fail_cases = 7,fault = 22&23&35&24&25&26&21,
SUCCESS;145:edges = 187,fail_cases = 7,fault = 33&22&34&23&24&25&28&29&30&21&32,
SUCCESS;146:edges = 188,fail_cases = 7,fault = 33&22&34&23&24&25&27&28&29&31&21&32,
SUCCESS;147:edges = 189,fail_cases = 7,fault = 33&22&34&23&24&25&36&26&37&38&28&39&29&40&30&21,
FAIL;148:edges = 189,fail_cases = 8,fault = 33&34&28&29&30&31&32,
SUCCESS;149:edges = 190,fail_cases = 8,fault = 35&32,
SUCCESS;150:edges = 191,fail_cases = 8,fault = 33&35&32,
SUCCESS;151:edges = 192,fail_cases = 8,fault = 33&22&23&35&24&25&26&27&32,
SUCCESS;152:edges = 193,fail_cases = 8,fault = 33&22&23&35&24&25&26&27&28&32,
SUCCESS;153:edges = 194,fail_cases = 8,fault = 33&22&23&35&24&25&26&27&28&29&32,
SUCCESS;154:edges = 195,fail_cases = 8,fault = 33&22&23&35&24&25&26&27&28&29&30&32,
SUCCESS;155:edges = 196,fail_cases = 8,fault = 35&36&32,
SUCCESS;156:edges = 197,fail_cases = 8,fault = 33&35&36&32,
SUCCESS;157:edges = 198,fail_cases = 8,fault = 33&22&23&35&24&36&25&26&27&32,
SUCCESS;158:edges = 199,fail_cases = 8,fault = 33&22&23&35&24&36&25&26&27&28&32,
SUCCESS;159:edges = 200,fail_cases = 8,fault = 33&22&23&35&24&36&25&26&27&28&29&32,
SUCCESS;160:edges = 201,fail_cases = 8,fault = 33&22&23&35&24&36&25&26&27&28&29&30&32,
SUCCESS;161:edges = 202,fail_cases = 8,fault = 35&36&37&32,
FAIL;162:edges = 202,fail_cases = 9,fault = 33&34&36&37&38&28&39&29&40&30&31,
SUCCESS;163:edges = 203,fail_cases = 9,fault = 35&36&37&38&32,
SUCCESS;164:edges = 204,fail_cases = 9,fault = 35&36&37&38&39&32,
SUCCESS;165:edges = 205,fail_cases = 9,fault = 33&35&36&37&32,
SUCCESS;166:edges = 206,fail_cases = 9,fault = 33&22&23&35&24&36&25&37&26&27&32,
SUCCESS;167:edges = 207,fail_cases = 9,fault = 33&22&23&35&24&36&25&37&26&27&28&32,
SUCCESS;168:edges = 208,fail_cases = 9,fault = 33&22&23&35&24&36&25&37&26&27&28&29&32,
SUCCESS;169:edges = 209,fail_cases = 9,fault = 33&22&23&35&24&36&25&37&26&27&28&29&30&32,
SUCCESS;170:edges = 210,fail_cases = 9,fault = 33&35&36&37&38&32,
SUCCESS;171:edges = 211,fail_cases = 9,fault = 33&22&23&35&24&36&25&37&26&38&27&32,
SUCCESS;172:edges = 212,fail_cases = 9,fault = 33&22&23&35&24&36&25&37&26&38&27&28&32,
SUCCESS;173:edges = 213,fail_cases = 9,fault = 33&22&23&35&24&36&25&37&26&38&27&28&29&32,
SUCCESS;174:edges = 214,fail_cases = 9,fault = 33&22&23&35&24&36&25&37&26&38&27&28&29&30&32,
SUCCESS;175:edges = 215,fail_cases = 9,fault = 33&35&36&37&38&39&32,
SUCCESS;176:edges = 216,fail_cases = 9,fault = 33&22&23&35&24&36&25&37&26&38&27&39&32,
SUCCESS;177:edges = 217,fail_cases = 9,fault = 33&22&23&35&24&36&25&37&26&38&27&39&28&32,
SUCCESS;178:edges = 218,fail_cases = 9,fault = 33&22&23&35&24&36&25&37&26&38&27&39&28&29&32,
SUCCESS;179:edges = 219,fail_cases = 9,fault = 33&22&23&35&24&36&25&37&26&38&27&39&28&29&30&32,
FAIL;180:edges = 219,fail_cases = 10,fault = 35&36&37&38&39&40,
SUCCESS;181:edges = 221,fail_cases = 10,fault = 41,
SUCCESS;182:edges = 222,fail_cases = 10,fault = 33&22&23&24&25&26&27&28&29&41&30&31,
SUCCESS;183:edges = 223,fail_cases = 10,fault = 33&22&23&24&25&36&26&27&28&29&41&30&31,
SUCCESS;184:edges = 224,fail_cases = 10,fault = 33&22&23&24&25&36&26&37&27&28&29&41&30&31,
SUCCESS;185:edges = 225,fail_cases = 10,fault = 33&22&23&24&25&36&26&37&27&38&28&29&41&30&31,
SUCCESS;186:edges = 226,fail_cases = 10,fault = 33&22&23&24&25&36&26&37&27&38&28&39&29&41&30&31,
SUCCESS;187:edges = 228,fail_cases = 10,fault = 41&42,
SUCCESS;188:edges = 229,fail_cases = 10,fault = 33&22&23&24&25&26&27&28&29&41&30&42&31,
SUCCESS;189:edges = 230,fail_cases = 10,fault = 33&22&23&24&25&36&26&27&28&29&41&30&42&31,
SUCCESS;190:edges = 231,fail_cases = 10,fault = 33&22&23&24&25&36&26&37&27&28&29&41&30&42&31,
SUCCESS;191:edges = 232,fail_cases = 10,fault = 33&22&23&24&25&36&26&37&27&38&28&29&41&30&42&31,
SUCCESS;192:edges = 233,fail_cases = 10,fault = 33&22&23&24&25&36&26&37&27&38&28&39&29&41&30&42&31,
FAIL;193:edges = 233,fail_cases = 11,fault = 41&42&43,
SUCCESS;194:edges = 235,fail_cases = 11,fault = 48,
SUCCESS;195:edges = 236,fail_cases = 11,fault = 48&41,
SUCCESS;196:edges = 237,fail_cases = 11,fault = 48&41&42,
SUCCESS;197:edges = 239,fail_cases = 11,fault = 48&49,
SUCCESS;198:edges = 240,fail_cases = 11,fault = 48&49&41,
SUCCESS;199:edges = 241,fail_cases = 11,fault = 48&49&41&42,
SUCCESS;200:edges = 243,fail_cases = 11,fault = 44&48&49,
SUCCESS;201:edges = 244,fail_cases = 11,fault = 44&48&49&41,
SUCCESS;202:edges = 245,fail_cases = 11,fault = 44&48&49&41&42,
SUCCESS;203:edges = 247,fail_cases = 11,fault = 44&45&48&49,
SUCCESS;204:edges = 248,fail_cases = 11,fault = 44&45&48&49&41,
SUCCESS;205:edges = 249,fail_cases = 11,fault = 44&45&48&49&41&42,
SUCCESS;206:edges = 251,fail_cases = 11,fault = 44&45&46&48&49,
SUCCESS;207:edges = 252,fail_cases = 11,fault = 44&45&46&48&49&41,
SUCCESS;208:edges = 253,fail_cases = 11,fault = 44&45&46&48&49&41&42,
FAIL;209:edges = 253,fail_cases = 12,fault = 44&45&46&47&48&49,
SUCCESS;210:edges = 255,fail_cases = 12,fault = 50,
SUCCESS;211:edges = 256,fail_cases = 12,fault = 48&50,
SUCCESS;212:edges = 257,fail_cases = 12,fault = 48&49&50,
SUCCESS;213:edges = 258,fail_cases = 12,fault = 44&48&49&50,
SUCCESS;214:edges = 259,fail_cases = 12,fault = 44&45&48&49&50,
SUCCESS;215:edges = 260,fail_cases = 12,fault = 44&45&46&48&49&50,
SUCCESS;216:edges = 262,fail_cases = 12,fault = 50&51,
SUCCESS;217:edges = 263,fail_cases = 12,fault = 48&50&51,
SUCCESS;218:edges = 264,fail_cases = 12,fault = 48&49&50&51,
SUCCESS;219:edges = 265,fail_cases = 12,fault = 44&48&49&50&51,
SUCCESS;220:edges = 266,fail_cases = 12,fault = 44&45&48&49&50&51,
SUCCESS;221:edges = 267,fail_cases = 12,fault = 44&45&46&48&49&50&51,
SUCCESS;222:edges = 269,fail_cases = 12,fault = 50&51&52,
SUCCESS;223:edges = 270,fail_cases = 12,fault = 48&50&51&52,
SUCCESS;224:edges = 271,fail_cases = 12,fault = 48&49&50&51&52,
SUCCESS;225:edges = 272,fail_cases = 12,fault = 44&48&49&50&51&52,
SUCCESS;226:edges = 273,fail_cases = 12,fault = 44&45&48&49&50&51&52,
SUCCESS;227:edges = 274,fail_cases = 12,fault = 44&45&46&48&49&50&51&52,
FAIL;228:edges = 274,fail_cases = 13,fault = 50&51&52&53,
SUCCESS;229:edges = 276,fail_cases = 13,fault = 54,
SUCCESS;230:edges = 277,fail_cases = 13,fault = 50&54,
SUCCESS;231:edges = 278,fail_cases = 13,fault = 50&51&54,
SUCCESS;232:edges = 279,fail_cases = 13,fault = 50&51&52&54,
FAIL;233:edges = 279,fail_cases = 14,fault = 55&54,
SUCCESS;234:edges = 281,fail_cases = 14,fault = 56,
SUCCESS;235:edges = 282,fail_cases = 14,fault = 56&54,
SUCCESS;236:edges = 284,fail_cases = 14,fault = 56&57,
SUCCESS;237:edges = 285,fail_cases = 14,fault = 56&57&54,
SUCCESS;238:edges = 287,fail_cases = 14,fault = 56&57&58,
SUCCESS;239:edges = 288,fail_cases = 14,fault = 56&57&58&54,
SUCCESS;240:edges = 290,fail_cases = 14,fault = 56&57&58&59,
SUCCESS;241:edges = 291,fail_cases = 14,fault = 56&57&58&59&54,
SUCCESS;242:edges = 293,fail_cases = 14,fault = 56&57&58&59&60,
SUCCESS;243:edges = 294,fail_cases = 14,fault = 56&57&58&59&60&54,
FAIL;244:edges = 294,fail_cases = 15,fault = 56&57&58&59&60&61,
SUCCESS;245:edges = 296,fail_cases = 15,fault = 64,
SUCCESS;246:edges = 297,fail_cases = 15,fault = 56&64,
SUCCESS;247:edges = 298,fail_cases = 15,fault = 56&57&64,
SUCCESS;248:edges = 299,fail_cases = 15,fault = 56&57&58&64,
SUCCESS;249:edges = 300,fail_cases = 15,fault = 56&57&58&59&64,
SUCCESS;250:edges = 301,fail_cases = 15,fault = 56&57&58&59&60&64,
SUCCESS;251:edges = 303,fail_cases = 15,fault = 64&65,
SUCCESS;252:edges = 304,fail_cases = 15,fault = 56&64&65,
SUCCESS;253:edges = 305,fail_cases = 15,fault = 56&57&64&65,
SUCCESS;254:edges = 306,fail_cases = 15,fault = 56&57&58&64&65,
SUCCESS;255:edges = 307,fail_cases = 15,fault = 56&57&58&59&64&65,
SUCCESS;256:edges = 308,fail_cases = 15,fault = 56&57&58&59&60&64&65,
SUCCESS;257:edges = 310,fail_cases = 15,fault = 66&64&65,
SUCCESS;258:edges = 311,fail_cases = 15,fault = 66&56&64&65,
SUCCESS;259:edges = 312,fail_cases = 15,fault = 66&56&57&64&65,
SUCCESS;260:edges = 313,fail_cases = 15,fault = 66&56&57&58&64&65,
SUCCESS;261:edges = 314,fail_cases = 15,fault = 66&56&57&58&59&64&65,
SUCCESS;262:edges = 315,fail_cases = 15,fault = 66&56&57&58&59&60&64&65,
SUCCESS;263:edges = 317,fail_cases = 15,fault = 66&67&64&65,
SUCCESS;264:edges = 318,fail_cases = 15,fault = 66&67&56&64&65,
SUCCESS;265:edges = 319,fail_cases = 15,fault = 66&67&56&57&64&65,
SUCCESS;266:edges = 320,fail_cases = 15,fault = 66&67&56&57&58&64&65,
SUCCESS;267:edges = 321,fail_cases = 15,fault = 66&67&56&57&58&59&64&65,
SUCCESS;268:edges = 322,fail_cases = 15,fault = 66&67&56&57&58&59&60&64&65,
SUCCESS;269:edges = 324,fail_cases = 15,fault = 66&67&68&64&65,
SUCCESS;270:edges = 325,fail_cases = 15,fault = 66&67&56&68&64&65,
SUCCESS;271:edges = 326,fail_cases = 15,fault = 66&67&56&68&57&64&65,
SUCCESS;272:edges = 327,fail_cases = 15,fault = 66&67&56&68&57&58&64&65,
SUCCESS;273:edges = 328,fail_cases = 15,fault = 66&67&56&68&57&58&59&64&65,
SUCCESS;274:edges = 329,fail_cases = 15,fault = 66&67&56&68&57&58&59&60&64&65,
SUCCESS;275:edges = 331,fail_cases = 15,fault = 66&67&68&62&64&65,
SUCCESS;276:edges = 332,fail_cases = 15,fault = 66&67&56&68&62&64&65,
SUCCESS;277:edges = 333,fail_cases = 15,fault = 66&67&56&68&57&62&64&65,
SUCCESS;278:edges = 334,fail_cases = 15,fault = 66&67&56&68&57&58&62&64&65,
SUCCESS;279:edges = 335,fail_cases = 15,fault = 66&67&56&68&57&58&59&62&64&65,
SUCCESS;280:edges = 336,fail_cases = 15,fault = 66&67&56&68&57&58&59&60&62&64&65,
FAIL;281:edges = 336,fail_cases = 16,fault = 66&67&68&62&63&64&65,
SUCCESS;282:edges = 338,fail_cases = 16,fault = 69,
SUCCESS;283:edges = 339,fail_cases = 16,fault = 69&64,
SUCCESS;284:edges = 340,fail_cases = 16,fault = 69&64&65,
SUCCESS;285:edges = 341,fail_cases = 16,fault = 66&69&64&65,
SUCCESS;286:edges = 342,fail_cases = 16,fault = 66&67&69&64&65,
SUCCESS;287:edges = 343,fail_cases = 16,fault = 66&67&68&69&64&65,
SUCCESS;288:edges = 344,fail_cases = 16,fault = 66&67&68&69&62&64&65,
SUCCESS;289:edges = 346,fail_cases = 16,fault = 69&70,
SUCCESS;290:edges = 347,fail_cases = 16,fault = 69&70&64,
SUCCESS;291:edges = 348,fail_cases = 16,fault = 69&70&64&65,
SUCCESS;292:edges = 349,fail_cases = 16,fault = 66&69&70&64&65,
SUCCESS;293:edges = 350,fail_cases = 16,fault = 66&67&69&70&64&65,
SUCCESS;294:edges = 351,fail_cases = 16,fault = 66&67&68&69&70&64&65,
SUCCESS;295:edges = 352,fail_cases = 16,fault = 66&67&68&69&70&62&64&65,
SUCCESS;296:edges = 354,fail_cases = 16,fault = 69&70&71,
SUCCESS;297:edges = 355,fail_cases = 16,fault = 69&70&71&64,
SUCCESS;298:edges = 356,fail_cases = 16,fault = 69&70&71&64&65,
SUCCESS;299:edges = 357,fail_cases = 16,fault = 66&69&70&71&64&65,
SUCCESS;300:edges = 358,fail_cases = 16,fault = 66&67&69&70&71&64&65,
SUCCESS;301:edges = 359,fail_cases = 16,fault = 66&67&68&69&70&71&64&65,
SUCCESS;302:edges = 360,fail_cases = 16,fault = 66&67&68&69&70&71&62&64&65,
SUCCESS;303:edges = 362,fail_cases = 16,fault = 69&70&71&72,
SUCCESS;304:edges = 363,fail_cases = 16,fault = 69&70&71&72&64,
SUCCESS;305:edges = 364,fail_cases = 16,fault = 69&70&71&72&64&65,
SUCCESS;306:edges = 365,fail_cases = 16,fault = 66&69&70&71&72&64&65,
SUCCESS;307:edges = 366,fail_cases = 16,fault = 66&67&69&70&71&72&64&65,
SUCCESS;308:edges = 367,fail_cases = 16,fault = 66&67&68&69&70&71&72&64&65,
SUCCESS;309:edges = 368,fail_cases = 16,fault = 66&67&68&69&70&71&72&62&64&65,
FAIL;310:edges = 368,fail_cases = 17,fault = 69&70&71&72&73,
SUCCESS;311:edges = 370,fail_cases = 17,fault = 80,
SUCCESS;312:edges = 371,fail_cases = 17,fault = 69&80,
SUCCESS;313:edges = 372,fail_cases = 17,fault = 69&80&70,
SUCCESS;314:edges = 373,fail_cases = 17,fault = 69&80&70&71,
SUCCESS;315:edges = 374,fail_cases = 17,fault = 69&80&70&71&72,
SUCCESS;316:edges = 376,fail_cases = 17,fault = 80&81,
SUCCESS;317:edges = 377,fail_cases = 17,fault = 69&80&81,
SUCCESS;318:edges = 378,fail_cases = 17,fault = 69&80&81&70,
SUCCESS;319:edges = 379,fail_cases = 17,fault = 69&80&81&70&71,
SUCCESS;320:edges = 380,fail_cases = 17,fault = 69&80&81&70&71&72,
SUCCESS;321:edges = 382,fail_cases = 17,fault = 80&81&74,
SUCCESS;322:edges = 383,fail_cases = 17,fault = 69&80&81&74,
SUCCESS;323:edges = 384,fail_cases = 17,fault = 69&80&81&70&74,
SUCCESS;324:edges = 385,fail_cases = 17,fault = 69&80&81&70&71&74,
SUCCESS;325:edges = 386,fail_cases = 17,fault = 69&80&81&70&71&72&74,
SUCCESS;326:edges = 388,fail_cases = 17,fault = 80&81&74&75,
SUCCESS;327:edges = 389,fail_cases = 17,fault = 69&80&81&74&75,
SUCCESS;328:edges = 390,fail_cases = 17,fault = 69&80&81&70&74&75,
SUCCESS;329:edges = 391,fail_cases = 17,fault = 69&80&81&70&71&74&75,
SUCCESS;330:edges = 392,fail_cases = 17,fault = 69&80&81&70&71&72&74&75,
SUCCESS;331:edges = 394,fail_cases = 17,fault = 80&81&74&75&76,
SUCCESS;332:edges = 395,fail_cases = 17,fault = 69&80&81&74&75&76,
SUCCESS;333:edges = 396,fail_cases = 17,fault = 69&80&81&70&74&75&76,
SUCCESS;334:edges = 397,fail_cases = 17,fault = 69&80&81&70&71&74&75&76,
SUCCESS;335:edges = 399,fail_cases = 17,fault = 69&80&81&70&71&73&74&75&76,
SUCCESS;336:edges = 401,fail_cases = 17,fault = 78&69&80&81&70&71&73&74&75&76,
FAIL;337:edges = 401,fail_cases = 18,fault = 78&79&69&80&81&70&71&73&74&75&76,
SUCCESS;338:edges = 402,fail_cases = 18,fault = 77&80&81&72&74&75&76,
SUCCESS;339:edges = 403,fail_cases = 18,fault = 77&78&80&81&72&74&75&76,
SUCCESS;340:edges = 404,fail_cases = 18,fault = 77&69&80&81&72&74&75&76,
SUCCESS;341:edges = 405,fail_cases = 18,fault = 77&78&69&80&81&72&74&75&76,
SUCCESS;342:edges = 406,fail_cases = 18,fault = 77&69&80&81&70&72&74&75&76,
SUCCESS;343:edges = 407,fail_cases = 18,fault = 77&69&80&81&70&72&73&74&75&76,
FAIL;344:edges = 407,fail_cases = 19,fault = 77&79&69&80&81&70&72&73&74&75&76,
SUCCESS;345:edges = 408,fail_cases = 19,fault = 77&78&69&80&81&70&71&72&74&75&76,
FAIL;346:edges = 408,fail_cases = 20,fault = 77&78&79&80&81&74&75&76,
SUCCESS;347:edges = 410,fail_cases = 20,fault = 82,
SUCCESS;348:edges = 411,fail_cases = 20,fault = 80&82,
SUCCESS;349:edges = 412,fail_cases = 20,fault = 80&81&82,
SUCCESS;350:edges = 413,fail_cases = 20,fault = 80&81&82&74,
SUCCESS;351:edges = 414,fail_cases = 20,fault = 80&81&82&74&75,
SUCCESS;352:edges = 415,fail_cases = 20,fault = 80&81&82&74&75&76,
SUCCESS;353:edges = 416,fail_cases = 20,fault = 69&80&81&70&82&71&73&74&75&76,
SUCCESS;354:edges = 417,fail_cases = 20,fault = 78&69&80&81&70&82&71&73&74&75&76,
SUCCESS;355:edges = 419,fail_cases = 20,fault = 82&83,
SUCCESS;356:edges = 420,fail_cases = 20,fault = 80&82&83,
SUCCESS;357:edges = 421,fail_cases = 20,fault = 80&81&82&83,
SUCCESS;358:edges = 422,fail_cases = 20,fault = 80&81&82&83&74,
SUCCESS;359:edges = 423,fail_cases = 20,fault = 80&81&82&83&74&75,
SUCCESS;360:edges = 424,fail_cases = 20,fault = 80&81&82&83&74&75&76,
SUCCESS;361:edges = 425,fail_cases = 20,fault = 69&80&81&70&82&71&83&73&74&75&76,
SUCCESS;362:edges = 426,fail_cases = 20,fault = 77&69&80&81&70&82&83&72&73&74&75&76,
SUCCESS;363:edges = 428,fail_cases = 20,fault = 82&83&84,
SUCCESS;364:edges = 429,fail_cases = 20,fault = 80&82&83&84,
SUCCESS;365:edges = 430,fail_cases = 20,fault = 80&81&82&83&84,
SUCCESS;366:edges = 431,fail_cases = 20,fault = 80&81&82&83&84&74,
SUCCESS;367:edges = 432,fail_cases = 20,fault = 80&81&82&83&84&74&75,
SUCCESS;368:edges = 433,fail_cases = 20,fault = 80&81&82&83&84&74&75&76,
SUCCESS;369:edges = 434,fail_cases = 20,fault = 69&80&81&70&82&71&83&84&73&74&75&76,
SUCCESS;370:edges = 435,fail_cases = 20,fault = 77&69&80&81&70&82&83&72&84&73&74&75&76,
SUCCESS;371:edges = 437,fail_cases = 20,fault = 82&83&84&85,
SUCCESS;372:edges = 438,fail_cases = 20,fault = 80&82&83&84&85,
SUCCESS;373:edges = 439,fail_cases = 20,fault = 80&81&82&83&84&85,
SUCCESS;374:edges = 440,fail_cases = 20,fault = 80&81&82&83&84&85&74,
SUCCESS;375:edges = 441,fail_cases = 20,fault = 80&81&82&83&84&85&74&75,
SUCCESS;376:edges = 442,fail_cases = 20,fault = 80&81&82&83&84&85&74&75&76,
SUCCESS;377:edges = 443,fail_cases = 20,fault = 69&80&81&70&82&71&83&84&73&85&74&75&76,
SUCCESS;378:edges = 444,fail_cases = 20,fault = 77&69&80&81&70&82&83&72&84&73&85&74&75&76,
SUCCESS;379:edges = 446,fail_cases = 20,fault = 82&83&84&85&86,
SUCCESS;380:edges = 447,fail_cases = 20,fault = 80&82&83&84&85&86,
SUCCESS;381:edges = 448,fail_cases = 20,fault = 80&81&82&83&84&85&86,
SUCCESS;382:edges = 449,fail_cases = 20,fault = 80&81&82&83&84&85&74&86,
SUCCESS;383:edges = 450,fail_cases = 20,fault = 80&81&82&83&84&85&74&86&75,
SUCCESS;384:edges = 451,fail_cases = 20,fault = 80&81&82&83&84&85&74&86&75&76,
SUCCESS;385:edges = 452,fail_cases = 20,fault = 69&80&81&70&82&71&83&84&73&85&74&86&75&76,
SUCCESS;386:edges = 453,fail_cases = 20,fault = 78&69&80&81&70&82&71&83&84&73&85&74&86&75&76,
SUCCESS;387:edges = 455,fail_cases = 20,fault = 82&83&84&85&86&87,
SUCCESS;388:edges = 456,fail_cases = 20,fault = 80&82&83&84&85&86&87,
SUCCESS;389:edges = 457,fail_cases = 20,fault = 80&81&82&83&84&85&86&87,
SUCCESS;390:edges = 458,fail_cases = 20,fault = 80&81&82&83&84&85&74&86&87,
SUCCESS;391:edges = 459,fail_cases = 20,fault = 80&81&82&83&84&85&74&86&75&87,
SUCCESS;392:edges = 460,fail_cases = 20,fault = 80&81&82&83&84&85&74&86&75&87&76,
SUCCESS;393:edges = 461,fail_cases = 20,fault = 69&80&81&70&82&71&83&84&73&85&74&86&75&87&76,
SUCCESS;394:edges = 462,fail_cases = 20,fault = 78&69&80&81&70&82&71&83&84&73&85&74&86&75&87&76,
FAIL;395:edges = 462,fail_cases = 21,fault = 88&82&83&84&85&86&87,
SUCCESS;396:edges = 464,fail_cases = 21,fault = 89,
SUCCESS;397:edges = 465,fail_cases = 21,fault = 89&82,
SUCCESS;398:edges = 466,fail_cases = 21,fault = 89&82&83,
SUCCESS;399:edges = 467,fail_cases = 21,fault = 89&82&83&84,
SUCCESS;400:edges = 468,fail_cases = 21,fault = 89&82&83&84&85,
SUCCESS;401:edges = 469,fail_cases = 21,fault = 89&82&83&84&85&86,
SUCCESS;402:edges = 470,fail_cases = 21,fault = 89&82&83&84&85&86&87,
SUCCESS;403:edges = 472,fail_cases = 21,fault = 89&90,
SUCCESS;404:edges = 473,fail_cases = 21,fault = 89&90&82,
SUCCESS;405:edges = 474,fail_cases = 21,fault = 89&90&82&83,
SUCCESS;406:edges = 475,fail_cases = 21,fault = 89&90&82&83&84,
SUCCESS;407:edges = 476,fail_cases = 21,fault = 89&90&82&83&84&85,
SUCCESS;408:edges = 477,fail_cases = 21,fault = 89&90&82&83&84&85&86,
SUCCESS;409:edges = 478,fail_cases = 21,fault = 89&90&82&83&84&85&86&87,
SUCCESS;410:edges = 480,fail_cases = 21,fault = 89&90&91,
SUCCESS;411:edges = 481,fail_cases = 21,fault = 89&90&91&82,
SUCCESS;412:edges = 482,fail_cases = 21,fault = 89&90&91&82&83,
SUCCESS;413:edges = 483,fail_cases = 21,fault = 89&90&91&82&83&84,
SUCCESS;414:edges = 484,fail_cases = 21,fault = 89&90&91&82&83&84&85,
SUCCESS;415:edges = 485,fail_cases = 21,fault = 89&90&91&82&83&84&85&86,
SUCCESS;416:edges = 486,fail_cases = 21,fault = 89&90&91&82&83&84&85&86&87,
SUCCESS;417:edges = 488,fail_cases = 21,fault = 89&90&91&92,
SUCCESS;418:edges = 489,fail_cases = 21,fault = 89&90&91&92&82,
SUCCESS;419:edges = 490,fail_cases = 21,fault = 89&90&91&92&82&83,
SUCCESS;420:edges = 491,fail_cases = 21,fault = 89&90&91&92&82&83&84,
SUCCESS;421:edges = 492,fail_cases = 21,fault = 89&90&91&92&82&83&84&85,
SUCCESS;422:edges = 493,fail_cases = 21,fault = 89&90&91&92&82&83&84&85&86,
SUCCESS;423:edges = 494,fail_cases = 21,fault = 89&90&91&92&82&83&84&85&86&87,
SUCCESS;424:edges = 496,fail_cases = 21,fault = 89&90&91&92&93,
SUCCESS;425:edges = 497,fail_cases = 21,fault = 89&90&91&92&93&82,
SUCCESS;426:edges = 498,fail_cases = 21,fault = 89&90&91&92&93&82&83,
SUCCESS;427:edges = 499,fail_cases = 21,fault = 89&90&91&92&93&82&83&84,
SUCCESS;428:edges = 500,fail_cases = 21,fault = 89&90&91&92&93&82&83&84&85,
SUCCESS;429:edges = 501,fail_cases = 21,fault = 89&90&91&92&93&82&83&84&85&86,
SUCCESS;430:edges = 502,fail_cases = 21,fault = 89&90&91&92&93&82&83&84&85&86&87,
SUCCESS;431:edges = 504,fail_cases = 21,fault = 89&90&91&92&93&94,
SUCCESS;432:edges = 505,fail_cases = 21,fault = 89&90&91&92&93&82&94,
SUCCESS;433:edges = 506,fail_cases = 21,fault = 89&90&91&92&93&82&94&83,
SUCCESS;434:edges = 507,fail_cases = 21,fault = 89&90&91&92&93&82&94&83&84,
SUCCESS;435:edges = 508,fail_cases = 21,fault = 89&90&91&92&93&82&94&83&84&85,
SUCCESS;436:edges = 509,fail_cases = 21,fault = 89&90&91&92&93&82&94&83&84&85&86,
SUCCESS;437:edges = 510,fail_cases = 21,fault = 89&90&91&92&93&82&94&83&84&85&86&87,
FAIL;438:edges = 510,fail_cases = 22,fault = 89&90&91&92&93&94&95,
SUCCESS;439:edges = 511,fail_cases = 22,fault = 96,
SUCCESS;440:edges = 512,fail_cases = 22,fault = 89&96,
SUCCESS;441:edges = 513,fail_cases = 22,fault = 89&90&96,
SUCCESS;442:edges = 514,fail_cases = 22,fault = 89&90&91&96,
SUCCESS;443:edges = 515,fail_cases = 22,fault = 89&90&91&92&96,
SUCCESS;444:edges = 516,fail_cases = 22,fault = 89&90&91&92&93&96,
SUCCESS;445:edges = 517,fail_cases = 22,fault = 89&90&91&92&93&94&96,
FAIL;446:edges = 517,fail_cases = 23,fault = 96&97,