SUCCESS;0:edges = 2,fail_cases = 0,fault = ,
SUCCESS;1:edges = 3,fail_cases = 0,fault = 1,
SUCCESS;2:edges = 4,fail_cases = 0,fault = 1&2,
SUCCESS;3:edges = 5,fail_cases = 0,fault = 1&2&3,
SUCCESS;4:edges = 6,fail_cases = 0,fault = 1&2&3&4,
FAIL;5:edges = 6,fail_cases = 1,fault = 1&2&3&4&5,
SUCCESS;6:edges = 8,fail_cases = 1,fault = 6,
SUCCESS;7:edges = 9,fail_cases = 1,fault = 1&6,
SUCCESS;8:edges = 10,fail_cases = 1,fault = 1&2&6,
SUCCESS;9:edges = 11,fail_cases = 1,fault = 1&2&3&6,
SUCCESS;10:edges = 12,fail_cases = 1,fault = 1&2&3&4&6,
SUCCESS;11:edges = 14,fail_cases = 1,fault = 6&7,
SUCCESS;12:edges = 15,fail_cases = 1,fault = 1&6&7,
SUCCESS;13:edges = 16,fail_cases = 1,fault = 1&2&6&7,
SUCCESS;14:edges = 17,fail_cases = 1,fault = 1&2&3&6&7,
SUCCESS;15:edges = 18,fail_cases = 1,fault = 1&2&3&4&6&7,
SUCCESS;16:edges = 20,fail_cases = 1,fault = 6&7&8,
SUCCESS;17:edges = 21,fail_cases = 1,fault = 1&6&7&8,
SUCCESS;18:edges = 22,fail_cases = 1,fault = 1&2&6&7&8,
SUCCESS;19:edges = 23,fail_cases = 1,fault = 1&2&3&6&7&8,
SUCCESS;20:edges = 24,fail_cases = 1,fault = 1&2&3&4&6&7&8,
SUCCESS;21:edges = 26,fail_cases = 1,fault = 6&7&8&9,
SUCCESS;22:edges = 27,fail_cases = 1,fault = 1&6&7&8&9,
SUCCESS;23:edges = 28,fail_cases = 1,fault = 1&2&6&7&8&9,
SUCCESS;24:edges = 29,fail_cases = 1,fault = 1&2&3&6&7&8&9,
SUCCESS;25:edges = 30,fail_cases = 1,fault = 1&2&3&4&6&7&8&9,
SUCCESS;26:edges = 32,fail_cases = 1,fault = 6&7&8&9&10,
SUCCESS;27:edges = 33,fail_cases = 1,fault = 1&6&7&8&9&10,
SUCCESS;28:edges = 34,fail_cases = 1,fault = 1&2&6&7&8&9&10,
SUCCESS;29:edges = 35,fail_cases = 1,fault = 1&2&3&6&7&8&9&10,
SUCCESS;30:edges = 36,fail_cases = 1,fault = 1&2&3&4&6&7&8&9&10,
SUCCESS;31:edges = 38,fail_cases = 1,fault = 11&6&7&8&9&10,
SUCCESS;32:edges = 39,fail_cases = 1,fault = 11&1&6&7&8&9&10,
SUCCESS;33:edges = 40,fail_cases = 1,fault = 11&1&2&6&7&8&9&10,
SUCCESS;34:edges = 41,fail_cases = 1,fault = 11&1&2&3&6&7&8&9&10,
SUCCESS;35:edges = 42,fail_cases = 1,fault = 11&1&2&3&4&6&7&8&9&10,
SUCCESS;36:edges = 44,fail_cases = 1,fault = 11&12&6&7&8&9&10,
SUCCESS;37:edges = 45,fail_cases = 1,fault = 11&12&1&6&7&8&9&10,
SUCCESS;38:edges = 46,fail_cases = 1,fault = 11&12&1&2&6&7&8&9&10,
SUCCESS;39:edges = 47,fail_cases = 1,fault = 11&12&1&2&3&6&7&8&9&10,
SUCCESS;40:edges = 48,fail_cases = 1,fault = 11&12&1&2&3&4&6&7&8&9&10,
FAIL;41:edges = 48,fail_cases = 2,fault = 11&12&13&6&7&8&9&10,
SUCCESS;42:edges = 49,fail_cases = 2,fault = 16,
SUCCESS;43:edges = 50,fail_cases = 2,fault = 16&6,
SUCCESS;44:edges = 51,fail_cases = 2,fault = 16&6&7,
SUCCESS;45:edges = 52,fail_cases = 2,fault = 16&6&7&8,
SUCCESS;46:edges = 53,fail_cases = 2,fault = 16&6&7&8&9,
SUCCESS;47:edges = 54,fail_cases = 2,fault = 16&6&7&8&9&10,
SUCCESS;48:edges = 55,fail_cases = 2,fault = 11&16&6&7&8&9&10,
SUCCESS;49:edges = 56,fail_cases = 2,fault = 11&12&16&6&7&8&9&10,
SUCCESS;50:edges = 57,fail_cases = 2,fault = 16&17,
SUCCESS;51:edges = 58,fail_cases = 2,fault = 16&17&6,
SUCCESS;52:edges = 59,fail_cases = 2,fault = 16&17&6&7,
SUCCESS;53:edges = 60,fail_cases = 2,fault = 16&17&6&7&8,
SUCCESS;54:edges = 61,fail_cases = 2,fault = 16&17&6&7&8&9,
SUCCESS;55:edges = 62,fail_cases = 2,fault = 16&17&6&7&8&9&10,
SUCCESS;56:edges = 63,fail_cases = 2,fault = 11&16&17&6&7&8&9&10,
SUCCESS;57:edges = 64,fail_cases = 2,fault = 11&12&16&17&6&7&8&9&10,
SUCCESS;58:edges = 65,fail_cases = 2,fault = 16&17&18,
SUCCESS;59:edges = 66,fail_cases = 2,fault = 16&17&6&18,
SUCCESS;60:edges = 67,fail_cases = 2,fault = 16&17&6&18&7,
SUCCESS;61:edges = 68,fail_cases = 2,fault = 16&17&6&18&7&8,
SUCCESS;62:edges = 69,fail_cases = 2,fault = 16&17&6&18&7&8&9,
SUCCESS;63:edges = 70,fail_cases = 2,fault = 16&17&6&18&7&8&9&10,
SUCCESS;64:edges = 71,fail_cases = 2,fault = 11&16&17&6&18&7&8&9&10,
SUCCESS;65:edges = 72,fail_cases = 2,fault = 11&12&16&17&6&18&7&8&9&10,
SUCCESS;66:edges = 73,fail_cases = 2,fault = 16&17&18&19,
SUCCESS;67:edges = 74,fail_cases = 2,fault = 16&17&6&18&19,
SUCCESS;68:edges = 75,fail_cases = 2,fault = 16&17&6&18&7&19,
SUCCESS;69:edges = 76,fail_cases = 2,fault = 16&17&6&18&7&19&8,
SUCCESS;70:edges = 77,fail_cases = 2,fault = 16&17&6&18&7&19&8&9,
SUCCESS;71:edges = 78,fail_cases = 2,fault = 16&17&6&18&7&19&8&9&10,
SUCCESS;72:edges = 79,fail_cases = 2,fault = 11&16&17&6&18&7&19&8&9&10,
SUCCESS;73:edges = 80,fail_cases = 2,fault = 11&12&16&17&6&18&7&19&8&9&10,
SUCCESS;74:edges = 81,fail_cases = 2,fault = 16&17&18&19&20,
SUCCESS;75:edges = 82,fail_cases = 2,fault = 16&17&6&18&19&20,
SUCCESS;76:edges = 83,fail_cases = 2,fault = 16&17&6&18&7&19&20,
SUCCESS;77:edges = 84,fail_cases = 2,fault = 16&17&6&18&7&19&8&20,
SUCCESS;78:edges = 85,fail_cases = 2,fault = 16&17&6&18&7&19&8&9&20,
SUCCESS;79:edges = 86,fail_cases = 2,fault = 16&17&6&18&7&19&8&9&20&10,
SUCCESS;80:edges = 87,fail_cases = 2,fault = 11&16&17&6&18&7&19&8&9&20&10,
SUCCESS;81:edges = 88,fail_cases = 2,fault = 11&12&16&17&6&18&7&19&8&9&20&10,
SUCCESS;82:edges = 89,fail_cases = 2,fault = 14&16&17&18&19&20,
SUCCESS;83:edges = 90,fail_cases = 2,fault = 14&16&17&6&18&19&20,
SUCCESS;84:edges = 91,fail_cases = 2,fault = 14&16&17&6&18&7&19&20,
SUCCESS;85:edges = 92,fail_cases = 2,fault = 14&16&17&6&18&7&19&8&20,
SUCCESS;86:edges = 93,fail_cases = 2,fault = 14&16&17&6&18&7&19&8&9&20,
SUCCESS;87:edges = 94,fail_cases = 2,fault = 14&16&17&6&18&7&19&8&9&20&10,
SUCCESS;88:edges = 95,fail_cases = 2,fault = 11&14&16&17&6&18&7&19&8&9&20&10,
SUCCESS;89:edges = 96,fail_cases = 2,fault = 11&12&14&16&17&18&19&6&7&8&9&20&10,
FAIL;90:edges = 96,fail_cases = 3,fault = 14&15&16&17&18&19&20,