SUCCESS;0:edges = 10,fail_cases = 0,fault = ,
SUCCESS;1:edges = 11,fail_cases = 0,fault = 1,
SUCCESS;2:edges = 12,fail_cases = 0,fault = 1&2,
SUCCESS;3:edges = 13,fail_cases = 0,fault = 1&2&3,
SUCCESS;4:edges = 14,fail_cases = 0,fault = 1&2&3&4,
SUCCESS;5:edges = 15,fail_cases = 0,fault = 1&2&3&4&5,
SUCCESS;6:edges = 16,fail_cases = 0,fault = 1&2&3&4&5&6,
FAIL;7:edges = 16,fail_cases = 1,fault = 1&2&3&4&5&6&7,
SUCCESS;8:edges = 18,fail_cases = 1,fault = 8,
SUCCESS;9:edges = 19,fail_cases = 1,fault = 1&8,
SUCCESS;10:edges = 20,fail_cases = 1,fault = 1&2&8,
SUCCESS;11:edges = 21,fail_cases = 1,fault = 1&2&3&8,
SUCCESS;12:edges = 22,fail_cases = 1,fault = 1&2&3&4&8,
SUCCESS;13:edges = 23,fail_cases = 1,fault = 1&2&3&4&5&8,
SUCCESS;14:edges = 24,fail_cases = 1,fault = 1&2&3&4&5&6&8,
SUCCESS;15:edges = 26,fail_cases = 1,fault = 8&9,
SUCCESS;16:edges = 27,fail_cases = 1,fault = 1&8&9,
SUCCESS;17:edges = 28,fail_cases = 1,fault = 1&3&8&9,
SUCCESS;18:edges = 29,fail_cases = 1,fault = 1&3&4&8&9,
SUCCESS;19:edges = 30,fail_cases = 1,fault = 1&3&4&5&8&9,
SUCCESS;20:edges = 31,fail_cases = 1,fault = 1&3&4&5&6&8&9,
SUCCESS;21:edges = 33,fail_cases = 1,fault = 1&3&4&5&6&7&8&9,
SUCCESS;22:edges = 34,fail_cases = 1,fault = 2&8&9&10,
SUCCESS;23:edges = 36,fail_cases = 1,fault = 11&1&3&4&5&6&7&8&9,
SUCCESS;24:edges = 37,fail_cases = 1,fault = 1&2&8&9&10,
SUCCESS;25:edges = 38,fail_cases = 1,fault = 1&2&3&8&9&10,
SUCCESS;26:edges = 39,fail_cases = 1,fault = 11&2&8&9&10,
SUCCESS;27:edges = 40,fail_cases = 1,fault = 11&1&2&8&9&10,
SUCCESS;28:edges = 41,fail_cases = 1,fault = 1&2&3&4&8&9&10,
SUCCESS;29:edges = 42,fail_cases = 1,fault = 11&1&2&3&8&9&10,
SUCCESS;30:edges = 43,fail_cases = 1,fault = 11&1&2&3&4&8&9&10,
SUCCESS;31:edges = 44,fail_cases = 1,fault = 1&2&3&4&5&8&9&10,
SUCCESS;32:edges = 45,fail_cases = 1,fault = 11&1&2&3&4&5&8&9&10,
SUCCESS;33:edges = 46,fail_cases = 1,fault = 1&2&3&4&5&6&8&9&10,
SUCCESS;34:edges = 47,fail_cases = 1,fault = 11&1&2&3&4&5&6&8&9&10,
FAIL;35:edges = 47,fail_cases = 2,fault = 11&1&12&3&4&5&6&7&8&9,
FAIL;36:edges = 47,fail_cases = 3,fault = 11&12&8&9&10,
SUCCESS;37:edges = 49,fail_cases = 3,fault = 13,
SUCCESS;38:edges = 50,fail_cases = 3,fault = 13&8,
SUCCESS;39:edges = 51,fail_cases = 3,fault = 13&8&9,
SUCCESS;40:edges = 52,fail_cases = 3,fault = 1&13&3&4&5&6&7&8&9,
SUCCESS;41:edges = 53,fail_cases = 3,fault = 11&1&13&3&4&5&6&7&8&9,
SUCCESS;42:edges = 55,fail_cases = 3,fault = 13&14,
SUCCESS;43:edges = 56,fail_cases = 3,fault = 13&14&8,
SUCCESS;44:edges = 57,fail_cases = 3,fault = 13&14&8&9,
SUCCESS;45:edges = 58,fail_cases = 3,fault = 1&13&14&3&4&5&6&7&8&9,
SUCCESS;46:edges = 59,fail_cases = 3,fault = 11&1&13&14&3&4&5&6&7&8&9,
FAIL;47:edges = 59,fail_cases = 4,fault = 13&14&15,
SUCCESS;48:edges = 61,fail_cases = 4,fault = 16,
SUCCESS;49:edges = 62,fail_cases = 4,fault = 13&16,
SUCCESS;50:edges = 63,fail_cases = 4,fault = 13&14&16,
SUCCESS;51:edges = 65,fail_cases = 4,fault = 16&17,
SUCCESS;52:edges = 66,fail_cases = 4,fault = 13&16&17,
SUCCESS;53:edges = 67,fail_cases = 4,fault = 13&14&16&17,
SUCCESS;54:edges = 69,fail_cases = 4,fault = 16&17&18,
SUCCESS;55:edges = 70,fail_cases = 4,fault = 13&16&17&18,
SUCCESS;56:edges = 71,fail_cases = 4,fault = 13&14&16&17&18,
SUCCESS;57:edges = 73,fail_cases = 4,fault = 16&17&18&19,
SUCCESS;58:edges = 74,fail_cases = 4,fault = 13&16&17&18&19,
SUCCESS;59:edges = 75,fail_cases = 4,fault = 13&14&16&17&18&19,
SUCCESS;60:edges = 77,fail_cases = 4,fault = 16&17&18&19&20,
SUCCESS;61:edges = 78,fail_cases = 4,fault = 13&16&17&18&19&20,
SUCCESS;62:edges = 79,fail_cases = 4,fault = 13&14&16&17&18&19&20,
SUCCESS;63:edges = 81,fail_cases = 4,fault = 16&17&18&19&20&21,
SUCCESS;64:edges = 82,fail_cases = 4,fault = 13&16&17&18&19&20&21,
SUCCESS;65:edges = 83,fail_cases = 4,fault = 13&14&16&17&18&19&20&21,
FAIL;66:edges = 83,fail_cases = 5,fault = 22&16&17&18&19&20&21,
SUCCESS;67:edges = 85,fail_cases = 5,fault = 23,
SUCCESS;68:edges = 86,fail_cases = 5,fault = 23&16,
SUCCESS;69:edges = 87,fail_cases = 5,fault = 23&16&17,
SUCCESS;70:edges = 88,fail_cases = 5,fault = 23&16&17&18,
SUCCESS;71:edges = 89,fail_cases = 5,fault = 23&16&17&18&19,
SUCCESS;72:edges = 90,fail_cases = 5,fault = 23&16&17&18&19&20,
SUCCESS;73:edges = 91,fail_cases = 5,fault = 23&16&17&18&19&20&21,
SUCCESS;74:edges = 93,fail_cases = 5,fault = 23&24,
SUCCESS;75:edges = 94,fail_cases = 5,fault = 23&24&16,
SUCCESS;76:edges = 95,fail_cases = 5,fault = 23&24&16&17,
SUCCESS;77:edges = 96,fail_cases = 5,fault = 23&24&16&17&18,
SUCCESS;78:edges = 97,fail_cases = 5,fault = 23&24&16&17&18&19,
SUCCESS;79:edges = 98,fail_cases = 5,fault = 23&24&16&17&18&19&20,
SUCCESS;80:edges = 99,fail_cases = 5,fault = 23&24&16&17&18&19&20&21,
FAIL;81:edges = 99,fail_cases = 6,fault = 23&24&25,
SUCCESS;82:edges = 101,fail_cases = 6,fault = 32,
SUCCESS;83:edges = 102,fail_cases = 6,fault = 23&32,
SUCCESS;84:edges = 103,fail_cases = 6,fault = 23&24&32,
SUCCESS;85:edges = 105,fail_cases = 6,fault = 33&32,
SUCCESS;86:edges = 106,fail_cases = 6,fault = 33&23&32,
SUCCESS;87:edges = 107,fail_cases = 6,fault = 33&23&24&32,
SUCCESS;88:edges = 109,fail_cases = 6,fault = 33&26&32,
SUCCESS;89:edges = 110,fail_cases = 6,fault = 33&23&26&32,
SUCCESS;90:edges = 111,fail_cases = 6,fault = 33&23&24&26&32,
SUCCESS;91:edges = 113,fail_cases = 6,fault = 33&26&27&32,
SUCCESS;92:edges = 114,fail_cases = 6,fault = 33&23&26&27&32,
SUCCESS;93:edges = 115,fail_cases = 6,fault = 33&23&24&26&27&32,
SUCCESS;94:edges = 117,fail_cases = 6,fault = 33&26&27&28&32,
SUCCESS;95:edges = 118,fail_cases = 6,fault = 33&23&26&27&28&32,
SUCCESS;96:edges = 119,fail_cases = 6,fault = 33&23&24&26&27&28&32,
SUCCESS;97:edges = 121,fail_cases = 6,fault = 33&26&27&28&29&32,
SUCCESS;98:edges = 122,fail_cases = 6,fault = 33&23&26&27&28&29&32,
SUCCESS;99:edges = 123,fail_cases = 6,fault = 33&23&24&26&27&28&29&32,
SUCCESS;100:edges = 125,fail_cases = 6,fault = 33&26&27&28&29&30&32,
SUCCESS;101:edges = 126,fail_cases = 6,fault = 33&23&26&27&28&29&30&32,
SUCCESS;102:edges = 127,fail_cases = 6,fault = 33&23&24&26&27&28&29&30&32,
FAIL;103:edges = 127,fail_cases = 7,fault = 33&26&27&28&29&30&31&32,
SUCCESS;104:edges = 129,fail_cases = 7,fault = 34,
SUCCESS;105:edges = 130,fail_cases = 7,fault = 34&32,
SUCCESS;106:edges = 131,fail_cases = 7,fault = 33&34&32,
SUCCESS;107:edges = 132,fail_cases = 7,fault = 33&34&26&32,
SUCCESS;108:edges = 133,fail_cases = 7,fault = 33&34&26&27&32,
SUCCESS;109:edges = 134,fail_cases = 7,fault = 33&34&26&27&28&32,
SUCCESS;110:edges = 135,fail_cases = 7,fault = 33&34&26&27&28&29&32,
SUCCESS;111:edges = 136,fail_cases = 7,fault = 33&34&26&27&28&29&30&32,
SUCCESS;112:edges = 138,fail_cases = 7,fault = 34&35,
SUCCESS;113:edges = 139,fail_cases = 7,fault = 34&35&32,
SUCCESS;114:edges = 140,fail_cases = 7,fault = 33&34&35&32,
SUCCESS;115:edges = 141,fail_cases = 7,fault = 33&34&35&26&32,
SUCCESS;116:edges = 142,fail_cases = 7,fault = 33&34&35&26&27&32,
SUCCESS;117:edges = 143,fail_cases = 7,fault = 33&34&35&26&27&28&32,
SUCCESS;118:edges = 144,fail_cases = 7,fault = 33&34&35&26&27&28&29&32,
SUCCESS;119:edges = 145,fail_cases = 7,fault = 33&34&35&26&27&28&29&30&32,
SUCCESS;120:edges = 147,fail_cases = 7,fault = 34&35&36,
SUCCESS;121:edges = 148,fail_cases = 7,fault = 34&35&36&32,
SUCCESS;122:edges = 149,fail_cases = 7,fault = 33&34&35&36&32,
SUCCESS;123:edges = 150,fail_cases = 7,fault = 33&34&35&36&26&32,
SUCCESS;124:edges = 151,fail_cases = 7,fault = 33&34&35&36&26&27&32,
SUCCESS;125:edges = 152,fail_cases = 7,fault = 33&34&35&36&26&27&28&32,
SUCCESS;126:edges = 153,fail_cases = 7,fault = 33&34&35&36&26&27&28&29&32,
SUCCESS;127:edges = 154,fail_cases = 7,fault = 33&34&35&36&26&27&28&29&30&32,
FAIL;128:edges = 154,fail_cases = 8,fault = 34&35&36&37,
SUCCESS;129:edges = 156,fail_cases = 8,fault = 38,
SUCCESS;130:edges = 157,fail_cases = 8,fault = 34&38,
SUCCESS;131:edges = 158,fail_cases = 8,fault = 34&35&38,
SUCCESS;132:edges = 159,fail_cases = 8,fault = 34&35&36&38,
SUCCESS;133:edges = 161,fail_cases = 8,fault = 38&39,
SUCCESS;134:edges = 162,fail_cases = 8,fault = 34&38&39,
SUCCESS;135:edges = 163,fail_cases = 8,fault = 34&35&38&39,
SUCCESS;136:edges = 164,fail_cases = 8,fault = 34&35&36&38&39,
FAIL;137:edges = 164,fail_cases = 9,fault = 38&39&40,
SUCCESS;138:edges = 166,fail_cases = 9,fault = 41,
SUCCESS;139:edges = 167,fail_cases = 9,fault = 38&41,
SUCCESS;140:edges = 168,fail_cases = 9,fault = 38&39&41,
SUCCESS;141:edges = 170,fail_cases = 9,fault = 41&42,
SUCCESS;142:edges = 171,fail_cases = 9,fault = 38&41&42,
SUCCESS;143:edges = 172,fail_cases = 9,fault = 38&39&41&42,
FAIL;144:edges = 172,fail_cases = 10,fault = 41&42&43,
SUCCESS;145:edges = 174,fail_cases = 10,fault = 44,
SUCCESS;146:edges = 175,fail_cases = 10,fault = 44&41,
SUCCESS;147:edges = 176,fail_cases = 10,fault = 44&41&42,
FAIL;148:edges = 176,fail_cases = 11,fault = 44&45,
SUCCESS;149:edges = 177,fail_cases = 11,fault = 48,
SUCCESS;150:edges = 178,fail_cases = 11,fault = 44&48,
SUCCESS;151:edges = 179,fail_cases = 11,fault = 48&49,
SUCCESS;152:edges = 180,fail_cases = 11,fault = 44&48&49,
SUCCESS;153:edges = 181,fail_cases = 11,fault = 48&49&50,
SUCCESS;154:edges = 182,fail_cases = 11,fault = 44&48&49&50,
SUCCESS;155:edges = 183,fail_cases = 11,fault = 48&49&50&51,
SUCCESS;156:edges = 184,fail_cases = 11,fault = 44&48&49&50&51,
SUCCESS;157:edges = 185,fail_cases = 11,fault = 48&49&50&51&52,
SUCCESS;158:edges = 186,fail_cases = 11,fault = 44&48&49&50&51&52,
SUCCESS;159:edges = 187,fail_cases = 11,fault = 48&49&50&51&52&53,
SUCCESS;160:edges = 188,fail_cases = 11,fault = 44&48&49&50&51&52&53,
SUCCESS;161:edges = 189,fail_cases = 11,fault = 46&48&49&50&51&52&53,
SUCCESS;162:edges = 190,fail_cases = 11,fault = 44&46&48&49&50&51&52&53,
FAIL;163:edges = 190,fail_cases = 12,fault = 46&47&48&49&50&51&52&53,