SUCCESS;0:edges = 2,fail_cases = 0,fault = ,
SUCCESS;1:edges = 3,fail_cases = 0,fault = 1,
SUCCESS;2:edges = 4,fail_cases = 0,fault = 1&2,
SUCCESS;3:edges = 5,fail_cases = 0,fault = 1&2&3,
SUCCESS;4:edges = 6,fail_cases = 0,fault = 1&2&3&4,
SUCCESS;5:edges = 7,fail_cases = 0,fault = 1&2&3&4&5,
FAIL;6:edges = 7,fail_cases = 1,fault = 1&2&3&4&5&6,
SUCCESS;7:edges = 9,fail_cases = 1,fault = 7,
SUCCESS;8:edges = 10,fail_cases = 1,fault = 1&7,
SUCCESS;9:edges = 11,fail_cases = 1,fault = 1&3&7,
SUCCESS;10:edges = 12,fail_cases = 1,fault = 1&3&4&7,
SUCCESS;11:edges = 13,fail_cases = 1,fault = 1&3&4&5&7,
FAIL;12:edges = 13,fail_cases = 2,fault = 1&3&4&5&6&7,
FAIL;13:edges = 13,fail_cases = 3,fault = 7&8,
SUCCESS;14:edges = 14,fail_cases = 3,fault = 9,
SUCCESS;15:edges = 15,fail_cases = 3,fault = 7&9,
SUCCESS;16:edges = 16,fail_cases = 3,fault = 9&10,
SUCCESS;17:edges = 17,fail_cases = 3,fault = 7&9&10,
SUCCESS;18:edges = 18,fail_cases = 3,fault = 11&9&10,
SUCCESS;19:edges = 19,fail_cases = 3,fault = 11&1&3&4&5&6&9&10,
SUCCESS;20:edges = 20,fail_cases = 3,fault = 11&1&13&3&4&5&6&9&10,
FAIL;21:edges = 20,fail_cases = 4,fault = 11&1&13&3&14&4&5&6&9&10,
FAIL;22:edges = 20,fail_cases = 5,fault = 11&13&14&8&9&10,
SUCCESS;23:edges = 21,fail_cases = 5,fault = 11&12&7&9&10,
SUCCESS;24:edges = 22,fail_cases = 5,fault = 11&12&13&7&9&10,
SUCCESS;25:edges = 23,fail_cases = 5,fault = 11&12&13&14&9&10,
FAIL;26:edges = 23,fail_cases = 6,fault = 11&12&13&14&15&9&10,