SUCCESS;0:edges = 4,fail_cases = 0,fault = ,
SUCCESS;1:edges = 5,fail_cases = 0,fault = 1,
SUCCESS;2:edges = 6,fail_cases = 0,fault = 1&2,
SUCCESS;3:edges = 7,fail_cases = 0,fault = 1&2&3,
SUCCESS;4:edges = 8,fail_cases = 0,fault = 1&2&3&4,
FAIL;5:edges = 8,fail_cases = 1,fault = 1&2&3&4&5,
SUCCESS;6:edges = 10,fail_cases = 1,fault = 6,
SUCCESS;7:edges = 11,fail_cases = 1,fault = 1&6,
SUCCESS;8:edges = 12,fail_cases = 1,fault = 1&2&6,
SUCCESS;9:edges = 13,fail_cases = 1,fault = 1&2&3&6,
SUCCESS;10:edges = 14,fail_cases = 1,fault = 1&2&3&4&6,
SUCCESS;11:edges = 16,fail_cases = 1,fault = 6&7,
SUCCESS;12:edges = 17,fail_cases = 1,fault = 1&6&7,
SUCCESS;13:edges = 18,fail_cases = 1,fault = 1&2&6&7,
SUCCESS;14:edges = 19,fail_cases = 1,fault = 1&2&3&6&7,
SUCCESS;15:edges = 20,fail_cases = 1,fault = 1&2&3&4&6&7,
SUCCESS;16:edges = 22,fail_cases = 1,fault = 6&7&8,
SUCCESS;17:edges = 23,fail_cases = 1,fault = 1&6&7&8,
SUCCESS;18:edges = 24,fail_cases = 1,fault = 1&2&6&7&8,
SUCCESS;19:edges = 25,fail_cases = 1,fault = 1&2&3&6&7&8,
SUCCESS;20:edges = 26,fail_cases = 1,fault = 1&2&3&4&6&7&8,
SUCCESS;21:edges = 28,fail_cases = 1,fault = 6&7&8&9,
SUCCESS;22:edges = 29,fail_cases = 1,fault = 1&6&7&8&9,
SUCCESS;23:edges = 30,fail_cases = 1,fault = 1&2&6&7&8&9,
SUCCESS;24:edges = 31,fail_cases = 1,fault = 1&2&3&6&7&8&9,
SUCCESS;25:edges = 32,fail_cases = 1,fault = 1&2&3&4&6&7&8&9,
SUCCESS;26:edges = 34,fail_cases = 1,fault = 6&7&8&9&10,
SUCCESS;27:edges = 35,fail_cases = 1,fault = 1&6&7&8&9&10,
SUCCESS;28:edges = 36,fail_cases = 1,fault = 1&2&6&7&8&9&10,
SUCCESS;29:edges = 37,fail_cases = 1,fault = 1&2&3&6&7&8&9&10,
SUCCESS;30:edges = 38,fail_cases = 1,fault = 1&2&3&4&6&7&8&9&10,
SUCCESS;31:edges = 40,fail_cases = 1,fault = 11&6&7&8&9&10,
SUCCESS;32:edges = 41,fail_cases = 1,fault = 11&1&6&7&8&9&10,
SUCCESS;33:edges = 42,fail_cases = 1,fault = 11&1&2&6&7&8&9&10,
SUCCESS;34:edges = 43,fail_cases = 1,fault = 11&1&2&3&6&7&8&9&10,
SUCCESS;35:edges = 44,fail_cases = 1,fault = 11&1&2&3&4&6&7&8&9&10,
FAIL;36:edges = 44,fail_cases = 2,fault = 11&12&6&7&8&9&10,
SUCCESS;37:edges = 46,fail_cases = 2,fault = 16,
SUCCESS;38:edges = 47,fail_cases = 2,fault = 16&6,
SUCCESS;39:edges = 48,fail_cases = 2,fault = 16&6&7,
SUCCESS;40:edges = 49,fail_cases = 2,fault = 16&6&7&8,
SUCCESS;41:edges = 50,fail_cases = 2,fault = 16&6&7&8&9,
SUCCESS;42:edges = 51,fail_cases = 2,fault = 16&6&7&8&9&10,
SUCCESS;43:edges = 52,fail_cases = 2,fault = 11&16&6&7&8&9&10,
SUCCESS;44:edges = 54,fail_cases = 2,fault = 16&17,
SUCCESS;45:edges = 55,fail_cases = 2,fault = 16&17&6,
SUCCESS;46:edges = 56,fail_cases = 2,fault = 16&17&6&7,
SUCCESS;47:edges = 57,fail_cases = 2,fault = 16&17&6&7&8,
SUCCESS;48:edges = 58,fail_cases = 2,fault = 16&17&6&7&8&9,
SUCCESS;49:edges = 59,fail_cases = 2,fault = 16&17&6&7&8&9&10,
SUCCESS;50:edges = 60,fail_cases = 2,fault = 11&16&17&6&7&8&9&10,
SUCCESS;51:edges = 62,fail_cases = 2,fault = 16&17&18,
SUCCESS;52:edges = 63,fail_cases = 2,fault = 16&17&6&18,
SUCCESS;53:edges = 64,fail_cases = 2,fault = 16&17&6&18&7,
SUCCESS;54:edges = 65,fail_cases = 2,fault = 16&17&6&18&7&8,
SUCCESS;55:edges = 66,fail_cases = 2,fault = 16&17&6&18&7&8&9,
SUCCESS;56:edges = 67,fail_cases = 2,fault = 16&17&6&18&7&8&9&10,
SUCCESS;57:edges = 68,fail_cases = 2,fault = 11&16&17&6&18&7&8&9&10,
SUCCESS;58:edges = 70,fail_cases = 2,fault = 16&17&18&19,
SUCCESS;59:edges = 71,fail_cases = 2,fault = 16&17&6&18&19,
SUCCESS;60:edges = 72,fail_cases = 2,fault = 16&17&6&18&7&19,
SUCCESS;61:edges = 73,fail_cases = 2,fault = 16&17&6&18&7&19&8,
SUCCESS;62:edges = 74,fail_cases = 2,fault = 16&17&6&18&7&19&8&9,
SUCCESS;63:edges = 75,fail_cases = 2,fault = 16&17&6&18&7&19&8&9&10,
SUCCESS;64:edges = 76,fail_cases = 2,fault = 11&16&17&6&18&7&19&8&9&10,
SUCCESS;65:edges = 78,fail_cases = 2,fault = 16&17&18&19&20,
SUCCESS;66:edges = 79,fail_cases = 2,fault = 16&17&6&18&19&20,
SUCCESS;67:edges = 80,fail_cases = 2,fault = 16&17&6&18&7&19&20,
SUCCESS;68:edges = 81,fail_cases = 2,fault = 16&17&6&18&7&19&8&20,
SUCCESS;69:edges = 82,fail_cases = 2,fault = 16&17&6&18&7&19&8&9&20,
SUCCESS;70:edges = 83,fail_cases = 2,fault = 16&17&6&18&7&19&8&9&20&10,
SUCCESS;71:edges = 84,fail_cases = 2,fault = 11&16&17&6&18&7&19&8&9&20&10,
SUCCESS;72:edges = 86,fail_cases = 2,fault = 13&16&17&18&19&20,
SUCCESS;73:edges = 87,fail_cases = 2,fault = 13&16&17&6&18&19&20,
SUCCESS;74:edges = 88,fail_cases = 2,fault = 13&16&17&6&18&7&19&20,
SUCCESS;75:edges = 89,fail_cases = 2,fault = 13&16&17&6&18&7&19&8&20,
SUCCESS;76:edges = 90,fail_cases = 2,fault = 13&16&17&6&18&7&19&8&9&20,
SUCCESS;77:edges = 91,fail_cases = 2,fault = 13&16&17&6&18&7&19&8&9&20&10,
SUCCESS;78:edges = 92,fail_cases = 2,fault = 11&13&16&17&6&18&7&19&8&9&20&10,
SUCCESS;79:edges = 94,fail_cases = 2,fault = 13&14&16&17&18&19&20,
SUCCESS;80:edges = 95,fail_cases = 2,fault = 13&14&16&17&6&18&19&20,
SUCCESS;81:edges = 96,fail_cases = 2,fault = 13&14&16&17&6&18&7&19&20,
SUCCESS;82:edges = 97,fail_cases = 2,fault = 13&14&16&17&6&18&7&19&8&20,
SUCCESS;83:edges = 98,fail_cases = 2,fault = 13&14&16&17&6&18&7&19&8&9&20,
SUCCESS;84:edges = 99,fail_cases = 2,fault = 13&14&16&17&6&18&7&19&8&9&20&10,
SUCCESS;85:edges = 100,fail_cases = 2,fault = 11&13&14&16&17&18&19&6&7&8&9&20&10,
FAIL;86:edges = 100,fail_cases = 3,fault = 13&14&15&16&17&18&19&20,
SUCCESS;87:edges = 102,fail_cases = 3,fault = 21,
SUCCESS;88:edges = 103,fail_cases = 3,fault = 16&21,
SUCCESS;89:edges = 104,fail_cases = 3,fault = 16&17&21,
SUCCESS;90:edges = 105,fail_cases = 3,fault = 16&17&18&21,
SUCCESS;91:edges = 106,fail_cases = 3,fault = 16&17&18&19&21,
SUCCESS;92:edges = 107,fail_cases = 3,fault = 16&17&18&19&20&21,
SUCCESS;93:edges = 108,fail_cases = 3,fault = 13&16&17&18&19&20&21,
SUCCESS;94:edges = 109,fail_cases = 3,fault = 13&14&16&17&18&19&20&21,
SUCCESS;95:edges = 111,fail_cases = 3,fault = 22&21,
SUCCESS;96:edges = 112,fail_cases = 3,fault = 22&16&21,
SUCCESS;97:edges = 113,fail_cases = 3,fault = 22&16&17&21,
SUCCESS;98:edges = 114,fail_cases = 3,fault = 22&16&17&18&21,
SUCCESS;99:edges = 115,fail_cases = 3,fault = 22&16&17&18&19&21,
SUCCESS;100:edges = 116,fail_cases = 3,fault = 22&16&17&18&19&20&21,
SUCCESS;101:edges = 117,fail_cases = 3,fault = 22&13&16&17&18&19&20&21,
SUCCESS;102:edges = 118,fail_cases = 3,fault = 22&13&14&16&17&18&19&20&21,
FAIL;103:edges = 118,fail_cases = 4,fault = 22&23&21,
SUCCESS;104:edges = 119,fail_cases = 4,fault = 24,
SUCCESS;105:edges = 120,fail_cases = 4,fault = 24&21,
SUCCESS;106:edges = 121,fail_cases = 4,fault = 22&24&21,
SUCCESS;107:edges = 122,fail_cases = 4,fault = 24&25,
SUCCESS;108:edges = 123,fail_cases = 4,fault = 24&25&21,
SUCCESS;109:edges = 124,fail_cases = 4,fault = 22&24&25&21,
SUCCESS;110:edges = 125,fail_cases = 4,fault = 24&25&26,
SUCCESS;111:edges = 126,fail_cases = 4,fault = 24&25&26&21,
SUCCESS;112:edges = 127,fail_cases = 4,fault = 22&24&25&26&21,
SUCCESS;113:edges = 128,fail_cases = 4,fault = 24&25&26&27,
SUCCESS;114:edges = 129,fail_cases = 4,fault = 24&25&26&27&21,
SUCCESS;115:edges = 130,fail_cases = 4,fault = 22&24&25&26&27&21,
SUCCESS;116:edges = 131,fail_cases = 4,fault = 24&25&26&27&28,
SUCCESS;117:edges = 132,fail_cases = 4,fault = 24&25&26&27&28&21,
SUCCESS;118:edges = 133,fail_cases = 4,fault = 22&24&25&26&27&28&21,
SUCCESS;119:edges = 134,fail_cases = 4,fault = 24&25&26&27&28&29,
SUCCESS;120:edges = 135,fail_cases = 4,fault = 24&25&26&27&28&29&21,
SUCCESS;121:edges = 136,fail_cases = 4,fault = 22&24&25&26&27&28&29&21,
FAIL;122:edges = 136,fail_cases = 5,fault = 24&25&26&27&28&29&30,