SUCCESS;0:edges = 7,fail_cases = 0,fault = ,
SUCCESS;1:edges = 8,fail_cases = 0,fault = 1,
FAIL;2:edges = 8,fail_cases = 1,fault = 1&2,
SUCCESS;3:edges = 10,fail_cases = 1,fault = 3,
SUCCESS;4:edges = 11,fail_cases = 1,fault = 1&3,
SUCCESS;5:edges = 13,fail_cases = 1,fault = 3&4,
SUCCESS;6:edges = 14,fail_cases = 1,fault = 1&3&4,
SUCCESS;7:edges = 16,fail_cases = 1,fault = 3&4&5,
SUCCESS;8:edges = 17,fail_cases = 1,fault = 1&3&4&5,
SUCCESS;9:edges = 19,fail_cases = 1,fault = 3&4&5&6,
SUCCESS;10:edges = 20,fail_cases = 1,fault = 1&3&4&5&6,
SUCCESS;11:edges = 22,fail_cases = 1,fault = 3&4&5&6&7,
SUCCESS;12:edges = 23,fail_cases = 1,fault = 1&3&4&5&6&7,
SUCCESS;13:edges = 25,fail_cases = 1,fault = 3&4&5&6&7&8,
SUCCESS;14:edges = 26,fail_cases = 1,fault = 1&3&4&5&6&7&8,
FAIL;15:edges = 26,fail_cases = 2,fault = 3&4&5&6&7&8&9,
SUCCESS;16:edges = 28,fail_cases = 2,fault = 10,
SUCCESS;17:edges = 29,fail_cases = 2,fault = 3&10,
SUCCESS;18:edges = 30,fail_cases = 2,fault = 3&4&10,
SUCCESS;19:edges = 31,fail_cases = 2,fault = 3&4&5&10,
SUCCESS;20:edges = 32,fail_cases = 2,fault = 3&4&5&6&10,
SUCCESS;21:edges = 33,fail_cases = 2,fault = 3&4&5&6&7&10,
SUCCESS;22:edges = 34,fail_cases = 2,fault = 3&4&5&6&7&8&10,
SUCCESS;23:edges = 36,fail_cases = 2,fault = 11&10,
SUCCESS;24:edges = 37,fail_cases = 2,fault = 11&3&10,
SUCCESS;25:edges = 38,fail_cases = 2,fault = 11&3&4&10,
SUCCESS;26:edges = 39,fail_cases = 2,fault = 11&3&4&5&10,
SUCCESS;27:edges = 40,fail_cases = 2,fault = 11&3&4&5&6&10,
SUCCESS;28:edges = 41,fail_cases = 2,fault = 11&3&4&5&6&7&10,
SUCCESS;29:edges = 42,fail_cases = 2,fault = 11&3&4&5&6&7&8&10,
SUCCESS;30:edges = 44,fail_cases = 2,fault = 11&12&10,
SUCCESS;31:edges = 45,fail_cases = 2,fault = 11&12&3&10,
SUCCESS;32:edges = 46,fail_cases = 2,fault = 11&12&3&4&10,
SUCCESS;33:edges = 47,fail_cases = 2,fault = 11&12&3&4&5&10,
SUCCESS;34:edges = 48,fail_cases = 2,fault = 11&12&3&4&5&6&10,
SUCCESS;35:edges = 49,fail_cases = 2,fault = 11&12&3&4&5&6&7&10,
SUCCESS;36:edges = 50,fail_cases = 2,fault = 11&12&3&4&5&6&7&8&10,
FAIL;37:edges = 50,fail_cases = 3,fault = 11&12&13&10,
SUCCESS;38:edges = 52,fail_cases = 3,fault = 16,
SUCCESS;39:edges = 53,fail_cases = 3,fault = 16&10,
SUCCESS;40:edges = 54,fail_cases = 3,fault = 11&16&10,
SUCCESS;41:edges = 55,fail_cases = 3,fault = 11&12&16&10,
SUCCESS;42:edges = 57,fail_cases = 3,fault = 16&17,
SUCCESS;43:edges = 58,fail_cases = 3,fault = 16&17&10,
SUCCESS;44:edges = 59,fail_cases = 3,fault = 11&16&17&10,
SUCCESS;45:edges = 60,fail_cases = 3,fault = 11&12&16&17&10,
SUCCESS;46:edges = 62,fail_cases = 3,fault = 16&17&18,
SUCCESS;47:edges = 63,fail_cases = 3,fault = 16&17&18&10,
SUCCESS;48:edges = 64,fail_cases = 3,fault = 11&16&17&18&10,
SUCCESS;49:edges = 65,fail_cases = 3,fault = 11&12&16&17&18&10,
SUCCESS;50:edges = 67,fail_cases = 3,fault = 16&17&18&19,
SUCCESS;51:edges = 68,fail_cases = 3,fault = 16&17&18&19&10,
SUCCESS;52:edges = 69,fail_cases = 3,fault = 11&16&17&18&19&10,
SUCCESS;53:edges = 70,fail_cases = 3,fault = 11&12&16&17&18&19&10,
SUCCESS;54:edges = 72,fail_cases = 3,fault = 14&16&17&18&19,
SUCCESS;55:edges = 73,fail_cases = 3,fault = 14&16&17&18&19&10,
SUCCESS;56:edges = 74,fail_cases = 3,fault = 11&14&16&17&18&19&10,
SUCCESS;57:edges = 75,fail_cases = 3,fault = 11&12&14&16&17&18&19&10,
FAIL;58:edges = 75,fail_cases = 4,fault = 14&15&16&17&18&19,
SUCCESS;59:edges = 77,fail_cases = 4,fault = 20,
SUCCESS;60:edges = 78,fail_cases = 4,fault = 16&20,
SUCCESS;61:edges = 79,fail_cases = 4,fault = 16&17&20,
SUCCESS;62:edges = 80,fail_cases = 4,fault = 16&17&18&20,
SUCCESS;63:edges = 81,fail_cases = 4,fault = 16&17&18&19&20,
SUCCESS;64:edges = 82,fail_cases = 4,fault = 14&16&17&18&19&20,
SUCCESS;65:edges = 84,fail_cases = 4,fault = 20&21,
SUCCESS;66:edges = 85,fail_cases = 4,fault = 16&20&21,
SUCCESS;67:edges = 86,fail_cases = 4,fault = 16&17&20&21,
SUCCESS;68:edges = 87,fail_cases = 4,fault = 16&17&18&20&21,
SUCCESS;69:edges = 88,fail_cases = 4,fault = 16&17&18&19&20&21,
SUCCESS;70:edges = 89,fail_cases = 4,fault = 14&16&17&18&19&20&21,
SUCCESS;71:edges = 91,fail_cases = 4,fault = 22&20&21,
SUCCESS;72:edges = 92,fail_cases = 4,fault = 22&16&20&21,
SUCCESS;73:edges = 93,fail_cases = 4,fault = 22&16&17&20&21,
SUCCESS;74:edges = 94,fail_cases = 4,fault = 22&16&17&18&20&21,
SUCCESS;75:edges = 95,fail_cases = 4,fault = 22&16&17&18&19&20&21,
SUCCESS;76:edges = 96,fail_cases = 4,fault = 22&14&16&17&18&19&20&21,
SUCCESS;77:edges = 98,fail_cases = 4,fault = 22&23&20&21,
SUCCESS;78:edges = 99,fail_cases = 4,fault = 22&23&16&20&21,
SUCCESS;79:edges = 100,fail_cases = 4,fault = 22&23&16&17&20&21,
SUCCESS;80:edges = 101,fail_cases = 4,fault = 22&23&16&17&18&20&21,
SUCCESS;81:edges = 102,fail_cases = 4,fault = 22&23&16&17&18&19&20&21,
SUCCESS;82:edges = 103,fail_cases = 4,fault = 22&23&14&16&17&18&19&20&21,
SUCCESS;83:edges = 105,fail_cases = 4,fault = 22&23&24&20&21,
SUCCESS;84:edges = 106,fail_cases = 4,fault = 22&23&24&16&20&21,
SUCCESS;85:edges = 107,fail_cases = 4,fault = 22&23&24&16&17&20&21,
SUCCESS;86:edges = 108,fail_cases = 4,fault = 22&23&24&16&17&18&20&21,
SUCCESS;87:edges = 109,fail_cases = 4,fault = 22&23&24&16&17&18&19&20&21,
SUCCESS;88:edges = 110,fail_cases = 4,fault = 22&23&24&14&16&17&18&19&20&21,
SUCCESS;89:edges = 112,fail_cases = 4,fault = 22&23&24&25&20&21,
SUCCESS;90:edges = 113,fail_cases = 4,fault = 22&23&24&25&16&20&21,
SUCCESS;91:edges = 114,fail_cases = 4,fault = 22&23&24&25&16&17&20&21,
SUCCESS;92:edges = 115,fail_cases = 4,fault = 22&23&24&25&16&17&18&20&21,
SUCCESS;93:edges = 116,fail_cases = 4,fault = 22&23&24&25&16&17&18&19&20&21,
SUCCESS;94:edges = 117,fail_cases = 4,fault = 22&23&24&25&14&16&17&18&19&20&21,
SUCCESS;95:edges = 119,fail_cases = 4,fault = 22&23&24&25&26&20&21,
SUCCESS;96:edges = 120,fail_cases = 4,fault = 22&23&24&25&26&16&20&21,
SUCCESS;97:edges = 121,fail_cases = 4,fault = 22&23&24&25&26&16&17&20&21,
SUCCESS;98:edges = 122,fail_cases = 4,fault = 22&23&24&25&26&16&17&18&20&21,
SUCCESS;99:edges = 123,fail_cases = 4,fault = 22&23&24&25&26&16&17&18&19&20&21,
SUCCESS;100:edges = 124,fail_cases = 4,fault = 22&23&24&25&14&26&16&17&18&19&20&21,
FAIL;101:edges = 124,fail_cases = 5,fault = 22&23&24&25&26&27&20&21,
SUCCESS;102:edges = 126,fail_cases = 5,fault = 28,
SUCCESS;103:edges = 127,fail_cases = 5,fault = 28&20,
SUCCESS;104:edges = 128,fail_cases = 5,fault = 28&20&21,
SUCCESS;105:edges = 129,fail_cases = 5,fault = 22&28&20&21,
SUCCESS;106:edges = 130,fail_cases = 5,fault = 22&23&28&20&21,
SUCCESS;107:edges = 131,fail_cases = 5,fault = 22&23&24&28&20&21,
SUCCESS;108:edges = 132,fail_cases = 5,fault = 22&23&24&25&28&20&21,
SUCCESS;109:edges = 133,fail_cases = 5,fault = 22&23&24&25&26&28&20&21,
SUCCESS;110:edges = 135,fail_cases = 5,fault = 28&29,
SUCCESS;111:edges = 136,fail_cases = 5,fault = 28&29&20,
SUCCESS;112:edges = 137,fail_cases = 5,fault = 28&29&20&21,
SUCCESS;113:edges = 138,fail_cases = 5,fault = 22&28&29&20&21,
SUCCESS;114:edges = 139,fail_cases = 5,fault = 22&23&28&29&20&21,
SUCCESS;115:edges = 140,fail_cases = 5,fault = 22&23&24&28&29&20&21,
SUCCESS;116:edges = 141,fail_cases = 5,fault = 22&23&24&25&28&29&20&21,
SUCCESS;117:edges = 142,fail_cases = 5,fault = 22&23&24&25&26&28&29&20&21,
SUCCESS;118:edges = 144,fail_cases = 5,fault = 28&29&30,
SUCCESS;119:edges = 145,fail_cases = 5,fault = 28&29&30&20,
SUCCESS;120:edges = 146,fail_cases = 5,fault = 28&29&30&20&21,
SUCCESS;121:edges = 147,fail_cases = 5,fault = 22&28&29&30&20&21,
SUCCESS;122:edges = 148,fail_cases = 5,fault = 22&23&28&29&30&20&21,
SUCCESS;123:edges = 149,fail_cases = 5,fault = 22&23&24&28&29&30&20&21,
SUCCESS;124:edges = 150,fail_cases = 5,fault = 22&23&24&25&28&29&30&20&21,
SUCCESS;125:edges = 151,fail_cases = 5,fault = 22&23&24&25&26&28&29&30&20&21,
FAIL;126:edges = 151,fail_cases = 6,fault = 28&29&30&31,
SUCCESS;127:edges = 153,fail_cases = 6,fault = 32,
SUCCESS;128:edges = 154,fail_cases = 6,fault = 28&32,
SUCCESS;129:edges = 155,fail_cases = 6,fault = 28&29&32,
SUCCESS;130:edges = 156,fail_cases = 6,fault = 28&29&30&32,
SUCCESS;131:edges = 158,fail_cases = 6,fault = 33&32,
SUCCESS;132:edges = 159,fail_cases = 6,fault = 33&28&32,
SUCCESS;133:edges = 160,fail_cases = 6,fault = 33&28&29&32,
SUCCESS;134:edges = 161,fail_cases = 6,fault = 33&28&29&30&32,
SUCCESS;135:edges = 163,fail_cases = 6,fault = 33&34&32,
SUCCESS;136:edges = 164,fail_cases = 6,fault = 33&34&28&32,
SUCCESS;137:edges = 165,fail_cases = 6,fault = 33&34&28&29&32,
SUCCESS;138:edges = 166,fail_cases = 6,fault = 33&34&28&29&30&32,
FAIL;139:edges = 166,fail_cases = 7,fault = 33&34&35&32,
SUCCESS;140:edges = 167,fail_cases = 7,fault = 36,
SUCCESS;141:edges = 168,fail_cases = 7,fault = 36&32,
SUCCESS;142:edges = 169,fail_cases = 7,fault = 33&36&32,
SUCCESS;143:edges = 170,fail_cases = 7,fault = 33&34&36&32,
SUCCESS;144:edges = 171,fail_cases = 7,fault = 36&37,
SUCCESS;145:edges = 172,fail_cases = 7,fault = 36&37&32,
SUCCESS;146:edges = 173,fail_cases = 7,fault = 33&36&37&32,
SUCCESS;147:edges = 174,fail_cases = 7,fault = 33&34&36&37&32,
SUCCESS;148:edges = 175,fail_cases = 7,fault = 36&37&38,
SUCCESS;149:edges = 176,fail_cases = 7,fault = 36&37&38&32,
SUCCESS;150:edges = 177,fail_cases = 7,fault = 33&36&37&38&32,
SUCCESS;151:edges = 178,fail_cases = 7,fault = 33&34&36&37&38&32,
FAIL;152:edges = 178,fail_cases = 8,fault = 36&37&38&39,