SUCCESS;0:edges = 29,fail_cases = 0,fault = ,
SUCCESS;1:edges = 30,fail_cases = 0,fault = 1,
FAIL;2:edges = 30,fail_cases = 1,fault = 1&2,
SUCCESS;3:edges = 32,fail_cases = 1,fault = 3,
SUCCESS;4:edges = 33,fail_cases = 1,fault = 1&3,
FAIL;5:edges = 33,fail_cases = 2,fault = 3&4,
SUCCESS;6:edges = 35,fail_cases = 2,fault = 5,
SUCCESS;7:edges = 36,fail_cases = 2,fault = 3&5,
FAIL;8:edges = 36,fail_cases = 3,fault = 5&6,
SUCCESS;9:edges = 38,fail_cases = 3,fault = 7,
SUCCESS;10:edges = 39,fail_cases = 3,fault = 5&7,
SUCCESS;11:edges = 41,fail_cases = 3,fault = 7&8,
SUCCESS;12:edges = 42,fail_cases = 3,fault = 5&7&8,
SUCCESS;13:edges = 44,fail_cases = 3,fault = 7&8&9,
SUCCESS;14:edges = 45,fail_cases = 3,fault = 5&7&8&9,
SUCCESS;15:edges = 47,fail_cases = 3,fault = 7&8&9&10,
SUCCESS;16:edges = 48,fail_cases = 3,fault = 5&7&8&9&10,
FAIL;17:edges = 48,fail_cases = 4,fault = 11&7&8&9&10,
SUCCESS;18:edges = 50,fail_cases = 4,fault = 16,
SUCCESS;19:edges = 51,fail_cases = 4,fault = 16&7,
SUCCESS;20:edges = 52,fail_cases = 4,fault = 16&7&8,
SUCCESS;21:edges = 53,fail_cases = 4,fault = 16&7&8&9,
SUCCESS;22:edges = 55,fail_cases = 4,fault = 11&16&7&8&9,
SUCCESS;23:edges = 57,fail_cases = 4,fault = 11&16&7&18&8&9,
SUCCESS;24:edges = 59,fail_cases = 4,fault = 11&12&16&7&18&8&9,
SUCCESS;25:edges = 60,fail_cases = 4,fault = 16&17&10,
SUCCESS;26:edges = 61,fail_cases = 4,fault = 16&17&18&10,
SUCCESS;27:edges = 62,fail_cases = 4,fault = 16&17&7&10,
SUCCESS;28:edges = 64,fail_cases = 4,fault = 11&12&13&16&7&18&8&9,
SUCCESS;29:edges = 65,fail_cases = 4,fault = 16&17&7&8&10,
SUCCESS;30:edges = 67,fail_cases = 4,fault = 11&12&13&14&16&7&18&8&9,
SUCCESS;31:edges = 68,fail_cases = 4,fault = 12&16&17&18&10,
SUCCESS;32:edges = 69,fail_cases = 4,fault = 12&13&16&17&18&10,
FAIL;33:edges = 69,fail_cases = 5,fault = 11&12&13&14&15&16&7&18&8&9,
SUCCESS;34:edges = 70,fail_cases = 5,fault = 16&17&18&7&10,
SUCCESS;35:edges = 71,fail_cases = 5,fault = 12&16&17&18&7&10,
SUCCESS;36:edges = 72,fail_cases = 5,fault = 16&17&18&7&8&10,
SUCCESS;37:edges = 73,fail_cases = 5,fault = 12&13&14&16&17&18&10,
SUCCESS;38:edges = 74,fail_cases = 5,fault = 16&17&7&8&9&10,
SUCCESS;39:edges = 75,fail_cases = 5,fault = 12&16&17&18&7&8&10,
SUCCESS;40:edges = 76,fail_cases = 5,fault = 12&13&16&17&18&7&10,
SUCCESS;41:edges = 77,fail_cases = 5,fault = 12&13&16&17&18&7&8&10,
SUCCESS;42:edges = 78,fail_cases = 5,fault = 12&13&14&16&17&18&7&10,
SUCCESS;43:edges = 79,fail_cases = 5,fault = 16&17&18&7&8&9&10,
SUCCESS;44:edges = 80,fail_cases = 5,fault = 12&16&17&18&7&8&9&10,
SUCCESS;45:edges = 81,fail_cases = 5,fault = 12&13&14&16&17&18&7&8&10,
SUCCESS;46:edges = 82,fail_cases = 5,fault = 12&13&16&17&18&7&8&9&10,
SUCCESS;47:edges = 83,fail_cases = 5,fault = 12&13&14&16&17&18&7&8&9&10,
FAIL;48:edges = 83,fail_cases = 6,fault = 12&13&14&15&16&17&18,
SUCCESS;49:edges = 85,fail_cases = 6,fault = 19,
SUCCESS;50:edges = 86,fail_cases = 6,fault = 16&19,
SUCCESS;51:edges = 87,fail_cases = 6,fault = 11&16&7&19&8&9,
SUCCESS;52:edges = 88,fail_cases = 6,fault = 11&16&7&18&19&8&9,
SUCCESS;53:edges = 89,fail_cases = 6,fault = 11&12&16&7&18&19&8&9,
SUCCESS;54:edges = 90,fail_cases = 6,fault = 11&12&13&16&7&18&19&8&9,
SUCCESS;55:edges = 91,fail_cases = 6,fault = 11&12&13&14&16&7&18&19&8&9,
FAIL;56:edges = 91,fail_cases = 7,fault = 19&20,
SUCCESS;57:edges = 93,fail_cases = 7,fault = 21,
SUCCESS;58:edges = 94,fail_cases = 7,fault = 19&21,
SUCCESS;59:edges = 96,fail_cases = 7,fault = 22&21,
SUCCESS;60:edges = 97,fail_cases = 7,fault = 22&19&21,
SUCCESS;61:edges = 99,fail_cases = 7,fault = 22&23&21,
SUCCESS;62:edges = 100,fail_cases = 7,fault = 22&23&19&21,
SUCCESS;63:edges = 102,fail_cases = 7,fault = 22&23&24&21,
SUCCESS;64:edges = 103,fail_cases = 7,fault = 22&23&24&19&21,
SUCCESS;65:edges = 105,fail_cases = 7,fault = 22&23&24&25&21,
SUCCESS;66:edges = 106,fail_cases = 7,fault = 22&23&24&25&19&21,
FAIL;67:edges = 106,fail_cases = 8,fault = 22&23&24&25&26&21,
SUCCESS;68:edges = 108,fail_cases = 8,fault = 32,
SUCCESS;69:edges = 109,fail_cases = 8,fault = 32&21,
SUCCESS;70:edges = 110,fail_cases = 8,fault = 22&32&21,
SUCCESS;71:edges = 111,fail_cases = 8,fault = 22&23&32&21,
SUCCESS;72:edges = 112,fail_cases = 8,fault = 22&23&24&32&21,
SUCCESS;73:edges = 113,fail_cases = 8,fault = 22&23&24&25&32&21,
SUCCESS;74:edges = 115,fail_cases = 8,fault = 27&32,
SUCCESS;75:edges = 116,fail_cases = 8,fault = 27&32&21,
SUCCESS;76:edges = 117,fail_cases = 8,fault = 22&27&32&21,
SUCCESS;77:edges = 118,fail_cases = 8,fault = 22&23&27&32&21,
SUCCESS;78:edges = 119,fail_cases = 8,fault = 22&23&24&27&32&21,
SUCCESS;79:edges = 120,fail_cases = 8,fault = 22&23&24&25&27&32&21,
SUCCESS;80:edges = 122,fail_cases = 8,fault = 27&28&32,
SUCCESS;81:edges = 123,fail_cases = 8,fault = 27&28&32&21,
SUCCESS;82:edges = 124,fail_cases = 8,fault = 22&27&28&32&21,
SUCCESS;83:edges = 125,fail_cases = 8,fault = 22&23&27&28&32&21,
SUCCESS;84:edges = 126,fail_cases = 8,fault = 22&23&24&27&28&32&21,
SUCCESS;85:edges = 127,fail_cases = 8,fault = 22&23&24&25&27&28&32&21,
SUCCESS;86:edges = 129,fail_cases = 8,fault = 27&28&29&32,
SUCCESS;87:edges = 130,fail_cases = 8,fault = 27&28&29&32&21,
SUCCESS;88:edges = 131,fail_cases = 8,fault = 22&27&28&29&32&21,
SUCCESS;89:edges = 132,fail_cases = 8,fault = 22&23&27&28&29&32&21,
SUCCESS;90:edges = 133,fail_cases = 8,fault = 22&23&24&27&28&29&32&21,
SUCCESS;91:edges = 134,fail_cases = 8,fault = 22&23&24&25&27&28&29&32&21,
SUCCESS;92:edges = 136,fail_cases = 8,fault = 27&28&29&30&32,
SUCCESS;93:edges = 137,fail_cases = 8,fault = 27&28&29&30&32&21,
SUCCESS;94:edges = 138,fail_cases = 8,fault = 22&27&28&29&30&32&21,
SUCCESS;95:edges = 139,fail_cases = 8,fault = 22&23&27&28&29&30&32&21,
SUCCESS;96:edges = 140,fail_cases = 8,fault = 22&23&24&27&28&29&30&32&21,
SUCCESS;97:edges = 141,fail_cases = 8,fault = 22&23&24&25&27&28&29&30&32&21,
FAIL;98:edges = 141,fail_cases = 9,fault = 27&28&29&30&31&32,
SUCCESS;99:edges = 143,fail_cases = 9,fault = 33,
SUCCESS;100:edges = 144,fail_cases = 9,fault = 33&32,
SUCCESS;101:edges = 145,fail_cases = 9,fault = 33&27&32,
SUCCESS;102:edges = 146,fail_cases = 9,fault = 33&27&28&32,
SUCCESS;103:edges = 147,fail_cases = 9,fault = 33&27&28&29&32,
SUCCESS;104:edges = 148,fail_cases = 9,fault = 33&27&28&29&30&32,
SUCCESS;105:edges = 150,fail_cases = 9,fault = 33&34,
SUCCESS;106:edges = 151,fail_cases = 9,fault = 33&34&32,
SUCCESS;107:edges = 152,fail_cases = 9,fault = 33&34&27&32,
SUCCESS;108:edges = 153,fail_cases = 9,fault = 33&34&27&28&32,
SUCCESS;109:edges = 154,fail_cases = 9,fault = 33&34&27&28&29&32,
SUCCESS;110:edges = 155,fail_cases = 9,fault = 33&34&27&28&29&30&32,
SUCCESS;111:edges = 157,fail_cases = 9,fault = 33&34&35,
SUCCESS;112:edges = 158,fail_cases = 9,fault = 33&34&35&32,
SUCCESS;113:edges = 159,fail_cases = 9,fault = 33&34&35&27&32,
SUCCESS;114:edges = 160,fail_cases = 9,fault = 33&34&35&27&28&32,
SUCCESS;115:edges = 161,fail_cases = 9,fault = 33&34&35&27&28&29&32,
SUCCESS;116:edges = 162,fail_cases = 9,fault = 33&34&35&27&28&29&30&32,
SUCCESS;117:edges = 164,fail_cases = 9,fault = 33&34&35&36,
SUCCESS;118:edges = 165,fail_cases = 9,fault = 33&34&35&36&32,
SUCCESS;119:edges = 166,fail_cases = 9,fault = 33&34&35&36&27&32,
SUCCESS;120:edges = 167,fail_cases = 9,fault = 33&34&35&36&27&28&32,
SUCCESS;121:edges = 168,fail_cases = 9,fault = 33&34&35&36&27&28&29&32,
SUCCESS;122:edges = 169,fail_cases = 9,fault = 33&34&35&36&27&28&29&30&32,
SUCCESS;123:edges = 171,fail_cases = 9,fault = 33&34&35&36&37,
SUCCESS;124:edges = 172,fail_cases = 9,fault = 33&34&35&36&37&32,
SUCCESS;125:edges = 173,fail_cases = 9,fault = 33&34&35&36&37&27&32,
SUCCESS;126:edges = 174,fail_cases = 9,fault = 33&34&35&36&37&27&28&32,
SUCCESS;127:edges = 175,fail_cases = 9,fault = 33&34&35&36&37&27&28&29&32,
SUCCESS;128:edges = 176,fail_cases = 9,fault = 33&34&35&36&37&27&28&29&30&32,
SUCCESS;129:edges = 178,fail_cases = 9,fault = 33&34&35&36&37&38,
SUCCESS;130:edges = 179,fail_cases = 9,fault = 33&34&35&36&37&38&32,
SUCCESS;131:edges = 180,fail_cases = 9,fault = 33&34&35&36&37&38&27&32,
SUCCESS;132:edges = 181,fail_cases = 9,fault = 33&34&35&36&37&38&27&28&32,
SUCCESS;133:edges = 182,fail_cases = 9,fault = 33&34&35&36&37&38&27&28&29&32,
SUCCESS;134:edges = 183,fail_cases = 9,fault = 33&34&35&36&37&38&27&28&29&30&32,
SUCCESS;135:edges = 185,fail_cases = 9,fault = 33&34&35&36&37&38&39,
SUCCESS;136:edges = 186,fail_cases = 9,fault = 33&34&35&36&37&38&39&32,
SUCCESS;137:edges = 187,fail_cases = 9,fault = 33&34&35&36&37&38&27&39&32,
SUCCESS;138:edges = 188,fail_cases = 9,fault = 33&34&35&36&37&38&27&39&28&32,
SUCCESS;139:edges = 189,fail_cases = 9,fault = 33&34&35&36&37&38&27&39&28&29&32,
SUCCESS;140:edges = 190,fail_cases = 9,fault = 33&34&35&36&37&38&27&39&28&29&30&32,
FAIL;141:edges = 190,fail_cases = 10,fault = 33&34&35&36&37&38&39&40,
SUCCESS;142:edges = 192,fail_cases = 10,fault = 41,
SUCCESS;143:edges = 193,fail_cases = 10,fault = 33&41,
SUCCESS;144:edges = 194,fail_cases = 10,fault = 33&34&41,
SUCCESS;145:edges = 195,fail_cases = 10,fault = 33&34&35&41,
SUCCESS;146:edges = 196,fail_cases = 10,fault = 33&34&35&36&41,
SUCCESS;147:edges = 197,fail_cases = 10,fault = 33&34&35&36&37&41,
SUCCESS;148:edges = 198,fail_cases = 10,fault = 33&34&35&36&37&38&41,
SUCCESS;149:edges = 199,fail_cases = 10,fault = 33&34&35&36&37&38&39&41,
SUCCESS;150:edges = 201,fail_cases = 10,fault = 41&42,
SUCCESS;151:edges = 202,fail_cases = 10,fault = 33&41&42,
SUCCESS;152:edges = 203,fail_cases = 10,fault = 33&34&41&42,
SUCCESS;153:edges = 204,fail_cases = 10,fault = 33&34&35&41&42,
SUCCESS;154:edges = 205,fail_cases = 10,fault = 33&34&35&36&41&42,
SUCCESS;155:edges = 206,fail_cases = 10,fault = 33&34&35&36&37&41&42,
SUCCESS;156:edges = 207,fail_cases = 10,fault = 33&34&35&36&37&38&41&42,
SUCCESS;157:edges = 208,fail_cases = 10,fault = 33&34&35&36&37&38&39&41&42,
SUCCESS;158:edges = 210,fail_cases = 10,fault = 41&42&43,
SUCCESS;159:edges = 211,fail_cases = 10,fault = 33&41&42&43,
SUCCESS;160:edges = 212,fail_cases = 10,fault = 33&34&41&42&43,
SUCCESS;161:edges = 213,fail_cases = 10,fault = 33&34&35&41&42&43,
SUCCESS;162:edges = 214,fail_cases = 10,fault = 33&34&35&36&41&42&43,
SUCCESS;163:edges = 215,fail_cases = 10,fault = 33&34&35&36&37&41&42&43,
SUCCESS;164:edges = 216,fail_cases = 10,fault = 33&34&35&36&37&38&41&42&43,
SUCCESS;165:edges = 217,fail_cases = 10,fault = 33&34&35&36&37&38&39&41&42&43,
SUCCESS;166:edges = 219,fail_cases = 10,fault = 44&41&42&43,
SUCCESS;167:edges = 220,fail_cases = 10,fault = 44&33&41&42&43,
SUCCESS;168:edges = 221,fail_cases = 10,fault = 44&33&34&41&42&43,
SUCCESS;169:edges = 222,fail_cases = 10,fault = 44&33&34&35&41&42&43,
SUCCESS;170:edges = 223,fail_cases = 10,fault = 44&33&34&35&36&41&42&43,
SUCCESS;171:edges = 224,fail_cases = 10,fault = 44&33&34&35&36&37&41&42&43,
SUCCESS;172:edges = 225,fail_cases = 10,fault = 44&33&34&35&36&37&38&41&42&43,
SUCCESS;173:edges = 226,fail_cases = 10,fault = 44&33&34&35&36&37&38&39&41&42&43,
FAIL;174:edges = 226,fail_cases = 11,fault = 44&45&41&42&43,
SUCCESS;175:edges = 228,fail_cases = 11,fault = 48,
SUCCESS;176:edges = 229,fail_cases = 11,fault = 48&41,
SUCCESS;177:edges = 230,fail_cases = 11,fault = 48&41&42,
SUCCESS;178:edges = 231,fail_cases = 11,fault = 48&41&42&43,
SUCCESS;179:edges = 232,fail_cases = 11,fault = 44&48&41&42&43,
SUCCESS;180:edges = 234,fail_cases = 11,fault = 48&49,
SUCCESS;181:edges = 235,fail_cases = 11,fault = 48&49&41,
SUCCESS;182:edges = 236,fail_cases = 11,fault = 48&49&41&42,
SUCCESS;183:edges = 237,fail_cases = 11,fault = 48&49&41&42&43,
SUCCESS;184:edges = 238,fail_cases = 11,fault = 44&48&49&41&42&43,
SUCCESS;185:edges = 240,fail_cases = 11,fault = 48&49&50,
SUCCESS;186:edges = 241,fail_cases = 11,fault = 48&49&50&41,
SUCCESS;187:edges = 242,fail_cases = 11,fault = 48&49&50&41&42,
SUCCESS;188:edges = 243,fail_cases = 11,fault = 48&49&50&41&42&43,
SUCCESS;189:edges = 244,fail_cases = 11,fault = 44&48&49&50&41&42&43,
SUCCESS;190:edges = 246,fail_cases = 11,fault = 48&49&50&51,
SUCCESS;191:edges = 247,fail_cases = 11,fault = 48&49&50&51&41,
SUCCESS;192:edges = 248,fail_cases = 11,fault = 48&49&50&51&41&42,
SUCCESS;193:edges = 249,fail_cases = 11,fault = 48&49&50&51&41&42&43,
SUCCESS;194:edges = 250,fail_cases = 11,fault = 44&48&49&50&51&41&42&43,
SUCCESS;195:edges = 252,fail_cases = 11,fault = 46&48&49&50&51,
SUCCESS;196:edges = 253,fail_cases = 11,fault = 46&48&49&50&51&41,
SUCCESS;197:edges = 254,fail_cases = 11,fault = 46&48&49&50&51&41&42,
SUCCESS;198:edges = 255,fail_cases = 11,fault = 44&46&48&49&50&51&41&42,
FAIL;199:edges = 255,fail_cases = 12,fault = 44&45&46&48&49&50&51&41&42,
FAIL;200:edges = 255,fail_cases = 13,fault = 46&47&48&49&50&51,
SUCCESS;201:edges = 257,fail_cases = 13,fault = 52,
SUCCESS;202:edges = 258,fail_cases = 13,fault = 48&52,
SUCCESS;203:edges = 259,fail_cases = 13,fault = 48&49&52,
SUCCESS;204:edges = 260,fail_cases = 13,fault = 48&49&50&52,
SUCCESS;205:edges = 261,fail_cases = 13,fault = 48&49&50&51&52,
SUCCESS;206:edges = 262,fail_cases = 13,fault = 46&48&49&50&51&52,
SUCCESS;207:edges = 264,fail_cases = 13,fault = 52&53,
SUCCESS;208:edges = 265,fail_cases = 13,fault = 48&52&53,
SUCCESS;209:edges = 266,fail_cases = 13,fault = 48&49&52&53,
SUCCESS;210:edges = 267,fail_cases = 13,fault = 48&49&50&52&53,
SUCCESS;211:edges = 268,fail_cases = 13,fault = 48&49&50&51&52&53,
SUCCESS;212:edges = 269,fail_cases = 13,fault = 46&48&49&50&51&52&53,
SUCCESS;213:edges = 271,fail_cases = 13,fault = 52&53&54,
SUCCESS;214:edges = 272,fail_cases = 13,fault = 48&52&53&54,
SUCCESS;215:edges = 273,fail_cases = 13,fault = 48&49&52&53&54,
SUCCESS;216:edges = 274,fail_cases = 13,fault = 48&49&50&52&53&54,
SUCCESS;217:edges = 275,fail_cases = 13,fault = 48&49&50&51&52&53&54,
SUCCESS;218:edges = 276,fail_cases = 13,fault = 46&48&49&50&51&52&53&54,
SUCCESS;219:edges = 278,fail_cases = 13,fault = 55&52&53&54,
SUCCESS;220:edges = 279,fail_cases = 13,fault = 55&48&52&53&54,
SUCCESS;221:edges = 280,fail_cases = 13,fault = 55&48&49&52&53&54,
SUCCESS;222:edges = 281,fail_cases = 13,fault = 55&48&49&50&52&53&54,
SUCCESS;223:edges = 282,fail_cases = 13,fault = 55&48&49&50&51&52&53&54,
SUCCESS;224:edges = 283,fail_cases = 13,fault = 55&46&48&49&50&51&52&53&54,
FAIL;225:edges = 283,fail_cases = 14,fault = 55&56&52&53&54,
SUCCESS;226:edges = 285,fail_cases = 14,fault = 57,
SUCCESS;227:edges = 286,fail_cases = 14,fault = 57&52,
SUCCESS;228:edges = 287,fail_cases = 14,fault = 57&52&53,
SUCCESS;229:edges = 288,fail_cases = 14,fault = 57&52&53&54,
SUCCESS;230:edges = 289,fail_cases = 14,fault = 55&57&52&53&54,
SUCCESS;231:edges = 291,fail_cases = 14,fault = 57&58,
SUCCESS;232:edges = 292,fail_cases = 14,fault = 57&58&52,
SUCCESS;233:edges = 293,fail_cases = 14,fault = 57&58&52&53,
SUCCESS;234:edges = 294,fail_cases = 14,fault = 57&58&52&53&54,
SUCCESS;235:edges = 295,fail_cases = 14,fault = 55&57&58&52&53&54,
SUCCESS;236:edges = 297,fail_cases = 14,fault = 57&58&59,
SUCCESS;237:edges = 298,fail_cases = 14,fault = 57&58&59&52,
SUCCESS;238:edges = 299,fail_cases = 14,fault = 57&58&59&52&53,
SUCCESS;239:edges = 300,fail_cases = 14,fault = 57&58&59&52&53&54,
SUCCESS;240:edges = 301,fail_cases = 14,fault = 55&57&58&59&52&53&54,
SUCCESS;241:edges = 303,fail_cases = 14,fault = 57&58&59&60,
SUCCESS;242:edges = 304,fail_cases = 14,fault = 57&58&59&60&52,
SUCCESS;243:edges = 305,fail_cases = 14,fault = 57&58&59&60&52&53,
SUCCESS;244:edges = 306,fail_cases = 14,fault = 57&58&59&60&52&53&54,
SUCCESS;245:edges = 307,fail_cases = 14,fault = 55&57&58&59&60&52&53&54,
FAIL;246:edges = 307,fail_cases = 15,fault = 57&58&59&60&61,
SUCCESS;247:edges = 309,fail_cases = 15,fault = 64,
SUCCESS;248:edges = 310,fail_cases = 15,fault = 57&64,
SUCCESS;249:edges = 311,fail_cases = 15,fault = 57&58&64,
SUCCESS;250:edges = 312,fail_cases = 15,fault = 57&58&59&64,
SUCCESS;251:edges = 313,fail_cases = 15,fault = 57&58&59&60&64,
SUCCESS;252:edges = 315,fail_cases = 15,fault = 64&65,
SUCCESS;253:edges = 316,fail_cases = 15,fault = 57&64&65,
SUCCESS;254:edges = 317,fail_cases = 15,fault = 57&58&64&65,
SUCCESS;255:edges = 318,fail_cases = 15,fault = 57&58&59&64&65,
SUCCESS;256:edges = 319,fail_cases = 15,fault = 57&58&59&60&64&65,
SUCCESS;257:edges = 321,fail_cases = 15,fault = 66&64&65,
SUCCESS;258:edges = 322,fail_cases = 15,fault = 66&57&64&65,
SUCCESS;259:edges = 323,fail_cases = 15,fault = 66&57&58&64&65,
SUCCESS;260:edges = 324,fail_cases = 15,fault = 66&57&58&59&64&65,
SUCCESS;261:edges = 325,fail_cases = 15,fault = 66&57&58&59&60&64&65,
SUCCESS;262:edges = 327,fail_cases = 15,fault = 66&67&64&65,
SUCCESS;263:edges = 328,fail_cases = 15,fault = 66&67&57&64&65,
SUCCESS;264:edges = 329,fail_cases = 15,fault = 66&67&57&58&64&65,
SUCCESS;265:edges = 330,fail_cases = 15,fault = 66&67&57&58&59&64&65,
SUCCESS;266:edges = 331,fail_cases = 15,fault = 66&67&57&58&59&60&64&65,
SUCCESS;267:edges = 333,fail_cases = 15,fault = 66&67&68&64&65,
SUCCESS;268:edges = 334,fail_cases = 15,fault = 66&67&68&57&64&65,
SUCCESS;269:edges = 335,fail_cases = 15,fault = 66&67&68&57&58&64&65,
SUCCESS;270:edges = 336,fail_cases = 15,fault = 66&67&68&57&58&59&64&65,
SUCCESS;271:edges = 337,fail_cases = 15,fault = 66&67&68&57&58&59&60&64&65,
SUCCESS;272:edges = 339,fail_cases = 15,fault = 66&67&68&69&64&65,
SUCCESS;273:edges = 340,fail_cases = 15,fault = 66&67&68&57&69&64&65,
SUCCESS;274:edges = 341,fail_cases = 15,fault = 66&67&68&57&69&58&64&65,
SUCCESS;275:edges = 342,fail_cases = 15,fault = 66&67&68&57&69&58&59&64&65,
SUCCESS;276:edges = 343,fail_cases = 15,fault = 66&67&68&57&69&58&59&60&64&65,
SUCCESS;277:edges = 345,fail_cases = 15,fault = 66&67&68&69&62&64&65,
SUCCESS;278:edges = 346,fail_cases = 15,fault = 66&67&68&57&69&62&64&65,
SUCCESS;279:edges = 347,fail_cases = 15,fault = 66&67&68&57&69&58&62&64&65,
SUCCESS;280:edges = 348,fail_cases = 15,fault = 66&67&68&57&69&58&59&62&64&65,
SUCCESS;281:edges = 349,fail_cases = 15,fault = 66&67&68&57&69&58&59&60&62&64&65,
FAIL;282:edges = 349,fail_cases = 16,fault = 66&67&68&69&62&63&64&65,
SUCCESS;283:edges = 351,fail_cases = 16,fault = 70,
SUCCESS;284:edges = 352,fail_cases = 16,fault = 70&64,
SUCCESS;285:edges = 353,fail_cases = 16,fault = 70&64&65,
SUCCESS;286:edges = 354,fail_cases = 16,fault = 66&70&64&65,
SUCCESS;287:edges = 355,fail_cases = 16,fault = 66&67&70&64&65,
SUCCESS;288:edges = 356,fail_cases = 16,fault = 66&67&68&70&64&65,
SUCCESS;289:edges = 357,fail_cases = 16,fault = 66&67&68&69&70&64&65,
SUCCESS;290:edges = 358,fail_cases = 16,fault = 66&67&68&69&70&62&64&65,
FAIL;291:edges = 358,fail_cases = 17,fault = 70&71,
SUCCESS;292:edges = 360,fail_cases = 17,fault = 72,
SUCCESS;293:edges = 361,fail_cases = 17,fault = 70&72,
SUCCESS;294:edges = 363,fail_cases = 17,fault = 72&73,
SUCCESS;295:edges = 364,fail_cases = 17,fault = 70&72&73,
SUCCESS;296:edges = 366,fail_cases = 17,fault = 72&73&74,
SUCCESS;297:edges = 367,fail_cases = 17,fault = 70&72&73&74,
SUCCESS;298:edges = 369,fail_cases = 17,fault = 72&73&74&75,
SUCCESS;299:edges = 370,fail_cases = 17,fault = 70&72&73&74&75,
SUCCESS;300:edges = 372,fail_cases = 17,fault = 72&73&74&75&76,
SUCCESS;301:edges = 373,fail_cases = 17,fault = 70&72&73&74&75&76,
SUCCESS;302:edges = 375,fail_cases = 17,fault = 77&72&73&74&75&76,
SUCCESS;303:edges = 376,fail_cases = 17,fault = 77&70&72&73&74&75&76,
SUCCESS;304:edges = 378,fail_cases = 17,fault = 77&78&72&73&74&75&76,
SUCCESS;305:edges = 379,fail_cases = 17,fault = 77&78&70&72&73&74&75&76,
FAIL;306:edges = 379,fail_cases = 18,fault = 77&78&79&72&73&74&75&76,
SUCCESS;307:edges = 381,fail_cases = 18,fault = 80,
SUCCESS;308:edges = 382,fail_cases = 18,fault = 80&72,
SUCCESS;309:edges = 383,fail_cases = 18,fault = 80&72&73,
SUCCESS;310:edges = 384,fail_cases = 18,fault = 80&72&73&74,
SUCCESS;311:edges = 385,fail_cases = 18,fault = 80&72&73&74&75,
SUCCESS;312:edges = 386,fail_cases = 18,fault = 80&72&73&74&75&76,
SUCCESS;313:edges = 387,fail_cases = 18,fault = 77&80&72&73&74&75&76,
SUCCESS;314:edges = 388,fail_cases = 18,fault = 77&78&80&72&73&74&75&76,
SUCCESS;315:edges = 390,fail_cases = 18,fault = 80&81,
SUCCESS;316:edges = 391,fail_cases = 18,fault = 80&81&72,
SUCCESS;317:edges = 392,fail_cases = 18,fault = 80&81&72&73,
SUCCESS;318:edges = 393,fail_cases = 18,fault = 80&81&72&73&74,
SUCCESS;319:edges = 394,fail_cases = 18,fault = 80&81&72&73&74&75,
SUCCESS;320:edges = 395,fail_cases = 18,fault = 80&81&72&73&74&75&76,
SUCCESS;321:edges = 396,fail_cases = 18,fault = 77&80&81&72&73&74&75&76,
SUCCESS;322:edges = 397,fail_cases = 18,fault = 77&78&80&81&72&73&74&75&76,
SUCCESS;323:edges = 399,fail_cases = 18,fault = 80&81&82,
SUCCESS;324:edges = 400,fail_cases = 18,fault = 80&81&82&72,
SUCCESS;325:edges = 401,fail_cases = 18,fault = 80&81&82&72&73,
SUCCESS;326:edges = 402,fail_cases = 18,fault = 80&81&82&72&73&74,
SUCCESS;327:edges = 403,fail_cases = 18,fault = 80&81&82&72&73&74&75,
SUCCESS;328:edges = 404,fail_cases = 18,fault = 80&81&82&72&73&74&75&76,
SUCCESS;329:edges = 405,fail_cases = 18,fault = 77&80&81&82&72&73&74&75&76,
SUCCESS;330:edges = 406,fail_cases = 18,fault = 77&78&80&81&82&72&73&74&75&76,
SUCCESS;331:edges = 408,fail_cases = 18,fault = 80&81&82&83,
SUCCESS;332:edges = 409,fail_cases = 18,fault = 80&81&82&83&72,
SUCCESS;333:edges = 410,fail_cases = 18,fault = 80&81&82&83&72&73,
SUCCESS;334:edges = 411,fail_cases = 18,fault = 80&81&82&83&72&73&74,
SUCCESS;335:edges = 412,fail_cases = 18,fault = 80&81&82&83&72&73&74&75,
SUCCESS;336:edges = 413,fail_cases = 18,fault = 80&81&82&83&72&73&74&75&76,
SUCCESS;337:edges = 414,fail_cases = 18,fault = 77&80&81&82&83&72&73&74&75&76,
SUCCESS;338:edges = 415,fail_cases = 18,fault = 77&78&80&81&82&83&72&73&74&75&76,
FAIL;339:edges = 415,fail_cases = 19,fault = 80&81&82&83&84,
SUCCESS;340:edges = 417,fail_cases = 19,fault = 85,
SUCCESS;341:edges = 418,fail_cases = 19,fault = 80&85,
SUCCESS;342:edges = 419,fail_cases = 19,fault = 80&81&85,
SUCCESS;343:edges = 420,fail_cases = 19,fault = 80&81&82&85,
SUCCESS;344:edges = 421,fail_cases = 19,fault = 80&81&82&83&85,
SUCCESS;345:edges = 423,fail_cases = 19,fault = 85&86,
SUCCESS;346:edges = 424,fail_cases = 19,fault = 80&85&86,
SUCCESS;347:edges = 425,fail_cases = 19,fault = 80&81&85&86,
SUCCESS;348:edges = 426,fail_cases = 19,fault = 80&81&82&85&86,
SUCCESS;349:edges = 427,fail_cases = 19,fault = 80&81&82&83&85&86,
SUCCESS;350:edges = 429,fail_cases = 19,fault = 85&86&87,
SUCCESS;351:edges = 430,fail_cases = 19,fault = 80&85&86&87,
SUCCESS;352:edges = 431,fail_cases = 19,fault = 80&81&85&86&87,
SUCCESS;353:edges = 432,fail_cases = 19,fault = 80&81&82&85&86&87,
SUCCESS;354:edges = 433,fail_cases = 19,fault = 80&81&82&83&85&86&87,
SUCCESS;355:edges = 435,fail_cases = 19,fault = 88&85&86&87,
SUCCESS;356:edges = 436,fail_cases = 19,fault = 88&80&85&86&87,
SUCCESS;357:edges = 437,fail_cases = 19,fault = 88&80&81&85&86&87,
SUCCESS;358:edges = 438,fail_cases = 19,fault = 88&80&81&82&85&86&87,
SUCCESS;359:edges = 439,fail_cases = 19,fault = 88&80&81&82&83&85&86&87,
SUCCESS;360:edges = 441,fail_cases = 19,fault = 88&89&85&86&87,
SUCCESS;361:edges = 442,fail_cases = 19,fault = 88&89&80&85&86&87,
SUCCESS;362:edges = 443,fail_cases = 19,fault = 88&89&80&81&85&86&87,
SUCCESS;363:edges = 444,fail_cases = 19,fault = 88&89&80&81&82&85&86&87,
SUCCESS;364:edges = 445,fail_cases = 19,fault = 88&89&80&81&82&83&85&86&87,
SUCCESS;365:edges = 447,fail_cases = 19,fault = 88&89&90&85&86&87,
SUCCESS;366:edges = 448,fail_cases = 19,fault = 88&89&90&80&85&86&87,
SUCCESS;367:edges = 449,fail_cases = 19,fault = 88&89&90&80&81&85&86&87,
SUCCESS;368:edges = 450,fail_cases = 19,fault = 88&89&90&80&81&82&85&86&87,
SUCCESS;369:edges = 451,fail_cases = 19,fault = 88&89&90&80&81&82&83&85&86&87,
SUCCESS;370:edges = 453,fail_cases = 19,fault = 88&89&90&91&85&86&87,
SUCCESS;371:edges = 454,fail_cases = 19,fault = 88&89&90&91&80&85&86&87,
SUCCESS;372:edges = 455,fail_cases = 19,fault = 88&89&90&91&80&81&85&86&87,
SUCCESS;373:edges = 456,fail_cases = 19,fault = 88&89&90&91&80&81&82&85&86&87,
SUCCESS;374:edges = 457,fail_cases = 19,fault = 88&89&90&91&80&81&82&83&85&86&87,
FAIL;375:edges = 457,fail_cases = 20,fault = 88&89&90&91&92&85&86&87,
SUCCESS;376:edges = 459,fail_cases = 20,fault = 96,
SUCCESS;377:edges = 460,fail_cases = 20,fault = 96&85,
SUCCESS;378:edges = 461,fail_cases = 20,fault = 96&85&86,
SUCCESS;379:edges = 462,fail_cases = 20,fault = 96&85&86&87,
SUCCESS;380:edges = 463,fail_cases = 20,fault = 88&96&85&86&87,
SUCCESS;381:edges = 464,fail_cases = 20,fault = 88&89&96&85&86&87,
SUCCESS;382:edges = 465,fail_cases = 20,fault = 88&89&90&96&85&86&87,
SUCCESS;383:edges = 466,fail_cases = 20,fault = 88&89&90&91&96&85&86&87,
SUCCESS;384:edges = 468,fail_cases = 20,fault = 96&97,
SUCCESS;385:edges = 469,fail_cases = 20,fault = 96&85&97,
SUCCESS;386:edges = 470,fail_cases = 20,fault = 96&85&97&86,
SUCCESS;387:edges = 471,fail_cases = 20,fault = 96&85&97&86&87,
SUCCESS;388:edges = 472,fail_cases = 20,fault = 88&96&85&97&86&87,
SUCCESS;389:edges = 473,fail_cases = 20,fault = 88&89&96&85&97&86&87,
SUCCESS;390:edges = 474,fail_cases = 20,fault = 88&89&90&96&85&97&86&87,
SUCCESS;391:edges = 475,fail_cases = 20,fault = 88&89&90&91&96&85&97&86&87,
SUCCESS;392:edges = 477,fail_cases = 20,fault = 93&96&97,
SUCCESS;393:edges = 478,fail_cases = 20,fault = 93&96&85&97,
SUCCESS;394:edges = 479,fail_cases = 20,fault = 93&96&85&97&86,
SUCCESS;395:edges = 480,fail_cases = 20,fault = 93&96&85&97&86&87,
SUCCESS;396:edges = 481,fail_cases = 20,fault = 88&93&96&85&97&86&87,
SUCCESS;397:edges = 482,fail_cases = 20,fault = 88&89&93&96&85&97&86&87,
SUCCESS;398:edges = 483,fail_cases = 20,fault = 88&89&90&93&96&85&97&86&87,
SUCCESS;399:edges = 484,fail_cases = 20,fault = 88&89&90&91&93&96&85&97&86&87,
SUCCESS;400:edges = 486,fail_cases = 20,fault = 93&94&96&97,
SUCCESS;401:edges = 487,fail_cases = 20,fault = 93&94&96&85&97,
SUCCESS;402:edges = 488,fail_cases = 20,fault = 93&94&96&85&97&86,
SUCCESS;403:edges = 489,fail_cases = 20,fault = 93&94&96&85&97&86&87,
SUCCESS;404:edges = 490,fail_cases = 20,fault = 88&93&94&96&85&97&86&87,
SUCCESS;405:edges = 491,fail_cases = 20,fault = 88&89&93&94&96&85&97&86&87,
SUCCESS;406:edges = 492,fail_cases = 20,fault = 88&89&90&93&94&96&85&97&86&87,
SUCCESS;407:edges = 493,fail_cases = 20,fault = 88&89&90&91&93&94&96&85&97&86&87,
FAIL;408:edges = 493,fail_cases = 21,fault = 93&94&95&96&97,
SUCCESS;409:edges = 495,fail_cases = 21,fault = 98,
SUCCESS;410:edges = 496,fail_cases = 21,fault = 96&98,
SUCCESS;411:edges = 497,fail_cases = 21,fault = 96&97&98,
SUCCESS;412:edges = 498,fail_cases = 21,fault = 93&96&97&98,
SUCCESS;413:edges = 499,fail_cases = 21,fault = 93&94&96&97&98,
SUCCESS;414:edges = 501,fail_cases = 21,fault = 99&98,
SUCCESS;415:edges = 502,fail_cases = 21,fault = 99&97&98,
SUCCESS;416:edges = 503,fail_cases = 21,fault = 99&93&97&98,
SUCCESS;417:edges = 504,fail_cases = 21,fault = 99&93&94&97&98,
SUCCESS;418:edges = 506,fail_cases = 21,fault = 99&93&94&95&97&98,
SUCCESS;419:edges = 508,fail_cases = 21,fault = 99&101&93&94&95&97&98,
SUCCESS;420:edges = 509,fail_cases = 21,fault = 99&100&96&98,
SUCCESS;421:edges = 510,fail_cases = 21,fault = 99&100&96&97&98,
SUCCESS;422:edges = 511,fail_cases = 21,fault = 99&100&93&96&97&98,
SUCCESS;423:edges = 513,fail_cases = 21,fault = 99&101&102&93&94&95&97&98,
SUCCESS;424:edges = 515,fail_cases = 21,fault = 99&101&102&103&93&94&95&97&98,
SUCCESS;425:edges = 516,fail_cases = 21,fault = 99&100&93&94&96&97&98,
FAIL;426:edges = 516,fail_cases = 22,fault = 99&101&102&103&104&93&94&95&97&98,
SUCCESS;427:edges = 517,fail_cases = 22,fault = 99&100&101&96&98,
SUCCESS;428:edges = 518,fail_cases = 22,fault = 99&100&101&96&97&98,
SUCCESS;429:edges = 519,fail_cases = 22,fault = 99&100&101&102&96&98,
SUCCESS;430:edges = 520,fail_cases = 22,fault = 99&100&101&102&103&96&98,
SUCCESS;431:edges = 521,fail_cases = 22,fault = 99&100&101&102&96&97&98,
SUCCESS;432:edges = 522,fail_cases = 22,fault = 99&100&101&102&103&96&97&98,
SUCCESS;433:edges = 523,fail_cases = 22,fault = 99&100&101&93&96&97&98,
SUCCESS;434:edges = 524,fail_cases = 22,fault = 99&100&101&102&93&96&97&98,
SUCCESS;435:edges = 525,fail_cases = 22,fault = 99&100&101&93&94&96&97&98,
SUCCESS;436:edges = 526,fail_cases = 22,fault = 99&100&101&102&103&93&96&97&98,
SUCCESS;437:edges = 527,fail_cases = 22,fault = 99&100&101&102&93&94&96&97&98,
SUCCESS;438:edges = 528,fail_cases = 22,fault = 99&100&101&102&103&93&94&96&97&98,
FAIL;439:edges = 528,fail_cases = 23,fault = 99&100&101&102&103&104&98,
SUCCESS;440:edges = 530,fail_cases = 23,fault = 105,
SUCCESS;441:edges = 531,fail_cases = 23,fault = 105&98,
SUCCESS;442:edges = 532,fail_cases = 23,fault = 99&105&98,
SUCCESS;443:edges = 533,fail_cases = 23,fault = 99&105&93&94&95&97&98,
SUCCESS;444:edges = 534,fail_cases = 23,fault = 99&101&105&93&94&95&97&98,
SUCCESS;445:edges = 535,fail_cases = 23,fault = 99&101&102&105&93&94&95&97&98,
SUCCESS;446:edges = 536,fail_cases = 23,fault = 99&101&102&103&105&93&94&95&97&98,
SUCCESS;447:edges = 538,fail_cases = 23,fault = 105&106,
SUCCESS;448:edges = 539,fail_cases = 23,fault = 105&106&98,
SUCCESS;449:edges = 540,fail_cases = 23,fault = 99&105&106&98,
SUCCESS;450:edges = 541,fail_cases = 23,fault = 99&105&106&93&94&95&97&98,
SUCCESS;451:edges = 542,fail_cases = 23,fault = 99&101&105&106&93&94&95&97&98,
SUCCESS;452:edges = 543,fail_cases = 23,fault = 99&101&102&105&106&93&94&95&97&98,
SUCCESS;453:edges = 544,fail_cases = 23,fault = 99&101&102&103&105&106&93&94&95&97&98,
SUCCESS;454:edges = 546,fail_cases = 23,fault = 105&106&107,
SUCCESS;455:edges = 547,fail_cases = 23,fault = 105&106&107&98,
SUCCESS;456:edges = 548,fail_cases = 23,fault = 99&105&106&107&98,
SUCCESS;457:edges = 549,fail_cases = 23,fault = 99&105&106&107&93&94&95&97&98,
SUCCESS;458:edges = 550,fail_cases = 23,fault = 99&101&105&106&107&93&94&95&97&98,
SUCCESS;459:edges = 551,fail_cases = 23,fault = 99&101&102&105&106&107&93&94&95&97&98,
SUCCESS;460:edges = 552,fail_cases = 23,fault = 99&101&102&103&105&106&107&93&94&95&97&98,
SUCCESS;461:edges = 554,fail_cases = 23,fault = 105&106&107&108,
SUCCESS;462:edges = 555,fail_cases = 23,fault = 105&106&107&108&98,
SUCCESS;463:edges = 556,fail_cases = 23,fault = 99&105&106&107&108&98,
SUCCESS;464:edges = 557,fail_cases = 23,fault = 99&105&106&107&108&93&94&95&97&98,
SUCCESS;465:edges = 558,fail_cases = 23,fault = 99&101&105&106&107&108&93&94&95&97&98,
SUCCESS;466:edges = 559,fail_cases = 23,fault = 99&101&102&105&106&107&108&93&94&95&97&98,
SUCCESS;467:edges = 560,fail_cases = 23,fault = 99&101&102&103&105&106&107&108&93&94&95&97&98,
SUCCESS;468:edges = 562,fail_cases = 23,fault = 105&106&107&108&109,
SUCCESS;469:edges = 563,fail_cases = 23,fault = 105&106&107&108&109&98,
SUCCESS;470:edges = 564,fail_cases = 23,fault = 99&105&106&107&108&109&98,
SUCCESS;471:edges = 565,fail_cases = 23,fault = 99&105&106&107&108&109&93&94&95&97&98,
SUCCESS;472:edges = 566,fail_cases = 23,fault = 99&101&105&106&107&108&109&93&94&95&97&98,
SUCCESS;473:edges = 567,fail_cases = 23,fault = 99&101&102&105&106&107&108&109&93&94&95&97&98,
SUCCESS;474:edges = 568,fail_cases = 23,fault = 99&101&102&103&105&106&107&108&109&93&94&95&97&98,
FAIL;475:edges = 568,fail_cases = 24,fault = 110&105&106&107&108&109,
SUCCESS;476:edges = 570,fail_cases = 24,fault = 112,
SUCCESS;477:edges = 571,fail_cases = 24,fault = 112&105,
SUCCESS;478:edges = 572,fail_cases = 24,fault = 112&105&106,
SUCCESS;479:edges = 573,fail_cases = 24,fault = 112&105&106&107,
SUCCESS;480:edges = 574,fail_cases = 24,fault = 112&105&106&107&108,
SUCCESS;481:edges = 575,fail_cases = 24,fault = 112&105&106&107&108&109,
SUCCESS;482:edges = 577,fail_cases = 24,fault = 112&113,
SUCCESS;483:edges = 578,fail_cases = 24,fault = 112&113&105,
SUCCESS;484:edges = 579,fail_cases = 24,fault = 112&113&105&106,
SUCCESS;485:edges = 580,fail_cases = 24,fault = 112&113&105&106&107,
SUCCESS;486:edges = 581,fail_cases = 24,fault = 112&113&105&106&107&108,
SUCCESS;487:edges = 582,fail_cases = 24,fault = 112&113&105&106&107&108&109,
SUCCESS;488:edges = 584,fail_cases = 24,fault = 112&113&114,
SUCCESS;489:edges = 585,fail_cases = 24,fault = 112&113&114&105,
SUCCESS;490:edges = 586,fail_cases = 24,fault = 112&113&114&105&106,
SUCCESS;491:edges = 587,fail_cases = 24,fault = 112&113&114&105&106&107,
SUCCESS;492:edges = 588,fail_cases = 24,fault = 112&113&114&105&106&107&108,
SUCCESS;493:edges = 589,fail_cases = 24,fault = 112&113&114&105&106&107&108&109,
FAIL;494:edges = 589,fail_cases = 25,fault = 111&112&113&114,
SUCCESS;495:edges = 591,fail_cases = 25,fault = 115,
SUCCESS;496:edges = 592,fail_cases = 25,fault = 112&115,
SUCCESS;497:edges = 593,fail_cases = 25,fault = 112&113&115,
SUCCESS;498:edges = 594,fail_cases = 25,fault = 112&113&114&115,
SUCCESS;499:edges = 596,fail_cases = 25,fault = 115&116,
SUCCESS;500:edges = 597,fail_cases = 25,fault = 113&115&116,
SUCCESS;501:edges = 598,fail_cases = 25,fault = 113&114&115&116,
SUCCESS;502:edges = 600,fail_cases = 25,fault = 111&113&114&115&116,
SUCCESS;503:edges = 602,fail_cases = 25,fault = 111&113&114&115&116&118,
SUCCESS;504:edges = 604,fail_cases = 25,fault = 111&113&114&115&116&118&119,
SUCCESS;505:edges = 605,fail_cases = 25,fault = 112&115&116&117,
SUCCESS;506:edges = 607,fail_cases = 25,fault = 111&113&114&115&116&118&119&120,
SUCCESS;507:edges = 608,fail_cases = 25,fault = 112&113&115&116&117,
FAIL;508:edges = 608,fail_cases = 26,fault = 121&111&113&114&115&116&118&119&120,
SUCCESS;509:edges = 609,fail_cases = 26,fault = 112&113&114&115&116&117,
SUCCESS;510:edges = 610,fail_cases = 26,fault = 112&115&116&117&118,
SUCCESS;511:edges = 611,fail_cases = 26,fault = 112&113&115&116&117&118,
SUCCESS;512:edges = 612,fail_cases = 26,fault = 112&113&114&115&116&117&118,
SUCCESS;513:edges = 613,fail_cases = 26,fault = 112&115&116&117&118&119,
SUCCESS;514:edges = 614,fail_cases = 26,fault = 112&115&116&117&118&119&120,
SUCCESS;515:edges = 615,fail_cases = 26,fault = 112&113&115&116&117&118&119,
SUCCESS;516:edges = 616,fail_cases = 26,fault = 112&113&114&115&116&117&118&119,
SUCCESS;517:edges = 617,fail_cases = 26,fault = 112&113&115&116&117&118&119&120,
SUCCESS;518:edges = 618,fail_cases = 26,fault = 112&113&114&115&116&117&118&119&120,
FAIL;519:edges = 618,fail_cases = 27,fault = 121&115&116&117&118&119&120,
SUCCESS;520:edges = 620,fail_cases = 27,fault = 122,
SUCCESS;521:edges = 621,fail_cases = 27,fault = 122&115,
SUCCESS;522:edges = 622,fail_cases = 27,fault = 122&115&116,
SUCCESS;523:edges = 623,fail_cases = 27,fault = 122&111&113&114&115&116,
SUCCESS;524:edges = 624,fail_cases = 27,fault = 122&111&113&114&115&116&118,
SUCCESS;525:edges = 625,fail_cases = 27,fault = 122&111&113&114&115&116&118&119,
SUCCESS;526:edges = 626,fail_cases = 27,fault = 122&111&113&114&115&116&118&119&120,
SUCCESS;527:edges = 628,fail_cases = 27,fault = 122&123,
SUCCESS;528:edges = 629,fail_cases = 27,fault = 122&123&115,
SUCCESS;529:edges = 630,fail_cases = 27,fault = 122&123&115&116,
SUCCESS;530:edges = 631,fail_cases = 27,fault = 122&111&123&113&114&115&116,
SUCCESS;531:edges = 632,fail_cases = 27,fault = 122&111&123&113&114&115&116&118,
SUCCESS;532:edges = 633,fail_cases = 27,fault = 122&111&123&113&114&115&116&118&119,
SUCCESS;533:edges = 634,fail_cases = 27,fault = 122&111&123&113&114&115&116&118&119&120,
SUCCESS;534:edges = 636,fail_cases = 27,fault = 122&123&124,
SUCCESS;535:edges = 637,fail_cases = 27,fault = 122&123&124&115,
SUCCESS;536:edges = 638,fail_cases = 27,fault = 122&123&124&115&116,
SUCCESS;537:edges = 639,fail_cases = 27,fault = 122&111&123&124&113&114&115&116,
SUCCESS;538:edges = 640,fail_cases = 27,fault = 122&111&123&124&113&114&115&116&118,
SUCCESS;539:edges = 641,fail_cases = 27,fault = 122&111&123&124&113&114&115&116&118&119,
SUCCESS;540:edges = 642,fail_cases = 27,fault = 122&111&123&124&113&114&115&116&118&119&120,
SUCCESS;541:edges = 644,fail_cases = 27,fault = 122&123&124&125,
SUCCESS;542:edges = 645,fail_cases = 27,fault = 122&123&124&125&115,
SUCCESS;543:edges = 646,fail_cases = 27,fault = 122&123&124&125&115&116,
SUCCESS;544:edges = 647,fail_cases = 27,fault = 122&111&123&124&113&125&114&115&116,
SUCCESS;545:edges = 648,fail_cases = 27,fault = 122&111&123&124&113&125&114&115&116&118,
SUCCESS;546:edges = 649,fail_cases = 27,fault = 122&111&123&124&113&125&114&115&116&118&120,
SUCCESS;547:edges = 651,fail_cases = 27,fault = 121&122&111&123&124&113&125&114&115&116&118&120,
FAIL;548:edges = 651,fail_cases = 28,fault = 120&121&122&111&123&124&113&125&114&115&116&127&118,
SUCCESS;549:edges = 652,fail_cases = 28,fault = 122&123&124&125&126&119,
SUCCESS;550:edges = 653,fail_cases = 28,fault = 122&123&124&125&126&115&119,
SUCCESS;551:edges = 654,fail_cases = 28,fault = 122&123&124&125&126&115&116&119,
SUCCESS;552:edges = 655,fail_cases = 28,fault = 122&111&123&124&113&125&114&126&115&116&119,
SUCCESS;553:edges = 656,fail_cases = 28,fault = 122&111&123&124&113&125&114&126&115&116&118&119,
SUCCESS;554:edges = 657,fail_cases = 28,fault = 120&122&111&123&124&113&125&114&126&115&116&118&119,
FAIL;555:edges = 657,fail_cases = 29,fault = 121&122&123&124&125&115&116&127&117&118&120,
FAIL;556:edges = 657,fail_cases = 30,fault = 122&123&124&125&126&127,
SUCCESS;557:edges = 659,fail_cases = 30,fault = 128,
SUCCESS;558:edges = 660,fail_cases = 30,fault = 122&128,
SUCCESS;559:edges = 661,fail_cases = 30,fault = 122&123&128,
SUCCESS;560:edges = 662,fail_cases = 30,fault = 122&123&124&128,
SUCCESS;561:edges = 663,fail_cases = 30,fault = 122&123&124&125&128,
SUCCESS;562:edges = 664,fail_cases = 30,fault = 120&121&122&111&123&124&113&125&114&115&116&128&118,
SUCCESS;563:edges = 666,fail_cases = 30,fault = 128&129,
SUCCESS;564:edges = 667,fail_cases = 30,fault = 122&128&129,
SUCCESS;565:edges = 668,fail_cases = 30,fault = 122&123&128&129,
SUCCESS;566:edges = 669,fail_cases = 30,fault = 122&123&124&128&129,
SUCCESS;567:edges = 670,fail_cases = 30,fault = 122&123&124&125&128&129,
SUCCESS;568:edges = 671,fail_cases = 30,fault = 120&121&122&111&123&124&113&125&114&115&116&128&129&118,
SUCCESS;569:edges = 673,fail_cases = 30,fault = 128&129&130,
SUCCESS;570:edges = 674,fail_cases = 30,fault = 122&128&129&130,
SUCCESS;571:edges = 675,fail_cases = 30,fault = 122&123&128&129&130,
SUCCESS;572:edges = 676,fail_cases = 30,fault = 122&123&124&128&129&130,
SUCCESS;573:edges = 677,fail_cases = 30,fault = 122&123&124&125&128&129&130,
SUCCESS;574:edges = 678,fail_cases = 30,fault = 130&120&121&122&111&123&124&113&125&114&115&116&128&129&118,
SUCCESS;575:edges = 680,fail_cases = 30,fault = 128&129&130&131,
SUCCESS;576:edges = 681,fail_cases = 30,fault = 122&128&129&130&131,
SUCCESS;577:edges = 682,fail_cases = 30,fault = 122&123&128&129&130&131,
SUCCESS;578:edges = 683,fail_cases = 30,fault = 122&123&124&128&129&130&131,
SUCCESS;579:edges = 684,fail_cases = 30,fault = 122&123&124&125&128&129&130&131,
SUCCESS;580:edges = 685,fail_cases = 30,fault = 130&131&120&121&122&111&123&124&113&125&114&115&116&128&129&118,
SUCCESS;581:edges = 687,fail_cases = 30,fault = 132&128&129&130&131,
SUCCESS;582:edges = 688,fail_cases = 30,fault = 132&122&128&129&130&131,
SUCCESS;583:edges = 689,fail_cases = 30,fault = 132&122&123&128&129&130&131,
SUCCESS;584:edges = 690,fail_cases = 30,fault = 132&122&123&124&128&129&130&131,
SUCCESS;585:edges = 691,fail_cases = 30,fault = 132&122&123&124&125&128&129&130&131,
SUCCESS;586:edges = 692,fail_cases = 30,fault = 130&131&120&132&121&122&111&123&124&113&125&114&115&116&128&129&118,
FAIL;587:edges = 692,fail_cases = 31,fault = 132&133&128&129&130&131,
SUCCESS;588:edges = 694,fail_cases = 31,fault = 134,
SUCCESS;589:edges = 695,fail_cases = 31,fault = 134&128,
SUCCESS;590:edges = 696,fail_cases = 31,fault = 134&128&129,
SUCCESS;591:edges = 697,fail_cases = 31,fault = 134&128&129&130,
SUCCESS;592:edges = 698,fail_cases = 31,fault = 134&128&129&130&131,
SUCCESS;593:edges = 699,fail_cases = 31,fault = 132&134&128&129&130&131,
SUCCESS;594:edges = 701,fail_cases = 31,fault = 134&135,
SUCCESS;595:edges = 702,fail_cases = 31,fault = 134&135&128,
SUCCESS;596:edges = 703,fail_cases = 31,fault = 134&135&128&129,
SUCCESS;597:edges = 704,fail_cases = 31,fault = 134&135&128&129&130,
SUCCESS;598:edges = 705,fail_cases = 31,fault = 134&135&128&129&130&131,
SUCCESS;599:edges = 707,fail_cases = 31,fault = 132&134&135&128&129&130&131,
SUCCESS;600:edges = 708,fail_cases = 31,fault = 133&134&135&136,
SUCCESS;601:edges = 709,fail_cases = 31,fault = 133&134&135&136&129,
SUCCESS;602:edges = 710,fail_cases = 31,fault = 133&134&135&136&129&130,
SUCCESS;603:edges = 712,fail_cases = 31,fault = 132&134&135&137&128&129&130&131,
SUCCESS;604:edges = 713,fail_cases = 31,fault = 133&134&135&136&137,
SUCCESS;605:edges = 714,fail_cases = 31,fault = 133&134&135&136&128&129&130&131,
SUCCESS;606:edges = 716,fail_cases = 31,fault = 132&134&135&137&138&128&129&130&131,
SUCCESS;607:edges = 718,fail_cases = 31,fault = 132&134&135&137&138&128&139&129&130&131,
SUCCESS;608:edges = 719,fail_cases = 31,fault = 132&133&134&135&136&138&129&130&131,
SUCCESS;609:edges = 720,fail_cases = 31,fault = 133&134&135&136&137&128,
SUCCESS;610:edges = 721,fail_cases = 31,fault = 132&133&134&135&136&138&139&129&130&131,
FAIL;611:edges = 721,fail_cases = 32,fault = 132&133&134&135&136&138&139&129&140&130&131,
SUCCESS;612:edges = 722,fail_cases = 32,fault = 133&134&135&136&137&138&128,
FAIL;613:edges = 722,fail_cases = 33,fault = 132&134&135&137&138&128&139&129&140&130&131,
SUCCESS;614:edges = 723,fail_cases = 33,fault = 133&134&135&136&137&138&139&128,
SUCCESS;615:edges = 724,fail_cases = 33,fault = 133&134&135&136&137&128&129,
SUCCESS;616:edges = 725,fail_cases = 33,fault = 133&134&135&136&137&128&129&130,
SUCCESS;617:edges = 726,fail_cases = 33,fault = 133&134&135&136&137&138&128&129,
SUCCESS;618:edges = 727,fail_cases = 33,fault = 133&134&135&136&137&138&128&129&130,
SUCCESS;619:edges = 728,fail_cases = 33,fault = 133&134&135&136&137&138&139&128&129,
SUCCESS;620:edges = 729,fail_cases = 33,fault = 133&134&135&136&137&138&139&128&129&130,
SUCCESS;621:edges = 730,fail_cases = 33,fault = 133&134&135&136&137&128&129&130&131,
SUCCESS;622:edges = 731,fail_cases = 33,fault = 133&134&135&136&137&138&128&129&130&131,
SUCCESS;623:edges = 732,fail_cases = 33,fault = 133&134&135&136&137&138&139&128&129&130&131,
FAIL;624:edges = 732,fail_cases = 34,fault = 134&135&136&137&138&139&140,
SUCCESS;625:edges = 734,fail_cases = 34,fault = 144,
SUCCESS;626:edges = 735,fail_cases = 34,fault = 144&134,
SUCCESS;627:edges = 736,fail_cases = 34,fault = 144&134&135,
SUCCESS;628:edges = 737,fail_cases = 34,fault = 132&144&134&135&128&129&130&131,
SUCCESS;629:edges = 738,fail_cases = 34,fault = 132&144&133&134&135&136&129&130&131,
SUCCESS;630:edges = 739,fail_cases = 34,fault = 132&144&134&135&137&138&128&129&130&131,
SUCCESS;631:edges = 740,fail_cases = 34,fault = 132&144&133&134&135&136&138&139&129&130&131,
SUCCESS;632:edges = 742,fail_cases = 34,fault = 144&141,
SUCCESS;633:edges = 743,fail_cases = 34,fault = 144&134&141,
SUCCESS;634:edges = 744,fail_cases = 34,fault = 144&134&135&141,
SUCCESS;635:edges = 745,fail_cases = 34,fault = 132&144&134&135&128&129&141&130&131,
SUCCESS;636:edges = 746,fail_cases = 34,fault = 132&144&133&134&135&136&129&141&130&131,
SUCCESS;637:edges = 747,fail_cases = 34,fault = 132&144&133&134&135&136&138&129&141&130&131,
SUCCESS;638:edges = 748,fail_cases = 34,fault = 132&144&134&135&137&138&128&139&129&141&130&131,
SUCCESS;639:edges = 750,fail_cases = 34,fault = 144&141&142,
SUCCESS;640:edges = 751,fail_cases = 34,fault = 144&134&141&142,
SUCCESS;641:edges = 752,fail_cases = 34,fault = 144&134&135&141&142,
SUCCESS;642:edges = 753,fail_cases = 34,fault = 132&144&134&135&128&129&141&130&142&131,
SUCCESS;643:edges = 754,fail_cases = 34,fault = 132&144&133&134&135&136&129&141&130&142&131,
SUCCESS;644:edges = 755,fail_cases = 34,fault = 132&144&133&134&135&136&138&129&141&130&142&131,
SUCCESS;645:edges = 756,fail_cases = 34,fault = 141&130&142&131&132&144&134&135&137&138&128&139&129,
FAIL;646:edges = 756,fail_cases = 35,fault = 143&144&141&142,
SUCCESS;647:edges = 758,fail_cases = 35,fault = 145,
SUCCESS;648:edges = 759,fail_cases = 35,fault = 144&145,
SUCCESS;649:edges = 760,fail_cases = 35,fault = 144&145&141,
SUCCESS;650:edges = 761,fail_cases = 35,fault = 144&145&141&142,
SUCCESS;651:edges = 763,fail_cases = 35,fault = 145&146,
SUCCESS;652:edges = 764,fail_cases = 35,fault = 144&145&146,
SUCCESS;653:edges = 765,fail_cases = 35,fault = 144&145&146&141,
SUCCESS;654:edges = 766,fail_cases = 35,fault = 144&145&146&141&142,
SUCCESS;655:edges = 768,fail_cases = 35,fault = 145&146&147,
SUCCESS;656:edges = 769,fail_cases = 35,fault = 144&145&146&147,
SUCCESS;657:edges = 770,fail_cases = 35,fault = 144&145&146&147&141,
SUCCESS;658:edges = 771,fail_cases = 35,fault = 144&145&146&147&141&142,
FAIL;659:edges = 771,fail_cases = 36,fault = 145&146&147&148,
SUCCESS;660:edges = 773,fail_cases = 36,fault = 149,
SUCCESS;661:edges = 774,fail_cases = 36,fault = 145&149,
SUCCESS;662:edges = 775,fail_cases = 36,fault = 145&146&149,
SUCCESS;663:edges = 776,fail_cases = 36,fault = 145&146&147&149,
SUCCESS;664:edges = 778,fail_cases = 36,fault = 149&150,
SUCCESS;665:edges = 779,fail_cases = 36,fault = 145&149&150,
SUCCESS;666:edges = 780,fail_cases = 36,fault = 145&146&149&150,
SUCCESS;667:edges = 781,fail_cases = 36,fault = 145&146&147&149&150,
SUCCESS;668:edges = 783,fail_cases = 36,fault = 149&150&151,
SUCCESS;669:edges = 784,fail_cases = 36,fault = 145&149&150&151,
SUCCESS;670:edges = 785,fail_cases = 36,fault = 145&146&149&150&151,
SUCCESS;671:edges = 786,fail_cases = 36,fault = 145&146&147&149&150&151,
FAIL;672:edges = 786,fail_cases = 37,fault = 149&150&151&152,
SUCCESS;673:edges = 787,fail_cases = 37,fault = 153,
SUCCESS;674:edges = 788,fail_cases = 37,fault = 149&153,
SUCCESS;675:edges = 789,fail_cases = 37,fault = 149&150&153,
SUCCESS;676:edges = 790,fail_cases = 37,fault = 149&150&151&153,
SUCCESS;677:edges = 791,fail_cases = 37,fault = 154&153,
SUCCESS;678:edges = 792,fail_cases = 37,fault = 154&149&153,
SUCCESS;679:edges = 793,fail_cases = 37,fault = 154&149&150&153,
SUCCESS;680:edges = 794,fail_cases = 37,fault = 154&149&150&151&153,
SUCCESS;681:edges = 795,fail_cases = 37,fault = 154&155&153,
SUCCESS;682:edges = 796,fail_cases = 37,fault = 154&155&149&153,
SUCCESS;683:edges = 797,fail_cases = 37,fault = 154&155&149&150&153,
SUCCESS;684:edges = 798,fail_cases = 37,fault = 154&155&149&150&151&153,
FAIL;685:edges = 798,fail_cases = 38,fault = 154&155&156&153,