SUCCESS;0:edges = 8,fail_cases = 0,fault = ,
SUCCESS;1:edges = 9,fail_cases = 0,fault = 1,
SUCCESS;2:edges = 10,fail_cases = 0,fault = 1&2,
FAIL;3:edges = 10,fail_cases = 1,fault = 1&2&3,
SUCCESS;4:edges = 12,fail_cases = 1,fault = 4,
SUCCESS;5:edges = 13,fail_cases = 1,fault = 1&4,
SUCCESS;6:edges = 14,fail_cases = 1,fault = 1&2&4,
SUCCESS;7:edges = 16,fail_cases = 1,fault = 4&5,
SUCCESS;8:edges = 17,fail_cases = 1,fault = 1&4&5,
SUCCESS;9:edges = 18,fail_cases = 1,fault = 1&2&4&5,
SUCCESS;10:edges = 20,fail_cases = 1,fault = 4&5&6,
SUCCESS;11:edges = 21,fail_cases = 1,fault = 1&4&5&6,
SUCCESS;12:edges = 22,fail_cases = 1,fault = 1&2&4&5&6,
SUCCESS;13:edges = 24,fail_cases = 1,fault = 4&5&6&7,
SUCCESS;14:edges = 25,fail_cases = 1,fault = 1&4&5&6&7,
SUCCESS;15:edges = 26,fail_cases = 1,fault = 1&2&4&5&6&7,
SUCCESS;16:edges = 28,fail_cases = 1,fault = 4&5&6&7&8,
SUCCESS;17:edges = 29,fail_cases = 1,fault = 1&4&5&6&7&8,
SUCCESS;18:edges = 30,fail_cases = 1,fault = 1&2&4&5&6&7&8,
SUCCESS;19:edges = 32,fail_cases = 1,fault = 4&5&6&7&8&9,
SUCCESS;20:edges = 33,fail_cases = 1,fault = 1&4&5&6&7&8&9,
SUCCESS;21:edges = 34,fail_cases = 1,fault = 1&2&4&5&6&7&8&9,
FAIL;22:edges = 34,fail_cases = 2,fault = 4&5&6&7&8&9&10,
SUCCESS;23:edges = 36,fail_cases = 2,fault = 11,
SUCCESS;24:edges = 37,fail_cases = 2,fault = 11&4,
SUCCESS;25:edges = 38,fail_cases = 2,fault = 11&4&5,
SUCCESS;26:edges = 39,fail_cases = 2,fault = 11&4&5&6,
SUCCESS;27:edges = 40,fail_cases = 2,fault = 11&4&5&6&7,
SUCCESS;28:edges = 41,fail_cases = 2,fault = 11&4&5&6&7&8,
SUCCESS;29:edges = 42,fail_cases = 2,fault = 11&4&5&6&7&8&9,
SUCCESS;30:edges = 44,fail_cases = 2,fault = 11&12,
SUCCESS;31:edges = 45,fail_cases = 2,fault = 11&12&4,
SUCCESS;32:edges = 46,fail_cases = 2,fault = 11&12&4&5,
SUCCESS;33:edges = 47,fail_cases = 2,fault = 11&12&4&5&6,
SUCCESS;34:edges = 48,fail_cases = 2,fault = 11&12&4&5&6&7,
SUCCESS;35:edges = 49,fail_cases = 2,fault = 11&12&4&5&6&7&8,
SUCCESS;36:edges = 50,fail_cases = 2,fault = 11&12&4&5&6&7&8&9,
SUCCESS;37:edges = 52,fail_cases = 2,fault = 11&12&13,
SUCCESS;38:edges = 53,fail_cases = 2,fault = 11&12&13&4,
SUCCESS;39:edges = 54,fail_cases = 2,fault = 11&12&13&4&5,
SUCCESS;40:edges = 55,fail_cases = 2,fault = 11&12&13&4&5&6,
SUCCESS;41:edges = 56,fail_cases = 2,fault = 11&12&13&4&5&6&7,
SUCCESS;42:edges = 57,fail_cases = 2,fault = 11&12&13&4&5&6&7&8,
SUCCESS;43:edges = 58,fail_cases = 2,fault = 11&12&13&4&5&6&7&8&9,
SUCCESS;44:edges = 60,fail_cases = 2,fault = 11&12&13&14,
SUCCESS;45:edges = 61,fail_cases = 2,fault = 11&12&13&14&4,
SUCCESS;46:edges = 62,fail_cases = 2,fault = 11&12&13&14&4&5,
SUCCESS;47:edges = 63,fail_cases = 2,fault = 11&12&13&14&4&5&6,
SUCCESS;48:edges = 64,fail_cases = 2,fault = 11&12&13&14&4&5&6&7,
SUCCESS;49:edges = 65,fail_cases = 2,fault = 11&12&13&14&4&5&6&7&8,
SUCCESS;50:edges = 66,fail_cases = 2,fault = 11&12&13&14&4&5&6&7&8&9,
FAIL;51:edges = 66,fail_cases = 3,fault = 11&12&13&14&15,
SUCCESS;52:edges = 68,fail_cases = 3,fault = 16,
SUCCESS;53:edges = 69,fail_cases = 3,fault = 11&16,
SUCCESS;54:edges = 70,fail_cases = 3,fault = 11&12&16,
SUCCESS;55:edges = 71,fail_cases = 3,fault = 11&12&13&16,
SUCCESS;56:edges = 72,fail_cases = 3,fault = 11&12&13&14&16,
SUCCESS;57:edges = 74,fail_cases = 3,fault = 16&17,
SUCCESS;58:edges = 75,fail_cases = 3,fault = 11&16&17,
SUCCESS;59:edges = 76,fail_cases = 3,fault = 11&12&16&17,
SUCCESS;60:edges = 77,fail_cases = 3,fault = 11&12&13&16&17,
SUCCESS;61:edges = 78,fail_cases = 3,fault = 11&12&13&14&16&17,
SUCCESS;62:edges = 80,fail_cases = 3,fault = 16&17&18,
SUCCESS;63:edges = 81,fail_cases = 3,fault = 11&16&17&18,
SUCCESS;64:edges = 82,fail_cases = 3,fault = 11&12&16&17&18,
SUCCESS;65:edges = 83,fail_cases = 3,fault = 11&12&13&16&17&18,
SUCCESS;66:edges = 84,fail_cases = 3,fault = 11&12&13&14&16&17&18,
SUCCESS;67:edges = 86,fail_cases = 3,fault = 16&17&18&19,
SUCCESS;68:edges = 87,fail_cases = 3,fault = 11&16&17&18&19,
SUCCESS;69:edges = 88,fail_cases = 3,fault = 11&12&16&17&18&19,
SUCCESS;70:edges = 89,fail_cases = 3,fault = 11&12&13&16&17&18&19,
SUCCESS;71:edges = 90,fail_cases = 3,fault = 11&12&13&14&16&17&18&19,
SUCCESS;72:edges = 92,fail_cases = 3,fault = 16&17&18&19&20,
SUCCESS;73:edges = 93,fail_cases = 3,fault = 11&16&17&18&19&20,
SUCCESS;74:edges = 94,fail_cases = 3,fault = 11&12&16&17&18&19&20,
SUCCESS;75:edges = 95,fail_cases = 3,fault = 11&12&13&16&17&18&19&20,
SUCCESS;76:edges = 96,fail_cases = 3,fault = 11&12&13&14&16&17&18&19&20,
SUCCESS;77:edges = 98,fail_cases = 3,fault = 16&17&18&19&20&21,
SUCCESS;78:edges = 99,fail_cases = 3,fault = 11&16&17&18&19&20&21,
SUCCESS;79:edges = 100,fail_cases = 3,fault = 11&12&16&17&18&19&20&21,
SUCCESS;80:edges = 101,fail_cases = 3,fault = 11&12&13&16&17&18&19&20&21,
SUCCESS;81:edges = 102,fail_cases = 3,fault = 11&12&13&14&16&17&18&19&20&21,
FAIL;82:edges = 102,fail_cases = 4,fault = 22&16&17&18&19&20&21,
SUCCESS;83:edges = 104,fail_cases = 4,fault = 23,
SUCCESS;84:edges = 105,fail_cases = 4,fault = 23&16,
SUCCESS;85:edges = 106,fail_cases = 4,fault = 23&16&17,
SUCCESS;86:edges = 107,fail_cases = 4,fault = 23&16&17&18,
SUCCESS;87:edges = 108,fail_cases = 4,fault = 23&16&17&18&19,
SUCCESS;88:edges = 109,fail_cases = 4,fault = 23&16&17&18&19&20,
SUCCESS;89:edges = 110,fail_cases = 4,fault = 23&16&17&18&19&20&21,
SUCCESS;90:edges = 112,fail_cases = 4,fault = 23&24,
SUCCESS;91:edges = 113,fail_cases = 4,fault = 23&24&16,
SUCCESS;92:edges = 114,fail_cases = 4,fault = 23&24&16&17,
SUCCESS;93:edges = 115,fail_cases = 4,fault = 23&24&16&17&18,
SUCCESS;94:edges = 116,fail_cases = 4,fault = 23&24&16&17&18&19,
SUCCESS;95:edges = 117,fail_cases = 4,fault = 23&24&16&17&18&19&20,
SUCCESS;96:edges = 118,fail_cases = 4,fault = 23&24&16&17&18&19&20&21,
SUCCESS;97:edges = 120,fail_cases = 4,fault = 23&24&25,
SUCCESS;98:edges = 121,fail_cases = 4,fault = 23&24&25&16,
SUCCESS;99:edges = 122,fail_cases = 4,fault = 23&24&25&16&17,
SUCCESS;100:edges = 123,fail_cases = 4,fault = 23&24&25&16&17&18,
SUCCESS;101:edges = 124,fail_cases = 4,fault = 23&24&25&16&17&18&19,
SUCCESS;102:edges = 125,fail_cases = 4,fault = 23&24&25&16&17&18&19&20,
SUCCESS;103:edges = 126,fail_cases = 4,fault = 23&24&25&16&17&18&19&20&21,
FAIL;104:edges = 126,fail_cases = 5,fault = 23&24&25&26,
SUCCESS;105:edges = 128,fail_cases = 5,fault = 27,
SUCCESS;106:edges = 129,fail_cases = 5,fault = 23&27,
SUCCESS;107:edges = 130,fail_cases = 5,fault = 23&24&27,
SUCCESS;108:edges = 131,fail_cases = 5,fault = 23&24&25&27,
SUCCESS;109:edges = 133,fail_cases = 5,fault = 27&28,
SUCCESS;110:edges = 134,fail_cases = 5,fault = 23&27&28,
SUCCESS;111:edges = 135,fail_cases = 5,fault = 23&24&27&28,
SUCCESS;112:edges = 136,fail_cases = 5,fault = 23&24&25&27&28,
SUCCESS;113:edges = 138,fail_cases = 5,fault = 27&28&29,
SUCCESS;114:edges = 139,fail_cases = 5,fault = 23&27&28&29,
SUCCESS;115:edges = 140,fail_cases = 5,fault = 23&24&27&28&29,
SUCCESS;116:edges = 141,fail_cases = 5,fault = 23&24&25&27&28&29,
SUCCESS;117:edges = 143,fail_cases = 5,fault = 27&28&29&30,
SUCCESS;118:edges = 144,fail_cases = 5,fault = 23&27&28&29&30,
SUCCESS;119:edges = 145,fail_cases = 5,fault = 23&24&27&28&29&30,
SUCCESS;120:edges = 146,fail_cases = 5,fault = 23&24&25&27&28&29&30,
FAIL;121:edges = 146,fail_cases = 6,fault = 27&28&29&30&31,
SUCCESS;122:edges = 148,fail_cases = 6,fault = 32,
SUCCESS;123:edges = 149,fail_cases = 6,fault = 27&32,
SUCCESS;124:edges = 150,fail_cases = 6,fault = 27&28&32,
SUCCESS;125:edges = 151,fail_cases = 6,fault = 27&28&29&32,
SUCCESS;126:edges = 152,fail_cases = 6,fault = 27&28&29&30&32,
SUCCESS;127:edges = 154,fail_cases = 6,fault = 33&32,
SUCCESS;128:edges = 155,fail_cases = 6,fault = 33&27&32,
SUCCESS;129:edges = 156,fail_cases = 6,fault = 33&27&28&32,
SUCCESS;130:edges = 157,fail_cases = 6,fault = 33&27&28&29&32,
SUCCESS;131:edges = 158,fail_cases = 6,fault = 33&27&28&29&30&32,
FAIL;132:edges = 158,fail_cases = 7,fault = 33&34&32,
SUCCESS;133:edges = 160,fail_cases = 7,fault = 35,
SUCCESS;134:edges = 161,fail_cases = 7,fault = 35&32,
SUCCESS;135:edges = 162,fail_cases = 7,fault = 33&35&32,
SUCCESS;136:edges = 164,fail_cases = 7,fault = 35&36,
SUCCESS;137:edges = 165,fail_cases = 7,fault = 35&36&32,
SUCCESS;138:edges = 166,fail_cases = 7,fault = 33&35&36&32,
SUCCESS;139:edges = 168,fail_cases = 7,fault = 35&36&37,
SUCCESS;140:edges = 169,fail_cases = 7,fault = 35&36&37&32,
SUCCESS;141:edges = 170,fail_cases = 7,fault = 33&35&36&37&32,
SUCCESS;142:edges = 172,fail_cases = 7,fault = 35&36&37&38,
SUCCESS;143:edges = 173,fail_cases = 7,fault = 35&36&37&38&32,
SUCCESS;144:edges = 174,fail_cases = 7,fault = 33&35&36&37&38&32,
FAIL;145:edges = 174,fail_cases = 8,fault = 35&36&37&38&39,
SUCCESS;146:edges = 175,fail_cases = 8,fault = 40,
SUCCESS;147:edges = 176,fail_cases = 8,fault = 35&40,
SUCCESS;148:edges = 177,fail_cases = 8,fault = 35&36&40,
SUCCESS;149:edges = 178,fail_cases = 8,fault = 35&36&37&40,
SUCCESS;150:edges = 179,fail_cases = 8,fault = 35&36&37&38&40,
SUCCESS;151:edges = 180,fail_cases = 8,fault = 40&41,
SUCCESS;152:edges = 181,fail_cases = 8,fault = 35&40&41,
SUCCESS;153:edges = 182,fail_cases = 8,fault = 35&36&40&41,
SUCCESS;154:edges = 183,fail_cases = 8,fault = 35&36&37&40&41,
SUCCESS;155:edges = 184,fail_cases = 8,fault = 35&36&37&38&40&41,
SUCCESS;156:edges = 185,fail_cases = 8,fault = 40&41&42,
SUCCESS;157:edges = 186,fail_cases = 8,fault = 35&40&41&42,
SUCCESS;158:edges = 187,fail_cases = 8,fault = 35&36&40&41&42,
SUCCESS;159:edges = 188,fail_cases = 8,fault = 35&36&37&40&41&42,
SUCCESS;160:edges = 189,fail_cases = 8,fault = 35&36&37&38&40&41&42,
SUCCESS;161:edges = 190,fail_cases = 8,fault = 40&41&42&43,
SUCCESS;162:edges = 191,fail_cases = 8,fault = 35&40&41&42&43,
SUCCESS;163:edges = 192,fail_cases = 8,fault = 35&36&40&41&42&43,
SUCCESS;164:edges = 193,fail_cases = 8,fault = 35&36&37&40&41&42&43,
SUCCESS;165:edges = 194,fail_cases = 8,fault = 35&36&37&38&40&41&42&43,
SUCCESS;166:edges = 195,fail_cases = 8,fault = 44&40&41&42&43,
SUCCESS;167:edges = 196,fail_cases = 8,fault = 44&35&40&41&42&43,
SUCCESS;168:edges = 197,fail_cases = 8,fault = 44&35&36&40&41&42&43,
SUCCESS;169:edges = 198,fail_cases = 8,fault = 44&35&36&37&40&41&42&43,
SUCCESS;170:edges = 199,fail_cases = 8,fault = 44&35&36&37&38&40&41&42&43,
SUCCESS;171:edges = 200,fail_cases = 8,fault = 44&45&40&41&42&43,
SUCCESS;172:edges = 201,fail_cases = 8,fault = 44&45&35&40&41&42&43,
SUCCESS;173:edges = 202,fail_cases = 8,fault = 44&45&35&36&40&41&42&43,
SUCCESS;174:edges = 203,fail_cases = 8,fault = 44&45&35&36&37&40&41&42&43,
SUCCESS;175:edges = 204,fail_cases = 8,fault = 44&45&35&36&37&38&40&41&42&43,
SUCCESS;176:edges = 205,fail_cases = 8,fault = 44&45&46&40&41&42&43,
SUCCESS;177:edges = 206,fail_cases = 8,fault = 44&45&46&35&40&41&42&43,
SUCCESS;178:edges = 207,fail_cases = 8,fault = 44&45&46&35&36&40&41&42&43,
SUCCESS;179:edges = 208,fail_cases = 8,fault = 44&45&46&35&36&37&40&41&42&43,
SUCCESS;180:edges = 209,fail_cases = 8,fault = 44&45&46&35&36&37&38&40&41&42&43,
FAIL;181:edges = 209,fail_cases = 9,fault = 44&45&46&47&40&41&42&43,