SUCCESS;0:edges = 2,fail_cases = 0,fault = ,
SUCCESS;1:edges = 3,fail_cases = 0,fault = 1,
SUCCESS;2:edges = 4,fail_cases = 0,fault = 1&2,
SUCCESS;3:edges = 5,fail_cases = 0,fault = 1&2&3,
SUCCESS;4:edges = 6,fail_cases = 0,fault = 1&2&3&4,
SUCCESS;5:edges = 7,fail_cases = 0,fault = 1&2&3&4&5,
SUCCESS;6:edges = 8,fail_cases = 0,fault = 1&2&3&4&5&6,
SUCCESS;7:edges = 9,fail_cases = 0,fault = 1&2&3&4&5&6&7,
FAIL;8:edges = 9,fail_cases = 1,fault = 1&2&3&4&5&6&7&8,
SUCCESS;9:edges = 11,fail_cases = 1,fault = 9,
SUCCESS;10:edges = 12,fail_cases = 1,fault = 1&9,
SUCCESS;11:edges = 13,fail_cases = 1,fault = 1&2&9,
SUCCESS;12:edges = 14,fail_cases = 1,fault = 1&2&3&9,
SUCCESS;13:edges = 15,fail_cases = 1,fault = 1&2&3&4&9,
SUCCESS;14:edges = 16,fail_cases = 1,fault = 1&2&3&4&5&9,
SUCCESS;15:edges = 17,fail_cases = 1,fault = 1&2&3&4&5&6&9,
SUCCESS;16:edges = 18,fail_cases = 1,fault = 1&2&3&4&5&6&7&9,
FAIL;17:edges = 18,fail_cases = 2,fault = 9&10,
SUCCESS;18:edges = 19,fail_cases = 2,fault = 11,
SUCCESS;19:edges = 20,fail_cases = 2,fault = 11&9,
FAIL;20:edges = 20,fail_cases = 3,fault = 11&12,