SUCCESS;0:edges = 28,fail_cases = 0,fault = ,
SUCCESS;1:edges = 29,fail_cases = 0,fault = 1,
SUCCESS;2:edges = 30,fail_cases = 0,fault = 1&2,
FAIL;3:edges = 30,fail_cases = 1,fault = 1&2&3,
SUCCESS;4:edges = 32,fail_cases = 1,fault = 4,
SUCCESS;5:edges = 33,fail_cases = 1,fault = 1&4,
SUCCESS;6:edges = 34,fail_cases = 1,fault = 1&2&4,
SUCCESS;7:edges = 36,fail_cases = 1,fault = 4&5,
SUCCESS;8:edges = 37,fail_cases = 1,fault = 1&4&5,
SUCCESS;9:edges = 38,fail_cases = 1,fault = 1&2&4&5,
SUCCESS;10:edges = 40,fail_cases = 1,fault = 4&5&6,
SUCCESS;11:edges = 41,fail_cases = 1,fault = 1&4&5&6,
SUCCESS;12:edges = 42,fail_cases = 1,fault = 1&2&4&5&6,
FAIL;13:edges = 42,fail_cases = 2,fault = 4&5&6&7,
SUCCESS;14:edges = 44,fail_cases = 2,fault = 8,
SUCCESS;15:edges = 45,fail_cases = 2,fault = 4&8,
SUCCESS;16:edges = 46,fail_cases = 2,fault = 4&5&8,
SUCCESS;17:edges = 47,fail_cases = 2,fault = 4&5&6&8,
FAIL;18:edges = 47,fail_cases = 3,fault = 8&9,
SUCCESS;19:edges = 49,fail_cases = 3,fault = 10,
SUCCESS;20:edges = 50,fail_cases = 3,fault = 8&10,
FAIL;21:edges = 50,fail_cases = 4,fault = 11&10,
SUCCESS;22:edges = 52,fail_cases = 4,fault = 16,
SUCCESS;23:edges = 53,fail_cases = 4,fault = 16&10,
SUCCESS;24:edges = 55,fail_cases = 4,fault = 16&17,
SUCCESS;25:edges = 56,fail_cases = 4,fault = 16&17&10,
SUCCESS;26:edges = 58,fail_cases = 4,fault = 16&17&18,
SUCCESS;27:edges = 59,fail_cases = 4,fault = 16&17&18&10,
SUCCESS;28:edges = 61,fail_cases = 4,fault = 12&16&17&18,
SUCCESS;29:edges = 62,fail_cases = 4,fault = 12&16&17&18&10,
SUCCESS;30:edges = 64,fail_cases = 4,fault = 12&13&16&17&18,
SUCCESS;31:edges = 65,fail_cases = 4,fault = 12&13&16&17&18&10,
SUCCESS;32:edges = 67,fail_cases = 4,fault = 12&13&14&16&17&18,
SUCCESS;33:edges = 68,fail_cases = 4,fault = 12&13&14&16&17&18&10,
FAIL;34:edges = 68,fail_cases = 5,fault = 12&13&14&15&16&17&18,
SUCCESS;35:edges = 70,fail_cases = 5,fault = 19,
SUCCESS;36:edges = 71,fail_cases = 5,fault = 16&19,
SUCCESS;37:edges = 72,fail_cases = 5,fault = 16&17&19,
SUCCESS;38:edges = 73,fail_cases = 5,fault = 16&17&18&19,
SUCCESS;39:edges = 74,fail_cases = 5,fault = 12&16&17&18&19,
SUCCESS;40:edges = 75,fail_cases = 5,fault = 12&13&16&17&18&19,
SUCCESS;41:edges = 76,fail_cases = 5,fault = 12&13&14&16&17&18&19,
SUCCESS;42:edges = 78,fail_cases = 5,fault = 19&20,
SUCCESS;43:edges = 79,fail_cases = 5,fault = 16&19&20,
SUCCESS;44:edges = 80,fail_cases = 5,fault = 16&17&19&20,
SUCCESS;45:edges = 81,fail_cases = 5,fault = 16&17&18&19&20,
SUCCESS;46:edges = 82,fail_cases = 5,fault = 12&16&17&18&19&20,
SUCCESS;47:edges = 83,fail_cases = 5,fault = 12&13&16&17&18&19&20,
SUCCESS;48:edges = 84,fail_cases = 5,fault = 12&13&14&16&17&18&19&20,
SUCCESS;49:edges = 86,fail_cases = 5,fault = 19&20&21,
SUCCESS;50:edges = 87,fail_cases = 5,fault = 16&19&20&21,
SUCCESS;51:edges = 88,fail_cases = 5,fault = 16&17&19&20&21,
SUCCESS;52:edges = 89,fail_cases = 5,fault = 16&17&18&19&20&21,
SUCCESS;53:edges = 90,fail_cases = 5,fault = 12&16&17&18&19&20&21,
SUCCESS;54:edges = 91,fail_cases = 5,fault = 12&13&16&17&18&19&20&21,
SUCCESS;55:edges = 92,fail_cases = 5,fault = 12&13&14&16&17&18&19&20&21,
SUCCESS;56:edges = 94,fail_cases = 5,fault = 22&19&20&21,
SUCCESS;57:edges = 95,fail_cases = 5,fault = 22&16&19&20&21,
SUCCESS;58:edges = 96,fail_cases = 5,fault = 22&16&17&19&20&21,
SUCCESS;59:edges = 97,fail_cases = 5,fault = 22&16&17&18&19&20&21,
SUCCESS;60:edges = 98,fail_cases = 5,fault = 22&12&16&17&18&19&20&21,
SUCCESS;61:edges = 99,fail_cases = 5,fault = 22&12&13&16&17&18&19&20&21,
SUCCESS;62:edges = 100,fail_cases = 5,fault = 22&12&13&14&16&17&18&19&20&21,
SUCCESS;63:edges = 102,fail_cases = 5,fault = 22&23&19&20&21,
SUCCESS;64:edges = 103,fail_cases = 5,fault = 22&23&16&19&20&21,
SUCCESS;65:edges = 104,fail_cases = 5,fault = 22&23&16&17&19&20&21,
SUCCESS;66:edges = 105,fail_cases = 5,fault = 22&23&16&17&18&19&20&21,
SUCCESS;67:edges = 106,fail_cases = 5,fault = 22&23&12&16&17&18&19&20&21,
SUCCESS;68:edges = 107,fail_cases = 5,fault = 22&23&12&13&16&17&18&19&20&21,
SUCCESS;69:edges = 108,fail_cases = 5,fault = 22&23&12&13&14&16&17&18&19&20&21,
FAIL;70:edges = 108,fail_cases = 6,fault = 22&23&24&19&20&21,
SUCCESS;71:edges = 110,fail_cases = 6,fault = 25,
SUCCESS;72:edges = 111,fail_cases = 6,fault = 25&19,
SUCCESS;73:edges = 112,fail_cases = 6,fault = 25&19&20,
SUCCESS;74:edges = 113,fail_cases = 6,fault = 25&19&20&21,
SUCCESS;75:edges = 114,fail_cases = 6,fault = 22&25&19&20&21,
SUCCESS;76:edges = 115,fail_cases = 6,fault = 22&23&25&19&20&21,
FAIL;77:edges = 115,fail_cases = 7,fault = 25&26,
SUCCESS;78:edges = 117,fail_cases = 7,fault = 32,
SUCCESS;79:edges = 118,fail_cases = 7,fault = 25&32,
SUCCESS;80:edges = 120,fail_cases = 7,fault = 33&32,
SUCCESS;81:edges = 121,fail_cases = 7,fault = 33&25&32,
SUCCESS;82:edges = 123,fail_cases = 7,fault = 33&34&32,
SUCCESS;83:edges = 124,fail_cases = 7,fault = 33&34&25&32,
SUCCESS;84:edges = 126,fail_cases = 7,fault = 33&34&27&32,
SUCCESS;85:edges = 127,fail_cases = 7,fault = 33&34&25&27&32,
SUCCESS;86:edges = 129,fail_cases = 7,fault = 33&34&27&28&32,
SUCCESS;87:edges = 130,fail_cases = 7,fault = 33&34&25&27&28&32,
SUCCESS;88:edges = 132,fail_cases = 7,fault = 33&34&27&28&29&32,
SUCCESS;89:edges = 133,fail_cases = 7,fault = 33&34&25&27&28&29&32,
SUCCESS;90:edges = 135,fail_cases = 7,fault = 33&34&27&28&29&30&32,
SUCCESS;91:edges = 136,fail_cases = 7,fault = 33&34&25&27&28&29&30&32,
FAIL;92:edges = 136,fail_cases = 8,fault = 33&34&27&28&29&30&31&32,
SUCCESS;93:edges = 138,fail_cases = 8,fault = 35,
SUCCESS;94:edges = 139,fail_cases = 8,fault = 35&32,
SUCCESS;95:edges = 140,fail_cases = 8,fault = 33&35&32,
SUCCESS;96:edges = 141,fail_cases = 8,fault = 33&34&35&32,
SUCCESS;97:edges = 142,fail_cases = 8,fault = 33&34&35&27&32,
SUCCESS;98:edges = 143,fail_cases = 8,fault = 33&34&35&27&28&32,
SUCCESS;99:edges = 144,fail_cases = 8,fault = 33&34&35&27&28&29&32,
SUCCESS;100:edges = 145,fail_cases = 8,fault = 33&34&35&27&28&29&30&32,
SUCCESS;101:edges = 147,fail_cases = 8,fault = 35&36,
SUCCESS;102:edges = 148,fail_cases = 8,fault = 35&36&32,
SUCCESS;103:edges = 149,fail_cases = 8,fault = 33&35&36&32,
SUCCESS;104:edges = 150,fail_cases = 8,fault = 33&34&35&36&32,
SUCCESS;105:edges = 151,fail_cases = 8,fault = 33&34&35&36&27&32,
SUCCESS;106:edges = 152,fail_cases = 8,fault = 33&34&35&36&27&28&32,
SUCCESS;107:edges = 153,fail_cases = 8,fault = 33&34&35&36&27&28&29&32,
SUCCESS;108:edges = 154,fail_cases = 8,fault = 33&34&35&36&27&28&29&30&32,
SUCCESS;109:edges = 156,fail_cases = 8,fault = 35&36&37,
SUCCESS;110:edges = 157,fail_cases = 8,fault = 35&36&37&32,
SUCCESS;111:edges = 158,fail_cases = 8,fault = 33&35&36&37&32,
SUCCESS;112:edges = 159,fail_cases = 8,fault = 33&34&35&36&37&32,
SUCCESS;113:edges = 160,fail_cases = 8,fault = 33&34&35&36&37&27&32,
SUCCESS;114:edges = 161,fail_cases = 8,fault = 33&34&35&36&37&27&28&32,
SUCCESS;115:edges = 162,fail_cases = 8,fault = 33&34&35&36&37&27&28&29&32,
SUCCESS;116:edges = 163,fail_cases = 8,fault = 33&34&35&36&37&27&28&29&30&32,
SUCCESS;117:edges = 165,fail_cases = 8,fault = 35&36&37&38,
SUCCESS;118:edges = 166,fail_cases = 8,fault = 35&36&37&38&32,
SUCCESS;119:edges = 167,fail_cases = 8,fault = 33&35&36&37&38&32,
SUCCESS;120:edges = 168,fail_cases = 8,fault = 33&34&35&36&37&38&32,
SUCCESS;121:edges = 169,fail_cases = 8,fault = 33&34&35&36&37&38&27&32,
SUCCESS;122:edges = 170,fail_cases = 8,fault = 33&34&35&36&37&38&27&28&32,
SUCCESS;123:edges = 171,fail_cases = 8,fault = 33&34&35&36&37&38&27&28&29&32,
SUCCESS;124:edges = 172,fail_cases = 8,fault = 33&34&35&36&37&38&27&28&29&30&32,
SUCCESS;125:edges = 174,fail_cases = 8,fault = 35&36&37&38&39,
SUCCESS;126:edges = 175,fail_cases = 8,fault = 35&36&37&38&39&32,
SUCCESS;127:edges = 176,fail_cases = 8,fault = 33&35&36&37&38&39&32,
SUCCESS;128:edges = 177,fail_cases = 8,fault = 33&34&35&36&37&38&39&32,
SUCCESS;129:edges = 178,fail_cases = 8,fault = 33&34&35&36&37&38&27&39&32,
SUCCESS;130:edges = 179,fail_cases = 8,fault = 33&34&35&36&37&38&27&39&28&32,
SUCCESS;131:edges = 180,fail_cases = 8,fault = 33&34&35&36&37&38&27&39&28&29&32,
SUCCESS;132:edges = 181,fail_cases = 8,fault = 33&34&35&36&37&38&27&39&28&29&30&32,
SUCCESS;133:edges = 183,fail_cases = 8,fault = 35&36&37&38&39&40,
SUCCESS;134:edges = 184,fail_cases = 8,fault = 35&36&37&38&39&40&32,
SUCCESS;135:edges = 185,fail_cases = 8,fault = 33&35&36&37&38&39&40&32,
SUCCESS;136:edges = 186,fail_cases = 8,fault = 33&34&35&36&37&38&39&40&32,
SUCCESS;137:edges = 187,fail_cases = 8,fault = 33&34&35&36&37&38&27&39&40&32,
SUCCESS;138:edges = 188,fail_cases = 8,fault = 33&34&35&36&37&38&27&39&28&40&32,
SUCCESS;139:edges = 189,fail_cases = 8,fault = 33&34&35&36&37&38&27&39&28&29&40&32,
SUCCESS;140:edges = 190,fail_cases = 8,fault = 33&34&35&36&37&38&27&39&28&29&40&30&32,
FAIL;141:edges = 190,fail_cases = 9,fault = 35&36&37&38&39&40&41,
SUCCESS;142:edges = 192,fail_cases = 9,fault = 42,
SUCCESS;143:edges = 193,fail_cases = 9,fault = 35&42,
SUCCESS;144:edges = 194,fail_cases = 9,fault = 35&36&42,
SUCCESS;145:edges = 195,fail_cases = 9,fault = 35&36&37&42,
SUCCESS;146:edges = 196,fail_cases = 9,fault = 35&36&37&38&42,
SUCCESS;147:edges = 197,fail_cases = 9,fault = 35&36&37&38&39&42,
SUCCESS;148:edges = 198,fail_cases = 9,fault = 35&36&37&38&39&40&42,
FAIL;149:edges = 198,fail_cases = 10,fault = 42&43,
SUCCESS;150:edges = 200,fail_cases = 10,fault = 44,
SUCCESS;151:edges = 201,fail_cases = 10,fault = 44&42,
SUCCESS;152:edges = 203,fail_cases = 10,fault = 44&45,
SUCCESS;153:edges = 204,fail_cases = 10,fault = 44&45&42,
FAIL;154:edges = 204,fail_cases = 11,fault = 44&45&46,
SUCCESS;155:edges = 206,fail_cases = 11,fault = 48,
SUCCESS;156:edges = 207,fail_cases = 11,fault = 44&48,
SUCCESS;157:edges = 208,fail_cases = 11,fault = 44&45&48,
SUCCESS;158:edges = 210,fail_cases = 11,fault = 48&49,
SUCCESS;159:edges = 211,fail_cases = 11,fault = 44&48&49,
SUCCESS;160:edges = 212,fail_cases = 11,fault = 44&45&48&49,
SUCCESS;161:edges = 214,fail_cases = 11,fault = 48&49&50,
SUCCESS;162:edges = 215,fail_cases = 11,fault = 44&48&49&50,
SUCCESS;163:edges = 216,fail_cases = 11,fault = 44&45&48&49&50,
SUCCESS;164:edges = 218,fail_cases = 11,fault = 48&49&50&51,
SUCCESS;165:edges = 219,fail_cases = 11,fault = 44&48&49&50&51,
SUCCESS;166:edges = 220,fail_cases = 11,fault = 44&45&48&49&50&51,
SUCCESS;167:edges = 222,fail_cases = 11,fault = 48&49&50&51&52,
SUCCESS;168:edges = 223,fail_cases = 11,fault = 44&48&49&50&51&52,
SUCCESS;169:edges = 224,fail_cases = 11,fault = 44&45&48&49&50&51&52,
FAIL;170:edges = 224,fail_cases = 12,fault = 47&48&49&50&51&52,
SUCCESS;171:edges = 226,fail_cases = 12,fault = 53,
SUCCESS;172:edges = 227,fail_cases = 12,fault = 48&53,
SUCCESS;173:edges = 228,fail_cases = 12,fault = 48&49&53,
SUCCESS;174:edges = 229,fail_cases = 12,fault = 48&49&50&53,
SUCCESS;175:edges = 230,fail_cases = 12,fault = 48&49&50&51&53,
SUCCESS;176:edges = 231,fail_cases = 12,fault = 48&49&50&51&52&53,
SUCCESS;177:edges = 233,fail_cases = 12,fault = 53&54,
SUCCESS;178:edges = 234,fail_cases = 12,fault = 48&53&54,
SUCCESS;179:edges = 235,fail_cases = 12,fault = 48&49&53&54,
SUCCESS;180:edges = 236,fail_cases = 12,fault = 48&49&50&53&54,
SUCCESS;181:edges = 237,fail_cases = 12,fault = 48&49&50&51&53&54,
SUCCESS;182:edges = 238,fail_cases = 12,fault = 48&49&50&51&52&53&54,
FAIL;183:edges = 238,fail_cases = 13,fault = 55&53&54,
SUCCESS;184:edges = 240,fail_cases = 13,fault = 56,
SUCCESS;185:edges = 241,fail_cases = 13,fault = 56&53,
SUCCESS;186:edges = 242,fail_cases = 13,fault = 56&53&54,
SUCCESS;187:edges = 244,fail_cases = 13,fault = 56&57,
SUCCESS;188:edges = 245,fail_cases = 13,fault = 56&57&53,
SUCCESS;189:edges = 246,fail_cases = 13,fault = 56&57&53&54,
SUCCESS;190:edges = 248,fail_cases = 13,fault = 56&57&58,
SUCCESS;191:edges = 249,fail_cases = 13,fault = 56&57&58&53,
SUCCESS;192:edges = 250,fail_cases = 13,fault = 56&57&58&53&54,
SUCCESS;193:edges = 252,fail_cases = 13,fault = 56&57&58&59,
SUCCESS;194:edges = 253,fail_cases = 13,fault = 56&57&58&59&53,
SUCCESS;195:edges = 254,fail_cases = 13,fault = 56&57&58&59&53&54,
SUCCESS;196:edges = 256,fail_cases = 13,fault = 56&57&58&59&60,
SUCCESS;197:edges = 257,fail_cases = 13,fault = 56&57&58&59&60&53,
SUCCESS;198:edges = 258,fail_cases = 13,fault = 56&57&58&59&60&53&54,
SUCCESS;199:edges = 260,fail_cases = 13,fault = 56&57&58&59&60&61,
SUCCESS;200:edges = 261,fail_cases = 13,fault = 56&57&58&59&60&61&53,
SUCCESS;201:edges = 262,fail_cases = 13,fault = 56&57&58&59&60&61&53&54,
SUCCESS;202:edges = 264,fail_cases = 13,fault = 56&57&58&59&60&61&62,
SUCCESS;203:edges = 265,fail_cases = 13,fault = 56&57&58&59&60&61&62&53,
SUCCESS;204:edges = 266,fail_cases = 13,fault = 56&57&58&59&60&61&62&53&54,
FAIL;205:edges = 266,fail_cases = 14,fault = 56&57&58&59&60&61&62&63,
SUCCESS;206:edges = 268,fail_cases = 14,fault = 64,
SUCCESS;207:edges = 269,fail_cases = 14,fault = 56&64,
SUCCESS;208:edges = 270,fail_cases = 14,fault = 56&57&64,
SUCCESS;209:edges = 271,fail_cases = 14,fault = 56&57&58&64,
SUCCESS;210:edges = 272,fail_cases = 14,fault = 56&57&58&59&64,
SUCCESS;211:edges = 273,fail_cases = 14,fault = 56&57&58&59&60&64,
SUCCESS;212:edges = 274,fail_cases = 14,fault = 56&57&58&59&60&61&64,
SUCCESS;213:edges = 275,fail_cases = 14,fault = 56&57&58&59&60&61&62&64,
SUCCESS;214:edges = 277,fail_cases = 14,fault = 64&65,
SUCCESS;215:edges = 278,fail_cases = 14,fault = 56&64&65,
SUCCESS;216:edges = 279,fail_cases = 14,fault = 56&57&64&65,
SUCCESS;217:edges = 280,fail_cases = 14,fault = 56&57&58&64&65,
SUCCESS;218:edges = 281,fail_cases = 14,fault = 56&57&58&59&64&65,
SUCCESS;219:edges = 282,fail_cases = 14,fault = 56&57&58&59&60&64&65,
SUCCESS;220:edges = 283,fail_cases = 14,fault = 56&57&58&59&60&61&64&65,
SUCCESS;221:edges = 284,fail_cases = 14,fault = 56&57&58&59&60&61&62&64&65,
SUCCESS;222:edges = 286,fail_cases = 14,fault = 66&64&65,
SUCCESS;223:edges = 287,fail_cases = 14,fault = 66&56&64&65,
SUCCESS;224:edges = 288,fail_cases = 14,fault = 66&56&57&64&65,
SUCCESS;225:edges = 289,fail_cases = 14,fault = 66&56&57&58&64&65,
SUCCESS;226:edges = 290,fail_cases = 14,fault = 66&56&57&58&59&64&65,
SUCCESS;227:edges = 291,fail_cases = 14,fault = 66&56&57&58&59&60&64&65,
SUCCESS;228:edges = 292,fail_cases = 14,fault = 66&56&57&58&59&60&61&64&65,
SUCCESS;229:edges = 293,fail_cases = 14,fault = 66&56&57&58&59&60&61&62&64&65,
SUCCESS;230:edges = 295,fail_cases = 14,fault = 66&67&64&65,
SUCCESS;231:edges = 296,fail_cases = 14,fault = 66&67&56&64&65,
SUCCESS;232:edges = 297,fail_cases = 14,fault = 66&67&56&57&64&65,
SUCCESS;233:edges = 298,fail_cases = 14,fault = 66&67&56&57&58&64&65,
SUCCESS;234:edges = 299,fail_cases = 14,fault = 66&67&56&57&58&59&64&65,
SUCCESS;235:edges = 300,fail_cases = 14,fault = 66&67&56&57&58&59&60&64&65,
SUCCESS;236:edges = 301,fail_cases = 14,fault = 66&67&56&57&58&59&60&61&64&65,
SUCCESS;237:edges = 302,fail_cases = 14,fault = 66&67&56&57&58&59&60&61&62&64&65,
FAIL;238:edges = 302,fail_cases = 15,fault = 66&67&68&64&65,
SUCCESS;239:edges = 304,fail_cases = 15,fault = 69,
SUCCESS;240:edges = 305,fail_cases = 15,fault = 69&64,
SUCCESS;241:edges = 306,fail_cases = 15,fault = 69&64&65,
SUCCESS;242:edges = 307,fail_cases = 15,fault = 66&69&64&65,
SUCCESS;243:edges = 308,fail_cases = 15,fault = 66&67&69&64&65,
SUCCESS;244:edges = 310,fail_cases = 15,fault = 69&70,
SUCCESS;245:edges = 311,fail_cases = 15,fault = 69&70&64,
SUCCESS;246:edges = 312,fail_cases = 15,fault = 69&70&64&65,
SUCCESS;247:edges = 313,fail_cases = 15,fault = 66&69&70&64&65,
SUCCESS;248:edges = 314,fail_cases = 15,fault = 66&67&69&70&64&65,
FAIL;249:edges = 314,fail_cases = 16,fault = 69&70&71,
SUCCESS;250:edges = 316,fail_cases = 16,fault = 72,
SUCCESS;251:edges = 317,fail_cases = 16,fault = 69&72,
SUCCESS;252:edges = 318,fail_cases = 16,fault = 69&70&72,
SUCCESS;253:edges = 320,fail_cases = 16,fault = 72&73,
SUCCESS;254:edges = 321,fail_cases = 16,fault = 69&72&73,
SUCCESS;255:edges = 322,fail_cases = 16,fault = 69&70&72&73,
SUCCESS;256:edges = 324,fail_cases = 16,fault = 72&73&74,
SUCCESS;257:edges = 325,fail_cases = 16,fault = 69&72&73&74,
SUCCESS;258:edges = 326,fail_cases = 16,fault = 69&70&72&73&74,
SUCCESS;259:edges = 328,fail_cases = 16,fault = 72&73&74&75,
SUCCESS;260:edges = 329,fail_cases = 16,fault = 69&72&73&74&75,
SUCCESS;261:edges = 330,fail_cases = 16,fault = 69&70&72&73&74&75,
SUCCESS;262:edges = 332,fail_cases = 16,fault = 72&73&74&75&76,
SUCCESS;263:edges = 333,fail_cases = 16,fault = 69&72&73&74&75&76,
SUCCESS;264:edges = 334,fail_cases = 16,fault = 69&70&72&73&74&75&76,
SUCCESS;265:edges = 336,fail_cases = 16,fault = 77&72&73&74&75&76,
SUCCESS;266:edges = 337,fail_cases = 16,fault = 77&69&72&73&74&75&76,
SUCCESS;267:edges = 338,fail_cases = 16,fault = 77&69&70&72&73&74&75&76,
FAIL;268:edges = 338,fail_cases = 17,fault = 77&78&72&73&74&75&76,
SUCCESS;269:edges = 340,fail_cases = 17,fault = 80,
SUCCESS;270:edges = 341,fail_cases = 17,fault = 80&72,
SUCCESS;271:edges = 342,fail_cases = 17,fault = 80&72&73,
SUCCESS;272:edges = 343,fail_cases = 17,fault = 80&72&73&74,
SUCCESS;273:edges = 344,fail_cases = 17,fault = 80&72&73&74&75,
SUCCESS;274:edges = 345,fail_cases = 17,fault = 80&72&73&74&75&76,
SUCCESS;275:edges = 346,fail_cases = 17,fault = 77&80&72&73&74&75&76,
FAIL;276:edges = 346,fail_cases = 18,fault = 79&80,
SUCCESS;277:edges = 348,fail_cases = 18,fault = 81,
SUCCESS;278:edges = 349,fail_cases = 18,fault = 80&81,
FAIL;279:edges = 349,fail_cases = 19,fault = 81&82,
SUCCESS;280:edges = 351,fail_cases = 19,fault = 83,
SUCCESS;281:edges = 352,fail_cases = 19,fault = 81&83,
FAIL;282:edges = 352,fail_cases = 20,fault = 83&84,
SUCCESS;283:edges = 354,fail_cases = 20,fault = 85,
SUCCESS;284:edges = 355,fail_cases = 20,fault = 83&85,
FAIL;285:edges = 355,fail_cases = 21,fault = 85&86,
SUCCESS;286:edges = 357,fail_cases = 21,fault = 87,
SUCCESS;287:edges = 358,fail_cases = 21,fault = 85&87,
SUCCESS;288:edges = 360,fail_cases = 21,fault = 88&87,
SUCCESS;289:edges = 361,fail_cases = 21,fault = 88&85&87,
SUCCESS;290:edges = 363,fail_cases = 21,fault = 88&89&87,
SUCCESS;291:edges = 364,fail_cases = 21,fault = 88&89&85&87,
SUCCESS;292:edges = 366,fail_cases = 21,fault = 88&89&90&87,
SUCCESS;293:edges = 367,fail_cases = 21,fault = 88&89&90&85&87,
SUCCESS;294:edges = 369,fail_cases = 21,fault = 88&89&90&91&87,
SUCCESS;295:edges = 370,fail_cases = 21,fault = 88&89&90&91&85&87,
SUCCESS;296:edges = 372,fail_cases = 21,fault = 88&89&90&91&92&87,
SUCCESS;297:edges = 373,fail_cases = 21,fault = 88&89&90&91&92&85&87,
SUCCESS;298:edges = 375,fail_cases = 21,fault = 88&89&90&91&92&93&87,
SUCCESS;299:edges = 376,fail_cases = 21,fault = 88&89&90&91&92&93&85&87,
FAIL;300:edges = 376,fail_cases = 22,fault = 88&89&90&91&92&93&94&87,
SUCCESS;301:edges = 378,fail_cases = 22,fault = 96,
SUCCESS;302:edges = 379,fail_cases = 22,fault = 96&87,
SUCCESS;303:edges = 380,fail_cases = 22,fault = 88&96&87,
SUCCESS;304:edges = 381,fail_cases = 22,fault = 88&89&96&87,
SUCCESS;305:edges = 382,fail_cases = 22,fault = 88&89&90&96&87,
SUCCESS;306:edges = 383,fail_cases = 22,fault = 88&89&90&91&96&87,
SUCCESS;307:edges = 384,fail_cases = 22,fault = 88&89&90&91&92&96&87,
SUCCESS;308:edges = 385,fail_cases = 22,fault = 88&89&90&91&92&93&96&87,
SUCCESS;309:edges = 387,fail_cases = 22,fault = 96&97,
SUCCESS;310:edges = 388,fail_cases = 22,fault = 96&97&87,
SUCCESS;311:edges = 389,fail_cases = 22,fault = 88&96&97&87,
SUCCESS;312:edges = 390,fail_cases = 22,fault = 88&89&96&97&87,
SUCCESS;313:edges = 391,fail_cases = 22,fault = 88&89&90&96&97&87,
SUCCESS;314:edges = 392,fail_cases = 22,fault = 88&89&90&91&96&97&87,
SUCCESS;315:edges = 393,fail_cases = 22,fault = 88&89&90&91&92&96&97&87,
SUCCESS;316:edges = 394,fail_cases = 22,fault = 88&89&90&91&92&93&96&97&87,
FAIL;317:edges = 394,fail_cases = 23,fault = 95&96&97,
SUCCESS;318:edges = 396,fail_cases = 23,fault = 98,
SUCCESS;319:edges = 397,fail_cases = 23,fault = 96&98,
SUCCESS;320:edges = 398,fail_cases = 23,fault = 96&97&98,
SUCCESS;321:edges = 400,fail_cases = 23,fault = 99&98,
SUCCESS;322:edges = 401,fail_cases = 23,fault = 99&96&98,
SUCCESS;323:edges = 402,fail_cases = 23,fault = 99&96&97&98,
FAIL;324:edges = 402,fail_cases = 24,fault = 99&100&98,
SUCCESS;325:edges = 404,fail_cases = 24,fault = 101,
SUCCESS;326:edges = 405,fail_cases = 24,fault = 101&98,
SUCCESS;327:edges = 406,fail_cases = 24,fault = 99&101&98,
SUCCESS;328:edges = 408,fail_cases = 24,fault = 101&102,
SUCCESS;329:edges = 409,fail_cases = 24,fault = 101&102&98,
SUCCESS;330:edges = 410,fail_cases = 24,fault = 99&101&102&98,
SUCCESS;331:edges = 412,fail_cases = 24,fault = 101&102&103,
SUCCESS;332:edges = 413,fail_cases = 24,fault = 101&102&103&98,
SUCCESS;333:edges = 414,fail_cases = 24,fault = 99&101&102&103&98,
FAIL;334:edges = 414,fail_cases = 25,fault = 101&102&103&104,
SUCCESS;335:edges = 416,fail_cases = 25,fault = 105,
SUCCESS;336:edges = 417,fail_cases = 25,fault = 101&105,
SUCCESS;337:edges = 418,fail_cases = 25,fault = 101&102&105,
SUCCESS;338:edges = 419,fail_cases = 25,fault = 101&102&103&105,
SUCCESS;339:edges = 421,fail_cases = 25,fault = 105&106,
SUCCESS;340:edges = 422,fail_cases = 25,fault = 101&105&106,
SUCCESS;341:edges = 423,fail_cases = 25,fault = 101&102&105&106,
SUCCESS;342:edges = 424,fail_cases = 25,fault = 101&102&103&105&106,
SUCCESS;343:edges = 426,fail_cases = 25,fault = 105&106&107,
SUCCESS;344:edges = 427,fail_cases = 25,fault = 101&105&106&107,
SUCCESS;345:edges = 428,fail_cases = 25,fault = 101&102&105&106&107,
SUCCESS;346:edges = 429,fail_cases = 25,fault = 101&102&103&105&106&107,
SUCCESS;347:edges = 431,fail_cases = 25,fault = 105&106&107&108,
SUCCESS;348:edges = 432,fail_cases = 25,fault = 101&105&106&107&108,
SUCCESS;349:edges = 433,fail_cases = 25,fault = 101&102&105&106&107&108,
SUCCESS;350:edges = 434,fail_cases = 25,fault = 101&102&103&105&106&107&108,
SUCCESS;351:edges = 436,fail_cases = 25,fault = 105&106&107&108&109,
SUCCESS;352:edges = 437,fail_cases = 25,fault = 101&105&106&107&108&109,
SUCCESS;353:edges = 438,fail_cases = 25,fault = 101&102&105&106&107&108&109,
SUCCESS;354:edges = 439,fail_cases = 25,fault = 101&102&103&105&106&107&108&109,
FAIL;355:edges = 439,fail_cases = 26,fault = 110&105&106&107&108&109,
SUCCESS;356:edges = 441,fail_cases = 26,fault = 112,
SUCCESS;357:edges = 442,fail_cases = 26,fault = 112&105,
SUCCESS;358:edges = 443,fail_cases = 26,fault = 112&105&106,
SUCCESS;359:edges = 444,fail_cases = 26,fault = 112&105&106&107,
SUCCESS;360:edges = 445,fail_cases = 26,fault = 112&105&106&107&108,
SUCCESS;361:edges = 446,fail_cases = 26,fault = 112&105&106&107&108&109,
SUCCESS;362:edges = 448,fail_cases = 26,fault = 112&113,
SUCCESS;363:edges = 449,fail_cases = 26,fault = 112&113&105,
SUCCESS;364:edges = 450,fail_cases = 26,fault = 112&113&105&106,
SUCCESS;365:edges = 451,fail_cases = 26,fault = 112&113&105&106&107,
SUCCESS;366:edges = 452,fail_cases = 26,fault = 112&113&105&106&107&108,
SUCCESS;367:edges = 453,fail_cases = 26,fault = 112&113&105&106&107&108&109,
SUCCESS;368:edges = 455,fail_cases = 26,fault = 112&113&114,
SUCCESS;369:edges = 456,fail_cases = 26,fault = 112&113&114&105,
SUCCESS;370:edges = 457,fail_cases = 26,fault = 112&113&114&105&106,
SUCCESS;371:edges = 458,fail_cases = 26,fault = 112&113&114&105&106&107,
SUCCESS;372:edges = 459,fail_cases = 26,fault = 112&113&114&105&106&107&108,
SUCCESS;373:edges = 460,fail_cases = 26,fault = 112&113&114&105&106&107&108&109,
SUCCESS;374:edges = 462,fail_cases = 26,fault = 112&113&114&115,
SUCCESS;375:edges = 463,fail_cases = 26,fault = 112&113&114&115&105,
SUCCESS;376:edges = 464,fail_cases = 26,fault = 112&113&114&115&105&106,
SUCCESS;377:edges = 465,fail_cases = 26,fault = 112&113&114&115&105&106&107,
SUCCESS;378:edges = 466,fail_cases = 26,fault = 112&113&114&115&105&106&107&108,
SUCCESS;379:edges = 467,fail_cases = 26,fault = 112&113&114&115&105&106&107&108&109,
SUCCESS;380:edges = 469,fail_cases = 26,fault = 112&113&114&115&116,
SUCCESS;381:edges = 470,fail_cases = 26,fault = 112&113&114&115&116&105,
SUCCESS;382:edges = 471,fail_cases = 26,fault = 112&113&114&115&116&105&106,
SUCCESS;383:edges = 472,fail_cases = 26,fault = 112&113&114&115&116&105&106&107,
SUCCESS;384:edges = 473,fail_cases = 26,fault = 112&113&114&115&116&105&106&107&108,
SUCCESS;385:edges = 474,fail_cases = 26,fault = 112&113&114&115&116&105&106&107&108&109,
SUCCESS;386:edges = 476,fail_cases = 26,fault = 112&113&114&115&116&117,
SUCCESS;387:edges = 477,fail_cases = 26,fault = 112&113&114&115&116&105&117,
SUCCESS;388:edges = 478,fail_cases = 26,fault = 112&113&114&115&116&105&117&106,
SUCCESS;389:edges = 479,fail_cases = 26,fault = 112&113&114&115&116&105&117&106&107,
SUCCESS;390:edges = 480,fail_cases = 26,fault = 112&113&114&115&116&105&117&106&107&108,
SUCCESS;391:edges = 481,fail_cases = 26,fault = 112&113&114&115&116&105&117&106&107&108&109,
SUCCESS;392:edges = 483,fail_cases = 26,fault = 112&113&114&115&116&117&118,
SUCCESS;393:edges = 484,fail_cases = 26,fault = 112&113&114&115&116&105&117&118,
SUCCESS;394:edges = 485,fail_cases = 26,fault = 112&113&114&115&116&105&117&106&118,
SUCCESS;395:edges = 486,fail_cases = 26,fault = 112&113&114&115&116&105&117&106&118&107,
SUCCESS;396:edges = 487,fail_cases = 26,fault = 112&113&114&115&116&105&117&106&118&107&108,
SUCCESS;397:edges = 488,fail_cases = 26,fault = 112&113&114&115&116&105&117&106&118&107&108&109,
FAIL;398:edges = 488,fail_cases = 27,fault = 111&112&113&114&115&116&117&118,
SUCCESS;399:edges = 490,fail_cases = 27,fault = 119,
SUCCESS;400:edges = 491,fail_cases = 27,fault = 112&119,
SUCCESS;401:edges = 492,fail_cases = 27,fault = 112&113&119,
SUCCESS;402:edges = 493,fail_cases = 27,fault = 112&113&114&119,
SUCCESS;403:edges = 494,fail_cases = 27,fault = 112&113&114&115&119,
SUCCESS;404:edges = 495,fail_cases = 27,fault = 112&113&114&115&116&119,
SUCCESS;405:edges = 496,fail_cases = 27,fault = 112&113&114&115&116&117&119,
SUCCESS;406:edges = 497,fail_cases = 27,fault = 112&113&114&115&116&117&118&119,
SUCCESS;407:edges = 499,fail_cases = 27,fault = 119&120,
SUCCESS;408:edges = 500,fail_cases = 27,fault = 112&119&120,
SUCCESS;409:edges = 501,fail_cases = 27,fault = 112&113&119&120,
SUCCESS;410:edges = 502,fail_cases = 27,fault = 112&113&114&119&120,
SUCCESS;411:edges = 503,fail_cases = 27,fault = 112&113&114&115&119&120,
SUCCESS;412:edges = 504,fail_cases = 27,fault = 112&113&114&115&116&119&120,
SUCCESS;413:edges = 505,fail_cases = 27,fault = 112&113&114&115&116&117&119&120,
SUCCESS;414:edges = 506,fail_cases = 27,fault = 112&113&114&115&116&117&118&119&120,
SUCCESS;415:edges = 508,fail_cases = 27,fault = 121&119&120,
SUCCESS;416:edges = 509,fail_cases = 27,fault = 121&112&119&120,
SUCCESS;417:edges = 510,fail_cases = 27,fault = 121&112&113&119&120,
SUCCESS;418:edges = 511,fail_cases = 27,fault = 121&112&113&114&119&120,
SUCCESS;419:edges = 512,fail_cases = 27,fault = 121&112&113&114&115&119&120,
SUCCESS;420:edges = 513,fail_cases = 27,fault = 121&112&113&114&115&116&119&120,
SUCCESS;421:edges = 514,fail_cases = 27,fault = 121&112&113&114&115&116&117&119&120,
SUCCESS;422:edges = 515,fail_cases = 27,fault = 121&112&113&114&115&116&117&118&119&120,
SUCCESS;423:edges = 517,fail_cases = 27,fault = 121&122&119&120,
SUCCESS;424:edges = 518,fail_cases = 27,fault = 121&122&112&119&120,
SUCCESS;425:edges = 519,fail_cases = 27,fault = 121&122&112&113&119&120,
SUCCESS;426:edges = 520,fail_cases = 27,fault = 121&122&112&113&114&119&120,
SUCCESS;427:edges = 521,fail_cases = 27,fault = 121&122&112&113&114&115&119&120,
SUCCESS;428:edges = 522,fail_cases = 27,fault = 121&122&112&113&114&115&116&119&120,
SUCCESS;429:edges = 523,fail_cases = 27,fault = 121&122&112&113&114&115&116&117&119&120,
SUCCESS;430:edges = 524,fail_cases = 27,fault = 121&122&112&113&114&115&116&117&118&119&120,
SUCCESS;431:edges = 526,fail_cases = 27,fault = 121&122&123&119&120,
SUCCESS;432:edges = 527,fail_cases = 27,fault = 121&122&123&112&119&120,
SUCCESS;433:edges = 528,fail_cases = 27,fault = 121&122&123&112&113&119&120,
SUCCESS;434:edges = 529,fail_cases = 27,fault = 121&122&123&112&113&114&119&120,
SUCCESS;435:edges = 530,fail_cases = 27,fault = 121&122&123&112&113&114&115&119&120,
SUCCESS;436:edges = 531,fail_cases = 27,fault = 121&122&123&112&113&114&115&116&119&120,
SUCCESS;437:edges = 532,fail_cases = 27,fault = 121&122&123&112&113&114&115&116&117&119&120,
SUCCESS;438:edges = 533,fail_cases = 27,fault = 121&122&123&112&113&114&115&116&117&118&119&120,
SUCCESS;439:edges = 535,fail_cases = 27,fault = 121&122&123&124&119&120,
SUCCESS;440:edges = 536,fail_cases = 27,fault = 121&122&123&112&124&119&120,
SUCCESS;441:edges = 537,fail_cases = 27,fault = 121&122&123&112&124&113&119&120,
SUCCESS;442:edges = 538,fail_cases = 27,fault = 121&122&123&112&124&113&114&119&120,
SUCCESS;443:edges = 539,fail_cases = 27,fault = 121&122&123&112&124&113&114&115&119&120,
SUCCESS;444:edges = 540,fail_cases = 27,fault = 121&122&123&112&124&113&114&115&116&119&120,
SUCCESS;445:edges = 541,fail_cases = 27,fault = 121&122&123&112&124&113&114&115&116&117&119&120,
SUCCESS;446:edges = 542,fail_cases = 27,fault = 120&121&122&123&112&124&113&114&115&116&117&118&119,
FAIL;447:edges = 542,fail_cases = 28,fault = 121&122&123&124&125&119&120,
SUCCESS;448:edges = 543,fail_cases = 28,fault = 128,
SUCCESS;449:edges = 544,fail_cases = 28,fault = 128&119,
SUCCESS;450:edges = 545,fail_cases = 28,fault = 128&119&120,
SUCCESS;451:edges = 546,fail_cases = 28,fault = 121&128&119&120,
SUCCESS;452:edges = 547,fail_cases = 28,fault = 121&122&128&119&120,
SUCCESS;453:edges = 548,fail_cases = 28,fault = 121&122&123&128&119&120,
SUCCESS;454:edges = 549,fail_cases = 28,fault = 121&122&123&124&128&119&120,
SUCCESS;455:edges = 550,fail_cases = 28,fault = 128&129,
SUCCESS;456:edges = 551,fail_cases = 28,fault = 128&129&119,
SUCCESS;457:edges = 552,fail_cases = 28,fault = 128&129&119&120,
SUCCESS;458:edges = 553,fail_cases = 28,fault = 121&128&129&119&120,
SUCCESS;459:edges = 554,fail_cases = 28,fault = 121&122&128&129&119&120,
SUCCESS;460:edges = 555,fail_cases = 28,fault = 121&122&123&128&129&119&120,
SUCCESS;461:edges = 556,fail_cases = 28,fault = 121&122&123&124&128&129&119&120,
SUCCESS;462:edges = 557,fail_cases = 28,fault = 128&129&130,
SUCCESS;463:edges = 558,fail_cases = 28,fault = 128&129&119&130,
SUCCESS;464:edges = 559,fail_cases = 28,fault = 128&129&119&130&120,
SUCCESS;465:edges = 560,fail_cases = 28,fault = 121&128&129&119&130&120,
SUCCESS;466:edges = 561,fail_cases = 28,fault = 121&122&128&129&119&130&120,
SUCCESS;467:edges = 562,fail_cases = 28,fault = 121&122&123&128&129&119&130&120,
SUCCESS;468:edges = 563,fail_cases = 28,fault = 121&122&123&124&128&129&119&130&120,
SUCCESS;469:edges = 564,fail_cases = 28,fault = 126&128&129&130,
SUCCESS;470:edges = 565,fail_cases = 28,fault = 126&128&129&119&130,
SUCCESS;471:edges = 566,fail_cases = 28,fault = 126&128&129&119&130&120,
SUCCESS;472:edges = 567,fail_cases = 28,fault = 121&126&128&129&119&130&120,
SUCCESS;473:edges = 568,fail_cases = 28,fault = 121&122&126&128&129&119&130&120,
SUCCESS;474:edges = 569,fail_cases = 28,fault = 121&122&123&126&128&129&119&130&120,
SUCCESS;475:edges = 570,fail_cases = 28,fault = 121&122&123&124&126&128&129&119&130&120,
FAIL;476:edges = 570,fail_cases = 29,fault = 126&127&128&129&130,