SUCCESS;0:edges = 23,fail_cases = 0,fault = ,
SUCCESS;1:edges = 24,fail_cases = 0,fault = 1,
SUCCESS;2:edges = 25,fail_cases = 0,fault = 1&2,
FAIL;3:edges = 25,fail_cases = 1,fault = 1&2&3,
SUCCESS;4:edges = 27,fail_cases = 1,fault = 4,
SUCCESS;5:edges = 28,fail_cases = 1,fault = 1&4,
SUCCESS;6:edges = 29,fail_cases = 1,fault = 1&2&4,
SUCCESS;7:edges = 31,fail_cases = 1,fault = 4&5,
SUCCESS;8:edges = 32,fail_cases = 1,fault = 1&4&5,
SUCCESS;9:edges = 33,fail_cases = 1,fault = 1&2&4&5,
SUCCESS;10:edges = 35,fail_cases = 1,fault = 4&5&6,
SUCCESS;11:edges = 36,fail_cases = 1,fault = 1&4&5&6,
SUCCESS;12:edges = 37,fail_cases = 1,fault = 1&2&4&5&6,
SUCCESS;13:edges = 39,fail_cases = 1,fault = 4&5&6&7,
SUCCESS;14:edges = 40,fail_cases = 1,fault = 1&4&5&6&7,
SUCCESS;15:edges = 41,fail_cases = 1,fault = 1&2&4&5&6&7,
FAIL;16:edges = 41,fail_cases = 2,fault = 4&5&6&7&8,
SUCCESS;17:edges = 43,fail_cases = 2,fault = 9,
SUCCESS;18:edges = 44,fail_cases = 2,fault = 4&9,
SUCCESS;19:edges = 45,fail_cases = 2,fault = 4&5&9,
SUCCESS;20:edges = 46,fail_cases = 2,fault = 4&5&6&9,
SUCCESS;21:edges = 47,fail_cases = 2,fault = 4&5&6&7&9,
SUCCESS;22:edges = 49,fail_cases = 2,fault = 9&10,
SUCCESS;23:edges = 50,fail_cases = 2,fault = 4&9&10,
SUCCESS;24:edges = 51,fail_cases = 2,fault = 4&5&9&10,
SUCCESS;25:edges = 52,fail_cases = 2,fault = 4&5&6&9&10,
SUCCESS;26:edges = 53,fail_cases = 2,fault = 4&5&6&7&9&10,
SUCCESS;27:edges = 55,fail_cases = 2,fault = 11&9&10,
SUCCESS;28:edges = 56,fail_cases = 2,fault = 11&4&9&10,
SUCCESS;29:edges = 57,fail_cases = 2,fault = 11&4&5&9&10,
SUCCESS;30:edges = 58,fail_cases = 2,fault = 11&4&5&6&9&10,
SUCCESS;31:edges = 59,fail_cases = 2,fault = 11&4&5&6&7&9&10,
SUCCESS;32:edges = 61,fail_cases = 2,fault = 11&12&9&10,
SUCCESS;33:edges = 62,fail_cases = 2,fault = 11&12&4&9&10,
SUCCESS;34:edges = 63,fail_cases = 2,fault = 11&12&4&5&9&10,
SUCCESS;35:edges = 64,fail_cases = 2,fault = 11&12&4&5&6&9&10,
SUCCESS;36:edges = 65,fail_cases = 2,fault = 11&12&4&5&6&7&9&10,
SUCCESS;37:edges = 67,fail_cases = 2,fault = 11&12&13&9&10,
SUCCESS;38:edges = 68,fail_cases = 2,fault = 11&12&13&4&9&10,
SUCCESS;39:edges = 69,fail_cases = 2,fault = 11&12&13&4&5&9&10,
SUCCESS;40:edges = 70,fail_cases = 2,fault = 11&12&13&4&5&6&9&10,
SUCCESS;41:edges = 71,fail_cases = 2,fault = 11&12&13&4&5&6&7&9&10,
SUCCESS;42:edges = 73,fail_cases = 2,fault = 11&12&13&14&9&10,
SUCCESS;43:edges = 74,fail_cases = 2,fault = 11&12&13&14&4&9&10,
SUCCESS;44:edges = 75,fail_cases = 2,fault = 11&12&13&14&4&5&9&10,
SUCCESS;45:edges = 76,fail_cases = 2,fault = 11&12&13&14&4&5&6&9&10,
SUCCESS;46:edges = 77,fail_cases = 2,fault = 11&12&13&14&4&5&6&7&9&10,
FAIL;47:edges = 77,fail_cases = 3,fault = 11&12&13&14&15&9&10,
SUCCESS;48:edges = 79,fail_cases = 3,fault = 16,
SUCCESS;49:edges = 80,fail_cases = 3,fault = 16&9,
SUCCESS;50:edges = 81,fail_cases = 3,fault = 16&9&10,
SUCCESS;51:edges = 82,fail_cases = 3,fault = 11&16&9&10,
SUCCESS;52:edges = 83,fail_cases = 3,fault = 11&12&16&9&10,
SUCCESS;53:edges = 84,fail_cases = 3,fault = 11&12&13&16&9&10,
SUCCESS;54:edges = 85,fail_cases = 3,fault = 11&12&13&14&16&9&10,
SUCCESS;55:edges = 87,fail_cases = 3,fault = 16&17,
SUCCESS;56:edges = 88,fail_cases = 3,fault = 16&17&9,
SUCCESS;57:edges = 89,fail_cases = 3,fault = 16&17&9&10,
SUCCESS;58:edges = 90,fail_cases = 3,fault = 11&16&17&9&10,
SUCCESS;59:edges = 91,fail_cases = 3,fault = 11&12&16&17&9&10,
SUCCESS;60:edges = 92,fail_cases = 3,fault = 11&12&13&16&17&9&10,
SUCCESS;61:edges = 93,fail_cases = 3,fault = 11&12&13&14&16&17&9&10,
SUCCESS;62:edges = 95,fail_cases = 3,fault = 16&17&18,
SUCCESS;63:edges = 96,fail_cases = 3,fault = 16&17&18&9,
SUCCESS;64:edges = 97,fail_cases = 3,fault = 16&17&18&9&10,
SUCCESS;65:edges = 98,fail_cases = 3,fault = 11&16&17&18&9&10,
SUCCESS;66:edges = 99,fail_cases = 3,fault = 11&12&16&17&18&9&10,
SUCCESS;67:edges = 100,fail_cases = 3,fault = 11&12&13&16&17&18&9&10,
SUCCESS;68:edges = 101,fail_cases = 3,fault = 11&12&13&14&16&17&18&9&10,
SUCCESS;69:edges = 103,fail_cases = 3,fault = 16&17&18&19,
SUCCESS;70:edges = 104,fail_cases = 3,fault = 16&17&18&19&9,
SUCCESS;71:edges = 105,fail_cases = 3,fault = 16&17&18&19&9&10,
SUCCESS;72:edges = 106,fail_cases = 3,fault = 11&16&17&18&19&9&10,
SUCCESS;73:edges = 107,fail_cases = 3,fault = 11&12&16&17&18&19&9&10,
SUCCESS;74:edges = 108,fail_cases = 3,fault = 11&12&13&16&17&18&19&9&10,
SUCCESS;75:edges = 109,fail_cases = 3,fault = 11&12&13&14&16&17&18&19&9&10,
SUCCESS;76:edges = 111,fail_cases = 3,fault = 16&17&18&19&20,
SUCCESS;77:edges = 112,fail_cases = 3,fault = 16&17&18&19&9&20,
SUCCESS;78:edges = 113,fail_cases = 3,fault = 16&17&18&19&9&20&10,
SUCCESS;79:edges = 114,fail_cases = 3,fault = 11&16&17&18&19&9&20&10,
SUCCESS;80:edges = 115,fail_cases = 3,fault = 11&12&16&17&18&19&9&20&10,
SUCCESS;81:edges = 116,fail_cases = 3,fault = 11&12&13&16&17&18&19&9&20&10,
SUCCESS;82:edges = 117,fail_cases = 3,fault = 11&12&13&14&16&17&18&19&9&20&10,
SUCCESS;83:edges = 119,fail_cases = 3,fault = 16&17&18&19&20&21,
SUCCESS;84:edges = 120,fail_cases = 3,fault = 16&17&18&19&9&20&21,
SUCCESS;85:edges = 121,fail_cases = 3,fault = 16&17&18&19&9&20&21&10,
SUCCESS;86:edges = 122,fail_cases = 3,fault = 11&16&17&18&19&9&20&21&10,
SUCCESS;87:edges = 123,fail_cases = 3,fault = 11&12&16&17&18&19&9&20&21&10,
SUCCESS;88:edges = 124,fail_cases = 3,fault = 11&12&13&16&17&18&19&9&20&21&10,
SUCCESS;89:edges = 125,fail_cases = 3,fault = 11&12&13&14&16&17&18&19&9&20&21&10,
FAIL;90:edges = 125,fail_cases = 4,fault = 22&16&17&18&19&20&21,
SUCCESS;91:edges = 127,fail_cases = 4,fault = 23,
SUCCESS;92:edges = 128,fail_cases = 4,fault = 23&16,
SUCCESS;93:edges = 129,fail_cases = 4,fault = 23&16&17,
SUCCESS;94:edges = 130,fail_cases = 4,fault = 23&16&17&18,
SUCCESS;95:edges = 131,fail_cases = 4,fault = 23&16&17&18&19,
SUCCESS;96:edges = 132,fail_cases = 4,fault = 23&16&17&18&19&20,
SUCCESS;97:edges = 133,fail_cases = 4,fault = 23&16&17&18&19&20&21,
SUCCESS;98:edges = 135,fail_cases = 4,fault = 23&24,
SUCCESS;99:edges = 136,fail_cases = 4,fault = 23&24&16,
SUCCESS;100:edges = 137,fail_cases = 4,fault = 23&24&16&17,
SUCCESS;101:edges = 138,fail_cases = 4,fault = 23&24&16&17&18,
SUCCESS;102:edges = 139,fail_cases = 4,fault = 23&24&16&17&18&19,
SUCCESS;103:edges = 140,fail_cases = 4,fault = 23&24&16&17&18&19&20,
SUCCESS;104:edges = 141,fail_cases = 4,fault = 23&24&16&17&18&19&20&21,
SUCCESS;105:edges = 143,fail_cases = 4,fault = 23&24&25,
SUCCESS;106:edges = 144,fail_cases = 4,fault = 23&24&25&16,
SUCCESS;107:edges = 145,fail_cases = 4,fault = 23&24&25&16&17,
SUCCESS;108:edges = 146,fail_cases = 4,fault = 23&24&25&16&17&18,
SUCCESS;109:edges = 147,fail_cases = 4,fault = 23&24&25&16&17&18&19,
SUCCESS;110:edges = 148,fail_cases = 4,fault = 23&24&25&16&17&18&19&20,
SUCCESS;111:edges = 149,fail_cases = 4,fault = 23&24&25&16&17&18&19&20&21,
SUCCESS;112:edges = 151,fail_cases = 4,fault = 23&24&25&26,
SUCCESS;113:edges = 152,fail_cases = 4,fault = 23&24&25&26&16,
SUCCESS;114:edges = 153,fail_cases = 4,fault = 23&24&25&26&16&17,
SUCCESS;115:edges = 154,fail_cases = 4,fault = 23&24&25&26&16&17&18,
SUCCESS;116:edges = 155,fail_cases = 4,fault = 23&24&25&26&16&17&18&19,
SUCCESS;117:edges = 156,fail_cases = 4,fault = 23&24&25&26&16&17&18&19&20,
SUCCESS;118:edges = 157,fail_cases = 4,fault = 23&24&25&26&16&17&18&19&20&21,
SUCCESS;119:edges = 159,fail_cases = 4,fault = 23&24&25&26&27,
SUCCESS;120:edges = 160,fail_cases = 4,fault = 23&24&25&26&27&16,
SUCCESS;121:edges = 161,fail_cases = 4,fault = 23&24&25&26&27&16&17,
SUCCESS;122:edges = 162,fail_cases = 4,fault = 23&24&25&26&27&16&17&18,
SUCCESS;123:edges = 163,fail_cases = 4,fault = 23&24&25&26&27&16&17&18&19,
SUCCESS;124:edges = 164,fail_cases = 4,fault = 23&24&25&26&27&16&17&18&19&20,
SUCCESS;125:edges = 165,fail_cases = 4,fault = 23&24&25&26&27&16&17&18&19&20&21,
SUCCESS;126:edges = 167,fail_cases = 4,fault = 23&24&25&26&27&28,
SUCCESS;127:edges = 168,fail_cases = 4,fault = 23&24&25&26&27&16&28,
SUCCESS;128:edges = 169,fail_cases = 4,fault = 23&24&25&26&27&16&28&17,
SUCCESS;129:edges = 170,fail_cases = 4,fault = 23&24&25&26&27&16&28&17&18,
SUCCESS;130:edges = 171,fail_cases = 4,fault = 23&24&25&26&27&16&28&17&18&19,
SUCCESS;131:edges = 172,fail_cases = 4,fault = 23&24&25&26&27&16&28&17&18&19&20,
SUCCESS;132:edges = 173,fail_cases = 4,fault = 23&24&25&26&27&16&28&17&18&19&20&21,
SUCCESS;133:edges = 175,fail_cases = 4,fault = 23&24&25&26&27&28&29,
SUCCESS;134:edges = 176,fail_cases = 4,fault = 23&24&25&26&27&16&28&29,
SUCCESS;135:edges = 177,fail_cases = 4,fault = 23&24&25&26&27&16&28&17&29,
SUCCESS;136:edges = 178,fail_cases = 4,fault = 23&24&25&26&27&16&28&17&29&18,
SUCCESS;137:edges = 179,fail_cases = 4,fault = 23&24&25&26&27&16&28&17&29&18&19,
SUCCESS;138:edges = 180,fail_cases = 4,fault = 23&24&25&26&27&16&28&17&29&18&19&20,
SUCCESS;139:edges = 181,fail_cases = 4,fault = 23&24&25&26&27&16&28&17&29&18&19&20&21,
FAIL;140:edges = 181,fail_cases = 5,fault = 23&24&25&26&27&28&29&30,
SUCCESS;141:edges = 183,fail_cases = 5,fault = 32,
SUCCESS;142:edges = 184,fail_cases = 5,fault = 23&32,
SUCCESS;143:edges = 185,fail_cases = 5,fault = 23&24&32,
SUCCESS;144:edges = 186,fail_cases = 5,fault = 23&24&25&32,
SUCCESS;145:edges = 187,fail_cases = 5,fault = 23&24&25&26&32,
SUCCESS;146:edges = 188,fail_cases = 5,fault = 23&24&25&26&27&32,
SUCCESS;147:edges = 189,fail_cases = 5,fault = 23&24&25&26&27&28&32,
SUCCESS;148:edges = 190,fail_cases = 5,fault = 23&24&25&26&27&28&29&32,
SUCCESS;149:edges = 192,fail_cases = 5,fault = 33&32,
SUCCESS;150:edges = 193,fail_cases = 5,fault = 33&23&32,
SUCCESS;151:edges = 194,fail_cases = 5,fault = 33&23&24&32,
SUCCESS;152:edges = 195,fail_cases = 5,fault = 33&23&24&25&32,
SUCCESS;153:edges = 196,fail_cases = 5,fault = 33&23&24&25&26&32,
SUCCESS;154:edges = 197,fail_cases = 5,fault = 33&23&24&25&26&27&32,
SUCCESS;155:edges = 198,fail_cases = 5,fault = 33&23&24&25&26&27&28&32,
SUCCESS;156:edges = 199,fail_cases = 5,fault = 33&23&24&25&26&27&28&29&32,
SUCCESS;157:edges = 201,fail_cases = 5,fault = 33&34&32,
SUCCESS;158:edges = 202,fail_cases = 5,fault = 33&34&23&32,
SUCCESS;159:edges = 203,fail_cases = 5,fault = 33&34&23&24&32,
SUCCESS;160:edges = 204,fail_cases = 5,fault = 33&34&23&24&25&32,
SUCCESS;161:edges = 205,fail_cases = 5,fault = 33&34&23&24&25&26&32,
SUCCESS;162:edges = 206,fail_cases = 5,fault = 33&34&23&24&25&26&27&32,
SUCCESS;163:edges = 207,fail_cases = 5,fault = 33&34&23&24&25&26&27&28&32,
SUCCESS;164:edges = 208,fail_cases = 5,fault = 33&34&23&24&25&26&27&28&29&32,
SUCCESS;165:edges = 210,fail_cases = 5,fault = 33&34&35&32,
SUCCESS;166:edges = 211,fail_cases = 5,fault = 33&34&23&35&32,
SUCCESS;167:edges = 212,fail_cases = 5,fault = 33&34&23&35&24&32,
SUCCESS;168:edges = 213,fail_cases = 5,fault = 33&34&23&35&24&25&32,
SUCCESS;169:edges = 214,fail_cases = 5,fault = 33&34&23&35&24&25&26&32,
SUCCESS;170:edges = 215,fail_cases = 5,fault = 33&34&23&35&24&25&26&27&32,
SUCCESS;171:edges = 216,fail_cases = 5,fault = 33&34&23&35&24&25&26&27&28&32,
SUCCESS;172:edges = 217,fail_cases = 5,fault = 33&34&23&35&24&25&26&27&28&29&32,
SUCCESS;173:edges = 219,fail_cases = 5,fault = 33&34&35&36&32,
SUCCESS;174:edges = 220,fail_cases = 5,fault = 33&34&23&35&36&32,
SUCCESS;175:edges = 221,fail_cases = 5,fault = 33&34&23&35&24&36&32,
SUCCESS;176:edges = 222,fail_cases = 5,fault = 33&34&23&35&24&36&25&32,
SUCCESS;177:edges = 223,fail_cases = 5,fault = 33&34&23&35&24&36&25&26&32,
SUCCESS;178:edges = 224,fail_cases = 5,fault = 33&34&23&35&24&36&25&26&27&32,
SUCCESS;179:edges = 225,fail_cases = 5,fault = 33&34&23&35&24&36&25&26&27&28&32,
SUCCESS;180:edges = 226,fail_cases = 5,fault = 33&34&23&35&24&36&25&26&27&28&29&32,
SUCCESS;181:edges = 228,fail_cases = 5,fault = 33&34&35&36&37&32,
SUCCESS;182:edges = 229,fail_cases = 5,fault = 33&34&23&35&36&37&32,
SUCCESS;183:edges = 230,fail_cases = 5,fault = 33&34&23&35&24&36&37&32,
SUCCESS;184:edges = 231,fail_cases = 5,fault = 33&34&23&35&24&36&25&37&32,
SUCCESS;185:edges = 232,fail_cases = 5,fault = 33&34&23&35&24&36&25&37&26&32,
SUCCESS;186:edges = 233,fail_cases = 5,fault = 33&34&23&35&24&36&25&37&26&27&32,
SUCCESS;187:edges = 234,fail_cases = 5,fault = 33&34&23&35&24&36&25&37&26&27&28&32,
SUCCESS;188:edges = 235,fail_cases = 5,fault = 33&34&23&35&24&36&25&37&26&27&28&29&32,
SUCCESS;189:edges = 237,fail_cases = 5,fault = 33&34&35&36&37&38&32,
SUCCESS;190:edges = 238,fail_cases = 5,fault = 33&34&23&35&36&37&38&32,
SUCCESS;191:edges = 239,fail_cases = 5,fault = 33&34&23&35&24&36&37&38&32,
SUCCESS;192:edges = 240,fail_cases = 5,fault = 33&34&23&35&24&36&25&37&38&32,
SUCCESS;193:edges = 241,fail_cases = 5,fault = 33&34&23&35&24&36&25&37&26&38&32,
SUCCESS;194:edges = 242,fail_cases = 5,fault = 33&34&23&35&24&36&25&37&26&38&27&32,
SUCCESS;195:edges = 243,fail_cases = 5,fault = 33&34&23&35&24&36&25&37&26&38&27&28&32,
SUCCESS;196:edges = 244,fail_cases = 5,fault = 33&34&23&35&24&36&25&37&26&38&27&28&29&32,
FAIL;197:edges = 244,fail_cases = 6,fault = 33&34&35&36&37&38&31&32,
SUCCESS;198:edges = 246,fail_cases = 6,fault = 39,
SUCCESS;199:edges = 247,fail_cases = 6,fault = 39&32,
SUCCESS;200:edges = 248,fail_cases = 6,fault = 33&39&32,
SUCCESS;201:edges = 249,fail_cases = 6,fault = 33&34&39&32,
SUCCESS;202:edges = 250,fail_cases = 6,fault = 33&34&35&39&32,
SUCCESS;203:edges = 251,fail_cases = 6,fault = 33&34&35&36&39&32,
SUCCESS;204:edges = 252,fail_cases = 6,fault = 33&34&35&36&37&39&32,
SUCCESS;205:edges = 253,fail_cases = 6,fault = 33&34&35&36&37&38&39&32,
SUCCESS;206:edges = 255,fail_cases = 6,fault = 39&40,
SUCCESS;207:edges = 256,fail_cases = 6,fault = 39&40&32,
SUCCESS;208:edges = 257,fail_cases = 6,fault = 33&39&40&32,
SUCCESS;209:edges = 258,fail_cases = 6,fault = 33&34&39&40&32,
SUCCESS;210:edges = 259,fail_cases = 6,fault = 33&34&35&39&40&32,
SUCCESS;211:edges = 260,fail_cases = 6,fault = 33&34&35&36&39&40&32,
SUCCESS;212:edges = 261,fail_cases = 6,fault = 33&34&35&36&37&39&40&32,
SUCCESS;213:edges = 262,fail_cases = 6,fault = 33&34&35&36&37&38&39&40&32,
SUCCESS;214:edges = 264,fail_cases = 6,fault = 39&40&41,
SUCCESS;215:edges = 265,fail_cases = 6,fault = 39&40&41&32,
SUCCESS;216:edges = 266,fail_cases = 6,fault = 33&39&40&41&32,
SUCCESS;217:edges = 267,fail_cases = 6,fault = 33&34&39&40&41&32,
SUCCESS;218:edges = 268,fail_cases = 6,fault = 33&34&35&39&40&41&32,
SUCCESS;219:edges = 269,fail_cases = 6,fault = 33&34&35&36&39&40&41&32,
SUCCESS;220:edges = 270,fail_cases = 6,fault = 33&34&35&36&37&39&40&41&32,
SUCCESS;221:edges = 271,fail_cases = 6,fault = 33&34&35&36&37&38&39&40&41&32,
FAIL;222:edges = 271,fail_cases = 7,fault = 39&40&41&42,
SUCCESS;223:edges = 273,fail_cases = 7,fault = 48,
SUCCESS;224:edges = 274,fail_cases = 7,fault = 48&39,
SUCCESS;225:edges = 275,fail_cases = 7,fault = 48&39&40,
SUCCESS;226:edges = 276,fail_cases = 7,fault = 48&39&40&41,
SUCCESS;227:edges = 278,fail_cases = 7,fault = 48&49,
SUCCESS;228:edges = 279,fail_cases = 7,fault = 48&49&39,
SUCCESS;229:edges = 280,fail_cases = 7,fault = 48&49&39&40,
SUCCESS;230:edges = 281,fail_cases = 7,fault = 48&49&39&40&41,
SUCCESS;231:edges = 283,fail_cases = 7,fault = 48&49&50,
SUCCESS;232:edges = 284,fail_cases = 7,fault = 48&49&39&50,
SUCCESS;233:edges = 285,fail_cases = 7,fault = 48&49&39&50&40,
SUCCESS;234:edges = 286,fail_cases = 7,fault = 48&49&39&50&40&41,
SUCCESS;235:edges = 288,fail_cases = 7,fault = 48&49&50&43,
SUCCESS;236:edges = 289,fail_cases = 7,fault = 48&49&39&50&43,
SUCCESS;237:edges = 290,fail_cases = 7,fault = 48&49&39&50&40&43,
SUCCESS;238:edges = 291,fail_cases = 7,fault = 48&49&39&50&40&41&43,
SUCCESS;239:edges = 293,fail_cases = 7,fault = 44&48&49&50&43,
SUCCESS;240:edges = 294,fail_cases = 7,fault = 44&48&49&39&50&43,
SUCCESS;241:edges = 295,fail_cases = 7,fault = 44&48&49&39&50&40&43,
SUCCESS;242:edges = 296,fail_cases = 7,fault = 44&48&49&39&50&40&41&43,
SUCCESS;243:edges = 298,fail_cases = 7,fault = 44&45&48&49&50&43,
SUCCESS;244:edges = 299,fail_cases = 7,fault = 44&45&48&49&39&50&43,
SUCCESS;245:edges = 300,fail_cases = 7,fault = 44&45&48&49&39&50&40&43,
SUCCESS;246:edges = 301,fail_cases = 7,fault = 44&45&48&49&39&50&40&41&43,
SUCCESS;247:edges = 303,fail_cases = 7,fault = 44&45&46&48&49&50&43,
SUCCESS;248:edges = 304,fail_cases = 7,fault = 44&45&46&48&49&39&50&43,
SUCCESS;249:edges = 305,fail_cases = 7,fault = 44&45&46&48&49&39&50&40&43,
SUCCESS;250:edges = 306,fail_cases = 7,fault = 44&45&46&48&49&39&50&40&41&43,
FAIL;251:edges = 306,fail_cases = 8,fault = 44&45&46&47&48&49&50&43,
SUCCESS;252:edges = 308,fail_cases = 8,fault = 51,
SUCCESS;253:edges = 309,fail_cases = 8,fault = 48&51,
SUCCESS;254:edges = 310,fail_cases = 8,fault = 48&49&51,
SUCCESS;255:edges = 311,fail_cases = 8,fault = 48&49&50&51,
SUCCESS;256:edges = 312,fail_cases = 8,fault = 48&49&50&51&43,
SUCCESS;257:edges = 313,fail_cases = 8,fault = 44&48&49&50&51&43,
SUCCESS;258:edges = 314,fail_cases = 8,fault = 44&45&48&49&50&51&43,
SUCCESS;259:edges = 315,fail_cases = 8,fault = 44&45&46&48&49&50&51&43,
SUCCESS;260:edges = 317,fail_cases = 8,fault = 51&52,
SUCCESS;261:edges = 318,fail_cases = 8,fault = 48&51&52,
SUCCESS;262:edges = 319,fail_cases = 8,fault = 48&49&51&52,
SUCCESS;263:edges = 320,fail_cases = 8,fault = 48&49&50&51&52,
SUCCESS;264:edges = 321,fail_cases = 8,fault = 48&49&50&51&52&43,
SUCCESS;265:edges = 322,fail_cases = 8,fault = 44&48&49&50&51&52&43,
SUCCESS;266:edges = 323,fail_cases = 8,fault = 44&45&48&49&50&51&52&43,
SUCCESS;267:edges = 324,fail_cases = 8,fault = 44&45&46&48&49&50&51&52&43,
SUCCESS;268:edges = 326,fail_cases = 8,fault = 51&52&53,
SUCCESS;269:edges = 327,fail_cases = 8,fault = 48&51&52&53,
SUCCESS;270:edges = 328,fail_cases = 8,fault = 48&49&51&52&53,
SUCCESS;271:edges = 329,fail_cases = 8,fault = 48&49&50&51&52&53,
SUCCESS;272:edges = 330,fail_cases = 8,fault = 48&49&50&51&52&53&43,
SUCCESS;273:edges = 331,fail_cases = 8,fault = 44&48&49&50&51&52&53&43,
SUCCESS;274:edges = 332,fail_cases = 8,fault = 44&45&48&49&50&51&52&53&43,
SUCCESS;275:edges = 333,fail_cases = 8,fault = 44&45&46&48&49&50&51&52&53&43,
SUCCESS;276:edges = 335,fail_cases = 8,fault = 51&52&53&54,
SUCCESS;277:edges = 336,fail_cases = 8,fault = 48&51&52&53&54,
SUCCESS;278:edges = 337,fail_cases = 8,fault = 48&49&51&52&53&54,
SUCCESS;279:edges = 338,fail_cases = 8,fault = 48&49&50&51&52&53&54,
SUCCESS;280:edges = 339,fail_cases = 8,fault = 48&49&50&51&52&53&54&43,
SUCCESS;281:edges = 340,fail_cases = 8,fault = 44&48&49&50&51&52&53&54&43,
SUCCESS;282:edges = 341,fail_cases = 8,fault = 44&45&48&49&50&51&52&53&54&43,
SUCCESS;283:edges = 342,fail_cases = 8,fault = 44&45&46&48&49&50&51&52&53&54&43,
SUCCESS;284:edges = 344,fail_cases = 8,fault = 55&51&52&53&54,
SUCCESS;285:edges = 345,fail_cases = 8,fault = 55&48&51&52&53&54,
SUCCESS;286:edges = 346,fail_cases = 8,fault = 55&48&49&51&52&53&54,
SUCCESS;287:edges = 347,fail_cases = 8,fault = 55&48&49&50&51&52&53&54,
SUCCESS;288:edges = 348,fail_cases = 8,fault = 55&48&49&50&51&52&53&54&43,
SUCCESS;289:edges = 349,fail_cases = 8,fault = 55&44&48&49&50&51&52&53&54&43,
SUCCESS;290:edges = 350,fail_cases = 8,fault = 55&44&45&48&49&50&51&52&53&54&43,
SUCCESS;291:edges = 351,fail_cases = 8,fault = 55&44&45&46&48&49&50&51&52&53&54&43,
SUCCESS;292:edges = 353,fail_cases = 8,fault = 55&56&51&52&53&54,
SUCCESS;293:edges = 354,fail_cases = 8,fault = 55&56&48&51&52&53&54,
SUCCESS;294:edges = 355,fail_cases = 8,fault = 55&56&48&49&51&52&53&54,
SUCCESS;295:edges = 356,fail_cases = 8,fault = 55&56&48&49&50&51&52&53&54,
SUCCESS;296:edges = 357,fail_cases = 8,fault = 55&56&48&49&50&51&52&53&54&43,
SUCCESS;297:edges = 358,fail_cases = 8,fault = 55&44&56&48&49&50&51&52&53&54&43,
SUCCESS;298:edges = 359,fail_cases = 8,fault = 55&44&56&45&48&49&50&51&52&53&54&43,
SUCCESS;299:edges = 360,fail_cases = 8,fault = 55&44&56&45&46&48&49&50&51&52&53&54&43,
FAIL;300:edges = 360,fail_cases = 9,fault = 55&56&57&51&52&53&54,
SUCCESS;301:edges = 362,fail_cases = 9,fault = 58,
SUCCESS;302:edges = 363,fail_cases = 9,fault = 58&51,
SUCCESS;303:edges = 364,fail_cases = 9,fault = 58&51&52,
SUCCESS;304:edges = 365,fail_cases = 9,fault = 58&51&52&53,
SUCCESS;305:edges = 366,fail_cases = 9,fault = 58&51&52&53&54,
SUCCESS;306:edges = 367,fail_cases = 9,fault = 55&58&51&52&53&54,
SUCCESS;307:edges = 368,fail_cases = 9,fault = 55&56&58&51&52&53&54,
FAIL;308:edges = 368,fail_cases = 10,fault = 58&59,
SUCCESS;309:edges = 370,fail_cases = 10,fault = 60,
SUCCESS;310:edges = 371,fail_cases = 10,fault = 58&60,
SUCCESS;311:edges = 373,fail_cases = 10,fault = 60&61,
SUCCESS;312:edges = 374,fail_cases = 10,fault = 58&60&61,
FAIL;313:edges = 374,fail_cases = 11,fault = 60&61&62,
SUCCESS;314:edges = 376,fail_cases = 11,fault = 64,
SUCCESS;315:edges = 377,fail_cases = 11,fault = 60&64,
SUCCESS;316:edges = 378,fail_cases = 11,fault = 60&61&64,
SUCCESS;317:edges = 380,fail_cases = 11,fault = 64&65,
SUCCESS;318:edges = 381,fail_cases = 11,fault = 60&64&65,
SUCCESS;319:edges = 382,fail_cases = 11,fault = 60&61&64&65,
SUCCESS;320:edges = 384,fail_cases = 11,fault = 66&64&65,
SUCCESS;321:edges = 385,fail_cases = 11,fault = 66&60&64&65,
SUCCESS;322:edges = 386,fail_cases = 11,fault = 66&60&61&64&65,
SUCCESS;323:edges = 388,fail_cases = 11,fault = 66&67&64&65,
SUCCESS;324:edges = 389,fail_cases = 11,fault = 66&67&60&64&65,
SUCCESS;325:edges = 390,fail_cases = 11,fault = 66&67&60&61&64&65,
FAIL;326:edges = 390,fail_cases = 12,fault = 66&67&63&64&65,
SUCCESS;327:edges = 392,fail_cases = 12,fault = 68,
SUCCESS;328:edges = 393,fail_cases = 12,fault = 68&64,
SUCCESS;329:edges = 394,fail_cases = 12,fault = 68&64&65,
SUCCESS;330:edges = 395,fail_cases = 12,fault = 66&68&64&65,
SUCCESS;331:edges = 396,fail_cases = 12,fault = 66&67&68&64&65,
SUCCESS;332:edges = 398,fail_cases = 12,fault = 68&69,
SUCCESS;333:edges = 399,fail_cases = 12,fault = 68&69&64,
SUCCESS;334:edges = 400,fail_cases = 12,fault = 68&69&64&65,
SUCCESS;335:edges = 401,fail_cases = 12,fault = 66&68&69&64&65,
SUCCESS;336:edges = 402,fail_cases = 12,fault = 66&67&68&69&64&65,
SUCCESS;337:edges = 404,fail_cases = 12,fault = 68&69&70,
SUCCESS;338:edges = 405,fail_cases = 12,fault = 68&69&70&64,
SUCCESS;339:edges = 406,fail_cases = 12,fault = 68&69&70&64&65,
SUCCESS;340:edges = 407,fail_cases = 12,fault = 66&68&69&70&64&65,
SUCCESS;341:edges = 408,fail_cases = 12,fault = 66&67&68&69&70&64&65,
SUCCESS;342:edges = 410,fail_cases = 12,fault = 68&69&70&71,
SUCCESS;343:edges = 411,fail_cases = 12,fault = 68&69&70&71&64,
SUCCESS;344:edges = 412,fail_cases = 12,fault = 68&69&70&71&64&65,
SUCCESS;345:edges = 413,fail_cases = 12,fault = 66&68&69&70&71&64&65,
SUCCESS;346:edges = 414,fail_cases = 12,fault = 66&67&68&69&70&71&64&65,
SUCCESS;347:edges = 416,fail_cases = 12,fault = 68&69&70&71&72,
SUCCESS;348:edges = 417,fail_cases = 12,fault = 68&69&70&71&72&64,
SUCCESS;349:edges = 418,fail_cases = 12,fault = 68&69&70&71&72&64&65,
SUCCESS;350:edges = 419,fail_cases = 12,fault = 66&68&69&70&71&72&64&65,
SUCCESS;351:edges = 420,fail_cases = 12,fault = 66&67&68&69&70&71&72&64&65,
SUCCESS;352:edges = 422,fail_cases = 12,fault = 68&69&70&71&72&73,
SUCCESS;353:edges = 423,fail_cases = 12,fault = 68&69&70&71&72&73&64,
SUCCESS;354:edges = 424,fail_cases = 12,fault = 68&69&70&71&72&73&64&65,
SUCCESS;355:edges = 425,fail_cases = 12,fault = 66&68&69&70&71&72&73&64&65,
SUCCESS;356:edges = 426,fail_cases = 12,fault = 66&67&68&69&70&71&72&73&64&65,
FAIL;357:edges = 426,fail_cases = 13,fault = 68&69&70&71&72&73&74,
SUCCESS;358:edges = 428,fail_cases = 13,fault = 75,
SUCCESS;359:edges = 429,fail_cases = 13,fault = 68&75,
SUCCESS;360:edges = 430,fail_cases = 13,fault = 68&69&75,
SUCCESS;361:edges = 431,fail_cases = 13,fault = 68&69&70&75,
SUCCESS;362:edges = 432,fail_cases = 13,fault = 68&69&70&71&75,
SUCCESS;363:edges = 433,fail_cases = 13,fault = 68&69&70&71&72&75,
SUCCESS;364:edges = 434,fail_cases = 13,fault = 68&69&70&71&72&73&75,
SUCCESS;365:edges = 436,fail_cases = 13,fault = 75&76,
SUCCESS;366:edges = 437,fail_cases = 13,fault = 68&75&76,
SUCCESS;367:edges = 438,fail_cases = 13,fault = 68&69&75&76,
SUCCESS;368:edges = 439,fail_cases = 13,fault = 68&69&70&75&76,
SUCCESS;369:edges = 440,fail_cases = 13,fault = 68&69&70&71&75&76,
SUCCESS;370:edges = 441,fail_cases = 13,fault = 68&69&70&71&72&75&76,
SUCCESS;371:edges = 442,fail_cases = 13,fault = 68&69&70&71&72&73&75&76,
FAIL;372:edges = 442,fail_cases = 14,fault = 77&75&76,
SUCCESS;373:edges = 444,fail_cases = 14,fault = 80,
SUCCESS;374:edges = 445,fail_cases = 14,fault = 80&75,
SUCCESS;375:edges = 446,fail_cases = 14,fault = 80&75&76,
SUCCESS;376:edges = 448,fail_cases = 14,fault = 80&81,
SUCCESS;377:edges = 449,fail_cases = 14,fault = 80&81&75,
SUCCESS;378:edges = 450,fail_cases = 14,fault = 80&81&75&76,
SUCCESS;379:edges = 452,fail_cases = 14,fault = 80&81&82,
SUCCESS;380:edges = 453,fail_cases = 14,fault = 80&81&82&75,
SUCCESS;381:edges = 454,fail_cases = 14,fault = 80&81&82&75&76,
SUCCESS;382:edges = 456,fail_cases = 14,fault = 80&81&82&83,
SUCCESS;383:edges = 457,fail_cases = 14,fault = 80&81&82&83&75,
SUCCESS;384:edges = 458,fail_cases = 14,fault = 80&81&82&83&75&76,
SUCCESS;385:edges = 460,fail_cases = 14,fault = 78&80&81&82&83,
SUCCESS;386:edges = 461,fail_cases = 14,fault = 78&80&81&82&83&75,
SUCCESS;387:edges = 462,fail_cases = 14,fault = 78&80&81&82&83&75&76,
FAIL;388:edges = 462,fail_cases = 15,fault = 78&79&80&81&82&83,
SUCCESS;389:edges = 464,fail_cases = 15,fault = 84,
SUCCESS;390:edges = 465,fail_cases = 15,fault = 80&84,
SUCCESS;391:edges = 466,fail_cases = 15,fault = 80&81&84,
SUCCESS;392:edges = 467,fail_cases = 15,fault = 80&81&82&84,
SUCCESS;393:edges = 468,fail_cases = 15,fault = 80&81&82&83&84,
SUCCESS;394:edges = 469,fail_cases = 15,fault = 78&80&81&82&83&84,
SUCCESS;395:edges = 471,fail_cases = 15,fault = 84&85,
SUCCESS;396:edges = 472,fail_cases = 15,fault = 80&84&85,
SUCCESS;397:edges = 473,fail_cases = 15,fault = 80&81&84&85,
SUCCESS;398:edges = 474,fail_cases = 15,fault = 80&81&82&84&85,
SUCCESS;399:edges = 475,fail_cases = 15,fault = 80&81&82&83&84&85,
SUCCESS;400:edges = 476,fail_cases = 15,fault = 78&80&81&82&83&84&85,
SUCCESS;401:edges = 478,fail_cases = 15,fault = 84&85&86,
SUCCESS;402:edges = 479,fail_cases = 15,fault = 80&84&85&86,
SUCCESS;403:edges = 480,fail_cases = 15,fault = 80&81&84&85&86,
SUCCESS;404:edges = 481,fail_cases = 15,fault = 80&81&82&84&85&86,
SUCCESS;405:edges = 482,fail_cases = 15,fault = 80&81&82&83&84&85&86,
SUCCESS;406:edges = 483,fail_cases = 15,fault = 78&80&81&82&83&84&85&86,
SUCCESS;407:edges = 485,fail_cases = 15,fault = 84&85&86&87,
SUCCESS;408:edges = 486,fail_cases = 15,fault = 80&84&85&86&87,
SUCCESS;409:edges = 487,fail_cases = 15,fault = 80&81&84&85&86&87,
SUCCESS;410:edges = 488,fail_cases = 15,fault = 80&81&82&84&85&86&87,
SUCCESS;411:edges = 489,fail_cases = 15,fault = 80&81&82&83&84&85&86&87,
SUCCESS;412:edges = 490,fail_cases = 15,fault = 78&80&81&82&83&84&85&86&87,
SUCCESS;413:edges = 492,fail_cases = 15,fault = 88&84&85&86&87,
SUCCESS;414:edges = 493,fail_cases = 15,fault = 88&80&84&85&86&87,
SUCCESS;415:edges = 494,fail_cases = 15,fault = 88&80&81&84&85&86&87,
SUCCESS;416:edges = 495,fail_cases = 15,fault = 88&80&81&82&84&85&86&87,
SUCCESS;417:edges = 496,fail_cases = 15,fault = 88&80&81&82&83&84&85&86&87,
SUCCESS;418:edges = 497,fail_cases = 15,fault = 88&78&80&81&82&83&84&85&86&87,
SUCCESS;419:edges = 499,fail_cases = 15,fault = 88&89&84&85&86&87,
SUCCESS;420:edges = 500,fail_cases = 15,fault = 88&89&80&84&85&86&87,
SUCCESS;421:edges = 501,fail_cases = 15,fault = 88&89&80&81&84&85&86&87,
SUCCESS;422:edges = 502,fail_cases = 15,fault = 88&89&80&81&82&84&85&86&87,
SUCCESS;423:edges = 503,fail_cases = 15,fault = 88&89&80&81&82&83&84&85&86&87,
SUCCESS;424:edges = 504,fail_cases = 15,fault = 88&89&78&80&81&82&83&84&85&86&87,
SUCCESS;425:edges = 506,fail_cases = 15,fault = 88&89&90&84&85&86&87,
SUCCESS;426:edges = 507,fail_cases = 15,fault = 88&89&90&80&84&85&86&87,
SUCCESS;427:edges = 508,fail_cases = 15,fault = 88&89&90&80&81&84&85&86&87,
SUCCESS;428:edges = 509,fail_cases = 15,fault = 88&89&90&80&81&82&84&85&86&87,
SUCCESS;429:edges = 510,fail_cases = 15,fault = 88&89&90&80&81&82&83&84&85&86&87,
SUCCESS;430:edges = 511,fail_cases = 15,fault = 88&89&78&90&80&81&82&83&84&85&86&87,
FAIL;431:edges = 511,fail_cases = 16,fault = 88&89&90&91&84&85&86&87,
SUCCESS;432:edges = 513,fail_cases = 16,fault = 92,
SUCCESS;433:edges = 514,fail_cases = 16,fault = 92&84,
SUCCESS;434:edges = 515,fail_cases = 16,fault = 92&84&85,
SUCCESS;435:edges = 516,fail_cases = 16,fault = 92&84&85&86,
SUCCESS;436:edges = 517,fail_cases = 16,fault = 92&84&85&86&87,
SUCCESS;437:edges = 518,fail_cases = 16,fault = 88&92&84&85&86&87,
SUCCESS;438:edges = 519,fail_cases = 16,fault = 88&89&92&84&85&86&87,
SUCCESS;439:edges = 520,fail_cases = 16,fault = 88&89&90&92&84&85&86&87,
FAIL;440:edges = 520,fail_cases = 17,fault = 92&93,
SUCCESS;441:edges = 522,fail_cases = 17,fault = 96,
SUCCESS;442:edges = 523,fail_cases = 17,fault = 92&96,
SUCCESS;443:edges = 525,fail_cases = 17,fault = 94&96,
SUCCESS;444:edges = 526,fail_cases = 17,fault = 92&94&96,
FAIL;445:edges = 526,fail_cases = 18,fault = 94&95&96,
SUCCESS;446:edges = 528,fail_cases = 18,fault = 97,
SUCCESS;447:edges = 529,fail_cases = 18,fault = 96&97,
SUCCESS;448:edges = 530,fail_cases = 18,fault = 94&96&97,
SUCCESS;449:edges = 532,fail_cases = 18,fault = 97&98,
SUCCESS;450:edges = 533,fail_cases = 18,fault = 96&97&98,
SUCCESS;451:edges = 534,fail_cases = 18,fault = 94&96&97&98,
SUCCESS;452:edges = 536,fail_cases = 18,fault = 99&97&98,
SUCCESS;453:edges = 537,fail_cases = 18,fault = 99&96&97&98,
SUCCESS;454:edges = 538,fail_cases = 18,fault = 99&94&96&97&98,
SUCCESS;455:edges = 540,fail_cases = 18,fault = 99&100&97&98,
SUCCESS;456:edges = 541,fail_cases = 18,fault = 99&100&96&97&98,
SUCCESS;457:edges = 542,fail_cases = 18,fault = 99&100&94&96&97&98,
SUCCESS;458:edges = 544,fail_cases = 18,fault = 99&100&101&97&98,
SUCCESS;459:edges = 545,fail_cases = 18,fault = 99&100&101&96&97&98,
SUCCESS;460:edges = 546,fail_cases = 18,fault = 99&100&101&94&96&97&98,
SUCCESS;461:edges = 548,fail_cases = 18,fault = 99&100&101&102&97&98,
SUCCESS;462:edges = 549,fail_cases = 18,fault = 99&100&101&102&96&97&98,
SUCCESS;463:edges = 550,fail_cases = 18,fault = 99&100&101&102&94&96&97&98,
SUCCESS;464:edges = 552,fail_cases = 18,fault = 99&100&101&102&103&97&98,
SUCCESS;465:edges = 553,fail_cases = 18,fault = 99&100&101&102&103&96&97&98,
SUCCESS;466:edges = 554,fail_cases = 18,fault = 99&100&101&102&103&94&96&97&98,
FAIL;467:edges = 554,fail_cases = 19,fault = 99&100&101&102&103&104&97&98,
SUCCESS;468:edges = 556,fail_cases = 19,fault = 105,
SUCCESS;469:edges = 557,fail_cases = 19,fault = 105&97,
SUCCESS;470:edges = 558,fail_cases = 19,fault = 105&97&98,
SUCCESS;471:edges = 559,fail_cases = 19,fault = 99&105&97&98,
SUCCESS;472:edges = 560,fail_cases = 19,fault = 99&100&105&97&98,
SUCCESS;473:edges = 561,fail_cases = 19,fault = 99&100&101&105&97&98,
SUCCESS;474:edges = 562,fail_cases = 19,fault = 99&100&101&102&105&97&98,
SUCCESS;475:edges = 563,fail_cases = 19,fault = 99&100&101&102&103&105&97&98,
SUCCESS;476:edges = 565,fail_cases = 19,fault = 105&106,
SUCCESS;477:edges = 566,fail_cases = 19,fault = 105&106&97,
SUCCESS;478:edges = 567,fail_cases = 19,fault = 105&106&97&98,
SUCCESS;479:edges = 568,fail_cases = 19,fault = 99&105&106&97&98,
SUCCESS;480:edges = 569,fail_cases = 19,fault = 99&100&105&106&97&98,
SUCCESS;481:edges = 570,fail_cases = 19,fault = 99&100&101&105&106&97&98,
SUCCESS;482:edges = 571,fail_cases = 19,fault = 99&100&101&102&105&106&97&98,
SUCCESS;483:edges = 572,fail_cases = 19,fault = 99&100&101&102&103&105&106&97&98,
FAIL;484:edges = 572,fail_cases = 20,fault = 105&106&107,
SUCCESS;485:edges = 574,fail_cases = 20,fault = 112,
SUCCESS;486:edges = 575,fail_cases = 20,fault = 112&105,
SUCCESS;487:edges = 576,fail_cases = 20,fault = 112&105&106,
SUCCESS;488:edges = 578,fail_cases = 20,fault = 112&113,
SUCCESS;489:edges = 579,fail_cases = 20,fault = 112&113&105,
SUCCESS;490:edges = 580,fail_cases = 20,fault = 112&113&105&106,
SUCCESS;491:edges = 582,fail_cases = 20,fault = 112&113&114,
SUCCESS;492:edges = 583,fail_cases = 20,fault = 112&113&114&105,
SUCCESS;493:edges = 584,fail_cases = 20,fault = 112&113&114&105&106,
SUCCESS;494:edges = 586,fail_cases = 20,fault = 112&113&114&115,
SUCCESS;495:edges = 587,fail_cases = 20,fault = 112&113&114&115&105,
SUCCESS;496:edges = 588,fail_cases = 20,fault = 112&113&114&115&105&106,
SUCCESS;497:edges = 590,fail_cases = 20,fault = 112&113&114&115&108,
SUCCESS;498:edges = 591,fail_cases = 20,fault = 112&113&114&115&105&108,
SUCCESS;499:edges = 592,fail_cases = 20,fault = 112&113&114&115&105&106&108,
SUCCESS;500:edges = 594,fail_cases = 20,fault = 112&113&114&115&108&109,
SUCCESS;501:edges = 595,fail_cases = 20,fault = 112&113&114&115&105&108&109,
SUCCESS;502:edges = 596,fail_cases = 20,fault = 112&113&114&115&105&106&108&109,
SUCCESS;503:edges = 598,fail_cases = 20,fault = 110&112&113&114&115&108&109,
SUCCESS;504:edges = 599,fail_cases = 20,fault = 110&112&113&114&115&105&108&109,
SUCCESS;505:edges = 600,fail_cases = 20,fault = 110&112&113&114&115&105&106&108&109,
FAIL;506:edges = 600,fail_cases = 21,fault = 110&111&112&113&114&115&108&109,
SUCCESS;507:edges = 602,fail_cases = 21,fault = 116,
SUCCESS;508:edges = 603,fail_cases = 21,fault = 112&116,
SUCCESS;509:edges = 604,fail_cases = 21,fault = 112&113&116,
SUCCESS;510:edges = 605,fail_cases = 21,fault = 112&113&114&116,
SUCCESS;511:edges = 606,fail_cases = 21,fault = 112&113&114&115&116,
SUCCESS;512:edges = 607,fail_cases = 21,fault = 112&113&114&115&116&108,
SUCCESS;513:edges = 608,fail_cases = 21,fault = 112&113&114&115&116&108&109,
SUCCESS;514:edges = 609,fail_cases = 21,fault = 110&112&113&114&115&116&108&109,
FAIL;515:edges = 609,fail_cases = 22,fault = 116&117,
SUCCESS;516:edges = 611,fail_cases = 22,fault = 118,
SUCCESS;517:edges = 612,fail_cases = 22,fault = 116&118,
SUCCESS;518:edges = 614,fail_cases = 22,fault = 118&119,
SUCCESS;519:edges = 615,fail_cases = 22,fault = 116&118&119,
FAIL;520:edges = 615,fail_cases = 23,fault = 118&119&120,
SUCCESS;521:edges = 616,fail_cases = 23,fault = 121,
SUCCESS;522:edges = 617,fail_cases = 23,fault = 121&118,
SUCCESS;523:edges = 618,fail_cases = 23,fault = 121&118&119,
SUCCESS;524:edges = 619,fail_cases = 23,fault = 121&122,
SUCCESS;525:edges = 620,fail_cases = 23,fault = 121&122&118,
SUCCESS;526:edges = 621,fail_cases = 23,fault = 121&122&118&119,
FAIL;527:edges = 621,fail_cases = 24,fault = 121&122&123,