SUCCESS;0:edges = 9,fail_cases = 0,fault = ,
SUCCESS;1:edges = 10,fail_cases = 0,fault = 1,
SUCCESS;2:edges = 11,fail_cases = 0,fault = 1&2,
SUCCESS;3:edges = 12,fail_cases = 0,fault = 1&2&3,
SUCCESS;4:edges = 13,fail_cases = 0,fault = 1&2&3&4,
SUCCESS;5:edges = 14,fail_cases = 0,fault = 1&2&3&4&5,
FAIL;6:edges = 14,fail_cases = 1,fault = 1&2&3&4&5&6,
SUCCESS;7:edges = 16,fail_cases = 1,fault = 7,
SUCCESS;8:edges = 17,fail_cases = 1,fault = 1&7,
SUCCESS;9:edges = 18,fail_cases = 1,fault = 1&2&7,
SUCCESS;10:edges = 19,fail_cases = 1,fault = 1&2&3&7,
SUCCESS;11:edges = 20,fail_cases = 1,fault = 1&2&3&4&7,
SUCCESS;12:edges = 21,fail_cases = 1,fault = 1&2&3&4&5&7,
SUCCESS;13:edges = 23,fail_cases = 1,fault = 7&8,
SUCCESS;14:edges = 24,fail_cases = 1,fault = 1&7&8,
SUCCESS;15:edges = 25,fail_cases = 1,fault = 1&2&7&8,
SUCCESS;16:edges = 26,fail_cases = 1,fault = 1&2&3&7&8,
SUCCESS;17:edges = 27,fail_cases = 1,fault = 1&2&3&4&7&8,
SUCCESS;18:edges = 28,fail_cases = 1,fault = 1&2&3&4&5&7&8,
FAIL;19:edges = 28,fail_cases = 2,fault = 7&8&9,
SUCCESS;20:edges = 30,fail_cases = 2,fault = 10,
SUCCESS;21:edges = 31,fail_cases = 2,fault = 7&10,
SUCCESS;22:edges = 33,fail_cases = 2,fault = 7&8&10,
SUCCESS;23:edges = 34,fail_cases = 2,fault = 11&9&10,
SUCCESS;24:edges = 36,fail_cases = 2,fault = 12&7&8&10,
FAIL;25:edges = 36,fail_cases = 3,fault = 12&13&7&8&10,
SUCCESS;26:edges = 37,fail_cases = 3,fault = 11&12&9&10,
FAIL;27:edges = 37,fail_cases = 4,fault = 11&12&8&9&10,
SUCCESS;28:edges = 38,fail_cases = 4,fault = 11&13&7&9&10,
FAIL;29:edges = 38,fail_cases = 5,fault = 11&12&13&10,
SUCCESS;30:edges = 40,fail_cases = 5,fault = 16,
SUCCESS;31:edges = 41,fail_cases = 5,fault = 16&10,
SUCCESS;32:edges = 42,fail_cases = 5,fault = 16&7&8&10,
SUCCESS;33:edges = 43,fail_cases = 5,fault = 12&16&7&8&10,
SUCCESS;34:edges = 45,fail_cases = 5,fault = 16&17,
SUCCESS;35:edges = 46,fail_cases = 5,fault = 16&17&10,
SUCCESS;36:edges = 47,fail_cases = 5,fault = 12&16&17&10,
SUCCESS;37:edges = 49,fail_cases = 5,fault = 12&16&17&8&9&10,
SUCCESS;38:edges = 50,fail_cases = 5,fault = 16&17&18&7&8,
SUCCESS;39:edges = 52,fail_cases = 5,fault = 12&16&17&8&19&9&10,
SUCCESS;40:edges = 53,fail_cases = 5,fault = 16&17&18&7&19&8,
SUCCESS;41:edges = 55,fail_cases = 5,fault = 12&16&17&8&19&9&20&10,
SUCCESS;42:edges = 56,fail_cases = 5,fault = 16&17&18&7&8&10,
SUCCESS;43:edges = 57,fail_cases = 5,fault = 16&17&18&7&19&8&20,
SUCCESS;44:edges = 58,fail_cases = 5,fault = 16&17&18&7&19&8&10,
SUCCESS;45:edges = 59,fail_cases = 5,fault = 16&17&18&7&19&8&20&10,
SUCCESS;46:edges = 61,fail_cases = 5,fault = 12&16&17&8&19&9&20&10&21,
SUCCESS;47:edges = 62,fail_cases = 5,fault = 16&17&18&7&19&8&20&21,
SUCCESS;48:edges = 65,fail_cases = 5,fault = 12&15&16&17&8&19&9&20&10&21,
FAIL;49:edges = 65,fail_cases = 6,fault = 12&23&15&16&17&8&19&9&20&10&21,
SUCCESS;50:edges = 66,fail_cases = 6,fault = 22&7&8,
SUCCESS;51:edges = 67,fail_cases = 6,fault = 15&16&17&18&7&19&8&20&21,
SUCCESS;52:edges = 68,fail_cases = 6,fault = 22&16&7&8&10,
SUCCESS;53:edges = 69,fail_cases = 6,fault = 22&16&17&7&8&10,
SUCCESS;54:edges = 70,fail_cases = 6,fault = 22&12&14&16&17&8&9&10,
SUCCESS;55:edges = 71,fail_cases = 6,fault = 16&17&18&7&19&8&20&21&10,
SUCCESS;56:edges = 72,fail_cases = 6,fault = 22&16&17&18&7&19&8&10,
SUCCESS;57:edges = 73,fail_cases = 6,fault = 12&16&17&18&7&8&10,
SUCCESS;58:edges = 74,fail_cases = 6,fault = 22&12&14&16&17&8&19&9&20&10,
FAIL;59:edges = 74,fail_cases = 7,fault = 12&14&15&16&17&8&19&9&20&10&21,
SUCCESS;60:edges = 75,fail_cases = 7,fault = 22&16&17&18&7&19&8&20&21&10,
FAIL;61:edges = 75,fail_cases = 8,fault = 13&15&16&17&18&7&19&8&20&21&10,
SUCCESS;62:edges = 76,fail_cases = 8,fault = 22&12&14&16&17&8&19&9&20&10&21,
SUCCESS;63:edges = 77,fail_cases = 8,fault = 12&14&16&17&18&7&19&8&10,
SUCCESS;64:edges = 78,fail_cases = 8,fault = 12&23&16&17&18&7&19&8&20&10,
FAIL;65:edges = 78,fail_cases = 9,fault = 11&15&16&17&18&19&8&9&20&21&10,
SUCCESS;66:edges = 79,fail_cases = 9,fault = 12&23&16&17&18&7&19&8&20&21&10,
FAIL;67:edges = 79,fail_cases = 10,fault = 12&13&14&15&16&17&19&20&10&21,
FAIL;68:edges = 79,fail_cases = 11,fault = 11&13&15&16&17&18&19&20&21&10,
FAIL;69:edges = 79,fail_cases = 12,fault = 12&23&13&15&16&17&19&20&10&21,
FAIL;70:edges = 79,fail_cases = 13,fault = 23&15&16&17&18&19&20&21,
FAIL;71:edges = 79,fail_cases = 14,fault = 14&15&16&17&18&19&20&21,
FAIL;72:edges = 79,fail_cases = 15,fault = 22&23,
SUCCESS;73:edges = 81,fail_cases = 15,fault = 24,
SUCCESS;74:edges = 82,fail_cases = 15,fault = 12&24&15&16&17&8&19&9&20&10&21,
FAIL;75:edges = 82,fail_cases = 16,fault = 24&25,
SUCCESS;76:edges = 84,fail_cases = 16,fault = 26,
SUCCESS;77:edges = 85,fail_cases = 16,fault = 24&26,
FAIL;78:edges = 85,fail_cases = 17,fault = 26&27,
SUCCESS;79:edges = 87,fail_cases = 17,fault = 29,
SUCCESS;80:edges = 88,fail_cases = 17,fault = 26&29,
SUCCESS;81:edges = 90,fail_cases = 17,fault = 29&30,
SUCCESS;82:edges = 91,fail_cases = 17,fault = 26&29&30,
SUCCESS;83:edges = 94,fail_cases = 17,fault = 29&30&31,
SUCCESS;84:edges = 95,fail_cases = 17,fault = 26&32,
FAIL;85:edges = 95,fail_cases = 18,fault = 28&29&30&31,
SUCCESS;86:edges = 97,fail_cases = 18,fault = 33&29&30&31,
SUCCESS;87:edges = 99,fail_cases = 18,fault = 33&34&29&30&31,
SUCCESS;88:edges = 101,fail_cases = 18,fault = 33&34&35&29&30&31,
SUCCESS;89:edges = 102,fail_cases = 18,fault = 28&32,
SUCCESS;90:edges = 103,fail_cases = 18,fault = 33&28&32,
SUCCESS;91:edges = 104,fail_cases = 18,fault = 33&34&28&32,
FAIL;92:edges = 104,fail_cases = 19,fault = 33&34&35&36&29&30&31,
SUCCESS;93:edges = 105,fail_cases = 19,fault = 28&29&32,
SUCCESS;94:edges = 106,fail_cases = 19,fault = 33&34&35&28&32,
SUCCESS;95:edges = 107,fail_cases = 19,fault = 33&28&29&32,
SUCCESS;96:edges = 108,fail_cases = 19,fault = 33&34&28&29&32,
SUCCESS;97:edges = 109,fail_cases = 19,fault = 28&29&30&32,
SUCCESS;98:edges = 110,fail_cases = 19,fault = 33&34&35&28&29&32,
SUCCESS;99:edges = 111,fail_cases = 19,fault = 33&28&29&30&32,
SUCCESS;100:edges = 112,fail_cases = 19,fault = 33&34&28&29&30&32,
FAIL;101:edges = 112,fail_cases = 20,fault = 33&34&35&28&29&30&32,
FAIL;102:edges = 112,fail_cases = 21,fault = 33&34&35&36&32,
SUCCESS;103:edges = 113,fail_cases = 21,fault = 37,
SUCCESS;104:edges = 114,fail_cases = 21,fault = 37&29&30&31,
SUCCESS;105:edges = 115,fail_cases = 21,fault = 33&37&29&30&31,
SUCCESS;106:edges = 116,fail_cases = 21,fault = 33&34&37&29&30&31,
SUCCESS;107:edges = 117,fail_cases = 21,fault = 33&34&35&37&29&30&31,
SUCCESS;108:edges = 118,fail_cases = 21,fault = 37&38,
SUCCESS;109:edges = 119,fail_cases = 21,fault = 37&38&29&30&31,
SUCCESS;110:edges = 120,fail_cases = 21,fault = 33&37&38&29&30&31,
SUCCESS;111:edges = 121,fail_cases = 21,fault = 33&34&37&38&29&30&31,
SUCCESS;112:edges = 122,fail_cases = 21,fault = 33&34&35&37&38&29&30&31,
SUCCESS;113:edges = 123,fail_cases = 21,fault = 37&38&39,
SUCCESS;114:edges = 124,fail_cases = 21,fault = 37&38&39&29&30&31,
SUCCESS;115:edges = 125,fail_cases = 21,fault = 33&37&38&39&29&30&31,
SUCCESS;116:edges = 126,fail_cases = 21,fault = 33&34&37&38&39&29&30&31,
SUCCESS;117:edges = 127,fail_cases = 21,fault = 33&34&35&37&38&39&29&30&31,
FAIL;118:edges = 127,fail_cases = 22,fault = 37&38&39&40,