SUCCESS;0:edges = 2,fail_cases = 0,fault = ,
SUCCESS;1:edges = 3,fail_cases = 0,fault = 1,
SUCCESS;2:edges = 4,fail_cases = 0,fault = 1&2,
FAIL;3:edges = 4,fail_cases = 1,fault = 1&2&3,
SUCCESS;4:edges = 6,fail_cases = 1,fault = 4,
SUCCESS;5:edges = 7,fail_cases = 1,fault = 1&4,
SUCCESS;6:edges = 8,fail_cases = 1,fault = 1&2&4,
SUCCESS;7:edges = 10,fail_cases = 1,fault = 4&5,
SUCCESS;8:edges = 11,fail_cases = 1,fault = 1&4&5,
SUCCESS;9:edges = 13,fail_cases = 1,fault = 1&2&4&5,
SUCCESS;10:edges = 14,fail_cases = 1,fault = 3&4&5&6,
SUCCESS;11:edges = 15,fail_cases = 1,fault = 1&3&4&5&6,
SUCCESS;12:edges = 17,fail_cases = 1,fault = 1&2&4&5&7,
SUCCESS;13:edges = 18,fail_cases = 1,fault = 3&4&5&6&7,
SUCCESS;14:edges = 19,fail_cases = 1,fault = 1&3&4&5&6&7,
SUCCESS;15:edges = 21,fail_cases = 1,fault = 1&2&4&5&7&8,
SUCCESS;16:edges = 22,fail_cases = 1,fault = 3&4&5&6&7&8,
SUCCESS;17:edges = 23,fail_cases = 1,fault = 1&3&4&5&6&7&8,
SUCCESS;18:edges = 25,fail_cases = 1,fault = 1&2&4&5&7&8&9,
FAIL;19:edges = 25,fail_cases = 2,fault = 1&2&4&5&7&8&9&10,
SUCCESS;20:edges = 26,fail_cases = 2,fault = 3&4&5&6&7&8&9,
SUCCESS;21:edges = 27,fail_cases = 2,fault = 1&3&4&5&6&7&8&9,
FAIL;22:edges = 27,fail_cases = 3,fault = 4&5&6&7&8&9&10,
SUCCESS;23:edges = 28,fail_cases = 3,fault = 11,
SUCCESS;24:edges = 29,fail_cases = 3,fault = 11&4,
SUCCESS;25:edges = 30,fail_cases = 3,fault = 11&4&5,
SUCCESS;26:edges = 31,fail_cases = 3,fault = 11&1&2&4&5,
SUCCESS;27:edges = 32,fail_cases = 3,fault = 11&1&2&4&5&7,
SUCCESS;28:edges = 33,fail_cases = 3,fault = 11&1&2&4&5&7&8,
SUCCESS;29:edges = 34,fail_cases = 3,fault = 11&1&2&4&5&7&8&9,
SUCCESS;30:edges = 35,fail_cases = 3,fault = 11&12,
SUCCESS;31:edges = 36,fail_cases = 3,fault = 11&12&4,
SUCCESS;32:edges = 37,fail_cases = 3,fault = 11&12&4&5,
SUCCESS;33:edges = 38,fail_cases = 3,fault = 11&12&1&2&4&5,
SUCCESS;34:edges = 39,fail_cases = 3,fault = 11&12&1&2&4&5&7,
SUCCESS;35:edges = 40,fail_cases = 3,fault = 11&12&1&2&4&5&7&8,
SUCCESS;36:edges = 41,fail_cases = 3,fault = 11&12&1&2&4&5&7&8&10,
FAIL;37:edges = 41,fail_cases = 4,fault = 11&12&1&2&14&4&5&7&8&10,
SUCCESS;38:edges = 42,fail_cases = 4,fault = 11&12&13&9,
SUCCESS;39:edges = 43,fail_cases = 4,fault = 11&12&13&4&9,
SUCCESS;40:edges = 44,fail_cases = 4,fault = 11&12&13&4&5&9,
SUCCESS;41:edges = 45,fail_cases = 4,fault = 11&12&1&13&2&4&5&9,
SUCCESS;42:edges = 46,fail_cases = 4,fault = 11&12&1&13&2&4&5&7&9,
SUCCESS;43:edges = 47,fail_cases = 4,fault = 11&12&1&13&2&4&5&7&8&9,
FAIL;44:edges = 47,fail_cases = 5,fault = 11&12&14&4&5&6&7&8&10,
FAIL;45:edges = 47,fail_cases = 6,fault = 11&12&13&14,