SUCCESS;0:edges = 23,fail_cases = 0,fault = ,
SUCCESS;1:edges = 24,fail_cases = 0,fault = 1,
SUCCESS;2:edges = 25,fail_cases = 0,fault = 1&2,
SUCCESS;3:edges = 26,fail_cases = 0,fault = 1&2&3,
FAIL;4:edges = 26,fail_cases = 1,fault = 1&2&3&4,
SUCCESS;5:edges = 28,fail_cases = 1,fault = 5,
SUCCESS;6:edges = 29,fail_cases = 1,fault = 1&5,
SUCCESS;7:edges = 30,fail_cases = 1,fault = 1&2&5,
SUCCESS;8:edges = 31,fail_cases = 1,fault = 1&2&3&5,
SUCCESS;9:edges = 33,fail_cases = 1,fault = 5&6,
SUCCESS;10:edges = 34,fail_cases = 1,fault = 1&5&6,
SUCCESS;11:edges = 35,fail_cases = 1,fault = 1&2&5&6,
SUCCESS;12:edges = 36,fail_cases = 1,fault = 1&2&3&5&6,
FAIL;13:edges = 36,fail_cases = 2,fault = 5&6&7,
SUCCESS;14:edges = 38,fail_cases = 2,fault = 8,
SUCCESS;15:edges = 39,fail_cases = 2,fault = 5&8,
SUCCESS;16:edges = 40,fail_cases = 2,fault = 5&6&8,
FAIL;17:edges = 40,fail_cases = 3,fault = 8&9,
SUCCESS;18:edges = 42,fail_cases = 3,fault = 10,
SUCCESS;19:edges = 43,fail_cases = 3,fault = 8&10,
FAIL;20:edges = 43,fail_cases = 4,fault = 11&10,
SUCCESS;21:edges = 45,fail_cases = 4,fault = 16,
SUCCESS;22:edges = 46,fail_cases = 4,fault = 16&10,
SUCCESS;23:edges = 48,fail_cases = 4,fault = 16&17,
SUCCESS;24:edges = 49,fail_cases = 4,fault = 16&17&10,
SUCCESS;25:edges = 51,fail_cases = 4,fault = 16&17&18,
SUCCESS;26:edges = 52,fail_cases = 4,fault = 16&17&18&10,
SUCCESS;27:edges = 54,fail_cases = 4,fault = 16&17&18&19,
SUCCESS;28:edges = 55,fail_cases = 4,fault = 16&17&18&19&10,
SUCCESS;29:edges = 57,fail_cases = 4,fault = 12&16&17&18&19,
SUCCESS;30:edges = 58,fail_cases = 4,fault = 12&16&17&18&19&10,
SUCCESS;31:edges = 60,fail_cases = 4,fault = 12&13&16&17&18&19,
SUCCESS;32:edges = 61,fail_cases = 4,fault = 12&13&16&17&18&19&10,
SUCCESS;33:edges = 63,fail_cases = 4,fault = 12&13&14&16&17&18&19,
SUCCESS;34:edges = 64,fail_cases = 4,fault = 12&13&14&16&17&18&19&10,
FAIL;35:edges = 64,fail_cases = 5,fault = 12&13&14&15&16&17&18&19,
SUCCESS;36:edges = 66,fail_cases = 5,fault = 20,
SUCCESS;37:edges = 67,fail_cases = 5,fault = 16&20,
SUCCESS;38:edges = 68,fail_cases = 5,fault = 16&17&20,
SUCCESS;39:edges = 69,fail_cases = 5,fault = 16&17&18&20,
SUCCESS;40:edges = 70,fail_cases = 5,fault = 16&17&18&19&20,
SUCCESS;41:edges = 71,fail_cases = 5,fault = 12&16&17&18&19&20,
SUCCESS;42:edges = 72,fail_cases = 5,fault = 12&13&16&17&18&19&20,
SUCCESS;43:edges = 73,fail_cases = 5,fault = 12&13&14&16&17&18&19&20,
FAIL;44:edges = 73,fail_cases = 6,fault = 20&21,
SUCCESS;45:edges = 75,fail_cases = 6,fault = 22,
SUCCESS;46:edges = 76,fail_cases = 6,fault = 22&20,
SUCCESS;47:edges = 78,fail_cases = 6,fault = 22&23,
SUCCESS;48:edges = 79,fail_cases = 6,fault = 22&23&20,
SUCCESS;49:edges = 81,fail_cases = 6,fault = 22&23&24,
SUCCESS;50:edges = 82,fail_cases = 6,fault = 22&23&24&20,
SUCCESS;51:edges = 84,fail_cases = 6,fault = 22&23&24&25,
SUCCESS;52:edges = 85,fail_cases = 6,fault = 22&23&24&25&20,
SUCCESS;53:edges = 87,fail_cases = 6,fault = 22&23&24&25&26,
SUCCESS;54:edges = 88,fail_cases = 6,fault = 22&23&24&25&26&20,
FAIL;55:edges = 88,fail_cases = 7,fault = 22&23&24&25&26&27,
SUCCESS;56:edges = 90,fail_cases = 7,fault = 28,
SUCCESS;57:edges = 91,fail_cases = 7,fault = 22&28,
SUCCESS;58:edges = 92,fail_cases = 7,fault = 22&23&28,
SUCCESS;59:edges = 93,fail_cases = 7,fault = 22&23&24&28,
SUCCESS;60:edges = 94,fail_cases = 7,fault = 22&23&24&25&28,
SUCCESS;61:edges = 95,fail_cases = 7,fault = 22&23&24&25&26&28,
FAIL;62:edges = 95,fail_cases = 8,fault = 28&29,
SUCCESS;63:edges = 97,fail_cases = 8,fault = 30,
SUCCESS;64:edges = 98,fail_cases = 8,fault = 28&30,
FAIL;65:edges = 98,fail_cases = 9,fault = 30&31,
SUCCESS;66:edges = 100,fail_cases = 9,fault = 32,
SUCCESS;67:edges = 101,fail_cases = 9,fault = 30&32,
SUCCESS;68:edges = 103,fail_cases = 9,fault = 33&32,
SUCCESS;69:edges = 104,fail_cases = 9,fault = 33&30&32,
SUCCESS;70:edges = 106,fail_cases = 9,fault = 33&34&32,
SUCCESS;71:edges = 107,fail_cases = 9,fault = 33&34&30&32,
FAIL;72:edges = 107,fail_cases = 10,fault = 33&34&35&32,
SUCCESS;73:edges = 109,fail_cases = 10,fault = 36,
SUCCESS;74:edges = 110,fail_cases = 10,fault = 36&32,
SUCCESS;75:edges = 111,fail_cases = 10,fault = 33&36&32,
SUCCESS;76:edges = 112,fail_cases = 10,fault = 33&34&36&32,
SUCCESS;77:edges = 114,fail_cases = 10,fault = 36&37,
SUCCESS;78:edges = 115,fail_cases = 10,fault = 36&37&32,
SUCCESS;79:edges = 116,fail_cases = 10,fault = 33&36&37&32,
SUCCESS;80:edges = 117,fail_cases = 10,fault = 33&34&36&37&32,
SUCCESS;81:edges = 119,fail_cases = 10,fault = 36&37&38,
SUCCESS;82:edges = 120,fail_cases = 10,fault = 36&37&38&32,
SUCCESS;83:edges = 121,fail_cases = 10,fault = 33&36&37&38&32,
SUCCESS;84:edges = 122,fail_cases = 10,fault = 33&34&36&37&38&32,
SUCCESS;85:edges = 124,fail_cases = 10,fault = 36&37&38&39,
SUCCESS;86:edges = 125,fail_cases = 10,fault = 36&37&38&39&32,
SUCCESS;87:edges = 126,fail_cases = 10,fault = 33&36&37&38&39&32,
SUCCESS;88:edges = 127,fail_cases = 10,fault = 33&34&36&37&38&39&32,
FAIL;89:edges = 127,fail_cases = 11,fault = 36&37&38&39&40,
SUCCESS;90:edges = 129,fail_cases = 11,fault = 41,
SUCCESS;91:edges = 130,fail_cases = 11,fault = 36&41,
SUCCESS;92:edges = 131,fail_cases = 11,fault = 36&37&41,
SUCCESS;93:edges = 132,fail_cases = 11,fault = 36&37&38&41,
SUCCESS;94:edges = 133,fail_cases = 11,fault = 36&37&38&39&41,
SUCCESS;95:edges = 135,fail_cases = 11,fault = 41&42,
SUCCESS;96:edges = 136,fail_cases = 11,fault = 36&41&42,
SUCCESS;97:edges = 137,fail_cases = 11,fault = 36&37&41&42,
SUCCESS;98:edges = 138,fail_cases = 11,fault = 36&37&38&41&42,
SUCCESS;99:edges = 139,fail_cases = 11,fault = 36&37&38&39&41&42,
FAIL;100:edges = 139,fail_cases = 12,fault = 41&42&43,
SUCCESS;101:edges = 141,fail_cases = 12,fault = 48,
SUCCESS;102:edges = 142,fail_cases = 12,fault = 48&41,
SUCCESS;103:edges = 143,fail_cases = 12,fault = 48&41&42,
SUCCESS;104:edges = 145,fail_cases = 12,fault = 44&48,
SUCCESS;105:edges = 146,fail_cases = 12,fault = 44&48&41,
SUCCESS;106:edges = 147,fail_cases = 12,fault = 44&48&41&42,
SUCCESS;107:edges = 149,fail_cases = 12,fault = 44&45&48,
SUCCESS;108:edges = 150,fail_cases = 12,fault = 44&45&48&41,
SUCCESS;109:edges = 151,fail_cases = 12,fault = 44&45&48&41&42,
SUCCESS;110:edges = 153,fail_cases = 12,fault = 44&45&46&48,
SUCCESS;111:edges = 154,fail_cases = 12,fault = 44&45&46&48&41,
SUCCESS;112:edges = 155,fail_cases = 12,fault = 44&45&46&48&41&42,
FAIL;113:edges = 155,fail_cases = 13,fault = 44&45&46&47&48,
SUCCESS;114:edges = 157,fail_cases = 13,fault = 49,
SUCCESS;115:edges = 158,fail_cases = 13,fault = 48&49,
SUCCESS;116:edges = 159,fail_cases = 13,fault = 44&48&49,
SUCCESS;117:edges = 160,fail_cases = 13,fault = 44&45&48&49,
SUCCESS;118:edges = 161,fail_cases = 13,fault = 44&45&46&48&49,
SUCCESS;119:edges = 163,fail_cases = 13,fault = 49&50,
SUCCESS;120:edges = 164,fail_cases = 13,fault = 48&49&50,
SUCCESS;121:edges = 165,fail_cases = 13,fault = 44&48&49&50,
SUCCESS;122:edges = 166,fail_cases = 13,fault = 44&45&48&49&50,
SUCCESS;123:edges = 167,fail_cases = 13,fault = 44&45&46&48&49&50,
SUCCESS;124:edges = 169,fail_cases = 13,fault = 49&50&51,
SUCCESS;125:edges = 170,fail_cases = 13,fault = 48&49&50&51,
SUCCESS;126:edges = 171,fail_cases = 13,fault = 44&48&49&50&51,
SUCCESS;127:edges = 172,fail_cases = 13,fault = 44&45&48&49&50&51,
SUCCESS;128:edges = 173,fail_cases = 13,fault = 44&45&46&48&49&50&51,
SUCCESS;129:edges = 175,fail_cases = 13,fault = 49&50&51&52,
SUCCESS;130:edges = 176,fail_cases = 13,fault = 48&49&50&51&52,
SUCCESS;131:edges = 177,fail_cases = 13,fault = 44&48&49&50&51&52,
SUCCESS;132:edges = 178,fail_cases = 13,fault = 44&45&48&49&50&51&52,
SUCCESS;133:edges = 179,fail_cases = 13,fault = 44&45&46&48&49&50&51&52,
SUCCESS;134:edges = 181,fail_cases = 13,fault = 49&50&51&52&53,
SUCCESS;135:edges = 182,fail_cases = 13,fault = 48&49&50&51&52&53,
SUCCESS;136:edges = 183,fail_cases = 13,fault = 44&48&49&50&51&52&53,
SUCCESS;137:edges = 184,fail_cases = 13,fault = 44&45&48&49&50&51&52&53,
SUCCESS;138:edges = 185,fail_cases = 13,fault = 44&45&46&48&49&50&51&52&53,
SUCCESS;139:edges = 187,fail_cases = 13,fault = 49&50&51&52&53&54,
SUCCESS;140:edges = 188,fail_cases = 13,fault = 48&49&50&51&52&53&54,
SUCCESS;141:edges = 189,fail_cases = 13,fault = 44&48&49&50&51&52&53&54,
SUCCESS;142:edges = 190,fail_cases = 13,fault = 44&45&48&49&50&51&52&53&54,
SUCCESS;143:edges = 191,fail_cases = 13,fault = 44&45&46&48&49&50&51&52&53&54,
FAIL;144:edges = 191,fail_cases = 14,fault = 55&49&50&51&52&53&54,
SUCCESS;145:edges = 193,fail_cases = 14,fault = 56,
SUCCESS;146:edges = 194,fail_cases = 14,fault = 56&49,
SUCCESS;147:edges = 195,fail_cases = 14,fault = 56&49&50,
SUCCESS;148:edges = 196,fail_cases = 14,fault = 56&49&50&51,
SUCCESS;149:edges = 197,fail_cases = 14,fault = 56&49&50&51&52,
SUCCESS;150:edges = 198,fail_cases = 14,fault = 56&49&50&51&52&53,
SUCCESS;151:edges = 199,fail_cases = 14,fault = 56&49&50&51&52&53&54,
SUCCESS;152:edges = 201,fail_cases = 14,fault = 56&57,
SUCCESS;153:edges = 202,fail_cases = 14,fault = 56&57&49,
SUCCESS;154:edges = 203,fail_cases = 14,fault = 56&57&49&50,
SUCCESS;155:edges = 204,fail_cases = 14,fault = 56&57&49&50&51,
SUCCESS;156:edges = 205,fail_cases = 14,fault = 56&57&49&50&51&52,
SUCCESS;157:edges = 206,fail_cases = 14,fault = 56&57&49&50&51&52&53,
SUCCESS;158:edges = 207,fail_cases = 14,fault = 56&57&49&50&51&52&53&54,
FAIL;159:edges = 207,fail_cases = 15,fault = 56&57&58,
SUCCESS;160:edges = 209,fail_cases = 15,fault = 59,
SUCCESS;161:edges = 210,fail_cases = 15,fault = 56&59,
SUCCESS;162:edges = 211,fail_cases = 15,fault = 56&57&59,
SUCCESS;163:edges = 213,fail_cases = 15,fault = 59&60,
SUCCESS;164:edges = 214,fail_cases = 15,fault = 56&59&60,
SUCCESS;165:edges = 215,fail_cases = 15,fault = 56&57&59&60,
SUCCESS;166:edges = 217,fail_cases = 15,fault = 59&60&61,
SUCCESS;167:edges = 218,fail_cases = 15,fault = 56&59&60&61,
SUCCESS;168:edges = 219,fail_cases = 15,fault = 56&57&59&60&61,
FAIL;169:edges = 219,fail_cases = 16,fault = 59&60&61&62,
SUCCESS;170:edges = 221,fail_cases = 16,fault = 64,
SUCCESS;171:edges = 222,fail_cases = 16,fault = 59&64,
SUCCESS;172:edges = 223,fail_cases = 16,fault = 59&60&64,
SUCCESS;173:edges = 224,fail_cases = 16,fault = 59&60&61&64,
SUCCESS;174:edges = 226,fail_cases = 16,fault = 64&65,
SUCCESS;175:edges = 227,fail_cases = 16,fault = 59&64&65,
SUCCESS;176:edges = 228,fail_cases = 16,fault = 59&60&64&65,
SUCCESS;177:edges = 229,fail_cases = 16,fault = 59&60&61&64&65,
SUCCESS;178:edges = 231,fail_cases = 16,fault = 66&64&65,
SUCCESS;179:edges = 232,fail_cases = 16,fault = 66&59&64&65,
SUCCESS;180:edges = 233,fail_cases = 16,fault = 66&59&60&64&65,
SUCCESS;181:edges = 234,fail_cases = 16,fault = 66&59&60&61&64&65,
SUCCESS;182:edges = 236,fail_cases = 16,fault = 66&67&64&65,
SUCCESS;183:edges = 237,fail_cases = 16,fault = 66&67&59&64&65,
SUCCESS;184:edges = 238,fail_cases = 16,fault = 66&67&59&60&64&65,
SUCCESS;185:edges = 239,fail_cases = 16,fault = 66&67&59&60&61&64&65,
SUCCESS;186:edges = 241,fail_cases = 16,fault = 66&67&68&64&65,
SUCCESS;187:edges = 242,fail_cases = 16,fault = 66&67&68&59&64&65,
SUCCESS;188:edges = 243,fail_cases = 16,fault = 66&67&68&59&60&64&65,
SUCCESS;189:edges = 244,fail_cases = 16,fault = 66&67&68&59&60&61&64&65,
SUCCESS;190:edges = 246,fail_cases = 16,fault = 66&67&68&69&64&65,
SUCCESS;191:edges = 247,fail_cases = 16,fault = 66&67&68&69&59&64&65,
SUCCESS;192:edges = 248,fail_cases = 16,fault = 66&67&68&69&59&60&64&65,
SUCCESS;193:edges = 249,fail_cases = 16,fault = 66&67&68&69&59&60&61&64&65,
SUCCESS;194:edges = 251,fail_cases = 16,fault = 66&67&68&69&70&64&65,
SUCCESS;195:edges = 252,fail_cases = 16,fault = 66&67&68&69&59&70&64&65,
SUCCESS;196:edges = 253,fail_cases = 16,fault = 66&67&68&69&59&70&60&64&65,
SUCCESS;197:edges = 254,fail_cases = 16,fault = 66&67&68&69&59&70&60&61&64&65,
FAIL;198:edges = 254,fail_cases = 17,fault = 66&67&68&69&70&63&64&65,
SUCCESS;199:edges = 256,fail_cases = 17,fault = 71,
SUCCESS;200:edges = 257,fail_cases = 17,fault = 71&64,
SUCCESS;201:edges = 258,fail_cases = 17,fault = 71&64&65,
SUCCESS;202:edges = 259,fail_cases = 17,fault = 66&71&64&65,
SUCCESS;203:edges = 260,fail_cases = 17,fault = 66&67&71&64&65,
SUCCESS;204:edges = 261,fail_cases = 17,fault = 66&67&68&71&64&65,
SUCCESS;205:edges = 262,fail_cases = 17,fault = 66&67&68&69&71&64&65,
SUCCESS;206:edges = 263,fail_cases = 17,fault = 66&67&68&69&70&71&64&65,
SUCCESS;207:edges = 265,fail_cases = 17,fault = 71&72,
SUCCESS;208:edges = 266,fail_cases = 17,fault = 71&72&64,
SUCCESS;209:edges = 267,fail_cases = 17,fault = 71&72&64&65,
SUCCESS;210:edges = 268,fail_cases = 17,fault = 66&71&72&64&65,
SUCCESS;211:edges = 269,fail_cases = 17,fault = 66&67&71&72&64&65,
SUCCESS;212:edges = 270,fail_cases = 17,fault = 66&67&68&71&72&64&65,
SUCCESS;213:edges = 271,fail_cases = 17,fault = 66&67&68&69&71&72&64&65,
SUCCESS;214:edges = 272,fail_cases = 17,fault = 66&67&68&69&70&71&72&64&65,
SUCCESS;215:edges = 274,fail_cases = 17,fault = 71&72&73,
SUCCESS;216:edges = 275,fail_cases = 17,fault = 71&72&73&64,
SUCCESS;217:edges = 276,fail_cases = 17,fault = 71&72&73&64&65,
SUCCESS;218:edges = 277,fail_cases = 17,fault = 66&71&72&73&64&65,
SUCCESS;219:edges = 278,fail_cases = 17,fault = 66&67&71&72&73&64&65,
SUCCESS;220:edges = 279,fail_cases = 17,fault = 66&67&68&71&72&73&64&65,
SUCCESS;221:edges = 280,fail_cases = 17,fault = 66&67&68&69&71&72&73&64&65,
SUCCESS;222:edges = 281,fail_cases = 17,fault = 66&67&68&69&70&71&72&73&64&65,
SUCCESS;223:edges = 283,fail_cases = 17,fault = 71&72&73&74,
SUCCESS;224:edges = 284,fail_cases = 17,fault = 71&72&73&74&64,
SUCCESS;225:edges = 285,fail_cases = 17,fault = 71&72&73&74&64&65,
SUCCESS;226:edges = 286,fail_cases = 17,fault = 66&71&72&73&74&64&65,
SUCCESS;227:edges = 287,fail_cases = 17,fault = 66&67&71&72&73&74&64&65,
SUCCESS;228:edges = 288,fail_cases = 17,fault = 66&67&68&71&72&73&74&64&65,
SUCCESS;229:edges = 289,fail_cases = 17,fault = 66&67&68&69&71&72&73&74&64&65,
SUCCESS;230:edges = 290,fail_cases = 17,fault = 66&67&68&69&70&71&72&73&74&64&65,
FAIL;231:edges = 290,fail_cases = 18,fault = 71&72&73&74&75,
SUCCESS;232:edges = 292,fail_cases = 18,fault = 76,
SUCCESS;233:edges = 293,fail_cases = 18,fault = 71&76,
SUCCESS;234:edges = 294,fail_cases = 18,fault = 71&72&76,
SUCCESS;235:edges = 295,fail_cases = 18,fault = 71&72&73&76,
SUCCESS;236:edges = 296,fail_cases = 18,fault = 71&72&73&74&76,
SUCCESS;237:edges = 298,fail_cases = 18,fault = 77&76,
SUCCESS;238:edges = 299,fail_cases = 18,fault = 77&71&76,
SUCCESS;239:edges = 300,fail_cases = 18,fault = 77&71&72&76,
SUCCESS;240:edges = 301,fail_cases = 18,fault = 77&71&72&73&76,
SUCCESS;241:edges = 302,fail_cases = 18,fault = 77&71&72&73&74&76,
SUCCESS;242:edges = 304,fail_cases = 18,fault = 77&78&76,
SUCCESS;243:edges = 305,fail_cases = 18,fault = 77&78&71&76,
SUCCESS;244:edges = 306,fail_cases = 18,fault = 77&78&71&72&76,
SUCCESS;245:edges = 307,fail_cases = 18,fault = 77&78&71&72&73&76,
SUCCESS;246:edges = 308,fail_cases = 18,fault = 77&78&71&72&73&74&76,
FAIL;247:edges = 308,fail_cases = 19,fault = 77&78&79&76,
SUCCESS;248:edges = 310,fail_cases = 19,fault = 80,
SUCCESS;249:edges = 311,fail_cases = 19,fault = 80&76,
SUCCESS;250:edges = 312,fail_cases = 19,fault = 77&80&76,
SUCCESS;251:edges = 313,fail_cases = 19,fault = 77&78&80&76,
SUCCESS;252:edges = 315,fail_cases = 19,fault = 80&81,
SUCCESS;253:edges = 316,fail_cases = 19,fault = 80&81&76,
SUCCESS;254:edges = 317,fail_cases = 19,fault = 77&80&81&76,
SUCCESS;255:edges = 318,fail_cases = 19,fault = 77&78&80&81&76,
SUCCESS;256:edges = 320,fail_cases = 19,fault = 80&81&82,
SUCCESS;257:edges = 321,fail_cases = 19,fault = 80&81&82&76,
SUCCESS;258:edges = 322,fail_cases = 19,fault = 77&80&81&82&76,
SUCCESS;259:edges = 323,fail_cases = 19,fault = 77&78&80&81&82&76,
FAIL;260:edges = 323,fail_cases = 20,fault = 80&81&82&83,
SUCCESS;261:edges = 325,fail_cases = 20,fault = 84,
SUCCESS;262:edges = 326,fail_cases = 20,fault = 80&84,
SUCCESS;263:edges = 327,fail_cases = 20,fault = 80&81&84,
SUCCESS;264:edges = 328,fail_cases = 20,fault = 80&81&82&84,
SUCCESS;265:edges = 330,fail_cases = 20,fault = 84&85,
SUCCESS;266:edges = 331,fail_cases = 20,fault = 80&84&85,
SUCCESS;267:edges = 332,fail_cases = 20,fault = 80&81&84&85,
SUCCESS;268:edges = 333,fail_cases = 20,fault = 80&81&82&84&85,
SUCCESS;269:edges = 335,fail_cases = 20,fault = 84&85&86,
SUCCESS;270:edges = 336,fail_cases = 20,fault = 80&84&85&86,
SUCCESS;271:edges = 337,fail_cases = 20,fault = 80&81&84&85&86,
SUCCESS;272:edges = 338,fail_cases = 20,fault = 80&81&82&84&85&86,
SUCCESS;273:edges = 340,fail_cases = 20,fault = 84&85&86&87,
SUCCESS;274:edges = 341,fail_cases = 20,fault = 80&84&85&86&87,
SUCCESS;275:edges = 342,fail_cases = 20,fault = 80&81&84&85&86&87,
SUCCESS;276:edges = 343,fail_cases = 20,fault = 80&81&82&84&85&86&87,
SUCCESS;277:edges = 345,fail_cases = 20,fault = 88&84&85&86&87,
SUCCESS;278:edges = 346,fail_cases = 20,fault = 88&80&84&85&86&87,
SUCCESS;279:edges = 347,fail_cases = 20,fault = 88&80&81&84&85&86&87,
SUCCESS;280:edges = 348,fail_cases = 20,fault = 88&80&81&82&84&85&86&87,
FAIL;281:edges = 348,fail_cases = 21,fault = 88&89&84&85&86&87,
SUCCESS;282:edges = 350,fail_cases = 21,fault = 90,
SUCCESS;283:edges = 351,fail_cases = 21,fault = 90&84,
SUCCESS;284:edges = 352,fail_cases = 21,fault = 90&84&85,
SUCCESS;285:edges = 353,fail_cases = 21,fault = 90&84&85&86,
SUCCESS;286:edges = 354,fail_cases = 21,fault = 90&84&85&86&87,
SUCCESS;287:edges = 355,fail_cases = 21,fault = 88&90&84&85&86&87,
SUCCESS;288:edges = 357,fail_cases = 21,fault = 90&91,
SUCCESS;289:edges = 358,fail_cases = 21,fault = 90&91&84,
SUCCESS;290:edges = 359,fail_cases = 21,fault = 90&91&84&85,
SUCCESS;291:edges = 360,fail_cases = 21,fault = 90&91&84&85&86,
SUCCESS;292:edges = 361,fail_cases = 21,fault = 90&91&84&85&86&87,
SUCCESS;293:edges = 362,fail_cases = 21,fault = 88&90&91&84&85&86&87,
SUCCESS;294:edges = 364,fail_cases = 21,fault = 90&91&92,
SUCCESS;295:edges = 365,fail_cases = 21,fault = 90&91&92&84,
SUCCESS;296:edges = 366,fail_cases = 21,fault = 90&91&92&84&85,
SUCCESS;297:edges = 367,fail_cases = 21,fault = 90&91&92&84&85&86,
SUCCESS;298:edges = 368,fail_cases = 21,fault = 90&91&92&84&85&86&87,
SUCCESS;299:edges = 369,fail_cases = 21,fault = 88&90&91&92&84&85&86&87,
SUCCESS;300:edges = 371,fail_cases = 21,fault = 90&91&92&93,
SUCCESS;301:edges = 372,fail_cases = 21,fault = 90&91&92&93&84,
SUCCESS;302:edges = 373,fail_cases = 21,fault = 90&91&92&93&84&85,
SUCCESS;303:edges = 374,fail_cases = 21,fault = 90&91&92&93&84&85&86,
SUCCESS;304:edges = 375,fail_cases = 21,fault = 90&91&92&93&84&85&86&87,
SUCCESS;305:edges = 376,fail_cases = 21,fault = 88&90&91&92&93&84&85&86&87,
FAIL;306:edges = 376,fail_cases = 22,fault = 90&91&92&93&94,
SUCCESS;307:edges = 378,fail_cases = 22,fault = 96,
SUCCESS;308:edges = 379,fail_cases = 22,fault = 90&96,
SUCCESS;309:edges = 380,fail_cases = 22,fault = 90&91&96,
SUCCESS;310:edges = 381,fail_cases = 22,fault = 90&91&92&96,
SUCCESS;311:edges = 382,fail_cases = 22,fault = 90&91&92&93&96,
SUCCESS;312:edges = 384,fail_cases = 22,fault = 96&97,
SUCCESS;313:edges = 385,fail_cases = 22,fault = 90&96&97,
SUCCESS;314:edges = 386,fail_cases = 22,fault = 90&91&96&97,
SUCCESS;315:edges = 387,fail_cases = 22,fault = 90&91&92&96&97,
SUCCESS;316:edges = 388,fail_cases = 22,fault = 90&91&92&93&96&97,
FAIL;317:edges = 388,fail_cases = 23,fault = 95&96&97,
SUCCESS;318:edges = 389,fail_cases = 23,fault = 98,
SUCCESS;319:edges = 390,fail_cases = 23,fault = 96&98,
SUCCESS;320:edges = 391,fail_cases = 23,fault = 96&97&98,
SUCCESS;321:edges = 392,fail_cases = 23,fault = 99&98,
SUCCESS;322:edges = 393,fail_cases = 23,fault = 99&96&98,
SUCCESS;323:edges = 394,fail_cases = 23,fault = 99&96&97&98,
FAIL;324:edges = 394,fail_cases = 24,fault = 99&100&98,