SUCCESS;0:edges = 20,fail_cases = 0,fault = ,
SUCCESS;1:edges = 21,fail_cases = 0,fault = 1,
SUCCESS;2:edges = 22,fail_cases = 0,fault = 1&2,
FAIL;3:edges = 22,fail_cases = 1,fault = 1&2&3,
SUCCESS;4:edges = 24,fail_cases = 1,fault = 4,
SUCCESS;5:edges = 25,fail_cases = 1,fault = 1&4,
SUCCESS;6:edges = 26,fail_cases = 1,fault = 1&2&4,
SUCCESS;7:edges = 28,fail_cases = 1,fault = 4&5,
SUCCESS;8:edges = 29,fail_cases = 1,fault = 1&4&5,
SUCCESS;9:edges = 30,fail_cases = 1,fault = 1&2&4&5,
SUCCESS;10:edges = 32,fail_cases = 1,fault = 4&5&6,
SUCCESS;11:edges = 33,fail_cases = 1,fault = 1&4&5&6,
SUCCESS;12:edges = 34,fail_cases = 1,fault = 1&2&4&5&6,
SUCCESS;13:edges = 36,fail_cases = 1,fault = 4&5&6&7,
SUCCESS;14:edges = 37,fail_cases = 1,fault = 1&4&5&6&7,
SUCCESS;15:edges = 38,fail_cases = 1,fault = 1&2&4&5&6&7,
SUCCESS;16:edges = 40,fail_cases = 1,fault = 4&5&6&7&8,
SUCCESS;17:edges = 41,fail_cases = 1,fault = 1&4&5&6&7&8,
SUCCESS;18:edges = 42,fail_cases = 1,fault = 1&2&4&5&6&7&8,
SUCCESS;19:edges = 44,fail_cases = 1,fault = 4&5&6&7&8&9,
SUCCESS;20:edges = 45,fail_cases = 1,fault = 1&4&5&6&7&8&9,
SUCCESS;21:edges = 46,fail_cases = 1,fault = 1&2&4&5&6&7&8&9,
FAIL;22:edges = 46,fail_cases = 2,fault = 4&5&6&7&8&9&10,
SUCCESS;23:edges = 48,fail_cases = 2,fault = 11,
SUCCESS;24:edges = 49,fail_cases = 2,fault = 11&4,
SUCCESS;25:edges = 50,fail_cases = 2,fault = 11&4&5,
SUCCESS;26:edges = 51,fail_cases = 2,fault = 11&4&5&6,
SUCCESS;27:edges = 52,fail_cases = 2,fault = 11&4&5&6&7,
SUCCESS;28:edges = 53,fail_cases = 2,fault = 11&4&5&6&7&8,
SUCCESS;29:edges = 54,fail_cases = 2,fault = 11&4&5&6&7&8&9,
SUCCESS;30:edges = 56,fail_cases = 2,fault = 11&12,
SUCCESS;31:edges = 57,fail_cases = 2,fault = 11&12&4,
SUCCESS;32:edges = 58,fail_cases = 2,fault = 11&12&4&5,
SUCCESS;33:edges = 59,fail_cases = 2,fault = 11&12&4&5&6,
SUCCESS;34:edges = 60,fail_cases = 2,fault = 11&12&4&5&6&7,
SUCCESS;35:edges = 61,fail_cases = 2,fault = 11&12&4&5&6&7&8,
SUCCESS;36:edges = 62,fail_cases = 2,fault = 11&12&4&5&6&7&8&9,
SUCCESS;37:edges = 64,fail_cases = 2,fault = 11&12&13,
SUCCESS;38:edges = 65,fail_cases = 2,fault = 11&12&13&4,
SUCCESS;39:edges = 66,fail_cases = 2,fault = 11&12&13&4&5,
SUCCESS;40:edges = 67,fail_cases = 2,fault = 11&12&13&4&5&6,
SUCCESS;41:edges = 68,fail_cases = 2,fault = 11&12&13&4&5&6&7,
SUCCESS;42:edges = 69,fail_cases = 2,fault = 11&12&13&4&5&6&7&8,
SUCCESS;43:edges = 70,fail_cases = 2,fault = 11&12&13&4&5&6&7&8&9,
FAIL;44:edges = 70,fail_cases = 3,fault = 11&12&13&14,
SUCCESS;45:edges = 72,fail_cases = 3,fault = 16,
SUCCESS;46:edges = 73,fail_cases = 3,fault = 11&16,
SUCCESS;47:edges = 74,fail_cases = 3,fault = 11&12&16,
SUCCESS;48:edges = 75,fail_cases = 3,fault = 11&12&13&16,
SUCCESS;49:edges = 77,fail_cases = 3,fault = 16&17,
SUCCESS;50:edges = 78,fail_cases = 3,fault = 11&16&17,
SUCCESS;51:edges = 79,fail_cases = 3,fault = 11&12&16&17,
SUCCESS;52:edges = 80,fail_cases = 3,fault = 11&12&13&16&17,
SUCCESS;53:edges = 82,fail_cases = 3,fault = 16&17&18,
SUCCESS;54:edges = 83,fail_cases = 3,fault = 11&16&17&18,
SUCCESS;55:edges = 84,fail_cases = 3,fault = 11&12&16&17&18,
SUCCESS;56:edges = 85,fail_cases = 3,fault = 11&12&13&16&17&18,
SUCCESS;57:edges = 87,fail_cases = 3,fault = 16&17&18&19,
SUCCESS;58:edges = 88,fail_cases = 3,fault = 11&16&17&18&19,
SUCCESS;59:edges = 89,fail_cases = 3,fault = 11&12&16&17&18&19,
SUCCESS;60:edges = 90,fail_cases = 3,fault = 11&12&13&16&17&18&19,
SUCCESS;61:edges = 92,fail_cases = 3,fault = 16&17&18&19&20,
SUCCESS;62:edges = 93,fail_cases = 3,fault = 11&16&17&18&19&20,
SUCCESS;63:edges = 94,fail_cases = 3,fault = 11&12&16&17&18&19&20,
SUCCESS;64:edges = 95,fail_cases = 3,fault = 11&12&13&16&17&18&19&20,
SUCCESS;65:edges = 97,fail_cases = 3,fault = 16&17&18&19&20&21,
SUCCESS;66:edges = 98,fail_cases = 3,fault = 11&16&17&18&19&20&21,
SUCCESS;67:edges = 99,fail_cases = 3,fault = 11&12&16&17&18&19&20&21,
SUCCESS;68:edges = 100,fail_cases = 3,fault = 11&12&13&16&17&18&19&20&21,
FAIL;69:edges = 100,fail_cases = 4,fault = 15&16&17&18&19&20&21,
SUCCESS;70:edges = 102,fail_cases = 4,fault = 22,
SUCCESS;71:edges = 103,fail_cases = 4,fault = 22&16,
SUCCESS;72:edges = 104,fail_cases = 4,fault = 22&16&17,
SUCCESS;73:edges = 105,fail_cases = 4,fault = 22&16&17&18,
SUCCESS;74:edges = 106,fail_cases = 4,fault = 22&16&17&18&19,
SUCCESS;75:edges = 107,fail_cases = 4,fault = 22&16&17&18&19&20,
SUCCESS;76:edges = 108,fail_cases = 4,fault = 22&16&17&18&19&20&21,
SUCCESS;77:edges = 110,fail_cases = 4,fault = 22&23,
SUCCESS;78:edges = 111,fail_cases = 4,fault = 22&23&16,
SUCCESS;79:edges = 112,fail_cases = 4,fault = 22&23&16&17,
SUCCESS;80:edges = 113,fail_cases = 4,fault = 22&23&16&17&18,
SUCCESS;81:edges = 114,fail_cases = 4,fault = 22&23&16&17&18&19,
SUCCESS;82:edges = 115,fail_cases = 4,fault = 22&23&16&17&18&19&20,
SUCCESS;83:edges = 116,fail_cases = 4,fault = 22&23&16&17&18&19&20&21,
SUCCESS;84:edges = 118,fail_cases = 4,fault = 22&23&24,
SUCCESS;85:edges = 119,fail_cases = 4,fault = 22&23&24&16,
SUCCESS;86:edges = 120,fail_cases = 4,fault = 22&23&24&16&17,
SUCCESS;87:edges = 121,fail_cases = 4,fault = 22&23&24&16&17&18,
SUCCESS;88:edges = 122,fail_cases = 4,fault = 22&23&24&16&17&18&19,
SUCCESS;89:edges = 123,fail_cases = 4,fault = 22&23&24&16&17&18&19&20,
SUCCESS;90:edges = 124,fail_cases = 4,fault = 22&23&24&16&17&18&19&20&21,
FAIL;91:edges = 124,fail_cases = 5,fault = 22&23&24&25,
SUCCESS;92:edges = 126,fail_cases = 5,fault = 32,
SUCCESS;93:edges = 127,fail_cases = 5,fault = 22&32,
SUCCESS;94:edges = 128,fail_cases = 5,fault = 22&23&32,
SUCCESS;95:edges = 129,fail_cases = 5,fault = 22&23&24&32,
SUCCESS;96:edges = 131,fail_cases = 5,fault = 26&32,
SUCCESS;97:edges = 132,fail_cases = 5,fault = 22&26&32,
SUCCESS;98:edges = 133,fail_cases = 5,fault = 22&23&26&32,
SUCCESS;99:edges = 134,fail_cases = 5,fault = 22&23&24&26&32,
SUCCESS;100:edges = 136,fail_cases = 5,fault = 26&27&32,
SUCCESS;101:edges = 137,fail_cases = 5,fault = 22&26&27&32,
SUCCESS;102:edges = 138,fail_cases = 5,fault = 22&23&26&27&32,
SUCCESS;103:edges = 139,fail_cases = 5,fault = 22&23&24&26&27&32,
SUCCESS;104:edges = 141,fail_cases = 5,fault = 26&27&28&32,
SUCCESS;105:edges = 142,fail_cases = 5,fault = 22&26&27&28&32,
SUCCESS;106:edges = 143,fail_cases = 5,fault = 22&23&26&27&28&32,
SUCCESS;107:edges = 144,fail_cases = 5,fault = 22&23&24&26&27&28&32,
SUCCESS;108:edges = 146,fail_cases = 5,fault = 26&27&28&29&32,
SUCCESS;109:edges = 147,fail_cases = 5,fault = 22&26&27&28&29&32,
SUCCESS;110:edges = 148,fail_cases = 5,fault = 22&23&26&27&28&29&32,
SUCCESS;111:edges = 149,fail_cases = 5,fault = 22&23&24&26&27&28&29&32,
SUCCESS;112:edges = 151,fail_cases = 5,fault = 26&27&28&29&30&32,
SUCCESS;113:edges = 152,fail_cases = 5,fault = 22&26&27&28&29&30&32,
SUCCESS;114:edges = 153,fail_cases = 5,fault = 22&23&26&27&28&29&30&32,
SUCCESS;115:edges = 154,fail_cases = 5,fault = 22&23&24&26&27&28&29&30&32,
FAIL;116:edges = 154,fail_cases = 6,fault = 26&27&28&29&30&31&32,
SUCCESS;117:edges = 156,fail_cases = 6,fault = 33,
SUCCESS;118:edges = 157,fail_cases = 6,fault = 33&32,
SUCCESS;119:edges = 158,fail_cases = 6,fault = 33&26&32,
SUCCESS;120:edges = 159,fail_cases = 6,fault = 33&26&27&32,
SUCCESS;121:edges = 160,fail_cases = 6,fault = 33&26&27&28&32,
SUCCESS;122:edges = 161,fail_cases = 6,fault = 33&26&27&28&29&32,
SUCCESS;123:edges = 162,fail_cases = 6,fault = 33&26&27&28&29&30&32,
SUCCESS;124:edges = 164,fail_cases = 6,fault = 33&34,
SUCCESS;125:edges = 165,fail_cases = 6,fault = 33&34&32,
SUCCESS;126:edges = 166,fail_cases = 6,fault = 33&34&26&32,
SUCCESS;127:edges = 167,fail_cases = 6,fault = 33&34&26&27&32,
SUCCESS;128:edges = 168,fail_cases = 6,fault = 33&34&26&27&28&32,
SUCCESS;129:edges = 169,fail_cases = 6,fault = 33&34&26&27&28&29&32,
SUCCESS;130:edges = 170,fail_cases = 6,fault = 33&34&26&27&28&29&30&32,
SUCCESS;131:edges = 172,fail_cases = 6,fault = 33&34&35,
SUCCESS;132:edges = 173,fail_cases = 6,fault = 33&34&35&32,
SUCCESS;133:edges = 174,fail_cases = 6,fault = 33&34&35&26&32,
SUCCESS;134:edges = 175,fail_cases = 6,fault = 33&34&35&26&27&32,
SUCCESS;135:edges = 176,fail_cases = 6,fault = 33&34&35&26&27&28&32,
SUCCESS;136:edges = 177,fail_cases = 6,fault = 33&34&35&26&27&28&29&32,
SUCCESS;137:edges = 178,fail_cases = 6,fault = 33&34&35&26&27&28&29&30&32,
SUCCESS;138:edges = 180,fail_cases = 6,fault = 33&34&35&36,
SUCCESS;139:edges = 181,fail_cases = 6,fault = 33&34&35&36&32,
SUCCESS;140:edges = 182,fail_cases = 6,fault = 33&34&35&36&26&32,
SUCCESS;141:edges = 183,fail_cases = 6,fault = 33&34&35&36&26&27&32,
SUCCESS;142:edges = 184,fail_cases = 6,fault = 33&34&35&36&26&27&28&32,
SUCCESS;143:edges = 185,fail_cases = 6,fault = 33&34&35&36&26&27&28&29&32,
SUCCESS;144:edges = 186,fail_cases = 6,fault = 33&34&35&36&26&27&28&29&30&32,
SUCCESS;145:edges = 188,fail_cases = 6,fault = 33&34&35&36&37,
SUCCESS;146:edges = 189,fail_cases = 6,fault = 33&34&35&36&37&32,
SUCCESS;147:edges = 190,fail_cases = 6,fault = 33&34&35&36&37&26&32,
SUCCESS;148:edges = 191,fail_cases = 6,fault = 33&34&35&36&37&26&27&32,
SUCCESS;149:edges = 192,fail_cases = 6,fault = 33&34&35&36&37&26&27&28&32,
SUCCESS;150:edges = 193,fail_cases = 6,fault = 33&34&35&36&37&26&27&28&29&32,
SUCCESS;151:edges = 194,fail_cases = 6,fault = 33&34&35&36&37&26&27&28&29&30&32,
SUCCESS;152:edges = 196,fail_cases = 6,fault = 33&34&35&36&37&38,
SUCCESS;153:edges = 197,fail_cases = 6,fault = 33&34&35&36&37&38&32,
SUCCESS;154:edges = 198,fail_cases = 6,fault = 33&34&35&36&37&26&38&32,
SUCCESS;155:edges = 199,fail_cases = 6,fault = 33&34&35&36&37&26&38&27&32,
SUCCESS;156:edges = 200,fail_cases = 6,fault = 33&34&35&36&37&26&38&27&28&32,
SUCCESS;157:edges = 201,fail_cases = 6,fault = 33&34&35&36&37&26&38&27&28&29&32,
SUCCESS;158:edges = 202,fail_cases = 6,fault = 33&34&35&36&37&26&38&27&28&29&30&32,
FAIL;159:edges = 202,fail_cases = 7,fault = 33&34&35&36&37&38&39,
SUCCESS;160:edges = 204,fail_cases = 7,fault = 40,
SUCCESS;161:edges = 205,fail_cases = 7,fault = 33&40,
SUCCESS;162:edges = 206,fail_cases = 7,fault = 33&34&40,
SUCCESS;163:edges = 207,fail_cases = 7,fault = 33&34&35&40,
SUCCESS;164:edges = 208,fail_cases = 7,fault = 33&34&35&36&40,
SUCCESS;165:edges = 209,fail_cases = 7,fault = 33&34&35&36&37&40,
SUCCESS;166:edges = 210,fail_cases = 7,fault = 33&34&35&36&37&38&40,
SUCCESS;167:edges = 212,fail_cases = 7,fault = 40&41,
SUCCESS;168:edges = 213,fail_cases = 7,fault = 33&40&41,
SUCCESS;169:edges = 214,fail_cases = 7,fault = 33&34&40&41,
SUCCESS;170:edges = 215,fail_cases = 7,fault = 33&34&35&40&41,
SUCCESS;171:edges = 216,fail_cases = 7,fault = 33&34&35&36&40&41,
SUCCESS;172:edges = 217,fail_cases = 7,fault = 33&34&35&36&37&40&41,
SUCCESS;173:edges = 218,fail_cases = 7,fault = 33&34&35&36&37&38&40&41,
SUCCESS;174:edges = 220,fail_cases = 7,fault = 40&41&42,
SUCCESS;175:edges = 221,fail_cases = 7,fault = 33&40&41&42,
SUCCESS;176:edges = 222,fail_cases = 7,fault = 33&34&40&41&42,
SUCCESS;177:edges = 223,fail_cases = 7,fault = 33&34&35&40&41&42,
SUCCESS;178:edges = 224,fail_cases = 7,fault = 33&34&35&36&40&41&42,
SUCCESS;179:edges = 225,fail_cases = 7,fault = 33&34&35&36&37&40&41&42,
SUCCESS;180:edges = 226,fail_cases = 7,fault = 33&34&35&36&37&38&40&41&42,
FAIL;181:edges = 226,fail_cases = 8,fault = 40&41&42&43,
SUCCESS;182:edges = 228,fail_cases = 8,fault = 44,
SUCCESS;183:edges = 229,fail_cases = 8,fault = 44&40,
SUCCESS;184:edges = 230,fail_cases = 8,fault = 44&40&41,
SUCCESS;185:edges = 231,fail_cases = 8,fault = 44&40&41&42,
SUCCESS;186:edges = 233,fail_cases = 8,fault = 44&45,
SUCCESS;187:edges = 234,fail_cases = 8,fault = 44&45&40,
SUCCESS;188:edges = 235,fail_cases = 8,fault = 44&45&40&41,
SUCCESS;189:edges = 236,fail_cases = 8,fault = 44&45&40&41&42,
SUCCESS;190:edges = 238,fail_cases = 8,fault = 44&45&46,
SUCCESS;191:edges = 239,fail_cases = 8,fault = 44&45&46&40,
SUCCESS;192:edges = 240,fail_cases = 8,fault = 44&45&46&40&41,
SUCCESS;193:edges = 241,fail_cases = 8,fault = 44&45&46&40&41&42,
FAIL;194:edges = 241,fail_cases = 9,fault = 44&45&46&47,
SUCCESS;195:edges = 243,fail_cases = 9,fault = 48,
SUCCESS;196:edges = 244,fail_cases = 9,fault = 44&48,
SUCCESS;197:edges = 245,fail_cases = 9,fault = 44&45&48,
SUCCESS;198:edges = 246,fail_cases = 9,fault = 44&45&46&48,
SUCCESS;199:edges = 248,fail_cases = 9,fault = 48&49,
SUCCESS;200:edges = 249,fail_cases = 9,fault = 44&48&49,
SUCCESS;201:edges = 250,fail_cases = 9,fault = 44&45&48&49,
SUCCESS;202:edges = 251,fail_cases = 9,fault = 44&45&46&48&49,
SUCCESS;203:edges = 253,fail_cases = 9,fault = 48&49&50,
SUCCESS;204:edges = 254,fail_cases = 9,fault = 44&48&49&50,
SUCCESS;205:edges = 255,fail_cases = 9,fault = 44&45&48&49&50,
SUCCESS;206:edges = 256,fail_cases = 9,fault = 44&45&46&48&49&50,
FAIL;207:edges = 256,fail_cases = 10,fault = 48&49&50&51,
SUCCESS;208:edges = 258,fail_cases = 10,fault = 52,
SUCCESS;209:edges = 259,fail_cases = 10,fault = 48&52,
SUCCESS;210:edges = 260,fail_cases = 10,fault = 48&49&52,
SUCCESS;211:edges = 261,fail_cases = 10,fault = 48&49&50&52,
SUCCESS;212:edges = 263,fail_cases = 10,fault = 52&53,
SUCCESS;213:edges = 264,fail_cases = 10,fault = 48&52&53,
SUCCESS;214:edges = 265,fail_cases = 10,fault = 48&49&52&53,
SUCCESS;215:edges = 266,fail_cases = 10,fault = 48&49&50&52&53,
FAIL;216:edges = 266,fail_cases = 11,fault = 52&53&54,
SUCCESS;217:edges = 268,fail_cases = 11,fault = 55,
SUCCESS;218:edges = 269,fail_cases = 11,fault = 55&52,
SUCCESS;219:edges = 270,fail_cases = 11,fault = 55&52&53,
SUCCESS;220:edges = 272,fail_cases = 11,fault = 55&56,
SUCCESS;221:edges = 273,fail_cases = 11,fault = 55&56&52,
SUCCESS;222:edges = 274,fail_cases = 11,fault = 55&56&52&53,
SUCCESS;223:edges = 276,fail_cases = 11,fault = 55&56&57,
SUCCESS;224:edges = 277,fail_cases = 11,fault = 55&56&57&52,
SUCCESS;225:edges = 278,fail_cases = 11,fault = 55&56&57&52&53,
SUCCESS;226:edges = 280,fail_cases = 11,fault = 55&56&57&58,
SUCCESS;227:edges = 281,fail_cases = 11,fault = 55&56&57&58&52,
SUCCESS;228:edges = 282,fail_cases = 11,fault = 55&56&57&58&52&53,
SUCCESS;229:edges = 284,fail_cases = 11,fault = 55&56&57&58&59,
SUCCESS;230:edges = 285,fail_cases = 11,fault = 55&56&57&58&59&52,
SUCCESS;231:edges = 286,fail_cases = 11,fault = 55&56&57&58&59&52&53,
SUCCESS;232:edges = 288,fail_cases = 11,fault = 55&56&57&58&59&60,
SUCCESS;233:edges = 289,fail_cases = 11,fault = 55&56&57&58&59&60&52,
SUCCESS;234:edges = 290,fail_cases = 11,fault = 55&56&57&58&59&60&52&53,
SUCCESS;235:edges = 292,fail_cases = 11,fault = 55&56&57&58&59&60&61,
SUCCESS;236:edges = 293,fail_cases = 11,fault = 55&56&57&58&59&60&61&52,
SUCCESS;237:edges = 294,fail_cases = 11,fault = 55&56&57&58&59&60&61&52&53,
FAIL;238:edges = 294,fail_cases = 12,fault = 55&56&57&58&59&60&61&62,
SUCCESS;239:edges = 296,fail_cases = 12,fault = 64,
SUCCESS;240:edges = 297,fail_cases = 12,fault = 55&64,
SUCCESS;241:edges = 298,fail_cases = 12,fault = 55&56&64,
SUCCESS;242:edges = 299,fail_cases = 12,fault = 55&56&57&64,
SUCCESS;243:edges = 300,fail_cases = 12,fault = 55&56&57&58&64,
SUCCESS;244:edges = 301,fail_cases = 12,fault = 55&56&57&58&59&64,
SUCCESS;245:edges = 302,fail_cases = 12,fault = 55&56&57&58&59&60&64,
SUCCESS;246:edges = 303,fail_cases = 12,fault = 55&56&57&58&59&60&61&64,
SUCCESS;247:edges = 305,fail_cases = 12,fault = 64&65,
SUCCESS;248:edges = 306,fail_cases = 12,fault = 55&64&65,
SUCCESS;249:edges = 307,fail_cases = 12,fault = 55&56&64&65,
SUCCESS;250:edges = 308,fail_cases = 12,fault = 55&56&57&64&65,
SUCCESS;251:edges = 309,fail_cases = 12,fault = 55&56&57&58&64&65,
SUCCESS;252:edges = 310,fail_cases = 12,fault = 55&56&57&58&59&64&65,
SUCCESS;253:edges = 311,fail_cases = 12,fault = 55&56&57&58&59&60&64&65,
SUCCESS;254:edges = 312,fail_cases = 12,fault = 55&56&57&58&59&60&61&64&65,
SUCCESS;255:edges = 314,fail_cases = 12,fault = 66&64&65,
SUCCESS;256:edges = 315,fail_cases = 12,fault = 66&55&64&65,
SUCCESS;257:edges = 316,fail_cases = 12,fault = 66&55&56&64&65,
SUCCESS;258:edges = 317,fail_cases = 12,fault = 66&55&56&57&64&65,
SUCCESS;259:edges = 318,fail_cases = 12,fault = 66&55&56&57&58&64&65,
SUCCESS;260:edges = 319,fail_cases = 12,fault = 66&55&56&57&58&59&64&65,
SUCCESS;261:edges = 320,fail_cases = 12,fault = 66&55&56&57&58&59&60&64&65,
SUCCESS;262:edges = 321,fail_cases = 12,fault = 66&55&56&57&58&59&60&61&64&65,
SUCCESS;263:edges = 323,fail_cases = 12,fault = 66&67&64&65,
SUCCESS;264:edges = 324,fail_cases = 12,fault = 66&55&67&64&65,
SUCCESS;265:edges = 325,fail_cases = 12,fault = 66&55&67&56&64&65,
SUCCESS;266:edges = 326,fail_cases = 12,fault = 66&55&67&56&57&64&65,
SUCCESS;267:edges = 327,fail_cases = 12,fault = 66&55&67&56&57&58&64&65,
SUCCESS;268:edges = 328,fail_cases = 12,fault = 66&55&67&56&57&58&59&64&65,
SUCCESS;269:edges = 329,fail_cases = 12,fault = 66&55&67&56&57&58&59&60&64&65,
SUCCESS;270:edges = 330,fail_cases = 12,fault = 66&55&67&56&57&58&59&60&61&64&65,
SUCCESS;271:edges = 332,fail_cases = 12,fault = 66&67&68&64&65,
SUCCESS;272:edges = 333,fail_cases = 12,fault = 66&55&67&68&64&65,
SUCCESS;273:edges = 334,fail_cases = 12,fault = 66&55&67&56&68&64&65,
SUCCESS;274:edges = 335,fail_cases = 12,fault = 66&55&67&56&68&57&64&65,
SUCCESS;275:edges = 336,fail_cases = 12,fault = 66&55&67&56&68&57&58&64&65,
SUCCESS;276:edges = 337,fail_cases = 12,fault = 66&55&67&56&68&57&58&59&64&65,
SUCCESS;277:edges = 338,fail_cases = 12,fault = 66&55&67&56&68&57&58&59&60&64&65,
SUCCESS;278:edges = 339,fail_cases = 12,fault = 66&55&67&56&68&57&58&59&60&61&64&65,
SUCCESS;279:edges = 341,fail_cases = 12,fault = 66&67&68&69&64&65,
SUCCESS;280:edges = 342,fail_cases = 12,fault = 66&55&67&68&69&64&65,
SUCCESS;281:edges = 343,fail_cases = 12,fault = 66&55&67&56&68&69&64&65,
SUCCESS;282:edges = 344,fail_cases = 12,fault = 66&55&67&56&68&57&69&64&65,
SUCCESS;283:edges = 345,fail_cases = 12,fault = 66&55&67&56&68&57&69&58&64&65,
SUCCESS;284:edges = 346,fail_cases = 12,fault = 66&55&67&56&68&57&69&58&59&64&65,
SUCCESS;285:edges = 347,fail_cases = 12,fault = 66&55&67&56&68&57&69&58&59&60&64&65,
SUCCESS;286:edges = 348,fail_cases = 12,fault = 66&55&67&56&68&57&69&58&59&60&61&64&65,
FAIL;287:edges = 348,fail_cases = 13,fault = 66&67&68&69&63&64&65,
SUCCESS;288:edges = 350,fail_cases = 13,fault = 70,
SUCCESS;289:edges = 351,fail_cases = 13,fault = 70&64,
SUCCESS;290:edges = 352,fail_cases = 13,fault = 70&64&65,
SUCCESS;291:edges = 353,fail_cases = 13,fault = 66&70&64&65,
SUCCESS;292:edges = 354,fail_cases = 13,fault = 66&67&70&64&65,
SUCCESS;293:edges = 355,fail_cases = 13,fault = 66&67&68&70&64&65,
SUCCESS;294:edges = 356,fail_cases = 13,fault = 66&67&68&69&70&64&65,
SUCCESS;295:edges = 358,fail_cases = 13,fault = 70&71,
SUCCESS;296:edges = 359,fail_cases = 13,fault = 70&71&64,
SUCCESS;297:edges = 360,fail_cases = 13,fault = 70&71&64&65,
SUCCESS;298:edges = 361,fail_cases = 13,fault = 66&70&71&64&65,
SUCCESS;299:edges = 362,fail_cases = 13,fault = 66&67&70&71&64&65,
SUCCESS;300:edges = 363,fail_cases = 13,fault = 66&67&68&70&71&64&65,
SUCCESS;301:edges = 364,fail_cases = 13,fault = 66&67&68&69&70&71&64&65,
SUCCESS;302:edges = 366,fail_cases = 13,fault = 70&71&72,
SUCCESS;303:edges = 367,fail_cases = 13,fault = 70&71&72&64,
SUCCESS;304:edges = 368,fail_cases = 13,fault = 70&71&72&64&65,
SUCCESS;305:edges = 369,fail_cases = 13,fault = 66&70&71&72&64&65,
SUCCESS;306:edges = 370,fail_cases = 13,fault = 66&67&70&71&72&64&65,
SUCCESS;307:edges = 371,fail_cases = 13,fault = 66&67&68&70&71&72&64&65,
SUCCESS;308:edges = 372,fail_cases = 13,fault = 66&67&68&69&70&71&72&64&65,
FAIL;309:edges = 372,fail_cases = 14,fault = 70&71&72&73,
SUCCESS;310:edges = 374,fail_cases = 14,fault = 80,
SUCCESS;311:edges = 375,fail_cases = 14,fault = 80&70,
SUCCESS;312:edges = 376,fail_cases = 14,fault = 80&70&71,
SUCCESS;313:edges = 377,fail_cases = 14,fault = 80&70&71&72,
SUCCESS;314:edges = 379,fail_cases = 14,fault = 80&74,
SUCCESS;315:edges = 380,fail_cases = 14,fault = 80&70&74,
SUCCESS;316:edges = 381,fail_cases = 14,fault = 80&70&71&74,
SUCCESS;317:edges = 382,fail_cases = 14,fault = 80&70&71&72&74,
SUCCESS;318:edges = 384,fail_cases = 14,fault = 80&74&75,
SUCCESS;319:edges = 385,fail_cases = 14,fault = 80&70&74&75,
SUCCESS;320:edges = 386,fail_cases = 14,fault = 80&70&71&74&75,
SUCCESS;321:edges = 387,fail_cases = 14,fault = 80&70&71&72&74&75,
SUCCESS;322:edges = 389,fail_cases = 14,fault = 80&74&75&76,
SUCCESS;323:edges = 390,fail_cases = 14,fault = 80&70&74&75&76,
SUCCESS;324:edges = 391,fail_cases = 14,fault = 80&70&71&74&75&76,
SUCCESS;325:edges = 392,fail_cases = 14,fault = 80&70&71&72&74&75&76,
SUCCESS;326:edges = 394,fail_cases = 14,fault = 77&80&74&75&76,
SUCCESS;327:edges = 395,fail_cases = 14,fault = 77&80&70&74&75&76,
SUCCESS;328:edges = 396,fail_cases = 14,fault = 77&80&70&71&74&75&76,
SUCCESS;329:edges = 397,fail_cases = 14,fault = 77&80&70&71&72&74&75&76,
SUCCESS;330:edges = 399,fail_cases = 14,fault = 77&78&80&74&75&76,
SUCCESS;331:edges = 400,fail_cases = 14,fault = 77&78&80&70&74&75&76,
SUCCESS;332:edges = 401,fail_cases = 14,fault = 77&78&80&70&71&74&75&76,
SUCCESS;333:edges = 402,fail_cases = 14,fault = 77&78&80&70&71&72&74&75&76,
FAIL;334:edges = 402,fail_cases = 15,fault = 77&78&79&80&74&75&76,
SUCCESS;335:edges = 404,fail_cases = 15,fault = 81,
SUCCESS;336:edges = 405,fail_cases = 15,fault = 80&81,
SUCCESS;337:edges = 406,fail_cases = 15,fault = 80&81&74,
SUCCESS;338:edges = 407,fail_cases = 15,fault = 80&81&74&75,
SUCCESS;339:edges = 408,fail_cases = 15,fault = 80&81&74&75&76,
SUCCESS;340:edges = 409,fail_cases = 15,fault = 77&80&81&74&75&76,
SUCCESS;341:edges = 410,fail_cases = 15,fault = 77&78&80&81&74&75&76,
SUCCESS;342:edges = 412,fail_cases = 15,fault = 81&82,
SUCCESS;343:edges = 413,fail_cases = 15,fault = 80&81&82,
SUCCESS;344:edges = 414,fail_cases = 15,fault = 80&81&82&74,
SUCCESS;345:edges = 415,fail_cases = 15,fault = 80&81&82&74&75,
SUCCESS;346:edges = 416,fail_cases = 15,fault = 80&81&82&74&75&76,
SUCCESS;347:edges = 417,fail_cases = 15,fault = 77&80&81&82&74&75&76,
SUCCESS;348:edges = 418,fail_cases = 15,fault = 77&78&80&81&82&74&75&76,
SUCCESS;349:edges = 420,fail_cases = 15,fault = 81&82&83,
SUCCESS;350:edges = 421,fail_cases = 15,fault = 80&81&82&83,
SUCCESS;351:edges = 422,fail_cases = 15,fault = 80&81&82&83&74,
SUCCESS;352:edges = 423,fail_cases = 15,fault = 80&81&82&83&74&75,
SUCCESS;353:edges = 424,fail_cases = 15,fault = 80&81&82&83&74&75&76,
SUCCESS;354:edges = 425,fail_cases = 15,fault = 77&80&81&82&83&74&75&76,
SUCCESS;355:edges = 426,fail_cases = 15,fault = 77&78&80&81&82&83&74&75&76,
SUCCESS;356:edges = 428,fail_cases = 15,fault = 81&82&83&84,
SUCCESS;357:edges = 429,fail_cases = 15,fault = 80&81&82&83&84,
SUCCESS;358:edges = 430,fail_cases = 15,fault = 80&81&82&83&84&74,
SUCCESS;359:edges = 431,fail_cases = 15,fault = 80&81&82&83&84&74&75,
SUCCESS;360:edges = 432,fail_cases = 15,fault = 80&81&82&83&84&74&75&76,
SUCCESS;361:edges = 433,fail_cases = 15,fault = 77&80&81&82&83&84&74&75&76,
SUCCESS;362:edges = 434,fail_cases = 15,fault = 77&78&80&81&82&83&84&74&75&76,
FAIL;363:edges = 434,fail_cases = 16,fault = 81&82&83&84&85,
SUCCESS;364:edges = 436,fail_cases = 16,fault = 86,
SUCCESS;365:edges = 437,fail_cases = 16,fault = 81&86,
SUCCESS;366:edges = 438,fail_cases = 16,fault = 81&82&86,
SUCCESS;367:edges = 439,fail_cases = 16,fault = 81&82&83&86,
SUCCESS;368:edges = 440,fail_cases = 16,fault = 81&82&83&84&86,
SUCCESS;369:edges = 442,fail_cases = 16,fault = 86&87,
SUCCESS;370:edges = 443,fail_cases = 16,fault = 81&86&87,
SUCCESS;371:edges = 444,fail_cases = 16,fault = 81&82&86&87,
SUCCESS;372:edges = 445,fail_cases = 16,fault = 81&82&83&86&87,
SUCCESS;373:edges = 446,fail_cases = 16,fault = 81&82&83&84&86&87,
SUCCESS;374:edges = 448,fail_cases = 16,fault = 88&86&87,
SUCCESS;375:edges = 449,fail_cases = 16,fault = 88&81&86&87,
SUCCESS;376:edges = 450,fail_cases = 16,fault = 88&81&82&86&87,
SUCCESS;377:edges = 451,fail_cases = 16,fault = 88&81&82&83&86&87,
SUCCESS;378:edges = 452,fail_cases = 16,fault = 88&81&82&83&84&86&87,
SUCCESS;379:edges = 454,fail_cases = 16,fault = 88&89&86&87,
SUCCESS;380:edges = 455,fail_cases = 16,fault = 88&89&81&86&87,
SUCCESS;381:edges = 456,fail_cases = 16,fault = 88&89&81&82&86&87,
SUCCESS;382:edges = 457,fail_cases = 16,fault = 88&89&81&82&83&86&87,
SUCCESS;383:edges = 458,fail_cases = 16,fault = 88&89&81&82&83&84&86&87,
SUCCESS;384:edges = 460,fail_cases = 16,fault = 88&89&90&86&87,
SUCCESS;385:edges = 461,fail_cases = 16,fault = 88&89&90&81&86&87,
SUCCESS;386:edges = 462,fail_cases = 16,fault = 88&89&90&81&82&86&87,
SUCCESS;387:edges = 463,fail_cases = 16,fault = 88&89&90&81&82&83&86&87,
SUCCESS;388:edges = 464,fail_cases = 16,fault = 88&89&90&81&82&83&84&86&87,
SUCCESS;389:edges = 466,fail_cases = 16,fault = 88&89&90&91&86&87,
SUCCESS;390:edges = 467,fail_cases = 16,fault = 88&89&90&91&81&86&87,
SUCCESS;391:edges = 468,fail_cases = 16,fault = 88&89&90&91&81&82&86&87,
SUCCESS;392:edges = 469,fail_cases = 16,fault = 88&89&90&91&81&82&83&86&87,
SUCCESS;393:edges = 470,fail_cases = 16,fault = 88&89&90&91&81&82&83&84&86&87,
FAIL;394:edges = 470,fail_cases = 17,fault = 88&89&90&91&92&86&87,
SUCCESS;395:edges = 472,fail_cases = 17,fault = 96,
SUCCESS;396:edges = 473,fail_cases = 17,fault = 96&86,
SUCCESS;397:edges = 474,fail_cases = 17,fault = 96&86&87,
SUCCESS;398:edges = 475,fail_cases = 17,fault = 88&96&86&87,
SUCCESS;399:edges = 476,fail_cases = 17,fault = 88&89&96&86&87,
SUCCESS;400:edges = 477,fail_cases = 17,fault = 88&89&90&96&86&87,
SUCCESS;401:edges = 478,fail_cases = 17,fault = 88&89&90&91&96&86&87,
SUCCESS;402:edges = 480,fail_cases = 17,fault = 96&97,
SUCCESS;403:edges = 481,fail_cases = 17,fault = 96&97&86,
SUCCESS;404:edges = 482,fail_cases = 17,fault = 96&97&86&87,
SUCCESS;405:edges = 483,fail_cases = 17,fault = 88&96&97&86&87,
SUCCESS;406:edges = 484,fail_cases = 17,fault = 88&89&96&97&86&87,
SUCCESS;407:edges = 485,fail_cases = 17,fault = 88&89&90&96&97&86&87,
SUCCESS;408:edges = 486,fail_cases = 17,fault = 88&89&90&91&96&97&86&87,
SUCCESS;409:edges = 488,fail_cases = 17,fault = 96&97&98,
SUCCESS;410:edges = 489,fail_cases = 17,fault = 96&97&86&98,
SUCCESS;411:edges = 490,fail_cases = 17,fault = 96&97&86&98&87,
SUCCESS;412:edges = 491,fail_cases = 17,fault = 88&96&97&86&98&87,
SUCCESS;413:edges = 492,fail_cases = 17,fault = 88&89&96&97&86&98&87,
SUCCESS;414:edges = 493,fail_cases = 17,fault = 88&89&90&96&97&86&98&87,
SUCCESS;415:edges = 494,fail_cases = 17,fault = 88&89&90&91&96&97&86&98&87,
SUCCESS;416:edges = 496,fail_cases = 17,fault = 99&96&97&98,
SUCCESS;417:edges = 497,fail_cases = 17,fault = 99&96&97&86&98,
SUCCESS;418:edges = 498,fail_cases = 17,fault = 99&96&97&86&98&87,
SUCCESS;419:edges = 499,fail_cases = 17,fault = 99&88&96&97&86&98&87,
SUCCESS;420:edges = 500,fail_cases = 17,fault = 99&88&89&96&97&86&98&87,
SUCCESS;421:edges = 501,fail_cases = 17,fault = 99&88&89&90&96&97&86&98&87,
SUCCESS;422:edges = 502,fail_cases = 17,fault = 99&88&89&90&91&96&97&86&98&87,
SUCCESS;423:edges = 504,fail_cases = 17,fault = 99&100&96&97&98,
SUCCESS;424:edges = 505,fail_cases = 17,fault = 99&100&96&97&86&98,
SUCCESS;425:edges = 506,fail_cases = 17,fault = 99&100&96&97&86&98&87,
SUCCESS;426:edges = 507,fail_cases = 17,fault = 99&88&100&96&97&86&98&87,
SUCCESS;427:edges = 508,fail_cases = 17,fault = 99&88&100&89&96&97&86&98&87,
SUCCESS;428:edges = 509,fail_cases = 17,fault = 99&88&100&89&90&96&97&86&98&87,
SUCCESS;429:edges = 510,fail_cases = 17,fault = 99&88&100&89&90&91&96&97&86&98&87,
SUCCESS;430:edges = 512,fail_cases = 17,fault = 99&100&93&96&97&98,
SUCCESS;431:edges = 513,fail_cases = 17,fault = 99&100&93&96&97&86&98,
SUCCESS;432:edges = 514,fail_cases = 17,fault = 99&100&93&96&97&86&98&87,
SUCCESS;433:edges = 515,fail_cases = 17,fault = 99&88&100&93&96&97&86&98&87,
SUCCESS;434:edges = 516,fail_cases = 17,fault = 99&88&100&89&93&96&97&86&98&87,
SUCCESS;435:edges = 517,fail_cases = 17,fault = 99&88&100&89&90&93&96&97&86&98&87,
SUCCESS;436:edges = 518,fail_cases = 17,fault = 99&88&100&89&90&91&93&96&97&86&98&87,
SUCCESS;437:edges = 520,fail_cases = 17,fault = 99&100&93&94&96&97&98,
SUCCESS;438:edges = 521,fail_cases = 17,fault = 99&100&93&94&96&97&86&98,
SUCCESS;439:edges = 522,fail_cases = 17,fault = 99&100&93&94&96&97&86&98&87,
SUCCESS;440:edges = 523,fail_cases = 17,fault = 99&88&100&93&94&96&97&86&98&87,
SUCCESS;441:edges = 524,fail_cases = 17,fault = 99&88&100&89&93&94&96&97&86&98&87,
SUCCESS;442:edges = 525,fail_cases = 17,fault = 99&88&100&89&90&93&94&96&97&86&98&87,
SUCCESS;443:edges = 526,fail_cases = 17,fault = 99&88&89&100&90&91&93&94&96&97&86&98&87,
FAIL;444:edges = 526,fail_cases = 18,fault = 99&100&93&94&95&96&97&98,
SUCCESS;445:edges = 528,fail_cases = 18,fault = 101,
SUCCESS;446:edges = 529,fail_cases = 18,fault = 101&96,
SUCCESS;447:edges = 530,fail_cases = 18,fault = 101&96&97,
SUCCESS;448:edges = 531,fail_cases = 18,fault = 101&96&97&98,
SUCCESS;449:edges = 532,fail_cases = 18,fault = 99&101&96&97&98,
SUCCESS;450:edges = 533,fail_cases = 18,fault = 99&100&101&96&97&98,
SUCCESS;451:edges = 534,fail_cases = 18,fault = 99&100&101&93&96&97&98,
SUCCESS;452:edges = 535,fail_cases = 18,fault = 99&100&101&93&94&96&97&98,
SUCCESS;453:edges = 537,fail_cases = 18,fault = 101&102,
SUCCESS;454:edges = 538,fail_cases = 18,fault = 101&102&96,
SUCCESS;455:edges = 539,fail_cases = 18,fault = 101&102&96&97,
SUCCESS;456:edges = 540,fail_cases = 18,fault = 101&102&96&97&98,
SUCCESS;457:edges = 541,fail_cases = 18,fault = 99&101&102&96&97&98,
SUCCESS;458:edges = 542,fail_cases = 18,fault = 99&100&101&102&96&97&98,
SUCCESS;459:edges = 543,fail_cases = 18,fault = 99&100&101&102&93&96&97&98,
SUCCESS;460:edges = 544,fail_cases = 18,fault = 99&100&101&102&93&94&96&97&98,
SUCCESS;461:edges = 546,fail_cases = 18,fault = 101&102&103,
SUCCESS;462:edges = 547,fail_cases = 18,fault = 101&102&103&96,
SUCCESS;463:edges = 548,fail_cases = 18,fault = 101&102&103&96&97,
SUCCESS;464:edges = 549,fail_cases = 18,fault = 101&102&103&96&97&98,
SUCCESS;465:edges = 550,fail_cases = 18,fault = 99&101&102&103&96&97&98,
SUCCESS;466:edges = 551,fail_cases = 18,fault = 99&100&101&102&103&96&97&98,
SUCCESS;467:edges = 552,fail_cases = 18,fault = 99&100&101&102&103&93&96&97&98,
SUCCESS;468:edges = 553,fail_cases = 18,fault = 99&100&101&102&103&93&94&96&97&98,
SUCCESS;469:edges = 555,fail_cases = 18,fault = 101&102&103&104,
SUCCESS;470:edges = 556,fail_cases = 18,fault = 101&102&103&104&96,
SUCCESS;471:edges = 557,fail_cases = 18,fault = 101&102&103&104&96&97,
SUCCESS;472:edges = 558,fail_cases = 18,fault = 101&102&103&104&96&97&98,
SUCCESS;473:edges = 559,fail_cases = 18,fault = 99&101&102&103&104&96&97&98,
SUCCESS;474:edges = 560,fail_cases = 18,fault = 99&100&101&102&103&104&96&97&98,
SUCCESS;475:edges = 561,fail_cases = 18,fault = 99&100&101&102&103&104&93&96&97&98,
SUCCESS;476:edges = 562,fail_cases = 18,fault = 99&100&101&102&103&104&93&94&96&97&98,
SUCCESS;477:edges = 564,fail_cases = 18,fault = 101&102&103&104&105,
SUCCESS;478:edges = 565,fail_cases = 18,fault = 101&102&103&104&105&96,
SUCCESS;479:edges = 566,fail_cases = 18,fault = 101&102&103&104&105&96&97,
SUCCESS;480:edges = 567,fail_cases = 18,fault = 101&102&103&104&105&96&97&98,
SUCCESS;481:edges = 568,fail_cases = 18,fault = 99&101&102&103&104&105&96&97&98,
SUCCESS;482:edges = 569,fail_cases = 18,fault = 99&100&101&102&103&104&105&96&97&98,
SUCCESS;483:edges = 570,fail_cases = 18,fault = 99&100&101&102&103&104&105&93&96&97&98,
SUCCESS;484:edges = 571,fail_cases = 18,fault = 99&100&101&102&103&104&105&93&94&96&97&98,
FAIL;485:edges = 571,fail_cases = 19,fault = 101&102&103&104&105&106,
SUCCESS;486:edges = 573,fail_cases = 19,fault = 112,
SUCCESS;487:edges = 574,fail_cases = 19,fault = 112&101,
SUCCESS;488:edges = 575,fail_cases = 19,fault = 112&101&102,
SUCCESS;489:edges = 576,fail_cases = 19,fault = 112&101&102&103,
SUCCESS;490:edges = 577,fail_cases = 19,fault = 112&101&102&103&104,
SUCCESS;491:edges = 578,fail_cases = 19,fault = 112&101&102&103&104&105,
SUCCESS;492:edges = 580,fail_cases = 19,fault = 112&107,
SUCCESS;493:edges = 581,fail_cases = 19,fault = 112&101&107,
SUCCESS;494:edges = 582,fail_cases = 19,fault = 112&101&102&107,
SUCCESS;495:edges = 583,fail_cases = 19,fault = 112&101&102&103&107,
SUCCESS;496:edges = 584,fail_cases = 19,fault = 112&101&102&103&104&107,
SUCCESS;497:edges = 585,fail_cases = 19,fault = 112&101&102&103&104&105&107,
SUCCESS;498:edges = 587,fail_cases = 19,fault = 112&107&108,
SUCCESS;499:edges = 588,fail_cases = 19,fault = 112&101&107&108,
SUCCESS;500:edges = 589,fail_cases = 19,fault = 112&101&102&107&108,
SUCCESS;501:edges = 590,fail_cases = 19,fault = 112&101&102&103&107&108,
SUCCESS;502:edges = 591,fail_cases = 19,fault = 112&101&102&103&104&107&108,
SUCCESS;503:edges = 592,fail_cases = 19,fault = 112&101&102&103&104&105&107&108,
SUCCESS;504:edges = 594,fail_cases = 19,fault = 112&107&108&109,
SUCCESS;505:edges = 595,fail_cases = 19,fault = 112&101&107&108&109,
SUCCESS;506:edges = 596,fail_cases = 19,fault = 112&101&102&107&108&109,
SUCCESS;507:edges = 597,fail_cases = 19,fault = 112&101&102&103&107&108&109,
SUCCESS;508:edges = 598,fail_cases = 19,fault = 112&101&102&103&104&107&108&109,
SUCCESS;509:edges = 599,fail_cases = 19,fault = 112&101&102&103&104&105&107&108&109,
SUCCESS;510:edges = 601,fail_cases = 19,fault = 110&112&107&108&109,
SUCCESS;511:edges = 602,fail_cases = 19,fault = 110&112&101&107&108&109,
SUCCESS;512:edges = 603,fail_cases = 19,fault = 110&112&101&102&107&108&109,
SUCCESS;513:edges = 604,fail_cases = 19,fault = 110&112&101&102&103&107&108&109,
SUCCESS;514:edges = 605,fail_cases = 19,fault = 110&112&101&102&103&104&107&108&109,
SUCCESS;515:edges = 606,fail_cases = 19,fault = 110&112&101&102&103&104&105&107&108&109,
FAIL;516:edges = 606,fail_cases = 20,fault = 110&111&112&107&108&109,
SUCCESS;517:edges = 607,fail_cases = 20,fault = 113,
SUCCESS;518:edges = 608,fail_cases = 20,fault = 112&113,
SUCCESS;519:edges = 609,fail_cases = 20,fault = 112&113&107,
SUCCESS;520:edges = 610,fail_cases = 20,fault = 112&113&107&108,
SUCCESS;521:edges = 611,fail_cases = 20,fault = 112&113&107&108&109,
SUCCESS;522:edges = 612,fail_cases = 20,fault = 110&112&113&107&108&109,
SUCCESS;523:edges = 613,fail_cases = 20,fault = 113&114,
SUCCESS;524:edges = 614,fail_cases = 20,fault = 112&113&114,
SUCCESS;525:edges = 615,fail_cases = 20,fault = 112&113&114&107,
SUCCESS;526:edges = 616,fail_cases = 20,fault = 112&113&114&107&108,
SUCCESS;527:edges = 617,fail_cases = 20,fault = 112&113&114&107&108&109,
SUCCESS;528:edges = 618,fail_cases = 20,fault = 110&112&113&114&107&108&109,
SUCCESS;529:edges = 619,fail_cases = 20,fault = 113&114&115,
SUCCESS;530:edges = 620,fail_cases = 20,fault = 112&113&114&115,
SUCCESS;531:edges = 621,fail_cases = 20,fault = 112&113&114&115&107,
SUCCESS;532:edges = 622,fail_cases = 20,fault = 112&113&114&115&107&108,
SUCCESS;533:edges = 623,fail_cases = 20,fault = 112&113&114&115&107&108&109,
SUCCESS;534:edges = 624,fail_cases = 20,fault = 110&112&113&114&115&107&108&109,
FAIL;535:edges = 624,fail_cases = 21,fault = 113&114&115&116,