SUCCESS;0:edges = 13,fail_cases = 0,fault = ,
SUCCESS;1:edges = 14,fail_cases = 0,fault = 1,
FAIL;2:edges = 14,fail_cases = 1,fault = 1&2,
SUCCESS;3:edges = 16,fail_cases = 1,fault = 3,
SUCCESS;4:edges = 17,fail_cases = 1,fault = 1&3,
SUCCESS;5:edges = 19,fail_cases = 1,fault = 3&4,
SUCCESS;6:edges = 20,fail_cases = 1,fault = 1&3&4,
SUCCESS;7:edges = 22,fail_cases = 1,fault = 3&4&5,
SUCCESS;8:edges = 23,fail_cases = 1,fault = 1&3&4&5,
SUCCESS;9:edges = 25,fail_cases = 1,fault = 3&4&5&6,
SUCCESS;10:edges = 26,fail_cases = 1,fault = 1&3&4&5&6,
SUCCESS;11:edges = 28,fail_cases = 1,fault = 3&4&5&6&7,
SUCCESS;12:edges = 29,fail_cases = 1,fault = 1&3&4&5&6&7,
SUCCESS;13:edges = 31,fail_cases = 1,fault = 3&4&5&6&7&8,
SUCCESS;14:edges = 32,fail_cases = 1,fault = 1&3&4&5&6&7&8,
FAIL;15:edges = 32,fail_cases = 2,fault = 3&4&5&6&7&8&9,
SUCCESS;16:edges = 34,fail_cases = 2,fault = 10,
SUCCESS;17:edges = 35,fail_cases = 2,fault = 3&10,
SUCCESS;18:edges = 36,fail_cases = 2,fault = 3&4&10,
SUCCESS;19:edges = 37,fail_cases = 2,fault = 3&4&5&10,
SUCCESS;20:edges = 38,fail_cases = 2,fault = 3&4&5&6&10,
SUCCESS;21:edges = 39,fail_cases = 2,fault = 3&4&5&6&7&10,
SUCCESS;22:edges = 40,fail_cases = 2,fault = 3&4&5&6&7&8&10,
SUCCESS;23:edges = 42,fail_cases = 2,fault = 11&10,
SUCCESS;24:edges = 43,fail_cases = 2,fault = 11&3&10,
SUCCESS;25:edges = 44,fail_cases = 2,fault = 11&3&4&10,
SUCCESS;26:edges = 45,fail_cases = 2,fault = 11&3&4&5&10,
SUCCESS;27:edges = 46,fail_cases = 2,fault = 11&3&4&5&6&10,
SUCCESS;28:edges = 47,fail_cases = 2,fault = 11&3&4&5&6&7&10,
SUCCESS;29:edges = 48,fail_cases = 2,fault = 11&3&4&5&6&7&8&10,
FAIL;30:edges = 48,fail_cases = 3,fault = 11&12&10,
SUCCESS;31:edges = 50,fail_cases = 3,fault = 16,
SUCCESS;32:edges = 51,fail_cases = 3,fault = 16&10,
SUCCESS;33:edges = 52,fail_cases = 3,fault = 11&16&10,
SUCCESS;34:edges = 54,fail_cases = 3,fault = 16&17,
SUCCESS;35:edges = 55,fail_cases = 3,fault = 16&17&10,
SUCCESS;36:edges = 56,fail_cases = 3,fault = 11&16&17&10,
SUCCESS;37:edges = 58,fail_cases = 3,fault = 16&17&18,
SUCCESS;38:edges = 59,fail_cases = 3,fault = 16&17&18&10,
SUCCESS;39:edges = 60,fail_cases = 3,fault = 11&16&17&18&10,
SUCCESS;40:edges = 62,fail_cases = 3,fault = 13&16&17&18,
SUCCESS;41:edges = 63,fail_cases = 3,fault = 13&16&17&18&10,
SUCCESS;42:edges = 64,fail_cases = 3,fault = 11&13&16&17&18&10,
SUCCESS;43:edges = 66,fail_cases = 3,fault = 13&14&16&17&18,
SUCCESS;44:edges = 67,fail_cases = 3,fault = 13&14&16&17&18&10,
SUCCESS;45:edges = 68,fail_cases = 3,fault = 11&13&14&16&17&18&10,
FAIL;46:edges = 68,fail_cases = 4,fault = 13&14&15&16&17&18,
SUCCESS;47:edges = 70,fail_cases = 4,fault = 19,
SUCCESS;48:edges = 71,fail_cases = 4,fault = 16&19,
SUCCESS;49:edges = 72,fail_cases = 4,fault = 16&17&19,
SUCCESS;50:edges = 73,fail_cases = 4,fault = 16&17&18&19,
SUCCESS;51:edges = 74,fail_cases = 4,fault = 13&16&17&18&19,
SUCCESS;52:edges = 75,fail_cases = 4,fault = 13&14&16&17&18&19,
SUCCESS;53:edges = 77,fail_cases = 4,fault = 19&20,
SUCCESS;54:edges = 78,fail_cases = 4,fault = 16&19&20,
SUCCESS;55:edges = 79,fail_cases = 4,fault = 16&17&19&20,
SUCCESS;56:edges = 80,fail_cases = 4,fault = 16&17&18&19&20,
SUCCESS;57:edges = 81,fail_cases = 4,fault = 13&16&17&18&19&20,
SUCCESS;58:edges = 82,fail_cases = 4,fault = 13&14&16&17&18&19&20,
SUCCESS;59:edges = 84,fail_cases = 4,fault = 19&20&21,
SUCCESS;60:edges = 85,fail_cases = 4,fault = 16&19&20&21,
SUCCESS;61:edges = 86,fail_cases = 4,fault = 16&17&19&20&21,
SUCCESS;62:edges = 87,fail_cases = 4,fault = 16&17&18&19&20&21,
SUCCESS;63:edges = 88,fail_cases = 4,fault = 13&16&17&18&19&20&21,
SUCCESS;64:edges = 89,fail_cases = 4,fault = 13&14&16&17&18&19&20&21,
SUCCESS;65:edges = 91,fail_cases = 4,fault = 22&19&20&21,
SUCCESS;66:edges = 92,fail_cases = 4,fault = 22&16&19&20&21,
SUCCESS;67:edges = 93,fail_cases = 4,fault = 22&16&17&19&20&21,
SUCCESS;68:edges = 94,fail_cases = 4,fault = 22&16&17&18&19&20&21,
SUCCESS;69:edges = 95,fail_cases = 4,fault = 22&13&16&17&18&19&20&21,
SUCCESS;70:edges = 96,fail_cases = 4,fault = 22&13&14&16&17&18&19&20&21,
SUCCESS;71:edges = 98,fail_cases = 4,fault = 22&23&19&20&21,
SUCCESS;72:edges = 99,fail_cases = 4,fault = 22&23&16&19&20&21,
SUCCESS;73:edges = 100,fail_cases = 4,fault = 22&23&16&17&19&20&21,
SUCCESS;74:edges = 101,fail_cases = 4,fault = 22&23&16&17&18&19&20&21,
SUCCESS;75:edges = 102,fail_cases = 4,fault = 22&23&13&16&17&18&19&20&21,
SUCCESS;76:edges = 103,fail_cases = 4,fault = 22&23&13&14&16&17&18&19&20&21,
SUCCESS;77:edges = 105,fail_cases = 4,fault = 22&23&24&19&20&21,
SUCCESS;78:edges = 106,fail_cases = 4,fault = 22&23&24&16&19&20&21,
SUCCESS;79:edges = 107,fail_cases = 4,fault = 22&23&24&16&17&19&20&21,
SUCCESS;80:edges = 108,fail_cases = 4,fault = 22&23&24&16&17&18&19&20&21,
SUCCESS;81:edges = 109,fail_cases = 4,fault = 22&23&24&13&16&17&18&19&20&21,
SUCCESS;82:edges = 110,fail_cases = 4,fault = 22&23&24&13&14&16&17&18&19&20&21,
SUCCESS;83:edges = 112,fail_cases = 4,fault = 22&23&24&25&19&20&21,
SUCCESS;84:edges = 113,fail_cases = 4,fault = 22&23&24&25&16&19&20&21,
SUCCESS;85:edges = 114,fail_cases = 4,fault = 22&23&24&25&16&17&19&20&21,
SUCCESS;86:edges = 115,fail_cases = 4,fault = 22&23&24&25&16&17&18&19&20&21,
SUCCESS;87:edges = 116,fail_cases = 4,fault = 22&23&24&13&25&16&17&18&19&20&21,
SUCCESS;88:edges = 117,fail_cases = 4,fault = 22&23&24&13&25&14&16&17&18&19&20&21,
FAIL;89:edges = 117,fail_cases = 5,fault = 22&23&24&25&26&19&20&21,
SUCCESS;90:edges = 119,fail_cases = 5,fault = 32,
SUCCESS;91:edges = 120,fail_cases = 5,fault = 19&32,
SUCCESS;92:edges = 121,fail_cases = 5,fault = 19&20&32,
SUCCESS;93:edges = 122,fail_cases = 5,fault = 19&20&32&21,
SUCCESS;94:edges = 123,fail_cases = 5,fault = 22&19&20&32&21,
SUCCESS;95:edges = 124,fail_cases = 5,fault = 22&23&19&20&32&21,
SUCCESS;96:edges = 125,fail_cases = 5,fault = 22&23&24&19&20&32&21,
SUCCESS;97:edges = 126,fail_cases = 5,fault = 22&23&24&25&19&20&32&21,
SUCCESS;98:edges = 128,fail_cases = 5,fault = 33&32,
SUCCESS;99:edges = 129,fail_cases = 5,fault = 33&19&32,
SUCCESS;100:edges = 130,fail_cases = 5,fault = 33&19&20&32,
SUCCESS;101:edges = 131,fail_cases = 5,fault = 33&19&20&32&21,
SUCCESS;102:edges = 132,fail_cases = 5,fault = 33&22&19&20&32&21,
SUCCESS;103:edges = 133,fail_cases = 5,fault = 33&22&23&19&20&32&21,
SUCCESS;104:edges = 134,fail_cases = 5,fault = 33&22&23&24&19&20&32&21,
SUCCESS;105:edges = 135,fail_cases = 5,fault = 33&22&23&24&25&19&20&32&21,
SUCCESS;106:edges = 137,fail_cases = 5,fault = 33&27&32,
SUCCESS;107:edges = 138,fail_cases = 5,fault = 33&27&19&32,
SUCCESS;108:edges = 139,fail_cases = 5,fault = 33&27&19&20&32,
SUCCESS;109:edges = 140,fail_cases = 5,fault = 33&27&19&20&32&21,
SUCCESS;110:edges = 141,fail_cases = 5,fault = 33&22&27&19&20&32&21,
SUCCESS;111:edges = 142,fail_cases = 5,fault = 33&22&23&27&19&20&32&21,
SUCCESS;112:edges = 143,fail_cases = 5,fault = 33&22&23&24&27&19&20&32&21,
SUCCESS;113:edges = 144,fail_cases = 5,fault = 33&22&23&24&25&27&19&20&32&21,
SUCCESS;114:edges = 146,fail_cases = 5,fault = 33&27&28&32,
SUCCESS;115:edges = 147,fail_cases = 5,fault = 33&27&28&19&32,
SUCCESS;116:edges = 148,fail_cases = 5,fault = 33&27&28&19&20&32,
SUCCESS;117:edges = 149,fail_cases = 5,fault = 33&27&28&19&20&32&21,
SUCCESS;118:edges = 150,fail_cases = 5,fault = 33&22&27&28&19&20&32&21,
SUCCESS;119:edges = 151,fail_cases = 5,fault = 33&22&23&27&28&19&20&32&21,
SUCCESS;120:edges = 152,fail_cases = 5,fault = 33&22&23&24&27&28&19&20&32&21,
SUCCESS;121:edges = 153,fail_cases = 5,fault = 33&22&23&24&25&27&28&19&20&32&21,
SUCCESS;122:edges = 155,fail_cases = 5,fault = 33&27&28&29&32,
SUCCESS;123:edges = 156,fail_cases = 5,fault = 33&27&28&29&19&32,
SUCCESS;124:edges = 157,fail_cases = 5,fault = 33&27&28&29&19&20&32,
SUCCESS;125:edges = 158,fail_cases = 5,fault = 33&27&28&29&19&20&32&21,
SUCCESS;126:edges = 159,fail_cases = 5,fault = 33&22&27&28&29&19&20&32&21,
SUCCESS;127:edges = 160,fail_cases = 5,fault = 33&22&23&27&28&29&19&20&32&21,
SUCCESS;128:edges = 161,fail_cases = 5,fault = 33&22&23&24&27&28&29&19&20&32&21,
SUCCESS;129:edges = 162,fail_cases = 5,fault = 33&22&23&24&25&27&28&29&19&20&32&21,
SUCCESS;130:edges = 164,fail_cases = 5,fault = 33&27&28&29&30&32,
SUCCESS;131:edges = 165,fail_cases = 5,fault = 33&27&28&29&19&30&32,
SUCCESS;132:edges = 166,fail_cases = 5,fault = 33&27&28&29&19&30&20&32,
SUCCESS;133:edges = 167,fail_cases = 5,fault = 33&27&28&29&19&30&20&32&21,
SUCCESS;134:edges = 168,fail_cases = 5,fault = 33&22&27&28&29&19&30&20&32&21,
SUCCESS;135:edges = 169,fail_cases = 5,fault = 33&22&23&27&28&29&19&30&20&32&21,
SUCCESS;136:edges = 170,fail_cases = 5,fault = 33&22&23&24&27&28&29&19&30&20&32&21,
SUCCESS;137:edges = 171,fail_cases = 5,fault = 33&22&23&24&25&27&28&29&19&30&20&32&21,
FAIL;138:edges = 171,fail_cases = 6,fault = 33&27&28&29&30&31&32,
SUCCESS;139:edges = 173,fail_cases = 6,fault = 34,
SUCCESS;140:edges = 174,fail_cases = 6,fault = 34&32,
SUCCESS;141:edges = 175,fail_cases = 6,fault = 33&34&32,
SUCCESS;142:edges = 176,fail_cases = 6,fault = 33&34&27&32,
SUCCESS;143:edges = 177,fail_cases = 6,fault = 33&34&27&28&32,
SUCCESS;144:edges = 178,fail_cases = 6,fault = 33&34&27&28&29&32,
SUCCESS;145:edges = 179,fail_cases = 6,fault = 33&34&27&28&29&30&32,
SUCCESS;146:edges = 181,fail_cases = 6,fault = 34&35,
SUCCESS;147:edges = 182,fail_cases = 6,fault = 34&35&32,
SUCCESS;148:edges = 183,fail_cases = 6,fault = 33&34&35&32,
SUCCESS;149:edges = 184,fail_cases = 6,fault = 33&34&35&27&32,
SUCCESS;150:edges = 185,fail_cases = 6,fault = 33&34&35&27&28&32,
SUCCESS;151:edges = 186,fail_cases = 6,fault = 33&34&35&27&28&29&32,
SUCCESS;152:edges = 187,fail_cases = 6,fault = 33&34&35&27&28&29&30&32,
FAIL;153:edges = 187,fail_cases = 7,fault = 34&35&36,
SUCCESS;154:edges = 189,fail_cases = 7,fault = 37,
SUCCESS;155:edges = 190,fail_cases = 7,fault = 34&37,
SUCCESS;156:edges = 191,fail_cases = 7,fault = 34&35&37,
SUCCESS;157:edges = 193,fail_cases = 7,fault = 37&38,
SUCCESS;158:edges = 194,fail_cases = 7,fault = 34&37&38,
SUCCESS;159:edges = 195,fail_cases = 7,fault = 34&35&37&38,
SUCCESS;160:edges = 197,fail_cases = 7,fault = 37&38&39,
SUCCESS;161:edges = 198,fail_cases = 7,fault = 34&37&38&39,
SUCCESS;162:edges = 199,fail_cases = 7,fault = 34&35&37&38&39,
FAIL;163:edges = 199,fail_cases = 8,fault = 37&38&39&40,
SUCCESS;164:edges = 201,fail_cases = 8,fault = 41,
SUCCESS;165:edges = 202,fail_cases = 8,fault = 37&41,
SUCCESS;166:edges = 203,fail_cases = 8,fault = 37&38&41,
SUCCESS;167:edges = 204,fail_cases = 8,fault = 37&38&39&41,
SUCCESS;168:edges = 206,fail_cases = 8,fault = 41&42,
SUCCESS;169:edges = 207,fail_cases = 8,fault = 37&41&42,
SUCCESS;170:edges = 208,fail_cases = 8,fault = 37&38&41&42,
SUCCESS;171:edges = 209,fail_cases = 8,fault = 37&38&39&41&42,
SUCCESS;172:edges = 211,fail_cases = 8,fault = 41&42&43,
SUCCESS;173:edges = 212,fail_cases = 8,fault = 37&41&42&43,
SUCCESS;174:edges = 213,fail_cases = 8,fault = 37&38&41&42&43,
SUCCESS;175:edges = 214,fail_cases = 8,fault = 37&38&39&41&42&43,
FAIL;176:edges = 214,fail_cases = 9,fault = 44&41&42&43,
SUCCESS;177:edges = 216,fail_cases = 9,fault = 48,
SUCCESS;178:edges = 217,fail_cases = 9,fault = 48&41,
SUCCESS;179:edges = 218,fail_cases = 9,fault = 48&41&42,
SUCCESS;180:edges = 219,fail_cases = 9,fault = 48&41&42&43,
SUCCESS;181:edges = 221,fail_cases = 9,fault = 48&49,
SUCCESS;182:edges = 222,fail_cases = 9,fault = 48&49&41,
SUCCESS;183:edges = 223,fail_cases = 9,fault = 48&49&41&42,
SUCCESS;184:edges = 224,fail_cases = 9,fault = 48&49&41&42&43,
SUCCESS;185:edges = 226,fail_cases = 9,fault = 48&49&50,
SUCCESS;186:edges = 227,fail_cases = 9,fault = 48&49&50&41,
SUCCESS;187:edges = 228,fail_cases = 9,fault = 48&49&50&41&42,
SUCCESS;188:edges = 229,fail_cases = 9,fault = 48&49&50&41&42&43,
SUCCESS;189:edges = 231,fail_cases = 9,fault = 48&49&50&51,
SUCCESS;190:edges = 232,fail_cases = 9,fault = 48&49&50&51&41,
SUCCESS;191:edges = 233,fail_cases = 9,fault = 48&49&50&51&41&42,
SUCCESS;192:edges = 234,fail_cases = 9,fault = 48&49&50&51&41&42&43,
SUCCESS;193:edges = 236,fail_cases = 9,fault = 48&49&50&51&52,
SUCCESS;194:edges = 237,fail_cases = 9,fault = 48&49&50&51&52&41,
SUCCESS;195:edges = 238,fail_cases = 9,fault = 48&49&50&51&52&41&42,
SUCCESS;196:edges = 239,fail_cases = 9,fault = 48&49&50&51&52&41&42&43,
SUCCESS;197:edges = 241,fail_cases = 9,fault = 45&48&49&50&51&52,
SUCCESS;198:edges = 242,fail_cases = 9,fault = 45&48&49&50&51&52&41,
SUCCESS;199:edges = 243,fail_cases = 9,fault = 45&48&49&50&51&52&41&42,
SUCCESS;200:edges = 244,fail_cases = 9,fault = 45&48&49&50&51&52&41&42&43,
SUCCESS;201:edges = 246,fail_cases = 9,fault = 45&46&48&49&50&51&52,
SUCCESS;202:edges = 247,fail_cases = 9,fault = 45&46&48&49&50&51&52&41,
SUCCESS;203:edges = 248,fail_cases = 9,fault = 45&46&48&49&50&51&52&41&42,
SUCCESS;204:edges = 249,fail_cases = 9,fault = 45&46&48&49&50&51&52&41&42&43,
FAIL;205:edges = 249,fail_cases = 10,fault = 45&46&47&48&49&50&51&52,
SUCCESS;206:edges = 251,fail_cases = 10,fault = 53,
SUCCESS;207:edges = 252,fail_cases = 10,fault = 48&53,
SUCCESS;208:edges = 253,fail_cases = 10,fault = 48&49&53,
SUCCESS;209:edges = 254,fail_cases = 10,fault = 48&49&50&53,
SUCCESS;210:edges = 255,fail_cases = 10,fault = 48&49&50&51&53,
SUCCESS;211:edges = 256,fail_cases = 10,fault = 48&49&50&51&52&53,
SUCCESS;212:edges = 257,fail_cases = 10,fault = 45&48&49&50&51&52&53,
SUCCESS;213:edges = 258,fail_cases = 10,fault = 45&46&48&49&50&51&52&53,
FAIL;214:edges = 258,fail_cases = 11,fault = 53&54,
SUCCESS;215:edges = 260,fail_cases = 11,fault = 55,
SUCCESS;216:edges = 261,fail_cases = 11,fault = 55&53,
FAIL;217:edges = 261,fail_cases = 12,fault = 55&56,
SUCCESS;218:edges = 263,fail_cases = 12,fault = 57,
SUCCESS;219:edges = 264,fail_cases = 12,fault = 55&57,
SUCCESS;220:edges = 266,fail_cases = 12,fault = 57&58,
SUCCESS;221:edges = 267,fail_cases = 12,fault = 55&57&58,
SUCCESS;222:edges = 269,fail_cases = 12,fault = 57&58&59,
SUCCESS;223:edges = 270,fail_cases = 12,fault = 55&57&58&59,
SUCCESS;224:edges = 272,fail_cases = 12,fault = 57&58&59&60,
SUCCESS;225:edges = 273,fail_cases = 12,fault = 55&57&58&59&60,
SUCCESS;226:edges = 275,fail_cases = 12,fault = 57&58&59&60&61,
SUCCESS;227:edges = 276,fail_cases = 12,fault = 55&57&58&59&60&61,
FAIL;228:edges = 276,fail_cases = 13,fault = 57&58&59&60&61&62,
SUCCESS;229:edges = 277,fail_cases = 13,fault = 64,
SUCCESS;230:edges = 278,fail_cases = 13,fault = 57&64,
SUCCESS;231:edges = 279,fail_cases = 13,fault = 57&58&64,
SUCCESS;232:edges = 280,fail_cases = 13,fault = 57&58&59&64,
SUCCESS;233:edges = 281,fail_cases = 13,fault = 57&58&59&60&64,
SUCCESS;234:edges = 282,fail_cases = 13,fault = 57&58&59&60&61&64,
SUCCESS;235:edges = 283,fail_cases = 13,fault = 64&65,
SUCCESS;236:edges = 284,fail_cases = 13,fault = 57&64&65,
SUCCESS;237:edges = 285,fail_cases = 13,fault = 57&58&64&65,
SUCCESS;238:edges = 286,fail_cases = 13,fault = 57&58&59&64&65,
SUCCESS;239:edges = 287,fail_cases = 13,fault = 57&58&59&60&64&65,
SUCCESS;240:edges = 288,fail_cases = 13,fault = 57&58&59&60&61&64&65,
SUCCESS;241:edges = 289,fail_cases = 13,fault = 66&64&65,
SUCCESS;242:edges = 290,fail_cases = 13,fault = 66&57&64&65,
SUCCESS;243:edges = 291,fail_cases = 13,fault = 66&57&58&64&65,
SUCCESS;244:edges = 292,fail_cases = 13,fault = 66&57&58&59&64&65,
SUCCESS;245:edges = 293,fail_cases = 13,fault = 66&57&58&59&60&64&65,
SUCCESS;246:edges = 294,fail_cases = 13,fault = 66&57&58&59&60&61&64&65,
SUCCESS;247:edges = 295,fail_cases = 13,fault = 66&67&64&65,
SUCCESS;248:edges = 296,fail_cases = 13,fault = 66&67&57&64&65,
SUCCESS;249:edges = 297,fail_cases = 13,fault = 66&67&57&58&64&65,
SUCCESS;250:edges = 298,fail_cases = 13,fault = 66&67&57&58&59&64&65,
SUCCESS;251:edges = 299,fail_cases = 13,fault = 66&67&57&58&59&60&64&65,
SUCCESS;252:edges = 300,fail_cases = 13,fault = 66&67&57&58&59&60&61&64&65,
SUCCESS;253:edges = 301,fail_cases = 13,fault = 66&67&68&64&65,
SUCCESS;254:edges = 302,fail_cases = 13,fault = 66&67&68&57&64&65,
SUCCESS;255:edges = 303,fail_cases = 13,fault = 66&67&68&57&58&64&65,
SUCCESS;256:edges = 304,fail_cases = 13,fault = 66&67&68&57&58&59&64&65,
SUCCESS;257:edges = 305,fail_cases = 13,fault = 66&67&68&57&58&59&60&64&65,
SUCCESS;258:edges = 306,fail_cases = 13,fault = 66&67&68&57&58&59&60&61&64&65,
SUCCESS;259:edges = 307,fail_cases = 13,fault = 66&67&68&69&64&65,
SUCCESS;260:edges = 308,fail_cases = 13,fault = 66&67&68&57&69&64&65,
SUCCESS;261:edges = 309,fail_cases = 13,fault = 66&67&68&57&69&58&64&65,
SUCCESS;262:edges = 310,fail_cases = 13,fault = 66&67&68&57&69&58&59&64&65,
SUCCESS;263:edges = 311,fail_cases = 13,fault = 66&67&68&57&69&58&59&60&64&65,
SUCCESS;264:edges = 312,fail_cases = 13,fault = 66&67&68&57&69&58&59&60&61&64&65,
SUCCESS;265:edges = 313,fail_cases = 13,fault = 66&67&68&69&70&64&65,
SUCCESS;266:edges = 314,fail_cases = 13,fault = 66&67&68&57&69&70&64&65,
SUCCESS;267:edges = 315,fail_cases = 13,fault = 66&67&68&57&69&58&70&64&65,
SUCCESS;268:edges = 316,fail_cases = 13,fault = 66&67&68&57&69&58&59&70&64&65,
SUCCESS;269:edges = 317,fail_cases = 13,fault = 66&67&68&57&69&58&59&70&60&64&65,
SUCCESS;270:edges = 318,fail_cases = 13,fault = 66&67&68&57&69&58&59&70&60&61&64&65,
FAIL;271:edges = 318,fail_cases = 14,fault = 66&67&68&69&70&63&64&65,