SUCCESS;0:edges = 15,fail_cases = 0,fault = ,
SUCCESS;1:edges = 16,fail_cases = 0,fault = 1,
SUCCESS;2:edges = 17,fail_cases = 0,fault = 1&2,
FAIL;3:edges = 17,fail_cases = 1,fault = 1&2&3,
SUCCESS;4:edges = 19,fail_cases = 1,fault = 4,
SUCCESS;5:edges = 20,fail_cases = 1,fault = 1&4,
SUCCESS;6:edges = 21,fail_cases = 1,fault = 1&2&4,
SUCCESS;7:edges = 23,fail_cases = 1,fault = 4&5,
SUCCESS;8:edges = 24,fail_cases = 1,fault = 1&4&5,
SUCCESS;9:edges = 25,fail_cases = 1,fault = 1&2&4&5,
SUCCESS;10:edges = 27,fail_cases = 1,fault = 4&5&6,
SUCCESS;11:edges = 28,fail_cases = 1,fault = 1&4&5&6,
SUCCESS;12:edges = 29,fail_cases = 1,fault = 1&2&4&5&6,
SUCCESS;13:edges = 31,fail_cases = 1,fault = 4&5&6&7,
SUCCESS;14:edges = 32,fail_cases = 1,fault = 1&4&5&6&7,
SUCCESS;15:edges = 33,fail_cases = 1,fault = 1&2&4&5&6&7,
SUCCESS;16:edges = 35,fail_cases = 1,fault = 4&5&6&7&8,
SUCCESS;17:edges = 36,fail_cases = 1,fault = 1&4&5&6&7&8,
SUCCESS;18:edges = 37,fail_cases = 1,fault = 1&2&4&5&6&7&8,
FAIL;19:edges = 37,fail_cases = 2,fault = 4&5&6&7&8&9,
SUCCESS;20:edges = 39,fail_cases = 2,fault = 10,
SUCCESS;21:edges = 40,fail_cases = 2,fault = 4&10,
SUCCESS;22:edges = 41,fail_cases = 2,fault = 4&5&10,
SUCCESS;23:edges = 42,fail_cases = 2,fault = 4&5&6&10,
SUCCESS;24:edges = 43,fail_cases = 2,fault = 4&5&6&7&10,
SUCCESS;25:edges = 44,fail_cases = 2,fault = 4&5&6&7&8&10,
SUCCESS;26:edges = 46,fail_cases = 2,fault = 11&10,
SUCCESS;27:edges = 47,fail_cases = 2,fault = 11&4&10,
SUCCESS;28:edges = 48,fail_cases = 2,fault = 11&4&5&10,
SUCCESS;29:edges = 49,fail_cases = 2,fault = 11&4&5&6&10,
SUCCESS;30:edges = 50,fail_cases = 2,fault = 11&4&5&6&7&10,
SUCCESS;31:edges = 51,fail_cases = 2,fault = 11&4&5&6&7&8&10,
SUCCESS;32:edges = 53,fail_cases = 2,fault = 11&12&10,
SUCCESS;33:edges = 54,fail_cases = 2,fault = 11&12&4&10,
SUCCESS;34:edges = 55,fail_cases = 2,fault = 11&12&4&5&10,
SUCCESS;35:edges = 56,fail_cases = 2,fault = 11&12&4&5&6&10,
SUCCESS;36:edges = 57,fail_cases = 2,fault = 11&12&4&5&6&7&10,
SUCCESS;37:edges = 58,fail_cases = 2,fault = 11&12&4&5&6&7&8&10,
FAIL;38:edges = 58,fail_cases = 3,fault = 11&12&13&10,
SUCCESS;39:edges = 60,fail_cases = 3,fault = 16,
SUCCESS;40:edges = 61,fail_cases = 3,fault = 16&10,
SUCCESS;41:edges = 62,fail_cases = 3,fault = 11&16&10,
SUCCESS;42:edges = 63,fail_cases = 3,fault = 11&12&16&10,
SUCCESS;43:edges = 65,fail_cases = 3,fault = 16&17,
SUCCESS;44:edges = 66,fail_cases = 3,fault = 16&17&10,
SUCCESS;45:edges = 67,fail_cases = 3,fault = 11&16&17&10,
SUCCESS;46:edges = 68,fail_cases = 3,fault = 11&12&16&17&10,
SUCCESS;47:edges = 70,fail_cases = 3,fault = 16&17&18,
SUCCESS;48:edges = 71,fail_cases = 3,fault = 16&17&18&10,
SUCCESS;49:edges = 72,fail_cases = 3,fault = 11&16&17&18&10,
SUCCESS;50:edges = 73,fail_cases = 3,fault = 11&12&16&17&18&10,
SUCCESS;51:edges = 75,fail_cases = 3,fault = 16&17&18&19,
SUCCESS;52:edges = 76,fail_cases = 3,fault = 16&17&18&19&10,
SUCCESS;53:edges = 77,fail_cases = 3,fault = 11&16&17&18&19&10,
SUCCESS;54:edges = 78,fail_cases = 3,fault = 11&12&16&17&18&19&10,
SUCCESS;55:edges = 80,fail_cases = 3,fault = 16&17&18&19&20,
SUCCESS;56:edges = 81,fail_cases = 3,fault = 16&17&18&19&20&10,
SUCCESS;57:edges = 82,fail_cases = 3,fault = 11&16&17&18&19&20&10,
SUCCESS;58:edges = 83,fail_cases = 3,fault = 11&12&16&17&18&19&20&10,
SUCCESS;59:edges = 85,fail_cases = 3,fault = 14&16&17&18&19&20,
SUCCESS;60:edges = 86,fail_cases = 3,fault = 14&16&17&18&19&20&10,
SUCCESS;61:edges = 87,fail_cases = 3,fault = 11&14&16&17&18&19&20&10,
SUCCESS;62:edges = 88,fail_cases = 3,fault = 11&12&14&16&17&18&19&20&10,
FAIL;63:edges = 88,fail_cases = 4,fault = 14&15&16&17&18&19&20,
SUCCESS;64:edges = 90,fail_cases = 4,fault = 21,
SUCCESS;65:edges = 91,fail_cases = 4,fault = 16&21,
SUCCESS;66:edges = 92,fail_cases = 4,fault = 16&17&21,
SUCCESS;67:edges = 93,fail_cases = 4,fault = 16&17&18&21,
SUCCESS;68:edges = 94,fail_cases = 4,fault = 16&17&18&19&21,
SUCCESS;69:edges = 95,fail_cases = 4,fault = 16&17&18&19&20&21,
SUCCESS;70:edges = 96,fail_cases = 4,fault = 14&16&17&18&19&20&21,
SUCCESS;71:edges = 98,fail_cases = 4,fault = 22&21,
SUCCESS;72:edges = 99,fail_cases = 4,fault = 22&16&21,
SUCCESS;73:edges = 100,fail_cases = 4,fault = 22&16&17&21,
SUCCESS;74:edges = 101,fail_cases = 4,fault = 22&16&17&18&21,
SUCCESS;75:edges = 102,fail_cases = 4,fault = 22&16&17&18&19&21,
SUCCESS;76:edges = 103,fail_cases = 4,fault = 22&16&17&18&19&20&21,
SUCCESS;77:edges = 104,fail_cases = 4,fault = 22&14&16&17&18&19&20&21,
SUCCESS;78:edges = 106,fail_cases = 4,fault = 22&23&21,
SUCCESS;79:edges = 107,fail_cases = 4,fault = 22&23&16&21,
SUCCESS;80:edges = 108,fail_cases = 4,fault = 22&23&16&17&21,
SUCCESS;81:edges = 109,fail_cases = 4,fault = 22&23&16&17&18&21,
SUCCESS;82:edges = 110,fail_cases = 4,fault = 22&23&16&17&18&19&21,
SUCCESS;83:edges = 111,fail_cases = 4,fault = 22&23&16&17&18&19&20&21,
SUCCESS;84:edges = 112,fail_cases = 4,fault = 22&23&14&16&17&18&19&20&21,
FAIL;85:edges = 112,fail_cases = 5,fault = 22&23&24&21,
SUCCESS;86:edges = 114,fail_cases = 5,fault = 32,
SUCCESS;87:edges = 115,fail_cases = 5,fault = 32&21,
SUCCESS;88:edges = 116,fail_cases = 5,fault = 22&32&21,
SUCCESS;89:edges = 117,fail_cases = 5,fault = 22&23&32&21,
SUCCESS;90:edges = 119,fail_cases = 5,fault = 25&32,
SUCCESS;91:edges = 120,fail_cases = 5,fault = 25&32&21,
SUCCESS;92:edges = 121,fail_cases = 5,fault = 22&25&32&21,
SUCCESS;93:edges = 122,fail_cases = 5,fault = 22&23&25&32&21,
SUCCESS;94:edges = 124,fail_cases = 5,fault = 25&26&32,
SUCCESS;95:edges = 125,fail_cases = 5,fault = 25&26&32&21,
SUCCESS;96:edges = 126,fail_cases = 5,fault = 22&25&26&32&21,
SUCCESS;97:edges = 127,fail_cases = 5,fault = 22&23&25&26&32&21,
SUCCESS;98:edges = 129,fail_cases = 5,fault = 25&26&27&32,
SUCCESS;99:edges = 130,fail_cases = 5,fault = 25&26&27&32&21,
SUCCESS;100:edges = 131,fail_cases = 5,fault = 22&25&26&27&32&21,
SUCCESS;101:edges = 132,fail_cases = 5,fault = 22&23&25&26&27&32&21,
SUCCESS;102:edges = 134,fail_cases = 5,fault = 25&26&27&28&32,
SUCCESS;103:edges = 135,fail_cases = 5,fault = 25&26&27&28&32&21,
SUCCESS;104:edges = 136,fail_cases = 5,fault = 22&25&26&27&28&32&21,
SUCCESS;105:edges = 137,fail_cases = 5,fault = 22&23&25&26&27&28&32&21,
SUCCESS;106:edges = 139,fail_cases = 5,fault = 25&26&27&28&29&32,
SUCCESS;107:edges = 140,fail_cases = 5,fault = 25&26&27&28&29&32&21,
SUCCESS;108:edges = 141,fail_cases = 5,fault = 22&25&26&27&28&29&32&21,
SUCCESS;109:edges = 142,fail_cases = 5,fault = 22&23&25&26&27&28&29&32&21,
SUCCESS;110:edges = 144,fail_cases = 5,fault = 25&26&27&28&29&30&32,
SUCCESS;111:edges = 145,fail_cases = 5,fault = 25&26&27&28&29&30&32&21,
SUCCESS;112:edges = 146,fail_cases = 5,fault = 22&25&26&27&28&29&30&32&21,
SUCCESS;113:edges = 147,fail_cases = 5,fault = 22&23&25&26&27&28&29&30&32&21,
FAIL;114:edges = 147,fail_cases = 6,fault = 25&26&27&28&29&30&31&32,
SUCCESS;115:edges = 149,fail_cases = 6,fault = 33,
SUCCESS;116:edges = 150,fail_cases = 6,fault = 33&32,
SUCCESS;117:edges = 151,fail_cases = 6,fault = 33&25&32,
SUCCESS;118:edges = 152,fail_cases = 6,fault = 33&25&26&32,
SUCCESS;119:edges = 153,fail_cases = 6,fault = 33&25&26&27&32,
SUCCESS;120:edges = 154,fail_cases = 6,fault = 33&25&26&27&28&32,
SUCCESS;121:edges = 155,fail_cases = 6,fault = 33&25&26&27&28&29&32,
SUCCESS;122:edges = 156,fail_cases = 6,fault = 33&25&26&27&28&29&30&32,
SUCCESS;123:edges = 158,fail_cases = 6,fault = 33&34,
SUCCESS;124:edges = 159,fail_cases = 6,fault = 33&34&32,
SUCCESS;125:edges = 160,fail_cases = 6,fault = 33&34&25&32,
SUCCESS;126:edges = 161,fail_cases = 6,fault = 33&34&25&26&32,
SUCCESS;127:edges = 162,fail_cases = 6,fault = 33&34&25&26&27&32,
SUCCESS;128:edges = 163,fail_cases = 6,fault = 33&34&25&26&27&28&32,
SUCCESS;129:edges = 164,fail_cases = 6,fault = 33&34&25&26&27&28&29&32,
SUCCESS;130:edges = 165,fail_cases = 6,fault = 33&34&25&26&27&28&29&30&32,
SUCCESS;131:edges = 167,fail_cases = 6,fault = 33&34&35,
SUCCESS;132:edges = 168,fail_cases = 6,fault = 33&34&35&32,
SUCCESS;133:edges = 169,fail_cases = 6,fault = 33&34&35&25&32,
SUCCESS;134:edges = 170,fail_cases = 6,fault = 33&34&35&25&26&32,
SUCCESS;135:edges = 171,fail_cases = 6,fault = 33&34&35&25&26&27&32,
SUCCESS;136:edges = 172,fail_cases = 6,fault = 33&34&35&25&26&27&28&32,
SUCCESS;137:edges = 173,fail_cases = 6,fault = 33&34&35&25&26&27&28&29&32,
SUCCESS;138:edges = 174,fail_cases = 6,fault = 33&34&35&25&26&27&28&29&30&32,
SUCCESS;139:edges = 176,fail_cases = 6,fault = 33&34&35&36,
SUCCESS;140:edges = 177,fail_cases = 6,fault = 33&34&35&36&32,
SUCCESS;141:edges = 178,fail_cases = 6,fault = 33&34&35&36&25&32,
SUCCESS;142:edges = 179,fail_cases = 6,fault = 33&34&35&36&25&26&32,
SUCCESS;143:edges = 180,fail_cases = 6,fault = 33&34&35&36&25&26&27&32,
SUCCESS;144:edges = 181,fail_cases = 6,fault = 33&34&35&36&25&26&27&28&32,
SUCCESS;145:edges = 182,fail_cases = 6,fault = 33&34&35&36&25&26&27&28&29&32,
SUCCESS;146:edges = 183,fail_cases = 6,fault = 33&34&35&36&25&26&27&28&29&30&32,
FAIL;147:edges = 183,fail_cases = 7,fault = 33&34&35&36&37,
SUCCESS;148:edges = 185,fail_cases = 7,fault = 38,
SUCCESS;149:edges = 186,fail_cases = 7,fault = 33&38,
SUCCESS;150:edges = 187,fail_cases = 7,fault = 33&34&38,
SUCCESS;151:edges = 188,fail_cases = 7,fault = 33&34&35&38,
SUCCESS;152:edges = 189,fail_cases = 7,fault = 33&34&35&36&38,
SUCCESS;153:edges = 191,fail_cases = 7,fault = 38&39,
SUCCESS;154:edges = 192,fail_cases = 7,fault = 33&38&39,
SUCCESS;155:edges = 193,fail_cases = 7,fault = 33&34&38&39,
SUCCESS;156:edges = 194,fail_cases = 7,fault = 33&34&35&38&39,
SUCCESS;157:edges = 195,fail_cases = 7,fault = 33&34&35&36&38&39,
SUCCESS;158:edges = 197,fail_cases = 7,fault = 38&39&40,
SUCCESS;159:edges = 198,fail_cases = 7,fault = 33&38&39&40,
SUCCESS;160:edges = 199,fail_cases = 7,fault = 33&34&38&39&40,
SUCCESS;161:edges = 200,fail_cases = 7,fault = 33&34&35&38&39&40,
SUCCESS;162:edges = 201,fail_cases = 7,fault = 33&34&35&36&38&39&40,
FAIL;163:edges = 201,fail_cases = 8,fault = 38&39&40&41,
SUCCESS;164:edges = 203,fail_cases = 8,fault = 42,
SUCCESS;165:edges = 204,fail_cases = 8,fault = 38&42,
SUCCESS;166:edges = 205,fail_cases = 8,fault = 38&39&42,
SUCCESS;167:edges = 206,fail_cases = 8,fault = 38&39&40&42,
SUCCESS;168:edges = 208,fail_cases = 8,fault = 42&43,
SUCCESS;169:edges = 209,fail_cases = 8,fault = 38&42&43,
SUCCESS;170:edges = 210,fail_cases = 8,fault = 38&39&42&43,
SUCCESS;171:edges = 211,fail_cases = 8,fault = 38&39&40&42&43,
FAIL;172:edges = 211,fail_cases = 9,fault = 44&42&43,
SUCCESS;173:edges = 213,fail_cases = 9,fault = 48,
SUCCESS;174:edges = 214,fail_cases = 9,fault = 48&42,
SUCCESS;175:edges = 215,fail_cases = 9,fault = 48&42&43,
SUCCESS;176:edges = 217,fail_cases = 9,fault = 48&49,
SUCCESS;177:edges = 218,fail_cases = 9,fault = 48&49&42,
SUCCESS;178:edges = 219,fail_cases = 9,fault = 48&49&42&43,
SUCCESS;179:edges = 221,fail_cases = 9,fault = 48&49&50,
SUCCESS;180:edges = 222,fail_cases = 9,fault = 48&49&50&42,
SUCCESS;181:edges = 223,fail_cases = 9,fault = 48&49&50&42&43,
SUCCESS;182:edges = 225,fail_cases = 9,fault = 48&49&50&51,
SUCCESS;183:edges = 226,fail_cases = 9,fault = 48&49&50&51&42,
SUCCESS;184:edges = 227,fail_cases = 9,fault = 48&49&50&51&42&43,
SUCCESS;185:edges = 229,fail_cases = 9,fault = 48&49&50&51&52,
SUCCESS;186:edges = 230,fail_cases = 9,fault = 48&49&50&51&52&42,
SUCCESS;187:edges = 231,fail_cases = 9,fault = 48&49&50&51&52&42&43,
SUCCESS;188:edges = 233,fail_cases = 9,fault = 45&48&49&50&51&52,
SUCCESS;189:edges = 234,fail_cases = 9,fault = 45&48&49&50&51&52&42,
SUCCESS;190:edges = 235,fail_cases = 9,fault = 45&48&49&50&51&52&42&43,
SUCCESS;191:edges = 237,fail_cases = 9,fault = 45&46&48&49&50&51&52,
SUCCESS;192:edges = 238,fail_cases = 9,fault = 45&46&48&49&50&51&52&42,
SUCCESS;193:edges = 239,fail_cases = 9,fault = 45&46&48&49&50&51&52&42&43,
FAIL;194:edges = 239,fail_cases = 10,fault = 45&46&47&48&49&50&51&52,
SUCCESS;195:edges = 241,fail_cases = 10,fault = 53,
SUCCESS;196:edges = 242,fail_cases = 10,fault = 48&53,
SUCCESS;197:edges = 243,fail_cases = 10,fault = 48&49&53,
SUCCESS;198:edges = 244,fail_cases = 10,fault = 48&49&50&53,
SUCCESS;199:edges = 245,fail_cases = 10,fault = 48&49&50&51&53,
SUCCESS;200:edges = 246,fail_cases = 10,fault = 48&49&50&51&52&53,
SUCCESS;201:edges = 247,fail_cases = 10,fault = 45&48&49&50&51&52&53,
SUCCESS;202:edges = 248,fail_cases = 10,fault = 45&46&48&49&50&51&52&53,
SUCCESS;203:edges = 250,fail_cases = 10,fault = 53&54,
SUCCESS;204:edges = 251,fail_cases = 10,fault = 48&53&54,
SUCCESS;205:edges = 252,fail_cases = 10,fault = 48&49&53&54,
SUCCESS;206:edges = 253,fail_cases = 10,fault = 48&49&50&53&54,
SUCCESS;207:edges = 254,fail_cases = 10,fault = 48&49&50&51&53&54,
SUCCESS;208:edges = 255,fail_cases = 10,fault = 48&49&50&51&52&53&54,
SUCCESS;209:edges = 256,fail_cases = 10,fault = 45&48&49&50&51&52&53&54,
SUCCESS;210:edges = 257,fail_cases = 10,fault = 45&46&48&49&50&51&52&53&54,
SUCCESS;211:edges = 259,fail_cases = 10,fault = 55&53&54,
SUCCESS;212:edges = 260,fail_cases = 10,fault = 55&48&53&54,
SUCCESS;213:edges = 261,fail_cases = 10,fault = 55&48&49&53&54,
SUCCESS;214:edges = 262,fail_cases = 10,fault = 55&48&49&50&53&54,
SUCCESS;215:edges = 263,fail_cases = 10,fault = 55&48&49&50&51&53&54,
SUCCESS;216:edges = 264,fail_cases = 10,fault = 55&48&49&50&51&52&53&54,
SUCCESS;217:edges = 265,fail_cases = 10,fault = 55&45&48&49&50&51&52&53&54,
SUCCESS;218:edges = 266,fail_cases = 10,fault = 55&45&46&48&49&50&51&52&53&54,
SUCCESS;219:edges = 268,fail_cases = 10,fault = 55&56&53&54,
SUCCESS;220:edges = 269,fail_cases = 10,fault = 55&56&48&53&54,
SUCCESS;221:edges = 270,fail_cases = 10,fault = 55&56&48&49&53&54,
SUCCESS;222:edges = 271,fail_cases = 10,fault = 55&56&48&49&50&53&54,
SUCCESS;223:edges = 272,fail_cases = 10,fault = 55&56&48&49&50&51&53&54,
SUCCESS;224:edges = 273,fail_cases = 10,fault = 55&56&48&49&50&51&52&53&54,
SUCCESS;225:edges = 274,fail_cases = 10,fault = 55&56&45&48&49&50&51&52&53&54,
SUCCESS;226:edges = 275,fail_cases = 10,fault = 55&56&45&46&48&49&50&51&52&53&54,
FAIL;227:edges = 275,fail_cases = 11,fault = 55&56&57&53&54,
SUCCESS;228:edges = 277,fail_cases = 11,fault = 58,
SUCCESS;229:edges = 278,fail_cases = 11,fault = 58&53,
SUCCESS;230:edges = 279,fail_cases = 11,fault = 58&53&54,
SUCCESS;231:edges = 280,fail_cases = 11,fault = 55&58&53&54,
SUCCESS;232:edges = 281,fail_cases = 11,fault = 55&56&58&53&54,
SUCCESS;233:edges = 283,fail_cases = 11,fault = 58&59,
SUCCESS;234:edges = 284,fail_cases = 11,fault = 58&59&53,
SUCCESS;235:edges = 285,fail_cases = 11,fault = 58&59&53&54,
SUCCESS;236:edges = 286,fail_cases = 11,fault = 55&58&59&53&54,
SUCCESS;237:edges = 287,fail_cases = 11,fault = 55&56&58&59&53&54,
SUCCESS;238:edges = 289,fail_cases = 11,fault = 58&59&60,
SUCCESS;239:edges = 290,fail_cases = 11,fault = 58&59&60&53,
SUCCESS;240:edges = 291,fail_cases = 11,fault = 58&59&60&53&54,
SUCCESS;241:edges = 292,fail_cases = 11,fault = 55&58&59&60&53&54,
SUCCESS;242:edges = 293,fail_cases = 11,fault = 55&56&58&59&60&53&54,
SUCCESS;243:edges = 295,fail_cases = 11,fault = 58&59&60&61,
SUCCESS;244:edges = 296,fail_cases = 11,fault = 58&59&60&61&53,
SUCCESS;245:edges = 297,fail_cases = 11,fault = 58&59&60&61&53&54,
SUCCESS;246:edges = 298,fail_cases = 11,fault = 55&58&59&60&61&53&54,
SUCCESS;247:edges = 299,fail_cases = 11,fault = 55&56&58&59&60&61&53&54,
SUCCESS;248:edges = 301,fail_cases = 11,fault = 58&59&60&61&62,
SUCCESS;249:edges = 302,fail_cases = 11,fault = 58&59&60&61&62&53,
SUCCESS;250:edges = 303,fail_cases = 11,fault = 58&59&60&61&62&53&54,
SUCCESS;251:edges = 304,fail_cases = 11,fault = 55&58&59&60&61&62&53&54,
SUCCESS;252:edges = 305,fail_cases = 11,fault = 55&56&58&59&60&61&62&53&54,
FAIL;253:edges = 305,fail_cases = 12,fault = 58&59&60&61&62&63,
SUCCESS;254:edges = 307,fail_cases = 12,fault = 64,
SUCCESS;255:edges = 308,fail_cases = 12,fault = 58&64,
SUCCESS;256:edges = 309,fail_cases = 12,fault = 58&59&64,
SUCCESS;257:edges = 310,fail_cases = 12,fault = 58&59&60&64,
SUCCESS;258:edges = 311,fail_cases = 12,fault = 58&59&60&61&64,
SUCCESS;259:edges = 312,fail_cases = 12,fault = 58&59&60&61&62&64,
SUCCESS;260:edges = 314,fail_cases = 12,fault = 64&65,
SUCCESS;261:edges = 315,fail_cases = 12,fault = 58&64&65,
SUCCESS;262:edges = 316,fail_cases = 12,fault = 58&59&64&65,
SUCCESS;263:edges = 317,fail_cases = 12,fault = 58&59&60&64&65,
SUCCESS;264:edges = 318,fail_cases = 12,fault = 58&59&60&61&64&65,
SUCCESS;265:edges = 319,fail_cases = 12,fault = 58&59&60&61&62&64&65,
SUCCESS;266:edges = 321,fail_cases = 12,fault = 66&64&65,
SUCCESS;267:edges = 322,fail_cases = 12,fault = 66&58&64&65,
SUCCESS;268:edges = 323,fail_cases = 12,fault = 66&58&59&64&65,
SUCCESS;269:edges = 324,fail_cases = 12,fault = 66&58&59&60&64&65,
SUCCESS;270:edges = 325,fail_cases = 12,fault = 66&58&59&60&61&64&65,
SUCCESS;271:edges = 326,fail_cases = 12,fault = 66&58&59&60&61&62&64&65,
SUCCESS;272:edges = 328,fail_cases = 12,fault = 66&67&64&65,
SUCCESS;273:edges = 329,fail_cases = 12,fault = 66&67&58&64&65,
SUCCESS;274:edges = 330,fail_cases = 12,fault = 66&67&58&59&64&65,
SUCCESS;275:edges = 331,fail_cases = 12,fault = 66&67&58&59&60&64&65,
SUCCESS;276:edges = 332,fail_cases = 12,fault = 66&67&58&59&60&61&64&65,
SUCCESS;277:edges = 333,fail_cases = 12,fault = 66&67&58&59&60&61&62&64&65,
SUCCESS;278:edges = 335,fail_cases = 12,fault = 66&67&68&64&65,
SUCCESS;279:edges = 336,fail_cases = 12,fault = 66&67&68&58&64&65,
SUCCESS;280:edges = 337,fail_cases = 12,fault = 66&67&68&58&59&64&65,
SUCCESS;281:edges = 338,fail_cases = 12,fault = 66&67&68&58&59&60&64&65,
SUCCESS;282:edges = 339,fail_cases = 12,fault = 66&67&68&58&59&60&61&64&65,
SUCCESS;283:edges = 340,fail_cases = 12,fault = 66&67&68&58&59&60&61&62&64&65,
SUCCESS;284:edges = 342,fail_cases = 12,fault = 66&67&68&69&64&65,
SUCCESS;285:edges = 343,fail_cases = 12,fault = 66&67&68&69&58&64&65,
SUCCESS;286:edges = 344,fail_cases = 12,fault = 66&67&68&69&58&59&64&65,
SUCCESS;287:edges = 345,fail_cases = 12,fault = 66&67&68&69&58&59&60&64&65,
SUCCESS;288:edges = 346,fail_cases = 12,fault = 66&67&68&69&58&59&60&61&64&65,
SUCCESS;289:edges = 347,fail_cases = 12,fault = 66&67&68&69&58&59&60&61&62&64&65,
SUCCESS;290:edges = 349,fail_cases = 12,fault = 66&67&68&69&70&64&65,
SUCCESS;291:edges = 350,fail_cases = 12,fault = 66&67&68&69&58&70&64&65,
SUCCESS;292:edges = 351,fail_cases = 12,fault = 66&67&68&69&58&59&70&64&65,
SUCCESS;293:edges = 352,fail_cases = 12,fault = 66&67&68&69&58&59&70&60&64&65,
SUCCESS;294:edges = 353,fail_cases = 12,fault = 66&67&68&69&58&59&70&60&61&64&65,
SUCCESS;295:edges = 354,fail_cases = 12,fault = 66&67&68&69&58&59&70&60&61&62&64&65,
FAIL;296:edges = 354,fail_cases = 13,fault = 66&67&68&69&70&71&64&65,
SUCCESS;297:edges = 356,fail_cases = 13,fault = 72,
SUCCESS;298:edges = 357,fail_cases = 13,fault = 72&64,
SUCCESS;299:edges = 358,fail_cases = 13,fault = 72&64&65,
SUCCESS;300:edges = 359,fail_cases = 13,fault = 66&72&64&65,
SUCCESS;301:edges = 360,fail_cases = 13,fault = 66&67&72&64&65,
SUCCESS;302:edges = 361,fail_cases = 13,fault = 66&67&68&72&64&65,
SUCCESS;303:edges = 362,fail_cases = 13,fault = 66&67&68&69&72&64&65,
SUCCESS;304:edges = 363,fail_cases = 13,fault = 66&67&68&69&70&72&64&65,
SUCCESS;305:edges = 365,fail_cases = 13,fault = 72&73,
SUCCESS;306:edges = 366,fail_cases = 13,fault = 72&73&64,
SUCCESS;307:edges = 367,fail_cases = 13,fault = 72&73&64&65,
SUCCESS;308:edges = 368,fail_cases = 13,fault = 66&72&73&64&65,
SUCCESS;309:edges = 369,fail_cases = 13,fault = 66&67&72&73&64&65,
SUCCESS;310:edges = 370,fail_cases = 13,fault = 66&67&68&72&73&64&65,
SUCCESS;311:edges = 371,fail_cases = 13,fault = 66&67&68&69&72&73&64&65,
SUCCESS;312:edges = 372,fail_cases = 13,fault = 66&67&68&69&70&72&73&64&65,
SUCCESS;313:edges = 374,fail_cases = 13,fault = 72&73&74,
SUCCESS;314:edges = 375,fail_cases = 13,fault = 72&73&74&64,
SUCCESS;315:edges = 376,fail_cases = 13,fault = 72&73&74&64&65,
SUCCESS;316:edges = 377,fail_cases = 13,fault = 66&72&73&74&64&65,
SUCCESS;317:edges = 378,fail_cases = 13,fault = 66&67&72&73&74&64&65,
SUCCESS;318:edges = 379,fail_cases = 13,fault = 66&67&68&72&73&74&64&65,
SUCCESS;319:edges = 380,fail_cases = 13,fault = 66&67&68&69&72&73&74&64&65,
SUCCESS;320:edges = 381,fail_cases = 13,fault = 66&67&68&69&70&72&73&74&64&65,
SUCCESS;321:edges = 383,fail_cases = 13,fault = 72&73&74&75,
SUCCESS;322:edges = 384,fail_cases = 13,fault = 72&73&74&75&64,
SUCCESS;323:edges = 385,fail_cases = 13,fault = 72&73&74&75&64&65,
SUCCESS;324:edges = 386,fail_cases = 13,fault = 66&72&73&74&75&64&65,
SUCCESS;325:edges = 387,fail_cases = 13,fault = 66&67&72&73&74&75&64&65,
SUCCESS;326:edges = 388,fail_cases = 13,fault = 66&67&68&72&73&74&75&64&65,
SUCCESS;327:edges = 389,fail_cases = 13,fault = 66&67&68&69&72&73&74&75&64&65,
SUCCESS;328:edges = 390,fail_cases = 13,fault = 66&67&68&69&70&72&73&74&75&64&65,
FAIL;329:edges = 390,fail_cases = 14,fault = 72&73&74&75&76,
SUCCESS;330:edges = 392,fail_cases = 14,fault = 80,
SUCCESS;331:edges = 393,fail_cases = 14,fault = 80&72,
SUCCESS;332:edges = 394,fail_cases = 14,fault = 80&72&73,
SUCCESS;333:edges = 395,fail_cases = 14,fault = 80&72&73&74,
SUCCESS;334:edges = 396,fail_cases = 14,fault = 80&72&73&74&75,
SUCCESS;335:edges = 398,fail_cases = 14,fault = 80&81,
SUCCESS;336:edges = 399,fail_cases = 14,fault = 80&81&72,
SUCCESS;337:edges = 400,fail_cases = 14,fault = 80&81&72&73,
SUCCESS;338:edges = 401,fail_cases = 14,fault = 80&81&72&73&74,
SUCCESS;339:edges = 402,fail_cases = 14,fault = 80&81&72&73&74&75,
SUCCESS;340:edges = 404,fail_cases = 14,fault = 77&80&81,
SUCCESS;341:edges = 405,fail_cases = 14,fault = 77&80&81&72,
SUCCESS;342:edges = 406,fail_cases = 14,fault = 77&80&81&72&73,
SUCCESS;343:edges = 407,fail_cases = 14,fault = 77&80&81&72&73&74,
SUCCESS;344:edges = 408,fail_cases = 14,fault = 77&80&81&72&73&74&75,
SUCCESS;345:edges = 410,fail_cases = 14,fault = 77&78&80&81,
SUCCESS;346:edges = 411,fail_cases = 14,fault = 77&78&80&81&72,
SUCCESS;347:edges = 412,fail_cases = 14,fault = 77&78&80&81&72&73,
SUCCESS;348:edges = 413,fail_cases = 14,fault = 77&78&80&81&72&73&74,
SUCCESS;349:edges = 414,fail_cases = 14,fault = 77&78&80&81&72&73&74&75,
FAIL;350:edges = 414,fail_cases = 15,fault = 77&78&79&80&81,
SUCCESS;351:edges = 415,fail_cases = 15,fault = 82,
SUCCESS;352:edges = 416,fail_cases = 15,fault = 80&82,
SUCCESS;353:edges = 417,fail_cases = 15,fault = 80&81&82,
SUCCESS;354:edges = 418,fail_cases = 15,fault = 77&80&81&82,
SUCCESS;355:edges = 419,fail_cases = 15,fault = 77&78&80&81&82,
FAIL;356:edges = 419,fail_cases = 16,fault = 82&83,