SUCCESS;0:edges = 9,fail_cases = 0,fault = ,
SUCCESS;1:edges = 10,fail_cases = 0,fault = 1,
SUCCESS;2:edges = 11,fail_cases = 0,fault = 1&2,
FAIL;3:edges = 11,fail_cases = 1,fault = 1&2&3,
SUCCESS;4:edges = 13,fail_cases = 1,fault = 4,
SUCCESS;5:edges = 14,fail_cases = 1,fault = 1&4,
SUCCESS;6:edges = 15,fail_cases = 1,fault = 1&2&4,
SUCCESS;7:edges = 17,fail_cases = 1,fault = 4&5,
SUCCESS;8:edges = 18,fail_cases = 1,fault = 1&4&5,
SUCCESS;9:edges = 19,fail_cases = 1,fault = 1&2&4&5,
SUCCESS;10:edges = 21,fail_cases = 1,fault = 4&5&6,
SUCCESS;11:edges = 22,fail_cases = 1,fault = 1&4&5&6,
SUCCESS;12:edges = 23,fail_cases = 1,fault = 1&2&4&5&6,
SUCCESS;13:edges = 25,fail_cases = 1,fault = 4&5&6&7,
SUCCESS;14:edges = 26,fail_cases = 1,fault = 1&4&5&6&7,
SUCCESS;15:edges = 27,fail_cases = 1,fault = 1&2&4&5&6&7,
SUCCESS;16:edges = 29,fail_cases = 1,fault = 4&5&6&7&8,
SUCCESS;17:edges = 30,fail_cases = 1,fault = 1&4&5&6&7&8,
SUCCESS;18:edges = 31,fail_cases = 1,fault = 1&2&4&5&6&7&8,
FAIL;19:edges = 31,fail_cases = 2,fault = 4&5&6&7&8&9,
SUCCESS;20:edges = 33,fail_cases = 2,fault = 10,
SUCCESS;21:edges = 34,fail_cases = 2,fault = 4&10,
SUCCESS;22:edges = 35,fail_cases = 2,fault = 4&5&10,
SUCCESS;23:edges = 36,fail_cases = 2,fault = 4&5&6&10,
SUCCESS;24:edges = 37,fail_cases = 2,fault = 4&5&6&7&10,
SUCCESS;25:edges = 38,fail_cases = 2,fault = 4&5&6&7&8&10,
SUCCESS;26:edges = 40,fail_cases = 2,fault = 11&10,
SUCCESS;27:edges = 41,fail_cases = 2,fault = 11&4&10,
SUCCESS;28:edges = 42,fail_cases = 2,fault = 11&4&5&10,
SUCCESS;29:edges = 43,fail_cases = 2,fault = 11&4&5&6&10,
SUCCESS;30:edges = 44,fail_cases = 2,fault = 11&4&5&6&7&10,
SUCCESS;31:edges = 45,fail_cases = 2,fault = 11&4&5&6&7&8&10,
SUCCESS;32:edges = 47,fail_cases = 2,fault = 11&12&10,
SUCCESS;33:edges = 48,fail_cases = 2,fault = 11&12&4&10,
SUCCESS;34:edges = 49,fail_cases = 2,fault = 11&12&4&5&10,
SUCCESS;35:edges = 50,fail_cases = 2,fault = 11&12&4&5&6&10,
SUCCESS;36:edges = 51,fail_cases = 2,fault = 11&12&4&5&6&7&10,
SUCCESS;37:edges = 52,fail_cases = 2,fault = 11&12&4&5&6&7&8&10,
FAIL;38:edges = 52,fail_cases = 3,fault = 11&12&13&10,
SUCCESS;39:edges = 54,fail_cases = 3,fault = 16,
SUCCESS;40:edges = 55,fail_cases = 3,fault = 16&10,
SUCCESS;41:edges = 56,fail_cases = 3,fault = 11&16&10,
SUCCESS;42:edges = 57,fail_cases = 3,fault = 11&12&16&10,
SUCCESS;43:edges = 59,fail_cases = 3,fault = 16&17,
SUCCESS;44:edges = 60,fail_cases = 3,fault = 16&17&10,
SUCCESS;45:edges = 61,fail_cases = 3,fault = 11&16&17&10,
SUCCESS;46:edges = 62,fail_cases = 3,fault = 11&12&16&17&10,
SUCCESS;47:edges = 64,fail_cases = 3,fault = 16&17&18,
SUCCESS;48:edges = 65,fail_cases = 3,fault = 16&17&18&10,
SUCCESS;49:edges = 66,fail_cases = 3,fault = 11&16&17&18&10,
SUCCESS;50:edges = 67,fail_cases = 3,fault = 11&12&16&17&18&10,
SUCCESS;51:edges = 69,fail_cases = 3,fault = 16&17&18&19,
SUCCESS;52:edges = 70,fail_cases = 3,fault = 16&17&18&19&10,
SUCCESS;53:edges = 71,fail_cases = 3,fault = 11&16&17&18&19&10,
SUCCESS;54:edges = 72,fail_cases = 3,fault = 11&12&16&17&18&19&10,
SUCCESS;55:edges = 74,fail_cases = 3,fault = 16&17&18&19&20,
SUCCESS;56:edges = 75,fail_cases = 3,fault = 16&17&18&19&20&10,
SUCCESS;57:edges = 76,fail_cases = 3,fault = 11&16&17&18&19&20&10,
SUCCESS;58:edges = 77,fail_cases = 3,fault = 11&12&16&17&18&19&20&10,
SUCCESS;59:edges = 79,fail_cases = 3,fault = 14&16&17&18&19&20,
SUCCESS;60:edges = 80,fail_cases = 3,fault = 14&16&17&18&19&20&10,
SUCCESS;61:edges = 81,fail_cases = 3,fault = 11&14&16&17&18&19&20&10,
SUCCESS;62:edges = 82,fail_cases = 3,fault = 11&12&14&16&17&18&19&20&10,
FAIL;63:edges = 82,fail_cases = 4,fault = 14&15&16&17&18&19&20,
SUCCESS;64:edges = 84,fail_cases = 4,fault = 21,
SUCCESS;65:edges = 85,fail_cases = 4,fault = 16&21,
SUCCESS;66:edges = 86,fail_cases = 4,fault = 16&17&21,
SUCCESS;67:edges = 87,fail_cases = 4,fault = 16&17&18&21,
SUCCESS;68:edges = 88,fail_cases = 4,fault = 16&17&18&19&21,
SUCCESS;69:edges = 89,fail_cases = 4,fault = 16&17&18&19&20&21,
SUCCESS;70:edges = 90,fail_cases = 4,fault = 14&16&17&18&19&20&21,
SUCCESS;71:edges = 92,fail_cases = 4,fault = 22&21,
SUCCESS;72:edges = 93,fail_cases = 4,fault = 22&16&21,
SUCCESS;73:edges = 94,fail_cases = 4,fault = 22&16&17&21,
SUCCESS;74:edges = 95,fail_cases = 4,fault = 22&16&17&18&21,
SUCCESS;75:edges = 96,fail_cases = 4,fault = 22&16&17&18&19&21,
SUCCESS;76:edges = 97,fail_cases = 4,fault = 22&16&17&18&19&20&21,
SUCCESS;77:edges = 98,fail_cases = 4,fault = 22&14&16&17&18&19&20&21,
SUCCESS;78:edges = 100,fail_cases = 4,fault = 22&23&21,
SUCCESS;79:edges = 101,fail_cases = 4,fault = 22&23&16&21,
SUCCESS;80:edges = 102,fail_cases = 4,fault = 22&23&16&17&21,
SUCCESS;81:edges = 103,fail_cases = 4,fault = 22&23&16&17&18&21,
SUCCESS;82:edges = 104,fail_cases = 4,fault = 22&23&16&17&18&19&21,
SUCCESS;83:edges = 105,fail_cases = 4,fault = 22&23&16&17&18&19&20&21,
SUCCESS;84:edges = 106,fail_cases = 4,fault = 22&23&14&16&17&18&19&20&21,
SUCCESS;85:edges = 108,fail_cases = 4,fault = 22&23&24&21,
SUCCESS;86:edges = 109,fail_cases = 4,fault = 22&23&24&16&21,
SUCCESS;87:edges = 110,fail_cases = 4,fault = 22&23&24&16&17&21,
SUCCESS;88:edges = 111,fail_cases = 4,fault = 22&23&24&16&17&18&21,
SUCCESS;89:edges = 112,fail_cases = 4,fault = 22&23&24&16&17&18&19&21,
SUCCESS;90:edges = 113,fail_cases = 4,fault = 22&23&24&16&17&18&19&20&21,
SUCCESS;91:edges = 114,fail_cases = 4,fault = 22&23&24&14&16&17&18&19&20&21,
SUCCESS;92:edges = 116,fail_cases = 4,fault = 22&23&24&25&21,
SUCCESS;93:edges = 117,fail_cases = 4,fault = 22&23&24&25&16&21,
SUCCESS;94:edges = 118,fail_cases = 4,fault = 22&23&24&25&16&17&21,
SUCCESS;95:edges = 119,fail_cases = 4,fault = 22&23&24&25&16&17&18&21,
SUCCESS;96:edges = 120,fail_cases = 4,fault = 22&23&24&25&16&17&18&19&21,
SUCCESS;97:edges = 121,fail_cases = 4,fault = 22&23&24&25&16&17&18&19&20&21,
SUCCESS;98:edges = 122,fail_cases = 4,fault = 22&23&24&25&14&16&17&18&19&20&21,
SUCCESS;99:edges = 124,fail_cases = 4,fault = 22&23&24&25&26&21,
SUCCESS;100:edges = 125,fail_cases = 4,fault = 22&23&24&25&26&16&21,
SUCCESS;101:edges = 126,fail_cases = 4,fault = 22&23&24&25&26&16&17&21,
SUCCESS;102:edges = 127,fail_cases = 4,fault = 22&23&24&25&26&16&17&18&21,
SUCCESS;103:edges = 128,fail_cases = 4,fault = 22&23&24&25&26&16&17&18&19&21,
SUCCESS;104:edges = 129,fail_cases = 4,fault = 22&23&24&25&26&16&17&18&19&20&21,
SUCCESS;105:edges = 130,fail_cases = 4,fault = 22&23&24&25&14&26&16&17&18&19&20&21,
FAIL;106:edges = 130,fail_cases = 5,fault = 22&23&24&25&26&27&21,
SUCCESS;107:edges = 132,fail_cases = 5,fault = 32,
SUCCESS;108:edges = 133,fail_cases = 5,fault = 32&21,
SUCCESS;109:edges = 134,fail_cases = 5,fault = 22&32&21,
SUCCESS;110:edges = 135,fail_cases = 5,fault = 22&23&32&21,
SUCCESS;111:edges = 136,fail_cases = 5,fault = 22&23&24&32&21,
SUCCESS;112:edges = 137,fail_cases = 5,fault = 22&23&24&25&32&21,
SUCCESS;113:edges = 138,fail_cases = 5,fault = 22&23&24&25&26&32&21,
SUCCESS;114:edges = 140,fail_cases = 5,fault = 33&32,
SUCCESS;115:edges = 141,fail_cases = 5,fault = 33&32&21,
SUCCESS;116:edges = 142,fail_cases = 5,fault = 33&22&32&21,
SUCCESS;117:edges = 143,fail_cases = 5,fault = 33&22&23&32&21,
SUCCESS;118:edges = 144,fail_cases = 5,fault = 33&22&23&24&32&21,
SUCCESS;119:edges = 145,fail_cases = 5,fault = 33&22&23&24&25&32&21,
SUCCESS;120:edges = 146,fail_cases = 5,fault = 33&22&23&24&25&26&32&21,
SUCCESS;121:edges = 148,fail_cases = 5,fault = 33&34&32,
SUCCESS;122:edges = 149,fail_cases = 5,fault = 33&34&32&21,
SUCCESS;123:edges = 150,fail_cases = 5,fault = 33&22&34&32&21,
SUCCESS;124:edges = 151,fail_cases = 5,fault = 33&22&34&23&32&21,
SUCCESS;125:edges = 152,fail_cases = 5,fault = 33&22&34&23&24&32&21,
SUCCESS;126:edges = 153,fail_cases = 5,fault = 33&22&34&23&24&25&32&21,
SUCCESS;127:edges = 154,fail_cases = 5,fault = 33&22&34&23&24&25&26&32&21,
SUCCESS;128:edges = 156,fail_cases = 5,fault = 33&34&28&32,
SUCCESS;129:edges = 157,fail_cases = 5,fault = 33&34&28&32&21,
SUCCESS;130:edges = 158,fail_cases = 5,fault = 33&22&34&28&32&21,
SUCCESS;131:edges = 159,fail_cases = 5,fault = 33&22&34&23&28&32&21,
SUCCESS;132:edges = 160,fail_cases = 5,fault = 33&22&34&23&24&28&32&21,
SUCCESS;133:edges = 161,fail_cases = 5,fault = 33&22&34&23&24&25&28&32&21,
SUCCESS;134:edges = 162,fail_cases = 5,fault = 33&22&34&23&24&25&26&28&32&21,
SUCCESS;135:edges = 164,fail_cases = 5,fault = 33&34&28&29&32,
SUCCESS;136:edges = 165,fail_cases = 5,fault = 33&34&28&29&32&21,
SUCCESS;137:edges = 166,fail_cases = 5,fault = 33&22&34&28&29&32&21,
SUCCESS;138:edges = 167,fail_cases = 5,fault = 33&22&34&23&28&29&32&21,
SUCCESS;139:edges = 168,fail_cases = 5,fault = 33&22&34&23&24&28&29&32&21,
SUCCESS;140:edges = 169,fail_cases = 5,fault = 33&22&34&23&24&25&28&29&32&21,
SUCCESS;141:edges = 170,fail_cases = 5,fault = 33&22&34&23&24&25&26&28&29&32&21,
SUCCESS;142:edges = 172,fail_cases = 5,fault = 33&34&28&29&30&32,
SUCCESS;143:edges = 173,fail_cases = 5,fault = 33&34&28&29&30&32&21,
SUCCESS;144:edges = 174,fail_cases = 5,fault = 33&22&34&28&29&30&32&21,
SUCCESS;145:edges = 175,fail_cases = 5,fault = 33&22&34&23&28&29&30&32&21,
SUCCESS;146:edges = 176,fail_cases = 5,fault = 33&22&34&23&24&28&29&30&32&21,
SUCCESS;147:edges = 177,fail_cases = 5,fault = 33&22&34&23&24&25&28&29&30&32&21,
SUCCESS;148:edges = 178,fail_cases = 5,fault = 33&22&34&23&24&25&26&28&29&30&32&21,
FAIL;149:edges = 178,fail_cases = 6,fault = 33&34&28&29&30&31&32,
SUCCESS;150:edges = 180,fail_cases = 6,fault = 35,
SUCCESS;151:edges = 181,fail_cases = 6,fault = 35&32,
SUCCESS;152:edges = 182,fail_cases = 6,fault = 33&35&32,
SUCCESS;153:edges = 183,fail_cases = 6,fault = 33&34&35&32,
SUCCESS;154:edges = 184,fail_cases = 6,fault = 33&34&35&28&32,
SUCCESS;155:edges = 185,fail_cases = 6,fault = 33&34&35&28&29&32,
SUCCESS;156:edges = 186,fail_cases = 6,fault = 33&34&35&28&29&30&32,
SUCCESS;157:edges = 188,fail_cases = 6,fault = 35&36,
SUCCESS;158:edges = 189,fail_cases = 6,fault = 35&36&32,
SUCCESS;159:edges = 190,fail_cases = 6,fault = 33&35&36&32,
SUCCESS;160:edges = 191,fail_cases = 6,fault = 33&34&35&36&32,
SUCCESS;161:edges = 192,fail_cases = 6,fault = 33&34&35&36&28&32,
SUCCESS;162:edges = 193,fail_cases = 6,fault = 33&34&35&36&28&29&32,
SUCCESS;163:edges = 194,fail_cases = 6,fault = 33&34&35&36&28&29&30&32,
SUCCESS;164:edges = 196,fail_cases = 6,fault = 35&36&37,
SUCCESS;165:edges = 197,fail_cases = 6,fault = 35&36&37&32,
SUCCESS;166:edges = 198,fail_cases = 6,fault = 33&35&36&37&32,
SUCCESS;167:edges = 199,fail_cases = 6,fault = 33&34&35&36&37&32,
SUCCESS;168:edges = 200,fail_cases = 6,fault = 33&34&35&36&37&28&32,
SUCCESS;169:edges = 201,fail_cases = 6,fault = 33&34&35&36&37&28&29&32,
SUCCESS;170:edges = 202,fail_cases = 6,fault = 33&34&35&36&37&28&29&30&32,
FAIL;171:edges = 202,fail_cases = 7,fault = 35&36&37&38,
SUCCESS;172:edges = 204,fail_cases = 7,fault = 39,
SUCCESS;173:edges = 205,fail_cases = 7,fault = 35&39,
SUCCESS;174:edges = 206,fail_cases = 7,fault = 35&36&39,
SUCCESS;175:edges = 207,fail_cases = 7,fault = 35&36&37&39,
SUCCESS;176:edges = 209,fail_cases = 7,fault = 39&40,
SUCCESS;177:edges = 210,fail_cases = 7,fault = 35&39&40,
SUCCESS;178:edges = 211,fail_cases = 7,fault = 35&36&39&40,
SUCCESS;179:edges = 212,fail_cases = 7,fault = 35&36&37&39&40,
SUCCESS;180:edges = 214,fail_cases = 7,fault = 39&40&41,
SUCCESS;181:edges = 215,fail_cases = 7,fault = 35&39&40&41,
SUCCESS;182:edges = 216,fail_cases = 7,fault = 35&36&39&40&41,
SUCCESS;183:edges = 217,fail_cases = 7,fault = 35&36&37&39&40&41,
SUCCESS;184:edges = 219,fail_cases = 7,fault = 39&40&41&42,
SUCCESS;185:edges = 220,fail_cases = 7,fault = 35&39&40&41&42,
SUCCESS;186:edges = 221,fail_cases = 7,fault = 35&36&39&40&41&42,
SUCCESS;187:edges = 222,fail_cases = 7,fault = 35&36&37&39&40&41&42,
FAIL;188:edges = 222,fail_cases = 8,fault = 39&40&41&42&43,
SUCCESS;189:edges = 224,fail_cases = 8,fault = 44,
SUCCESS;190:edges = 225,fail_cases = 8,fault = 44&39,
SUCCESS;191:edges = 226,fail_cases = 8,fault = 44&39&40,
SUCCESS;192:edges = 227,fail_cases = 8,fault = 44&39&40&41,
SUCCESS;193:edges = 228,fail_cases = 8,fault = 44&39&40&41&42,
FAIL;194:edges = 228,fail_cases = 9,fault = 44&45,
SUCCESS;195:edges = 229,fail_cases = 9,fault = 48,
SUCCESS;196:edges = 230,fail_cases = 9,fault = 44&48,
SUCCESS;197:edges = 231,fail_cases = 9,fault = 48&49,
SUCCESS;198:edges = 232,fail_cases = 9,fault = 44&48&49,
SUCCESS;199:edges = 233,fail_cases = 9,fault = 48&49&50,
SUCCESS;200:edges = 234,fail_cases = 9,fault = 44&48&49&50,
SUCCESS;201:edges = 235,fail_cases = 9,fault = 48&49&50&51,
SUCCESS;202:edges = 236,fail_cases = 9,fault = 44&48&49&50&51,
SUCCESS;203:edges = 237,fail_cases = 9,fault = 48&49&50&51&52,
SUCCESS;204:edges = 238,fail_cases = 9,fault = 44&48&49&50&51&52,
SUCCESS;205:edges = 239,fail_cases = 9,fault = 46&48&49&50&51&52,
SUCCESS;206:edges = 240,fail_cases = 9,fault = 44&46&48&49&50&51&52,
FAIL;207:edges = 240,fail_cases = 10,fault = 46&47&48&49&50&51&52,