SUCCESS;0:edges = 19,fail_cases = 0,fault = ,
SUCCESS;1:edges = 20,fail_cases = 0,fault = 1,
SUCCESS;2:edges = 21,fail_cases = 0,fault = 1&2,
SUCCESS;3:edges = 22,fail_cases = 0,fault = 1&2&3,
SUCCESS;4:edges = 23,fail_cases = 0,fault = 1&2&3&4,
SUCCESS;5:edges = 24,fail_cases = 0,fault = 1&2&3&4&5,
SUCCESS;6:edges = 25,fail_cases = 0,fault = 1&2&3&4&5&6,
SUCCESS;7:edges = 26,fail_cases = 0,fault = 1&2&3&4&5&6&7,
FAIL;8:edges = 26,fail_cases = 1,fault = 1&2&3&4&5&6&7&8,
SUCCESS;9:edges = 28,fail_cases = 1,fault = 9,
SUCCESS;10:edges = 29,fail_cases = 1,fault = 1&9,
SUCCESS;11:edges = 30,fail_cases = 1,fault = 1&2&9,
SUCCESS;12:edges = 31,fail_cases = 1,fault = 1&2&3&9,
SUCCESS;13:edges = 32,fail_cases = 1,fault = 1&2&3&4&9,
SUCCESS;14:edges = 33,fail_cases = 1,fault = 1&2&3&4&5&9,
SUCCESS;15:edges = 34,fail_cases = 1,fault = 1&2&3&4&5&6&9,
SUCCESS;16:edges = 35,fail_cases = 1,fault = 1&2&3&4&5&6&7&9,
SUCCESS;17:edges = 37,fail_cases = 1,fault = 9&10,
SUCCESS;18:edges = 38,fail_cases = 1,fault = 1&9&10,
SUCCESS;19:edges = 39,fail_cases = 1,fault = 1&2&9&10,
SUCCESS;20:edges = 40,fail_cases = 1,fault = 1&2&3&9&10,
SUCCESS;21:edges = 41,fail_cases = 1,fault = 1&2&3&4&9&10,
SUCCESS;22:edges = 42,fail_cases = 1,fault = 1&2&3&4&5&9&10,
SUCCESS;23:edges = 43,fail_cases = 1,fault = 1&2&3&4&5&6&9&10,
SUCCESS;24:edges = 44,fail_cases = 1,fault = 1&2&3&4&5&6&7&9&10,
SUCCESS;25:edges = 46,fail_cases = 1,fault = 11&9&10,
SUCCESS;26:edges = 47,fail_cases = 1,fault = 11&1&9&10,
SUCCESS;27:edges = 48,fail_cases = 1,fault = 11&1&2&9&10,
SUCCESS;28:edges = 49,fail_cases = 1,fault = 11&1&2&3&9&10,
SUCCESS;29:edges = 50,fail_cases = 1,fault = 11&1&2&3&4&9&10,
SUCCESS;30:edges = 51,fail_cases = 1,fault = 11&1&2&3&4&5&9&10,
SUCCESS;31:edges = 52,fail_cases = 1,fault = 11&1&2&3&4&5&6&9&10,
SUCCESS;32:edges = 53,fail_cases = 1,fault = 11&1&2&3&4&5&6&7&9&10,
FAIL;33:edges = 53,fail_cases = 2,fault = 11&12&9&10,
SUCCESS;34:edges = 55,fail_cases = 2,fault = 13,
SUCCESS;35:edges = 56,fail_cases = 2,fault = 13&9,
SUCCESS;36:edges = 57,fail_cases = 2,fault = 13&9&10,
SUCCESS;37:edges = 58,fail_cases = 2,fault = 11&13&9&10,
FAIL;38:edges = 58,fail_cases = 3,fault = 13&14,
SUCCESS;39:edges = 60,fail_cases = 3,fault = 16,
SUCCESS;40:edges = 61,fail_cases = 3,fault = 13&16,
SUCCESS;41:edges = 63,fail_cases = 3,fault = 16&17,
SUCCESS;42:edges = 64,fail_cases = 3,fault = 13&16&17,
FAIL;43:edges = 64,fail_cases = 4,fault = 15&16&17,
SUCCESS;44:edges = 66,fail_cases = 4,fault = 18,
SUCCESS;45:edges = 67,fail_cases = 4,fault = 17&18,
FAIL;46:edges = 67,fail_cases = 5,fault = 15&17&18,
FAIL;47:edges = 67,fail_cases = 6,fault = 18&19,
SUCCESS;48:edges = 69,fail_cases = 6,fault = 20,
SUCCESS;49:edges = 70,fail_cases = 6,fault = 18&20,
SUCCESS;50:edges = 72,fail_cases = 6,fault = 20&21,
SUCCESS;51:edges = 73,fail_cases = 6,fault = 18&20&21,
SUCCESS;52:edges = 75,fail_cases = 6,fault = 22&20&21,
SUCCESS;53:edges = 76,fail_cases = 6,fault = 22&18&20&21,
SUCCESS;54:edges = 78,fail_cases = 6,fault = 22&23&20&21,
SUCCESS;55:edges = 79,fail_cases = 6,fault = 22&23&18&20&21,
SUCCESS;56:edges = 81,fail_cases = 6,fault = 22&23&24&20&21,
SUCCESS;57:edges = 82,fail_cases = 6,fault = 22&23&24&18&20&21,
SUCCESS;58:edges = 84,fail_cases = 6,fault = 22&23&24&25&20&21,
SUCCESS;59:edges = 85,fail_cases = 6,fault = 22&23&24&25&18&20&21,
FAIL;60:edges = 85,fail_cases = 7,fault = 22&23&24&25&26&20&21,
SUCCESS;61:edges = 87,fail_cases = 7,fault = 27,
SUCCESS;62:edges = 88,fail_cases = 7,fault = 27&20,
SUCCESS;63:edges = 89,fail_cases = 7,fault = 27&20&21,
SUCCESS;64:edges = 90,fail_cases = 7,fault = 22&27&20&21,
SUCCESS;65:edges = 91,fail_cases = 7,fault = 22&23&27&20&21,
SUCCESS;66:edges = 92,fail_cases = 7,fault = 22&23&24&27&20&21,
SUCCESS;67:edges = 93,fail_cases = 7,fault = 22&23&24&25&27&20&21,
FAIL;68:edges = 93,fail_cases = 8,fault = 27&28,
SUCCESS;69:edges = 95,fail_cases = 8,fault = 29,
SUCCESS;70:edges = 96,fail_cases = 8,fault = 27&29,
FAIL;71:edges = 96,fail_cases = 9,fault = 29&30,
SUCCESS;72:edges = 98,fail_cases = 9,fault = 32,
SUCCESS;73:edges = 99,fail_cases = 9,fault = 29&32,
FAIL;74:edges = 99,fail_cases = 10,fault = 31&32,
SUCCESS;75:edges = 101,fail_cases = 10,fault = 33,
SUCCESS;76:edges = 102,fail_cases = 10,fault = 33&32,
SUCCESS;77:edges = 104,fail_cases = 10,fault = 33&34,
SUCCESS;78:edges = 105,fail_cases = 10,fault = 33&34&32,
SUCCESS;79:edges = 107,fail_cases = 10,fault = 33&34&35,
SUCCESS;80:edges = 108,fail_cases = 10,fault = 33&34&35&32,
SUCCESS;81:edges = 110,fail_cases = 10,fault = 33&34&35&36,
SUCCESS;82:edges = 111,fail_cases = 10,fault = 33&34&35&36&32,
FAIL;83:edges = 111,fail_cases = 11,fault = 33&34&35&36&37,
SUCCESS;84:edges = 113,fail_cases = 11,fault = 38,
SUCCESS;85:edges = 114,fail_cases = 11,fault = 33&38,
SUCCESS;86:edges = 115,fail_cases = 11,fault = 33&34&38,
SUCCESS;87:edges = 116,fail_cases = 11,fault = 33&34&35&38,
SUCCESS;88:edges = 117,fail_cases = 11,fault = 33&34&35&36&38,
SUCCESS;89:edges = 119,fail_cases = 11,fault = 38&39,
SUCCESS;90:edges = 120,fail_cases = 11,fault = 33&38&39,
SUCCESS;91:edges = 121,fail_cases = 11,fault = 33&34&38&39,
SUCCESS;92:edges = 122,fail_cases = 11,fault = 33&34&35&38&39,
SUCCESS;93:edges = 123,fail_cases = 11,fault = 33&34&35&36&38&39,
SUCCESS;94:edges = 125,fail_cases = 11,fault = 38&39&40,
SUCCESS;95:edges = 126,fail_cases = 11,fault = 33&38&39&40,
SUCCESS;96:edges = 127,fail_cases = 11,fault = 33&34&38&39&40,
SUCCESS;97:edges = 128,fail_cases = 11,fault = 33&34&35&38&39&40,
SUCCESS;98:edges = 129,fail_cases = 11,fault = 33&34&35&36&38&39&40,
SUCCESS;99:edges = 131,fail_cases = 11,fault = 38&39&40&41,
SUCCESS;100:edges = 132,fail_cases = 11,fault = 34&38&39&40&41,
SUCCESS;101:edges = 133,fail_cases = 11,fault = 34&35&38&39&40&41,
SUCCESS;102:edges = 134,fail_cases = 11,fault = 34&35&36&38&39&40&41,
FAIL;103:edges = 134,fail_cases = 12,fault = 34&35&36&37&38&39&40&41,
FAIL;104:edges = 134,fail_cases = 13,fault = 38&39&40&41&42,
SUCCESS;105:edges = 136,fail_cases = 13,fault = 48,
SUCCESS;106:edges = 137,fail_cases = 13,fault = 48&38,
SUCCESS;107:edges = 138,fail_cases = 13,fault = 48&38&39,
SUCCESS;108:edges = 139,fail_cases = 13,fault = 48&38&39&40,
SUCCESS;109:edges = 140,fail_cases = 13,fault = 48&38&39&40&41,
SUCCESS;110:edges = 142,fail_cases = 13,fault = 48&49,
SUCCESS;111:edges = 143,fail_cases = 13,fault = 48&49&38,
SUCCESS;112:edges = 144,fail_cases = 13,fault = 48&49&38&39,
SUCCESS;113:edges = 145,fail_cases = 13,fault = 48&49&38&39&40,
SUCCESS;114:edges = 146,fail_cases = 13,fault = 48&49&38&39&40&41,
SUCCESS;115:edges = 148,fail_cases = 13,fault = 44&48&49,
SUCCESS;116:edges = 149,fail_cases = 13,fault = 44&48&49&38,
SUCCESS;117:edges = 150,fail_cases = 13,fault = 44&48&49&38&40,
SUCCESS;118:edges = 151,fail_cases = 13,fault = 44&48&49&38&40&41,
SUCCESS;119:edges = 153,fail_cases = 13,fault = 44&34&35&36&48&37&49&38&40&41,
SUCCESS;120:edges = 155,fail_cases = 13,fault = 44&34&35&46&36&48&37&49&38&40&41,
SUCCESS;121:edges = 158,fail_cases = 13,fault = 44&34&35&46&36&47&48&37&49&38&40&41,
SUCCESS;122:edges = 160,fail_cases = 13,fault = 44&34&35&46&36&47&48&37&49&38&40&51&41,
SUCCESS;123:edges = 162,fail_cases = 13,fault = 44&34&35&46&36&47&48&37&49&38&40&51&41&52,
FAIL;124:edges = 162,fail_cases = 14,fault = 44&34&35&46&36&47&48&37&49&38&40&51&41&52&53,
FAIL;125:edges = 162,fail_cases = 15,fault = 44&34&35&46&36&47&48&37&49&38&40&41&43,
FAIL;126:edges = 162,fail_cases = 16,fault = 44&46&47&48&49&38&40&41&42&43,
SUCCESS;127:edges = 163,fail_cases = 16,fault = 44&45&48&49&39,
SUCCESS;128:edges = 164,fail_cases = 16,fault = 44&45&46&48&49&39,
FAIL;129:edges = 164,fail_cases = 17,fault = 44&46&47&48&49&38&40&51&41&52&42&53,
SUCCESS;130:edges = 165,fail_cases = 17,fault = 39&50,
SUCCESS;131:edges = 166,fail_cases = 17,fault = 44&45&48&49&38&39,
SUCCESS;132:edges = 167,fail_cases = 17,fault = 44&45&46&48&49&38&39,
SUCCESS;133:edges = 168,fail_cases = 17,fault = 44&45&48&49&38&39&40,
SUCCESS;134:edges = 169,fail_cases = 17,fault = 44&45&46&48&49&38&39&40,
SUCCESS;135:edges = 170,fail_cases = 17,fault = 44&45&46&47&48&49&39,
SUCCESS;136:edges = 171,fail_cases = 17,fault = 44&45&46&47&48&49&38&39,
SUCCESS;137:edges = 172,fail_cases = 17,fault = 44&45&48&49&38&39&40&41,
SUCCESS;138:edges = 173,fail_cases = 17,fault = 44&45&46&47&48&49&38&39&40,
SUCCESS;139:edges = 174,fail_cases = 17,fault = 48&38&39&50&40&41,
SUCCESS;140:edges = 175,fail_cases = 17,fault = 38&39&50&51&40&41,
SUCCESS;141:edges = 176,fail_cases = 17,fault = 48&49&38&39&50&40&41,
SUCCESS;142:edges = 177,fail_cases = 17,fault = 44&45&46&48&49&38&39&40&41&43,
SUCCESS;143:edges = 178,fail_cases = 17,fault = 50&51&52&43,
SUCCESS;144:edges = 179,fail_cases = 17,fault = 49&50&51&53&43,
SUCCESS;145:edges = 180,fail_cases = 17,fault = 48&49&50&52&43,
SUCCESS;146:edges = 181,fail_cases = 17,fault = 48&50&51&52&43,
SUCCESS;147:edges = 182,fail_cases = 17,fault = 48&49&50&51&52&43,
SUCCESS;148:edges = 183,fail_cases = 17,fault = 44&48&49&50&43,
SUCCESS;149:edges = 184,fail_cases = 17,fault = 44&34&35&36&48&37&49&38&50&40&41&43,
SUCCESS;150:edges = 185,fail_cases = 17,fault = 44&34&35&46&36&48&37&49&38&50&40&41&43,
FAIL;151:edges = 185,fail_cases = 18,fault = 44&45&46&47&48&49&43,
SUCCESS;152:edges = 186,fail_cases = 18,fault = 44&49&50&51&53&43,
SUCCESS;153:edges = 187,fail_cases = 18,fault = 44&34&35&36&37&48&49&38&50&51&40&41&43,
SUCCESS;154:edges = 188,fail_cases = 18,fault = 44&34&35&46&36&37&49&38&50&51&40&41&53&43,
FAIL;155:edges = 188,fail_cases = 19,fault = 44&34&35&46&36&47&37&49&38&50&51&40&41&53&43,
FAIL;156:edges = 188,fail_cases = 20,fault = 44&46&47&49&38&50&51&40&41&42&53&43,
FAIL;157:edges = 188,fail_cases = 21,fault = 44&45&46&47&48&49&51&52&53,
SUCCESS;158:edges = 189,fail_cases = 21,fault = 44&48&49&50&51&52&43,
SUCCESS;159:edges = 190,fail_cases = 21,fault = 44&34&35&36&48&37&49&38&50&51&40&52&41&43,
SUCCESS;160:edges = 191,fail_cases = 21,fault = 44&34&35&46&36&48&37&49&38&50&51&40&52&41&43,
FAIL;161:edges = 191,fail_cases = 22,fault = 44&45&46&47&49&50&51&53&43,
FAIL;162:edges = 191,fail_cases = 23,fault = 50&51&52&53,
SUCCESS;163:edges = 193,fail_cases = 23,fault = 54,
SUCCESS;164:edges = 194,fail_cases = 23,fault = 44&34&35&46&36&47&48&37&49&38&40&41&54,
SUCCESS;165:edges = 195,fail_cases = 23,fault = 44&34&35&46&36&47&48&37&49&38&40&51&41&54,
SUCCESS;166:edges = 196,fail_cases = 23,fault = 44&34&35&46&36&47&37&49&38&50&51&40&41&54&43,
SUCCESS;167:edges = 198,fail_cases = 23,fault = 55&54,
SUCCESS;168:edges = 199,fail_cases = 23,fault = 55&44&34&35&46&36&47&48&37&49&38&40&41&54,
SUCCESS;169:edges = 200,fail_cases = 23,fault = 55&44&34&35&46&36&47&48&37&49&38&40&51&41&54,
SUCCESS;170:edges = 201,fail_cases = 23,fault = 55&44&34&35&46&36&47&37&49&38&50&51&40&41&54&43,
SUCCESS;171:edges = 203,fail_cases = 23,fault = 55&56&54,
SUCCESS;172:edges = 204,fail_cases = 23,fault = 55&44&56&34&35&46&36&47&48&37&49&38&40&41&54,
SUCCESS;173:edges = 205,fail_cases = 23,fault = 55&44&56&34&35&46&36&47&48&37&49&38&40&51&41&54,
SUCCESS;174:edges = 206,fail_cases = 23,fault = 55&44&56&34&35&46&36&47&48&37&49&38&40&51&41&52&54,
SUCCESS;175:edges = 208,fail_cases = 23,fault = 55&56&57&54,
SUCCESS;176:edges = 209,fail_cases = 23,fault = 55&44&56&34&57&35&46&36&47&48&37&49&38&40&41&54,
SUCCESS;177:edges = 210,fail_cases = 23,fault = 55&44&56&34&57&35&46&36&47&48&37&49&38&40&51&41&54,
SUCCESS;178:edges = 211,fail_cases = 23,fault = 55&44&56&34&57&35&46&36&47&37&49&38&50&51&40&41&54&43,
SUCCESS;179:edges = 213,fail_cases = 23,fault = 55&56&57&58&54,
SUCCESS;180:edges = 214,fail_cases = 23,fault = 55&44&56&34&57&35&46&58&36&47&48&37&49&38&40&41&54,
SUCCESS;181:edges = 215,fail_cases = 23,fault = 55&44&56&34&57&35&46&58&36&47&48&37&49&38&40&51&41&54,
SUCCESS;182:edges = 216,fail_cases = 23,fault = 55&44&56&34&57&35&46&58&36&47&37&49&38&50&51&40&41&54&43,
FAIL;183:edges = 216,fail_cases = 24,fault = 55&56&57&58&59&54,
SUCCESS;184:edges = 218,fail_cases = 24,fault = 64,
SUCCESS;185:edges = 219,fail_cases = 24,fault = 55&64,
SUCCESS;186:edges = 220,fail_cases = 24,fault = 55&56&64,
SUCCESS;187:edges = 221,fail_cases = 24,fault = 55&56&57&64,
SUCCESS;188:edges = 222,fail_cases = 24,fault = 55&56&57&58&64,
SUCCESS;189:edges = 224,fail_cases = 24,fault = 55&56&57&58&59&64,
SUCCESS;190:edges = 226,fail_cases = 24,fault = 55&66&56&57&58&59&64,
SUCCESS;191:edges = 228,fail_cases = 24,fault = 55&66&56&57&58&59&60&64,
SUCCESS;192:edges = 229,fail_cases = 24,fault = 64&65&54,
SUCCESS;193:edges = 230,fail_cases = 24,fault = 55&64&65&54,
SUCCESS;194:edges = 231,fail_cases = 24,fault = 66&64&65&54,
SUCCESS;195:edges = 232,fail_cases = 24,fault = 55&56&64&65&54,
SUCCESS;196:edges = 233,fail_cases = 24,fault = 66&60&64&65&54,
SUCCESS;197:edges = 234,fail_cases = 24,fault = 66&55&64&65&54,
SUCCESS;198:edges = 235,fail_cases = 24,fault = 66&55&56&64&65&54,
SUCCESS;199:edges = 237,fail_cases = 24,fault = 55&66&56&57&58&59&60&61&64,
SUCCESS;200:edges = 238,fail_cases = 24,fault = 66&60&61&64&65&54,
SUCCESS;201:edges = 239,fail_cases = 24,fault = 66&55&60&64&65&54,
SUCCESS;202:edges = 240,fail_cases = 24,fault = 66&55&60&61&64&65&54,
SUCCESS;203:edges = 241,fail_cases = 24,fault = 66&55&56&60&64&65&54,
SUCCESS;204:edges = 242,fail_cases = 24,fault = 55&56&57&60&64&65&54,
SUCCESS;205:edges = 243,fail_cases = 24,fault = 66&55&56&57&60&64&65&54,
SUCCESS;206:edges = 244,fail_cases = 24,fault = 66&55&56&60&61&64&65&54,
SUCCESS;207:edges = 245,fail_cases = 24,fault = 55&56&57&58&64&65&54,
SUCCESS;208:edges = 246,fail_cases = 24,fault = 66&55&56&58&61&62&64&65&54,
SUCCESS;209:edges = 248,fail_cases = 24,fault = 66&55&56&58&59&61&62&64&65&54,
FAIL;210:edges = 248,fail_cases = 25,fault = 66&55&56&58&59&61&62&63&64&65&54,
SUCCESS;211:edges = 249,fail_cases = 25,fault = 66&57&60&61&62&64&65,
FAIL;212:edges = 249,fail_cases = 26,fault = 55&66&56&57&58&59&60&61&62&63&64,
SUCCESS;213:edges = 250,fail_cases = 26,fault = 66&57&60&61&62&64&65&54,
SUCCESS;214:edges = 251,fail_cases = 26,fault = 66&55&56&57&58&60&64&65&54,
SUCCESS;215:edges = 252,fail_cases = 26,fault = 66&55&56&57&60&61&64&65&54,
SUCCESS;216:edges = 253,fail_cases = 26,fault = 66&55&56&57&58&60&61&64&65&54,
SUCCESS;217:edges = 254,fail_cases = 26,fault = 66&55&57&60&61&62&64&65&54,
SUCCESS;218:edges = 255,fail_cases = 26,fault = 66&55&56&57&60&61&62&64&65&54,
SUCCESS;219:edges = 256,fail_cases = 26,fault = 66&55&56&57&58&60&61&62&64&65&54,
FAIL;220:edges = 256,fail_cases = 27,fault = 66&60&61&62&63&64&65,
SUCCESS;221:edges = 258,fail_cases = 27,fault = 67,
SUCCESS;222:edges = 259,fail_cases = 27,fault = 67&64,
SUCCESS;223:edges = 260,fail_cases = 27,fault = 55&67&56&57&58&59&64,
SUCCESS;224:edges = 261,fail_cases = 27,fault = 55&66&67&56&57&58&59&64,
SUCCESS;225:edges = 262,fail_cases = 27,fault = 66&55&67&56&58&59&64&65&54,
SUCCESS;226:edges = 263,fail_cases = 27,fault = 55&66&67&56&57&58&59&60&61&64,
SUCCESS;227:edges = 264,fail_cases = 27,fault = 55&66&67&56&57&58&59&60&61&62&64,
SUCCESS;228:edges = 266,fail_cases = 27,fault = 67&68,
SUCCESS;229:edges = 267,fail_cases = 27,fault = 67&68&64,
SUCCESS;230:edges = 268,fail_cases = 27,fault = 55&67&56&68&57&58&59&64,
SUCCESS;231:edges = 269,fail_cases = 27,fault = 55&66&67&56&68&57&58&59&64,
SUCCESS;232:edges = 270,fail_cases = 27,fault = 55&66&67&56&68&57&58&59&60&64,
SUCCESS;233:edges = 271,fail_cases = 27,fault = 66&55&67&56&68&58&59&61&64&65&54,
SUCCESS;234:edges = 272,fail_cases = 27,fault = 55&66&67&56&68&57&58&59&60&61&62&64,
SUCCESS;235:edges = 274,fail_cases = 27,fault = 67&68&69,
SUCCESS;236:edges = 275,fail_cases = 27,fault = 67&68&69&64,
SUCCESS;237:edges = 276,fail_cases = 27,fault = 55&67&56&68&57&69&58&59&64,
SUCCESS;238:edges = 277,fail_cases = 27,fault = 55&66&67&56&68&57&69&58&59&64,
SUCCESS;239:edges = 278,fail_cases = 27,fault = 66&55&67&56&68&69&58&59&64&65&54,
SUCCESS;240:edges = 279,fail_cases = 27,fault = 66&55&67&56&68&69&58&59&61&64&65&54,
SUCCESS;241:edges = 280,fail_cases = 27,fault = 66&55&67&56&68&69&58&59&61&62&64&65&54,
SUCCESS;242:edges = 282,fail_cases = 27,fault = 67&68&69&70,
SUCCESS;243:edges = 283,fail_cases = 27,fault = 67&68&69&70&64,
SUCCESS;244:edges = 284,fail_cases = 27,fault = 55&67&56&68&57&69&58&59&70&64,
SUCCESS;245:edges = 285,fail_cases = 27,fault = 55&66&67&56&68&57&69&58&59&70&64,
SUCCESS;246:edges = 286,fail_cases = 27,fault = 66&55&67&56&68&69&58&59&70&64&65&54,
SUCCESS;247:edges = 287,fail_cases = 27,fault = 55&66&67&56&68&57&69&58&59&70&60&61&64,
SUCCESS;248:edges = 288,fail_cases = 27,fault = 55&66&67&56&68&57&69&58&59&70&60&61&62&64,
FAIL;249:edges = 288,fail_cases = 28,fault = 67&68&69&70&71,
SUCCESS;250:edges = 290,fail_cases = 28,fault = 72,
SUCCESS;251:edges = 291,fail_cases = 28,fault = 67&72,
SUCCESS;252:edges = 292,fail_cases = 28,fault = 67&68&72,
SUCCESS;253:edges = 293,fail_cases = 28,fault = 67&68&69&72,
SUCCESS;254:edges = 295,fail_cases = 28,fault = 67&68&69&71&72,
SUCCESS;255:edges = 296,fail_cases = 28,fault = 70&72&73,
SUCCESS;256:edges = 298,fail_cases = 28,fault = 67&68&69&71&72&74,
SUCCESS;257:edges = 299,fail_cases = 28,fault = 68&70&72&73,
SUCCESS;258:edges = 300,fail_cases = 28,fault = 68&69&70&72&73,
SUCCESS;259:edges = 302,fail_cases = 28,fault = 67&68&69&71&72&74&75,
SUCCESS;260:edges = 303,fail_cases = 28,fault = 68&69&70&71&72&73,
SUCCESS;261:edges = 305,fail_cases = 28,fault = 67&68&69&71&72&74&75&76,
SUCCESS;262:edges = 306,fail_cases = 28,fault = 68&69&70&71&72&73&75,
SUCCESS;263:edges = 307,fail_cases = 28,fault = 70&72&73&74&75&76,
SUCCESS;264:edges = 308,fail_cases = 28,fault = 67&70&72&73&74,
FAIL;265:edges = 308,fail_cases = 29,fault = 77&68&69&70&71&72&73&75&76,
FAIL;266:edges = 308,fail_cases = 30,fault = 77&67&68&69&71&72&74&75&76,
SUCCESS;267:edges = 309,fail_cases = 30,fault = 67&70&72&73&74&75,
SUCCESS;268:edges = 310,fail_cases = 30,fault = 67&70&72&73&74&75&76,
SUCCESS;269:edges = 311,fail_cases = 30,fault = 67&68&70&72&73&74,
SUCCESS;270:edges = 312,fail_cases = 30,fault = 67&68&69&70&72&73&74,
SUCCESS;271:edges = 313,fail_cases = 30,fault = 67&68&70&72&73&74&75,
SUCCESS;272:edges = 314,fail_cases = 30,fault = 67&68&69&70&72&73&74&75,
SUCCESS;273:edges = 315,fail_cases = 30,fault = 67&68&70&72&73&74&75&76,
SUCCESS;274:edges = 316,fail_cases = 30,fault = 67&68&69&70&72&73&74&75&76,
FAIL;275:edges = 316,fail_cases = 31,fault = 77&72&73&74&75&76,
SUCCESS;276:edges = 318,fail_cases = 31,fault = 80,
SUCCESS;277:edges = 319,fail_cases = 31,fault = 80&72,
SUCCESS;278:edges = 320,fail_cases = 31,fault = 67&68&69&80&71&72,
SUCCESS;279:edges = 321,fail_cases = 31,fault = 68&69&80&70&71&72&73,
SUCCESS;280:edges = 322,fail_cases = 31,fault = 67&68&69&80&71&72&74&75,
SUCCESS;281:edges = 324,fail_cases = 31,fault = 77&68&69&80&70&71&72&73&75,
SUCCESS;282:edges = 326,fail_cases = 31,fault = 77&67&78&68&69&80&71&72&74&75,
SUCCESS;283:edges = 329,fail_cases = 31,fault = 77&78&68&79&69&80&70&71&72&73&75,
FAIL;284:edges = 329,fail_cases = 32,fault = 77&67&78&68&79&69&80&71&82&72&74&75,
FAIL;285:edges = 329,fail_cases = 33,fault = 77&78&68&79&69&80&70&71&72&73&84&75,
SUCCESS;286:edges = 330,fail_cases = 33,fault = 77&78&68&79&69&80&70&71&72&73&75&86,
FAIL;287:edges = 330,fail_cases = 34,fault = 77&67&78&68&79&69&80&71&72&84&74&75,
SUCCESS;288:edges = 331,fail_cases = 34,fault = 77&67&78&68&79&69&80&71&72&74&75&86&87,
FAIL;289:edges = 331,fail_cases = 35,fault = 77&78&68&79&69&80&70&71&82&72&73&75,
SUCCESS;290:edges = 332,fail_cases = 35,fault = 77&88&67&78&68&79&69&80&71&72&74&75&86&87,
SUCCESS;291:edges = 333,fail_cases = 35,fault = 77&88&78&89&68&79&69&80&70&71&72&73&75&86&87,
SUCCESS;292:edges = 334,fail_cases = 35,fault = 77&88&78&89&68&79&69&90&80&70&71&72&73&75&86&87,
FAIL;293:edges = 334,fail_cases = 36,fault = 77&88&67&78&89&68&79&69&90&80&92&71&72&74&75&86&87,
FAIL;294:edges = 334,fail_cases = 37,fault = 77&88&78&89&68&79&69&90&80&70&92&71&72&73&75&86&87,
FAIL;295:edges = 334,fail_cases = 38,fault = 77&88&78&89&79&90&80&92&72&73&74&75&86&87,
FAIL;296:edges = 334,fail_cases = 39,fault = 77&78&79&80&82&72&73&74&75,
FAIL;297:edges = 334,fail_cases = 40,fault = 77&78&79&80&72&73&84&74&75,
SUCCESS;298:edges = 335,fail_cases = 40,fault = 80&81&76,
SUCCESS;299:edges = 336,fail_cases = 40,fault = 80&81&72&76,
SUCCESS;300:edges = 337,fail_cases = 40,fault = 67&68&69&80&81&71&72&76,
SUCCESS;301:edges = 338,fail_cases = 40,fault = 68&69&80&81&70&71&72&73&76,
SUCCESS;302:edges = 339,fail_cases = 40,fault = 67&68&69&80&81&71&72&74&75&76,
SUCCESS;303:edges = 340,fail_cases = 40,fault = 85&76,
SUCCESS;304:edges = 341,fail_cases = 40,fault = 83&76,
SUCCESS;305:edges = 342,fail_cases = 40,fault = 78&80&81&76,
SUCCESS;306:edges = 343,fail_cases = 40,fault = 78&79&80&81&76,
SUCCESS;307:edges = 344,fail_cases = 40,fault = 80&72&85&86&76,
SUCCESS;308:edges = 345,fail_cases = 40,fault = 80&83&72&76,
SUCCESS;309:edges = 346,fail_cases = 40,fault = 77&67&68&69&80&71&82&72&85&74&86&75&87,
SUCCESS;310:edges = 347,fail_cases = 40,fault = 88&77&68&69&80&70&71&82&72&73&85&86&75&87,
SUCCESS;311:edges = 348,fail_cases = 40,fault = 77&68&69&80&70&71&82&83&72&73&75,
SUCCESS;312:edges = 349,fail_cases = 40,fault = 77&78&68&69&80&70&71&82&83&72&73&75,
SUCCESS;313:edges = 350,fail_cases = 40,fault = 78&80&81&72&76,
SUCCESS;314:edges = 351,fail_cases = 40,fault = 78&67&68&69&80&81&71&72&76,
SUCCESS;315:edges = 352,fail_cases = 40,fault = 78&67&68&69&80&81&71&72&74&76,
SUCCESS;316:edges = 353,fail_cases = 40,fault = 78&67&68&69&80&81&71&72&74&75&76,
SUCCESS;317:edges = 354,fail_cases = 40,fault = 78&79&80&81&72&76,
SUCCESS;318:edges = 355,fail_cases = 40,fault = 78&67&79&68&69&80&81&71&72&76,
SUCCESS;319:edges = 356,fail_cases = 40,fault = 78&67&79&68&69&80&81&71&72&74&76,
SUCCESS;320:edges = 357,fail_cases = 40,fault = 78&67&79&68&69&80&81&71&72&74&75&76,
FAIL;321:edges = 357,fail_cases = 41,fault = 88&78&89&79&90&80&81&92&86&87,
FAIL;322:edges = 357,fail_cases = 42,fault = 78&79&80&81&84,
FAIL;323:edges = 357,fail_cases = 43,fault = 78&79&80&81&82,
FAIL;324:edges = 357,fail_cases = 44,fault = 83&84,
SUCCESS;325:edges = 358,fail_cases = 44,fault = 88&89&84&85&86&87,
SUCCESS;326:edges = 359,fail_cases = 44,fault = 88&89&90&84&85&86&87,
SUCCESS;327:edges = 360,fail_cases = 44,fault = 88&89&90&91&84&85&86&87,
FAIL;328:edges = 360,fail_cases = 45,fault = 88&89&90&92&83&86&87,
FAIL;329:edges = 360,fail_cases = 46,fault = 88&89&90&91&92&85&86&87,