SUCCESS;0:edges = 21,fail_cases = 0,fault = ,
SUCCESS;1:edges = 22,fail_cases = 0,fault = 1,
SUCCESS;2:edges = 23,fail_cases = 0,fault = 1&2,
SUCCESS;3:edges = 24,fail_cases = 0,fault = 1&2&3,
SUCCESS;4:edges = 25,fail_cases = 0,fault = 1&2&3&4,
FAIL;5:edges = 25,fail_cases = 1,fault = 1&2&3&4&5,
SUCCESS;6:edges = 27,fail_cases = 1,fault = 6,
SUCCESS;7:edges = 28,fail_cases = 1,fault = 1&6,
SUCCESS;8:edges = 29,fail_cases = 1,fault = 1&2&6,
SUCCESS;9:edges = 30,fail_cases = 1,fault = 1&2&3&6,
SUCCESS;10:edges = 31,fail_cases = 1,fault = 1&2&3&4&6,
SUCCESS;11:edges = 33,fail_cases = 1,fault = 6&7,
SUCCESS;12:edges = 34,fail_cases = 1,fault = 1&6&7,
SUCCESS;13:edges = 35,fail_cases = 1,fault = 1&2&6&7,
SUCCESS;14:edges = 36,fail_cases = 1,fault = 1&2&3&6&7,
SUCCESS;15:edges = 37,fail_cases = 1,fault = 1&2&3&4&6&7,
FAIL;16:edges = 37,fail_cases = 2,fault = 6&7&8,
SUCCESS;17:edges = 39,fail_cases = 2,fault = 9,
SUCCESS;18:edges = 40,fail_cases = 2,fault = 6&9,
SUCCESS;19:edges = 41,fail_cases = 2,fault = 6&7&9,
SUCCESS;20:edges = 43,fail_cases = 2,fault = 9&10,
SUCCESS;21:edges = 44,fail_cases = 2,fault = 6&9&10,
SUCCESS;22:edges = 45,fail_cases = 2,fault = 6&7&9&10,
SUCCESS;23:edges = 47,fail_cases = 2,fault = 11&9&10,
SUCCESS;24:edges = 48,fail_cases = 2,fault = 11&6&9&10,
SUCCESS;25:edges = 49,fail_cases = 2,fault = 11&6&7&9&10,
SUCCESS;26:edges = 51,fail_cases = 2,fault = 11&12&9&10,
SUCCESS;27:edges = 52,fail_cases = 2,fault = 11&12&6&9&10,
SUCCESS;28:edges = 53,fail_cases = 2,fault = 11&12&6&7&9&10,
SUCCESS;29:edges = 55,fail_cases = 2,fault = 11&12&13&9&10,
SUCCESS;30:edges = 56,fail_cases = 2,fault = 11&12&13&6&9&10,
SUCCESS;31:edges = 57,fail_cases = 2,fault = 11&12&13&6&7&9&10,
SUCCESS;32:edges = 59,fail_cases = 2,fault = 11&12&13&14&9&10,
SUCCESS;33:edges = 60,fail_cases = 2,fault = 11&12&13&14&6&9&10,
SUCCESS;34:edges = 61,fail_cases = 2,fault = 11&12&13&14&6&7&9&10,
FAIL;35:edges = 61,fail_cases = 3,fault = 11&12&13&14&15&9&10,
SUCCESS;36:edges = 64,fail_cases = 3,fault = 16,
SUCCESS;37:edges = 65,fail_cases = 3,fault = 16&9,
SUCCESS;38:edges = 66,fail_cases = 3,fault = 18&9&10,
SUCCESS;39:edges = 67,fail_cases = 3,fault = 11&16&9&10,
SUCCESS;40:edges = 68,fail_cases = 3,fault = 11&12&18&9&10,
SUCCESS;41:edges = 69,fail_cases = 3,fault = 11&12&13&18&9&10,
SUCCESS;42:edges = 70,fail_cases = 3,fault = 11&12&13&14&16&9&10,
FAIL;43:edges = 70,fail_cases = 4,fault = 16&17,
SUCCESS;44:edges = 72,fail_cases = 4,fault = 16&19,
SUCCESS;45:edges = 74,fail_cases = 4,fault = 16&19&20,
SUCCESS;46:edges = 76,fail_cases = 4,fault = 16&19&20&21,
SUCCESS;47:edges = 78,fail_cases = 4,fault = 22&16&19&20&21,
SUCCESS;48:edges = 79,fail_cases = 4,fault = 17&18,
SUCCESS;49:edges = 81,fail_cases = 4,fault = 22&23&16&19&20&21,
FAIL;50:edges = 81,fail_cases = 5,fault = 22&23&24&16&19&20&21,
SUCCESS;51:edges = 82,fail_cases = 5,fault = 17&18&20,
SUCCESS;52:edges = 83,fail_cases = 5,fault = 17&18&20&21,
SUCCESS;53:edges = 84,fail_cases = 5,fault = 22&17&18&20&21,
SUCCESS;54:edges = 85,fail_cases = 5,fault = 22&23&17&18&20&21,
FAIL;55:edges = 85,fail_cases = 6,fault = 22&23&24&17&18&20&21,
FAIL;56:edges = 85,fail_cases = 7,fault = 22&23&24&18&19&20&21,
SUCCESS;57:edges = 87,fail_cases = 7,fault = 32,
SUCCESS;58:edges = 88,fail_cases = 7,fault = 16&32,
SUCCESS;59:edges = 89,fail_cases = 7,fault = 16&19&32,
SUCCESS;60:edges = 90,fail_cases = 7,fault = 16&19&20&32,
SUCCESS;61:edges = 91,fail_cases = 7,fault = 17&18&20&32&21,
SUCCESS;62:edges = 92,fail_cases = 7,fault = 22&16&19&20&32&21,
SUCCESS;63:edges = 93,fail_cases = 7,fault = 22&23&17&18&20&32&21,
SUCCESS;64:edges = 95,fail_cases = 7,fault = 25&32,
SUCCESS;65:edges = 96,fail_cases = 7,fault = 25&16&32,
SUCCESS;66:edges = 97,fail_cases = 7,fault = 25&16&19&32,
SUCCESS;67:edges = 98,fail_cases = 7,fault = 25&17&18&20&32,
SUCCESS;68:edges = 99,fail_cases = 7,fault = 25&17&18&20&32&21,
SUCCESS;69:edges = 100,fail_cases = 7,fault = 22&25&17&18&20&32&21,
SUCCESS;70:edges = 101,fail_cases = 7,fault = 22&23&25&17&18&20&32&21,
SUCCESS;71:edges = 103,fail_cases = 7,fault = 25&26&32,
SUCCESS;72:edges = 104,fail_cases = 7,fault = 25&26&16&32,
SUCCESS;73:edges = 105,fail_cases = 7,fault = 25&26&17&18&32,
SUCCESS;74:edges = 106,fail_cases = 7,fault = 25&26&17&18&20&32,
SUCCESS;75:edges = 107,fail_cases = 7,fault = 25&26&16&19&20&32&21,
SUCCESS;76:edges = 108,fail_cases = 7,fault = 22&25&26&16&19&20&32&21,
SUCCESS;77:edges = 109,fail_cases = 7,fault = 22&23&25&26&17&18&20&32&21,
SUCCESS;78:edges = 111,fail_cases = 7,fault = 25&26&27&32,
SUCCESS;79:edges = 112,fail_cases = 7,fault = 25&26&27&16&32,
SUCCESS;80:edges = 113,fail_cases = 7,fault = 25&26&27&17&18&32,
SUCCESS;81:edges = 114,fail_cases = 7,fault = 25&26&27&17&18&20&32,
SUCCESS;82:edges = 115,fail_cases = 7,fault = 25&26&27&16&19&20&32&21,
SUCCESS;83:edges = 116,fail_cases = 7,fault = 22&25&26&27&16&19&20&32&21,
SUCCESS;84:edges = 117,fail_cases = 7,fault = 22&23&25&26&27&16&19&20&32&21,
SUCCESS;85:edges = 119,fail_cases = 7,fault = 25&26&27&28&32,
SUCCESS;86:edges = 120,fail_cases = 7,fault = 25&26&27&16&28&32,
SUCCESS;87:edges = 121,fail_cases = 7,fault = 25&26&27&28&17&18&32,
SUCCESS;88:edges = 122,fail_cases = 7,fault = 25&26&27&16&28&19&20&32,
SUCCESS;89:edges = 123,fail_cases = 7,fault = 25&26&27&16&28&19&20&32&21,
SUCCESS;90:edges = 124,fail_cases = 7,fault = 22&25&26&27&16&28&19&20&32&21,
SUCCESS;91:edges = 125,fail_cases = 7,fault = 22&23&25&26&27&28&17&18&20&32&21,
SUCCESS;92:edges = 127,fail_cases = 7,fault = 25&26&27&28&29&32,
SUCCESS;93:edges = 128,fail_cases = 7,fault = 25&26&27&28&17&29&32,
SUCCESS;94:edges = 129,fail_cases = 7,fault = 25&26&27&28&17&29&20&32,
SUCCESS;95:edges = 130,fail_cases = 7,fault = 25&26&27&28&17&29&20&32&21,
SUCCESS;96:edges = 131,fail_cases = 7,fault = 22&25&26&27&28&17&29&20&32&21,
SUCCESS;97:edges = 132,fail_cases = 7,fault = 22&23&25&26&27&28&17&29&20&32&21,
SUCCESS;98:edges = 134,fail_cases = 7,fault = 22&23&24&25&26&27&28&17&29&20&32&21,
SUCCESS;99:edges = 135,fail_cases = 7,fault = 25&26&27&16&28&29&30&32,
FAIL;100:edges = 135,fail_cases = 8,fault = 22&23&24&25&26&27&28&17&29&20&31&32&21,
SUCCESS;101:edges = 136,fail_cases = 8,fault = 25&26&27&28&17&29&18&30&32,
SUCCESS;102:edges = 137,fail_cases = 8,fault = 25&26&27&28&17&29&18&30&20&32,
SUCCESS;103:edges = 138,fail_cases = 8,fault = 25&26&27&16&28&29&19&30&20&32&21,
SUCCESS;104:edges = 139,fail_cases = 8,fault = 22&25&26&27&16&28&29&19&30&20&32&21,
SUCCESS;105:edges = 140,fail_cases = 8,fault = 22&23&25&26&27&16&28&29&19&30&20&32&21,
FAIL;106:edges = 140,fail_cases = 9,fault = 22&23&24&25&26&27&28&29&19&20&31&32&21,
FAIL;107:edges = 140,fail_cases = 10,fault = 25&26&27&28&29&30&31&32,
SUCCESS;108:edges = 142,fail_cases = 10,fault = 33,
SUCCESS;109:edges = 143,fail_cases = 10,fault = 33&32,
SUCCESS;110:edges = 144,fail_cases = 10,fault = 33&25&32,
SUCCESS;111:edges = 145,fail_cases = 10,fault = 33&25&26&32,
SUCCESS;112:edges = 146,fail_cases = 10,fault = 33&25&26&27&32,
SUCCESS;113:edges = 147,fail_cases = 10,fault = 33&25&26&27&28&32,
SUCCESS;114:edges = 148,fail_cases = 10,fault = 33&25&26&27&28&29&32,
SUCCESS;115:edges = 149,fail_cases = 10,fault = 33&22&23&24&25&26&27&28&17&29&20&32&21,
SUCCESS;116:edges = 151,fail_cases = 10,fault = 33&34,
SUCCESS;117:edges = 152,fail_cases = 10,fault = 33&34&32,
SUCCESS;118:edges = 153,fail_cases = 10,fault = 33&34&25&32,
SUCCESS;119:edges = 154,fail_cases = 10,fault = 33&34&25&26&32,
SUCCESS;120:edges = 155,fail_cases = 10,fault = 33&34&25&26&28&32,
SUCCESS;121:edges = 156,fail_cases = 10,fault = 33&34&25&26&28&29&32,
SUCCESS;122:edges = 157,fail_cases = 10,fault = 33&22&34&23&24&25&26&28&17&29&20&32&21,
SUCCESS;123:edges = 159,fail_cases = 10,fault = 33&22&34&23&24&25&26&28&17&29&20&31&32&21,
SUCCESS;124:edges = 161,fail_cases = 10,fault = 33&22&34&23&24&25&36&26&28&17&29&20&31&32&21,
FAIL;125:edges = 161,fail_cases = 11,fault = 33&22&34&23&24&25&36&26&37&28&17&29&20&31&32&21,
FAIL;126:edges = 161,fail_cases = 12,fault = 33&22&34&23&24&25&36&26&37&28&29&19&20&31&32&21,
SUCCESS;127:edges = 162,fail_cases = 12,fault = 33&34&35&27,
SUCCESS;128:edges = 163,fail_cases = 12,fault = 33&34&35&36&27,
FAIL;129:edges = 163,fail_cases = 13,fault = 33&34&25&36&26&37&28&29&30&31&32,
SUCCESS;130:edges = 164,fail_cases = 13,fault = 33&34&35&27&32,
SUCCESS;131:edges = 165,fail_cases = 13,fault = 33&34&35&25&27&32,
SUCCESS;132:edges = 166,fail_cases = 13,fault = 33&34&35&36&27&32,
SUCCESS;133:edges = 167,fail_cases = 13,fault = 33&34&35&36&25&27&32,
SUCCESS;134:edges = 168,fail_cases = 13,fault = 33&34&35&25&26&27&32,
SUCCESS;135:edges = 169,fail_cases = 13,fault = 33&34&35&36&25&26&27&32,
SUCCESS;136:edges = 170,fail_cases = 13,fault = 33&34&35&25&26&27&28&32,
SUCCESS;137:edges = 171,fail_cases = 13,fault = 33&34&35&36&25&26&27&28&32,
SUCCESS;138:edges = 172,fail_cases = 13,fault = 33&34&35&25&26&27&28&29&32,
SUCCESS;139:edges = 173,fail_cases = 13,fault = 33&22&34&23&35&24&25&26&27&28&17&29&20&32&21,
SUCCESS;140:edges = 174,fail_cases = 13,fault = 33&34&35&36&25&26&27&28&29&32,
SUCCESS;141:edges = 175,fail_cases = 13,fault = 33&22&34&23&35&24&36&25&26&27&28&17&29&20&32&21,
FAIL;142:edges = 175,fail_cases = 14,fault = 33&34&35&36&37,
SUCCESS;143:edges = 177,fail_cases = 14,fault = 38,
SUCCESS;144:edges = 178,fail_cases = 14,fault = 33&38,
SUCCESS;145:edges = 179,fail_cases = 14,fault = 33&34&38,
SUCCESS;146:edges = 180,fail_cases = 14,fault = 33&34&36&38,
SUCCESS;147:edges = 182,fail_cases = 14,fault = 33&34&36&37&38,
SUCCESS;148:edges = 183,fail_cases = 14,fault = 22&23&24&25&26&38&39&28&17&29&20&31&32&21,
SUCCESS;149:edges = 184,fail_cases = 14,fault = 33&22&23&24&25&26&38&39&28&17&29&20&31&32&21,
SUCCESS;150:edges = 185,fail_cases = 14,fault = 33&22&34&23&24&25&26&38&39&28&17&29&20&31&32&21,
SUCCESS;151:edges = 186,fail_cases = 14,fault = 33&22&34&23&24&25&36&26&38&39&28&17&29&20&31&32&21,
SUCCESS;152:edges = 188,fail_cases = 14,fault = 33&34&36&37&38&40,
SUCCESS;153:edges = 189,fail_cases = 14,fault = 22&23&24&25&26&38&39&28&17&29&40&20&31&32&21,
SUCCESS;154:edges = 190,fail_cases = 14,fault = 33&22&23&24&25&26&38&39&28&17&29&40&20&31&32&21,
SUCCESS;155:edges = 191,fail_cases = 14,fault = 33&22&23&24&25&36&26&38&39&28&17&29&40&20&31&32&21,
SUCCESS;156:edges = 193,fail_cases = 14,fault = 33&22&23&24&25&36&26&37&38&39&28&17&29&40&20&31&32&21,
SUCCESS;157:edges = 195,fail_cases = 14,fault = 33&22&23&24&25&36&26&37&38&39&28&17&29&40&20&31&42&32&21,
FAIL;158:edges = 195,fail_cases = 15,fault = 33&22&23&24&25&36&26&37&38&39&28&17&29&40&20&31&42&32&21&43,
FAIL;159:edges = 195,fail_cases = 16,fault = 33&22&23&24&25&36&26&37&38&39&28&29&19&40&20&31&42&32&21&43,
FAIL;160:edges = 195,fail_cases = 17,fault = 33&25&36&26&37&38&39&28&29&40&30&31&42&32&43,
SUCCESS;161:edges = 196,fail_cases = 17,fault = 34&38&39&40&41,
FAIL;162:edges = 196,fail_cases = 18,fault = 33&35&36&37&38&39&40&42&43,
SUCCESS;163:edges = 197,fail_cases = 18,fault = 33&34&38&39&40&41,
SUCCESS;164:edges = 198,fail_cases = 18,fault = 33&22&34&23&24&25&26&38&39&28&17&29&40&41&20&31&32&21,
SUCCESS;165:edges = 199,fail_cases = 18,fault = 33&22&34&23&24&25&36&26&38&39&28&17&29&40&41&20&31&32&21,
SUCCESS;166:edges = 200,fail_cases = 18,fault = 34&38&39&40&41&42,
SUCCESS;167:edges = 201,fail_cases = 18,fault = 22&34&23&24&25&26&38&39&28&17&29&40&41&42&20&31&32&21,
SUCCESS;168:edges = 202,fail_cases = 18,fault = 22&34&23&24&25&36&26&38&39&28&17&29&40&41&42&20&31&32&21,
FAIL;169:edges = 202,fail_cases = 19,fault = 22&34&23&24&25&36&26&37&38&39&28&17&29&40&41&42&20&31&32&21,
FAIL;170:edges = 202,fail_cases = 20,fault = 22&34&23&24&25&36&26&37&38&39&28&29&19&40&41&42&20&31&32&21,
FAIL;171:edges = 202,fail_cases = 21,fault = 34&25&36&26&37&38&39&28&29&40&41&30&42&31&32,
FAIL;172:edges = 202,fail_cases = 22,fault = 34&35&36&37&38&39&40&41&42,
FAIL;173:edges = 202,fail_cases = 23,fault = 33&34&36&37&38&40&41&42&43,
FAIL;174:edges = 202,fail_cases = 24,fault = 38&39&40&41&42&43,
SUCCESS;175:edges = 204,fail_cases = 24,fault = 48,
SUCCESS;176:edges = 205,fail_cases = 24,fault = 48&38,
SUCCESS;177:edges = 206,fail_cases = 24,fault = 33&34&36&48&37&38,
SUCCESS;178:edges = 207,fail_cases = 24,fault = 33&34&36&48&37&38&40,
SUCCESS;179:edges = 208,fail_cases = 24,fault = 33&22&23&24&25&36&48&26&37&38&39&28&17&29&40&20&31&32&21,
SUCCESS;180:edges = 209,fail_cases = 24,fault = 33&22&23&24&25&36&48&26&37&38&39&28&17&29&40&20&31&42&32&21,
SUCCESS;181:edges = 211,fail_cases = 24,fault = 48&49,
SUCCESS;182:edges = 212,fail_cases = 24,fault = 48&49&38,
SUCCESS;183:edges = 213,fail_cases = 24,fault = 33&34&36&48&37&49&38,
SUCCESS;184:edges = 214,fail_cases = 24,fault = 33&34&36&48&37&49&38&40,
SUCCESS;185:edges = 215,fail_cases = 24,fault = 33&22&23&24&25&36&48&26&37&49&38&39&28&17&29&40&20&31&32&21,
SUCCESS;186:edges = 216,fail_cases = 24,fault = 33&22&23&24&25&36&48&26&37&49&38&39&28&17&29&40&20&31&42&32&21,
SUCCESS;187:edges = 218,fail_cases = 24,fault = 48&49&50,
SUCCESS;188:edges = 219,fail_cases = 24,fault = 48&49&38&50,
SUCCESS;189:edges = 220,fail_cases = 24,fault = 33&34&36&48&37&49&38&50,
SUCCESS;190:edges = 221,fail_cases = 24,fault = 33&34&36&48&37&49&38&50&40,
SUCCESS;191:edges = 222,fail_cases = 24,fault = 33&22&23&24&25&36&48&26&37&49&38&39&28&17&29&50&40&20&31&32&21,
SUCCESS;192:edges = 223,fail_cases = 24,fault = 33&22&23&24&25&36&48&26&37&49&38&39&28&17&29&50&40&20&31&42&32&21,
SUCCESS;193:edges = 225,fail_cases = 24,fault = 44&48&49&50,
SUCCESS;194:edges = 226,fail_cases = 24,fault = 44&48&49&38&50,
SUCCESS;195:edges = 227,fail_cases = 24,fault = 44&33&34&36&48&37&49&38&50,
SUCCESS;196:edges = 228,fail_cases = 24,fault = 44&33&34&36&48&37&49&38&50&40,
SUCCESS;197:edges = 229,fail_cases = 24,fault = 44&33&22&23&24&25&36&48&26&37&49&38&39&28&17&29&50&40&20&31&32&21,
SUCCESS;198:edges = 230,fail_cases = 24,fault = 44&33&22&23&24&25&36&48&26&37&49&38&39&28&17&29&50&40&20&31&42&32&21,
SUCCESS;199:edges = 232,fail_cases = 24,fault = 44&45&48&49&50,
SUCCESS;200:edges = 233,fail_cases = 24,fault = 44&45&48&49&38&50,
SUCCESS;201:edges = 234,fail_cases = 24,fault = 44&33&45&34&36&48&37&49&38&50,
SUCCESS;202:edges = 235,fail_cases = 24,fault = 44&33&45&34&36&48&37&49&38&50&40,
SUCCESS;203:edges = 236,fail_cases = 24,fault = 44&33&22&45&23&24&25&36&48&26&37&49&38&39&28&17&29&50&40&20&31&32&21,
SUCCESS;204:edges = 237,fail_cases = 24,fault = 44&33&22&45&23&24&25&36&48&26&37&49&38&39&28&17&29&50&40&20&31&42&32&21,
SUCCESS;205:edges = 239,fail_cases = 24,fault = 44&45&46&48&49&50,
SUCCESS;206:edges = 240,fail_cases = 24,fault = 44&45&46&48&49&38&50,
SUCCESS;207:edges = 241,fail_cases = 24,fault = 44&33&45&34&46&36&48&37&49&38&50,
SUCCESS;208:edges = 242,fail_cases = 24,fault = 44&33&45&34&46&36&48&37&49&38&50&40,
SUCCESS;209:edges = 243,fail_cases = 24,fault = 44&33&22&45&23&46&24&25&36&48&26&37&49&38&39&28&17&29&50&40&20&31&32&21,
SUCCESS;210:edges = 244,fail_cases = 24,fault = 44&22&45&23&46&24&25&48&26&49&28&29&50&31&32&33&36&37&38&39&17&40&20&42&21,
FAIL;211:edges = 244,fail_cases = 25,fault = 44&45&46&47&48&49&50,
SUCCESS;212:edges = 246,fail_cases = 25,fault = 51,
SUCCESS;213:edges = 247,fail_cases = 25,fault = 48&51,
SUCCESS;214:edges = 248,fail_cases = 25,fault = 48&49&51,
SUCCESS;215:edges = 249,fail_cases = 25,fault = 48&49&50&51,
SUCCESS;216:edges = 250,fail_cases = 25,fault = 44&48&49&50&51,
SUCCESS;217:edges = 251,fail_cases = 25,fault = 44&45&48&49&50&51,
SUCCESS;218:edges = 252,fail_cases = 25,fault = 44&45&46&48&49&50&51,
SUCCESS;219:edges = 254,fail_cases = 25,fault = 51&52,
SUCCESS;220:edges = 255,fail_cases = 25,fault = 48&51&52,
SUCCESS;221:edges = 256,fail_cases = 25,fault = 48&49&51&52,
SUCCESS;222:edges = 257,fail_cases = 25,fault = 48&49&50&51&52,
SUCCESS;223:edges = 258,fail_cases = 25,fault = 44&48&49&50&51&52,
SUCCESS;224:edges = 259,fail_cases = 25,fault = 44&45&48&49&50&51&52,
SUCCESS;225:edges = 260,fail_cases = 25,fault = 44&45&46&48&49&50&51&52,
SUCCESS;226:edges = 262,fail_cases = 25,fault = 51&52&53,
SUCCESS;227:edges = 263,fail_cases = 25,fault = 48&51&52&53,
SUCCESS;228:edges = 264,fail_cases = 25,fault = 48&49&51&52&53,
SUCCESS;229:edges = 265,fail_cases = 25,fault = 48&49&50&51&52&53,
SUCCESS;230:edges = 266,fail_cases = 25,fault = 44&48&49&50&51&52&53,
SUCCESS;231:edges = 267,fail_cases = 25,fault = 44&45&48&49&50&51&52&53,
SUCCESS;232:edges = 268,fail_cases = 25,fault = 44&45&46&48&49&50&51&52&53,
FAIL;233:edges = 268,fail_cases = 26,fault = 51&52&53&54,
SUCCESS;234:edges = 270,fail_cases = 26,fault = 55,
SUCCESS;235:edges = 271,fail_cases = 26,fault = 55&51,
SUCCESS;236:edges = 272,fail_cases = 26,fault = 55&51&52,
SUCCESS;237:edges = 273,fail_cases = 26,fault = 55&51&52&53,
SUCCESS;238:edges = 275,fail_cases = 26,fault = 55&56,
SUCCESS;239:edges = 276,fail_cases = 26,fault = 55&56&51,
SUCCESS;240:edges = 277,fail_cases = 26,fault = 55&56&51&52,
SUCCESS;241:edges = 278,fail_cases = 26,fault = 55&56&51&52&53,
SUCCESS;242:edges = 280,fail_cases = 26,fault = 55&56&57,
SUCCESS;243:edges = 281,fail_cases = 26,fault = 55&56&57&51,
SUCCESS;244:edges = 282,fail_cases = 26,fault = 55&56&57&51&52,
SUCCESS;245:edges = 283,fail_cases = 26,fault = 55&56&57&51&52&53,
SUCCESS;246:edges = 285,fail_cases = 26,fault = 55&56&57&58,
SUCCESS;247:edges = 286,fail_cases = 26,fault = 55&56&57&58&51,
SUCCESS;248:edges = 287,fail_cases = 26,fault = 55&56&57&58&51&52,
SUCCESS;249:edges = 288,fail_cases = 26,fault = 55&56&57&58&51&52&53,
SUCCESS;250:edges = 290,fail_cases = 26,fault = 55&56&57&58&59,
SUCCESS;251:edges = 291,fail_cases = 26,fault = 55&56&57&58&59&51,
SUCCESS;252:edges = 292,fail_cases = 26,fault = 55&56&57&58&59&51&52,
SUCCESS;253:edges = 294,fail_cases = 26,fault = 55&56&57&58&59&51&52&54,
SUCCESS;254:edges = 295,fail_cases = 26,fault = 55&56&57&58&59&60&53,
SUCCESS;255:edges = 297,fail_cases = 26,fault = 55&56&57&58&59&61&51&52&54,
SUCCESS;256:edges = 298,fail_cases = 26,fault = 55&56&57&58&59&60&51&53,
SUCCESS;257:edges = 299,fail_cases = 26,fault = 55&56&57&58&59&60&51&52&53,
FAIL;258:edges = 299,fail_cases = 27,fault = 55&56&57&58&59&61&51&62&52&54,
SUCCESS;259:edges = 300,fail_cases = 27,fault = 55&56&57&58&59&60&61&53,
SUCCESS;260:edges = 301,fail_cases = 27,fault = 55&56&57&58&59&60&61&51&53,
SUCCESS;261:edges = 302,fail_cases = 27,fault = 55&56&57&58&59&60&61&51&52&53,
FAIL;262:edges = 302,fail_cases = 28,fault = 55&56&57&58&59&60&61&62,
SUCCESS;263:edges = 304,fail_cases = 28,fault = 64,
SUCCESS;264:edges = 305,fail_cases = 28,fault = 55&64,
SUCCESS;265:edges = 306,fail_cases = 28,fault = 55&56&64,
SUCCESS;266:edges = 307,fail_cases = 28,fault = 55&56&57&64,
SUCCESS;267:edges = 308,fail_cases = 28,fault = 55&56&57&58&64,
SUCCESS;268:edges = 309,fail_cases = 28,fault = 55&56&57&58&59&64,
SUCCESS;269:edges = 310,fail_cases = 28,fault = 55&56&57&58&59&51&52&64&54,
SUCCESS;270:edges = 311,fail_cases = 28,fault = 55&56&57&58&59&61&51&52&64&54,
SUCCESS;271:edges = 313,fail_cases = 28,fault = 64&65,
SUCCESS;272:edges = 314,fail_cases = 28,fault = 55&64&65,
SUCCESS;273:edges = 315,fail_cases = 28,fault = 55&56&64&65,
SUCCESS;274:edges = 316,fail_cases = 28,fault = 55&56&57&64&65,
SUCCESS;275:edges = 317,fail_cases = 28,fault = 55&56&57&58&64&65,
SUCCESS;276:edges = 318,fail_cases = 28,fault = 55&56&57&58&59&64&65,
SUCCESS;277:edges = 319,fail_cases = 28,fault = 55&56&57&58&59&51&52&64&65&54,
SUCCESS;278:edges = 320,fail_cases = 28,fault = 55&56&57&58&59&61&51&52&64&65&54,
SUCCESS;279:edges = 322,fail_cases = 28,fault = 66&64&65,
SUCCESS;280:edges = 323,fail_cases = 28,fault = 66&55&64&65,
SUCCESS;281:edges = 324,fail_cases = 28,fault = 66&55&56&64&65,
SUCCESS;282:edges = 325,fail_cases = 28,fault = 66&55&56&57&64&65,
SUCCESS;283:edges = 326,fail_cases = 28,fault = 66&55&56&57&58&64&65,
SUCCESS;284:edges = 327,fail_cases = 28,fault = 66&55&56&57&58&59&64&65,
SUCCESS;285:edges = 328,fail_cases = 28,fault = 66&55&56&57&58&59&51&52&64&65&54,
SUCCESS;286:edges = 329,fail_cases = 28,fault = 66&55&56&57&58&59&61&51&52&64&65&54,
SUCCESS;287:edges = 331,fail_cases = 28,fault = 66&67&64&65,
SUCCESS;288:edges = 332,fail_cases = 28,fault = 66&55&67&64&65,
SUCCESS;289:edges = 333,fail_cases = 28,fault = 66&55&67&56&64&65,
SUCCESS;290:edges = 334,fail_cases = 28,fault = 66&55&67&56&57&64&65,
SUCCESS;291:edges = 335,fail_cases = 28,fault = 66&55&67&56&57&58&64&65,
SUCCESS;292:edges = 336,fail_cases = 28,fault = 66&55&67&56&57&58&59&64&65,
SUCCESS;293:edges = 337,fail_cases = 28,fault = 66&55&67&56&57&58&59&51&52&64&65&54,
SUCCESS;294:edges = 338,fail_cases = 28,fault = 66&55&67&56&57&58&59&61&51&52&64&65&54,
SUCCESS;295:edges = 340,fail_cases = 28,fault = 66&67&68&64&65,
SUCCESS;296:edges = 341,fail_cases = 28,fault = 66&55&67&68&64&65,
SUCCESS;297:edges = 342,fail_cases = 28,fault = 66&55&67&56&68&64&65,
SUCCESS;298:edges = 343,fail_cases = 28,fault = 66&55&67&56&68&57&64&65,
SUCCESS;299:edges = 344,fail_cases = 28,fault = 66&55&67&56&68&57&58&64&65,
SUCCESS;300:edges = 345,fail_cases = 28,fault = 66&55&67&56&68&57&58&59&64&65,
SUCCESS;301:edges = 346,fail_cases = 28,fault = 66&55&67&56&68&57&58&59&51&52&64&65&54,
SUCCESS;302:edges = 347,fail_cases = 28,fault = 66&55&67&56&68&57&58&59&61&51&52&64&65&54,
SUCCESS;303:edges = 349,fail_cases = 28,fault = 66&67&68&69&64&65,
SUCCESS;304:edges = 350,fail_cases = 28,fault = 66&55&67&68&69&64&65,
SUCCESS;305:edges = 351,fail_cases = 28,fault = 66&55&67&56&68&69&64&65,
SUCCESS;306:edges = 352,fail_cases = 28,fault = 66&55&67&56&68&57&69&64&65,
SUCCESS;307:edges = 353,fail_cases = 28,fault = 66&55&67&56&68&57&69&58&64&65,
SUCCESS;308:edges = 354,fail_cases = 28,fault = 66&55&67&56&68&57&69&58&59&64&65,
SUCCESS;309:edges = 355,fail_cases = 28,fault = 66&55&67&56&68&57&69&58&59&51&52&64&65&54,
SUCCESS;310:edges = 356,fail_cases = 28,fault = 66&55&67&56&68&57&69&58&59&61&51&52&64&65&54,
SUCCESS;311:edges = 358,fail_cases = 28,fault = 66&67&68&69&70&64&65,
SUCCESS;312:edges = 359,fail_cases = 28,fault = 66&55&67&68&69&70&64&65,
SUCCESS;313:edges = 360,fail_cases = 28,fault = 66&55&67&56&68&69&70&64&65,
SUCCESS;314:edges = 361,fail_cases = 28,fault = 66&55&67&56&68&57&69&70&64&65,
SUCCESS;315:edges = 362,fail_cases = 28,fault = 66&55&67&56&68&57&69&58&70&64&65,
SUCCESS;316:edges = 363,fail_cases = 28,fault = 66&55&67&56&68&57&69&58&59&70&64&65,
SUCCESS;317:edges = 364,fail_cases = 28,fault = 66&55&67&56&68&57&69&58&59&70&51&52&64&65&54,
SUCCESS;318:edges = 365,fail_cases = 28,fault = 66&55&67&56&68&57&69&58&59&70&61&51&52&64&65&54,
FAIL;319:edges = 365,fail_cases = 29,fault = 66&67&68&69&70&63&64&65,
SUCCESS;320:edges = 367,fail_cases = 29,fault = 71,
SUCCESS;321:edges = 368,fail_cases = 29,fault = 71&64,
SUCCESS;322:edges = 369,fail_cases = 29,fault = 71&64&65,
SUCCESS;323:edges = 370,fail_cases = 29,fault = 66&71&64&65,
SUCCESS;324:edges = 371,fail_cases = 29,fault = 66&67&71&64&65,
SUCCESS;325:edges = 372,fail_cases = 29,fault = 66&67&68&71&64&65,
SUCCESS;326:edges = 373,fail_cases = 29,fault = 66&67&68&69&71&64&65,
SUCCESS;327:edges = 374,fail_cases = 29,fault = 66&67&68&69&70&71&64&65,
SUCCESS;328:edges = 376,fail_cases = 29,fault = 71&72,
SUCCESS;329:edges = 377,fail_cases = 29,fault = 71&72&64,
SUCCESS;330:edges = 378,fail_cases = 29,fault = 71&72&64&65,
SUCCESS;331:edges = 379,fail_cases = 29,fault = 66&71&72&64&65,
SUCCESS;332:edges = 380,fail_cases = 29,fault = 66&67&71&72&64&65,
SUCCESS;333:edges = 381,fail_cases = 29,fault = 66&67&68&71&72&64&65,
SUCCESS;334:edges = 382,fail_cases = 29,fault = 66&67&68&69&71&72&64&65,
SUCCESS;335:edges = 383,fail_cases = 29,fault = 66&67&68&69&70&71&72&64&65,
SUCCESS;336:edges = 385,fail_cases = 29,fault = 71&72&74,
SUCCESS;337:edges = 386,fail_cases = 29,fault = 71&72&74&64,
SUCCESS;338:edges = 387,fail_cases = 29,fault = 71&72&74&64&65,
SUCCESS;339:edges = 388,fail_cases = 29,fault = 66&71&72&74&64&65,
SUCCESS;340:edges = 389,fail_cases = 29,fault = 66&68&71&72&74&64&65,
SUCCESS;341:edges = 390,fail_cases = 29,fault = 66&68&70&71&72&74&64&65,
SUCCESS;342:edges = 392,fail_cases = 29,fault = 66&68&70&71&72&74&63&64&65,
SUCCESS;343:edges = 393,fail_cases = 29,fault = 66&67&68&70&71&72&74&63&64&65,
SUCCESS;344:edges = 394,fail_cases = 29,fault = 67&69&71&72&74&75,
SUCCESS;345:edges = 395,fail_cases = 29,fault = 67&69&71&72&74&75&64,
SUCCESS;346:edges = 397,fail_cases = 29,fault = 66&68&70&71&72&74&63&64&65&76,
SUCCESS;347:edges = 398,fail_cases = 29,fault = 67&71&72&74&75&76,
SUCCESS;348:edges = 399,fail_cases = 29,fault = 66&67&68&70&71&72&74&63&64&65&76,
SUCCESS;349:edges = 400,fail_cases = 29,fault = 67&69&71&72&74&75&76&65,
SUCCESS;350:edges = 402,fail_cases = 29,fault = 66&77&68&70&71&72&74&63&64&65&76,
SUCCESS;351:edges = 405,fail_cases = 29,fault = 66&77&78&68&70&71&72&74&63&64&65&76,
SUCCESS;352:edges = 406,fail_cases = 29,fault = 77&67&71&72&74&75&76,
SUCCESS;353:edges = 407,fail_cases = 29,fault = 77&67&71&72&74&75&64&76,
SUCCESS;354:edges = 409,fail_cases = 29,fault = 66&77&78&68&70&81&71&72&74&63&64&65&76,
SUCCESS;355:edges = 411,fail_cases = 29,fault = 66&77&78&68&70&81&71&82&72&74&63&64&65&76,
FAIL;356:edges = 411,fail_cases = 30,fault = 66&77&78&68&79&70&81&71&82&72&74&63&64&65&76,
SUCCESS;357:edges = 412,fail_cases = 30,fault = 77&67&69&71&72&74&75&64&65,
SUCCESS;358:edges = 413,fail_cases = 30,fault = 77&67&71&72&74&75&64&76&65,
SUCCESS;359:edges = 414,fail_cases = 30,fault = 66&67&78&69&71&72&74&75&76&65,
SUCCESS;360:edges = 415,fail_cases = 30,fault = 77&78&67&71&72&74&75&76,
SUCCESS;361:edges = 416,fail_cases = 30,fault = 77&78&67&71&72&74&75&64&76,
SUCCESS;362:edges = 417,fail_cases = 30,fault = 77&78&67&71&72&74&75&64&76&65,
SUCCESS;363:edges = 418,fail_cases = 30,fault = 77&66&67&71&72&74&75&64&76&65,
SUCCESS;364:edges = 419,fail_cases = 30,fault = 66&67&68&69&71&72&74&75&64&65,
SUCCESS;365:edges = 420,fail_cases = 30,fault = 77&66&78&67&71&72&74&75&64&76&65,
SUCCESS;366:edges = 421,fail_cases = 30,fault = 66&77&67&78&69&70&71&72&73&74&75&64&65,
SUCCESS;367:edges = 422,fail_cases = 30,fault = 66&67&78&68&69&71&72&73&74&75&76&65,
FAIL;368:edges = 422,fail_cases = 31,fault = 66&77&78&68&70&71&72&73&74&63&64&65&76,
SUCCESS;369:edges = 423,fail_cases = 31,fault = 66&67&68&80&64&65,
SUCCESS;370:edges = 424,fail_cases = 31,fault = 66&77&67&68&70&71&72&74&63&64&65&76,
SUCCESS;371:edges = 425,fail_cases = 31,fault = 66&67&78&68&79&69&70&81&71&82&72&74&75&76&65,
FAIL;372:edges = 425,fail_cases = 32,fault = 66&67&78&68&69&70&71&72&73&74&63&75&76&65,
SUCCESS;373:edges = 426,fail_cases = 32,fault = 66&67&68&80&71&64&65,
SUCCESS;374:edges = 427,fail_cases = 32,fault = 66&77&78&67&68&70&71&72&74&63&64&65&76,
SUCCESS;375:edges = 428,fail_cases = 32,fault = 66&67&68&69&80&71&72&64&65,
SUCCESS;376:edges = 429,fail_cases = 32,fault = 66&67&68&69&80&70&71&72&64&65,
SUCCESS;377:edges = 430,fail_cases = 32,fault = 66&67&68&69&80&81&70&64&65,
SUCCESS;378:edges = 431,fail_cases = 32,fault = 77&66&67&68&79&69&81&71&82&72&74&75&64&76&65,
SUCCESS;379:edges = 432,fail_cases = 32,fault = 66&67&68&69&80&70&71&72&74&64&65,
SUCCESS;380:edges = 433,fail_cases = 32,fault = 66&77&67&68&69&70&71&72&74&75&64&65,
SUCCESS;381:edges = 434,fail_cases = 32,fault = 66&67&68&69&80&81&70&82&64&65,
FAIL;382:edges = 434,fail_cases = 33,fault = 66&67&78&68&79&69&70&81&71&82&72&74&63&75&76&65,
SUCCESS;383:edges = 435,fail_cases = 33,fault = 77&66&67&68&69&70&71&72&74&75&64&76&65,
SUCCESS;384:edges = 436,fail_cases = 33,fault = 66&68&80&70&71&72&73&74&63&64&65,
SUCCESS;385:edges = 437,fail_cases = 33,fault = 66&68&80&70&71&72&73&74&63&64&65&76,
FAIL;386:edges = 437,fail_cases = 34,fault = 77&66&78&67&68&69&70&71&72&74&75&64&76&65,
SUCCESS;387:edges = 438,fail_cases = 34,fault = 66&77&67&68&69&80&70&71&72&74&64&75&65&76,
SUCCESS;388:edges = 439,fail_cases = 34,fault = 66&67&68&69&80&81&70&71&64&65,
SUCCESS;389:edges = 440,fail_cases = 34,fault = 66&67&68&69&80&81&70&71&72&64&65,
SUCCESS;390:edges = 441,fail_cases = 34,fault = 66&67&68&69&80&81&70&71&72&74&64&65,
SUCCESS;391:edges = 442,fail_cases = 34,fault = 66&68&80&81&70&71&72&73&74&63&64&65,
SUCCESS;392:edges = 443,fail_cases = 34,fault = 66&67&68&69&80&81&70&71&72&74&64&75&65&76,
SUCCESS;393:edges = 444,fail_cases = 34,fault = 66&77&68&80&81&70&71&72&73&74&63&64&65&76,
SUCCESS;394:edges = 445,fail_cases = 34,fault = 66&67&68&69&80&81&70&82&71&64&65,
SUCCESS;395:edges = 446,fail_cases = 34,fault = 66&67&68&69&80&81&70&82&71&72&64&65,
SUCCESS;396:edges = 447,fail_cases = 34,fault = 66&67&68&69&80&81&70&82&71&72&74&64&65,
SUCCESS;397:edges = 448,fail_cases = 34,fault = 66&67&68&69&80&81&70&82&71&72&74&64&75&65,
SUCCESS;398:edges = 449,fail_cases = 34,fault = 66&68&80&81&70&82&71&72&73&74&63&64&65&76,
SUCCESS;399:edges = 450,fail_cases = 34,fault = 66&77&67&68&69&80&81&70&82&71&72&74&64&75&65&76,
FAIL;400:edges = 450,fail_cases = 35,fault = 77&78&79&81&71&82&72&74&75&76,
FAIL;401:edges = 450,fail_cases = 36,fault = 77&78&71&72&73&74&75&76,
FAIL;402:edges = 450,fail_cases = 37,fault = 79&80&81&82,
SUCCESS;403:edges = 452,fail_cases = 37,fault = 83,
SUCCESS;404:edges = 453,fail_cases = 37,fault = 66&77&78&68&70&71&83&72&74&63&64&65&76,
SUCCESS;405:edges = 454,fail_cases = 37,fault = 66&67&78&68&69&70&81&71&83&72&74&63&75&76&65,
SUCCESS;406:edges = 455,fail_cases = 37,fault = 66&67&78&68&69&70&81&71&82&83&72&74&63&75&76&65,
FAIL;407:edges = 455,fail_cases = 38,fault = 83&84,
SUCCESS;408:edges = 457,fail_cases = 38,fault = 85,
SUCCESS;409:edges = 458,fail_cases = 38,fault = 83&85,
SUCCESS;410:edges = 460,fail_cases = 38,fault = 85&86,
SUCCESS;411:edges = 461,fail_cases = 38,fault = 83&85&86,
SUCCESS;412:edges = 463,fail_cases = 38,fault = 85&86&87,
SUCCESS;413:edges = 464,fail_cases = 38,fault = 83&85&86&87,
FAIL;414:edges = 464,fail_cases = 39,fault = 88&85&86&87,
SUCCESS;415:edges = 466,fail_cases = 39,fault = 96,
SUCCESS;416:edges = 467,fail_cases = 39,fault = 96&85,
SUCCESS;417:edges = 468,fail_cases = 39,fault = 96&85&86,
SUCCESS;418:edges = 469,fail_cases = 39,fault = 96&85&86&87,
SUCCESS;419:edges = 471,fail_cases = 39,fault = 90&96,
SUCCESS;420:edges = 472,fail_cases = 39,fault = 90&96&85,
SUCCESS;421:edges = 473,fail_cases = 39,fault = 90&96&85&86,
SUCCESS;422:edges = 474,fail_cases = 39,fault = 90&96&85&86&87,
SUCCESS;423:edges = 476,fail_cases = 39,fault = 90&91&96,
SUCCESS;424:edges = 477,fail_cases = 39,fault = 90&91&96&85,
SUCCESS;425:edges = 478,fail_cases = 39,fault = 90&91&96&85&86,
SUCCESS;426:edges = 479,fail_cases = 39,fault = 90&91&96&85&86&87,
SUCCESS;427:edges = 481,fail_cases = 39,fault = 90&91&92&96,
SUCCESS;428:edges = 482,fail_cases = 39,fault = 90&91&92&96&85,
SUCCESS;429:edges = 483,fail_cases = 39,fault = 90&91&92&96&85&86,
SUCCESS;430:edges = 484,fail_cases = 39,fault = 90&91&92&96&85&86&87,
SUCCESS;431:edges = 486,fail_cases = 39,fault = 90&91&92&93&96,
SUCCESS;432:edges = 487,fail_cases = 39,fault = 90&91&92&93&96&85,
SUCCESS;433:edges = 488,fail_cases = 39,fault = 90&91&92&93&96&85&86,
SUCCESS;434:edges = 489,fail_cases = 39,fault = 90&91&92&93&96&85&86&87,
SUCCESS;435:edges = 491,fail_cases = 39,fault = 90&91&92&93&94&96,
SUCCESS;436:edges = 492,fail_cases = 39,fault = 90&91&92&93&94&96&85,
SUCCESS;437:edges = 493,fail_cases = 39,fault = 90&91&92&93&94&96&85&86,
SUCCESS;438:edges = 494,fail_cases = 39,fault = 90&91&92&93&94&96&85&86&87,
SUCCESS;439:edges = 497,fail_cases = 39,fault = 90&91&92&93&94&95&96,
SUCCESS;440:edges = 498,fail_cases = 39,fault = 85&98,
SUCCESS;441:edges = 499,fail_cases = 39,fault = 96&85&98,
SUCCESS;442:edges = 500,fail_cases = 39,fault = 90&91&92&93&94&95&96&85&86,
SUCCESS;443:edges = 501,fail_cases = 39,fault = 96&85&86&98&87,
SUCCESS;444:edges = 503,fail_cases = 39,fault = 99&90&91&92&93&94&95&96,
SUCCESS;445:edges = 504,fail_cases = 39,fault = 99&89&98,
SUCCESS;446:edges = 505,fail_cases = 39,fault = 89&96&98,
SUCCESS;447:edges = 506,fail_cases = 39,fault = 89&90&96&98,
SUCCESS;448:edges = 508,fail_cases = 39,fault = 99&100&90&91&92&93&94&95&96,
SUCCESS;449:edges = 509,fail_cases = 39,fault = 99&89&96&98,
SUCCESS;450:edges = 510,fail_cases = 39,fault = 89&90&91&96&98,
SUCCESS;451:edges = 511,fail_cases = 39,fault = 99&89&90&96&98,
SUCCESS;452:edges = 514,fail_cases = 39,fault = 99&100&101&90&91&92&93&94&95&96,
SUCCESS;453:edges = 515,fail_cases = 39,fault = 89&102,
SUCCESS;454:edges = 516,fail_cases = 39,fault = 99&100&89&97&98,
FAIL;455:edges = 516,fail_cases = 40,fault = 89&90&91&92&93&94&95&96,
SUCCESS;456:edges = 517,fail_cases = 40,fault = 89&90&91&92&96&98,
SUCCESS;457:edges = 519,fail_cases = 40,fault = 99&100&101&103&90&91&92&93&94&95&96,
SUCCESS;458:edges = 520,fail_cases = 40,fault = 99&89&90&91&96&98,
SUCCESS;459:edges = 522,fail_cases = 40,fault = 99&100&101&103&104&90&91&92&93&94&95&96,
SUCCESS;460:edges = 523,fail_cases = 40,fault = 99&100&89&96&98,
SUCCESS;461:edges = 524,fail_cases = 40,fault = 89&102&96,
SUCCESS;462:edges = 525,fail_cases = 40,fault = 99&89&90&91&92&96&98,
SUCCESS;463:edges = 526,fail_cases = 40,fault = 89&102&90&96,
SUCCESS;464:edges = 527,fail_cases = 40,fault = 89&90&91&92&93&96&98,
SUCCESS;465:edges = 528,fail_cases = 40,fault = 99&100&89&103&104&105&90&96&98,
SUCCESS;466:edges = 529,fail_cases = 40,fault = 89&102&90&91&96,
FAIL;467:edges = 529,fail_cases = 41,fault = 99&100&101&90&91&92&93&94&95&96&97,
FAIL;468:edges = 529,fail_cases = 42,fault = 99&100&101&103&104&105&90&91&92&93&94&95&96,
SUCCESS;469:edges = 530,fail_cases = 42,fault = 99&100&89&90&91&92&96&98,
SUCCESS;470:edges = 531,fail_cases = 42,fault = 99&100&89&103&104&105&90&91&93&96&98,
SUCCESS;471:edges = 532,fail_cases = 42,fault = 89&102&90&91&92&96,
SUCCESS;472:edges = 533,fail_cases = 42,fault = 89&102&90&91&92&93&96,
SUCCESS;473:edges = 534,fail_cases = 42,fault = 89&90&91&92&93&94&96&98,
SUCCESS;474:edges = 535,fail_cases = 42,fault = 89&102&90&91&92&93&94&96,
SUCCESS;475:edges = 536,fail_cases = 42,fault = 99&89&90&91&92&93&96&97&98,
SUCCESS;476:edges = 537,fail_cases = 42,fault = 99&89&103&104&105&90&91&92&93&94&96&98,
FAIL;477:edges = 537,fail_cases = 43,fault = 99&89&101&103&104&105&90&91&92&93&96&98,
FAIL;478:edges = 537,fail_cases = 44,fault = 99&89&101&90&91&92&93&96&97&98,
SUCCESS;479:edges = 538,fail_cases = 44,fault = 102&97,
SUCCESS;480:edges = 539,fail_cases = 44,fault = 102&90&91&92&93&94&95&96&97,
SUCCESS;481:edges = 540,fail_cases = 44,fault = 99&102&90&91&92&93&94&95&96&97,
SUCCESS;482:edges = 541,fail_cases = 44,fault = 99&100&102&90&91&92&93&94&95&96&97,
FAIL;483:edges = 541,fail_cases = 45,fault = 99&100&101&103&104&105&98,
FAIL;484:edges = 541,fail_cases = 46,fault = 99&100&101&97&98,
SUCCESS;485:edges = 542,fail_cases = 46,fault = 102&103&97,
SUCCESS;486:edges = 543,fail_cases = 46,fault = 102&103&90&91&92&93&94&95&96&97,
SUCCESS;487:edges = 544,fail_cases = 46,fault = 99&102&103&90&91&92&93&94&95&96&97,
SUCCESS;488:edges = 545,fail_cases = 46,fault = 99&100&102&103&90&91&92&93&94&95&96&97,
SUCCESS;489:edges = 546,fail_cases = 46,fault = 102&103&104&97,
SUCCESS;490:edges = 547,fail_cases = 46,fault = 102&103&104&90&91&92&93&94&95&96&97,
SUCCESS;491:edges = 548,fail_cases = 46,fault = 99&102&103&104&90&91&92&93&94&95&96&97,
SUCCESS;492:edges = 549,fail_cases = 46,fault = 99&100&102&103&104&90&91&92&93&94&95&96&97,
FAIL;493:edges = 549,fail_cases = 47,fault = 102&103&104&105,
SUCCESS;494:edges = 551,fail_cases = 47,fault = 106,
SUCCESS;495:edges = 552,fail_cases = 47,fault = 99&100&101&106&90&91&92&93&94&95&96,
SUCCESS;496:edges = 553,fail_cases = 47,fault = 99&100&101&103&106&90&91&92&93&94&95&96,
SUCCESS;497:edges = 554,fail_cases = 47,fault = 99&89&101&103&104&106&90&91&92&93&96&98,
SUCCESS;498:edges = 556,fail_cases = 47,fault = 106&107,
SUCCESS;499:edges = 557,fail_cases = 47,fault = 99&100&101&106&90&107&91&92&93&94&95&96,
SUCCESS;500:edges = 558,fail_cases = 47,fault = 99&100&101&103&106&90&107&91&92&93&94&95&96,
SUCCESS;501:edges = 559,fail_cases = 47,fault = 99&100&101&103&104&106&90&107&91&92&93&94&95&96,
SUCCESS;502:edges = 561,fail_cases = 47,fault = 106&107&108,
SUCCESS;503:edges = 562,fail_cases = 47,fault = 99&89&101&106&90&107&91&108&92&93&96&98,
SUCCESS;504:edges = 563,fail_cases = 47,fault = 99&89&101&103&106&90&107&91&108&92&93&96&98,
SUCCESS;505:edges = 564,fail_cases = 47,fault = 99&89&101&103&104&106&90&107&91&108&92&93&96&98,
SUCCESS;506:edges = 566,fail_cases = 47,fault = 106&107&108&109,
SUCCESS;507:edges = 567,fail_cases = 47,fault = 99&89&101&106&90&107&91&108&92&109&93&96&98,
SUCCESS;508:edges = 568,fail_cases = 47,fault = 99&100&101&103&106&90&107&91&108&92&109&93&94&95&96,
SUCCESS;509:edges = 569,fail_cases = 47,fault = 99&89&101&103&104&106&90&107&91&108&92&109&93&96&98,
SUCCESS;510:edges = 571,fail_cases = 47,fault = 110&106&107&108&109,
SUCCESS;511:edges = 572,fail_cases = 47,fault = 99&89&110&101&106&90&107&91&108&92&109&93&96&98,
SUCCESS;512:edges = 573,fail_cases = 47,fault = 99&89&110&101&103&106&90&107&91&108&92&109&93&96&98,
SUCCESS;513:edges = 574,fail_cases = 47,fault = 99&110&100&101&103&104&106&90&107&91&108&92&109&93&94&95&96,
FAIL;514:edges = 574,fail_cases = 48,fault = 110&111&106&107&108&109,
SUCCESS;515:edges = 576,fail_cases = 48,fault = 112,
SUCCESS;516:edges = 577,fail_cases = 48,fault = 112&106,
SUCCESS;517:edges = 578,fail_cases = 48,fault = 112&106&107,
SUCCESS;518:edges = 579,fail_cases = 48,fault = 112&106&107&108,
SUCCESS;519:edges = 580,fail_cases = 48,fault = 112&106&107&108&109,
SUCCESS;520:edges = 581,fail_cases = 48,fault = 110&112&106&107&108&109,
SUCCESS;521:edges = 583,fail_cases = 48,fault = 112&113,
SUCCESS;522:edges = 584,fail_cases = 48,fault = 112&113&106,
SUCCESS;523:edges = 585,fail_cases = 48,fault = 112&113&106&107,
SUCCESS;524:edges = 586,fail_cases = 48,fault = 112&113&106&107&108,
SUCCESS;525:edges = 587,fail_cases = 48,fault = 112&113&106&107&108&109,
SUCCESS;526:edges = 588,fail_cases = 48,fault = 110&112&113&106&107&108&109,
SUCCESS;527:edges = 590,fail_cases = 48,fault = 112&113&114,
SUCCESS;528:edges = 591,fail_cases = 48,fault = 112&113&114&106,
SUCCESS;529:edges = 592,fail_cases = 48,fault = 112&113&114&106&107,
SUCCESS;530:edges = 593,fail_cases = 48,fault = 112&113&114&106&107&108,
SUCCESS;531:edges = 594,fail_cases = 48,fault = 112&113&114&106&107&108&109,
SUCCESS;532:edges = 596,fail_cases = 48,fault = 111&112&113&114&106&107&108&109,
SUCCESS;533:edges = 598,fail_cases = 48,fault = 111&112&113&114&116&106&107&108&109,
FAIL;534:edges = 598,fail_cases = 49,fault = 111&112&113&114&116&106&117&107&108&109,
SUCCESS;535:edges = 599,fail_cases = 49,fault = 110&112&113&114&115,
SUCCESS;536:edges = 600,fail_cases = 49,fault = 110&112&113&114&115&116,
SUCCESS;537:edges = 601,fail_cases = 49,fault = 110&112&113&114&115&106,
SUCCESS;538:edges = 602,fail_cases = 49,fault = 110&112&113&114&115&106&107,
SUCCESS;539:edges = 603,fail_cases = 49,fault = 110&112&113&114&115&116&106,
SUCCESS;540:edges = 604,fail_cases = 49,fault = 110&112&113&114&115&116&106&107,
SUCCESS;541:edges = 605,fail_cases = 49,fault = 110&112&113&114&115&106&107&108,
SUCCESS;542:edges = 606,fail_cases = 49,fault = 110&112&113&114&115&116&106&107&108,
SUCCESS;543:edges = 607,fail_cases = 49,fault = 110&112&113&114&115&106&107&108&109,
SUCCESS;544:edges = 608,fail_cases = 49,fault = 110&112&113&114&115&116&106&107&108&109,
FAIL;545:edges = 608,fail_cases = 50,fault = 112&113&114&115&116&117,
SUCCESS;546:edges = 609,fail_cases = 50,fault = 118,
SUCCESS;547:edges = 610,fail_cases = 50,fault = 112&118,
SUCCESS;548:edges = 611,fail_cases = 50,fault = 112&113&118,
SUCCESS;549:edges = 612,fail_cases = 50,fault = 112&113&114&118,
SUCCESS;550:edges = 613,fail_cases = 50,fault = 111&112&113&114&106&118&107&108&109,
SUCCESS;551:edges = 614,fail_cases = 50,fault = 111&112&113&114&116&106&118&107&108&109,
SUCCESS;552:edges = 615,fail_cases = 50,fault = 118&119,
SUCCESS;553:edges = 616,fail_cases = 50,fault = 112&118&119,
SUCCESS;554:edges = 617,fail_cases = 50,fault = 112&113&118&119,
SUCCESS;555:edges = 618,fail_cases = 50,fault = 112&113&114&118&119,
SUCCESS;556:edges = 619,fail_cases = 50,fault = 111&112&113&114&106&118&107&119&108&109,
SUCCESS;557:edges = 620,fail_cases = 50,fault = 111&112&113&114&116&106&118&107&119&108&109,
FAIL;558:edges = 620,fail_cases = 51,fault = 118&119&120,