SUCCESS;0:edges = 19,fail_cases = 0,fault = ,
SUCCESS;1:edges = 20,fail_cases = 0,fault = 1,
SUCCESS;2:edges = 21,fail_cases = 0,fault = 1&2,
SUCCESS;3:edges = 22,fail_cases = 0,fault = 1&2&3,
SUCCESS;4:edges = 23,fail_cases = 0,fault = 1&2&3&4,
SUCCESS;5:edges = 24,fail_cases = 0,fault = 1&2&3&4&5,
FAIL;6:edges = 24,fail_cases = 1,fault = 1&2&3&4&5&6,
SUCCESS;7:edges = 26,fail_cases = 1,fault = 7,
SUCCESS;8:edges = 27,fail_cases = 1,fault = 1&7,
SUCCESS;9:edges = 28,fail_cases = 1,fault = 1&2&7,
SUCCESS;10:edges = 29,fail_cases = 1,fault = 1&2&3&7,
SUCCESS;11:edges = 30,fail_cases = 1,fault = 1&2&3&4&7,
SUCCESS;12:edges = 31,fail_cases = 1,fault = 1&2&3&4&5&7,
SUCCESS;13:edges = 33,fail_cases = 1,fault = 7&8,
SUCCESS;14:edges = 34,fail_cases = 1,fault = 1&7&8,
SUCCESS;15:edges = 35,fail_cases = 1,fault = 1&2&7&8,
SUCCESS;16:edges = 36,fail_cases = 1,fault = 1&2&3&7&8,
SUCCESS;17:edges = 37,fail_cases = 1,fault = 1&2&3&4&7&8,
SUCCESS;18:edges = 38,fail_cases = 1,fault = 1&2&3&4&5&7&8,
FAIL;19:edges = 38,fail_cases = 2,fault = 7&8&9,
SUCCESS;20:edges = 40,fail_cases = 2,fault = 16,
SUCCESS;21:edges = 41,fail_cases = 2,fault = 16&7,
SUCCESS;22:edges = 42,fail_cases = 2,fault = 16&7&8,
SUCCESS;23:edges = 44,fail_cases = 2,fault = 16&10,
SUCCESS;24:edges = 45,fail_cases = 2,fault = 16&7&10,
SUCCESS;25:edges = 46,fail_cases = 2,fault = 16&7&8&10,
SUCCESS;26:edges = 48,fail_cases = 2,fault = 11&16&10,
SUCCESS;27:edges = 49,fail_cases = 2,fault = 11&16&7&10,
SUCCESS;28:edges = 50,fail_cases = 2,fault = 11&16&7&8&10,
SUCCESS;29:edges = 52,fail_cases = 2,fault = 11&12&16&10,
SUCCESS;30:edges = 53,fail_cases = 2,fault = 11&12&16&7&10,
SUCCESS;31:edges = 54,fail_cases = 2,fault = 11&12&16&7&8&10,
SUCCESS;32:edges = 56,fail_cases = 2,fault = 11&12&13&16&10,
SUCCESS;33:edges = 57,fail_cases = 2,fault = 11&12&13&16&7&10,
SUCCESS;34:edges = 58,fail_cases = 2,fault = 11&12&13&16&7&8&10,
SUCCESS;35:edges = 60,fail_cases = 2,fault = 11&12&13&14&16&10,
SUCCESS;36:edges = 61,fail_cases = 2,fault = 11&12&13&14&16&7&10,
SUCCESS;37:edges = 62,fail_cases = 2,fault = 11&12&13&14&16&7&8&10,
FAIL;38:edges = 62,fail_cases = 3,fault = 11&12&13&14&15&16&10,
SUCCESS;39:edges = 64,fail_cases = 3,fault = 17,
SUCCESS;40:edges = 65,fail_cases = 3,fault = 16&17,
SUCCESS;41:edges = 66,fail_cases = 3,fault = 16&17&10,
SUCCESS;42:edges = 67,fail_cases = 3,fault = 11&16&17&10,
SUCCESS;43:edges = 68,fail_cases = 3,fault = 11&12&16&17&10,
SUCCESS;44:edges = 69,fail_cases = 3,fault = 11&12&13&16&17&10,
SUCCESS;45:edges = 70,fail_cases = 3,fault = 11&12&13&14&16&17&10,
SUCCESS;46:edges = 72,fail_cases = 3,fault = 17&18,
SUCCESS;47:edges = 73,fail_cases = 3,fault = 16&17&18,
SUCCESS;48:edges = 74,fail_cases = 3,fault = 16&17&18&10,
SUCCESS;49:edges = 75,fail_cases = 3,fault = 11&16&17&18&10,
SUCCESS;50:edges = 76,fail_cases = 3,fault = 11&12&16&17&18&10,
SUCCESS;51:edges = 77,fail_cases = 3,fault = 11&12&13&16&17&18&10,
SUCCESS;52:edges = 78,fail_cases = 3,fault = 11&12&13&14&16&17&18&10,
SUCCESS;53:edges = 80,fail_cases = 3,fault = 17&18&19,
SUCCESS;54:edges = 81,fail_cases = 3,fault = 16&17&18&19,
SUCCESS;55:edges = 82,fail_cases = 3,fault = 16&17&18&19&10,
SUCCESS;56:edges = 83,fail_cases = 3,fault = 11&16&17&18&19&10,
SUCCESS;57:edges = 84,fail_cases = 3,fault = 11&12&16&17&18&19&10,
SUCCESS;58:edges = 85,fail_cases = 3,fault = 11&12&13&16&17&18&19&10,
SUCCESS;59:edges = 86,fail_cases = 3,fault = 11&12&13&14&16&17&18&19&10,
SUCCESS;60:edges = 88,fail_cases = 3,fault = 17&18&19&20,
SUCCESS;61:edges = 89,fail_cases = 3,fault = 16&17&18&19&20,
SUCCESS;62:edges = 90,fail_cases = 3,fault = 16&17&18&19&20&10,
SUCCESS;63:edges = 91,fail_cases = 3,fault = 11&16&17&18&19&20&10,
SUCCESS;64:edges = 92,fail_cases = 3,fault = 11&12&16&17&18&19&20&10,
SUCCESS;65:edges = 93,fail_cases = 3,fault = 11&12&13&16&17&18&19&20&10,
SUCCESS;66:edges = 94,fail_cases = 3,fault = 11&12&13&14&16&17&18&19&20&10,
FAIL;67:edges = 94,fail_cases = 4,fault = 17&18&19&20&21,
SUCCESS;68:edges = 96,fail_cases = 4,fault = 22,
SUCCESS;69:edges = 97,fail_cases = 4,fault = 22&17,
SUCCESS;70:edges = 98,fail_cases = 4,fault = 22&17&18,
SUCCESS;71:edges = 99,fail_cases = 4,fault = 22&17&18&19,
SUCCESS;72:edges = 100,fail_cases = 4,fault = 22&17&18&19&20,
SUCCESS;73:edges = 102,fail_cases = 4,fault = 22&23,
SUCCESS;74:edges = 103,fail_cases = 4,fault = 22&23&17,
SUCCESS;75:edges = 104,fail_cases = 4,fault = 22&23&17&18,
SUCCESS;76:edges = 105,fail_cases = 4,fault = 22&23&17&18&19,
SUCCESS;77:edges = 106,fail_cases = 4,fault = 22&23&17&18&19&20,
FAIL;78:edges = 106,fail_cases = 5,fault = 22&23&24,
SUCCESS;79:edges = 108,fail_cases = 5,fault = 32,
SUCCESS;80:edges = 109,fail_cases = 5,fault = 22&32,
SUCCESS;81:edges = 110,fail_cases = 5,fault = 22&23&32,
SUCCESS;82:edges = 112,fail_cases = 5,fault = 25&32,
SUCCESS;83:edges = 113,fail_cases = 5,fault = 22&25&32,
SUCCESS;84:edges = 114,fail_cases = 5,fault = 22&23&25&32,
SUCCESS;85:edges = 116,fail_cases = 5,fault = 25&26&32,
SUCCESS;86:edges = 117,fail_cases = 5,fault = 22&25&26&32,
SUCCESS;87:edges = 118,fail_cases = 5,fault = 22&23&25&26&32,
SUCCESS;88:edges = 120,fail_cases = 5,fault = 25&26&27&32,
SUCCESS;89:edges = 121,fail_cases = 5,fault = 22&25&26&27&32,
SUCCESS;90:edges = 122,fail_cases = 5,fault = 22&23&25&26&27&32,
SUCCESS;91:edges = 124,fail_cases = 5,fault = 25&26&27&28&32,
SUCCESS;92:edges = 125,fail_cases = 5,fault = 22&25&26&27&28&32,
SUCCESS;93:edges = 126,fail_cases = 5,fault = 22&23&25&26&27&28&32,
SUCCESS;94:edges = 128,fail_cases = 5,fault = 25&26&27&28&29&32,
SUCCESS;95:edges = 129,fail_cases = 5,fault = 22&25&26&27&28&29&32,
SUCCESS;96:edges = 130,fail_cases = 5,fault = 22&23&25&26&27&28&29&32,
SUCCESS;97:edges = 132,fail_cases = 5,fault = 25&26&27&28&29&30&32,
SUCCESS;98:edges = 133,fail_cases = 5,fault = 22&25&26&27&28&29&30&32,
SUCCESS;99:edges = 134,fail_cases = 5,fault = 22&23&25&26&27&28&29&30&32,
FAIL;100:edges = 134,fail_cases = 6,fault = 25&26&27&28&29&30&31&32,
SUCCESS;101:edges = 136,fail_cases = 6,fault = 33,
SUCCESS;102:edges = 137,fail_cases = 6,fault = 33&32,
SUCCESS;103:edges = 138,fail_cases = 6,fault = 33&25&32,
SUCCESS;104:edges = 139,fail_cases = 6,fault = 33&25&26&32,
SUCCESS;105:edges = 140,fail_cases = 6,fault = 33&25&26&27&32,
SUCCESS;106:edges = 141,fail_cases = 6,fault = 33&25&26&27&28&32,
SUCCESS;107:edges = 142,fail_cases = 6,fault = 33&25&26&27&28&29&32,
SUCCESS;108:edges = 143,fail_cases = 6,fault = 33&25&26&27&28&29&30&32,
SUCCESS;109:edges = 145,fail_cases = 6,fault = 33&34,
SUCCESS;110:edges = 146,fail_cases = 6,fault = 33&34&32,
SUCCESS;111:edges = 147,fail_cases = 6,fault = 33&34&25&32,
SUCCESS;112:edges = 148,fail_cases = 6,fault = 33&34&25&26&32,
SUCCESS;113:edges = 149,fail_cases = 6,fault = 33&34&25&26&27&32,
SUCCESS;114:edges = 150,fail_cases = 6,fault = 33&34&25&26&27&28&32,
SUCCESS;115:edges = 151,fail_cases = 6,fault = 33&34&25&26&27&28&29&32,
SUCCESS;116:edges = 152,fail_cases = 6,fault = 33&34&25&26&27&28&29&30&32,
SUCCESS;117:edges = 154,fail_cases = 6,fault = 33&34&35,
SUCCESS;118:edges = 155,fail_cases = 6,fault = 33&34&35&32,
SUCCESS;119:edges = 156,fail_cases = 6,fault = 33&34&35&25&32,
SUCCESS;120:edges = 157,fail_cases = 6,fault = 33&34&35&25&26&32,
SUCCESS;121:edges = 158,fail_cases = 6,fault = 33&34&35&25&26&27&32,
SUCCESS;122:edges = 159,fail_cases = 6,fault = 33&34&35&25&26&27&28&32,
SUCCESS;123:edges = 160,fail_cases = 6,fault = 33&34&35&25&26&27&28&29&32,
SUCCESS;124:edges = 161,fail_cases = 6,fault = 33&34&35&25&26&27&28&29&30&32,
SUCCESS;125:edges = 163,fail_cases = 6,fault = 33&34&35&36,
SUCCESS;126:edges = 164,fail_cases = 6,fault = 33&34&35&36&32,
SUCCESS;127:edges = 165,fail_cases = 6,fault = 33&34&35&36&25&32,
SUCCESS;128:edges = 166,fail_cases = 6,fault = 33&34&35&36&25&26&32,
SUCCESS;129:edges = 167,fail_cases = 6,fault = 33&34&35&36&25&26&27&32,
SUCCESS;130:edges = 168,fail_cases = 6,fault = 33&34&35&36&25&26&27&28&32,
SUCCESS;131:edges = 169,fail_cases = 6,fault = 33&34&35&36&25&26&27&28&29&32,
SUCCESS;132:edges = 170,fail_cases = 6,fault = 33&34&35&36&25&26&27&28&29&30&32,
SUCCESS;133:edges = 172,fail_cases = 6,fault = 33&34&35&36&37,
SUCCESS;134:edges = 173,fail_cases = 6,fault = 33&34&35&36&37&32,
SUCCESS;135:edges = 174,fail_cases = 6,fault = 33&34&35&36&25&37&32,
SUCCESS;136:edges = 175,fail_cases = 6,fault = 33&34&35&36&25&37&26&32,
SUCCESS;137:edges = 176,fail_cases = 6,fault = 33&34&35&36&25&37&26&27&32,
SUCCESS;138:edges = 177,fail_cases = 6,fault = 33&34&35&36&25&37&26&27&28&32,
SUCCESS;139:edges = 178,fail_cases = 6,fault = 33&34&35&36&25&37&26&27&28&29&32,
SUCCESS;140:edges = 179,fail_cases = 6,fault = 33&34&35&36&25&37&26&27&28&29&30&32,
SUCCESS;141:edges = 181,fail_cases = 6,fault = 33&34&35&36&37&38,
SUCCESS;142:edges = 182,fail_cases = 6,fault = 33&34&35&36&37&38&32,
SUCCESS;143:edges = 183,fail_cases = 6,fault = 33&34&35&36&25&37&38&32,
SUCCESS;144:edges = 184,fail_cases = 6,fault = 33&34&35&36&25&37&26&38&32,
SUCCESS;145:edges = 185,fail_cases = 6,fault = 33&34&35&36&25&37&26&38&27&32,
SUCCESS;146:edges = 186,fail_cases = 6,fault = 33&34&35&36&25&37&26&38&27&28&32,
SUCCESS;147:edges = 187,fail_cases = 6,fault = 33&34&35&36&25&37&26&38&27&28&29&32,
SUCCESS;148:edges = 188,fail_cases = 6,fault = 33&34&35&36&25&37&26&38&27&28&29&30&32,
SUCCESS;149:edges = 190,fail_cases = 6,fault = 33&34&35&36&37&38&39,
SUCCESS;150:edges = 191,fail_cases = 6,fault = 33&34&35&36&37&38&39&32,
SUCCESS;151:edges = 192,fail_cases = 6,fault = 33&34&35&36&25&37&38&39&32,
SUCCESS;152:edges = 193,fail_cases = 6,fault = 33&34&35&36&25&37&26&38&39&32,
SUCCESS;153:edges = 194,fail_cases = 6,fault = 33&34&35&36&25&37&26&38&27&39&32,
SUCCESS;154:edges = 195,fail_cases = 6,fault = 33&34&35&36&25&37&26&38&27&39&28&32,
SUCCESS;155:edges = 196,fail_cases = 6,fault = 33&34&35&36&25&37&26&38&27&39&28&29&32,
SUCCESS;156:edges = 197,fail_cases = 6,fault = 33&34&35&36&25&37&26&38&27&39&28&29&30&32,
FAIL;157:edges = 197,fail_cases = 7,fault = 33&34&35&36&37&38&39&40,
SUCCESS;158:edges = 199,fail_cases = 7,fault = 41,
SUCCESS;159:edges = 200,fail_cases = 7,fault = 33&41,
SUCCESS;160:edges = 201,fail_cases = 7,fault = 33&34&41,
SUCCESS;161:edges = 202,fail_cases = 7,fault = 33&34&35&41,
SUCCESS;162:edges = 203,fail_cases = 7,fault = 33&34&35&36&41,
SUCCESS;163:edges = 204,fail_cases = 7,fault = 33&34&35&36&37&41,
SUCCESS;164:edges = 205,fail_cases = 7,fault = 33&34&35&36&37&38&41,
SUCCESS;165:edges = 206,fail_cases = 7,fault = 33&34&35&36&37&38&39&41,
SUCCESS;166:edges = 208,fail_cases = 7,fault = 41&42,
SUCCESS;167:edges = 209,fail_cases = 7,fault = 33&41&42,
SUCCESS;168:edges = 210,fail_cases = 7,fault = 33&34&41&42,
SUCCESS;169:edges = 211,fail_cases = 7,fault = 33&34&35&41&42,
SUCCESS;170:edges = 212,fail_cases = 7,fault = 33&34&35&36&41&42,
SUCCESS;171:edges = 213,fail_cases = 7,fault = 33&34&35&36&37&41&42,
SUCCESS;172:edges = 214,fail_cases = 7,fault = 33&34&35&36&37&38&41&42,
SUCCESS;173:edges = 215,fail_cases = 7,fault = 33&34&35&36&37&38&39&41&42,
SUCCESS;174:edges = 217,fail_cases = 7,fault = 41&42&43,
SUCCESS;175:edges = 218,fail_cases = 7,fault = 33&41&42&43,
SUCCESS;176:edges = 219,fail_cases = 7,fault = 33&34&41&42&43,
SUCCESS;177:edges = 220,fail_cases = 7,fault = 33&34&35&41&42&43,
SUCCESS;178:edges = 221,fail_cases = 7,fault = 33&34&35&36&41&42&43,
SUCCESS;179:edges = 222,fail_cases = 7,fault = 33&34&35&36&37&41&42&43,
SUCCESS;180:edges = 223,fail_cases = 7,fault = 33&34&35&36&37&38&41&42&43,
SUCCESS;181:edges = 224,fail_cases = 7,fault = 33&34&35&36&37&38&39&41&42&43,
SUCCESS;182:edges = 226,fail_cases = 7,fault = 44&41&42&43,
SUCCESS;183:edges = 227,fail_cases = 7,fault = 44&33&41&42&43,
SUCCESS;184:edges = 228,fail_cases = 7,fault = 44&33&34&41&42&43,
SUCCESS;185:edges = 229,fail_cases = 7,fault = 44&33&34&35&41&42&43,
SUCCESS;186:edges = 230,fail_cases = 7,fault = 44&33&34&35&36&41&42&43,
SUCCESS;187:edges = 231,fail_cases = 7,fault = 44&33&34&35&36&37&41&42&43,
SUCCESS;188:edges = 232,fail_cases = 7,fault = 44&33&34&35&36&37&38&41&42&43,
SUCCESS;189:edges = 233,fail_cases = 7,fault = 44&33&34&35&36&37&38&39&41&42&43,
SUCCESS;190:edges = 235,fail_cases = 7,fault = 44&45&41&42&43,
SUCCESS;191:edges = 236,fail_cases = 7,fault = 44&33&45&41&42&43,
SUCCESS;192:edges = 237,fail_cases = 7,fault = 44&33&45&34&41&42&43,
SUCCESS;193:edges = 238,fail_cases = 7,fault = 44&33&45&34&35&41&42&43,
SUCCESS;194:edges = 239,fail_cases = 7,fault = 44&33&45&34&35&36&41&42&43,
SUCCESS;195:edges = 240,fail_cases = 7,fault = 44&33&45&34&35&36&37&41&42&43,
SUCCESS;196:edges = 241,fail_cases = 7,fault = 44&33&45&34&35&36&37&38&41&42&43,
SUCCESS;197:edges = 242,fail_cases = 7,fault = 44&33&45&34&35&36&37&38&39&41&42&43,
FAIL;198:edges = 242,fail_cases = 8,fault = 44&45&46&41&42&43,
SUCCESS;199:edges = 244,fail_cases = 8,fault = 48,
SUCCESS;200:edges = 245,fail_cases = 8,fault = 48&41,
SUCCESS;201:edges = 246,fail_cases = 8,fault = 48&41&42,
SUCCESS;202:edges = 247,fail_cases = 8,fault = 48&41&42&43,
SUCCESS;203:edges = 248,fail_cases = 8,fault = 44&48&41&42&43,
SUCCESS;204:edges = 249,fail_cases = 8,fault = 44&45&48&41&42&43,
SUCCESS;205:edges = 251,fail_cases = 8,fault = 48&49,
SUCCESS;206:edges = 252,fail_cases = 8,fault = 48&49&41,
SUCCESS;207:edges = 253,fail_cases = 8,fault = 48&49&41&42,
SUCCESS;208:edges = 254,fail_cases = 8,fault = 48&49&41&42&43,
SUCCESS;209:edges = 255,fail_cases = 8,fault = 44&48&49&41&42&43,
SUCCESS;210:edges = 256,fail_cases = 8,fault = 44&45&48&49&41&42&43,
SUCCESS;211:edges = 258,fail_cases = 8,fault = 48&49&50,
SUCCESS;212:edges = 259,fail_cases = 8,fault = 48&49&50&41,
SUCCESS;213:edges = 260,fail_cases = 8,fault = 48&49&50&41&42,
SUCCESS;214:edges = 261,fail_cases = 8,fault = 48&49&50&41&42&43,
SUCCESS;215:edges = 262,fail_cases = 8,fault = 44&48&49&50&41&42&43,
SUCCESS;216:edges = 263,fail_cases = 8,fault = 44&45&48&49&50&41&42&43,
SUCCESS;217:edges = 265,fail_cases = 8,fault = 48&49&50&51,
SUCCESS;218:edges = 266,fail_cases = 8,fault = 48&49&50&51&41,
SUCCESS;219:edges = 267,fail_cases = 8,fault = 48&49&50&51&41&42,
SUCCESS;220:edges = 268,fail_cases = 8,fault = 48&49&50&51&41&42&43,
SUCCESS;221:edges = 269,fail_cases = 8,fault = 44&48&49&50&51&41&42&43,
SUCCESS;222:edges = 270,fail_cases = 8,fault = 44&45&48&49&50&51&41&42&43,
SUCCESS;223:edges = 272,fail_cases = 8,fault = 48&49&50&51&52,
SUCCESS;224:edges = 273,fail_cases = 8,fault = 48&49&50&51&52&41,
SUCCESS;225:edges = 274,fail_cases = 8,fault = 48&49&50&51&52&41&42,
SUCCESS;226:edges = 275,fail_cases = 8,fault = 48&49&50&51&52&41&42&43,
SUCCESS;227:edges = 276,fail_cases = 8,fault = 44&48&49&50&51&52&41&42&43,
SUCCESS;228:edges = 277,fail_cases = 8,fault = 44&45&48&49&50&51&52&41&42&43,
FAIL;229:edges = 277,fail_cases = 9,fault = 47&48&49&50&51&52,
SUCCESS;230:edges = 279,fail_cases = 9,fault = 53,
SUCCESS;231:edges = 280,fail_cases = 9,fault = 48&53,
SUCCESS;232:edges = 281,fail_cases = 9,fault = 48&49&53,
SUCCESS;233:edges = 282,fail_cases = 9,fault = 48&49&50&53,
SUCCESS;234:edges = 283,fail_cases = 9,fault = 48&49&50&51&53,
SUCCESS;235:edges = 284,fail_cases = 9,fault = 48&49&50&51&52&53,
SUCCESS;236:edges = 286,fail_cases = 9,fault = 53&54,
SUCCESS;237:edges = 287,fail_cases = 9,fault = 48&53&54,
SUCCESS;238:edges = 288,fail_cases = 9,fault = 48&49&53&54,
SUCCESS;239:edges = 289,fail_cases = 9,fault = 48&49&50&53&54,
SUCCESS;240:edges = 290,fail_cases = 9,fault = 48&49&50&51&53&54,
SUCCESS;241:edges = 291,fail_cases = 9,fault = 48&49&50&51&52&53&54,
SUCCESS;242:edges = 293,fail_cases = 9,fault = 55&53&54,
SUCCESS;243:edges = 294,fail_cases = 9,fault = 55&48&53&54,
SUCCESS;244:edges = 295,fail_cases = 9,fault = 55&48&49&53&54,
SUCCESS;245:edges = 296,fail_cases = 9,fault = 55&48&49&50&53&54,
SUCCESS;246:edges = 297,fail_cases = 9,fault = 55&48&49&50&51&53&54,
SUCCESS;247:edges = 298,fail_cases = 9,fault = 55&48&49&50&51&52&53&54,
FAIL;248:edges = 298,fail_cases = 10,fault = 55&56&53&54,
SUCCESS;249:edges = 300,fail_cases = 10,fault = 57,
SUCCESS;250:edges = 301,fail_cases = 10,fault = 57&53,
SUCCESS;251:edges = 302,fail_cases = 10,fault = 57&53&54,
SUCCESS;252:edges = 303,fail_cases = 10,fault = 55&57&53&54,
FAIL;253:edges = 303,fail_cases = 11,fault = 57&58,
SUCCESS;254:edges = 305,fail_cases = 11,fault = 64,
SUCCESS;255:edges = 306,fail_cases = 11,fault = 57&64,
SUCCESS;256:edges = 308,fail_cases = 11,fault = 64&65,
SUCCESS;257:edges = 309,fail_cases = 11,fault = 57&64&65,
SUCCESS;258:edges = 311,fail_cases = 11,fault = 59&64&65,
SUCCESS;259:edges = 312,fail_cases = 11,fault = 57&59&64&65,
SUCCESS;260:edges = 314,fail_cases = 11,fault = 59&60&64&65,
SUCCESS;261:edges = 315,fail_cases = 11,fault = 57&59&60&64&65,
SUCCESS;262:edges = 317,fail_cases = 11,fault = 59&60&61&64&65,
SUCCESS;263:edges = 318,fail_cases = 11,fault = 57&59&60&61&64&65,
SUCCESS;264:edges = 320,fail_cases = 11,fault = 59&60&61&62&64&65,
SUCCESS;265:edges = 321,fail_cases = 11,fault = 57&59&60&61&62&64&65,
FAIL;266:edges = 321,fail_cases = 12,fault = 59&60&61&62&63&64&65,
SUCCESS;267:edges = 323,fail_cases = 12,fault = 66,
SUCCESS;268:edges = 324,fail_cases = 12,fault = 66&64,
SUCCESS;269:edges = 325,fail_cases = 12,fault = 66&64&65,
SUCCESS;270:edges = 326,fail_cases = 12,fault = 66&59&64&65,
SUCCESS;271:edges = 327,fail_cases = 12,fault = 66&59&60&64&65,
SUCCESS;272:edges = 328,fail_cases = 12,fault = 66&59&60&61&64&65,
SUCCESS;273:edges = 329,fail_cases = 12,fault = 66&59&60&61&62&64&65,
SUCCESS;274:edges = 331,fail_cases = 12,fault = 66&67,
SUCCESS;275:edges = 332,fail_cases = 12,fault = 66&67&64,
SUCCESS;276:edges = 333,fail_cases = 12,fault = 66&67&64&65,
SUCCESS;277:edges = 334,fail_cases = 12,fault = 66&67&59&64&65,
SUCCESS;278:edges = 335,fail_cases = 12,fault = 66&67&59&60&64&65,
SUCCESS;279:edges = 336,fail_cases = 12,fault = 66&67&59&60&61&64&65,
SUCCESS;280:edges = 337,fail_cases = 12,fault = 66&67&59&60&61&62&64&65,
SUCCESS;281:edges = 339,fail_cases = 12,fault = 66&67&68,
SUCCESS;282:edges = 340,fail_cases = 12,fault = 66&67&68&64,
SUCCESS;283:edges = 341,fail_cases = 12,fault = 66&67&68&64&65,
SUCCESS;284:edges = 342,fail_cases = 12,fault = 66&67&68&59&64&65,
SUCCESS;285:edges = 343,fail_cases = 12,fault = 66&67&68&59&60&64&65,
SUCCESS;286:edges = 344,fail_cases = 12,fault = 66&67&68&59&60&61&64&65,
SUCCESS;287:edges = 345,fail_cases = 12,fault = 66&67&68&59&60&61&62&64&65,
FAIL;288:edges = 345,fail_cases = 13,fault = 66&67&68&69,
SUCCESS;289:edges = 347,fail_cases = 13,fault = 70,
SUCCESS;290:edges = 348,fail_cases = 13,fault = 66&70,
SUCCESS;291:edges = 349,fail_cases = 13,fault = 66&67&70,
SUCCESS;292:edges = 350,fail_cases = 13,fault = 66&67&68&70,
SUCCESS;293:edges = 352,fail_cases = 13,fault = 70&71,
SUCCESS;294:edges = 353,fail_cases = 13,fault = 66&70&71,
SUCCESS;295:edges = 354,fail_cases = 13,fault = 66&67&70&71,
SUCCESS;296:edges = 355,fail_cases = 13,fault = 66&67&68&70&71,
SUCCESS;297:edges = 357,fail_cases = 13,fault = 70&71&72,
SUCCESS;298:edges = 358,fail_cases = 13,fault = 66&70&71&72,
SUCCESS;299:edges = 359,fail_cases = 13,fault = 66&67&70&71&72,
SUCCESS;300:edges = 360,fail_cases = 13,fault = 66&67&68&70&71&72,
SUCCESS;301:edges = 362,fail_cases = 13,fault = 70&71&72&73,
SUCCESS;302:edges = 363,fail_cases = 13,fault = 66&70&71&72&73,
SUCCESS;303:edges = 364,fail_cases = 13,fault = 66&67&70&71&72&73,
SUCCESS;304:edges = 365,fail_cases = 13,fault = 66&67&68&70&71&72&73,
FAIL;305:edges = 365,fail_cases = 14,fault = 70&71&72&73&74,
SUCCESS;306:edges = 367,fail_cases = 14,fault = 80,
SUCCESS;307:edges = 368,fail_cases = 14,fault = 80&70,
SUCCESS;308:edges = 369,fail_cases = 14,fault = 80&70&71,
SUCCESS;309:edges = 370,fail_cases = 14,fault = 80&70&71&72,
SUCCESS;310:edges = 371,fail_cases = 14,fault = 80&70&71&72&73,
SUCCESS;311:edges = 373,fail_cases = 14,fault = 80&81,
SUCCESS;312:edges = 374,fail_cases = 14,fault = 80&81&70,
SUCCESS;313:edges = 375,fail_cases = 14,fault = 80&81&70&71,
SUCCESS;314:edges = 376,fail_cases = 14,fault = 80&81&70&71&72,
SUCCESS;315:edges = 377,fail_cases = 14,fault = 80&81&70&71&72&73,
SUCCESS;316:edges = 379,fail_cases = 14,fault = 80&81&82,
SUCCESS;317:edges = 380,fail_cases = 14,fault = 80&81&70&82,
SUCCESS;318:edges = 381,fail_cases = 14,fault = 80&81&70&82&71,
SUCCESS;319:edges = 382,fail_cases = 14,fault = 80&81&70&82&71&72,
SUCCESS;320:edges = 383,fail_cases = 14,fault = 80&81&70&82&71&72&73,
SUCCESS;321:edges = 385,fail_cases = 14,fault = 80&81&82&75,
SUCCESS;322:edges = 386,fail_cases = 14,fault = 80&81&70&82&75,
SUCCESS;323:edges = 387,fail_cases = 14,fault = 80&81&70&82&71&75,
SUCCESS;324:edges = 388,fail_cases = 14,fault = 80&81&70&82&71&72&75,
SUCCESS;325:edges = 389,fail_cases = 14,fault = 80&81&70&82&71&72&73&75,
SUCCESS;326:edges = 391,fail_cases = 14,fault = 80&81&82&75&76,
SUCCESS;327:edges = 392,fail_cases = 14,fault = 80&81&70&82&75&76,
SUCCESS;328:edges = 393,fail_cases = 14,fault = 80&81&70&82&71&75&76,
SUCCESS;329:edges = 394,fail_cases = 14,fault = 80&81&70&82&71&72&75&76,
SUCCESS;330:edges = 395,fail_cases = 14,fault = 80&81&70&82&71&72&73&75&76,
SUCCESS;331:edges = 397,fail_cases = 14,fault = 77&80&81&82&75&76,
SUCCESS;332:edges = 398,fail_cases = 14,fault = 77&80&81&70&82&75&76,
SUCCESS;333:edges = 399,fail_cases = 14,fault = 77&80&81&70&82&71&75&76,
SUCCESS;334:edges = 400,fail_cases = 14,fault = 77&80&81&70&82&71&72&75&76,
SUCCESS;335:edges = 401,fail_cases = 14,fault = 77&80&81&70&82&71&72&73&75&76,
SUCCESS;336:edges = 403,fail_cases = 14,fault = 77&78&80&81&82&75&76,
SUCCESS;337:edges = 404,fail_cases = 14,fault = 77&78&80&81&70&82&75&76,
SUCCESS;338:edges = 405,fail_cases = 14,fault = 77&78&80&81&70&82&71&75&76,
SUCCESS;339:edges = 406,fail_cases = 14,fault = 77&78&80&81&70&82&71&72&75&76,
SUCCESS;340:edges = 407,fail_cases = 14,fault = 77&78&80&81&70&82&71&72&73&75&76,
FAIL;341:edges = 407,fail_cases = 15,fault = 77&78&79&80&81&82&75&76,
SUCCESS;342:edges = 409,fail_cases = 15,fault = 83,
SUCCESS;343:edges = 410,fail_cases = 15,fault = 80&83,
SUCCESS;344:edges = 411,fail_cases = 15,fault = 80&81&83,
SUCCESS;345:edges = 412,fail_cases = 15,fault = 80&81&82&83,
SUCCESS;346:edges = 413,fail_cases = 15,fault = 80&81&82&83&75,
SUCCESS;347:edges = 414,fail_cases = 15,fault = 80&81&82&83&75&76,
SUCCESS;348:edges = 415,fail_cases = 15,fault = 77&80&81&82&83&75&76,
SUCCESS;349:edges = 416,fail_cases = 15,fault = 77&78&80&81&82&83&75&76,
FAIL;350:edges = 416,fail_cases = 16,fault = 83&84,
SUCCESS;351:edges = 418,fail_cases = 16,fault = 85,
SUCCESS;352:edges = 419,fail_cases = 16,fault = 83&85,
SUCCESS;353:edges = 421,fail_cases = 16,fault = 85&86,
SUCCESS;354:edges = 422,fail_cases = 16,fault = 83&85&86,
SUCCESS;355:edges = 424,fail_cases = 16,fault = 85&86&87,
SUCCESS;356:edges = 425,fail_cases = 16,fault = 83&85&86&87,
SUCCESS;357:edges = 427,fail_cases = 16,fault = 88&85&86&87,
SUCCESS;358:edges = 428,fail_cases = 16,fault = 88&83&85&86&87,
SUCCESS;359:edges = 430,fail_cases = 16,fault = 88&89&85&86&87,
SUCCESS;360:edges = 431,fail_cases = 16,fault = 88&89&83&85&86&87,
SUCCESS;361:edges = 433,fail_cases = 16,fault = 88&89&90&85&86&87,
SUCCESS;362:edges = 434,fail_cases = 16,fault = 88&89&90&83&85&86&87,
FAIL;363:edges = 434,fail_cases = 17,fault = 88&89&90&91&85&86&87,
SUCCESS;364:edges = 436,fail_cases = 17,fault = 92,
SUCCESS;365:edges = 437,fail_cases = 17,fault = 92&85,
SUCCESS;366:edges = 438,fail_cases = 17,fault = 92&85&86,
SUCCESS;367:edges = 439,fail_cases = 17,fault = 92&85&86&87,
SUCCESS;368:edges = 440,fail_cases = 17,fault = 88&92&85&86&87,
SUCCESS;369:edges = 441,fail_cases = 17,fault = 88&89&92&85&86&87,
SUCCESS;370:edges = 442,fail_cases = 17,fault = 88&89&90&92&85&86&87,
FAIL;371:edges = 442,fail_cases = 18,fault = 92&93,
SUCCESS;372:edges = 444,fail_cases = 18,fault = 96,
SUCCESS;373:edges = 445,fail_cases = 18,fault = 92&96,
SUCCESS;374:edges = 447,fail_cases = 18,fault = 96&97,
SUCCESS;375:edges = 448,fail_cases = 18,fault = 92&96&97,
SUCCESS;376:edges = 450,fail_cases = 18,fault = 96&97&98,
SUCCESS;377:edges = 451,fail_cases = 18,fault = 92&96&97&98,
SUCCESS;378:edges = 453,fail_cases = 18,fault = 99&96&97&98,
SUCCESS;379:edges = 454,fail_cases = 18,fault = 99&92&96&97&98,
SUCCESS;380:edges = 456,fail_cases = 18,fault = 99&94&96&97&98,
SUCCESS;381:edges = 457,fail_cases = 18,fault = 99&92&94&96&97&98,
FAIL;382:edges = 457,fail_cases = 19,fault = 99&94&95&96&97&98,
SUCCESS;383:edges = 458,fail_cases = 19,fault = 100,
SUCCESS;384:edges = 459,fail_cases = 19,fault = 100&96,
SUCCESS;385:edges = 460,fail_cases = 19,fault = 100&96&97,
SUCCESS;386:edges = 461,fail_cases = 19,fault = 100&96&97&98,
SUCCESS;387:edges = 462,fail_cases = 19,fault = 99&100&96&97&98,
SUCCESS;388:edges = 463,fail_cases = 19,fault = 99&100&94&96&97&98,
SUCCESS;389:edges = 464,fail_cases = 19,fault = 100&101,
SUCCESS;390:edges = 465,fail_cases = 19,fault = 100&101&96,
SUCCESS;391:edges = 466,fail_cases = 19,fault = 100&101&96&97,
SUCCESS;392:edges = 467,fail_cases = 19,fault = 100&101&96&97&98,
SUCCESS;393:edges = 468,fail_cases = 19,fault = 99&100&101&96&97&98,
SUCCESS;394:edges = 469,fail_cases = 19,fault = 99&100&101&94&96&97&98,
FAIL;395:edges = 469,fail_cases = 20,fault = 100&101&102,