SUCCESS;0:edges = 25,fail_cases = 0,fault = ,
SUCCESS;1:edges = 26,fail_cases = 0,fault = 1,
SUCCESS;2:edges = 27,fail_cases = 0,fault = 1&2,
SUCCESS;3:edges = 28,fail_cases = 0,fault = 1&2&3,
SUCCESS;4:edges = 29,fail_cases = 0,fault = 1&2&3&4,
SUCCESS;5:edges = 30,fail_cases = 0,fault = 1&2&3&4&5,
FAIL;6:edges = 30,fail_cases = 1,fault = 1&2&3&4&5&6,
SUCCESS;7:edges = 32,fail_cases = 1,fault = 7,
SUCCESS;8:edges = 33,fail_cases = 1,fault = 1&7,
SUCCESS;9:edges = 34,fail_cases = 1,fault = 1&2&7,
SUCCESS;10:edges = 35,fail_cases = 1,fault = 1&2&3&7,
SUCCESS;11:edges = 36,fail_cases = 1,fault = 1&2&3&4&7,
SUCCESS;12:edges = 37,fail_cases = 1,fault = 1&2&3&4&5&7,
SUCCESS;13:edges = 39,fail_cases = 1,fault = 7&8,
SUCCESS;14:edges = 40,fail_cases = 1,fault = 1&7&8,
SUCCESS;15:edges = 41,fail_cases = 1,fault = 1&2&7&8,
SUCCESS;16:edges = 42,fail_cases = 1,fault = 1&2&3&7&8,
SUCCESS;17:edges = 43,fail_cases = 1,fault = 1&2&3&4&7&8,
SUCCESS;18:edges = 44,fail_cases = 1,fault = 1&2&3&4&5&7&8,
SUCCESS;19:edges = 46,fail_cases = 1,fault = 7&8&9,
SUCCESS;20:edges = 47,fail_cases = 1,fault = 1&7&8&9,
SUCCESS;21:edges = 48,fail_cases = 1,fault = 1&2&7&8&9,
SUCCESS;22:edges = 49,fail_cases = 1,fault = 1&2&3&7&8&9,
SUCCESS;23:edges = 50,fail_cases = 1,fault = 1&2&3&4&7&8&9,
SUCCESS;24:edges = 51,fail_cases = 1,fault = 1&2&3&4&5&7&8&9,
SUCCESS;25:edges = 53,fail_cases = 1,fault = 7&8&9&10,
SUCCESS;26:edges = 54,fail_cases = 1,fault = 1&7&8&9&10,
SUCCESS;27:edges = 55,fail_cases = 1,fault = 1&2&7&8&9&10,
SUCCESS;28:edges = 56,fail_cases = 1,fault = 1&2&3&7&8&9&10,
SUCCESS;29:edges = 57,fail_cases = 1,fault = 1&2&3&4&7&8&9&10,
SUCCESS;30:edges = 58,fail_cases = 1,fault = 1&2&3&4&5&7&8&9&10,
FAIL;31:edges = 58,fail_cases = 2,fault = 11&7&8&9&10,
SUCCESS;32:edges = 60,fail_cases = 2,fault = 12,
SUCCESS;33:edges = 61,fail_cases = 2,fault = 12&7,
SUCCESS;34:edges = 62,fail_cases = 2,fault = 12&7&8,
SUCCESS;35:edges = 63,fail_cases = 2,fault = 12&7&8&9,
SUCCESS;36:edges = 64,fail_cases = 2,fault = 12&7&8&9&10,
SUCCESS;37:edges = 66,fail_cases = 2,fault = 12&13,
SUCCESS;38:edges = 67,fail_cases = 2,fault = 12&13&7,
SUCCESS;39:edges = 68,fail_cases = 2,fault = 12&13&7&8,
SUCCESS;40:edges = 69,fail_cases = 2,fault = 12&13&7&8&9,
SUCCESS;41:edges = 70,fail_cases = 2,fault = 12&13&7&8&9&10,
SUCCESS;42:edges = 72,fail_cases = 2,fault = 12&13&14,
SUCCESS;43:edges = 73,fail_cases = 2,fault = 12&13&14&7,
SUCCESS;44:edges = 74,fail_cases = 2,fault = 12&13&14&7&8,
SUCCESS;45:edges = 75,fail_cases = 2,fault = 12&13&14&7&8&9,
SUCCESS;46:edges = 76,fail_cases = 2,fault = 12&13&14&7&8&9&10,
FAIL;47:edges = 76,fail_cases = 3,fault = 12&13&14&15,
SUCCESS;48:edges = 78,fail_cases = 3,fault = 16,
SUCCESS;49:edges = 79,fail_cases = 3,fault = 12&16,
SUCCESS;50:edges = 80,fail_cases = 3,fault = 12&13&16,
SUCCESS;51:edges = 81,fail_cases = 3,fault = 12&13&14&16,
SUCCESS;52:edges = 83,fail_cases = 3,fault = 16&17,
SUCCESS;53:edges = 84,fail_cases = 3,fault = 12&16&17,
SUCCESS;54:edges = 85,fail_cases = 3,fault = 12&13&16&17,
SUCCESS;55:edges = 86,fail_cases = 3,fault = 12&13&14&16&17,
SUCCESS;56:edges = 88,fail_cases = 3,fault = 16&17&18,
SUCCESS;57:edges = 89,fail_cases = 3,fault = 12&16&17&18,
SUCCESS;58:edges = 90,fail_cases = 3,fault = 12&13&16&17&18,
SUCCESS;59:edges = 91,fail_cases = 3,fault = 12&13&14&16&17&18,
SUCCESS;60:edges = 93,fail_cases = 3,fault = 16&17&18&19,
SUCCESS;61:edges = 94,fail_cases = 3,fault = 12&16&17&18&19,
SUCCESS;62:edges = 95,fail_cases = 3,fault = 12&13&16&17&18&19,
SUCCESS;63:edges = 96,fail_cases = 3,fault = 12&13&14&16&17&18&19,
SUCCESS;64:edges = 98,fail_cases = 3,fault = 16&17&18&19&20,
SUCCESS;65:edges = 99,fail_cases = 3,fault = 12&16&17&18&19&20,
SUCCESS;66:edges = 100,fail_cases = 3,fault = 12&13&16&17&18&19&20,
SUCCESS;67:edges = 101,fail_cases = 3,fault = 12&13&14&16&17&18&19&20,
SUCCESS;68:edges = 103,fail_cases = 3,fault = 16&17&18&19&20&21,
SUCCESS;69:edges = 104,fail_cases = 3,fault = 12&16&17&18&19&20&21,
SUCCESS;70:edges = 105,fail_cases = 3,fault = 12&13&16&17&18&19&20&21,
SUCCESS;71:edges = 106,fail_cases = 3,fault = 12&13&14&16&17&18&19&20&21,
FAIL;72:edges = 106,fail_cases = 4,fault = 22&16&17&18&19&20&21,
SUCCESS;73:edges = 108,fail_cases = 4,fault = 23,
SUCCESS;74:edges = 109,fail_cases = 4,fault = 23&16,
SUCCESS;75:edges = 110,fail_cases = 4,fault = 23&16&17,
SUCCESS;76:edges = 111,fail_cases = 4,fault = 23&16&17&18,
SUCCESS;77:edges = 112,fail_cases = 4,fault = 23&16&17&18&19,
SUCCESS;78:edges = 113,fail_cases = 4,fault = 23&16&17&18&19&20,
SUCCESS;79:edges = 114,fail_cases = 4,fault = 23&16&17&18&19&20&21,
SUCCESS;80:edges = 116,fail_cases = 4,fault = 23&24,
SUCCESS;81:edges = 117,fail_cases = 4,fault = 23&24&16,
SUCCESS;82:edges = 118,fail_cases = 4,fault = 23&24&16&17,
SUCCESS;83:edges = 119,fail_cases = 4,fault = 23&24&16&17&18,
SUCCESS;84:edges = 120,fail_cases = 4,fault = 23&24&16&17&18&19,
SUCCESS;85:edges = 121,fail_cases = 4,fault = 23&24&16&17&18&19&20,
SUCCESS;86:edges = 122,fail_cases = 4,fault = 23&24&16&17&18&19&20&21,
SUCCESS;87:edges = 124,fail_cases = 4,fault = 23&24&25,
SUCCESS;88:edges = 125,fail_cases = 4,fault = 23&24&25&16,
SUCCESS;89:edges = 126,fail_cases = 4,fault = 23&24&25&16&17,
SUCCESS;90:edges = 127,fail_cases = 4,fault = 23&24&25&16&17&18,
SUCCESS;91:edges = 128,fail_cases = 4,fault = 23&24&25&16&17&18&19,
SUCCESS;92:edges = 129,fail_cases = 4,fault = 23&24&25&16&17&18&19&20,
SUCCESS;93:edges = 130,fail_cases = 4,fault = 23&24&25&16&17&18&19&20&21,
SUCCESS;94:edges = 132,fail_cases = 4,fault = 23&24&25&26,
SUCCESS;95:edges = 133,fail_cases = 4,fault = 23&24&25&26&16,
SUCCESS;96:edges = 134,fail_cases = 4,fault = 23&24&25&26&16&17,
SUCCESS;97:edges = 135,fail_cases = 4,fault = 23&24&25&26&16&17&18,
SUCCESS;98:edges = 136,fail_cases = 4,fault = 23&24&25&26&16&17&18&19,
SUCCESS;99:edges = 137,fail_cases = 4,fault = 23&24&25&26&16&17&18&19&20,
SUCCESS;100:edges = 138,fail_cases = 4,fault = 23&24&25&26&16&17&18&19&20&21,
SUCCESS;101:edges = 140,fail_cases = 4,fault = 23&24&25&26&27,
SUCCESS;102:edges = 141,fail_cases = 4,fault = 23&24&25&26&27&16,
SUCCESS;103:edges = 142,fail_cases = 4,fault = 23&24&25&26&27&16&17,
SUCCESS;104:edges = 143,fail_cases = 4,fault = 23&24&25&26&27&16&17&18,
SUCCESS;105:edges = 144,fail_cases = 4,fault = 23&24&25&26&27&16&17&18&19,
SUCCESS;106:edges = 145,fail_cases = 4,fault = 23&24&25&26&27&16&17&18&19&20,
SUCCESS;107:edges = 146,fail_cases = 4,fault = 23&24&25&26&27&16&17&18&19&20&21,
SUCCESS;108:edges = 148,fail_cases = 4,fault = 23&24&25&26&27&28,
SUCCESS;109:edges = 149,fail_cases = 4,fault = 23&24&25&26&27&16&28,
SUCCESS;110:edges = 150,fail_cases = 4,fault = 23&24&25&26&27&16&28&17,
SUCCESS;111:edges = 151,fail_cases = 4,fault = 23&24&25&26&27&16&28&17&18,
SUCCESS;112:edges = 152,fail_cases = 4,fault = 23&24&25&26&27&16&28&17&18&19,
SUCCESS;113:edges = 153,fail_cases = 4,fault = 23&24&25&26&27&16&28&17&18&19&20,
SUCCESS;114:edges = 154,fail_cases = 4,fault = 23&24&25&26&27&16&28&17&18&19&20&21,
FAIL;115:edges = 154,fail_cases = 5,fault = 23&24&25&26&27&28&29,
SUCCESS;116:edges = 156,fail_cases = 5,fault = 32,
SUCCESS;117:edges = 157,fail_cases = 5,fault = 23&32,
SUCCESS;118:edges = 158,fail_cases = 5,fault = 23&24&32,
SUCCESS;119:edges = 159,fail_cases = 5,fault = 23&24&25&32,
SUCCESS;120:edges = 160,fail_cases = 5,fault = 23&24&25&26&32,
SUCCESS;121:edges = 161,fail_cases = 5,fault = 23&24&25&26&27&32,
SUCCESS;122:edges = 162,fail_cases = 5,fault = 23&24&25&26&27&28&32,
SUCCESS;123:edges = 164,fail_cases = 5,fault = 33&32,
SUCCESS;124:edges = 165,fail_cases = 5,fault = 33&23&32,
SUCCESS;125:edges = 166,fail_cases = 5,fault = 33&23&25&32,
SUCCESS;126:edges = 167,fail_cases = 5,fault = 33&23&25&26&32,
SUCCESS;127:edges = 168,fail_cases = 5,fault = 33&23&25&26&27&32,
SUCCESS;128:edges = 169,fail_cases = 5,fault = 33&23&25&26&27&28&32,
SUCCESS;129:edges = 171,fail_cases = 5,fault = 33&23&25&26&27&28&29&32,
SUCCESS;130:edges = 173,fail_cases = 5,fault = 33&23&35&25&26&27&28&29&32,
SUCCESS;131:edges = 175,fail_cases = 5,fault = 33&23&35&25&36&26&27&28&29&32,
SUCCESS;132:edges = 177,fail_cases = 5,fault = 33&23&35&25&36&26&37&27&28&29&32,
SUCCESS;133:edges = 178,fail_cases = 5,fault = 33&34&24&32,
SUCCESS;134:edges = 179,fail_cases = 5,fault = 33&34&35&24&32,
SUCCESS;135:edges = 180,fail_cases = 5,fault = 33&34&23&24&32,
SUCCESS;136:edges = 181,fail_cases = 5,fault = 33&34&23&35&24&32,
SUCCESS;137:edges = 182,fail_cases = 5,fault = 33&34&35&24&36&32,
SUCCESS;138:edges = 183,fail_cases = 5,fault = 33&34&35&24&36&37&32,
SUCCESS;139:edges = 184,fail_cases = 5,fault = 33&34&23&24&25&32,
SUCCESS;140:edges = 185,fail_cases = 5,fault = 33&34&23&35&24&36&32,
SUCCESS;141:edges = 186,fail_cases = 5,fault = 33&34&23&35&24&25&32,
SUCCESS;142:edges = 187,fail_cases = 5,fault = 33&34&23&35&24&36&37&32,
SUCCESS;143:edges = 188,fail_cases = 5,fault = 33&34&23&24&25&26&32,
SUCCESS;144:edges = 189,fail_cases = 5,fault = 33&34&23&35&24&36&25&32,
SUCCESS;145:edges = 190,fail_cases = 5,fault = 33&34&23&24&25&26&27&32,
SUCCESS;146:edges = 191,fail_cases = 5,fault = 33&34&23&24&25&26&27&28&32,
SUCCESS;147:edges = 192,fail_cases = 5,fault = 33&34&23&35&24&25&26&32,
SUCCESS;148:edges = 193,fail_cases = 5,fault = 33&34&23&35&24&36&25&26&32,
SUCCESS;149:edges = 195,fail_cases = 5,fault = 33&23&35&25&36&26&37&27&28&29&30&32,
FAIL;150:edges = 195,fail_cases = 6,fault = 33&23&35&25&36&26&37&27&28&29&30&31&32,
SUCCESS;151:edges = 196,fail_cases = 6,fault = 33&34&23&35&24&36&25&37&32,
SUCCESS;152:edges = 197,fail_cases = 6,fault = 33&34&35&24&36&37&30&32,
SUCCESS;153:edges = 198,fail_cases = 6,fault = 33&34&23&35&24&36&37&30&32,
SUCCESS;154:edges = 199,fail_cases = 6,fault = 33&34&23&35&24&25&26&27&32,
SUCCESS;155:edges = 200,fail_cases = 6,fault = 33&34&23&35&24&36&25&37&30&32,
SUCCESS;156:edges = 201,fail_cases = 6,fault = 33&34&23&35&24&36&25&26&27&32,
SUCCESS;157:edges = 202,fail_cases = 6,fault = 33&34&23&35&24&25&26&27&28&32,
SUCCESS;158:edges = 203,fail_cases = 6,fault = 33&34&23&35&24&36&25&26&27&28&32,
SUCCESS;159:edges = 204,fail_cases = 6,fault = 33&34&23&35&24&36&25&37&26&32,
SUCCESS;160:edges = 205,fail_cases = 6,fault = 33&34&23&35&24&36&25&37&26&27&32,
SUCCESS;161:edges = 206,fail_cases = 6,fault = 33&34&23&35&24&36&25&37&26&30&32,
SUCCESS;162:edges = 207,fail_cases = 6,fault = 33&34&23&35&24&36&25&37&26&27&30&32,
SUCCESS;163:edges = 208,fail_cases = 6,fault = 33&34&23&35&24&36&25&37&26&27&28&32,
SUCCESS;164:edges = 209,fail_cases = 6,fault = 33&34&23&35&24&36&25&37&26&27&28&30&32,
FAIL;165:edges = 209,fail_cases = 7,fault = 33&34&35&36&37&30&31&32,
SUCCESS;166:edges = 211,fail_cases = 7,fault = 38,
SUCCESS;167:edges = 212,fail_cases = 7,fault = 38&32,
SUCCESS;168:edges = 213,fail_cases = 7,fault = 33&38&32,
SUCCESS;169:edges = 214,fail_cases = 7,fault = 33&23&25&26&38&27&28&29&32,
SUCCESS;170:edges = 215,fail_cases = 7,fault = 33&23&35&25&26&38&27&28&29&32,
SUCCESS;171:edges = 216,fail_cases = 7,fault = 33&23&35&25&36&26&38&27&28&29&32,
SUCCESS;172:edges = 217,fail_cases = 7,fault = 33&23&35&25&36&26&37&38&27&28&29&32,
SUCCESS;173:edges = 218,fail_cases = 7,fault = 33&23&35&25&36&26&37&38&27&28&29&30&32,
SUCCESS;174:edges = 220,fail_cases = 7,fault = 38&39,
SUCCESS;175:edges = 221,fail_cases = 7,fault = 38&39&32,
SUCCESS;176:edges = 222,fail_cases = 7,fault = 33&38&39&32,
SUCCESS;177:edges = 223,fail_cases = 7,fault = 33&23&25&26&38&27&39&28&29&32,
SUCCESS;178:edges = 224,fail_cases = 7,fault = 33&23&35&25&26&38&27&39&28&29&32,
SUCCESS;179:edges = 225,fail_cases = 7,fault = 33&23&35&25&36&26&38&27&39&28&29&32,
SUCCESS;180:edges = 226,fail_cases = 7,fault = 33&23&35&25&36&26&37&38&27&39&28&29&32,
SUCCESS;181:edges = 227,fail_cases = 7,fault = 33&23&35&25&36&26&37&38&27&39&28&29&30&32,
SUCCESS;182:edges = 229,fail_cases = 7,fault = 38&39&40,
SUCCESS;183:edges = 230,fail_cases = 7,fault = 38&39&40&32,
SUCCESS;184:edges = 231,fail_cases = 7,fault = 33&38&39&40&32,
SUCCESS;185:edges = 232,fail_cases = 7,fault = 33&23&25&26&38&27&39&28&29&40&32,
SUCCESS;186:edges = 233,fail_cases = 7,fault = 33&23&35&25&26&38&27&39&28&29&40&32,
SUCCESS;187:edges = 234,fail_cases = 7,fault = 33&23&35&25&36&26&38&27&39&28&29&40&32,
SUCCESS;188:edges = 235,fail_cases = 7,fault = 33&23&35&25&36&26&37&38&27&39&28&29&40&32,
SUCCESS;189:edges = 236,fail_cases = 7,fault = 33&23&35&25&36&26&37&38&27&39&28&29&40&30&32,
SUCCESS;190:edges = 238,fail_cases = 7,fault = 38&39&40&41,
SUCCESS;191:edges = 239,fail_cases = 7,fault = 38&39&40&41&32,
SUCCESS;192:edges = 240,fail_cases = 7,fault = 33&38&39&40&41&32,
SUCCESS;193:edges = 241,fail_cases = 7,fault = 33&23&25&26&38&27&39&28&29&40&41&32,
SUCCESS;194:edges = 242,fail_cases = 7,fault = 33&23&35&25&26&38&27&39&28&29&40&41&32,
SUCCESS;195:edges = 243,fail_cases = 7,fault = 33&23&35&25&36&26&38&27&39&28&29&40&41&32,
SUCCESS;196:edges = 244,fail_cases = 7,fault = 33&23&35&25&36&26&37&38&27&39&28&29&40&41&32,
SUCCESS;197:edges = 245,fail_cases = 7,fault = 33&23&35&25&36&26&37&38&27&39&28&29&40&41&30&32,
FAIL;198:edges = 245,fail_cases = 8,fault = 38&39&40&41&42,
SUCCESS;199:edges = 247,fail_cases = 8,fault = 43,
SUCCESS;200:edges = 248,fail_cases = 8,fault = 38&43,
SUCCESS;201:edges = 249,fail_cases = 8,fault = 38&39&43,
SUCCESS;202:edges = 250,fail_cases = 8,fault = 38&39&40&43,
SUCCESS;203:edges = 251,fail_cases = 8,fault = 38&39&40&41&43,
SUCCESS;204:edges = 253,fail_cases = 8,fault = 44&43,
SUCCESS;205:edges = 254,fail_cases = 8,fault = 44&38&43,
SUCCESS;206:edges = 255,fail_cases = 8,fault = 44&38&39&43,
SUCCESS;207:edges = 256,fail_cases = 8,fault = 44&38&39&40&43,
SUCCESS;208:edges = 257,fail_cases = 8,fault = 44&38&39&40&41&43,
FAIL;209:edges = 257,fail_cases = 9,fault = 44&45&43,
SUCCESS;210:edges = 259,fail_cases = 9,fault = 48,
SUCCESS;211:edges = 260,fail_cases = 9,fault = 48&43,
SUCCESS;212:edges = 261,fail_cases = 9,fault = 44&48&43,
SUCCESS;213:edges = 263,fail_cases = 9,fault = 46&48,
SUCCESS;214:edges = 264,fail_cases = 9,fault = 46&48&43,
SUCCESS;215:edges = 265,fail_cases = 9,fault = 44&46&48&43,
FAIL;216:edges = 265,fail_cases = 10,fault = 46&47&48,
SUCCESS;217:edges = 267,fail_cases = 10,fault = 49,
SUCCESS;218:edges = 268,fail_cases = 10,fault = 48&49,
SUCCESS;219:edges = 269,fail_cases = 10,fault = 46&48&49,
SUCCESS;220:edges = 271,fail_cases = 10,fault = 49&50,
SUCCESS;221:edges = 272,fail_cases = 10,fault = 48&49&50,
SUCCESS;222:edges = 273,fail_cases = 10,fault = 46&48&49&50,
FAIL;223:edges = 273,fail_cases = 11,fault = 49&50&51,
SUCCESS;224:edges = 275,fail_cases = 11,fault = 52,
SUCCESS;225:edges = 276,fail_cases = 11,fault = 49&52,
SUCCESS;226:edges = 277,fail_cases = 11,fault = 49&50&52,
SUCCESS;227:edges = 279,fail_cases = 11,fault = 52&53,
SUCCESS;228:edges = 280,fail_cases = 11,fault = 49&52&53,
SUCCESS;229:edges = 281,fail_cases = 11,fault = 49&50&52&53,
FAIL;230:edges = 281,fail_cases = 12,fault = 52&53&54,
SUCCESS;231:edges = 283,fail_cases = 12,fault = 55,
SUCCESS;232:edges = 284,fail_cases = 12,fault = 55&52,
SUCCESS;233:edges = 285,fail_cases = 12,fault = 55&52&53,
SUCCESS;234:edges = 287,fail_cases = 12,fault = 55&56,
SUCCESS;235:edges = 288,fail_cases = 12,fault = 55&56&52,
SUCCESS;236:edges = 289,fail_cases = 12,fault = 55&56&52&53,
SUCCESS;237:edges = 291,fail_cases = 12,fault = 55&56&57,
SUCCESS;238:edges = 292,fail_cases = 12,fault = 55&56&57&52,
SUCCESS;239:edges = 293,fail_cases = 12,fault = 55&56&57&52&53,
SUCCESS;240:edges = 295,fail_cases = 12,fault = 55&56&57&58,
SUCCESS;241:edges = 296,fail_cases = 12,fault = 55&56&57&58&52,
SUCCESS;242:edges = 297,fail_cases = 12,fault = 55&56&57&58&52&53,
SUCCESS;243:edges = 299,fail_cases = 12,fault = 55&56&57&58&59,
SUCCESS;244:edges = 300,fail_cases = 12,fault = 55&56&57&58&59&52,
SUCCESS;245:edges = 301,fail_cases = 12,fault = 55&56&57&58&59&52&53,
SUCCESS;246:edges = 303,fail_cases = 12,fault = 55&56&57&58&59&60,
SUCCESS;247:edges = 304,fail_cases = 12,fault = 55&56&57&58&59&60&52,
SUCCESS;248:edges = 305,fail_cases = 12,fault = 55&56&57&58&59&60&52&53,
SUCCESS;249:edges = 307,fail_cases = 12,fault = 55&56&57&58&59&60&61,
SUCCESS;250:edges = 308,fail_cases = 12,fault = 55&56&57&58&59&60&61&52,
SUCCESS;251:edges = 309,fail_cases = 12,fault = 55&56&57&58&59&60&61&52&53,
FAIL;252:edges = 309,fail_cases = 13,fault = 55&56&57&58&59&60&61&62,
SUCCESS;253:edges = 311,fail_cases = 13,fault = 64,
SUCCESS;254:edges = 312,fail_cases = 13,fault = 55&64,
SUCCESS;255:edges = 313,fail_cases = 13,fault = 55&56&64,
SUCCESS;256:edges = 314,fail_cases = 13,fault = 55&56&57&64,
SUCCESS;257:edges = 315,fail_cases = 13,fault = 55&56&57&58&64,
SUCCESS;258:edges = 316,fail_cases = 13,fault = 55&56&57&58&59&64,
SUCCESS;259:edges = 317,fail_cases = 13,fault = 55&56&57&58&59&60&64,
SUCCESS;260:edges = 318,fail_cases = 13,fault = 55&56&57&58&59&60&61&64,
SUCCESS;261:edges = 320,fail_cases = 13,fault = 64&65,
SUCCESS;262:edges = 321,fail_cases = 13,fault = 55&64&65,
SUCCESS;263:edges = 322,fail_cases = 13,fault = 55&56&64&65,
SUCCESS;264:edges = 323,fail_cases = 13,fault = 55&56&57&64&65,
SUCCESS;265:edges = 324,fail_cases = 13,fault = 55&56&57&58&64&65,
SUCCESS;266:edges = 325,fail_cases = 13,fault = 55&56&57&58&59&64&65,
SUCCESS;267:edges = 326,fail_cases = 13,fault = 55&56&57&58&59&60&64&65,
SUCCESS;268:edges = 327,fail_cases = 13,fault = 55&56&57&58&59&60&61&64&65,
SUCCESS;269:edges = 329,fail_cases = 13,fault = 66&64&65,
SUCCESS;270:edges = 330,fail_cases = 13,fault = 66&55&64&65,
SUCCESS;271:edges = 331,fail_cases = 13,fault = 66&55&56&64&65,
SUCCESS;272:edges = 332,fail_cases = 13,fault = 66&55&56&57&64&65,
SUCCESS;273:edges = 333,fail_cases = 13,fault = 66&55&56&57&58&64&65,
SUCCESS;274:edges = 334,fail_cases = 13,fault = 66&55&56&57&58&59&64&65,
SUCCESS;275:edges = 335,fail_cases = 13,fault = 66&55&56&57&58&59&60&64&65,
SUCCESS;276:edges = 336,fail_cases = 13,fault = 66&55&56&57&58&59&60&61&64&65,
FAIL;277:edges = 336,fail_cases = 14,fault = 66&63&64&65,
SUCCESS;278:edges = 338,fail_cases = 14,fault = 67,
SUCCESS;279:edges = 339,fail_cases = 14,fault = 67&64,
SUCCESS;280:edges = 340,fail_cases = 14,fault = 67&64&65,
FAIL;281:edges = 340,fail_cases = 15,fault = 66&67&64&65,
FAIL;282:edges = 340,fail_cases = 16,fault = 67&68,
SUCCESS;283:edges = 342,fail_cases = 16,fault = 69,
SUCCESS;284:edges = 343,fail_cases = 16,fault = 67&69,
FAIL;285:edges = 343,fail_cases = 17,fault = 69&70,
SUCCESS;286:edges = 345,fail_cases = 17,fault = 71,
SUCCESS;287:edges = 346,fail_cases = 17,fault = 69&71,
SUCCESS;288:edges = 348,fail_cases = 17,fault = 71&72,
SUCCESS;289:edges = 349,fail_cases = 17,fault = 69&71&72,
SUCCESS;290:edges = 351,fail_cases = 17,fault = 71&72&73,
SUCCESS;291:edges = 352,fail_cases = 17,fault = 69&71&72&73,
SUCCESS;292:edges = 354,fail_cases = 17,fault = 71&72&73&74,
SUCCESS;293:edges = 355,fail_cases = 17,fault = 69&71&72&73&74,
SUCCESS;294:edges = 357,fail_cases = 17,fault = 71&72&73&74&75,
SUCCESS;295:edges = 358,fail_cases = 17,fault = 69&71&72&73&74&75,
FAIL;296:edges = 358,fail_cases = 18,fault = 71&72&73&74&75&76,
SUCCESS;297:edges = 360,fail_cases = 18,fault = 80,
SUCCESS;298:edges = 361,fail_cases = 18,fault = 80&71,
SUCCESS;299:edges = 362,fail_cases = 18,fault = 80&71&72,
SUCCESS;300:edges = 363,fail_cases = 18,fault = 80&71&72&73,
SUCCESS;301:edges = 364,fail_cases = 18,fault = 80&71&72&73&74,
SUCCESS;302:edges = 365,fail_cases = 18,fault = 80&71&72&73&74&75,
SUCCESS;303:edges = 367,fail_cases = 18,fault = 80&81,
SUCCESS;304:edges = 368,fail_cases = 18,fault = 80&81&71,
SUCCESS;305:edges = 369,fail_cases = 18,fault = 80&81&71&72,
SUCCESS;306:edges = 370,fail_cases = 18,fault = 80&81&71&72&73,
SUCCESS;307:edges = 371,fail_cases = 18,fault = 80&81&71&72&73&74,
SUCCESS;308:edges = 372,fail_cases = 18,fault = 80&81&71&72&73&74&75,
SUCCESS;309:edges = 374,fail_cases = 18,fault = 77&80&81,
SUCCESS;310:edges = 375,fail_cases = 18,fault = 77&80&81&71,
SUCCESS;311:edges = 376,fail_cases = 18,fault = 77&80&81&71&72,
SUCCESS;312:edges = 377,fail_cases = 18,fault = 77&80&81&71&72&73,
SUCCESS;313:edges = 378,fail_cases = 18,fault = 77&80&81&71&72&73&74,
SUCCESS;314:edges = 379,fail_cases = 18,fault = 77&80&81&71&72&73&74&75,
SUCCESS;315:edges = 381,fail_cases = 18,fault = 77&78&80&81,
SUCCESS;316:edges = 382,fail_cases = 18,fault = 77&78&80&81&71,
SUCCESS;317:edges = 383,fail_cases = 18,fault = 77&78&80&81&71&72,
SUCCESS;318:edges = 384,fail_cases = 18,fault = 77&78&80&81&71&72&73,
SUCCESS;319:edges = 385,fail_cases = 18,fault = 77&78&80&81&71&72&73&74,
SUCCESS;320:edges = 386,fail_cases = 18,fault = 77&78&80&81&71&72&73&74&75,
FAIL;321:edges = 386,fail_cases = 19,fault = 77&78&79&80&81,
SUCCESS;322:edges = 388,fail_cases = 19,fault = 82,
SUCCESS;323:edges = 389,fail_cases = 19,fault = 80&82,
SUCCESS;324:edges = 390,fail_cases = 19,fault = 80&81&82,
SUCCESS;325:edges = 391,fail_cases = 19,fault = 77&80&81&82,
SUCCESS;326:edges = 392,fail_cases = 19,fault = 77&78&80&81&82,
SUCCESS;327:edges = 394,fail_cases = 19,fault = 82&83,
SUCCESS;328:edges = 395,fail_cases = 19,fault = 80&82&83,
SUCCESS;329:edges = 396,fail_cases = 19,fault = 80&81&82&83,
SUCCESS;330:edges = 397,fail_cases = 19,fault = 77&80&81&82&83,
SUCCESS;331:edges = 398,fail_cases = 19,fault = 77&78&80&81&82&83,
SUCCESS;332:edges = 400,fail_cases = 19,fault = 82&83&84,
SUCCESS;333:edges = 401,fail_cases = 19,fault = 80&82&83&84,
SUCCESS;334:edges = 402,fail_cases = 19,fault = 80&81&82&83&84,
SUCCESS;335:edges = 403,fail_cases = 19,fault = 77&80&81&82&83&84,
SUCCESS;336:edges = 404,fail_cases = 19,fault = 77&78&80&81&82&83&84,
SUCCESS;337:edges = 406,fail_cases = 19,fault = 82&83&84&85,
SUCCESS;338:edges = 407,fail_cases = 19,fault = 80&82&83&84&85,
SUCCESS;339:edges = 408,fail_cases = 19,fault = 80&81&82&83&84&85,
SUCCESS;340:edges = 409,fail_cases = 19,fault = 77&80&81&82&83&84&85,
SUCCESS;341:edges = 410,fail_cases = 19,fault = 77&78&80&81&82&83&84&85,
SUCCESS;342:edges = 412,fail_cases = 19,fault = 82&83&84&85&86,
SUCCESS;343:edges = 413,fail_cases = 19,fault = 80&82&83&84&85&86,
SUCCESS;344:edges = 414,fail_cases = 19,fault = 80&81&82&83&84&85&86,
SUCCESS;345:edges = 415,fail_cases = 19,fault = 77&80&81&82&83&84&85&86,
SUCCESS;346:edges = 416,fail_cases = 19,fault = 77&78&80&81&82&83&84&85&86,
SUCCESS;347:edges = 418,fail_cases = 19,fault = 82&83&84&85&86&87,
SUCCESS;348:edges = 419,fail_cases = 19,fault = 80&82&83&84&85&86&87,
SUCCESS;349:edges = 420,fail_cases = 19,fault = 80&81&82&83&84&85&86&87,
SUCCESS;350:edges = 421,fail_cases = 19,fault = 77&80&81&82&83&84&85&86&87,
SUCCESS;351:edges = 422,fail_cases = 19,fault = 77&78&80&81&82&83&84&85&86&87,
FAIL;352:edges = 422,fail_cases = 20,fault = 88&82&83&84&85&86&87,
SUCCESS;353:edges = 424,fail_cases = 20,fault = 89,
SUCCESS;354:edges = 425,fail_cases = 20,fault = 89&82,
SUCCESS;355:edges = 426,fail_cases = 20,fault = 89&82&83,
SUCCESS;356:edges = 427,fail_cases = 20,fault = 89&82&83&84,
SUCCESS;357:edges = 428,fail_cases = 20,fault = 89&82&83&84&85,
SUCCESS;358:edges = 429,fail_cases = 20,fault = 89&82&83&84&85&86,
SUCCESS;359:edges = 430,fail_cases = 20,fault = 89&82&83&84&85&86&87,
FAIL;360:edges = 430,fail_cases = 21,fault = 89&90,
SUCCESS;361:edges = 432,fail_cases = 21,fault = 96,
SUCCESS;362:edges = 433,fail_cases = 21,fault = 89&96,
SUCCESS;363:edges = 435,fail_cases = 21,fault = 96&97,
SUCCESS;364:edges = 436,fail_cases = 21,fault = 89&96&97,
SUCCESS;365:edges = 438,fail_cases = 21,fault = 91&96&97,
SUCCESS;366:edges = 439,fail_cases = 21,fault = 89&91&96&97,
SUCCESS;367:edges = 441,fail_cases = 21,fault = 91&92&96&97,
SUCCESS;368:edges = 442,fail_cases = 21,fault = 89&91&92&96&97,
SUCCESS;369:edges = 444,fail_cases = 21,fault = 91&92&93&96&97,
SUCCESS;370:edges = 445,fail_cases = 21,fault = 89&91&92&93&96&97,
SUCCESS;371:edges = 447,fail_cases = 21,fault = 91&92&93&94&96&97,
SUCCESS;372:edges = 448,fail_cases = 21,fault = 89&91&92&93&94&96&97,
FAIL;373:edges = 448,fail_cases = 22,fault = 91&92&93&94&95&96&97,
SUCCESS;374:edges = 450,fail_cases = 22,fault = 98,
SUCCESS;375:edges = 451,fail_cases = 22,fault = 96&98,
SUCCESS;376:edges = 452,fail_cases = 22,fault = 96&97&98,
SUCCESS;377:edges = 453,fail_cases = 22,fault = 91&96&97&98,
SUCCESS;378:edges = 454,fail_cases = 22,fault = 91&92&96&97&98,
SUCCESS;379:edges = 455,fail_cases = 22,fault = 91&92&93&96&97&98,
SUCCESS;380:edges = 456,fail_cases = 22,fault = 91&92&93&94&96&97&98,
SUCCESS;381:edges = 458,fail_cases = 22,fault = 99&98,
SUCCESS;382:edges = 459,fail_cases = 22,fault = 99&96&98,
SUCCESS;383:edges = 460,fail_cases = 22,fault = 99&96&97&98,
SUCCESS;384:edges = 461,fail_cases = 22,fault = 99&91&96&97&98,
SUCCESS;385:edges = 462,fail_cases = 22,fault = 99&91&92&96&97&98,
SUCCESS;386:edges = 463,fail_cases = 22,fault = 99&91&92&93&96&97&98,
SUCCESS;387:edges = 464,fail_cases = 22,fault = 99&91&92&93&94&96&97&98,
SUCCESS;388:edges = 466,fail_cases = 22,fault = 99&100&98,
SUCCESS;389:edges = 467,fail_cases = 22,fault = 99&100&96&98,
SUCCESS;390:edges = 468,fail_cases = 22,fault = 99&100&96&97&98,
SUCCESS;391:edges = 469,fail_cases = 22,fault = 99&100&91&96&97&98,
SUCCESS;392:edges = 470,fail_cases = 22,fault = 99&100&91&92&96&97&98,
SUCCESS;393:edges = 471,fail_cases = 22,fault = 99&100&91&92&94&96&97&98,
SUCCESS;394:edges = 473,fail_cases = 22,fault = 99&100&91&92&94&95&96&97&98,
SUCCESS;395:edges = 474,fail_cases = 22,fault = 99&100&101&93&98,
FAIL;396:edges = 474,fail_cases = 23,fault = 99&100&102&91&92&94&95&96&97&98,
SUCCESS;397:edges = 475,fail_cases = 23,fault = 99&100&101&93&96&98,
SUCCESS;398:edges = 476,fail_cases = 23,fault = 99&100&101&93&96&97&98,
SUCCESS;399:edges = 477,fail_cases = 23,fault = 99&100&101&91&93&96&97&98,
SUCCESS;400:edges = 478,fail_cases = 23,fault = 99&100&101&91&92&93&96&97&98,
SUCCESS;401:edges = 479,fail_cases = 23,fault = 99&100&101&91&92&93&94&96&97&98,
FAIL;402:edges = 479,fail_cases = 24,fault = 99&100&101&102&98,
SUCCESS;403:edges = 481,fail_cases = 24,fault = 103,
SUCCESS;404:edges = 482,fail_cases = 24,fault = 103&98,
SUCCESS;405:edges = 483,fail_cases = 24,fault = 99&103&98,
SUCCESS;406:edges = 484,fail_cases = 24,fault = 99&100&103&98,
SUCCESS;407:edges = 485,fail_cases = 24,fault = 99&100&103&91&92&94&95&96&97&98,
SUCCESS;408:edges = 487,fail_cases = 24,fault = 103&104,
SUCCESS;409:edges = 488,fail_cases = 24,fault = 103&104&98,
SUCCESS;410:edges = 489,fail_cases = 24,fault = 99&103&104&98,
SUCCESS;411:edges = 490,fail_cases = 24,fault = 99&100&103&104&98,
SUCCESS;412:edges = 491,fail_cases = 24,fault = 99&100&103&104&91&92&94&95&96&97&98,
SUCCESS;413:edges = 493,fail_cases = 24,fault = 103&104&105,
SUCCESS;414:edges = 494,fail_cases = 24,fault = 103&104&105&98,
SUCCESS;415:edges = 495,fail_cases = 24,fault = 99&103&104&105&98,
SUCCESS;416:edges = 496,fail_cases = 24,fault = 99&100&103&104&105&98,
SUCCESS;417:edges = 497,fail_cases = 24,fault = 99&100&103&104&105&91&92&94&95&96&97&98,
SUCCESS;418:edges = 499,fail_cases = 24,fault = 103&104&105&106,
SUCCESS;419:edges = 500,fail_cases = 24,fault = 103&104&105&106&98,
SUCCESS;420:edges = 501,fail_cases = 24,fault = 99&103&104&105&106&98,
SUCCESS;421:edges = 502,fail_cases = 24,fault = 99&100&103&104&105&106&98,
SUCCESS;422:edges = 503,fail_cases = 24,fault = 99&100&103&104&105&106&91&92&94&95&96&97&98,
SUCCESS;423:edges = 505,fail_cases = 24,fault = 103&104&105&106&107,
SUCCESS;424:edges = 506,fail_cases = 24,fault = 103&104&105&106&107&98,
SUCCESS;425:edges = 507,fail_cases = 24,fault = 99&103&104&105&106&107&98,
SUCCESS;426:edges = 508,fail_cases = 24,fault = 99&100&103&104&105&106&107&98,
SUCCESS;427:edges = 509,fail_cases = 24,fault = 99&100&103&104&105&106&107&91&92&94&95&96&97&98,
SUCCESS;428:edges = 511,fail_cases = 24,fault = 103&104&105&106&107&108,
SUCCESS;429:edges = 512,fail_cases = 24,fault = 103&104&105&106&107&108&98,
SUCCESS;430:edges = 513,fail_cases = 24,fault = 99&103&104&105&106&107&108&98,
SUCCESS;431:edges = 514,fail_cases = 24,fault = 99&100&103&104&105&106&107&108&98,
SUCCESS;432:edges = 515,fail_cases = 24,fault = 99&100&103&104&105&106&107&91&108&92&94&95&96&97&98,
FAIL;433:edges = 515,fail_cases = 25,fault = 103&104&105&106&107&108&109,
SUCCESS;434:edges = 517,fail_cases = 25,fault = 112,
SUCCESS;435:edges = 518,fail_cases = 25,fault = 112&103,
SUCCESS;436:edges = 519,fail_cases = 25,fault = 112&103&104,
SUCCESS;437:edges = 520,fail_cases = 25,fault = 112&103&104&105,
SUCCESS;438:edges = 521,fail_cases = 25,fault = 112&103&104&105&106,
SUCCESS;439:edges = 522,fail_cases = 25,fault = 112&103&104&105&106&107,
SUCCESS;440:edges = 523,fail_cases = 25,fault = 112&103&104&105&106&107&108,
SUCCESS;441:edges = 525,fail_cases = 25,fault = 112&113,
SUCCESS;442:edges = 526,fail_cases = 25,fault = 112&113&104,
SUCCESS;443:edges = 527,fail_cases = 25,fault = 112&113&104&105,
SUCCESS;444:edges = 528,fail_cases = 25,fault = 112&113&104&105&106,
SUCCESS;445:edges = 529,fail_cases = 25,fault = 112&113&104&105&106&107,
SUCCESS;446:edges = 530,fail_cases = 25,fault = 112&113&104&105&106&107&108,
SUCCESS;447:edges = 532,fail_cases = 25,fault = 112&113&104&105&106&107&108&109,
SUCCESS;448:edges = 533,fail_cases = 25,fault = 112&113&114&103,
SUCCESS;449:edges = 535,fail_cases = 25,fault = 112&113&104&115&105&106&107&108&109,
SUCCESS;450:edges = 536,fail_cases = 25,fault = 112&113&114&103&115,
SUCCESS;451:edges = 538,fail_cases = 25,fault = 112&113&104&115&105&116&106&107&108&109,
SUCCESS;452:edges = 539,fail_cases = 25,fault = 112&113&114&103&115&116,
SUCCESS;453:edges = 541,fail_cases = 25,fault = 110&112&113&104&115&105&116&106&107&108&109,
FAIL;454:edges = 541,fail_cases = 26,fault = 110&111&112&113&104&115&105&116&106&107&108&109,
SUCCESS;455:edges = 542,fail_cases = 26,fault = 110&112&113&114&103&115&116,
SUCCESS;456:edges = 543,fail_cases = 26,fault = 112&113&114&103&104,
SUCCESS;457:edges = 544,fail_cases = 26,fault = 112&113&114&103&115&104,
SUCCESS;458:edges = 545,fail_cases = 26,fault = 112&113&114&103&104&105,
SUCCESS;459:edges = 546,fail_cases = 26,fault = 112&113&114&103&115&104&116,
SUCCESS;460:edges = 547,fail_cases = 26,fault = 112&113&114&103&115&104&105,
SUCCESS;461:edges = 548,fail_cases = 26,fault = 112&113&114&103&115&104&116&105,
SUCCESS;462:edges = 549,fail_cases = 26,fault = 112&113&114&103&104&105&106,
SUCCESS;463:edges = 550,fail_cases = 26,fault = 112&113&114&103&104&105&106&107,
SUCCESS;464:edges = 551,fail_cases = 26,fault = 112&113&114&103&104&105&106&107&108,
SUCCESS;465:edges = 552,fail_cases = 26,fault = 110&112&113&114&103&115&104&116,
SUCCESS;466:edges = 553,fail_cases = 26,fault = 112&113&114&103&115&104&105&106,
SUCCESS;467:edges = 554,fail_cases = 26,fault = 112&113&114&103&115&104&105&106&107,
SUCCESS;468:edges = 555,fail_cases = 26,fault = 110&112&113&114&103&115&104&116&105,
SUCCESS;469:edges = 556,fail_cases = 26,fault = 112&113&114&103&115&104&116&105&106,
SUCCESS;470:edges = 557,fail_cases = 26,fault = 112&113&114&103&115&104&105&106&107&108,
SUCCESS;471:edges = 558,fail_cases = 26,fault = 110&112&113&114&103&115&104&116&105&106,
SUCCESS;472:edges = 559,fail_cases = 26,fault = 112&113&114&103&115&104&116&105&106&107,
SUCCESS;473:edges = 560,fail_cases = 26,fault = 110&112&113&114&103&115&104&116&105&106&107,
SUCCESS;474:edges = 561,fail_cases = 26,fault = 112&113&114&103&115&104&116&105&106&107&108,
SUCCESS;475:edges = 562,fail_cases = 26,fault = 110&112&113&114&103&115&104&116&105&106&107&108,
FAIL;476:edges = 562,fail_cases = 27,fault = 110&111&112&113&114&115&116,
SUCCESS;477:edges = 564,fail_cases = 27,fault = 117,
SUCCESS;478:edges = 565,fail_cases = 27,fault = 112&117,
SUCCESS;479:edges = 566,fail_cases = 27,fault = 112&113&117,
SUCCESS;480:edges = 567,fail_cases = 27,fault = 112&113&104&105&117&106&107&108&109,
SUCCESS;481:edges = 568,fail_cases = 27,fault = 112&113&104&115&105&117&106&107&108&109,
SUCCESS;482:edges = 569,fail_cases = 27,fault = 112&113&104&115&105&116&117&106&107&108&109,
SUCCESS;483:edges = 570,fail_cases = 27,fault = 110&112&113&104&115&105&116&117&106&107&108&109,
SUCCESS;484:edges = 572,fail_cases = 27,fault = 117&118,
SUCCESS;485:edges = 573,fail_cases = 27,fault = 112&117&118,
SUCCESS;486:edges = 574,fail_cases = 27,fault = 112&113&117&118,
SUCCESS;487:edges = 575,fail_cases = 27,fault = 112&113&104&105&117&106&118&107&108&109,
SUCCESS;488:edges = 576,fail_cases = 27,fault = 112&113&104&115&105&117&106&118&107&108&109,
SUCCESS;489:edges = 577,fail_cases = 27,fault = 112&113&104&115&105&116&117&106&118&107&108&109,
SUCCESS;490:edges = 578,fail_cases = 27,fault = 110&112&113&104&115&105&116&117&106&118&107&108&109,
SUCCESS;491:edges = 580,fail_cases = 27,fault = 117&118&119,
SUCCESS;492:edges = 581,fail_cases = 27,fault = 112&117&118&119,
SUCCESS;493:edges = 582,fail_cases = 27,fault = 112&113&117&118&119,
SUCCESS;494:edges = 583,fail_cases = 27,fault = 112&113&115&117&118&119,
SUCCESS;495:edges = 584,fail_cases = 27,fault = 112&113&115&116&117&118&119,
SUCCESS;496:edges = 585,fail_cases = 27,fault = 110&112&113&115&116&117&118&119,
SUCCESS;497:edges = 587,fail_cases = 27,fault = 110&111&112&113&115&116&117&118&119,
SUCCESS;498:edges = 588,fail_cases = 27,fault = 104&105&117&106&118&107&119&108&109&120,
SUCCESS;499:edges = 589,fail_cases = 27,fault = 112&104&105&117&106&118&107&119&108&109&120,
SUCCESS;500:edges = 590,fail_cases = 27,fault = 112&113&104&105&117&106&118&107&119&108&109&120,
SUCCESS;501:edges = 591,fail_cases = 27,fault = 120&112&113&104&115&105&117&106&118&107&119&108&109,
SUCCESS;502:edges = 592,fail_cases = 27,fault = 120&112&113&104&115&105&116&117&106&118&107&119&108&109,
SUCCESS;503:edges = 593,fail_cases = 27,fault = 120&110&112&113&104&115&105&116&117&106&118&107&119&108&109,
SUCCESS;504:edges = 595,fail_cases = 27,fault = 110&121&111&112&113&115&116&117&118&119,
SUCCESS;505:edges = 596,fail_cases = 27,fault = 121&104&105&117&106&118&107&119&108&109&120,
SUCCESS;506:edges = 597,fail_cases = 27,fault = 121&112&104&105&117&106&118&107&119&108&109&120,
SUCCESS;507:edges = 598,fail_cases = 27,fault = 120&121&112&113&104&105&117&106&118&107&119&108&109,
SUCCESS;508:edges = 599,fail_cases = 27,fault = 120&121&112&113&104&115&105&117&106&118&107&119&108&109,
SUCCESS;509:edges = 600,fail_cases = 27,fault = 120&121&112&113&104&115&105&116&117&106&118&107&119&108&109,
SUCCESS;510:edges = 601,fail_cases = 27,fault = 120&121&110&112&113&104&115&105&116&117&106&118&107&119&108&109,
FAIL;511:edges = 601,fail_cases = 28,fault = 110&121&111&122&112&113&115&116&117&118&119,
FAIL;512:edges = 601,fail_cases = 29,fault = 121&122&117&118&119&120,
SUCCESS;513:edges = 603,fail_cases = 29,fault = 128,
SUCCESS;514:edges = 604,fail_cases = 29,fault = 128&117,
SUCCESS;515:edges = 605,fail_cases = 29,fault = 128&117&118,
SUCCESS;516:edges = 606,fail_cases = 29,fault = 128&117&118&119,
SUCCESS;517:edges = 607,fail_cases = 29,fault = 110&111&112&113&115&116&128&117&118&119,
SUCCESS;518:edges = 608,fail_cases = 29,fault = 110&121&111&112&113&115&116&128&117&118&119,
SUCCESS;519:edges = 610,fail_cases = 29,fault = 128&129,
SUCCESS;520:edges = 611,fail_cases = 29,fault = 128&117&129,
SUCCESS;521:edges = 612,fail_cases = 29,fault = 128&117&129&118,
SUCCESS;522:edges = 613,fail_cases = 29,fault = 128&117&129&118&119,
SUCCESS;523:edges = 614,fail_cases = 29,fault = 110&111&112&113&115&116&128&117&129&118&119,
SUCCESS;524:edges = 615,fail_cases = 29,fault = 110&121&111&112&113&115&116&128&117&129&118&119,
SUCCESS;525:edges = 617,fail_cases = 29,fault = 128&129&130,
SUCCESS;526:edges = 618,fail_cases = 29,fault = 128&117&129&130,
SUCCESS;527:edges = 619,fail_cases = 29,fault = 128&117&129&118&130,
SUCCESS;528:edges = 620,fail_cases = 29,fault = 128&117&129&118&119&130,
SUCCESS;529:edges = 621,fail_cases = 29,fault = 110&111&112&113&115&116&128&117&129&118&119&130,
SUCCESS;530:edges = 622,fail_cases = 29,fault = 130&110&121&111&112&113&115&116&128&117&129&118&119,
SUCCESS;531:edges = 624,fail_cases = 29,fault = 123&128&129&130,
SUCCESS;532:edges = 625,fail_cases = 29,fault = 123&128&117&129&130,
SUCCESS;533:edges = 626,fail_cases = 29,fault = 123&128&117&129&118&130,
SUCCESS;534:edges = 627,fail_cases = 29,fault = 123&128&117&129&118&119&130,
SUCCESS;535:edges = 628,fail_cases = 29,fault = 130&110&111&123&112&113&115&116&128&117&129&118&119,
SUCCESS;536:edges = 629,fail_cases = 29,fault = 130&110&121&111&123&112&113&115&116&128&117&129&118&119,
SUCCESS;537:edges = 631,fail_cases = 29,fault = 123&124&128&129&130,
SUCCESS;538:edges = 632,fail_cases = 29,fault = 123&124&128&117&129&130,
SUCCESS;539:edges = 633,fail_cases = 29,fault = 123&124&128&117&129&118&130,
SUCCESS;540:edges = 634,fail_cases = 29,fault = 123&124&128&117&129&118&119&130,
SUCCESS;541:edges = 635,fail_cases = 29,fault = 130&110&111&123&112&124&113&115&116&128&117&129&118&119,
SUCCESS;542:edges = 636,fail_cases = 29,fault = 130&110&121&111&123&112&124&113&115&116&128&117&129&118&119,
SUCCESS;543:edges = 638,fail_cases = 29,fault = 123&124&125&128&129&130,
SUCCESS;544:edges = 639,fail_cases = 29,fault = 123&124&125&128&117&129&130,
SUCCESS;545:edges = 640,fail_cases = 29,fault = 123&124&125&128&117&129&118&130,
SUCCESS;546:edges = 641,fail_cases = 29,fault = 123&124&125&128&117&129&118&119&130,
SUCCESS;547:edges = 642,fail_cases = 29,fault = 130&110&111&123&112&124&113&125&115&116&128&117&129&118&119,
SUCCESS;548:edges = 643,fail_cases = 29,fault = 130&110&121&111&123&112&124&113&125&115&116&128&117&129&118&119,
SUCCESS;549:edges = 645,fail_cases = 29,fault = 123&124&125&126&128&129&130,
SUCCESS;550:edges = 646,fail_cases = 29,fault = 123&124&125&126&128&117&129&130,
SUCCESS;551:edges = 647,fail_cases = 29,fault = 123&124&125&126&128&117&129&118&130,
SUCCESS;552:edges = 648,fail_cases = 29,fault = 123&124&125&126&128&117&129&118&119&130,
SUCCESS;553:edges = 649,fail_cases = 29,fault = 130&110&111&123&112&124&113&125&126&115&116&128&117&129&118&119,
SUCCESS;554:edges = 650,fail_cases = 29,fault = 130&110&121&111&123&112&124&113&125&126&115&116&128&117&129&118&119,
FAIL;555:edges = 650,fail_cases = 30,fault = 123&124&125&126&127&128&129&130,
SUCCESS;556:edges = 651,fail_cases = 30,fault = 131,
SUCCESS;557:edges = 652,fail_cases = 30,fault = 128&131,
SUCCESS;558:edges = 653,fail_cases = 30,fault = 128&129&131,
SUCCESS;559:edges = 654,fail_cases = 30,fault = 128&129&130&131,
SUCCESS;560:edges = 655,fail_cases = 30,fault = 123&128&129&130&131,
SUCCESS;561:edges = 656,fail_cases = 30,fault = 123&124&128&129&130&131,
SUCCESS;562:edges = 657,fail_cases = 30,fault = 123&124&125&128&129&130&131,
SUCCESS;563:edges = 658,fail_cases = 30,fault = 123&124&125&126&128&129&130&131,
SUCCESS;564:edges = 659,fail_cases = 30,fault = 132&131,
SUCCESS;565:edges = 660,fail_cases = 30,fault = 132&128&131,
SUCCESS;566:edges = 661,fail_cases = 30,fault = 132&128&129&131,
SUCCESS;567:edges = 662,fail_cases = 30,fault = 132&128&129&130&131,
SUCCESS;568:edges = 663,fail_cases = 30,fault = 132&124&128&129&130&131,
SUCCESS;569:edges = 664,fail_cases = 30,fault = 132&124&125&128&129&130&131,
SUCCESS;570:edges = 665,fail_cases = 30,fault = 132&124&125&126&128&129&130&131,
SUCCESS;571:edges = 666,fail_cases = 30,fault = 132&124&125&126&127&128&129&130&131,
SUCCESS;572:edges = 667,fail_cases = 30,fault = 132&133&123&131,
FAIL;573:edges = 667,fail_cases = 31,fault = 132&134&124&125&126&127&128&129&130&131,
SUCCESS;574:edges = 668,fail_cases = 31,fault = 132&133&123&128&131,
SUCCESS;575:edges = 669,fail_cases = 31,fault = 132&133&123&128&129&131,
SUCCESS;576:edges = 670,fail_cases = 31,fault = 132&133&123&128&129&130&131,
SUCCESS;577:edges = 671,fail_cases = 31,fault = 132&133&123&124&128&129&130&131,
SUCCESS;578:edges = 672,fail_cases = 31,fault = 132&133&123&124&125&128&129&130&131,
SUCCESS;579:edges = 673,fail_cases = 31,fault = 132&133&123&124&125&126&128&129&130&131,
FAIL;580:edges = 673,fail_cases = 32,fault = 132&133&134&131,