SUCCESS;0:edges = 15,fail_cases = 0,fault = ,
SUCCESS;1:edges = 16,fail_cases = 0,fault = 1,
SUCCESS;2:edges = 17,fail_cases = 0,fault = 1&2,
SUCCESS;3:edges = 18,fail_cases = 0,fault = 1&2&3,
SUCCESS;4:edges = 19,fail_cases = 0,fault = 1&2&3&4,
SUCCESS;5:edges = 20,fail_cases = 0,fault = 1&2&3&4&5,
SUCCESS;6:edges = 21,fail_cases = 0,fault = 1&2&3&4&5&6,
FAIL;7:edges = 21,fail_cases = 1,fault = 1&2&3&4&5&6&7,
SUCCESS;8:edges = 23,fail_cases = 1,fault = 8,
SUCCESS;9:edges = 24,fail_cases = 1,fault = 1&8,
SUCCESS;10:edges = 25,fail_cases = 1,fault = 1&2&8,
SUCCESS;11:edges = 26,fail_cases = 1,fault = 1&2&3&8,
SUCCESS;12:edges = 27,fail_cases = 1,fault = 1&2&3&4&8,
SUCCESS;13:edges = 28,fail_cases = 1,fault = 1&2&3&4&5&8,
SUCCESS;14:edges = 29,fail_cases = 1,fault = 1&2&3&4&5&6&8,
SUCCESS;15:edges = 31,fail_cases = 1,fault = 8&9,
SUCCESS;16:edges = 32,fail_cases = 1,fault = 1&8&9,
SUCCESS;17:edges = 33,fail_cases = 1,fault = 1&2&8&9,
SUCCESS;18:edges = 34,fail_cases = 1,fault = 1&2&3&8&9,
SUCCESS;19:edges = 35,fail_cases = 1,fault = 1&2&3&4&8&9,
SUCCESS;20:edges = 36,fail_cases = 1,fault = 1&2&3&4&5&8&9,
SUCCESS;21:edges = 37,fail_cases = 1,fault = 1&2&3&4&5&6&8&9,
FAIL;22:edges = 37,fail_cases = 2,fault = 8&9&10,
SUCCESS;23:edges = 39,fail_cases = 2,fault = 11,
SUCCESS;24:edges = 40,fail_cases = 2,fault = 11&9,
SUCCESS;25:edges = 42,fail_cases = 2,fault = 11&9&10,
SUCCESS;26:edges = 43,fail_cases = 2,fault = 11&12&8,
SUCCESS;27:edges = 44,fail_cases = 2,fault = 11&12&8&9,
SUCCESS;28:edges = 46,fail_cases = 2,fault = 11&13&9&10,
SUCCESS;29:edges = 47,fail_cases = 2,fault = 11&12&13&8,
SUCCESS;30:edges = 48,fail_cases = 2,fault = 11&12&13&8&9,
SUCCESS;31:edges = 50,fail_cases = 2,fault = 11&13&14&9&10,
FAIL;32:edges = 50,fail_cases = 3,fault = 11&13&14&15&9&10,
SUCCESS;33:edges = 51,fail_cases = 3,fault = 11&12&13&14&8,
SUCCESS;34:edges = 52,fail_cases = 3,fault = 11&12&13&14&8&9,
FAIL;35:edges = 52,fail_cases = 4,fault = 11&12&13&14&15,
SUCCESS;36:edges = 54,fail_cases = 4,fault = 16,
SUCCESS;37:edges = 55,fail_cases = 4,fault = 11&16,
SUCCESS;38:edges = 56,fail_cases = 4,fault = 11&16&9&10,
SUCCESS;39:edges = 57,fail_cases = 4,fault = 11&13&16&9&10,
SUCCESS;40:edges = 58,fail_cases = 4,fault = 11&13&14&16&9&10,
SUCCESS;41:edges = 60,fail_cases = 4,fault = 16&17,
SUCCESS;42:edges = 61,fail_cases = 4,fault = 11&16&17,
SUCCESS;43:edges = 62,fail_cases = 4,fault = 11&16&17&9&10,
SUCCESS;44:edges = 63,fail_cases = 4,fault = 11&13&16&17&9&10,
SUCCESS;45:edges = 64,fail_cases = 4,fault = 11&13&14&16&17&9&10,
SUCCESS;46:edges = 66,fail_cases = 4,fault = 16&17&18,
SUCCESS;47:edges = 67,fail_cases = 4,fault = 11&16&17&18,
SUCCESS;48:edges = 68,fail_cases = 4,fault = 11&16&17&18&9&10,
SUCCESS;49:edges = 69,fail_cases = 4,fault = 11&13&16&17&18&9&10,
SUCCESS;50:edges = 70,fail_cases = 4,fault = 11&13&14&16&17&18&9&10,
SUCCESS;51:edges = 72,fail_cases = 4,fault = 16&17&18&19,
SUCCESS;52:edges = 73,fail_cases = 4,fault = 11&16&17&18&19,
SUCCESS;53:edges = 74,fail_cases = 4,fault = 11&16&17&18&19&9&10,
SUCCESS;54:edges = 75,fail_cases = 4,fault = 11&13&16&17&18&19&9&10,
SUCCESS;55:edges = 76,fail_cases = 4,fault = 11&13&14&16&17&18&19&9&10,
SUCCESS;56:edges = 78,fail_cases = 4,fault = 16&17&18&19&20,
SUCCESS;57:edges = 79,fail_cases = 4,fault = 11&16&17&18&19&20,
SUCCESS;58:edges = 80,fail_cases = 4,fault = 11&16&17&18&19&9&20&10,
SUCCESS;59:edges = 81,fail_cases = 4,fault = 11&13&16&17&18&19&9&20&10,
SUCCESS;60:edges = 82,fail_cases = 4,fault = 11&13&14&16&17&18&19&9&20&10,
SUCCESS;61:edges = 84,fail_cases = 4,fault = 16&17&18&19&20&21,
SUCCESS;62:edges = 85,fail_cases = 4,fault = 11&16&17&18&19&20&21,
SUCCESS;63:edges = 86,fail_cases = 4,fault = 11&16&17&18&19&9&20&21&10,
SUCCESS;64:edges = 87,fail_cases = 4,fault = 11&13&16&17&18&19&9&20&21&10,
SUCCESS;65:edges = 88,fail_cases = 4,fault = 11&13&14&16&17&18&19&9&20&21&10,
SUCCESS;66:edges = 90,fail_cases = 4,fault = 22&16&17&18&19&20&21,
SUCCESS;67:edges = 91,fail_cases = 4,fault = 22&11&16&17&18&19&20&21,
SUCCESS;68:edges = 92,fail_cases = 4,fault = 22&11&16&17&18&19&9&20&21&10,
SUCCESS;69:edges = 93,fail_cases = 4,fault = 22&11&13&16&17&18&19&9&20&21&10,
SUCCESS;70:edges = 94,fail_cases = 4,fault = 22&11&13&14&16&17&18&19&9&20&21&10,
FAIL;71:edges = 94,fail_cases = 5,fault = 22&23&16&17&18&19&20&21,
SUCCESS;72:edges = 96,fail_cases = 5,fault = 24,
SUCCESS;73:edges = 97,fail_cases = 5,fault = 24&16,
SUCCESS;74:edges = 98,fail_cases = 5,fault = 24&16&17,
SUCCESS;75:edges = 99,fail_cases = 5,fault = 24&16&17&18,
SUCCESS;76:edges = 100,fail_cases = 5,fault = 24&16&17&18&19,
SUCCESS;77:edges = 101,fail_cases = 5,fault = 24&16&17&18&19&20,
SUCCESS;78:edges = 102,fail_cases = 5,fault = 24&16&17&18&19&20&21,
SUCCESS;79:edges = 103,fail_cases = 5,fault = 22&24&16&17&18&19&20&21,
SUCCESS;80:edges = 105,fail_cases = 5,fault = 24&25,
SUCCESS;81:edges = 106,fail_cases = 5,fault = 24&25&16,
SUCCESS;82:edges = 107,fail_cases = 5,fault = 24&25&16&17,
SUCCESS;83:edges = 108,fail_cases = 5,fault = 24&25&16&17&18,
SUCCESS;84:edges = 109,fail_cases = 5,fault = 24&25&16&17&18&19,
SUCCESS;85:edges = 110,fail_cases = 5,fault = 24&25&16&17&18&19&20,
SUCCESS;86:edges = 111,fail_cases = 5,fault = 24&25&16&17&18&19&20&21,
SUCCESS;87:edges = 112,fail_cases = 5,fault = 22&24&25&16&17&18&19&20&21,
FAIL;88:edges = 112,fail_cases = 6,fault = 24&25&26,
SUCCESS;89:edges = 114,fail_cases = 6,fault = 27,
SUCCESS;90:edges = 115,fail_cases = 6,fault = 24&27,
SUCCESS;91:edges = 116,fail_cases = 6,fault = 24&25&27,
SUCCESS;92:edges = 118,fail_cases = 6,fault = 27&28,
SUCCESS;93:edges = 119,fail_cases = 6,fault = 24&27&28,
SUCCESS;94:edges = 121,fail_cases = 6,fault = 24&26&27&28,
SUCCESS;95:edges = 122,fail_cases = 6,fault = 25&27&28&29,
SUCCESS;96:edges = 123,fail_cases = 6,fault = 24&25&27&28&29,
FAIL;97:edges = 123,fail_cases = 7,fault = 24&26&27&28&30,
FAIL;98:edges = 123,fail_cases = 8,fault = 27&28&29&30,
SUCCESS;99:edges = 125,fail_cases = 8,fault = 32,
SUCCESS;100:edges = 126,fail_cases = 8,fault = 27&32,
SUCCESS;101:edges = 127,fail_cases = 8,fault = 27&28&32,
SUCCESS;102:edges = 128,fail_cases = 8,fault = 24&26&27&28&32,
SUCCESS;103:edges = 130,fail_cases = 8,fault = 33&32,
SUCCESS;104:edges = 131,fail_cases = 8,fault = 33&27&32,
SUCCESS;105:edges = 132,fail_cases = 8,fault = 33&27&28&32,
SUCCESS;106:edges = 133,fail_cases = 8,fault = 33&24&26&27&28&32,
SUCCESS;107:edges = 135,fail_cases = 8,fault = 33&34&32,
SUCCESS;108:edges = 136,fail_cases = 8,fault = 33&34&27&32,
SUCCESS;109:edges = 137,fail_cases = 8,fault = 33&34&27&28&32,
SUCCESS;110:edges = 139,fail_cases = 8,fault = 33&34&27&28&30&32,
SUCCESS;111:edges = 140,fail_cases = 8,fault = 33&34&35&24&26&32,
SUCCESS;112:edges = 141,fail_cases = 8,fault = 33&34&35&24&26&27&32,
SUCCESS;113:edges = 142,fail_cases = 8,fault = 33&34&35&24&26&27&28&32,
FAIL;114:edges = 142,fail_cases = 9,fault = 33&34&27&28&30&31&32,
FAIL;115:edges = 142,fail_cases = 10,fault = 33&34&35&31&32,
SUCCESS;116:edges = 144,fail_cases = 10,fault = 36,
SUCCESS;117:edges = 145,fail_cases = 10,fault = 36&32,
SUCCESS;118:edges = 146,fail_cases = 10,fault = 33&36&32,
SUCCESS;119:edges = 147,fail_cases = 10,fault = 33&34&36&32,
SUCCESS;120:edges = 148,fail_cases = 10,fault = 33&34&36&27&28&30&32,
SUCCESS;121:edges = 150,fail_cases = 10,fault = 36&37,
SUCCESS;122:edges = 151,fail_cases = 10,fault = 36&37&32,
SUCCESS;123:edges = 152,fail_cases = 10,fault = 33&36&37&32,
SUCCESS;124:edges = 153,fail_cases = 10,fault = 33&34&36&37&32,
SUCCESS;125:edges = 154,fail_cases = 10,fault = 33&34&36&37&27&28&30&32,
SUCCESS;126:edges = 156,fail_cases = 10,fault = 36&37&38,
SUCCESS;127:edges = 157,fail_cases = 10,fault = 36&37&38&32,
SUCCESS;128:edges = 158,fail_cases = 10,fault = 33&36&37&38&32,
SUCCESS;129:edges = 159,fail_cases = 10,fault = 33&34&36&37&38&32,
SUCCESS;130:edges = 160,fail_cases = 10,fault = 33&34&36&37&38&27&28&30&32,
FAIL;131:edges = 160,fail_cases = 11,fault = 36&37&38&39,
SUCCESS;132:edges = 162,fail_cases = 11,fault = 40,
SUCCESS;133:edges = 163,fail_cases = 11,fault = 36&40,
SUCCESS;134:edges = 164,fail_cases = 11,fault = 36&37&40,
SUCCESS;135:edges = 165,fail_cases = 11,fault = 36&37&38&40,
FAIL;136:edges = 165,fail_cases = 12,fault = 40&41,
SUCCESS;137:edges = 167,fail_cases = 12,fault = 42,
SUCCESS;138:edges = 169,fail_cases = 12,fault = 40&42,
SUCCESS;139:edges = 171,fail_cases = 12,fault = 44&40&42,
FAIL;140:edges = 171,fail_cases = 13,fault = 44&45&40&42,
SUCCESS;141:edges = 172,fail_cases = 13,fault = 41&42&43,
SUCCESS;142:edges = 173,fail_cases = 13,fault = 44&41&42&43,
FAIL;143:edges = 173,fail_cases = 14,fault = 44&45&42&43,
SUCCESS;144:edges = 175,fail_cases = 14,fault = 48,
SUCCESS;145:edges = 176,fail_cases = 14,fault = 48&42,
SUCCESS;146:edges = 177,fail_cases = 14,fault = 48&40&42,
SUCCESS;147:edges = 178,fail_cases = 14,fault = 44&48&40&42,
SUCCESS;148:edges = 180,fail_cases = 14,fault = 48&49,
SUCCESS;149:edges = 181,fail_cases = 14,fault = 48&49&42,
SUCCESS;150:edges = 182,fail_cases = 14,fault = 48&49&40&42,
SUCCESS;151:edges = 183,fail_cases = 14,fault = 44&48&49&40&42,
SUCCESS;152:edges = 185,fail_cases = 14,fault = 48&49&50,
SUCCESS;153:edges = 186,fail_cases = 14,fault = 48&49&50&42,
SUCCESS;154:edges = 187,fail_cases = 14,fault = 48&49&50&40&42,
SUCCESS;155:edges = 188,fail_cases = 14,fault = 44&48&49&50&40&42,
SUCCESS;156:edges = 190,fail_cases = 14,fault = 48&49&50&51,
SUCCESS;157:edges = 191,fail_cases = 14,fault = 48&49&50&51&42,
SUCCESS;158:edges = 192,fail_cases = 14,fault = 48&49&50&51&40&42,
SUCCESS;159:edges = 194,fail_cases = 14,fault = 45&48&49&50&51&40&42,
SUCCESS;160:edges = 196,fail_cases = 14,fault = 45&46&48&49&50&51&40&42,
FAIL;161:edges = 196,fail_cases = 15,fault = 45&46&47&48&49&50&51&40&42,
SUCCESS;162:edges = 197,fail_cases = 15,fault = 44&48&49&50&51&52,
SUCCESS;163:edges = 198,fail_cases = 15,fault = 44&48&49&50&51&52&42,
SUCCESS;164:edges = 199,fail_cases = 15,fault = 44&48&49&50&51&40&52&42,
FAIL;165:edges = 199,fail_cases = 16,fault = 45&46&47&48&49&50&51&42&43,
SUCCESS;166:edges = 200,fail_cases = 16,fault = 44&46&48&49&50&51&52,
SUCCESS;167:edges = 201,fail_cases = 16,fault = 44&46&48&49&50&51&52&42,
SUCCESS;168:edges = 202,fail_cases = 16,fault = 44&46&48&49&50&51&40&52&42,
FAIL;169:edges = 202,fail_cases = 17,fault = 46&47&48&49&50&51&52,
SUCCESS;170:edges = 204,fail_cases = 17,fault = 53,
SUCCESS;171:edges = 205,fail_cases = 17,fault = 48&53,
SUCCESS;172:edges = 206,fail_cases = 17,fault = 48&50&53,
SUCCESS;173:edges = 207,fail_cases = 17,fault = 48&50&51&53,
SUCCESS;174:edges = 208,fail_cases = 17,fault = 45&48&50&51&40&53&42,
SUCCESS;175:edges = 209,fail_cases = 17,fault = 45&46&48&50&51&40&53&42,
SUCCESS;176:edges = 211,fail_cases = 17,fault = 45&46&47&48&50&51&40&53&42,
SUCCESS;177:edges = 213,fail_cases = 17,fault = 55&45&46&47&48&50&51&40&53&42,
FAIL;178:edges = 213,fail_cases = 18,fault = 55&45&56&46&47&48&50&51&40&53&42,
FAIL;179:edges = 213,fail_cases = 19,fault = 55&45&56&46&47&48&50&51&53&42&43,
SUCCESS;180:edges = 214,fail_cases = 19,fault = 49&53&54,
SUCCESS;181:edges = 215,fail_cases = 19,fault = 55&49&53&54,
FAIL;182:edges = 215,fail_cases = 20,fault = 55&56&46&47&48&50&51&52&53,
SUCCESS;183:edges = 216,fail_cases = 20,fault = 48&49&53&54,
SUCCESS;184:edges = 217,fail_cases = 20,fault = 55&48&49&53&54,
SUCCESS;185:edges = 218,fail_cases = 20,fault = 48&49&50&53&54,
SUCCESS;186:edges = 219,fail_cases = 20,fault = 55&48&49&50&53&54,
SUCCESS;187:edges = 220,fail_cases = 20,fault = 48&49&50&51&53&54,
SUCCESS;188:edges = 221,fail_cases = 20,fault = 45&48&49&50&51&40&53&42&54,
SUCCESS;189:edges = 222,fail_cases = 20,fault = 45&46&48&49&50&51&40&53&42&54,
SUCCESS;190:edges = 223,fail_cases = 20,fault = 55&48&49&50&51&53&54,
SUCCESS;191:edges = 224,fail_cases = 20,fault = 55&45&48&49&50&51&40&53&42&54,
FAIL;192:edges = 224,fail_cases = 21,fault = 55&45&46&48&49&50&51&40&53&42&54,
FAIL;193:edges = 224,fail_cases = 22,fault = 55&45&46&48&49&50&51&53&42&54&43,
FAIL;194:edges = 224,fail_cases = 23,fault = 55&46&48&49&50&51&52&53&54,
FAIL;195:edges = 224,fail_cases = 24,fault = 55&56&53&54,
SUCCESS;196:edges = 226,fail_cases = 24,fault = 57,
SUCCESS;197:edges = 227,fail_cases = 24,fault = 57&53,
SUCCESS;198:edges = 228,fail_cases = 24,fault = 55&57&53,
SUCCESS;199:edges = 230,fail_cases = 24,fault = 55&45&57&46&48&49&50&51&40&53&42,
SUCCESS;200:edges = 231,fail_cases = 24,fault = 45&57&46&58&47&48&50&51&40&42,
SUCCESS;201:edges = 233,fail_cases = 24,fault = 55&45&57&46&48&59&49&50&51&40&53&42,
SUCCESS;202:edges = 235,fail_cases = 24,fault = 55&45&57&46&48&59&49&60&50&51&40&53&42,
SUCCESS;203:edges = 236,fail_cases = 24,fault = 45&57&46&58&47&59&48&50&51&40&42,
SUCCESS;204:edges = 238,fail_cases = 24,fault = 55&45&57&46&48&59&49&60&50&61&51&40&53&42,
SUCCESS;205:edges = 239,fail_cases = 24,fault = 45&57&46&58&47&59&48&60&50&51&40&42,
SUCCESS;206:edges = 240,fail_cases = 24,fault = 45&57&46&58&47&48&50&51&40&53&42,
SUCCESS;207:edges = 241,fail_cases = 24,fault = 45&57&46&58&47&59&48&50&51&40&53&42,
SUCCESS;208:edges = 242,fail_cases = 24,fault = 55&45&57&46&58&47&48&50&51&40&53&42,
FAIL;209:edges = 242,fail_cases = 25,fault = 55&45&57&46&48&59&49&60&50&61&51&40&62&53&42,
SUCCESS;210:edges = 243,fail_cases = 25,fault = 45&57&46&58&47&59&48&60&50&51&40&53&42,
SUCCESS;211:edges = 244,fail_cases = 25,fault = 55&45&57&46&58&47&59&48&50&51&40&53&42,
SUCCESS;212:edges = 245,fail_cases = 25,fault = 45&57&46&58&47&59&48&60&61&50&51&40&42,
SUCCESS;213:edges = 246,fail_cases = 25,fault = 45&57&46&58&47&59&48&60&61&50&51&40&53&42,
SUCCESS;214:edges = 247,fail_cases = 25,fault = 55&45&57&46&58&47&59&48&60&50&51&40&53&42,
SUCCESS;215:edges = 248,fail_cases = 25,fault = 55&45&57&46&58&47&59&48&60&61&50&51&40&53&42,
FAIL;216:edges = 248,fail_cases = 26,fault = 55&45&57&46&48&59&49&60&50&61&51&62&53&42&43,
FAIL;217:edges = 248,fail_cases = 27,fault = 55&57&46&48&59&49&60&50&61&51&62&52&53,
FAIL;218:edges = 248,fail_cases = 28,fault = 55&56&57&59&60&61&62&53,
FAIL;219:edges = 248,fail_cases = 29,fault = 57&58&59&60&61&62,
SUCCESS;220:edges = 250,fail_cases = 29,fault = 64,
SUCCESS;221:edges = 251,fail_cases = 29,fault = 57&64,
SUCCESS;222:edges = 252,fail_cases = 29,fault = 55&45&57&46&48&49&50&51&40&64&53&42,
SUCCESS;223:edges = 253,fail_cases = 29,fault = 55&45&57&46&48&59&49&50&51&40&64&53&42,
SUCCESS;224:edges = 254,fail_cases = 29,fault = 55&45&57&46&48&59&49&60&50&51&40&64&53&42,
SUCCESS;225:edges = 255,fail_cases = 29,fault = 55&45&57&46&48&59&49&60&50&61&51&40&64&53&42,
SUCCESS;226:edges = 257,fail_cases = 29,fault = 64&65,
SUCCESS;227:edges = 258,fail_cases = 29,fault = 57&64&65,
SUCCESS;228:edges = 259,fail_cases = 29,fault = 55&45&57&46&48&49&50&51&40&64&53&42&65,
SUCCESS;229:edges = 260,fail_cases = 29,fault = 55&45&57&46&48&49&60&50&51&40&64&53&42&65,
SUCCESS;230:edges = 261,fail_cases = 29,fault = 55&45&57&46&48&49&60&50&61&51&40&64&53&42&65,
SUCCESS;231:edges = 263,fail_cases = 29,fault = 55&45&57&46&48&49&60&50&61&51&40&62&64&53&42&65,
SUCCESS;232:edges = 265,fail_cases = 29,fault = 55&45&67&57&46&48&49&60&50&61&51&40&62&64&53&42&65,
FAIL;233:edges = 265,fail_cases = 30,fault = 55&45&67&57&46&48&49&60&50&61&51&40&62&63&64&53&42&65,
FAIL;234:edges = 265,fail_cases = 31,fault = 55&45&67&57&46&48&49&60&50&61&51&62&63&64&53&42&65&43,
FAIL;235:edges = 265,fail_cases = 32,fault = 55&67&57&46&48&49&60&50&61&51&62&52&63&64&53&65,
FAIL;236:edges = 265,fail_cases = 33,fault = 55&56&67&57&60&61&62&63&64&53&65,
SUCCESS;237:edges = 266,fail_cases = 33,fault = 66&59&64&65,
SUCCESS;238:edges = 267,fail_cases = 33,fault = 66&67&59&64&65,
SUCCESS;239:edges = 268,fail_cases = 33,fault = 66&57&59&64&65,
SUCCESS;240:edges = 269,fail_cases = 33,fault = 66&55&45&57&46&48&59&49&50&51&40&64&53&42&65,
SUCCESS;241:edges = 270,fail_cases = 33,fault = 66&55&45&57&46&48&59&49&60&50&51&40&64&53&42&65,
SUCCESS;242:edges = 271,fail_cases = 33,fault = 66&55&45&57&46&48&59&49&60&50&61&51&40&64&53&42&65,
FAIL;243:edges = 271,fail_cases = 34,fault = 67&57&58&60&61&62&63&64&65,
SUCCESS;244:edges = 272,fail_cases = 34,fault = 66&67&57&59&64&65,
SUCCESS;245:edges = 273,fail_cases = 34,fault = 66&55&67&45&57&46&48&59&49&50&51&40&64&53&42&65,
SUCCESS;246:edges = 274,fail_cases = 34,fault = 66&55&67&45&57&46&48&59&49&60&50&51&40&64&53&42&65,
SUCCESS;247:edges = 275,fail_cases = 34,fault = 66&55&67&45&57&46&48&59&49&60&50&61&51&40&64&53&42&65,
FAIL;248:edges = 275,fail_cases = 35,fault = 66&67&63&64&65,
SUCCESS;249:edges = 277,fail_cases = 35,fault = 68,
SUCCESS;250:edges = 278,fail_cases = 35,fault = 68&64,
SUCCESS;251:edges = 279,fail_cases = 35,fault = 68&64&65,
SUCCESS;252:edges = 280,fail_cases = 35,fault = 55&45&68&57&46&48&49&60&50&61&51&40&62&64&53&42&65,
SUCCESS;253:edges = 282,fail_cases = 35,fault = 55&45&68&57&46&48&49&60&50&61&51&40&62&63&64&53&42&65,
FAIL;254:edges = 282,fail_cases = 36,fault = 55&45&68&57&46&48&49&70&60&50&61&51&40&62&63&64&53&42&65,
FAIL;255:edges = 282,fail_cases = 37,fault = 55&45&68&57&46&48&49&70&60&50&61&51&62&63&64&53&42&65&43,
FAIL;256:edges = 282,fail_cases = 38,fault = 55&68&57&46&48&49&70&60&50&61&51&62&52&63&64&53&65,
FAIL;257:edges = 282,fail_cases = 39,fault = 55&56&68&57&70&60&61&62&63&64&53&65,
FAIL;258:edges = 282,fail_cases = 40,fault = 68&57&58&70&60&61&62&63&64&65,
FAIL;259:edges = 282,fail_cases = 41,fault = 66&68&70&63&64&65,
SUCCESS;260:edges = 283,fail_cases = 41,fault = 67&68&69,
SUCCESS;261:edges = 284,fail_cases = 41,fault = 67&68&69&64,
SUCCESS;262:edges = 285,fail_cases = 41,fault = 67&68&69&64&65,
SUCCESS;263:edges = 286,fail_cases = 41,fault = 55&45&67&68&57&46&69&48&49&60&50&61&51&40&62&64&53&42&65,
FAIL;264:edges = 286,fail_cases = 42,fault = 68&69&70,
SUCCESS;265:edges = 287,fail_cases = 42,fault = 71,
SUCCESS;266:edges = 288,fail_cases = 42,fault = 68&71,
SUCCESS;267:edges = 289,fail_cases = 42,fault = 55&45&68&57&46&48&49&71&60&50&61&51&40&62&63&64&53&42&65,
SUCCESS;268:edges = 290,fail_cases = 42,fault = 71&72,
SUCCESS;269:edges = 291,fail_cases = 42,fault = 68&71&72,
SUCCESS;270:edges = 292,fail_cases = 42,fault = 55&45&68&57&46&48&49&71&60&72&50&61&51&40&62&63&64&53&42&65,
FAIL;271:edges = 292,fail_cases = 43,fault = 71&72&73,