SUCCESS;0:edges = 8,fail_cases = 0,fault = ,
SUCCESS;1:edges = 9,fail_cases = 0,fault = 1,
SUCCESS;2:edges = 10,fail_cases = 0,fault = 1&2,
SUCCESS;3:edges = 11,fail_cases = 0,fault = 1&2&3,
SUCCESS;4:edges = 12,fail_cases = 0,fault = 1&2&3&4,
SUCCESS;5:edges = 13,fail_cases = 0,fault = 1&2&3&4&5,
SUCCESS;6:edges = 14,fail_cases = 0,fault = 1&2&3&4&5&6,
SUCCESS;7:edges = 15,fail_cases = 0,fault = 1&2&3&4&5&6&7,
FAIL;8:edges = 15,fail_cases = 1,fault = 1&2&3&4&5&6&7&8,
SUCCESS;9:edges = 17,fail_cases = 1,fault = 9,
SUCCESS;10:edges = 18,fail_cases = 1,fault = 1&9,
SUCCESS;11:edges = 19,fail_cases = 1,fault = 1&2&9,
SUCCESS;12:edges = 20,fail_cases = 1,fault = 1&2&3&9,
SUCCESS;13:edges = 21,fail_cases = 1,fault = 1&2&3&4&9,
SUCCESS;14:edges = 22,fail_cases = 1,fault = 1&2&3&4&5&9,
SUCCESS;15:edges = 23,fail_cases = 1,fault = 1&2&3&4&5&6&9,
SUCCESS;16:edges = 24,fail_cases = 1,fault = 1&2&3&4&5&6&7&9,
SUCCESS;17:edges = 26,fail_cases = 1,fault = 9&10,
SUCCESS;18:edges = 27,fail_cases = 1,fault = 1&9&10,
SUCCESS;19:edges = 28,fail_cases = 1,fault = 1&2&9&10,
SUCCESS;20:edges = 29,fail_cases = 1,fault = 1&2&3&9&10,
SUCCESS;21:edges = 30,fail_cases = 1,fault = 1&2&3&4&9&10,
SUCCESS;22:edges = 31,fail_cases = 1,fault = 1&2&3&4&5&9&10,
SUCCESS;23:edges = 32,fail_cases = 1,fault = 1&2&3&4&5&6&9&10,
SUCCESS;24:edges = 33,fail_cases = 1,fault = 1&2&3&4&5&6&7&9&10,
SUCCESS;25:edges = 35,fail_cases = 1,fault = 11&9&10,
SUCCESS;26:edges = 36,fail_cases = 1,fault = 11&1&9&10,
SUCCESS;27:edges = 37,fail_cases = 1,fault = 11&1&3&9&10,
SUCCESS;28:edges = 38,fail_cases = 1,fault = 11&1&3&4&9&10,
SUCCESS;29:edges = 39,fail_cases = 1,fault = 11&1&3&4&5&9&10,
SUCCESS;30:edges = 40,fail_cases = 1,fault = 11&1&3&4&5&6&9&10,
SUCCESS;31:edges = 41,fail_cases = 1,fault = 11&1&3&4&5&6&7&9&10,
SUCCESS;32:edges = 43,fail_cases = 1,fault = 11&1&3&4&5&6&7&8&9&10,
SUCCESS;33:edges = 46,fail_cases = 1,fault = 11&1&3&14&4&5&6&7&8&9&10,
SUCCESS;34:edges = 47,fail_cases = 1,fault = 11&12&2&9&10,
SUCCESS;35:edges = 48,fail_cases = 1,fault = 2&17,
SUCCESS;36:edges = 49,fail_cases = 1,fault = 11&12&1&2&9&10,
FAIL;37:edges = 49,fail_cases = 2,fault = 11&1&13&3&14&4&5&6&7&8&9&10,
SUCCESS;38:edges = 51,fail_cases = 2,fault = 11&1&3&14&4&5&6&7&18&8&9&10,
SUCCESS;39:edges = 52,fail_cases = 2,fault = 2&17&9,
SUCCESS;40:edges = 53,fail_cases = 2,fault = 2&17&18,
SUCCESS;41:edges = 54,fail_cases = 2,fault = 11&12&2&14&9&10,
SUCCESS;42:edges = 55,fail_cases = 2,fault = 1&2&17&18&9,
SUCCESS;43:edges = 56,fail_cases = 2,fault = 11&12&1&2&3&9&10,
SUCCESS;44:edges = 57,fail_cases = 2,fault = 11&12&1&2&3&4&9&10,
SUCCESS;45:edges = 58,fail_cases = 2,fault = 11&12&1&2&14&9&10,
SUCCESS;46:edges = 59,fail_cases = 2,fault = 11&12&1&2&14&3&9&10,
SUCCESS;47:edges = 61,fail_cases = 2,fault = 11&14&18&19&1&3&4&5&6&7&8&9&10,
SUCCESS;48:edges = 63,fail_cases = 2,fault = 11&14&18&19&1&3&4&5&6&7&8&9&20&10,
SUCCESS;49:edges = 64,fail_cases = 2,fault = 11&12&1&2&3&4&5&9&10,
SUCCESS;50:edges = 65,fail_cases = 2,fault = 1&2&3&4&17&18&19,
SUCCESS;51:edges = 66,fail_cases = 2,fault = 1&2&3&4&17&18&19&20,
SUCCESS;52:edges = 67,fail_cases = 2,fault = 1&2&3&4&17&18&19&9,
SUCCESS;53:edges = 68,fail_cases = 2,fault = 11&12&1&2&14&3&4&9&10,
SUCCESS;54:edges = 69,fail_cases = 2,fault = 11&12&1&2&3&4&5&6&9&10,
SUCCESS;55:edges = 70,fail_cases = 2,fault = 11&12&1&2&3&4&5&6&7&9&10,
SUCCESS;56:edges = 72,fail_cases = 2,fault = 11&14&18&19&1&3&4&5&6&7&8&9&20&10&21,
SUCCESS;57:edges = 74,fail_cases = 2,fault = 11&22&14&18&19&1&3&4&5&6&7&8&9&20&10&21,
SUCCESS;58:edges = 75,fail_cases = 2,fault = 1&2&3&4&5&17&18&19&20&21,
SUCCESS;59:edges = 76,fail_cases = 2,fault = 11&12&1&2&14&3&4&5&9&10,
SUCCESS;60:edges = 77,fail_cases = 2,fault = 1&2&3&4&5&17&6&9&10,
SUCCESS;61:edges = 78,fail_cases = 2,fault = 1&2&3&4&5&17&6&18&9&10,
SUCCESS;62:edges = 81,fail_cases = 2,fault = 11&22&14&15&18&19&1&3&4&5&6&7&8&9&20&10&21,
SUCCESS;63:edges = 82,fail_cases = 2,fault = 1&2&3&4&5&17&6&18&19&9&10,
SUCCESS;64:edges = 84,fail_cases = 2,fault = 11&22&14&25&15&18&19&1&3&4&5&6&7&8&9&20&10&21,
SUCCESS;65:edges = 86,fail_cases = 2,fault = 11&22&14&25&15&26&18&19&1&3&4&5&6&7&8&9&20&10&21,
FAIL;66:edges = 86,fail_cases = 3,fault = 11&22&14&15&16&18&19&1&3&4&5&6&7&8&9&20&10&21,
SUCCESS;67:edges = 87,fail_cases = 3,fault = 22&1&2&3&4&5&17&6&18&19&20&21,
SUCCESS;68:edges = 88,fail_cases = 3,fault = 11&1&2&3&4&5&17&6&9&10,
SUCCESS;69:edges = 89,fail_cases = 3,fault = 11&1&13&3&4&5&17&6&7&8&9&10,
SUCCESS;70:edges = 91,fail_cases = 3,fault = 11&22&14&25&15&26&27&18&19&1&3&4&5&6&7&8&9&20&10&21,
SUCCESS;71:edges = 93,fail_cases = 3,fault = 11&22&14&25&15&26&27&28&18&19&1&3&4&5&6&7&8&9&20&10&21,
SUCCESS;72:edges = 94,fail_cases = 3,fault = 11&1&2&3&4&5&17&6&18&9&10,
SUCCESS;73:edges = 95,fail_cases = 3,fault = 11&12&1&2&3&4&5&17&6&18&9&10,
SUCCESS;74:edges = 96,fail_cases = 3,fault = 22&15&17&18&19&1&2&3&4&5&6&7&20&21,
SUCCESS;75:edges = 97,fail_cases = 3,fault = 11&13&17&18&1&3&4&5&6&7&8&9&10,
SUCCESS;76:edges = 98,fail_cases = 3,fault = 11&12&1&2&14&3&4&5&6&7&9&10,
SUCCESS;77:edges = 101,fail_cases = 3,fault = 11&22&14&25&15&26&27&28&18&29&19&1&3&4&5&6&7&8&9&20&10&21,
SUCCESS;78:edges = 103,fail_cases = 3,fault = 11&22&33&14&25&15&26&27&28&18&29&19&1&3&4&5&6&7&8&9&20&10&21,
FAIL;79:edges = 103,fail_cases = 4,fault = 11&22&24&14&25&15&26&27&28&18&29&19&1&3&4&5&6&7&8&9&20&10&21,
SUCCESS;80:edges = 105,fail_cases = 4,fault = 11&22&33&34&14&25&15&26&27&28&18&29&19&1&3&4&5&6&7&8&9&20&10&21,
SUCCESS;81:edges = 107,fail_cases = 4,fault = 22&25&26&27&28&29&10&11&33&34&35&14&15&18&19&1&3&4&5&6&7&8&9&20&21,
SUCCESS;82:edges = 109,fail_cases = 4,fault = 22&25&26&27&28&29&30&10&11&33&34&35&14&15&18&19&1&3&4&5&6&7&8&9&20&21,
FAIL;83:edges = 109,fail_cases = 5,fault = 22&25&26&27&28&29&30&31&10&11&33&34&35&14&15&18&19&1&3&4&5&6&7&8&9&20&21,
FAIL;84:edges = 109,fail_cases = 6,fault = 11&12&13&14&9&10,
SUCCESS;85:edges = 110,fail_cases = 6,fault = 13&17&18&19&9&20,
FAIL;86:edges = 110,fail_cases = 7,fault = 11&22&33&12&34&35&14&25&15&26&27&28&18&29&19&9&30&20&31&10&21,
SUCCESS;87:edges = 111,fail_cases = 7,fault = 13&17&18&19&9&20&21,
SUCCESS;88:edges = 112,fail_cases = 7,fault = 13&17&18&19&9&20&10,
SUCCESS;89:edges = 113,fail_cases = 7,fault = 11&13&17&18&19&9&10,
SUCCESS;90:edges = 114,fail_cases = 7,fault = 11&13&17&18&19&1&3&4&5&6&7&8&9&10,
SUCCESS;91:edges = 115,fail_cases = 7,fault = 23&13&9,
SUCCESS;92:edges = 116,fail_cases = 7,fault = 22&13&16&17&18&19&9&20&21,
SUCCESS;93:edges = 117,fail_cases = 7,fault = 13&17&18&19&9&20&21&10,
SUCCESS;94:edges = 118,fail_cases = 7,fault = 11&13&17&18&19&9&20&10,
SUCCESS;95:edges = 119,fail_cases = 7,fault = 11&13&17&18&19&1&3&4&5&6&7&8&9&20&10,
FAIL;96:edges = 119,fail_cases = 8,fault = 11&22&12&14&15&16&18&19&9&20&10&21,
SUCCESS;97:edges = 120,fail_cases = 8,fault = 22&13&17&18&19&9&20&21&10,
SUCCESS;98:edges = 121,fail_cases = 8,fault = 13&9&32&10,
SUCCESS;99:edges = 122,fail_cases = 8,fault = 11&22&24&14&15&18&19&1&3&4&5&6&7&8&9&20&32&10&21,
SUCCESS;100:edges = 123,fail_cases = 8,fault = 11&22&24&14&25&15&18&19&1&3&4&5&6&7&8&9&20&32&10&21,
SUCCESS;101:edges = 124,fail_cases = 8,fault = 11&22&24&14&25&15&27&18&19&1&3&4&5&6&7&8&9&20&32&10&21,
SUCCESS;102:edges = 125,fail_cases = 8,fault = 11&22&24&14&25&15&27&28&18&19&1&3&4&5&6&7&8&9&20&32&10&21,
SUCCESS;103:edges = 126,fail_cases = 8,fault = 11&22&24&14&25&15&27&28&18&29&19&1&3&4&5&6&7&8&9&20&32&10&21,
SUCCESS;104:edges = 127,fail_cases = 8,fault = 11&22&34&24&14&25&15&27&28&18&29&19&1&3&4&5&6&7&8&9&20&32&10&21,
SUCCESS;105:edges = 128,fail_cases = 8,fault = 22&24&25&27&28&29&32&10&11&34&35&14&15&18&19&1&3&4&5&6&7&8&9&20&21,
SUCCESS;106:edges = 129,fail_cases = 8,fault = 22&24&25&27&28&29&30&32&10&11&34&35&14&15&18&19&1&3&4&5&6&7&8&9&20&21,
FAIL;107:edges = 129,fail_cases = 9,fault = 22&24&25&27&28&29&30&31&32&10&11&34&35&14&15&18&19&1&3&4&5&6&7&8&9&20&21,
SUCCESS;108:edges = 130,fail_cases = 9,fault = 33&13&9&32&10,
SUCCESS;109:edges = 131,fail_cases = 9,fault = 33&11&22&24&14&15&26&18&19&1&3&4&5&6&7&8&9&20&32&10&21,
SUCCESS;110:edges = 132,fail_cases = 9,fault = 33&11&22&24&14&25&15&26&18&19&1&3&4&5&6&7&8&9&20&32&10&21,
SUCCESS;111:edges = 133,fail_cases = 9,fault = 33&11&22&24&14&25&15&26&27&18&19&1&3&4&5&6&7&8&9&20&32&10&21,
SUCCESS;112:edges = 134,fail_cases = 9,fault = 33&11&22&24&14&25&15&26&27&28&18&19&1&3&4&5&6&7&8&9&20&32&10&21,
FAIL;113:edges = 134,fail_cases = 10,fault = 11&22&12&34&24&35&14&25&15&27&28&18&29&19&9&30&20&31&32&10&21,
SUCCESS;114:edges = 135,fail_cases = 10,fault = 22&13&15&17&18&19&9&20&21&10,
SUCCESS;115:edges = 136,fail_cases = 10,fault = 11&23&13&9&10,
SUCCESS;116:edges = 137,fail_cases = 10,fault = 33&11&34&13&1&3&4&5&6&7&8&9&32&10,
SUCCESS;117:edges = 138,fail_cases = 10,fault = 33&11&34&35&13&1&3&4&5&6&7&8&9&32&10,
SUCCESS;118:edges = 139,fail_cases = 10,fault = 11&13&17&18&19&1&3&4&5&6&7&8&9&20&21&10,
SUCCESS;119:edges = 140,fail_cases = 10,fault = 22&11&13&17&18&19&1&3&4&5&6&7&8&9&20&21&10,
SUCCESS;120:edges = 141,fail_cases = 10,fault = 22&11&13&15&17&18&19&1&3&4&5&6&7&8&9&20&21&10,
SUCCESS;121:edges = 142,fail_cases = 10,fault = 33&11&22&34&24&14&15&26&18&19&1&3&4&5&6&7&8&9&20&32&10&21,
SUCCESS;122:edges = 143,fail_cases = 10,fault = 33&11&22&34&24&14&25&15&26&18&19&1&3&4&5&6&7&8&9&20&32&10&21,
SUCCESS;123:edges = 144,fail_cases = 10,fault = 33&11&22&34&24&14&25&15&26&27&18&19&1&3&4&5&6&7&8&9&20&32&10&21,
SUCCESS;124:edges = 145,fail_cases = 10,fault = 33&11&22&34&35&24&14&15&26&18&19&1&3&4&5&6&7&8&9&20&32&10&21,
SUCCESS;125:edges = 146,fail_cases = 10,fault = 22&24&25&26&27&28&32&10&33&11&34&14&15&18&19&1&3&4&5&6&7&8&9&20&21,
SUCCESS;126:edges = 147,fail_cases = 10,fault = 33&11&22&34&35&24&14&25&15&26&18&19&1&3&4&5&6&7&8&9&20&32&10&21,
SUCCESS;127:edges = 148,fail_cases = 10,fault = 22&24&25&26&27&32&10&33&11&34&35&14&15&18&19&1&3&4&5&6&7&8&9&20&21,
SUCCESS;128:edges = 149,fail_cases = 10,fault = 22&24&25&26&27&28&32&10&33&11&34&35&14&15&18&19&1&3&4&5&6&7&8&9&20&21,
SUCCESS;129:edges = 150,fail_cases = 10,fault = 11&34&13&24&35&14&25&27&17&28&18&29&19&9&30&20&31&32&21&10,
FAIL;130:edges = 150,fail_cases = 11,fault = 11&22&12&24&14&25&15&26&27&28&18&29&19&9&20&10&21,
SUCCESS;131:edges = 151,fail_cases = 11,fault = 22&11&33&34&13&35&14&25&26&27&17&28&18&29&19&9&30&20&31&21&10,
SUCCESS;132:edges = 152,fail_cases = 11,fault = 23&16,
SUCCESS;133:edges = 153,fail_cases = 11,fault = 11&23&14&16&1&3&4&5&6&7&8&9&10,
SUCCESS;134:edges = 154,fail_cases = 11,fault = 11&23&14&16&18&1&3&4&5&6&7&8&9&10,
SUCCESS;135:edges = 155,fail_cases = 11,fault = 11&23&14&16&18&19&1&3&4&5&6&7&8&9&10,
SUCCESS;136:edges = 156,fail_cases = 11,fault = 11&23&14&16&18&19&1&3&4&5&6&7&8&9&20&10,
SUCCESS;137:edges = 157,fail_cases = 11,fault = 11&23&14&16&18&19&1&3&4&5&6&7&8&9&20&10&21,
SUCCESS;138:edges = 158,fail_cases = 11,fault = 11&22&23&14&16&18&19&1&3&4&5&6&7&8&9&20&10&21,
FAIL;139:edges = 158,fail_cases = 12,fault = 22&24&25&15&26&27&17&28&18&29&19&20&21,
FAIL;140:edges = 158,fail_cases = 13,fault = 22&34&24&35&25&15&27&17&28&18&29&19&30&20&31&32&21,
SUCCESS;141:edges = 159,fail_cases = 13,fault = 23&25&16,
SUCCESS;142:edges = 160,fail_cases = 13,fault = 33&11&34&35&14&16&1&3&4&5&6&7&8&9&30&32&10,
SUCCESS;143:edges = 161,fail_cases = 13,fault = 33&11&22&34&35&24&14&15&26&18&19&1&3&4&5&6&7&8&9&30&20&32&10&21,
SUCCESS;144:edges = 162,fail_cases = 13,fault = 22&24&25&26&30&32&10&33&11&34&35&14&15&18&19&1&3&4&5&6&7&8&9&20&21,
SUCCESS;145:edges = 163,fail_cases = 13,fault = 11&23&25&14&16&1&3&4&5&6&7&8&9&10,
SUCCESS;146:edges = 164,fail_cases = 13,fault = 22&24&25&26&27&30&32&10&33&11&34&35&14&15&18&19&1&3&4&5&6&7&8&9&20&21,
SUCCESS;147:edges = 165,fail_cases = 13,fault = 11&23&25&14&16&18&1&3&4&5&6&7&8&9&10,
SUCCESS;148:edges = 166,fail_cases = 13,fault = 22&24&25&26&27&28&30&32&10&33&11&34&35&14&15&18&19&1&3&4&5&6&7&8&9&20&21,
SUCCESS;149:edges = 167,fail_cases = 13,fault = 11&23&25&14&16&18&19&1&3&4&5&6&7&8&9&10,
SUCCESS;150:edges = 168,fail_cases = 13,fault = 11&23&25&14&16&18&19&1&3&4&5&6&7&8&9&20&10,
SUCCESS;151:edges = 169,fail_cases = 13,fault = 11&23&25&14&16&18&19&1&3&4&5&6&7&8&9&20&10&21,
SUCCESS;152:edges = 170,fail_cases = 13,fault = 11&22&23&25&14&16&18&19&1&3&4&5&6&7&8&9&20&10&21,
SUCCESS;153:edges = 171,fail_cases = 13,fault = 23&25&26&16,
SUCCESS;154:edges = 172,fail_cases = 13,fault = 11&23&25&14&26&16&1&3&4&5&6&7&8&9&10,
SUCCESS;155:edges = 173,fail_cases = 13,fault = 11&23&25&14&26&16&18&1&3&4&5&6&7&8&9&10,
SUCCESS;156:edges = 174,fail_cases = 13,fault = 11&23&25&14&26&16&18&19&1&3&4&5&6&7&8&9&10,
SUCCESS;157:edges = 175,fail_cases = 13,fault = 11&23&34&35&25&14&16&18&19&1&3&4&5&6&7&8&9&30&31&32&10&21,
SUCCESS;158:edges = 176,fail_cases = 13,fault = 11&23&34&24&35&25&14&16&18&19&1&3&4&5&6&7&8&9&30&31&32&10&21,
SUCCESS;159:edges = 177,fail_cases = 13,fault = 11&22&23&25&14&26&16&18&19&1&3&4&5&6&7&8&9&20&10&21,
SUCCESS;160:edges = 178,fail_cases = 13,fault = 11&22&23&24&25&14&26&15&16&18&19&1&3&4&5&6&7&8&9&10&21,
FAIL;161:edges = 178,fail_cases = 14,fault = 11&22&23&24&25&14&26&15&16&18&29&19&1&3&4&5&6&7&8&9&10&21,
FAIL;162:edges = 178,fail_cases = 15,fault = 22&23&24&25&29&30&31&32&10&11&34&35&14&15&16&18&19&1&3&4&5&6&7&8&9&21,
FAIL;163:edges = 178,fail_cases = 16,fault = 22&23&25&26&29&30&31&10&11&33&34&35&14&15&16&18&19&1&3&4&5&6&7&8&9&21,
FAIL;164:edges = 178,fail_cases = 17,fault = 11&22&33&23&12&34&35&25&14&26&15&16&18&29&19&9&30&31&10&21,
FAIL;165:edges = 178,fail_cases = 18,fault = 11&22&23&12&24&25&14&26&15&16&18&29&19&9&10&21,
FAIL;166:edges = 178,fail_cases = 19,fault = 11&22&23&12&34&24&35&25&14&15&16&18&29&19&9&30&31&32&10&21,
SUCCESS;167:edges = 179,fail_cases = 19,fault = 23&34&24&35&25&27&16&29&30&31&32,
SUCCESS;168:edges = 180,fail_cases = 19,fault = 11&23&34&24&35&25&14&27&16&29&1&3&4&5&6&7&8&9&30&31&32&10,
SUCCESS;169:edges = 181,fail_cases = 19,fault = 11&23&34&35&25&14&16&27&18&1&3&4&5&6&7&8&9&30&20&31&32&10,
SUCCESS;170:edges = 182,fail_cases = 19,fault = 11&23&24&25&14&26&27&16&18&29&1&3&4&5&6&7&8&9&10,
SUCCESS;171:edges = 183,fail_cases = 19,fault = 11&23&25&14&26&27&16&18&19&1&3&4&5&6&7&8&9&20&10,
SUCCESS;172:edges = 184,fail_cases = 19,fault = 11&23&25&14&26&27&16&18&19&1&3&4&5&6&7&8&9&20&10&21,
SUCCESS;173:edges = 185,fail_cases = 19,fault = 22&23&24&25&27&29&30&31&32&10&11&34&35&14&16&18&19&1&3&4&5&6&7&8&9&21,
FAIL;174:edges = 185,fail_cases = 20,fault = 22&33&34&35&25&15&26&27&17&28&18&29&19&30&20&31&21,
FAIL;175:edges = 185,fail_cases = 21,fault = 22&33&23&34&35&25&26&15&16&17&18&29&19&30&31&21,
SUCCESS;176:edges = 186,fail_cases = 21,fault = 23&34&24&35&25&27&16&28&30&20&31&32,
SUCCESS;177:edges = 187,fail_cases = 21,fault = 11&33&23&34&35&25&14&26&27&16&28&1&3&4&5&6&7&8&9&30&20&31&10,
SUCCESS;178:edges = 188,fail_cases = 21,fault = 11&23&24&25&14&26&27&16&28&18&1&3&4&5&6&7&8&9&20&10,
SUCCESS;179:edges = 189,fail_cases = 21,fault = 11&23&34&35&25&14&16&27&28&18&19&1&3&4&5&6&7&8&9&30&20&31&32&10,
SUCCESS;180:edges = 190,fail_cases = 21,fault = 23&25&27&28&30&31&32&10&11&34&35&14&16&18&19&1&3&4&5&6&7&8&9&20&21,
SUCCESS;181:edges = 191,fail_cases = 21,fault = 11&23&24&25&14&26&27&16&28&18&19&1&3&4&5&6&7&8&9&20&10,
SUCCESS;182:edges = 192,fail_cases = 21,fault = 23&24&25&27&28&30&31&32&10&11&34&35&14&16&18&19&1&3&4&5&6&7&8&9&20&21,
SUCCESS;183:edges = 193,fail_cases = 21,fault = 22&23&25&27&28&30&31&32&10&11&34&35&14&16&18&19&1&3&4&5&6&7&8&9&20&21,
SUCCESS;184:edges = 194,fail_cases = 21,fault = 22&23&24&25&27&28&30&31&32&10&11&34&35&14&16&18&19&1&3&4&5&6&7&8&9&20&21,
SUCCESS;185:edges = 195,fail_cases = 21,fault = 22&23&34&35&25&15&16&27&28&29&19&30&20&31&32&21,
SUCCESS;186:edges = 196,fail_cases = 21,fault = 11&22&23&25&14&26&15&27&16&28&29&19&1&3&4&5&6&7&8&9&20&10&21,
FAIL;187:edges = 196,fail_cases = 22,fault = 22&23&34&24&35&25&15&16&17&18&29&19&30&31&32&21,
FAIL;188:edges = 196,fail_cases = 23,fault = 22&23&24&25&26&15&16&17&18&29&19&21,
FAIL;189:edges = 196,fail_cases = 24,fault = 22&15&16&17&18&19&20&21,
FAIL;190:edges = 196,fail_cases = 25,fault = 23&24&25&26&27&28&29,
FAIL;191:edges = 196,fail_cases = 26,fault = 23&34&24&35&25&27&28&29&30&31&32,
FAIL;192:edges = 196,fail_cases = 27,fault = 33&23&34&35&25&26&27&28&29&30&31,
FAIL;193:edges = 196,fail_cases = 28,fault = 33&34&35&30&31&32,
SUCCESS;194:edges = 198,fail_cases = 28,fault = 36,
SUCCESS;195:edges = 199,fail_cases = 28,fault = 11&22&36&14&25&15&26&27&28&18&29&19&1&3&4&5&6&7&8&9&20&10&21,
SUCCESS;196:edges = 200,fail_cases = 28,fault = 11&22&33&23&36&25&14&26&15&16&18&29&19&1&3&4&5&6&7&8&9&10&21,
SUCCESS;197:edges = 201,fail_cases = 28,fault = 11&22&33&23&34&36&25&14&26&15&16&18&29&19&1&3&4&5&6&7&8&9&10&21,
SUCCESS;198:edges = 202,fail_cases = 28,fault = 22&24&25&27&28&29&32&10&11&34&35&36&14&15&18&19&1&3&4&5&6&7&8&9&20&21,
SUCCESS;199:edges = 203,fail_cases = 28,fault = 22&25&26&27&28&29&30&10&11&33&34&35&36&14&15&18&19&1&3&4&5&6&7&8&9&20&21,
FAIL;200:edges = 203,fail_cases = 29,fault = 36&37,
SUCCESS;201:edges = 205,fail_cases = 29,fault = 38,
SUCCESS;202:edges = 206,fail_cases = 29,fault = 36&38,
FAIL;203:edges = 206,fail_cases = 30,fault = 38&39,
SUCCESS;204:edges = 208,fail_cases = 30,fault = 40,
SUCCESS;205:edges = 209,fail_cases = 30,fault = 38&40,
FAIL;206:edges = 209,fail_cases = 31,fault = 40&41,
SUCCESS;207:edges = 210,fail_cases = 31,fault = 42,
SUCCESS;208:edges = 211,fail_cases = 31,fault = 40&42,
FAIL;209:edges = 211,fail_cases = 32,fault = 44&40&42,
SUCCESS;210:edges = 212,fail_cases = 32,fault = 41&42&43,
FAIL;211:edges = 212,fail_cases = 33,fault = 44&42&43,