SUCCESS;0:edges = 24,fail_cases = 0,fault = ,
SUCCESS;1:edges = 25,fail_cases = 0,fault = 1,
SUCCESS;2:edges = 26,fail_cases = 0,fault = 1&2,
SUCCESS;3:edges = 27,fail_cases = 0,fault = 1&2&3,
SUCCESS;4:edges = 28,fail_cases = 0,fault = 1&2&3&4,
FAIL;5:edges = 28,fail_cases = 1,fault = 1&2&3&4&5,
SUCCESS;6:edges = 30,fail_cases = 1,fault = 6,
SUCCESS;7:edges = 31,fail_cases = 1,fault = 1&6,
SUCCESS;8:edges = 32,fail_cases = 1,fault = 1&2&6,
SUCCESS;9:edges = 33,fail_cases = 1,fault = 1&2&3&6,
SUCCESS;10:edges = 34,fail_cases = 1,fault = 1&2&3&4&6,
SUCCESS;11:edges = 36,fail_cases = 1,fault = 6&7,
SUCCESS;12:edges = 37,fail_cases = 1,fault = 1&6&7,
SUCCESS;13:edges = 38,fail_cases = 1,fault = 1&2&6&7,
SUCCESS;14:edges = 39,fail_cases = 1,fault = 1&2&3&6&7,
SUCCESS;15:edges = 40,fail_cases = 1,fault = 1&2&3&4&6&7,
FAIL;16:edges = 40,fail_cases = 2,fault = 6&7&8,
SUCCESS;17:edges = 42,fail_cases = 2,fault = 9,
SUCCESS;18:edges = 43,fail_cases = 2,fault = 6&9,
SUCCESS;19:edges = 44,fail_cases = 2,fault = 6&7&9,
SUCCESS;20:edges = 46,fail_cases = 2,fault = 9&10,
SUCCESS;21:edges = 47,fail_cases = 2,fault = 6&9&10,
SUCCESS;22:edges = 48,fail_cases = 2,fault = 6&7&9&10,
SUCCESS;23:edges = 50,fail_cases = 2,fault = 11&9&10,
SUCCESS;24:edges = 51,fail_cases = 2,fault = 11&6&9&10,
SUCCESS;25:edges = 52,fail_cases = 2,fault = 11&6&7&9&10,
SUCCESS;26:edges = 54,fail_cases = 2,fault = 11&12&9&10,
SUCCESS;27:edges = 55,fail_cases = 2,fault = 11&12&6&9&10,
SUCCESS;28:edges = 56,fail_cases = 2,fault = 11&12&6&7&9&10,
FAIL;29:edges = 56,fail_cases = 3,fault = 11&12&13&9&10,
SUCCESS;30:edges = 58,fail_cases = 3,fault = 14,
SUCCESS;31:edges = 59,fail_cases = 3,fault = 14&9,
SUCCESS;32:edges = 60,fail_cases = 3,fault = 14&9&10,
SUCCESS;33:edges = 61,fail_cases = 3,fault = 11&14&9&10,
SUCCESS;34:edges = 62,fail_cases = 3,fault = 11&12&14&9&10,
FAIL;35:edges = 62,fail_cases = 4,fault = 14&15,
SUCCESS;36:edges = 64,fail_cases = 4,fault = 16,
SUCCESS;37:edges = 65,fail_cases = 4,fault = 14&16,
SUCCESS;38:edges = 67,fail_cases = 4,fault = 16&17,
SUCCESS;39:edges = 68,fail_cases = 4,fault = 14&16&17,
SUCCESS;40:edges = 70,fail_cases = 4,fault = 16&17&18,
SUCCESS;41:edges = 71,fail_cases = 4,fault = 14&16&17&18,
SUCCESS;42:edges = 73,fail_cases = 4,fault = 16&17&18&19,
SUCCESS;43:edges = 74,fail_cases = 4,fault = 14&16&17&18&19,
SUCCESS;44:edges = 76,fail_cases = 4,fault = 16&17&18&19&20,
SUCCESS;45:edges = 77,fail_cases = 4,fault = 14&16&17&18&19&20,
FAIL;46:edges = 77,fail_cases = 5,fault = 16&17&18&19&20&21,
SUCCESS;47:edges = 79,fail_cases = 5,fault = 22,
SUCCESS;48:edges = 80,fail_cases = 5,fault = 22&16,
SUCCESS;49:edges = 81,fail_cases = 5,fault = 22&16&17,
SUCCESS;50:edges = 82,fail_cases = 5,fault = 22&16&17&18,
SUCCESS;51:edges = 83,fail_cases = 5,fault = 22&16&17&18&19,
SUCCESS;52:edges = 84,fail_cases = 5,fault = 22&16&17&18&19&20,
SUCCESS;53:edges = 86,fail_cases = 5,fault = 22&23,
SUCCESS;54:edges = 87,fail_cases = 5,fault = 22&23&16,
SUCCESS;55:edges = 88,fail_cases = 5,fault = 22&23&16&17,
SUCCESS;56:edges = 89,fail_cases = 5,fault = 22&23&16&17&18,
SUCCESS;57:edges = 90,fail_cases = 5,fault = 22&23&16&17&18&19,
SUCCESS;58:edges = 91,fail_cases = 5,fault = 22&23&16&17&18&19&20,
SUCCESS;59:edges = 93,fail_cases = 5,fault = 22&23&24,
SUCCESS;60:edges = 94,fail_cases = 5,fault = 22&23&24&16,
SUCCESS;61:edges = 95,fail_cases = 5,fault = 22&23&24&16&17,
SUCCESS;62:edges = 96,fail_cases = 5,fault = 22&23&24&16&17&18,
SUCCESS;63:edges = 97,fail_cases = 5,fault = 22&23&24&16&17&18&19,
SUCCESS;64:edges = 98,fail_cases = 5,fault = 22&23&24&16&17&18&19&20,
SUCCESS;65:edges = 100,fail_cases = 5,fault = 22&23&24&25,
SUCCESS;66:edges = 101,fail_cases = 5,fault = 22&23&24&25&16,
SUCCESS;67:edges = 102,fail_cases = 5,fault = 22&23&24&25&16&17,
SUCCESS;68:edges = 103,fail_cases = 5,fault = 22&23&24&25&16&17&18,
SUCCESS;69:edges = 104,fail_cases = 5,fault = 22&23&24&25&16&17&18&19,
SUCCESS;70:edges = 105,fail_cases = 5,fault = 22&23&24&25&16&17&18&19&20,
SUCCESS;71:edges = 107,fail_cases = 5,fault = 22&23&24&25&26,
SUCCESS;72:edges = 108,fail_cases = 5,fault = 22&23&24&25&26&16,
SUCCESS;73:edges = 109,fail_cases = 5,fault = 22&23&24&25&26&16&17,
SUCCESS;74:edges = 110,fail_cases = 5,fault = 22&23&24&25&26&16&17&18,
SUCCESS;75:edges = 111,fail_cases = 5,fault = 22&23&24&25&26&16&17&18&19,
SUCCESS;76:edges = 112,fail_cases = 5,fault = 22&23&24&25&26&16&17&18&19&20,
SUCCESS;77:edges = 114,fail_cases = 5,fault = 22&23&24&25&26&27,
SUCCESS;78:edges = 115,fail_cases = 5,fault = 22&23&24&25&26&27&16,
SUCCESS;79:edges = 116,fail_cases = 5,fault = 22&23&24&25&26&27&16&17,
SUCCESS;80:edges = 117,fail_cases = 5,fault = 22&23&24&25&26&27&16&17&18,
SUCCESS;81:edges = 118,fail_cases = 5,fault = 22&23&24&25&26&27&16&17&18&19,
SUCCESS;82:edges = 119,fail_cases = 5,fault = 22&23&24&25&26&27&16&17&18&19&20,
SUCCESS;83:edges = 121,fail_cases = 5,fault = 22&23&24&25&26&27&28,
SUCCESS;84:edges = 122,fail_cases = 5,fault = 22&23&24&25&26&27&16&28,
SUCCESS;85:edges = 123,fail_cases = 5,fault = 22&23&24&25&26&27&16&28&17,
SUCCESS;86:edges = 124,fail_cases = 5,fault = 22&23&24&25&26&27&16&28&17&18,
SUCCESS;87:edges = 125,fail_cases = 5,fault = 22&23&24&25&26&27&16&28&17&18&19,
SUCCESS;88:edges = 126,fail_cases = 5,fault = 22&23&24&25&26&27&16&28&17&18&19&20,
FAIL;89:edges = 126,fail_cases = 6,fault = 22&23&24&25&26&27&28&29,
SUCCESS;90:edges = 128,fail_cases = 6,fault = 32,
SUCCESS;91:edges = 129,fail_cases = 6,fault = 22&32,
SUCCESS;92:edges = 130,fail_cases = 6,fault = 22&23&32,
SUCCESS;93:edges = 131,fail_cases = 6,fault = 22&23&24&32,
SUCCESS;94:edges = 132,fail_cases = 6,fault = 22&23&24&25&32,
SUCCESS;95:edges = 133,fail_cases = 6,fault = 22&23&24&25&26&32,
SUCCESS;96:edges = 134,fail_cases = 6,fault = 22&23&24&25&26&27&32,
SUCCESS;97:edges = 135,fail_cases = 6,fault = 22&23&24&25&26&27&28&32,
SUCCESS;98:edges = 137,fail_cases = 6,fault = 33&32,
SUCCESS;99:edges = 138,fail_cases = 6,fault = 33&22&32,
SUCCESS;100:edges = 139,fail_cases = 6,fault = 33&22&23&32,
SUCCESS;101:edges = 140,fail_cases = 6,fault = 33&22&23&24&32,
SUCCESS;102:edges = 141,fail_cases = 6,fault = 33&22&23&24&25&32,
SUCCESS;103:edges = 142,fail_cases = 6,fault = 33&22&23&24&25&26&32,
SUCCESS;104:edges = 143,fail_cases = 6,fault = 33&22&23&24&25&26&27&32,
SUCCESS;105:edges = 144,fail_cases = 6,fault = 33&22&23&24&25&26&27&28&32,
SUCCESS;106:edges = 146,fail_cases = 6,fault = 33&34&32,
SUCCESS;107:edges = 147,fail_cases = 6,fault = 33&22&34&32,
SUCCESS;108:edges = 148,fail_cases = 6,fault = 33&22&34&23&32,
SUCCESS;109:edges = 149,fail_cases = 6,fault = 33&22&34&23&24&32,
SUCCESS;110:edges = 150,fail_cases = 6,fault = 33&22&34&23&24&25&32,
SUCCESS;111:edges = 151,fail_cases = 6,fault = 33&22&34&23&24&25&26&32,
SUCCESS;112:edges = 152,fail_cases = 6,fault = 33&22&34&23&24&25&26&27&32,
SUCCESS;113:edges = 153,fail_cases = 6,fault = 33&22&34&23&24&25&26&27&28&32,
SUCCESS;114:edges = 155,fail_cases = 6,fault = 33&34&35&32,
SUCCESS;115:edges = 156,fail_cases = 6,fault = 33&22&34&35&32,
SUCCESS;116:edges = 157,fail_cases = 6,fault = 33&22&34&23&35&32,
SUCCESS;117:edges = 158,fail_cases = 6,fault = 33&22&34&23&35&24&32,
SUCCESS;118:edges = 159,fail_cases = 6,fault = 33&22&34&23&35&24&25&32,
SUCCESS;119:edges = 160,fail_cases = 6,fault = 33&22&34&23&35&24&25&26&32,
SUCCESS;120:edges = 161,fail_cases = 6,fault = 33&22&34&23&35&24&25&26&27&32,
SUCCESS;121:edges = 162,fail_cases = 6,fault = 33&22&34&23&35&24&25&26&27&28&32,
SUCCESS;122:edges = 164,fail_cases = 6,fault = 33&34&35&36&32,
SUCCESS;123:edges = 165,fail_cases = 6,fault = 33&22&34&35&36&32,
SUCCESS;124:edges = 166,fail_cases = 6,fault = 33&22&34&23&35&36&32,
SUCCESS;125:edges = 167,fail_cases = 6,fault = 33&22&34&23&35&24&36&32,
SUCCESS;126:edges = 168,fail_cases = 6,fault = 33&22&34&23&35&24&36&25&32,
SUCCESS;127:edges = 169,fail_cases = 6,fault = 33&22&34&23&35&24&36&25&26&32,
SUCCESS;128:edges = 170,fail_cases = 6,fault = 33&22&34&23&35&24&36&25&26&27&32,
SUCCESS;129:edges = 171,fail_cases = 6,fault = 33&22&34&23&35&24&36&25&26&27&28&32,
SUCCESS;130:edges = 173,fail_cases = 6,fault = 33&34&35&36&37&32,
SUCCESS;131:edges = 174,fail_cases = 6,fault = 33&22&34&35&36&37&32,
SUCCESS;132:edges = 175,fail_cases = 6,fault = 33&22&34&23&35&36&37&32,
SUCCESS;133:edges = 176,fail_cases = 6,fault = 33&22&34&23&35&24&36&37&32,
SUCCESS;134:edges = 177,fail_cases = 6,fault = 33&22&34&23&35&24&36&25&37&32,
SUCCESS;135:edges = 178,fail_cases = 6,fault = 33&22&34&23&35&24&36&25&37&26&32,
SUCCESS;136:edges = 179,fail_cases = 6,fault = 33&22&34&23&35&24&36&25&37&26&27&32,
SUCCESS;137:edges = 180,fail_cases = 6,fault = 33&22&34&23&35&24&36&25&37&26&27&28&32,
SUCCESS;138:edges = 182,fail_cases = 6,fault = 33&34&35&36&37&30&32,
SUCCESS;139:edges = 183,fail_cases = 6,fault = 33&22&34&35&36&37&30&32,
SUCCESS;140:edges = 184,fail_cases = 6,fault = 33&22&34&23&35&36&37&30&32,
SUCCESS;141:edges = 185,fail_cases = 6,fault = 33&22&34&23&35&24&36&37&30&32,
SUCCESS;142:edges = 186,fail_cases = 6,fault = 33&22&34&23&35&24&36&25&37&30&32,
SUCCESS;143:edges = 187,fail_cases = 6,fault = 33&22&34&23&35&24&36&25&37&26&30&32,
SUCCESS;144:edges = 188,fail_cases = 6,fault = 33&22&34&23&35&24&36&25&37&26&27&30&32,
SUCCESS;145:edges = 189,fail_cases = 6,fault = 33&22&34&23&35&24&36&25&37&26&27&28&30&32,
FAIL;146:edges = 189,fail_cases = 7,fault = 33&34&35&36&37&30&31&32,
SUCCESS;147:edges = 191,fail_cases = 7,fault = 38,
SUCCESS;148:edges = 192,fail_cases = 7,fault = 38&32,
SUCCESS;149:edges = 193,fail_cases = 7,fault = 33&38&32,
SUCCESS;150:edges = 194,fail_cases = 7,fault = 33&34&38&32,
SUCCESS;151:edges = 195,fail_cases = 7,fault = 33&34&35&38&32,
SUCCESS;152:edges = 196,fail_cases = 7,fault = 33&34&35&36&38&32,
SUCCESS;153:edges = 197,fail_cases = 7,fault = 33&34&35&36&37&38&32,
SUCCESS;154:edges = 198,fail_cases = 7,fault = 33&34&35&36&37&38&30&32,
SUCCESS;155:edges = 200,fail_cases = 7,fault = 38&39,
SUCCESS;156:edges = 201,fail_cases = 7,fault = 38&39&32,
SUCCESS;157:edges = 202,fail_cases = 7,fault = 33&38&39&32,
SUCCESS;158:edges = 203,fail_cases = 7,fault = 33&34&38&39&32,
SUCCESS;159:edges = 204,fail_cases = 7,fault = 33&34&35&38&39&32,
SUCCESS;160:edges = 205,fail_cases = 7,fault = 33&34&35&36&38&39&32,
SUCCESS;161:edges = 206,fail_cases = 7,fault = 33&34&35&36&37&38&39&32,
SUCCESS;162:edges = 207,fail_cases = 7,fault = 33&34&35&36&37&38&39&30&32,
SUCCESS;163:edges = 209,fail_cases = 7,fault = 38&39&40,
SUCCESS;164:edges = 210,fail_cases = 7,fault = 38&39&40&32,
SUCCESS;165:edges = 211,fail_cases = 7,fault = 33&38&39&40&32,
SUCCESS;166:edges = 212,fail_cases = 7,fault = 33&34&38&39&40&32,
SUCCESS;167:edges = 213,fail_cases = 7,fault = 33&34&35&38&39&40&32,
SUCCESS;168:edges = 214,fail_cases = 7,fault = 33&34&35&36&38&39&40&32,
SUCCESS;169:edges = 215,fail_cases = 7,fault = 33&34&35&36&37&38&39&40&32,
SUCCESS;170:edges = 216,fail_cases = 7,fault = 33&34&35&36&37&38&39&40&30&32,
FAIL;171:edges = 216,fail_cases = 8,fault = 38&39&40&41,
SUCCESS;172:edges = 218,fail_cases = 8,fault = 42,
SUCCESS;173:edges = 219,fail_cases = 8,fault = 38&42,
SUCCESS;174:edges = 220,fail_cases = 8,fault = 38&39&42,
SUCCESS;175:edges = 221,fail_cases = 8,fault = 38&39&40&42,
FAIL;176:edges = 221,fail_cases = 9,fault = 42&43,
SUCCESS;177:edges = 223,fail_cases = 9,fault = 48,
SUCCESS;178:edges = 224,fail_cases = 9,fault = 48&42,
SUCCESS;179:edges = 226,fail_cases = 9,fault = 48&49,
SUCCESS;180:edges = 227,fail_cases = 9,fault = 48&49&42,
SUCCESS;181:edges = 229,fail_cases = 9,fault = 44&48&49,
SUCCESS;182:edges = 230,fail_cases = 9,fault = 44&48&49&42,
SUCCESS;183:edges = 232,fail_cases = 9,fault = 44&45&48&49,
SUCCESS;184:edges = 233,fail_cases = 9,fault = 44&45&48&49&42,
SUCCESS;185:edges = 235,fail_cases = 9,fault = 44&45&46&48&49,
SUCCESS;186:edges = 236,fail_cases = 9,fault = 44&45&46&48&49&42,
FAIL;187:edges = 236,fail_cases = 10,fault = 44&45&46&47&48&49,
SUCCESS;188:edges = 238,fail_cases = 10,fault = 50,
SUCCESS;189:edges = 239,fail_cases = 10,fault = 48&50,
SUCCESS;190:edges = 240,fail_cases = 10,fault = 48&49&50,
SUCCESS;191:edges = 241,fail_cases = 10,fault = 44&48&49&50,
SUCCESS;192:edges = 242,fail_cases = 10,fault = 44&45&48&49&50,
SUCCESS;193:edges = 243,fail_cases = 10,fault = 44&45&46&48&49&50,
SUCCESS;194:edges = 245,fail_cases = 10,fault = 50&51,
SUCCESS;195:edges = 246,fail_cases = 10,fault = 48&50&51,
SUCCESS;196:edges = 247,fail_cases = 10,fault = 48&49&50&51,
SUCCESS;197:edges = 248,fail_cases = 10,fault = 44&48&49&50&51,
SUCCESS;198:edges = 249,fail_cases = 10,fault = 44&45&48&49&50&51,
SUCCESS;199:edges = 250,fail_cases = 10,fault = 44&45&46&48&49&50&51,
FAIL;200:edges = 250,fail_cases = 11,fault = 50&51&52,
SUCCESS;201:edges = 252,fail_cases = 11,fault = 53,
SUCCESS;202:edges = 253,fail_cases = 11,fault = 50&53,
SUCCESS;203:edges = 254,fail_cases = 11,fault = 50&51&53,
SUCCESS;204:edges = 256,fail_cases = 11,fault = 53&54,
SUCCESS;205:edges = 257,fail_cases = 11,fault = 50&53&54,
SUCCESS;206:edges = 258,fail_cases = 11,fault = 50&51&53&54,
SUCCESS;207:edges = 260,fail_cases = 11,fault = 55&53&54,
SUCCESS;208:edges = 261,fail_cases = 11,fault = 55&50&53&54,
SUCCESS;209:edges = 262,fail_cases = 11,fault = 55&50&51&53&54,
SUCCESS;210:edges = 264,fail_cases = 11,fault = 55&56&53&54,
SUCCESS;211:edges = 265,fail_cases = 11,fault = 55&56&50&53&54,
SUCCESS;212:edges = 266,fail_cases = 11,fault = 55&56&50&51&53&54,
SUCCESS;213:edges = 268,fail_cases = 11,fault = 55&56&57&53&54,
SUCCESS;214:edges = 269,fail_cases = 11,fault = 55&56&57&50&53&54,
SUCCESS;215:edges = 270,fail_cases = 11,fault = 55&56&57&50&51&53&54,
FAIL;216:edges = 270,fail_cases = 12,fault = 55&56&57&58&53&54,
SUCCESS;217:edges = 272,fail_cases = 12,fault = 59,
SUCCESS;218:edges = 273,fail_cases = 12,fault = 59&53,
SUCCESS;219:edges = 274,fail_cases = 12,fault = 59&53&54,
SUCCESS;220:edges = 275,fail_cases = 12,fault = 55&59&53&54,
SUCCESS;221:edges = 276,fail_cases = 12,fault = 55&56&59&53&54,
SUCCESS;222:edges = 277,fail_cases = 12,fault = 55&56&57&59&53&54,
SUCCESS;223:edges = 279,fail_cases = 12,fault = 59&60,
SUCCESS;224:edges = 280,fail_cases = 12,fault = 59&60&53,
SUCCESS;225:edges = 281,fail_cases = 12,fault = 59&60&53&54,
SUCCESS;226:edges = 282,fail_cases = 12,fault = 55&59&60&53&54,
SUCCESS;227:edges = 283,fail_cases = 12,fault = 55&56&59&60&53&54,
SUCCESS;228:edges = 284,fail_cases = 12,fault = 55&56&57&59&60&53&54,
SUCCESS;229:edges = 286,fail_cases = 12,fault = 59&60&61,
SUCCESS;230:edges = 287,fail_cases = 12,fault = 59&60&61&53,
SUCCESS;231:edges = 288,fail_cases = 12,fault = 59&60&61&53&54,
SUCCESS;232:edges = 289,fail_cases = 12,fault = 55&59&60&61&53&54,
SUCCESS;233:edges = 290,fail_cases = 12,fault = 55&56&59&60&61&53&54,
SUCCESS;234:edges = 291,fail_cases = 12,fault = 55&56&57&59&60&61&53&54,
SUCCESS;235:edges = 293,fail_cases = 12,fault = 59&60&61&62,
SUCCESS;236:edges = 294,fail_cases = 12,fault = 59&60&61&62&53,
SUCCESS;237:edges = 295,fail_cases = 12,fault = 59&60&61&62&53&54,
SUCCESS;238:edges = 296,fail_cases = 12,fault = 55&59&60&61&62&53&54,
SUCCESS;239:edges = 297,fail_cases = 12,fault = 55&56&59&60&61&62&53&54,
SUCCESS;240:edges = 298,fail_cases = 12,fault = 55&56&57&59&60&61&62&53&54,
FAIL;241:edges = 298,fail_cases = 13,fault = 59&60&61&62&63,
SUCCESS;242:edges = 300,fail_cases = 13,fault = 64,
SUCCESS;243:edges = 301,fail_cases = 13,fault = 59&64,
SUCCESS;244:edges = 302,fail_cases = 13,fault = 59&60&64,
SUCCESS;245:edges = 303,fail_cases = 13,fault = 59&60&61&64,
SUCCESS;246:edges = 304,fail_cases = 13,fault = 59&60&61&62&64,
SUCCESS;247:edges = 306,fail_cases = 13,fault = 64&65,
SUCCESS;248:edges = 307,fail_cases = 13,fault = 59&64&65,
SUCCESS;249:edges = 308,fail_cases = 13,fault = 59&60&64&65,
SUCCESS;250:edges = 309,fail_cases = 13,fault = 59&60&61&64&65,
SUCCESS;251:edges = 310,fail_cases = 13,fault = 59&60&61&62&64&65,
SUCCESS;252:edges = 312,fail_cases = 13,fault = 66&64&65,
SUCCESS;253:edges = 313,fail_cases = 13,fault = 66&59&64&65,
SUCCESS;254:edges = 314,fail_cases = 13,fault = 66&59&60&64&65,
SUCCESS;255:edges = 315,fail_cases = 13,fault = 66&59&60&61&64&65,
SUCCESS;256:edges = 316,fail_cases = 13,fault = 66&59&60&61&62&64&65,
SUCCESS;257:edges = 318,fail_cases = 13,fault = 66&67&64&65,
SUCCESS;258:edges = 319,fail_cases = 13,fault = 66&67&59&64&65,
SUCCESS;259:edges = 320,fail_cases = 13,fault = 66&67&59&60&64&65,
SUCCESS;260:edges = 321,fail_cases = 13,fault = 66&67&59&60&61&64&65,
SUCCESS;261:edges = 322,fail_cases = 13,fault = 66&67&59&60&61&62&64&65,
SUCCESS;262:edges = 324,fail_cases = 13,fault = 66&67&68&64&65,
SUCCESS;263:edges = 325,fail_cases = 13,fault = 66&67&68&59&64&65,
SUCCESS;264:edges = 326,fail_cases = 13,fault = 66&67&68&59&60&64&65,
SUCCESS;265:edges = 327,fail_cases = 13,fault = 66&67&68&59&60&61&64&65,
SUCCESS;266:edges = 328,fail_cases = 13,fault = 66&67&68&59&60&61&62&64&65,
SUCCESS;267:edges = 330,fail_cases = 13,fault = 66&67&68&69&64&65,
SUCCESS;268:edges = 331,fail_cases = 13,fault = 66&67&68&69&59&64&65,
SUCCESS;269:edges = 332,fail_cases = 13,fault = 66&67&68&69&59&60&64&65,
SUCCESS;270:edges = 333,fail_cases = 13,fault = 66&67&68&69&59&60&61&64&65,
SUCCESS;271:edges = 334,fail_cases = 13,fault = 66&67&68&69&59&60&61&62&64&65,
FAIL;272:edges = 334,fail_cases = 14,fault = 66&67&68&69&70&64&65,
SUCCESS;273:edges = 336,fail_cases = 14,fault = 71,
SUCCESS;274:edges = 337,fail_cases = 14,fault = 71&64,
SUCCESS;275:edges = 338,fail_cases = 14,fault = 71&64&65,
SUCCESS;276:edges = 339,fail_cases = 14,fault = 66&71&64&65,
SUCCESS;277:edges = 340,fail_cases = 14,fault = 66&67&71&64&65,
SUCCESS;278:edges = 341,fail_cases = 14,fault = 66&67&68&71&64&65,
SUCCESS;279:edges = 342,fail_cases = 14,fault = 66&67&68&69&71&64&65,
SUCCESS;280:edges = 344,fail_cases = 14,fault = 71&72,
SUCCESS;281:edges = 345,fail_cases = 14,fault = 71&72&64,
SUCCESS;282:edges = 346,fail_cases = 14,fault = 71&72&64&65,
SUCCESS;283:edges = 347,fail_cases = 14,fault = 66&71&72&64&65,
SUCCESS;284:edges = 348,fail_cases = 14,fault = 66&67&71&72&64&65,
SUCCESS;285:edges = 349,fail_cases = 14,fault = 66&67&68&71&72&64&65,
SUCCESS;286:edges = 350,fail_cases = 14,fault = 66&67&68&69&71&72&64&65,
SUCCESS;287:edges = 352,fail_cases = 14,fault = 71&72&73,
SUCCESS;288:edges = 353,fail_cases = 14,fault = 71&72&73&64,
SUCCESS;289:edges = 354,fail_cases = 14,fault = 71&72&73&64&65,
SUCCESS;290:edges = 355,fail_cases = 14,fault = 66&71&72&73&64&65,
SUCCESS;291:edges = 356,fail_cases = 14,fault = 66&67&71&72&73&64&65,
SUCCESS;292:edges = 357,fail_cases = 14,fault = 66&67&68&71&72&73&64&65,
SUCCESS;293:edges = 358,fail_cases = 14,fault = 66&67&68&69&71&72&73&64&65,
SUCCESS;294:edges = 360,fail_cases = 14,fault = 71&72&73&74,
SUCCESS;295:edges = 361,fail_cases = 14,fault = 71&72&73&74&64,
SUCCESS;296:edges = 362,fail_cases = 14,fault = 71&72&73&74&64&65,
SUCCESS;297:edges = 363,fail_cases = 14,fault = 66&71&72&73&74&64&65,
SUCCESS;298:edges = 364,fail_cases = 14,fault = 66&67&71&72&73&74&64&65,
SUCCESS;299:edges = 365,fail_cases = 14,fault = 66&67&68&71&72&73&74&64&65,
SUCCESS;300:edges = 366,fail_cases = 14,fault = 66&67&68&69&71&72&73&74&64&65,
SUCCESS;301:edges = 368,fail_cases = 14,fault = 71&72&73&74&75,
SUCCESS;302:edges = 369,fail_cases = 14,fault = 71&72&73&74&75&64,
SUCCESS;303:edges = 370,fail_cases = 14,fault = 71&72&73&74&75&64&65,
SUCCESS;304:edges = 371,fail_cases = 14,fault = 66&71&72&73&74&75&64&65,
SUCCESS;305:edges = 372,fail_cases = 14,fault = 66&67&71&72&73&74&75&64&65,
SUCCESS;306:edges = 373,fail_cases = 14,fault = 66&67&68&71&72&73&74&75&64&65,
SUCCESS;307:edges = 374,fail_cases = 14,fault = 66&67&68&69&71&72&73&74&75&64&65,
FAIL;308:edges = 374,fail_cases = 15,fault = 71&72&73&74&75&76,
SUCCESS;309:edges = 376,fail_cases = 15,fault = 80,
SUCCESS;310:edges = 377,fail_cases = 15,fault = 80&71,
SUCCESS;311:edges = 378,fail_cases = 15,fault = 80&71&72,
SUCCESS;312:edges = 379,fail_cases = 15,fault = 80&71&72&73,
SUCCESS;313:edges = 380,fail_cases = 15,fault = 80&71&72&73&74,
SUCCESS;314:edges = 381,fail_cases = 15,fault = 80&71&72&73&74&75,
SUCCESS;315:edges = 383,fail_cases = 15,fault = 80&81,
SUCCESS;316:edges = 384,fail_cases = 15,fault = 80&81&71,
SUCCESS;317:edges = 385,fail_cases = 15,fault = 80&81&71&72,
SUCCESS;318:edges = 386,fail_cases = 15,fault = 80&81&71&72&73,
SUCCESS;319:edges = 387,fail_cases = 15,fault = 80&81&71&72&73&74,
SUCCESS;320:edges = 388,fail_cases = 15,fault = 80&81&71&72&73&74&75,
SUCCESS;321:edges = 390,fail_cases = 15,fault = 80&81&82,
SUCCESS;322:edges = 391,fail_cases = 15,fault = 80&81&82&71,
SUCCESS;323:edges = 392,fail_cases = 15,fault = 80&81&82&71&72,
SUCCESS;324:edges = 393,fail_cases = 15,fault = 80&81&82&71&72&73,
SUCCESS;325:edges = 394,fail_cases = 15,fault = 80&81&82&71&72&73&74,
SUCCESS;326:edges = 395,fail_cases = 15,fault = 80&81&82&71&72&73&74&75,
SUCCESS;327:edges = 397,fail_cases = 15,fault = 80&81&82&83,
SUCCESS;328:edges = 398,fail_cases = 15,fault = 80&81&82&71&83,
SUCCESS;329:edges = 399,fail_cases = 15,fault = 80&81&82&71&83&72,
SUCCESS;330:edges = 400,fail_cases = 15,fault = 80&81&82&71&83&72&73,
SUCCESS;331:edges = 401,fail_cases = 15,fault = 80&81&82&71&83&72&73&74,
SUCCESS;332:edges = 402,fail_cases = 15,fault = 80&81&82&71&83&72&73&74&75,
SUCCESS;333:edges = 404,fail_cases = 15,fault = 77&80&81&82&83,
SUCCESS;334:edges = 405,fail_cases = 15,fault = 77&80&81&82&71&83,
SUCCESS;335:edges = 406,fail_cases = 15,fault = 77&80&81&82&71&83&72,
SUCCESS;336:edges = 407,fail_cases = 15,fault = 77&80&81&82&71&83&72&73,
SUCCESS;337:edges = 408,fail_cases = 15,fault = 77&80&81&82&71&83&72&73&74,
SUCCESS;338:edges = 409,fail_cases = 15,fault = 77&80&81&82&71&83&72&73&74&75,
SUCCESS;339:edges = 411,fail_cases = 15,fault = 77&78&80&81&82&83,
SUCCESS;340:edges = 412,fail_cases = 15,fault = 77&78&80&81&82&71&83,
SUCCESS;341:edges = 413,fail_cases = 15,fault = 77&78&80&81&82&71&83&72,
SUCCESS;342:edges = 414,fail_cases = 15,fault = 77&78&80&81&82&71&83&72&73,
SUCCESS;343:edges = 415,fail_cases = 15,fault = 77&78&80&81&82&71&83&72&73&74,
SUCCESS;344:edges = 416,fail_cases = 15,fault = 77&78&80&81&82&71&83&72&73&74&75,
FAIL;345:edges = 416,fail_cases = 16,fault = 77&78&79&80&81&82&83,
SUCCESS;346:edges = 418,fail_cases = 16,fault = 84,
SUCCESS;347:edges = 419,fail_cases = 16,fault = 80&84,
SUCCESS;348:edges = 420,fail_cases = 16,fault = 80&81&84,
SUCCESS;349:edges = 421,fail_cases = 16,fault = 80&81&82&84,
SUCCESS;350:edges = 422,fail_cases = 16,fault = 80&81&82&83&84,
SUCCESS;351:edges = 423,fail_cases = 16,fault = 77&80&81&82&83&84,
SUCCESS;352:edges = 424,fail_cases = 16,fault = 77&78&80&81&82&83&84,
FAIL;353:edges = 424,fail_cases = 17,fault = 84&85,
SUCCESS;354:edges = 426,fail_cases = 17,fault = 86,
SUCCESS;355:edges = 427,fail_cases = 17,fault = 84&86,
SUCCESS;356:edges = 429,fail_cases = 17,fault = 86&87,
SUCCESS;357:edges = 430,fail_cases = 17,fault = 84&86&87,
SUCCESS;358:edges = 432,fail_cases = 17,fault = 88&86&87,
SUCCESS;359:edges = 433,fail_cases = 17,fault = 88&84&86&87,
SUCCESS;360:edges = 435,fail_cases = 17,fault = 88&89&86&87,
SUCCESS;361:edges = 436,fail_cases = 17,fault = 88&89&84&86&87,
SUCCESS;362:edges = 438,fail_cases = 17,fault = 88&89&90&86&87,
SUCCESS;363:edges = 439,fail_cases = 17,fault = 88&89&90&84&86&87,
FAIL;364:edges = 439,fail_cases = 18,fault = 88&89&90&91&86&87,
SUCCESS;365:edges = 441,fail_cases = 18,fault = 92,
SUCCESS;366:edges = 442,fail_cases = 18,fault = 92&86,
SUCCESS;367:edges = 443,fail_cases = 18,fault = 92&86&87,
SUCCESS;368:edges = 444,fail_cases = 18,fault = 88&92&86&87,
SUCCESS;369:edges = 445,fail_cases = 18,fault = 88&89&92&86&87,
SUCCESS;370:edges = 446,fail_cases = 18,fault = 88&89&90&92&86&87,
SUCCESS;371:edges = 448,fail_cases = 18,fault = 92&93,
SUCCESS;372:edges = 449,fail_cases = 18,fault = 92&93&86,
SUCCESS;373:edges = 450,fail_cases = 18,fault = 92&93&86&87,
SUCCESS;374:edges = 451,fail_cases = 18,fault = 88&92&93&86&87,
SUCCESS;375:edges = 452,fail_cases = 18,fault = 88&89&92&93&86&87,
SUCCESS;376:edges = 453,fail_cases = 18,fault = 88&89&90&92&93&86&87,
SUCCESS;377:edges = 455,fail_cases = 18,fault = 92&93&94,
SUCCESS;378:edges = 456,fail_cases = 18,fault = 92&93&94&86,
SUCCESS;379:edges = 457,fail_cases = 18,fault = 92&93&94&86&87,
SUCCESS;380:edges = 458,fail_cases = 18,fault = 88&92&93&94&86&87,
SUCCESS;381:edges = 459,fail_cases = 18,fault = 88&89&92&93&94&86&87,
SUCCESS;382:edges = 460,fail_cases = 18,fault = 88&89&90&92&93&94&86&87,
FAIL;383:edges = 460,fail_cases = 19,fault = 92&93&94&95,
SUCCESS;384:edges = 462,fail_cases = 19,fault = 96,
SUCCESS;385:edges = 463,fail_cases = 19,fault = 92&96,
SUCCESS;386:edges = 464,fail_cases = 19,fault = 92&93&96,
SUCCESS;387:edges = 465,fail_cases = 19,fault = 92&93&94&96,
SUCCESS;388:edges = 467,fail_cases = 19,fault = 96&97,
SUCCESS;389:edges = 468,fail_cases = 19,fault = 92&96&97,
SUCCESS;390:edges = 469,fail_cases = 19,fault = 92&93&96&97,
SUCCESS;391:edges = 470,fail_cases = 19,fault = 92&93&94&96&97,
FAIL;392:edges = 470,fail_cases = 20,fault = 96&97&98,
SUCCESS;393:edges = 472,fail_cases = 20,fault = 99,
SUCCESS;394:edges = 473,fail_cases = 20,fault = 99&96,
SUCCESS;395:edges = 474,fail_cases = 20,fault = 99&96&97,
SUCCESS;396:edges = 476,fail_cases = 20,fault = 99&100,
SUCCESS;397:edges = 477,fail_cases = 20,fault = 99&100&96,
SUCCESS;398:edges = 478,fail_cases = 20,fault = 99&100&96&97,
SUCCESS;399:edges = 480,fail_cases = 20,fault = 99&100&101,
SUCCESS;400:edges = 481,fail_cases = 20,fault = 99&100&101&96,
SUCCESS;401:edges = 482,fail_cases = 20,fault = 99&100&101&96&97,
SUCCESS;402:edges = 484,fail_cases = 20,fault = 99&100&101&102,
SUCCESS;403:edges = 485,fail_cases = 20,fault = 99&100&101&102&96,
SUCCESS;404:edges = 486,fail_cases = 20,fault = 99&100&101&102&96&97,
SUCCESS;405:edges = 488,fail_cases = 20,fault = 99&100&101&102&103,
SUCCESS;406:edges = 489,fail_cases = 20,fault = 99&100&101&102&103&96,
SUCCESS;407:edges = 490,fail_cases = 20,fault = 99&100&101&102&103&96&97,
FAIL;408:edges = 490,fail_cases = 21,fault = 99&100&101&102&103&104,
SUCCESS;409:edges = 492,fail_cases = 21,fault = 112,
SUCCESS;410:edges = 493,fail_cases = 21,fault = 99&112,
SUCCESS;411:edges = 494,fail_cases = 21,fault = 99&100&112,
SUCCESS;412:edges = 495,fail_cases = 21,fault = 99&100&112&101,
SUCCESS;413:edges = 496,fail_cases = 21,fault = 99&100&112&101&102,
SUCCESS;414:edges = 497,fail_cases = 21,fault = 99&100&112&101&102&103,
SUCCESS;415:edges = 499,fail_cases = 21,fault = 112&105,
SUCCESS;416:edges = 500,fail_cases = 21,fault = 99&112&105,
SUCCESS;417:edges = 501,fail_cases = 21,fault = 99&100&112&105,
SUCCESS;418:edges = 502,fail_cases = 21,fault = 99&100&112&101&105,
SUCCESS;419:edges = 503,fail_cases = 21,fault = 99&100&112&101&102&105,
SUCCESS;420:edges = 504,fail_cases = 21,fault = 99&100&112&101&102&103&105,
SUCCESS;421:edges = 506,fail_cases = 21,fault = 112&105&106,
SUCCESS;422:edges = 507,fail_cases = 21,fault = 99&112&105&106,
SUCCESS;423:edges = 508,fail_cases = 21,fault = 99&100&112&105&106,
SUCCESS;424:edges = 509,fail_cases = 21,fault = 99&100&112&101&105&106,
SUCCESS;425:edges = 510,fail_cases = 21,fault = 99&100&112&101&102&105&106,
SUCCESS;426:edges = 511,fail_cases = 21,fault = 99&100&112&101&102&103&105&106,
SUCCESS;427:edges = 513,fail_cases = 21,fault = 112&105&106&107,
SUCCESS;428:edges = 514,fail_cases = 21,fault = 99&112&105&106&107,
SUCCESS;429:edges = 515,fail_cases = 21,fault = 99&100&112&105&106&107,
SUCCESS;430:edges = 516,fail_cases = 21,fault = 99&100&112&101&105&106&107,
SUCCESS;431:edges = 517,fail_cases = 21,fault = 99&100&112&101&102&105&106&107,
SUCCESS;432:edges = 518,fail_cases = 21,fault = 99&100&112&101&102&103&105&106&107,
SUCCESS;433:edges = 520,fail_cases = 21,fault = 112&105&106&107&108,
SUCCESS;434:edges = 521,fail_cases = 21,fault = 99&112&105&106&107&108,
SUCCESS;435:edges = 522,fail_cases = 21,fault = 99&100&112&105&106&107&108,
SUCCESS;436:edges = 523,fail_cases = 21,fault = 99&100&112&101&105&106&107&108,
SUCCESS;437:edges = 524,fail_cases = 21,fault = 99&100&112&101&102&105&106&107&108,
SUCCESS;438:edges = 525,fail_cases = 21,fault = 99&100&112&101&102&103&105&106&107&108,
SUCCESS;439:edges = 527,fail_cases = 21,fault = 112&105&106&107&108&109,
SUCCESS;440:edges = 528,fail_cases = 21,fault = 99&112&105&106&107&108&109,
SUCCESS;441:edges = 529,fail_cases = 21,fault = 99&100&112&105&106&107&108&109,
SUCCESS;442:edges = 530,fail_cases = 21,fault = 99&100&112&101&105&106&107&108&109,
SUCCESS;443:edges = 531,fail_cases = 21,fault = 99&100&112&101&102&105&106&107&108&109,
SUCCESS;444:edges = 532,fail_cases = 21,fault = 99&100&112&101&102&103&105&106&107&108&109,
SUCCESS;445:edges = 534,fail_cases = 21,fault = 110&112&105&106&107&108&109,
SUCCESS;446:edges = 535,fail_cases = 21,fault = 110&99&112&105&106&107&108&109,
SUCCESS;447:edges = 536,fail_cases = 21,fault = 110&99&100&112&105&106&107&108&109,
SUCCESS;448:edges = 537,fail_cases = 21,fault = 110&99&100&112&101&105&106&107&108&109,
SUCCESS;449:edges = 538,fail_cases = 21,fault = 110&99&100&112&101&102&105&106&107&108&109,
SUCCESS;450:edges = 539,fail_cases = 21,fault = 110&99&100&112&101&102&103&105&106&107&108&109,
FAIL;451:edges = 539,fail_cases = 22,fault = 110&111&112&105&106&107&108&109,
SUCCESS;452:edges = 541,fail_cases = 22,fault = 113,
SUCCESS;453:edges = 542,fail_cases = 22,fault = 112&113,
SUCCESS;454:edges = 543,fail_cases = 22,fault = 112&113&105,
SUCCESS;455:edges = 544,fail_cases = 22,fault = 112&113&105&106,
SUCCESS;456:edges = 545,fail_cases = 22,fault = 112&113&105&106&107,
SUCCESS;457:edges = 546,fail_cases = 22,fault = 112&113&105&106&107&108,
SUCCESS;458:edges = 547,fail_cases = 22,fault = 112&113&105&106&107&108&109,
SUCCESS;459:edges = 548,fail_cases = 22,fault = 110&112&113&105&106&107&108&109,
SUCCESS;460:edges = 550,fail_cases = 22,fault = 113&114,
SUCCESS;461:edges = 551,fail_cases = 22,fault = 112&113&114,
SUCCESS;462:edges = 552,fail_cases = 22,fault = 112&113&114&105,
SUCCESS;463:edges = 553,fail_cases = 22,fault = 112&113&114&105&106,
SUCCESS;464:edges = 554,fail_cases = 22,fault = 112&113&114&105&106&107,
SUCCESS;465:edges = 555,fail_cases = 22,fault = 112&113&114&105&106&107&108,
SUCCESS;466:edges = 556,fail_cases = 22,fault = 112&113&114&105&106&107&108&109,
SUCCESS;467:edges = 557,fail_cases = 22,fault = 110&112&113&114&105&106&107&108&109,
SUCCESS;468:edges = 559,fail_cases = 22,fault = 113&114&115,
SUCCESS;469:edges = 560,fail_cases = 22,fault = 112&113&114&115,
SUCCESS;470:edges = 561,fail_cases = 22,fault = 112&113&114&115&105,
SUCCESS;471:edges = 562,fail_cases = 22,fault = 112&113&114&115&105&106,
SUCCESS;472:edges = 563,fail_cases = 22,fault = 112&113&114&115&105&106&107,
SUCCESS;473:edges = 564,fail_cases = 22,fault = 112&113&114&115&105&106&107&108,
SUCCESS;474:edges = 565,fail_cases = 22,fault = 112&113&114&115&105&106&107&108&109,
SUCCESS;475:edges = 566,fail_cases = 22,fault = 110&112&113&114&115&105&106&107&108&109,
SUCCESS;476:edges = 568,fail_cases = 22,fault = 113&114&115&116,
SUCCESS;477:edges = 569,fail_cases = 22,fault = 112&113&114&115&116,
SUCCESS;478:edges = 570,fail_cases = 22,fault = 112&113&114&115&116&105,
SUCCESS;479:edges = 571,fail_cases = 22,fault = 112&113&114&115&116&105&106,
SUCCESS;480:edges = 572,fail_cases = 22,fault = 112&113&114&115&116&105&106&107,
SUCCESS;481:edges = 573,fail_cases = 22,fault = 112&113&114&115&116&105&106&107&108,
SUCCESS;482:edges = 574,fail_cases = 22,fault = 112&113&114&115&116&105&106&107&108&109,
SUCCESS;483:edges = 575,fail_cases = 22,fault = 110&112&113&114&115&116&105&106&107&108&109,
FAIL;484:edges = 575,fail_cases = 23,fault = 113&114&115&116&117,
SUCCESS;485:edges = 577,fail_cases = 23,fault = 118,
SUCCESS;486:edges = 578,fail_cases = 23,fault = 113&118,
SUCCESS;487:edges = 579,fail_cases = 23,fault = 113&114&118,
SUCCESS;488:edges = 580,fail_cases = 23,fault = 113&114&115&118,
SUCCESS;489:edges = 581,fail_cases = 23,fault = 113&114&115&116&118,
SUCCESS;490:edges = 583,fail_cases = 23,fault = 118&119,
SUCCESS;491:edges = 584,fail_cases = 23,fault = 113&118&119,
SUCCESS;492:edges = 585,fail_cases = 23,fault = 113&114&118&119,
SUCCESS;493:edges = 586,fail_cases = 23,fault = 113&114&115&118&119,
SUCCESS;494:edges = 587,fail_cases = 23,fault = 113&114&115&116&118&119,
SUCCESS;495:edges = 589,fail_cases = 23,fault = 118&119&120,
SUCCESS;496:edges = 590,fail_cases = 23,fault = 113&118&119&120,
SUCCESS;497:edges = 591,fail_cases = 23,fault = 113&114&118&119&120,
SUCCESS;498:edges = 592,fail_cases = 23,fault = 113&114&115&118&119&120,
SUCCESS;499:edges = 593,fail_cases = 23,fault = 113&114&115&116&118&119&120,
SUCCESS;500:edges = 595,fail_cases = 23,fault = 121&118&119&120,
SUCCESS;501:edges = 596,fail_cases = 23,fault = 121&113&118&119&120,
SUCCESS;502:edges = 597,fail_cases = 23,fault = 121&113&114&118&119&120,
SUCCESS;503:edges = 598,fail_cases = 23,fault = 121&113&114&115&118&119&120,
SUCCESS;504:edges = 599,fail_cases = 23,fault = 121&113&114&115&116&118&119&120,
FAIL;505:edges = 599,fail_cases = 24,fault = 121&122&118&119&120,
SUCCESS;506:edges = 600,fail_cases = 24,fault = 123,
SUCCESS;507:edges = 601,fail_cases = 24,fault = 123&118,
SUCCESS;508:edges = 602,fail_cases = 24,fault = 123&118&119,
SUCCESS;509:edges = 603,fail_cases = 24,fault = 123&118&119&120,
SUCCESS;510:edges = 604,fail_cases = 24,fault = 121&123&118&119&120,
FAIL;511:edges = 604,fail_cases = 25,fault = 123&124,