SUCCESS;0:edges = 2,fail_cases = 0,fault = ,
SUCCESS;1:edges = 3,fail_cases = 0,fault = 1,
SUCCESS;2:edges = 4,fail_cases = 0,fault = 1&2,
SUCCESS;3:edges = 5,fail_cases = 0,fault = 1&2&3,
SUCCESS;4:edges = 6,fail_cases = 0,fault = 1&2&3&4,
FAIL;5:edges = 6,fail_cases = 1,fault = 1&2&3&4&5,
SUCCESS;6:edges = 8,fail_cases = 1,fault = 6,
SUCCESS;7:edges = 9,fail_cases = 1,fault = 1&6,
SUCCESS;8:edges = 10,fail_cases = 1,fault = 1&2&6,
SUCCESS;9:edges = 11,fail_cases = 1,fault = 1&2&3&6,
SUCCESS;10:edges = 12,fail_cases = 1,fault = 1&2&3&4&6,
SUCCESS;11:edges = 14,fail_cases = 1,fault = 6&8,
SUCCESS;12:edges = 15,fail_cases = 1,fault = 1&6&8,
SUCCESS;13:edges = 16,fail_cases = 1,fault = 1&2&6&8,
SUCCESS;14:edges = 17,fail_cases = 1,fault = 1&2&3&6&8,
SUCCESS;15:edges = 18,fail_cases = 1,fault = 1&2&3&4&6&8,
SUCCESS;16:edges = 20,fail_cases = 1,fault = 6&8&9,
SUCCESS;17:edges = 21,fail_cases = 1,fault = 1&6&8&9,
SUCCESS;18:edges = 22,fail_cases = 1,fault = 1&2&6&8&9,
SUCCESS;19:edges = 23,fail_cases = 1,fault = 1&2&3&6&8&9,
SUCCESS;20:edges = 24,fail_cases = 1,fault = 1&2&3&4&6&8&9,
SUCCESS;21:edges = 26,fail_cases = 1,fault = 6&8&9&10,
SUCCESS;22:edges = 27,fail_cases = 1,fault = 1&6&8&9&10,
SUCCESS;23:edges = 28,fail_cases = 1,fault = 1&2&16,
SUCCESS;24:edges = 29,fail_cases = 1,fault = 1&2&16&6,
SUCCESS;25:edges = 30,fail_cases = 1,fault = 1&2&3&16&6,
SUCCESS;26:edges = 31,fail_cases = 1,fault = 1&2&3&4&6&8&9&10,
SUCCESS;27:edges = 32,fail_cases = 1,fault = 6&17&8&9&10,
SUCCESS;28:edges = 33,fail_cases = 1,fault = 16&17&7,
FAIL;29:edges = 33,fail_cases = 2,fault = 6&7&8&9&10,
SUCCESS;30:edges = 34,fail_cases = 2,fault = 12&6&17&8&9&10,
SUCCESS;31:edges = 35,fail_cases = 2,fault = 12&13&16&17&6,
SUCCESS;32:edges = 36,fail_cases = 2,fault = 12&13&6&17&8&9&10,
SUCCESS;33:edges = 37,fail_cases = 2,fault = 16&6&7&8,
SUCCESS;34:edges = 38,fail_cases = 2,fault = 16&6&7&8&9,
SUCCESS;35:edges = 39,fail_cases = 2,fault = 11&16&6&7&9&10,
SUCCESS;36:edges = 40,fail_cases = 2,fault = 11&16&17&7,
SUCCESS;37:edges = 41,fail_cases = 2,fault = 11&16&17&7&8,
SUCCESS;38:edges = 42,fail_cases = 2,fault = 11&12&16&17&7,
SUCCESS;39:edges = 43,fail_cases = 2,fault = 11&12&13&16&17&7,
SUCCESS;40:edges = 44,fail_cases = 2,fault = 12&16&17&6&7&8,
SUCCESS;41:edges = 45,fail_cases = 2,fault = 11&13&14&16&17&7&8&9,
SUCCESS;42:edges = 46,fail_cases = 2,fault = 12&16&17&6&7&8&9,
SUCCESS;43:edges = 47,fail_cases = 2,fault = 11&12&16&17&6&7,
SUCCESS;44:edges = 48,fail_cases = 2,fault = 12&13&14&6&17&8&9&10,
SUCCESS;45:edges = 49,fail_cases = 2,fault = 11&12&13&14&16&17&7,
SUCCESS;46:edges = 50,fail_cases = 2,fault = 11&12&16&17&6&7&8,
SUCCESS;47:edges = 51,fail_cases = 2,fault = 11&12&13&16&17&6&7,
FAIL;48:edges = 51,fail_cases = 3,fault = 11&13&14&15&16&17&7&8&9&10,
SUCCESS;49:edges = 52,fail_cases = 3,fault = 11&12&13&14&16&17&6&7,
FAIL;50:edges = 52,fail_cases = 4,fault = 12&13&14&15&6&17&8&9&10,
SUCCESS;51:edges = 53,fail_cases = 4,fault = 11&12&16&17&6&7&8&9,
SUCCESS;52:edges = 54,fail_cases = 4,fault = 11&12&13&16&17&6&7&8,
SUCCESS;53:edges = 55,fail_cases = 4,fault = 11&12&13&14&16&17&6&7&8,
SUCCESS;54:edges = 56,fail_cases = 4,fault = 11&12&13&16&17&6&7&8&9,
SUCCESS;55:edges = 57,fail_cases = 4,fault = 11&12&13&14&16&17&6&7&8&9,
FAIL;56:edges = 57,fail_cases = 5,fault = 11&12&13&14&15&16&17,