SUCCESS;0:edges = 18,fail_cases = 0,fault = ,
SUCCESS;1:edges = 19,fail_cases = 0,fault = 1,
SUCCESS;2:edges = 20,fail_cases = 0,fault = 1&2,
SUCCESS;3:edges = 21,fail_cases = 0,fault = 1&2&3,
FAIL;4:edges = 21,fail_cases = 1,fault = 1&2&3&4,
SUCCESS;5:edges = 23,fail_cases = 1,fault = 5,
SUCCESS;6:edges = 24,fail_cases = 1,fault = 1&5,
SUCCESS;7:edges = 25,fail_cases = 1,fault = 1&2&5,
SUCCESS;8:edges = 26,fail_cases = 1,fault = 1&2&3&5,
SUCCESS;9:edges = 28,fail_cases = 1,fault = 5&6,
SUCCESS;10:edges = 29,fail_cases = 1,fault = 2&5&6,
SUCCESS;11:edges = 30,fail_cases = 1,fault = 2&3&5&6,
SUCCESS;12:edges = 32,fail_cases = 1,fault = 2&3&4&5&6,
SUCCESS;13:edges = 33,fail_cases = 1,fault = 1&5&6&7,
SUCCESS;14:edges = 34,fail_cases = 1,fault = 1&2&5&6&7,
SUCCESS;15:edges = 36,fail_cases = 1,fault = 2&3&4&5&6&8,
SUCCESS;16:edges = 38,fail_cases = 1,fault = 2&3&4&5&6&8&10,
SUCCESS;17:edges = 39,fail_cases = 1,fault = 1&2&3&5&6&7,
SUCCESS;18:edges = 40,fail_cases = 1,fault = 1&5&6&7&8,
SUCCESS;19:edges = 42,fail_cases = 1,fault = 11&2&3&4&5&6&8&10,
SUCCESS;20:edges = 43,fail_cases = 1,fault = 1&2&5&6&7&8,
SUCCESS;21:edges = 44,fail_cases = 1,fault = 1&5&6&7&8&10,
SUCCESS;22:edges = 45,fail_cases = 1,fault = 11&1&5&6&7&8&10,
SUCCESS;23:edges = 46,fail_cases = 1,fault = 1&2&3&5&6&7&8,
SUCCESS;24:edges = 49,fail_cases = 1,fault = 11&12&2&3&4&5&6&8&10,
FAIL;25:edges = 49,fail_cases = 2,fault = 11&12&2&3&4&5&6&8&9&10,
SUCCESS;26:edges = 50,fail_cases = 2,fault = 1&2&5&6&7&8&10,
SUCCESS;27:edges = 51,fail_cases = 2,fault = 11&12&1&5&6&7&8&10,
SUCCESS;28:edges = 52,fail_cases = 2,fault = 1&2&3&5&6&7&8&10,
SUCCESS;29:edges = 53,fail_cases = 2,fault = 11&1&2&5&6&7&8&10,
SUCCESS;30:edges = 54,fail_cases = 2,fault = 11&1&2&3&5&6&7&8&10,
SUCCESS;31:edges = 56,fail_cases = 2,fault = 11&12&2&13&3&4&5&6&8&10,
SUCCESS;32:edges = 57,fail_cases = 2,fault = 11&12&1&2&5&6&7&8&10,
SUCCESS;33:edges = 59,fail_cases = 2,fault = 11&12&2&13&3&14&4&5&6&8&10,
SUCCESS;34:edges = 60,fail_cases = 2,fault = 11&12&1&2&3&5&6&7&8&10,
FAIL;35:edges = 60,fail_cases = 3,fault = 11&12&2&13&3&14&4&15&5&6&8&10,
FAIL;36:edges = 60,fail_cases = 4,fault = 11&12&13&14&15&5&6&7&8&10,
SUCCESS;37:edges = 61,fail_cases = 4,fault = 16&9,
SUCCESS;38:edges = 62,fail_cases = 4,fault = 13&16&9,
SUCCESS;39:edges = 63,fail_cases = 4,fault = 16&5&9,
FAIL;40:edges = 63,fail_cases = 5,fault = 11&12&5&6&7&8&9&10,
SUCCESS;41:edges = 64,fail_cases = 5,fault = 13&14&16&9,
SUCCESS;42:edges = 65,fail_cases = 5,fault = 13&16&5&9,
SUCCESS;43:edges = 66,fail_cases = 5,fault = 16&5&6&9,
SUCCESS;44:edges = 67,fail_cases = 5,fault = 2&3&4&16&5&6&9,
SUCCESS;45:edges = 68,fail_cases = 5,fault = 2&3&4&16&5&6&8&9,
SUCCESS;46:edges = 69,fail_cases = 5,fault = 2&3&4&16&5&6&8&9&10,
SUCCESS;47:edges = 70,fail_cases = 5,fault = 11&2&3&4&16&5&6&8&9&10,
SUCCESS;48:edges = 71,fail_cases = 5,fault = 13&16&5&6&9,
SUCCESS;49:edges = 72,fail_cases = 5,fault = 13&2&3&4&16&5&6&9,
SUCCESS;50:edges = 73,fail_cases = 5,fault = 13&2&3&4&16&5&6&8&9,
SUCCESS;51:edges = 74,fail_cases = 5,fault = 13&2&3&4&16&5&6&8&9&10,
SUCCESS;52:edges = 75,fail_cases = 5,fault = 11&13&2&3&4&16&5&6&8&9&10,
SUCCESS;53:edges = 76,fail_cases = 5,fault = 13&14&16&5&9,
SUCCESS;54:edges = 77,fail_cases = 5,fault = 13&14&16&5&6&9,
SUCCESS;55:edges = 78,fail_cases = 5,fault = 13&2&14&3&4&16&5&6&9,
SUCCESS;56:edges = 79,fail_cases = 5,fault = 13&2&14&3&4&16&5&6&8&9,
SUCCESS;57:edges = 80,fail_cases = 5,fault = 13&2&14&3&4&16&5&6&8&9&10,
SUCCESS;58:edges = 81,fail_cases = 5,fault = 11&13&2&14&3&4&16&5&6&8&9&10,
FAIL;59:edges = 81,fail_cases = 6,fault = 13&14&15&16,
SUCCESS;60:edges = 83,fail_cases = 6,fault = 17,
SUCCESS;61:edges = 84,fail_cases = 6,fault = 11&12&2&3&4&5&17&6&8&10,
SUCCESS;62:edges = 85,fail_cases = 6,fault = 11&12&2&13&3&4&5&17&6&8&10,
SUCCESS;63:edges = 86,fail_cases = 6,fault = 11&12&2&13&3&14&4&5&17&6&8&10,
SUCCESS;64:edges = 88,fail_cases = 6,fault = 17&18,
SUCCESS;65:edges = 89,fail_cases = 6,fault = 13&17&18,
SUCCESS;66:edges = 90,fail_cases = 6,fault = 13&14&17&18,
FAIL;67:edges = 90,fail_cases = 7,fault = 13&14&15&17&18,
FAIL;68:edges = 90,fail_cases = 8,fault = 17&18&19,
SUCCESS;69:edges = 92,fail_cases = 8,fault = 20,
SUCCESS;70:edges = 93,fail_cases = 8,fault = 17&20,
SUCCESS;71:edges = 94,fail_cases = 8,fault = 17&18&20,
SUCCESS;72:edges = 96,fail_cases = 8,fault = 20&21,
SUCCESS;73:edges = 97,fail_cases = 8,fault = 17&20&21,
SUCCESS;74:edges = 98,fail_cases = 8,fault = 17&18&20&21,
SUCCESS;75:edges = 100,fail_cases = 8,fault = 22&20&21,
SUCCESS;76:edges = 102,fail_cases = 8,fault = 22&17&20&21,
SUCCESS;77:edges = 103,fail_cases = 8,fault = 22&17&18&20&21,
SUCCESS;78:edges = 104,fail_cases = 8,fault = 22&23&13&14&15&18&20&21,
FAIL;79:edges = 104,fail_cases = 9,fault = 22&24&17&20&21,
FAIL;80:edges = 104,fail_cases = 10,fault = 22&23&24&20&21,
SUCCESS;81:edges = 106,fail_cases = 10,fault = 25,
SUCCESS;82:edges = 107,fail_cases = 10,fault = 25&20,
SUCCESS;83:edges = 108,fail_cases = 10,fault = 25&20&21,
SUCCESS;84:edges = 109,fail_cases = 10,fault = 22&25&20&21,
SUCCESS;85:edges = 110,fail_cases = 10,fault = 22&25&17&20&21,
SUCCESS;86:edges = 112,fail_cases = 10,fault = 25&26,
SUCCESS;87:edges = 113,fail_cases = 10,fault = 25&26&20,
SUCCESS;88:edges = 114,fail_cases = 10,fault = 25&26&20&21,
SUCCESS;89:edges = 115,fail_cases = 10,fault = 22&25&26&20&21,
SUCCESS;90:edges = 116,fail_cases = 10,fault = 22&25&26&17&20&21,
FAIL;91:edges = 116,fail_cases = 11,fault = 25&26&27,
SUCCESS;92:edges = 118,fail_cases = 11,fault = 28,
SUCCESS;93:edges = 119,fail_cases = 11,fault = 26&28,
SUCCESS;94:edges = 121,fail_cases = 11,fault = 26&27&28,
SUCCESS;95:edges = 122,fail_cases = 11,fault = 25&28&29,
FAIL;96:edges = 122,fail_cases = 12,fault = 26&27&28&30,
SUCCESS;97:edges = 123,fail_cases = 12,fault = 25&26&28&29,
FAIL;98:edges = 123,fail_cases = 13,fault = 28&29&30,
SUCCESS;99:edges = 125,fail_cases = 13,fault = 32,
SUCCESS;100:edges = 126,fail_cases = 13,fault = 28&32,
SUCCESS;101:edges = 128,fail_cases = 13,fault = 26&27&28&32,
SUCCESS;102:edges = 130,fail_cases = 13,fault = 34&26&27&28&32,
SUCCESS;103:edges = 132,fail_cases = 13,fault = 34&35&26&27&28&32,
FAIL;104:edges = 132,fail_cases = 14,fault = 34&35&26&27&28&31&32,
SUCCESS;105:edges = 133,fail_cases = 14,fault = 33&30&32,
SUCCESS;106:edges = 134,fail_cases = 14,fault = 33&34&30&32,
FAIL;107:edges = 134,fail_cases = 15,fault = 34&35&28&29&31&32,
SUCCESS;108:edges = 135,fail_cases = 15,fault = 33&28&30&32,
SUCCESS;109:edges = 136,fail_cases = 15,fault = 33&34&28&30&32,
SUCCESS;110:edges = 137,fail_cases = 15,fault = 33&34&35&30&32,
SUCCESS;111:edges = 138,fail_cases = 15,fault = 33&34&35&28&30&32,
FAIL;112:edges = 138,fail_cases = 16,fault = 33&34&35&31&32,
SUCCESS;113:edges = 140,fail_cases = 16,fault = 37,
SUCCESS;114:edges = 141,fail_cases = 16,fault = 37&32,
SUCCESS;115:edges = 142,fail_cases = 16,fault = 37&26&27&28&32,
SUCCESS;116:edges = 143,fail_cases = 16,fault = 34&37&26&27&28&32,
SUCCESS;117:edges = 144,fail_cases = 16,fault = 34&35&37&26&27&28&32,
SUCCESS;118:edges = 146,fail_cases = 16,fault = 37&38,
SUCCESS;119:edges = 147,fail_cases = 16,fault = 37&38&32,
SUCCESS;120:edges = 148,fail_cases = 16,fault = 37&26&38&27&28&32,
SUCCESS;121:edges = 149,fail_cases = 16,fault = 34&37&26&38&27&28&32,
SUCCESS;122:edges = 150,fail_cases = 16,fault = 34&35&37&26&38&27&28&32,
SUCCESS;123:edges = 153,fail_cases = 16,fault = 37&38&39,
SUCCESS;124:edges = 154,fail_cases = 16,fault = 37&38&39&32,
SUCCESS;125:edges = 155,fail_cases = 16,fault = 37&26&38&27&39&28&32,
SUCCESS;126:edges = 157,fail_cases = 16,fault = 34&26&27&28&40&32,
SUCCESS;127:edges = 158,fail_cases = 16,fault = 34&26&27&28&40&41&32,
SUCCESS;128:edges = 159,fail_cases = 16,fault = 34&35&26&27&28&40&41&32,
SUCCESS;129:edges = 161,fail_cases = 16,fault = 37&38&39&42,
FAIL;130:edges = 161,fail_cases = 17,fault = 37&38&39&42&43,
FAIL;131:edges = 161,fail_cases = 18,fault = 36&37&38&39,
SUCCESS;132:edges = 162,fail_cases = 18,fault = 36&37&40,
SUCCESS;133:edges = 163,fail_cases = 18,fault = 36&40&41,
SUCCESS;134:edges = 164,fail_cases = 18,fault = 36&37&38&40,
SUCCESS;135:edges = 165,fail_cases = 18,fault = 36&40&41&42,
SUCCESS;136:edges = 166,fail_cases = 18,fault = 36&37&40&41,
SUCCESS;137:edges = 167,fail_cases = 18,fault = 36&37&38&40&41,
SUCCESS;138:edges = 168,fail_cases = 18,fault = 36&37&40&41&42,
SUCCESS;139:edges = 169,fail_cases = 18,fault = 36&37&38&40&41&42,
SUCCESS;140:edges = 172,fail_cases = 18,fault = 40&41&42&43,
SUCCESS;141:edges = 173,fail_cases = 18,fault = 37&40&41&42&43,
SUCCESS;142:edges = 174,fail_cases = 18,fault = 37&38&40&41&42&43,
SUCCESS;143:edges = 175,fail_cases = 18,fault = 48&37&38&39,
SUCCESS;144:edges = 176,fail_cases = 18,fault = 48&37&38&39&42,
FAIL;145:edges = 176,fail_cases = 19,fault = 44&40&41&42&43,
SUCCESS;146:edges = 177,fail_cases = 19,fault = 44&48&42&43,
SUCCESS;147:edges = 179,fail_cases = 19,fault = 49&40&41&42&43,
SUCCESS;148:edges = 180,fail_cases = 19,fault = 48&37&49&38&39,
SUCCESS;149:edges = 181,fail_cases = 19,fault = 48&37&49&38&39&42,
SUCCESS;150:edges = 182,fail_cases = 19,fault = 44&48&49&42&43,
SUCCESS;151:edges = 184,fail_cases = 19,fault = 49&50&40&41&42&43,
SUCCESS;152:edges = 185,fail_cases = 19,fault = 48&37&49&38&39&50,
SUCCESS;153:edges = 186,fail_cases = 19,fault = 48&37&49&38&39&50&42,
SUCCESS;154:edges = 187,fail_cases = 19,fault = 44&48&49&50&42&43,
SUCCESS;155:edges = 188,fail_cases = 19,fault = 44&48&40&42&43,
SUCCESS;156:edges = 190,fail_cases = 19,fault = 49&50&40&51&41&42&43,
SUCCESS;157:edges = 191,fail_cases = 19,fault = 48&37&49&38&39&50&51,
SUCCESS;158:edges = 192,fail_cases = 19,fault = 48&37&49&38&39&50&51&42,
SUCCESS;159:edges = 193,fail_cases = 19,fault = 44&48&49&50&51&42&43,
SUCCESS;160:edges = 195,fail_cases = 19,fault = 45&49&50&40&51&41&42&43,
SUCCESS;161:edges = 196,fail_cases = 19,fault = 45&48&37&49&38&39&50&51,
SUCCESS;162:edges = 197,fail_cases = 19,fault = 45&48&37&49&38&39&50&51&42,
SUCCESS;163:edges = 199,fail_cases = 19,fault = 45&46&49&50&40&51&41&42&43,
SUCCESS;164:edges = 200,fail_cases = 19,fault = 45&46&48&37&49&38&39&50&51,
SUCCESS;165:edges = 201,fail_cases = 19,fault = 45&46&48&37&49&38&39&50&51&42,
SUCCESS;166:edges = 202,fail_cases = 19,fault = 44&48&49&40&42&43,
SUCCESS;167:edges = 203,fail_cases = 19,fault = 44&45&48&49&50&51&42&43,
SUCCESS;168:edges = 204,fail_cases = 19,fault = 44&45&46&48&49&50&51&42&43,
SUCCESS;169:edges = 205,fail_cases = 19,fault = 44&48&49&50&40&42&43,
SUCCESS;170:edges = 206,fail_cases = 19,fault = 44&48&49&50&51&40&42&43,
SUCCESS;171:edges = 207,fail_cases = 19,fault = 44&45&48&49&50&51&40&42&43,
SUCCESS;172:edges = 210,fail_cases = 19,fault = 45&46&47&49&50&40&51&41&42&43,
SUCCESS;173:edges = 211,fail_cases = 19,fault = 45&46&47&48&37&49&38&39&50&51,
SUCCESS;174:edges = 212,fail_cases = 19,fault = 37&38&39&53&42,
SUCCESS;175:edges = 213,fail_cases = 19,fault = 45&46&47&48&37&49&38&39&50&51&42,
SUCCESS;176:edges = 214,fail_cases = 19,fault = 44&45&46&47&48&49&50&51&42&43,
SUCCESS;177:edges = 215,fail_cases = 19,fault = 44&48&40&53&42&43,
FAIL;178:edges = 215,fail_cases = 20,fault = 45&46&47&49&50&40&51&41&52&42&43,
SUCCESS;179:edges = 216,fail_cases = 20,fault = 44&48&49&40&53&42&43,
SUCCESS;180:edges = 217,fail_cases = 20,fault = 44&45&47&48&49&50&51&40&42&43,
SUCCESS;181:edges = 218,fail_cases = 20,fault = 49&50&40&41&52&53&42&43,
FAIL;182:edges = 218,fail_cases = 21,fault = 44&45&47&48&49&50&51&40&52&42&43,
SUCCESS;183:edges = 220,fail_cases = 21,fault = 44&45&47&48&49&50&51&40&42&43&54,
SUCCESS;184:edges = 221,fail_cases = 21,fault = 49&50&40&51&41&52&53&42&43,
FAIL;185:edges = 221,fail_cases = 22,fault = 55&45&46&47&49&50&40&51&41&42&43&54,
SUCCESS;186:edges = 222,fail_cases = 22,fault = 45&49&50&40&51&41&52&53&42&43,
SUCCESS;187:edges = 223,fail_cases = 22,fault = 44&45&48&49&50&51&40&52&53&42&43,
FAIL;188:edges = 223,fail_cases = 23,fault = 44&55&45&47&48&49&50&51&40&42&43&54,
SUCCESS;189:edges = 224,fail_cases = 23,fault = 52&53&54,
SUCCESS;190:edges = 225,fail_cases = 23,fault = 40&41&52&53&42&54&43,
SUCCESS;191:edges = 226,fail_cases = 23,fault = 49&40&41&52&53&42&54&43,
SUCCESS;192:edges = 227,fail_cases = 23,fault = 49&50&40&41&52&53&42&54&43,
SUCCESS;193:edges = 228,fail_cases = 23,fault = 49&50&40&51&41&52&53&42&54&43,
SUCCESS;194:edges = 229,fail_cases = 23,fault = 45&49&50&40&51&41&52&53&42&54&43,
SUCCESS;195:edges = 230,fail_cases = 23,fault = 44&45&48&49&50&51&40&52&53&42&54&43,
FAIL;196:edges = 230,fail_cases = 24,fault = 45&46&47&48&49&50&51&52,
FAIL;197:edges = 230,fail_cases = 25,fault = 55&45&46&47&48&49&50&51&54,
FAIL;198:edges = 230,fail_cases = 26,fault = 55&53&54,
SUCCESS;199:edges = 232,fail_cases = 26,fault = 56,
SUCCESS;200:edges = 233,fail_cases = 26,fault = 56&45&46&47&49&50&40&51&41&42&43,
SUCCESS;201:edges = 234,fail_cases = 26,fault = 56&45&46&47&49&50&40&51&41&42&43&54,
FAIL;202:edges = 234,fail_cases = 27,fault = 56&57,
SUCCESS;203:edges = 236,fail_cases = 27,fault = 58,
SUCCESS;204:edges = 237,fail_cases = 27,fault = 56&58,
FAIL;205:edges = 237,fail_cases = 28,fault = 58&59,
SUCCESS;206:edges = 239,fail_cases = 28,fault = 60,
SUCCESS;207:edges = 240,fail_cases = 28,fault = 58&60,
FAIL;208:edges = 240,fail_cases = 29,fault = 60&61,
SUCCESS;209:edges = 242,fail_cases = 29,fault = 64,
SUCCESS;210:edges = 243,fail_cases = 29,fault = 60&64,
SUCCESS;211:edges = 245,fail_cases = 29,fault = 64&65,
SUCCESS;212:edges = 246,fail_cases = 29,fault = 60&64&65,
SUCCESS;213:edges = 248,fail_cases = 29,fault = 62&64&65,
SUCCESS;214:edges = 249,fail_cases = 29,fault = 60&62&64&65,
FAIL;215:edges = 249,fail_cases = 30,fault = 62&63&64&65,
SUCCESS;216:edges = 251,fail_cases = 30,fault = 66,
SUCCESS;217:edges = 252,fail_cases = 30,fault = 66&64,
SUCCESS;218:edges = 253,fail_cases = 30,fault = 66&64&65,
SUCCESS;219:edges = 254,fail_cases = 30,fault = 66&62&64&65,
SUCCESS;220:edges = 256,fail_cases = 30,fault = 66&67,
SUCCESS;221:edges = 257,fail_cases = 30,fault = 66&67&65,
SUCCESS;222:edges = 258,fail_cases = 30,fault = 66&67&62&65,
SUCCESS;223:edges = 260,fail_cases = 30,fault = 66&67&62&63&65,
SUCCESS;224:edges = 261,fail_cases = 30,fault = 66&67&68&64,
FAIL;225:edges = 261,fail_cases = 31,fault = 66&67&69&62&63&65,
SUCCESS;226:edges = 262,fail_cases = 31,fault = 66&67&68&64&65,
SUCCESS;227:edges = 263,fail_cases = 31,fault = 66&67&68&62&64&65,
FAIL;228:edges = 263,fail_cases = 32,fault = 66&67&68&69,
SUCCESS;229:edges = 265,fail_cases = 32,fault = 70,
SUCCESS;230:edges = 266,fail_cases = 32,fault = 66&70,
SUCCESS;231:edges = 267,fail_cases = 32,fault = 66&67&70,
SUCCESS;232:edges = 268,fail_cases = 32,fault = 66&67&70&62&63&65,
FAIL;233:edges = 268,fail_cases = 33,fault = 70&71,
SUCCESS;234:edges = 269,fail_cases = 33,fault = 72,
SUCCESS;235:edges = 270,fail_cases = 33,fault = 70&72,
SUCCESS;236:edges = 271,fail_cases = 33,fault = 72&73,
SUCCESS;237:edges = 272,fail_cases = 33,fault = 70&72&73,
SUCCESS;238:edges = 273,fail_cases = 33,fault = 72&73&74,
SUCCESS;239:edges = 274,fail_cases = 33,fault = 70&72&73&74,
SUCCESS;240:edges = 275,fail_cases = 33,fault = 72&73&74&75,
SUCCESS;241:edges = 276,fail_cases = 33,fault = 70&72&73&74&75,
FAIL;242:edges = 276,fail_cases = 34,fault = 72&73&74&75&76,