SUCCESS;0:edges = 27,fail_cases = 0,fault = ,
SUCCESS;1:edges = 28,fail_cases = 0,fault = 1,
SUCCESS;2:edges = 29,fail_cases = 0,fault = 1&2,
SUCCESS;3:edges = 30,fail_cases = 0,fault = 1&2&3,
SUCCESS;4:edges = 31,fail_cases = 0,fault = 1&2&3&4,
SUCCESS;5:edges = 32,fail_cases = 0,fault = 1&2&3&4&5,
FAIL;6:edges = 32,fail_cases = 1,fault = 1&2&3&4&5&6,
SUCCESS;7:edges = 34,fail_cases = 1,fault = 7,
SUCCESS;8:edges = 35,fail_cases = 1,fault = 1&7,
SUCCESS;9:edges = 36,fail_cases = 1,fault = 1&2&7,
SUCCESS;10:edges = 37,fail_cases = 1,fault = 1&2&3&7,
SUCCESS;11:edges = 38,fail_cases = 1,fault = 1&2&3&4&7,
SUCCESS;12:edges = 39,fail_cases = 1,fault = 1&2&3&4&5&7,
FAIL;13:edges = 39,fail_cases = 2,fault = 7&8,
SUCCESS;14:edges = 41,fail_cases = 2,fault = 9,
SUCCESS;15:edges = 42,fail_cases = 2,fault = 7&9,
SUCCESS;16:edges = 44,fail_cases = 2,fault = 11&9,
SUCCESS;17:edges = 45,fail_cases = 2,fault = 11&7&9,
SUCCESS;18:edges = 47,fail_cases = 2,fault = 11&12&9,
SUCCESS;19:edges = 48,fail_cases = 2,fault = 11&12&7&9,
SUCCESS;20:edges = 51,fail_cases = 2,fault = 11&12&13&9,
SUCCESS;21:edges = 52,fail_cases = 2,fault = 16&7,
SUCCESS;22:edges = 53,fail_cases = 2,fault = 11&12&13&7&9,
SUCCESS;23:edges = 54,fail_cases = 2,fault = 16&9&10,
SUCCESS;24:edges = 55,fail_cases = 2,fault = 11&16&9&10,
FAIL;25:edges = 55,fail_cases = 3,fault = 11&12&13&9&10,
SUCCESS;26:edges = 57,fail_cases = 3,fault = 11&12&13&17&9,
SUCCESS;27:edges = 58,fail_cases = 3,fault = 16&17&10,
SUCCESS;28:edges = 59,fail_cases = 3,fault = 11&12&16&9&10,
SUCCESS;29:edges = 60,fail_cases = 3,fault = 16&17&9&10,
SUCCESS;30:edges = 61,fail_cases = 3,fault = 11&16&17&9&10,
SUCCESS;31:edges = 63,fail_cases = 3,fault = 11&12&13&14&17&9,
FAIL;32:edges = 63,fail_cases = 4,fault = 11&12&13&14&15&17&9,
SUCCESS;33:edges = 64,fail_cases = 4,fault = 11&12&16&17&9&10,
SUCCESS;34:edges = 65,fail_cases = 4,fault = 14&16&17&10,
SUCCESS;35:edges = 66,fail_cases = 4,fault = 14&16&17&9&10,
SUCCESS;36:edges = 67,fail_cases = 4,fault = 11&14&16&17&9&10,
SUCCESS;37:edges = 68,fail_cases = 4,fault = 11&12&14&16&17&9&10,
FAIL;38:edges = 68,fail_cases = 5,fault = 14&15&16&17,
SUCCESS;39:edges = 70,fail_cases = 5,fault = 18,
SUCCESS;40:edges = 71,fail_cases = 5,fault = 11&12&13&18&9,
SUCCESS;41:edges = 72,fail_cases = 5,fault = 11&12&13&17&18&9,
SUCCESS;42:edges = 73,fail_cases = 5,fault = 11&12&13&14&17&18&9,
SUCCESS;43:edges = 75,fail_cases = 5,fault = 18&19,
SUCCESS;44:edges = 76,fail_cases = 5,fault = 11&12&13&18&19&9,
SUCCESS;45:edges = 77,fail_cases = 5,fault = 11&12&13&17&18&19&9,
SUCCESS;46:edges = 78,fail_cases = 5,fault = 11&12&13&14&17&18&19&9,
FAIL;47:edges = 78,fail_cases = 6,fault = 18&19&20,
SUCCESS;48:edges = 80,fail_cases = 6,fault = 21,
SUCCESS;49:edges = 81,fail_cases = 6,fault = 18&21,
SUCCESS;50:edges = 82,fail_cases = 6,fault = 18&19&21,
SUCCESS;51:edges = 84,fail_cases = 6,fault = 22&21,
SUCCESS;52:edges = 85,fail_cases = 6,fault = 22&18&21,
SUCCESS;53:edges = 86,fail_cases = 6,fault = 22&18&19&21,
SUCCESS;54:edges = 88,fail_cases = 6,fault = 22&23&21,
SUCCESS;55:edges = 89,fail_cases = 6,fault = 22&23&18&21,
SUCCESS;56:edges = 90,fail_cases = 6,fault = 22&23&18&19&21,
FAIL;57:edges = 90,fail_cases = 7,fault = 22&23&24&21,
SUCCESS;58:edges = 92,fail_cases = 7,fault = 32,
SUCCESS;59:edges = 93,fail_cases = 7,fault = 32&21,
SUCCESS;60:edges = 94,fail_cases = 7,fault = 22&32&21,
SUCCESS;61:edges = 95,fail_cases = 7,fault = 22&23&32&21,
SUCCESS;62:edges = 97,fail_cases = 7,fault = 25&32,
SUCCESS;63:edges = 98,fail_cases = 7,fault = 25&32&21,
SUCCESS;64:edges = 99,fail_cases = 7,fault = 22&25&32&21,
SUCCESS;65:edges = 100,fail_cases = 7,fault = 22&23&25&32&21,
SUCCESS;66:edges = 102,fail_cases = 7,fault = 25&26&32,
SUCCESS;67:edges = 103,fail_cases = 7,fault = 25&26&32&21,
SUCCESS;68:edges = 104,fail_cases = 7,fault = 22&25&26&32&21,
SUCCESS;69:edges = 105,fail_cases = 7,fault = 22&23&25&26&32&21,
SUCCESS;70:edges = 107,fail_cases = 7,fault = 25&26&27&32,
SUCCESS;71:edges = 108,fail_cases = 7,fault = 25&26&27&32&21,
SUCCESS;72:edges = 109,fail_cases = 7,fault = 22&25&26&27&32&21,
SUCCESS;73:edges = 111,fail_cases = 7,fault = 22&24&25&26&27&32&21,
SUCCESS;74:edges = 113,fail_cases = 7,fault = 22&24&25&26&27&29&32&21,
SUCCESS;75:edges = 114,fail_cases = 7,fault = 23&25&26&27&28&32,
SUCCESS;76:edges = 115,fail_cases = 7,fault = 23&25&26&27&28&32&21,
SUCCESS;77:edges = 116,fail_cases = 7,fault = 22&23&25&26&27&28&32&21,
SUCCESS;78:edges = 118,fail_cases = 7,fault = 22&24&25&26&27&29&30&32&21,
FAIL;79:edges = 118,fail_cases = 8,fault = 22&24&25&26&27&29&30&31&32&21,
SUCCESS;80:edges = 119,fail_cases = 8,fault = 23&25&26&27&28&29&32,
SUCCESS;81:edges = 120,fail_cases = 8,fault = 23&25&26&27&28&29&30&32,
SUCCESS;82:edges = 121,fail_cases = 8,fault = 23&25&26&27&28&29&32&21,
SUCCESS;83:edges = 122,fail_cases = 8,fault = 22&23&25&26&27&28&29&32&21,
SUCCESS;84:edges = 123,fail_cases = 8,fault = 23&25&26&27&28&29&30&32&21,
SUCCESS;85:edges = 124,fail_cases = 8,fault = 22&23&25&26&27&28&29&30&32&21,
FAIL;86:edges = 124,fail_cases = 9,fault = 25&26&27&28&29&30&31&32,
SUCCESS;87:edges = 126,fail_cases = 9,fault = 33,
SUCCESS;88:edges = 127,fail_cases = 9,fault = 33&32,
SUCCESS;89:edges = 128,fail_cases = 9,fault = 33&25&32,
SUCCESS;90:edges = 129,fail_cases = 9,fault = 33&25&26&32,
SUCCESS;91:edges = 130,fail_cases = 9,fault = 33&25&26&27&32,
SUCCESS;92:edges = 131,fail_cases = 9,fault = 33&22&24&25&26&27&32&21,
SUCCESS;93:edges = 132,fail_cases = 9,fault = 33&22&24&25&26&27&29&32&21,
SUCCESS;94:edges = 133,fail_cases = 9,fault = 33&22&24&25&26&27&29&30&32&21,
SUCCESS;95:edges = 135,fail_cases = 9,fault = 33&34,
SUCCESS;96:edges = 136,fail_cases = 9,fault = 33&34&32,
SUCCESS;97:edges = 137,fail_cases = 9,fault = 33&34&25&32,
SUCCESS;98:edges = 138,fail_cases = 9,fault = 33&34&25&26&32,
SUCCESS;99:edges = 139,fail_cases = 9,fault = 33&34&25&26&27&32,
SUCCESS;100:edges = 140,fail_cases = 9,fault = 33&22&34&24&25&26&27&32&21,
SUCCESS;101:edges = 141,fail_cases = 9,fault = 33&22&34&24&25&26&27&29&32&21,
SUCCESS;102:edges = 142,fail_cases = 9,fault = 33&22&34&24&25&26&27&29&30&32&21,
SUCCESS;103:edges = 144,fail_cases = 9,fault = 33&34&35,
SUCCESS;104:edges = 145,fail_cases = 9,fault = 33&34&35&32,
SUCCESS;105:edges = 146,fail_cases = 9,fault = 33&34&35&25&32,
SUCCESS;106:edges = 147,fail_cases = 9,fault = 33&34&35&25&26&32,
SUCCESS;107:edges = 148,fail_cases = 9,fault = 33&34&35&25&26&27&32,
SUCCESS;108:edges = 149,fail_cases = 9,fault = 33&22&34&35&24&25&26&27&32&21,
SUCCESS;109:edges = 150,fail_cases = 9,fault = 33&22&34&35&24&25&26&27&29&32&21,
SUCCESS;110:edges = 151,fail_cases = 9,fault = 33&22&34&35&24&25&26&27&29&30&32&21,
SUCCESS;111:edges = 153,fail_cases = 9,fault = 33&34&35&36,
SUCCESS;112:edges = 154,fail_cases = 9,fault = 33&34&35&36&32,
SUCCESS;113:edges = 155,fail_cases = 9,fault = 33&34&35&36&25&32,
SUCCESS;114:edges = 156,fail_cases = 9,fault = 33&34&35&36&25&26&32,
SUCCESS;115:edges = 157,fail_cases = 9,fault = 33&34&35&36&25&26&27&32,
SUCCESS;116:edges = 158,fail_cases = 9,fault = 33&22&34&35&24&36&25&26&27&32&21,
SUCCESS;117:edges = 159,fail_cases = 9,fault = 33&22&34&35&24&36&25&26&27&29&32&21,
SUCCESS;118:edges = 160,fail_cases = 9,fault = 33&22&34&35&24&36&25&26&27&29&30&32&21,
SUCCESS;119:edges = 162,fail_cases = 9,fault = 33&34&35&36&37,
SUCCESS;120:edges = 163,fail_cases = 9,fault = 33&34&35&36&37&32,
SUCCESS;121:edges = 164,fail_cases = 9,fault = 33&34&35&36&25&37&32,
SUCCESS;122:edges = 165,fail_cases = 9,fault = 33&34&35&36&25&37&26&32,
SUCCESS;123:edges = 166,fail_cases = 9,fault = 33&34&35&36&25&37&26&27&32,
SUCCESS;124:edges = 167,fail_cases = 9,fault = 33&22&34&35&24&36&25&37&26&27&32&21,
SUCCESS;125:edges = 168,fail_cases = 9,fault = 33&22&34&35&24&36&25&37&26&27&29&32&21,
SUCCESS;126:edges = 169,fail_cases = 9,fault = 33&22&34&35&24&36&25&37&26&27&29&30&32&21,
FAIL;127:edges = 169,fail_cases = 10,fault = 33&34&35&36&37&38,
SUCCESS;128:edges = 171,fail_cases = 10,fault = 39,
SUCCESS;129:edges = 172,fail_cases = 10,fault = 33&39,
SUCCESS;130:edges = 173,fail_cases = 10,fault = 33&34&39,
SUCCESS;131:edges = 174,fail_cases = 10,fault = 33&34&35&39,
SUCCESS;132:edges = 175,fail_cases = 10,fault = 33&34&35&36&39,
SUCCESS;133:edges = 176,fail_cases = 10,fault = 33&34&35&36&37&39,
SUCCESS;134:edges = 178,fail_cases = 10,fault = 39&40,
SUCCESS;135:edges = 179,fail_cases = 10,fault = 33&39&40,
SUCCESS;136:edges = 180,fail_cases = 10,fault = 33&34&39&40,
SUCCESS;137:edges = 181,fail_cases = 10,fault = 33&34&35&39&40,
SUCCESS;138:edges = 182,fail_cases = 10,fault = 33&34&35&36&39&40,
SUCCESS;139:edges = 183,fail_cases = 10,fault = 33&34&35&36&37&39&40,
SUCCESS;140:edges = 185,fail_cases = 10,fault = 39&40&41,
SUCCESS;141:edges = 186,fail_cases = 10,fault = 33&39&40&41,
SUCCESS;142:edges = 187,fail_cases = 10,fault = 33&34&39&40&41,
SUCCESS;143:edges = 188,fail_cases = 10,fault = 33&34&35&39&40&41,
SUCCESS;144:edges = 189,fail_cases = 10,fault = 33&34&35&36&39&40&41,
SUCCESS;145:edges = 190,fail_cases = 10,fault = 33&34&35&36&37&39&40&41,
SUCCESS;146:edges = 192,fail_cases = 10,fault = 39&40&41&42,
SUCCESS;147:edges = 193,fail_cases = 10,fault = 33&39&40&41&42,
SUCCESS;148:edges = 194,fail_cases = 10,fault = 33&34&39&40&41&42,
SUCCESS;149:edges = 195,fail_cases = 10,fault = 33&34&35&39&40&41&42,
SUCCESS;150:edges = 196,fail_cases = 10,fault = 33&34&35&36&39&40&41&42,
SUCCESS;151:edges = 197,fail_cases = 10,fault = 33&34&35&36&37&39&40&41&42,
SUCCESS;152:edges = 199,fail_cases = 10,fault = 39&40&41&42&43,
SUCCESS;153:edges = 200,fail_cases = 10,fault = 33&39&40&41&42&43,
SUCCESS;154:edges = 201,fail_cases = 10,fault = 33&34&39&40&41&42&43,
SUCCESS;155:edges = 202,fail_cases = 10,fault = 33&34&35&39&40&41&42&43,
SUCCESS;156:edges = 203,fail_cases = 10,fault = 33&34&35&36&39&40&41&42&43,
SUCCESS;157:edges = 204,fail_cases = 10,fault = 33&34&35&36&37&39&40&41&42&43,
FAIL;158:edges = 204,fail_cases = 11,fault = 44&39&40&41&42&43,
SUCCESS;159:edges = 206,fail_cases = 11,fault = 48,
SUCCESS;160:edges = 207,fail_cases = 11,fault = 48&39,
SUCCESS;161:edges = 208,fail_cases = 11,fault = 48&39&40,
SUCCESS;162:edges = 209,fail_cases = 11,fault = 48&39&40&41,
SUCCESS;163:edges = 210,fail_cases = 11,fault = 48&39&40&41&42,
SUCCESS;164:edges = 211,fail_cases = 11,fault = 48&39&40&41&42&43,
SUCCESS;165:edges = 213,fail_cases = 11,fault = 48&49,
SUCCESS;166:edges = 214,fail_cases = 11,fault = 48&49&39,
SUCCESS;167:edges = 215,fail_cases = 11,fault = 48&49&39&40,
SUCCESS;168:edges = 216,fail_cases = 11,fault = 48&49&39&40&41,
SUCCESS;169:edges = 217,fail_cases = 11,fault = 48&49&39&40&41&42,
SUCCESS;170:edges = 218,fail_cases = 11,fault = 48&49&39&40&41&42&43,
SUCCESS;171:edges = 220,fail_cases = 11,fault = 48&49&50,
SUCCESS;172:edges = 221,fail_cases = 11,fault = 48&49&39&50,
SUCCESS;173:edges = 222,fail_cases = 11,fault = 48&49&39&50&40,
SUCCESS;174:edges = 223,fail_cases = 11,fault = 48&49&39&50&40&41,
SUCCESS;175:edges = 224,fail_cases = 11,fault = 48&49&39&50&40&41&42,
SUCCESS;176:edges = 225,fail_cases = 11,fault = 48&49&39&50&40&41&42&43,
SUCCESS;177:edges = 227,fail_cases = 11,fault = 48&49&50&51,
SUCCESS;178:edges = 228,fail_cases = 11,fault = 48&49&39&50&51,
SUCCESS;179:edges = 229,fail_cases = 11,fault = 48&49&39&50&51&40,
SUCCESS;180:edges = 230,fail_cases = 11,fault = 48&49&39&50&51&40&41,
SUCCESS;181:edges = 231,fail_cases = 11,fault = 48&49&39&50&51&40&41&42,
SUCCESS;182:edges = 232,fail_cases = 11,fault = 48&49&39&50&51&40&41&42&43,
SUCCESS;183:edges = 234,fail_cases = 11,fault = 45&48&49&50&51,
SUCCESS;184:edges = 235,fail_cases = 11,fault = 45&48&49&39&50&51,
SUCCESS;185:edges = 236,fail_cases = 11,fault = 45&48&49&39&50&51&40,
SUCCESS;186:edges = 237,fail_cases = 11,fault = 45&48&49&39&50&51&40&41,
SUCCESS;187:edges = 238,fail_cases = 11,fault = 45&48&49&39&50&51&40&41&42,
SUCCESS;188:edges = 239,fail_cases = 11,fault = 45&48&49&39&50&51&40&41&42&43,
SUCCESS;189:edges = 241,fail_cases = 11,fault = 45&46&48&49&50&51,
SUCCESS;190:edges = 242,fail_cases = 11,fault = 45&46&48&49&50&51&40,
SUCCESS;191:edges = 243,fail_cases = 11,fault = 45&46&48&49&50&51&40&41,
SUCCESS;192:edges = 244,fail_cases = 11,fault = 45&46&48&49&50&51&40&41&42,
SUCCESS;193:edges = 245,fail_cases = 11,fault = 45&46&48&49&50&51&40&41&42&43,
FAIL;194:edges = 245,fail_cases = 12,fault = 44&45&46&48&49&50&51&40&41&42&43,
FAIL;195:edges = 245,fail_cases = 13,fault = 45&46&47&48&49&50&51,
SUCCESS;196:edges = 247,fail_cases = 13,fault = 52,
SUCCESS;197:edges = 248,fail_cases = 13,fault = 48&52,
SUCCESS;198:edges = 249,fail_cases = 13,fault = 48&49&52,
SUCCESS;199:edges = 250,fail_cases = 13,fault = 48&49&50&52,
SUCCESS;200:edges = 251,fail_cases = 13,fault = 48&49&50&51&52,
SUCCESS;201:edges = 252,fail_cases = 13,fault = 45&48&49&50&51&52,
SUCCESS;202:edges = 253,fail_cases = 13,fault = 45&46&48&49&50&51&52,
SUCCESS;203:edges = 255,fail_cases = 13,fault = 52&53,
SUCCESS;204:edges = 256,fail_cases = 13,fault = 48&52&53,
SUCCESS;205:edges = 257,fail_cases = 13,fault = 48&49&52&53,
SUCCESS;206:edges = 258,fail_cases = 13,fault = 48&49&50&52&53,
SUCCESS;207:edges = 259,fail_cases = 13,fault = 48&49&50&51&52&53,
SUCCESS;208:edges = 260,fail_cases = 13,fault = 45&48&49&50&51&52&53,
SUCCESS;209:edges = 261,fail_cases = 13,fault = 45&46&48&49&50&51&52&53,
SUCCESS;210:edges = 263,fail_cases = 13,fault = 52&53&54,
SUCCESS;211:edges = 264,fail_cases = 13,fault = 48&52&53&54,
SUCCESS;212:edges = 265,fail_cases = 13,fault = 48&49&52&53&54,
SUCCESS;213:edges = 266,fail_cases = 13,fault = 48&49&50&52&53&54,
SUCCESS;214:edges = 267,fail_cases = 13,fault = 48&49&50&51&52&53&54,
SUCCESS;215:edges = 268,fail_cases = 13,fault = 45&48&49&50&51&52&53&54,
SUCCESS;216:edges = 269,fail_cases = 13,fault = 45&46&48&49&50&51&52&53&54,
FAIL;217:edges = 269,fail_cases = 14,fault = 55&52&53&54,
SUCCESS;218:edges = 271,fail_cases = 14,fault = 56,
SUCCESS;219:edges = 272,fail_cases = 14,fault = 56&52,
SUCCESS;220:edges = 273,fail_cases = 14,fault = 56&52&53,
SUCCESS;221:edges = 274,fail_cases = 14,fault = 56&52&53&54,
SUCCESS;222:edges = 276,fail_cases = 14,fault = 56&57,
SUCCESS;223:edges = 277,fail_cases = 14,fault = 56&57&52,
SUCCESS;224:edges = 278,fail_cases = 14,fault = 56&57&52&53,
SUCCESS;225:edges = 279,fail_cases = 14,fault = 56&57&52&53&54,
FAIL;226:edges = 279,fail_cases = 15,fault = 56&57&58,
SUCCESS;227:edges = 281,fail_cases = 15,fault = 64,
SUCCESS;228:edges = 282,fail_cases = 15,fault = 56&64,
SUCCESS;229:edges = 283,fail_cases = 15,fault = 56&57&64,
SUCCESS;230:edges = 285,fail_cases = 15,fault = 64&65,
SUCCESS;231:edges = 286,fail_cases = 15,fault = 56&64&65,
SUCCESS;232:edges = 287,fail_cases = 15,fault = 56&57&64&65,
SUCCESS;233:edges = 289,fail_cases = 15,fault = 59&64&65,
SUCCESS;234:edges = 290,fail_cases = 15,fault = 56&59&64&65,
SUCCESS;235:edges = 291,fail_cases = 15,fault = 56&57&59&64&65,
SUCCESS;236:edges = 293,fail_cases = 15,fault = 59&60&64&65,
SUCCESS;237:edges = 294,fail_cases = 15,fault = 57&59&60&64&65,
SUCCESS;238:edges = 296,fail_cases = 15,fault = 57&58&59&60&64&65,
SUCCESS;239:edges = 298,fail_cases = 15,fault = 56&59&60&61&64&65,
FAIL;240:edges = 298,fail_cases = 16,fault = 57&58&59&60&63&64&65,
SUCCESS;241:edges = 299,fail_cases = 16,fault = 56&57&59&60&61&64&65,
SUCCESS;242:edges = 300,fail_cases = 16,fault = 56&59&60&61&62&64&65,
SUCCESS;243:edges = 301,fail_cases = 16,fault = 56&57&59&60&61&62&64&65,
FAIL;244:edges = 301,fail_cases = 17,fault = 59&60&61&62&63&64&65,
SUCCESS;245:edges = 303,fail_cases = 17,fault = 66,
SUCCESS;246:edges = 304,fail_cases = 17,fault = 66&64,
SUCCESS;247:edges = 305,fail_cases = 17,fault = 66&64&65,
SUCCESS;248:edges = 306,fail_cases = 17,fault = 66&59&64&65,
SUCCESS;249:edges = 307,fail_cases = 17,fault = 66&59&60&64&65,
SUCCESS;250:edges = 308,fail_cases = 17,fault = 66&57&58&59&60&64&65,
SUCCESS;251:edges = 309,fail_cases = 17,fault = 66&59&60&61&63&64&65,
SUCCESS;252:edges = 311,fail_cases = 17,fault = 66&67,
SUCCESS;253:edges = 312,fail_cases = 17,fault = 66&67&64,
SUCCESS;254:edges = 313,fail_cases = 17,fault = 66&67&64&65,
SUCCESS;255:edges = 314,fail_cases = 17,fault = 66&67&59&64&65,
SUCCESS;256:edges = 315,fail_cases = 17,fault = 66&67&59&60&64&65,
SUCCESS;257:edges = 316,fail_cases = 17,fault = 66&67&57&58&59&60&64&65,
SUCCESS;258:edges = 318,fail_cases = 17,fault = 66&67&59&60&61&63&64&65,
SUCCESS;259:edges = 319,fail_cases = 17,fault = 66&67&68&57&58,
SUCCESS;260:edges = 320,fail_cases = 17,fault = 66&67&68&57&58&64,
SUCCESS;261:edges = 321,fail_cases = 17,fault = 66&67&68&57&58&64&65,
SUCCESS;262:edges = 322,fail_cases = 17,fault = 66&67&68&57&58&59&64&65,
SUCCESS;263:edges = 324,fail_cases = 17,fault = 66&67&68&57&58&59&60&64&65,
SUCCESS;264:edges = 326,fail_cases = 17,fault = 66&67&68&57&58&59&70&60&64&65,
FAIL;265:edges = 326,fail_cases = 18,fault = 66&67&68&57&58&59&70&60&71&64&65,
SUCCESS;266:edges = 327,fail_cases = 18,fault = 66&67&68&59&60&62&63&64&65,
SUCCESS;267:edges = 328,fail_cases = 18,fault = 66&67&68&69&63,
FAIL;268:edges = 328,fail_cases = 19,fault = 66&67&68&59&70&60&71&61&62&64&65,
SUCCESS;269:edges = 329,fail_cases = 19,fault = 66&67&68&69&63&64,
SUCCESS;270:edges = 330,fail_cases = 19,fault = 66&67&68&69&70&63,
SUCCESS;271:edges = 331,fail_cases = 19,fault = 66&67&68&69&63&64&65,
SUCCESS;272:edges = 332,fail_cases = 19,fault = 66&67&68&69&70&63&64,
SUCCESS;273:edges = 333,fail_cases = 19,fault = 66&67&69&59&60&61&63&64&65,
SUCCESS;274:edges = 334,fail_cases = 19,fault = 66&67&68&57&69&58&59&63&64&65,
SUCCESS;275:edges = 335,fail_cases = 19,fault = 66&67&68&69&59&60&62&63&64&65,
SUCCESS;276:edges = 336,fail_cases = 19,fault = 66&67&69&59&70&60&61&63&64&65,
SUCCESS;277:edges = 337,fail_cases = 19,fault = 66&67&68&57&69&58&70&63&64&65,
SUCCESS;278:edges = 338,fail_cases = 19,fault = 66&67&68&57&69&58&59&70&63&64&65,
SUCCESS;279:edges = 339,fail_cases = 19,fault = 66&67&68&69&59&70&60&62&63&64&65,
FAIL;280:edges = 339,fail_cases = 20,fault = 66&67&69&59&70&60&71&61&63&64&65,
FAIL;281:edges = 339,fail_cases = 21,fault = 66&67&68&69&70&71,
SUCCESS;282:edges = 341,fail_cases = 21,fault = 72,
SUCCESS;283:edges = 342,fail_cases = 21,fault = 66&72,
SUCCESS;284:edges = 343,fail_cases = 21,fault = 66&67&72,
SUCCESS;285:edges = 344,fail_cases = 21,fault = 66&67&59&60&72&61&63&64&65,
SUCCESS;286:edges = 345,fail_cases = 21,fault = 66&67&68&57&58&59&60&72&64&65,
SUCCESS;287:edges = 346,fail_cases = 21,fault = 66&67&68&57&58&59&70&60&72&64&65,
SUCCESS;288:edges = 348,fail_cases = 21,fault = 72&73,
SUCCESS;289:edges = 349,fail_cases = 21,fault = 66&72&73,
SUCCESS;290:edges = 350,fail_cases = 21,fault = 66&67&72&73,
SUCCESS;291:edges = 351,fail_cases = 21,fault = 66&67&59&60&72&61&73&63&64&65,
SUCCESS;292:edges = 352,fail_cases = 21,fault = 66&67&68&57&58&59&60&72&73&64&65,
SUCCESS;293:edges = 353,fail_cases = 21,fault = 66&67&68&57&58&59&70&60&72&73&64&65,
SUCCESS;294:edges = 355,fail_cases = 21,fault = 72&73&74,
SUCCESS;295:edges = 356,fail_cases = 21,fault = 66&72&73&74,
SUCCESS;296:edges = 357,fail_cases = 21,fault = 66&67&72&73&74,
SUCCESS;297:edges = 358,fail_cases = 21,fault = 66&67&59&60&72&61&73&74&63&64&65,
SUCCESS;298:edges = 359,fail_cases = 21,fault = 66&67&68&57&58&59&60&72&73&74&64&65,
SUCCESS;299:edges = 360,fail_cases = 21,fault = 66&67&68&57&58&59&70&60&72&73&74&64&65,
SUCCESS;300:edges = 362,fail_cases = 21,fault = 72&73&74&75,
SUCCESS;301:edges = 363,fail_cases = 21,fault = 66&72&73&74&75,
SUCCESS;302:edges = 364,fail_cases = 21,fault = 66&67&72&73&74&75,
SUCCESS;303:edges = 365,fail_cases = 21,fault = 66&67&59&60&72&61&73&74&63&75&64&65,
SUCCESS;304:edges = 366,fail_cases = 21,fault = 66&67&68&57&58&59&60&72&73&74&75&64&65,
SUCCESS;305:edges = 367,fail_cases = 21,fault = 66&67&68&57&58&59&70&60&72&73&74&75&64&65,
SUCCESS;306:edges = 369,fail_cases = 21,fault = 72&73&74&75&76,
SUCCESS;307:edges = 370,fail_cases = 21,fault = 66&72&73&74&75&76,
SUCCESS;308:edges = 371,fail_cases = 21,fault = 66&67&72&73&74&75&76,
SUCCESS;309:edges = 372,fail_cases = 21,fault = 66&67&59&60&72&61&73&74&63&75&64&76&65,
SUCCESS;310:edges = 373,fail_cases = 21,fault = 66&67&68&57&58&59&60&72&73&74&75&64&76&65,
SUCCESS;311:edges = 374,fail_cases = 21,fault = 66&67&68&57&58&59&70&60&72&73&74&75&64&76&65,
SUCCESS;312:edges = 376,fail_cases = 21,fault = 77&72&73&74&75&76,
SUCCESS;313:edges = 377,fail_cases = 21,fault = 77&66&72&73&74&75&76,
SUCCESS;314:edges = 378,fail_cases = 21,fault = 77&66&67&72&73&74&75&76,
SUCCESS;315:edges = 379,fail_cases = 21,fault = 77&66&67&59&60&72&61&73&74&63&75&64&76&65,
SUCCESS;316:edges = 380,fail_cases = 21,fault = 77&66&67&68&57&58&59&60&72&73&74&75&64&76&65,
SUCCESS;317:edges = 381,fail_cases = 21,fault = 77&66&67&68&57&58&59&70&60&72&73&74&75&64&76&65,
SUCCESS;318:edges = 383,fail_cases = 21,fault = 77&78&72&73&74&75&76,
SUCCESS;319:edges = 384,fail_cases = 21,fault = 77&66&78&72&73&74&75&76,
SUCCESS;320:edges = 385,fail_cases = 21,fault = 77&66&78&67&72&73&74&75&76,
SUCCESS;321:edges = 386,fail_cases = 21,fault = 77&66&78&67&59&60&72&61&73&74&63&75&64&76&65,
SUCCESS;322:edges = 387,fail_cases = 21,fault = 77&66&78&67&68&57&58&59&60&72&73&74&75&64&76&65,
SUCCESS;323:edges = 388,fail_cases = 21,fault = 77&66&78&67&68&57&58&59&70&60&72&73&74&75&64&76&65,
FAIL;324:edges = 388,fail_cases = 22,fault = 77&78&79&72&73&74&75&76,
SUCCESS;325:edges = 390,fail_cases = 22,fault = 80,
SUCCESS;326:edges = 391,fail_cases = 22,fault = 80&72,
SUCCESS;327:edges = 392,fail_cases = 22,fault = 80&72&73,
SUCCESS;328:edges = 393,fail_cases = 22,fault = 80&72&73&74,
SUCCESS;329:edges = 394,fail_cases = 22,fault = 80&72&73&74&75,
SUCCESS;330:edges = 395,fail_cases = 22,fault = 80&72&73&74&75&76,
SUCCESS;331:edges = 396,fail_cases = 22,fault = 77&80&72&73&74&75&76,
SUCCESS;332:edges = 397,fail_cases = 22,fault = 77&78&80&72&73&74&75&76,
SUCCESS;333:edges = 399,fail_cases = 22,fault = 80&81,
SUCCESS;334:edges = 400,fail_cases = 22,fault = 80&81&72,
SUCCESS;335:edges = 401,fail_cases = 22,fault = 80&81&72&73,
SUCCESS;336:edges = 402,fail_cases = 22,fault = 80&81&72&73&74,
SUCCESS;337:edges = 403,fail_cases = 22,fault = 80&81&72&73&74&75,
SUCCESS;338:edges = 404,fail_cases = 22,fault = 80&81&72&73&74&75&76,
SUCCESS;339:edges = 405,fail_cases = 22,fault = 77&80&81&72&73&74&75&76,
SUCCESS;340:edges = 406,fail_cases = 22,fault = 77&78&80&81&72&73&74&75&76,
SUCCESS;341:edges = 408,fail_cases = 22,fault = 80&81&82,
SUCCESS;342:edges = 409,fail_cases = 22,fault = 80&81&82&72,
SUCCESS;343:edges = 410,fail_cases = 22,fault = 80&81&82&72&73,
SUCCESS;344:edges = 411,fail_cases = 22,fault = 80&81&82&72&73&74,
SUCCESS;345:edges = 412,fail_cases = 22,fault = 80&81&82&72&73&74&76,
SUCCESS;346:edges = 413,fail_cases = 22,fault = 77&80&81&82&72&73&74&76,
SUCCESS;347:edges = 414,fail_cases = 22,fault = 77&78&80&81&82&72&73&74&76,
SUCCESS;348:edges = 416,fail_cases = 22,fault = 77&78&79&80&81&82&72&73&74&76,
FAIL;349:edges = 416,fail_cases = 23,fault = 77&78&79&80&81&82&72&73&84&74&76,
SUCCESS;350:edges = 417,fail_cases = 23,fault = 80&81&82&83&75,
SUCCESS;351:edges = 418,fail_cases = 23,fault = 80&81&82&83&72&75,
SUCCESS;352:edges = 419,fail_cases = 23,fault = 80&81&82&83&72&73&75,
SUCCESS;353:edges = 420,fail_cases = 23,fault = 80&81&82&83&72&73&74&75,
SUCCESS;354:edges = 421,fail_cases = 23,fault = 80&81&82&83&72&73&74&75&76,
SUCCESS;355:edges = 422,fail_cases = 23,fault = 77&80&81&82&83&72&73&74&75&76,
SUCCESS;356:edges = 423,fail_cases = 23,fault = 77&78&80&81&82&83&72&73&74&75&76,
FAIL;357:edges = 423,fail_cases = 24,fault = 80&81&82&83&84,
SUCCESS;358:edges = 425,fail_cases = 24,fault = 85,
SUCCESS;359:edges = 426,fail_cases = 24,fault = 80&85,
SUCCESS;360:edges = 427,fail_cases = 24,fault = 80&81&85,
SUCCESS;361:edges = 428,fail_cases = 24,fault = 80&81&82&85,
SUCCESS;362:edges = 429,fail_cases = 24,fault = 77&78&79&80&81&82&72&73&85&74&76,
SUCCESS;363:edges = 431,fail_cases = 24,fault = 85&86,
SUCCESS;364:edges = 432,fail_cases = 24,fault = 81&85&86,
SUCCESS;365:edges = 433,fail_cases = 24,fault = 81&82&85&86,
SUCCESS;366:edges = 435,fail_cases = 24,fault = 77&78&79&81&82&72&73&85&74&86&76,
SUCCESS;367:edges = 436,fail_cases = 24,fault = 77&78&79&80&81&82&72&73&85&74&86&76,
FAIL;368:edges = 436,fail_cases = 25,fault = 77&88&78&79&81&82&72&73&85&74&86&76,
FAIL;369:edges = 436,fail_cases = 26,fault = 88&81&82&83&85&86,
SUCCESS;370:edges = 437,fail_cases = 26,fault = 80&84&85&86&87,
SUCCESS;371:edges = 438,fail_cases = 26,fault = 80&81&84&85&86&87,
SUCCESS;372:edges = 439,fail_cases = 26,fault = 80&81&82&84&85&86&87,
FAIL;373:edges = 439,fail_cases = 27,fault = 88&85&86&87,
SUCCESS;374:edges = 441,fail_cases = 27,fault = 89,
SUCCESS;375:edges = 442,fail_cases = 27,fault = 89&85,
SUCCESS;376:edges = 443,fail_cases = 27,fault = 89&85&86,
SUCCESS;377:edges = 444,fail_cases = 27,fault = 77&89&78&79&81&82&72&73&85&74&86&76,
SUCCESS;378:edges = 446,fail_cases = 27,fault = 89&90,
SUCCESS;379:edges = 447,fail_cases = 27,fault = 89&90&85,
SUCCESS;380:edges = 448,fail_cases = 27,fault = 89&90&85&86,
SUCCESS;381:edges = 449,fail_cases = 27,fault = 77&89&78&79&90&81&82&72&73&85&74&86&76,
FAIL;382:edges = 449,fail_cases = 28,fault = 89&90&91,
SUCCESS;383:edges = 451,fail_cases = 28,fault = 92,
SUCCESS;384:edges = 452,fail_cases = 28,fault = 89&92,
SUCCESS;385:edges = 453,fail_cases = 28,fault = 89&90&92,
FAIL;386:edges = 453,fail_cases = 29,fault = 92&93,
SUCCESS;387:edges = 455,fail_cases = 29,fault = 96,
SUCCESS;388:edges = 456,fail_cases = 29,fault = 92&96,
SUCCESS;389:edges = 458,fail_cases = 29,fault = 96&97,
SUCCESS;390:edges = 459,fail_cases = 29,fault = 92&96&97,
SUCCESS;391:edges = 461,fail_cases = 29,fault = 96&97&98,
SUCCESS;392:edges = 462,fail_cases = 29,fault = 92&96&97&98,
SUCCESS;393:edges = 464,fail_cases = 29,fault = 94&96&97&98,
SUCCESS;394:edges = 465,fail_cases = 29,fault = 92&94&96&97&98,
FAIL;395:edges = 465,fail_cases = 30,fault = 94&95&96&97&98,
SUCCESS;396:edges = 467,fail_cases = 30,fault = 99,
SUCCESS;397:edges = 468,fail_cases = 30,fault = 99&96,
SUCCESS;398:edges = 469,fail_cases = 30,fault = 99&96&97,
SUCCESS;399:edges = 470,fail_cases = 30,fault = 99&94&96&97,
SUCCESS;400:edges = 472,fail_cases = 30,fault = 99&94&95&96&97,
SUCCESS;401:edges = 473,fail_cases = 30,fault = 99&100&98,
SUCCESS;402:edges = 474,fail_cases = 30,fault = 99&100&96&98,
SUCCESS;403:edges = 476,fail_cases = 30,fault = 99&101&94&95&96&97,
SUCCESS;404:edges = 477,fail_cases = 30,fault = 99&100&101&98,
SUCCESS;405:edges = 479,fail_cases = 30,fault = 99&101&102&94&95&96&97,
SUCCESS;406:edges = 480,fail_cases = 30,fault = 99&100&101&97&98,
SUCCESS;407:edges = 481,fail_cases = 30,fault = 99&100&94&96&97&98,
SUCCESS;408:edges = 482,fail_cases = 30,fault = 99&100&102&95&96&97&98,
SUCCESS;409:edges = 483,fail_cases = 30,fault = 99&100&101&94&97&98,
SUCCESS;410:edges = 484,fail_cases = 30,fault = 99&100&101&102&98,
SUCCESS;411:edges = 486,fail_cases = 30,fault = 99&101&102&103&94&95&96&97,
SUCCESS;412:edges = 487,fail_cases = 30,fault = 99&100&101&102&103&98,
SUCCESS;413:edges = 488,fail_cases = 30,fault = 99&100&101&102&96&98,
SUCCESS;414:edges = 489,fail_cases = 30,fault = 99&100&101&102&96&97&98,
SUCCESS;415:edges = 491,fail_cases = 30,fault = 99&100&101&103&104&94&95&97&98,
SUCCESS;416:edges = 492,fail_cases = 30,fault = 99&100&101&102&103&104&96,
SUCCESS;417:edges = 493,fail_cases = 30,fault = 99&101&102&103&104&94&95&96&97,
SUCCESS;418:edges = 494,fail_cases = 30,fault = 99&100&101&102&94&96&97&98,
SUCCESS;419:edges = 496,fail_cases = 30,fault = 99&101&102&103&104&105&94&95&96&97,
SUCCESS;420:edges = 497,fail_cases = 30,fault = 99&100&101&103&104&105&94&95&97&98,
FAIL;421:edges = 497,fail_cases = 31,fault = 99&100&101&103&104&105&106&94&95&97&98,
SUCCESS;422:edges = 498,fail_cases = 31,fault = 99&100&101&102&103&96&97&98,
SUCCESS;423:edges = 499,fail_cases = 31,fault = 99&100&101&102&103&104&96&97&98,
SUCCESS;424:edges = 500,fail_cases = 31,fault = 99&100&101&102&103&104&105&96&98,
SUCCESS;425:edges = 501,fail_cases = 31,fault = 99&100&101&102&103&104&105&96&97&98,
FAIL;426:edges = 501,fail_cases = 32,fault = 99&100&101&102&103&104&105&95&96&97&98,
FAIL;427:edges = 501,fail_cases = 33,fault = 99&101&102&103&104&105&106&94&95&96&97,
SUCCESS;428:edges = 502,fail_cases = 33,fault = 99&100&101&102&103&106&94&96&97&98,
SUCCESS;429:edges = 503,fail_cases = 33,fault = 99&100&101&102&103&104&106&94&96&97&98,
SUCCESS;430:edges = 504,fail_cases = 33,fault = 99&100&101&102&103&105&106&94&95&96&98,
FAIL;431:edges = 504,fail_cases = 34,fault = 99&100&101&102&103&104&105&106,
SUCCESS;432:edges = 506,fail_cases = 34,fault = 112,
SUCCESS;433:edges = 507,fail_cases = 34,fault = 99&112,
SUCCESS;434:edges = 508,fail_cases = 34,fault = 99&112&94&95&96&97,
SUCCESS;435:edges = 509,fail_cases = 34,fault = 99&112&101&94&95&96&97,
SUCCESS;436:edges = 510,fail_cases = 34,fault = 99&100&112&101&94&95&97&98,
SUCCESS;437:edges = 511,fail_cases = 34,fault = 99&112&101&102&103&94&95&96&97,
SUCCESS;438:edges = 512,fail_cases = 34,fault = 99&100&112&101&103&104&94&95&97&98,
SUCCESS;439:edges = 513,fail_cases = 34,fault = 99&112&101&102&103&104&105&94&95&96&97,
SUCCESS;440:edges = 515,fail_cases = 34,fault = 112&113,
SUCCESS;441:edges = 516,fail_cases = 34,fault = 99&112&113,
SUCCESS;442:edges = 517,fail_cases = 34,fault = 99&112&113&94&95&96&97,
SUCCESS;443:edges = 518,fail_cases = 34,fault = 99&112&101&113&94&95&96&97,
SUCCESS;444:edges = 519,fail_cases = 34,fault = 99&100&112&101&113&94&95&97&98,
SUCCESS;445:edges = 520,fail_cases = 34,fault = 99&112&101&113&102&103&94&95&96&97,
SUCCESS;446:edges = 521,fail_cases = 34,fault = 99&100&112&101&113&103&104&94&95&97&98,
SUCCESS;447:edges = 522,fail_cases = 34,fault = 99&112&101&113&102&103&104&105&94&95&96&97,
SUCCESS;448:edges = 524,fail_cases = 34,fault = 112&113&114,
SUCCESS;449:edges = 525,fail_cases = 34,fault = 99&112&113&114,
SUCCESS;450:edges = 526,fail_cases = 34,fault = 99&112&113&114&94&95&96&97,
SUCCESS;451:edges = 527,fail_cases = 34,fault = 99&112&101&113&114&94&95&96&97,
SUCCESS;452:edges = 528,fail_cases = 34,fault = 99&112&101&113&102&114&94&95&96&97,
SUCCESS;453:edges = 529,fail_cases = 34,fault = 99&100&112&101&113&114&103&94&95&97&98,
SUCCESS;454:edges = 530,fail_cases = 34,fault = 99&112&101&113&102&114&103&104&94&95&96&97,
SUCCESS;455:edges = 531,fail_cases = 34,fault = 99&112&101&113&102&114&103&104&105&94&95&96&97,
SUCCESS;456:edges = 533,fail_cases = 34,fault = 112&113&114&107,
SUCCESS;457:edges = 534,fail_cases = 34,fault = 99&112&113&114&107,
SUCCESS;458:edges = 535,fail_cases = 34,fault = 99&112&113&114&107&94&95&96&97,
SUCCESS;459:edges = 536,fail_cases = 34,fault = 99&112&101&113&114&107&94&95&96&97,
SUCCESS;460:edges = 537,fail_cases = 34,fault = 99&112&101&113&102&114&107&94&95&96&97,
SUCCESS;461:edges = 538,fail_cases = 34,fault = 99&112&101&113&102&114&103&107&94&95&96&97,
SUCCESS;462:edges = 539,fail_cases = 34,fault = 99&112&101&113&102&114&103&104&107&94&95&96&97,
SUCCESS;463:edges = 540,fail_cases = 34,fault = 99&100&112&101&113&114&103&104&105&107&94&95&97&98,
SUCCESS;464:edges = 542,fail_cases = 34,fault = 112&113&114&107&108,
SUCCESS;465:edges = 543,fail_cases = 34,fault = 99&112&113&114&107&108,
SUCCESS;466:edges = 544,fail_cases = 34,fault = 99&112&113&114&107&108&94&95&96&97,
SUCCESS;467:edges = 545,fail_cases = 34,fault = 99&112&101&113&114&107&108&94&95&96&97,
SUCCESS;468:edges = 546,fail_cases = 34,fault = 99&100&112&101&113&114&107&108&94&95&97&98,
SUCCESS;469:edges = 547,fail_cases = 34,fault = 99&100&112&101&113&114&103&107&108&94&95&97&98,
SUCCESS;470:edges = 548,fail_cases = 34,fault = 99&100&112&101&113&114&103&104&107&108&94&95&97&98,
SUCCESS;471:edges = 549,fail_cases = 34,fault = 99&100&112&101&113&114&103&104&105&107&108&94&95&97&98,
SUCCESS;472:edges = 551,fail_cases = 34,fault = 112&113&114&107&108&109,
SUCCESS;473:edges = 552,fail_cases = 34,fault = 99&112&113&114&107&108&109,
SUCCESS;474:edges = 553,fail_cases = 34,fault = 99&112&113&114&107&108&109&94&95&96&97,
SUCCESS;475:edges = 554,fail_cases = 34,fault = 99&112&101&113&114&107&108&109&94&95&96&97,
SUCCESS;476:edges = 555,fail_cases = 34,fault = 99&100&112&101&113&114&107&108&109&94&95&97&98,
SUCCESS;477:edges = 556,fail_cases = 34,fault = 99&112&101&113&102&114&103&107&108&109&94&95&96&97,
SUCCESS;478:edges = 557,fail_cases = 34,fault = 99&100&112&101&113&114&103&104&107&108&109&94&95&97&98,
SUCCESS;479:edges = 558,fail_cases = 34,fault = 99&100&112&101&113&114&103&104&105&107&108&109&94&95&97&98,
SUCCESS;480:edges = 560,fail_cases = 34,fault = 110&112&113&114&107&108&109,
SUCCESS;481:edges = 561,fail_cases = 34,fault = 110&99&112&113&114&107&108&109,
SUCCESS;482:edges = 562,fail_cases = 34,fault = 110&99&112&113&114&107&108&109&94&95&96&97,
SUCCESS;483:edges = 563,fail_cases = 34,fault = 99&110&112&101&113&114&107&108&109&94&95&96&97,
SUCCESS;484:edges = 564,fail_cases = 34,fault = 99&110&112&101&113&102&114&107&108&109&94&95&96&97,
SUCCESS;485:edges = 565,fail_cases = 34,fault = 99&110&112&101&113&102&114&103&107&108&109&94&95&96&97,
SUCCESS;486:edges = 566,fail_cases = 34,fault = 99&110&100&112&101&113&114&103&104&107&108&109&94&95&97&98,
SUCCESS;487:edges = 567,fail_cases = 34,fault = 99&110&112&101&113&102&114&103&104&105&107&108&109&94&95&96&97,
FAIL;488:edges = 567,fail_cases = 35,fault = 110&111&112&113&114&107&108&109,
SUCCESS;489:edges = 569,fail_cases = 35,fault = 115,
SUCCESS;490:edges = 570,fail_cases = 35,fault = 112&115,
SUCCESS;491:edges = 571,fail_cases = 35,fault = 112&113&115,
SUCCESS;492:edges = 572,fail_cases = 35,fault = 112&113&114&115,
SUCCESS;493:edges = 573,fail_cases = 35,fault = 112&113&114&115&107,
SUCCESS;494:edges = 574,fail_cases = 35,fault = 112&113&114&115&107&108,
SUCCESS;495:edges = 575,fail_cases = 35,fault = 110&112&113&114&115&107&108,
FAIL;496:edges = 575,fail_cases = 36,fault = 110&111&112&113&114&115&107&108,
FAIL;497:edges = 575,fail_cases = 37,fault = 115&116,
SUCCESS;498:edges = 577,fail_cases = 37,fault = 117,
SUCCESS;499:edges = 578,fail_cases = 37,fault = 115&117,
SUCCESS;500:edges = 580,fail_cases = 37,fault = 117&118,
SUCCESS;501:edges = 581,fail_cases = 37,fault = 115&117&118,
SUCCESS;502:edges = 583,fail_cases = 37,fault = 117&118&119,
SUCCESS;503:edges = 584,fail_cases = 37,fault = 115&117&118&119,
SUCCESS;504:edges = 586,fail_cases = 37,fault = 117&118&119&120,
SUCCESS;505:edges = 587,fail_cases = 37,fault = 115&117&118&119&120,
SUCCESS;506:edges = 589,fail_cases = 37,fault = 121&117&118&119&120,
SUCCESS;507:edges = 590,fail_cases = 37,fault = 121&115&117&118&119&120,
SUCCESS;508:edges = 593,fail_cases = 37,fault = 121&122&117&118&119&120,
SUCCESS;509:edges = 594,fail_cases = 37,fault = 124&115,
SUCCESS;510:edges = 595,fail_cases = 37,fault = 124&115&117,
SUCCESS;511:edges = 596,fail_cases = 37,fault = 124&115&117&118,
SUCCESS;512:edges = 597,fail_cases = 37,fault = 121&122&115&117&118&119&120,
SUCCESS;513:edges = 599,fail_cases = 37,fault = 121&122&125&117&118&119&120,
SUCCESS;514:edges = 600,fail_cases = 37,fault = 123&124&117&118&119,
SUCCESS;515:edges = 602,fail_cases = 37,fault = 121&122&125&126&117&118&119&120,
FAIL;516:edges = 602,fail_cases = 38,fault = 121&122&125&126&127&117&118&119&120,
SUCCESS;517:edges = 603,fail_cases = 38,fault = 123&124&117&118&119&120,
SUCCESS;518:edges = 604,fail_cases = 38,fault = 121&123&124&117&118&119&120,
FAIL;519:edges = 604,fail_cases = 39,fault = 121&122&123&117&118&119&120,
SUCCESS;520:edges = 605,fail_cases = 39,fault = 123&124&125,
SUCCESS;521:edges = 606,fail_cases = 39,fault = 123&124&125&126,
SUCCESS;522:edges = 607,fail_cases = 39,fault = 123&124&125&117,
SUCCESS;523:edges = 608,fail_cases = 39,fault = 123&124&125&117&118,
SUCCESS;524:edges = 609,fail_cases = 39,fault = 123&124&125&117&118&119,
SUCCESS;525:edges = 610,fail_cases = 39,fault = 123&124&125&117&118&119&120,
SUCCESS;526:edges = 611,fail_cases = 39,fault = 121&123&124&125&117&118&119&120,
SUCCESS;527:edges = 612,fail_cases = 39,fault = 123&124&125&126&117,
SUCCESS;528:edges = 613,fail_cases = 39,fault = 123&124&125&126&117&118,
SUCCESS;529:edges = 614,fail_cases = 39,fault = 123&124&125&126&117&118&119,
SUCCESS;530:edges = 615,fail_cases = 39,fault = 123&124&125&126&117&118&119&120,
SUCCESS;531:edges = 616,fail_cases = 39,fault = 121&123&124&125&126&117&118&119&120,
FAIL;532:edges = 616,fail_cases = 40,fault = 124&125&126&127,
SUCCESS;533:edges = 618,fail_cases = 40,fault = 128,
SUCCESS;534:edges = 619,fail_cases = 40,fault = 121&122&128&117&118&119&120,
SUCCESS;535:edges = 620,fail_cases = 40,fault = 121&122&125&128&117&118&119&120,
SUCCESS;536:edges = 621,fail_cases = 40,fault = 121&122&125&126&128&117&118&119&120,
SUCCESS;537:edges = 623,fail_cases = 40,fault = 128&129,
SUCCESS;538:edges = 624,fail_cases = 40,fault = 121&122&128&117&129&118&119&120,
SUCCESS;539:edges = 625,fail_cases = 40,fault = 121&122&125&128&117&129&118&119&120,
SUCCESS;540:edges = 626,fail_cases = 40,fault = 121&122&125&126&128&117&129&118&119&120,
SUCCESS;541:edges = 628,fail_cases = 40,fault = 128&129&130,
SUCCESS;542:edges = 629,fail_cases = 40,fault = 121&122&128&117&129&118&119&130&120,
SUCCESS;543:edges = 630,fail_cases = 40,fault = 121&122&125&128&117&129&118&119&130&120,
SUCCESS;544:edges = 631,fail_cases = 40,fault = 121&122&125&126&128&117&129&118&119&130&120,
SUCCESS;545:edges = 633,fail_cases = 40,fault = 128&129&130&131,
SUCCESS;546:edges = 634,fail_cases = 40,fault = 121&122&128&117&129&118&119&130&131&120,
SUCCESS;547:edges = 635,fail_cases = 40,fault = 121&122&125&128&117&129&118&119&130&131&120,
SUCCESS;548:edges = 636,fail_cases = 40,fault = 121&122&125&126&128&117&129&118&119&130&131&120,
SUCCESS;549:edges = 638,fail_cases = 40,fault = 132&128&129&130&131,
SUCCESS;550:edges = 639,fail_cases = 40,fault = 132&121&122&128&117&129&118&119&130&131&120,
SUCCESS;551:edges = 640,fail_cases = 40,fault = 132&121&122&125&128&117&129&118&119&130&131&120,
SUCCESS;552:edges = 641,fail_cases = 40,fault = 130&131&120&132&121&122&125&126&128&117&129&118&119,
SUCCESS;553:edges = 643,fail_cases = 40,fault = 132&133&128&129&130&131,
SUCCESS;554:edges = 644,fail_cases = 40,fault = 132&121&133&122&128&117&129&118&119&130&131&120,
SUCCESS;555:edges = 645,fail_cases = 40,fault = 130&131&120&132&121&133&122&125&128&117&129&118&119,
SUCCESS;556:edges = 646,fail_cases = 40,fault = 130&131&120&132&121&133&122&125&126&128&117&129&118&119,
SUCCESS;557:edges = 648,fail_cases = 40,fault = 132&133&134&128&129&130&131,
SUCCESS;558:edges = 649,fail_cases = 40,fault = 130&131&120&132&121&133&122&134&128&117&129&118&119,
SUCCESS;559:edges = 650,fail_cases = 40,fault = 130&131&120&132&121&133&122&134&125&128&117&129&118&119,
SUCCESS;560:edges = 651,fail_cases = 40,fault = 130&131&120&132&121&133&122&134&125&126&128&117&129&118&119,
FAIL;561:edges = 651,fail_cases = 41,fault = 132&133&134&135&128&129&130&131,
SUCCESS;562:edges = 653,fail_cases = 41,fault = 136,
SUCCESS;563:edges = 654,fail_cases = 41,fault = 136&128,
SUCCESS;564:edges = 655,fail_cases = 41,fault = 136&128&129,
SUCCESS;565:edges = 656,fail_cases = 41,fault = 136&128&129&130,
SUCCESS;566:edges = 657,fail_cases = 41,fault = 136&128&129&130&131,
SUCCESS;567:edges = 658,fail_cases = 41,fault = 132&136&128&129&130&131,
SUCCESS;568:edges = 659,fail_cases = 41,fault = 132&133&136&128&129&130&131,
SUCCESS;569:edges = 660,fail_cases = 41,fault = 132&133&134&136&128&129&130&131,
FAIL;570:edges = 660,fail_cases = 42,fault = 136&137,
SUCCESS;571:edges = 661,fail_cases = 42,fault = 138,
SUCCESS;572:edges = 662,fail_cases = 42,fault = 136&138,
FAIL;573:edges = 662,fail_cases = 43,fault = 138&139,