SUCCESS;0:edges = 29,fail_cases = 0,fault = ,
SUCCESS;1:edges = 30,fail_cases = 0,fault = 1,
SUCCESS;2:edges = 31,fail_cases = 0,fault = 1&2,
SUCCESS;3:edges = 32,fail_cases = 0,fault = 1&2&3,
FAIL;4:edges = 32,fail_cases = 1,fault = 1&2&3&4,
SUCCESS;5:edges = 34,fail_cases = 1,fault = 5,
SUCCESS;6:edges = 35,fail_cases = 1,fault = 2&5,
SUCCESS;7:edges = 36,fail_cases = 1,fault = 2&3&5,
SUCCESS;8:edges = 38,fail_cases = 1,fault = 2&3&4&5,
SUCCESS;9:edges = 40,fail_cases = 1,fault = 2&3&4&5&7,
SUCCESS;10:edges = 41,fail_cases = 1,fault = 1&5&6,
SUCCESS;11:edges = 43,fail_cases = 1,fault = 2&3&4&5&7&8,
FAIL;12:edges = 43,fail_cases = 2,fault = 2&3&4&5&7&8&9,
SUCCESS;13:edges = 44,fail_cases = 2,fault = 1&2&5&6,
SUCCESS;14:edges = 45,fail_cases = 2,fault = 1&2&3&5&6,
SUCCESS;15:edges = 46,fail_cases = 2,fault = 1&5&6&7,
SUCCESS;16:edges = 47,fail_cases = 2,fault = 1&2&5&6&7,
SUCCESS;17:edges = 48,fail_cases = 2,fault = 1&2&3&5&6&7,
SUCCESS;18:edges = 49,fail_cases = 2,fault = 1&5&6&7&8,
SUCCESS;19:edges = 50,fail_cases = 2,fault = 1&2&5&6&7&8,
SUCCESS;20:edges = 51,fail_cases = 2,fault = 1&2&3&5&6&7&8,
FAIL;21:edges = 51,fail_cases = 3,fault = 5&6&7&8&9,
SUCCESS;22:edges = 54,fail_cases = 3,fault = 10,
SUCCESS;23:edges = 55,fail_cases = 3,fault = 5&10,
SUCCESS;24:edges = 56,fail_cases = 3,fault = 2&3&4&16&5,
SUCCESS;25:edges = 57,fail_cases = 3,fault = 2&3&4&5&10,
SUCCESS;26:edges = 58,fail_cases = 3,fault = 2&3&4&5&7&10,
SUCCESS;27:edges = 59,fail_cases = 3,fault = 2&3&4&5&7&8&10,
FAIL;28:edges = 59,fail_cases = 4,fault = 11&10,
SUCCESS;29:edges = 61,fail_cases = 4,fault = 17&10,
SUCCESS;30:edges = 63,fail_cases = 4,fault = 12&17&10,
SUCCESS;31:edges = 64,fail_cases = 4,fault = 11&16&17,
SUCCESS;32:edges = 66,fail_cases = 4,fault = 12&14&17&10,
SUCCESS;33:edges = 69,fail_cases = 4,fault = 12&14&15&17&10,
SUCCESS;34:edges = 70,fail_cases = 4,fault = 11&12&16&17,
SUCCESS;35:edges = 71,fail_cases = 4,fault = 11&12&14&16&17,
FAIL;36:edges = 71,fail_cases = 5,fault = 12&13&14&15&17&10,
SUCCESS;37:edges = 72,fail_cases = 5,fault = 11&12&14&15&16&17,
SUCCESS;38:edges = 74,fail_cases = 5,fault = 12&14&15&17&19&10,
SUCCESS;39:edges = 76,fail_cases = 5,fault = 12&14&15&17&19&10&21,
FAIL;40:edges = 76,fail_cases = 6,fault = 22&12&14&15&17&19&10&21,
SUCCESS;41:edges = 77,fail_cases = 6,fault = 13&18,
SUCCESS;42:edges = 78,fail_cases = 6,fault = 13&18&10,
SUCCESS;43:edges = 79,fail_cases = 6,fault = 13&17&18&10,
SUCCESS;44:edges = 80,fail_cases = 6,fault = 12&13&17&18&10,
SUCCESS;45:edges = 81,fail_cases = 6,fault = 12&13&14&17&18&10,
SUCCESS;46:edges = 83,fail_cases = 6,fault = 13&18&19,
SUCCESS;47:edges = 84,fail_cases = 6,fault = 22&18&19&10&21,
SUCCESS;48:edges = 85,fail_cases = 6,fault = 22&17&18&19&10&21,
SUCCESS;49:edges = 86,fail_cases = 6,fault = 22&12&17&18&19&10&21,
SUCCESS;50:edges = 87,fail_cases = 6,fault = 12&13&14&17&18&19&10,
FAIL;51:edges = 87,fail_cases = 7,fault = 12&13&14&15&16&17,
SUCCESS;52:edges = 88,fail_cases = 7,fault = 13&18&19&20,
SUCCESS;53:edges = 89,fail_cases = 7,fault = 13&18&19&20&10,
SUCCESS;54:edges = 90,fail_cases = 7,fault = 13&17&18&19&20&10,
SUCCESS;55:edges = 91,fail_cases = 7,fault = 12&13&17&18&19&20&10,
SUCCESS;56:edges = 92,fail_cases = 7,fault = 12&13&14&17&18&19&20&10,
SUCCESS;57:edges = 93,fail_cases = 7,fault = 13&18&19&20&21,
SUCCESS;58:edges = 94,fail_cases = 7,fault = 13&18&19&20&21&10,
SUCCESS;59:edges = 95,fail_cases = 7,fault = 13&17&18&19&20&21&10,
SUCCESS;60:edges = 96,fail_cases = 7,fault = 12&13&17&18&19&20&21&10,
SUCCESS;61:edges = 97,fail_cases = 7,fault = 12&13&14&17&18&19&20&21&10,
FAIL;62:edges = 97,fail_cases = 8,fault = 22&12&14&15&16&17&19&21,
SUCCESS;63:edges = 99,fail_cases = 8,fault = 22&18&19&20&21,
SUCCESS;64:edges = 100,fail_cases = 8,fault = 22&18&19&20&21&10,
SUCCESS;65:edges = 101,fail_cases = 8,fault = 22&17&18&19&20&21&10,
SUCCESS;66:edges = 102,fail_cases = 8,fault = 22&12&17&18&19&20&21&10,
SUCCESS;67:edges = 103,fail_cases = 8,fault = 22&12&14&17&18&19&20&21&10,
FAIL;68:edges = 103,fail_cases = 9,fault = 22&23&18&19&20&21,
SUCCESS;69:edges = 105,fail_cases = 9,fault = 24,
SUCCESS;70:edges = 106,fail_cases = 9,fault = 12&24&14&15&17&10,
SUCCESS;71:edges = 107,fail_cases = 9,fault = 12&24&14&15&17&19&10,
SUCCESS;72:edges = 108,fail_cases = 9,fault = 12&24&14&15&17&19&10&21,
SUCCESS;73:edges = 109,fail_cases = 9,fault = 22&24&18&19&21,
SUCCESS;74:edges = 110,fail_cases = 9,fault = 22&24&18&19&20&21,
SUCCESS;75:edges = 112,fail_cases = 9,fault = 24&25,
SUCCESS;76:edges = 113,fail_cases = 9,fault = 12&24&25&14&15&17&10,
SUCCESS;77:edges = 114,fail_cases = 9,fault = 12&24&25&14&15&17&19&10,
SUCCESS;78:edges = 115,fail_cases = 9,fault = 12&24&25&14&15&17&19&10&21,
SUCCESS;79:edges = 116,fail_cases = 9,fault = 22&24&25&18&19&21,
SUCCESS;80:edges = 117,fail_cases = 9,fault = 22&24&25&18&19&20&21,
SUCCESS;81:edges = 119,fail_cases = 9,fault = 24&25&27,
SUCCESS;82:edges = 120,fail_cases = 9,fault = 12&24&25&14&15&27&17&10,
SUCCESS;83:edges = 121,fail_cases = 9,fault = 12&24&25&14&15&27&17&19&10,
SUCCESS;84:edges = 122,fail_cases = 9,fault = 12&24&25&14&15&27&17&19&10&21,
SUCCESS;85:edges = 123,fail_cases = 9,fault = 22&24&25&27&18&19&21,
SUCCESS;86:edges = 124,fail_cases = 9,fault = 22&24&25&27&18&19&20&21,
SUCCESS;87:edges = 126,fail_cases = 9,fault = 24&25&27&28,
SUCCESS;88:edges = 127,fail_cases = 9,fault = 12&24&25&14&15&27&28&17&10,
SUCCESS;89:edges = 128,fail_cases = 9,fault = 12&24&25&14&15&27&28&17&19&10,
SUCCESS;90:edges = 129,fail_cases = 9,fault = 12&24&25&14&15&27&28&17&19&10&21,
SUCCESS;91:edges = 130,fail_cases = 9,fault = 22&24&25&27&28&18&19&21,
SUCCESS;92:edges = 133,fail_cases = 9,fault = 22&23&24&25&27&28&18&19&21,
SUCCESS;93:edges = 134,fail_cases = 9,fault = 12&24&25&14&15&27&28&17&29&10,
SUCCESS;94:edges = 135,fail_cases = 9,fault = 12&14&15&17&19&32&10,
SUCCESS;95:edges = 136,fail_cases = 9,fault = 12&24&14&15&17&19&32&10,
SUCCESS;96:edges = 137,fail_cases = 9,fault = 12&24&25&14&15&27&28&17&29&19&10,
SUCCESS;97:edges = 138,fail_cases = 9,fault = 12&24&25&14&15&27&28&17&29&19&10&21,
FAIL;98:edges = 138,fail_cases = 10,fault = 22&23&24&25&26&27&28&18&19&21,
SUCCESS;99:edges = 140,fail_cases = 10,fault = 22&33&23&24&25&27&28&18&19&21,
SUCCESS;100:edges = 142,fail_cases = 10,fault = 22&33&23&34&24&25&27&28&18&19&21,
SUCCESS;101:edges = 143,fail_cases = 10,fault = 33&22&19&20&32&21,
SUCCESS;102:edges = 145,fail_cases = 10,fault = 22&33&23&34&24&35&25&27&28&18&19&21,
SUCCESS;103:edges = 147,fail_cases = 10,fault = 22&33&23&34&24&35&25&36&27&28&18&19&21,
SUCCESS;104:edges = 148,fail_cases = 10,fault = 33&22&24&19&20&32&21,
SUCCESS;105:edges = 149,fail_cases = 10,fault = 22&24&25&27&28&29&19&20&21,
SUCCESS;106:edges = 150,fail_cases = 10,fault = 22&24&25&18&19&20&32&21,
SUCCESS;107:edges = 152,fail_cases = 10,fault = 22&33&23&34&24&35&25&36&27&28&18&19&30&21,
FAIL;108:edges = 152,fail_cases = 11,fault = 22&33&23&34&24&35&25&36&27&28&18&19&30&31&21,
FAIL;109:edges = 152,fail_cases = 12,fault = 33&34&24&35&25&36&27&28&29&30&31,
SUCCESS;110:edges = 153,fail_cases = 12,fault = 33&34&26&32,
SUCCESS;111:edges = 154,fail_cases = 12,fault = 24&25&26&32,
SUCCESS;112:edges = 155,fail_cases = 12,fault = 33&24&25&26&32,
FAIL;113:edges = 155,fail_cases = 13,fault = 24&25&26&27&28&29,
SUCCESS;114:edges = 156,fail_cases = 13,fault = 24&25&26&27&32,
SUCCESS;115:edges = 157,fail_cases = 13,fault = 33&34&35&26&32,
SUCCESS;116:edges = 158,fail_cases = 13,fault = 33&34&35&36&26&32,
SUCCESS;117:edges = 159,fail_cases = 13,fault = 33&34&35&36&26&30&32,
SUCCESS;118:edges = 160,fail_cases = 13,fault = 33&34&24&26&32,
SUCCESS;119:edges = 161,fail_cases = 13,fault = 24&25&26&27&28&32,
SUCCESS;120:edges = 162,fail_cases = 13,fault = 33&34&35&24&26&32,
SUCCESS;121:edges = 163,fail_cases = 13,fault = 33&34&35&24&36&26&32,
SUCCESS;122:edges = 164,fail_cases = 13,fault = 33&34&35&24&36&26&30&32,
SUCCESS;123:edges = 165,fail_cases = 13,fault = 33&24&25&26&27&32,
SUCCESS;124:edges = 166,fail_cases = 13,fault = 33&24&25&26&27&28&32,
SUCCESS;125:edges = 167,fail_cases = 13,fault = 33&34&24&25&26&32,
SUCCESS;126:edges = 168,fail_cases = 13,fault = 33&34&24&25&26&27&32,
SUCCESS;127:edges = 169,fail_cases = 13,fault = 33&34&35&24&25&26&32,
SUCCESS;128:edges = 170,fail_cases = 13,fault = 33&34&35&24&36&25&26&32,
SUCCESS;129:edges = 171,fail_cases = 13,fault = 33&34&35&24&25&26&27&32,
SUCCESS;130:edges = 172,fail_cases = 13,fault = 33&34&35&24&36&25&26&30&32,
SUCCESS;131:edges = 173,fail_cases = 13,fault = 33&34&35&24&36&25&26&27&32,
SUCCESS;132:edges = 174,fail_cases = 13,fault = 33&34&35&24&36&25&26&27&30&32,
SUCCESS;133:edges = 175,fail_cases = 13,fault = 33&34&24&25&26&27&28&32,
SUCCESS;134:edges = 176,fail_cases = 13,fault = 33&34&35&24&25&26&27&28&32,
SUCCESS;135:edges = 177,fail_cases = 13,fault = 33&34&35&24&36&25&26&27&28&32,
SUCCESS;136:edges = 178,fail_cases = 13,fault = 33&34&35&24&36&25&26&27&28&30&32,
FAIL;137:edges = 178,fail_cases = 14,fault = 33&34&35&36&30&31&32,
SUCCESS;138:edges = 180,fail_cases = 14,fault = 37,
SUCCESS;139:edges = 181,fail_cases = 14,fault = 22&23&24&25&37&27&28&18&19&21,
SUCCESS;140:edges = 182,fail_cases = 14,fault = 22&33&23&24&25&37&27&28&18&19&21,
SUCCESS;141:edges = 183,fail_cases = 14,fault = 22&33&23&34&24&25&37&27&28&18&19&21,
SUCCESS;142:edges = 184,fail_cases = 14,fault = 22&33&23&34&24&35&25&37&27&28&18&19&21,
SUCCESS;143:edges = 185,fail_cases = 14,fault = 22&33&23&34&24&35&25&36&37&27&28&18&19&21,
SUCCESS;144:edges = 186,fail_cases = 14,fault = 22&33&23&34&24&35&25&36&37&27&28&18&19&30&21,
SUCCESS;145:edges = 188,fail_cases = 14,fault = 37&38,
SUCCESS;146:edges = 189,fail_cases = 14,fault = 22&23&24&25&37&38&27&28&18&19&21,
SUCCESS;147:edges = 190,fail_cases = 14,fault = 22&33&23&24&25&37&38&27&28&18&19&21,
SUCCESS;148:edges = 191,fail_cases = 14,fault = 22&33&23&34&24&25&37&38&27&28&18&19&21,
SUCCESS;149:edges = 192,fail_cases = 14,fault = 22&33&23&34&24&35&25&37&38&27&28&18&19&21,
SUCCESS;150:edges = 193,fail_cases = 14,fault = 22&33&23&34&24&35&25&36&37&38&27&28&18&19&21,
SUCCESS;151:edges = 194,fail_cases = 14,fault = 22&33&23&34&24&35&25&36&37&38&27&28&18&19&30&21,
SUCCESS;152:edges = 196,fail_cases = 14,fault = 37&38&39,
SUCCESS;153:edges = 197,fail_cases = 14,fault = 22&23&24&25&37&38&27&39&28&18&19&21,
SUCCESS;154:edges = 198,fail_cases = 14,fault = 22&33&23&24&25&37&38&27&39&28&18&19&21,
SUCCESS;155:edges = 199,fail_cases = 14,fault = 22&33&23&34&24&25&37&38&27&39&28&18&19&21,
SUCCESS;156:edges = 200,fail_cases = 14,fault = 22&33&23&34&24&35&25&37&38&27&39&28&18&19&21,
SUCCESS;157:edges = 201,fail_cases = 14,fault = 22&33&23&34&24&35&25&36&37&38&27&39&28&18&19&21,
SUCCESS;158:edges = 202,fail_cases = 14,fault = 22&33&23&34&24&35&25&36&37&38&27&39&28&18&19&30&21,
FAIL;159:edges = 202,fail_cases = 15,fault = 37&38&39&40,
SUCCESS;160:edges = 204,fail_cases = 15,fault = 48,
SUCCESS;161:edges = 205,fail_cases = 15,fault = 48&37,
SUCCESS;162:edges = 206,fail_cases = 15,fault = 48&37&38,
SUCCESS;163:edges = 207,fail_cases = 15,fault = 48&37&38&39,
SUCCESS;164:edges = 209,fail_cases = 15,fault = 48&41,
SUCCESS;165:edges = 210,fail_cases = 15,fault = 48&37&41,
SUCCESS;166:edges = 211,fail_cases = 15,fault = 48&37&38&41,
SUCCESS;167:edges = 212,fail_cases = 15,fault = 48&37&38&39&41,
SUCCESS;168:edges = 214,fail_cases = 15,fault = 48&41&42,
SUCCESS;169:edges = 215,fail_cases = 15,fault = 48&37&41&42,
SUCCESS;170:edges = 216,fail_cases = 15,fault = 48&37&38&41&42,
SUCCESS;171:edges = 217,fail_cases = 15,fault = 48&37&38&39&41&42,
SUCCESS;172:edges = 219,fail_cases = 15,fault = 48&41&42&43,
SUCCESS;173:edges = 220,fail_cases = 15,fault = 48&37&41&42&43,
SUCCESS;174:edges = 221,fail_cases = 15,fault = 48&37&38&41&42&43,
SUCCESS;175:edges = 222,fail_cases = 15,fault = 48&37&38&39&41&42&43,
SUCCESS;176:edges = 224,fail_cases = 15,fault = 44&48&41&42&43,
SUCCESS;177:edges = 225,fail_cases = 15,fault = 44&48&37&41&42&43,
SUCCESS;178:edges = 226,fail_cases = 15,fault = 44&48&37&39&41&42&43,
SUCCESS;179:edges = 228,fail_cases = 15,fault = 44&48&37&39&40&41&42&43,
SUCCESS;180:edges = 230,fail_cases = 15,fault = 44&46&48&37&39&40&41&42&43,
SUCCESS;181:edges = 231,fail_cases = 15,fault = 44&45&48&38&41&42&43,
FAIL;182:edges = 231,fail_cases = 16,fault = 44&46&47&48&37&39&40&41&42&43,
SUCCESS;183:edges = 232,fail_cases = 16,fault = 44&45&48&37&38&41&42&43,
SUCCESS;184:edges = 233,fail_cases = 16,fault = 44&45&46&48&38&41&42&43,
SUCCESS;185:edges = 234,fail_cases = 16,fault = 44&45&48&37&38&39&41&42&43,
SUCCESS;186:edges = 235,fail_cases = 16,fault = 44&45&46&48&37&38&41&42&43,
SUCCESS;187:edges = 236,fail_cases = 16,fault = 44&45&46&48&37&38&39&41&42&43,
FAIL;188:edges = 236,fail_cases = 17,fault = 44&45&46&47&48&41&42&43,
SUCCESS;189:edges = 238,fail_cases = 17,fault = 49,
SUCCESS;190:edges = 239,fail_cases = 17,fault = 48&49,
SUCCESS;191:edges = 240,fail_cases = 17,fault = 48&49&41,
SUCCESS;192:edges = 241,fail_cases = 17,fault = 48&49&41&42,
SUCCESS;193:edges = 242,fail_cases = 17,fault = 48&49&41&42&43,
SUCCESS;194:edges = 243,fail_cases = 17,fault = 44&48&49&41&42&43,
SUCCESS;195:edges = 244,fail_cases = 17,fault = 44&48&37&49&39&40&41&42&43,
SUCCESS;196:edges = 245,fail_cases = 17,fault = 44&46&48&37&49&39&40&41&42&43,
SUCCESS;197:edges = 247,fail_cases = 17,fault = 49&50,
SUCCESS;198:edges = 248,fail_cases = 17,fault = 48&49&50,
SUCCESS;199:edges = 249,fail_cases = 17,fault = 48&49&50&42,
SUCCESS;200:edges = 250,fail_cases = 17,fault = 48&49&50&42&43,
SUCCESS;201:edges = 251,fail_cases = 17,fault = 44&48&49&50&42&43,
SUCCESS;202:edges = 252,fail_cases = 17,fault = 44&46&48&49&50&42&43,
SUCCESS;203:edges = 254,fail_cases = 17,fault = 44&46&47&48&49&50&42&43,
SUCCESS;204:edges = 256,fail_cases = 17,fault = 44&46&47&48&49&50&52&42&43,
SUCCESS;205:edges = 257,fail_cases = 17,fault = 44&46&47&48&49&50&41&42&43,
SUCCESS;206:edges = 258,fail_cases = 17,fault = 37&49&39&50&51&40&41,
SUCCESS;207:edges = 259,fail_cases = 17,fault = 48&37&49&39&50&51&40&41,
SUCCESS;208:edges = 260,fail_cases = 17,fault = 48&37&49&39&50&51&40&41&42,
SUCCESS;209:edges = 261,fail_cases = 17,fault = 48&37&49&39&50&51&40&41&42&43,
SUCCESS;210:edges = 262,fail_cases = 17,fault = 44&48&37&49&39&50&51&40&41&42&43,
SUCCESS;211:edges = 263,fail_cases = 17,fault = 44&46&48&37&49&39&50&51&40&41&42&43,
SUCCESS;212:edges = 264,fail_cases = 17,fault = 49&50&51&52&41,
SUCCESS;213:edges = 265,fail_cases = 17,fault = 44&46&47&48&49&50&52&41&42&43,
SUCCESS;214:edges = 266,fail_cases = 17,fault = 48&37&49&39&50&51&40&52&41,
SUCCESS;215:edges = 267,fail_cases = 17,fault = 48&37&49&39&50&51&40&52&41&42,
SUCCESS;216:edges = 268,fail_cases = 17,fault = 48&37&49&39&50&51&40&52&41&42&43,
SUCCESS;217:edges = 269,fail_cases = 17,fault = 44&48&37&49&39&50&51&40&52&41&42&43,
SUCCESS;218:edges = 270,fail_cases = 17,fault = 44&46&48&37&49&39&50&51&40&52&41&42&43,
SUCCESS;219:edges = 272,fail_cases = 17,fault = 44&46&47&48&49&50&52&42&53&43,
SUCCESS;220:edges = 273,fail_cases = 17,fault = 44&46&47&48&49&50&52&41&42&53&43,
SUCCESS;221:edges = 274,fail_cases = 17,fault = 37&49&39&50&51&40&52&41&53,
SUCCESS;222:edges = 275,fail_cases = 17,fault = 48&37&49&39&50&51&40&52&41&53,
SUCCESS;223:edges = 276,fail_cases = 17,fault = 48&37&49&39&50&51&40&52&41&53&42,
SUCCESS;224:edges = 277,fail_cases = 17,fault = 48&37&49&39&50&51&40&52&41&53&42&43,
SUCCESS;225:edges = 278,fail_cases = 17,fault = 44&48&37&49&39&50&51&40&52&41&53&42&43,
SUCCESS;226:edges = 279,fail_cases = 17,fault = 44&46&48&37&49&39&50&51&40&52&41&53&42&43,
SUCCESS;227:edges = 281,fail_cases = 17,fault = 44&46&47&48&49&50&52&42&53&43&54,
FAIL;228:edges = 281,fail_cases = 18,fault = 44&46&47&48&37&49&39&50&40&52&42&53&43&54,
SUCCESS;229:edges = 282,fail_cases = 18,fault = 37&49&39&50&51&40&52&53&54,
SUCCESS;230:edges = 283,fail_cases = 18,fault = 48&37&49&39&50&51&40&52&53&54,
SUCCESS;231:edges = 284,fail_cases = 18,fault = 48&37&49&39&50&51&40&52&53&42&54,
SUCCESS;232:edges = 285,fail_cases = 18,fault = 48&37&49&39&50&51&40&52&53&42&54&43,
SUCCESS;233:edges = 286,fail_cases = 18,fault = 44&48&37&49&39&50&51&40&52&53&42&54&43,
SUCCESS;234:edges = 287,fail_cases = 18,fault = 44&46&48&37&49&39&50&51&40&52&53&42&54&43,
FAIL;235:edges = 287,fail_cases = 19,fault = 44&55&46&47&48&49&50&52&42&53&43&54,
FAIL;236:edges = 287,fail_cases = 20,fault = 44&45&46&47&48&49&50&52&42&53&43&54,
FAIL;237:edges = 287,fail_cases = 21,fault = 55&49&50&51&52&53&54,
SUCCESS;238:edges = 289,fail_cases = 21,fault = 56,
SUCCESS;239:edges = 290,fail_cases = 21,fault = 56&49,
SUCCESS;240:edges = 291,fail_cases = 21,fault = 56&49&50,
SUCCESS;241:edges = 292,fail_cases = 21,fault = 44&56&46&47&48&49&50&42&43,
SUCCESS;242:edges = 293,fail_cases = 21,fault = 44&56&46&47&48&49&50&52&42&43,
SUCCESS;243:edges = 294,fail_cases = 21,fault = 44&56&46&47&48&49&50&52&42&53&43,
SUCCESS;244:edges = 295,fail_cases = 21,fault = 44&56&46&47&48&49&50&52&42&53&43&54,
SUCCESS;245:edges = 297,fail_cases = 21,fault = 56&57,
SUCCESS;246:edges = 298,fail_cases = 21,fault = 56&57&49,
SUCCESS;247:edges = 299,fail_cases = 21,fault = 56&57&49&50,
SUCCESS;248:edges = 300,fail_cases = 21,fault = 44&56&57&46&47&48&49&50&42&43,
SUCCESS;249:edges = 301,fail_cases = 21,fault = 44&56&57&46&47&48&49&50&52&42&43,
SUCCESS;250:edges = 302,fail_cases = 21,fault = 44&56&57&46&47&48&49&50&52&42&53&43,
SUCCESS;251:edges = 303,fail_cases = 21,fault = 44&56&57&46&47&48&49&50&52&42&53&43&54,
SUCCESS;252:edges = 305,fail_cases = 21,fault = 56&57&58,
SUCCESS;253:edges = 306,fail_cases = 21,fault = 56&57&58&49,
SUCCESS;254:edges = 307,fail_cases = 21,fault = 56&57&58&49&50,
SUCCESS;255:edges = 308,fail_cases = 21,fault = 44&56&57&46&58&47&48&49&50&42&43,
SUCCESS;256:edges = 309,fail_cases = 21,fault = 44&56&57&46&58&47&48&49&50&52&42&43,
SUCCESS;257:edges = 310,fail_cases = 21,fault = 44&56&57&46&58&47&48&49&50&52&42&53&43,
SUCCESS;258:edges = 311,fail_cases = 21,fault = 44&56&57&46&58&47&48&49&50&52&42&53&43&54,
FAIL;259:edges = 311,fail_cases = 22,fault = 56&57&58&59,
SUCCESS;260:edges = 313,fail_cases = 22,fault = 64,
SUCCESS;261:edges = 314,fail_cases = 22,fault = 56&64,
SUCCESS;262:edges = 315,fail_cases = 22,fault = 56&57&64,
SUCCESS;263:edges = 316,fail_cases = 22,fault = 56&57&58&64,
SUCCESS;264:edges = 318,fail_cases = 22,fault = 64&65,
SUCCESS;265:edges = 319,fail_cases = 22,fault = 56&64&65,
SUCCESS;266:edges = 320,fail_cases = 22,fault = 56&57&64&65,
SUCCESS;267:edges = 321,fail_cases = 22,fault = 56&57&58&64&65,
SUCCESS;268:edges = 323,fail_cases = 22,fault = 60&64&65,
SUCCESS;269:edges = 324,fail_cases = 22,fault = 56&60&64&65,
SUCCESS;270:edges = 325,fail_cases = 22,fault = 56&57&60&64&65,
SUCCESS;271:edges = 326,fail_cases = 22,fault = 56&57&58&60&64&65,
SUCCESS;272:edges = 328,fail_cases = 22,fault = 60&61&64&65,
SUCCESS;273:edges = 329,fail_cases = 22,fault = 56&60&61&64&65,
SUCCESS;274:edges = 330,fail_cases = 22,fault = 56&57&60&61&64&65,
SUCCESS;275:edges = 331,fail_cases = 22,fault = 56&57&58&60&61&64&65,
SUCCESS;276:edges = 334,fail_cases = 22,fault = 60&61&63&64&65,
SUCCESS;277:edges = 335,fail_cases = 22,fault = 56&68,
SUCCESS;278:edges = 336,fail_cases = 22,fault = 56&60&61&63&64&65,
SUCCESS;279:edges = 337,fail_cases = 22,fault = 56&57&60&61&63&64&65,
SUCCESS;280:edges = 338,fail_cases = 22,fault = 56&57&58&60&61&63&64&65,
SUCCESS;281:edges = 339,fail_cases = 22,fault = 66&68&64,
SUCCESS;282:edges = 341,fail_cases = 22,fault = 66&60&61&63&64&65,
SUCCESS;283:edges = 342,fail_cases = 22,fault = 66&56&60&61&63&64&65,
SUCCESS;284:edges = 343,fail_cases = 22,fault = 66&56&68&57&64&65,
SUCCESS;285:edges = 344,fail_cases = 22,fault = 66&56&68&57&58&64&65,
SUCCESS;286:edges = 345,fail_cases = 22,fault = 66&67&68&64&65,
SUCCESS;287:edges = 346,fail_cases = 22,fault = 66&67&68&60&64&65,
SUCCESS;288:edges = 348,fail_cases = 22,fault = 69&60&61&63&64&65,
SUCCESS;289:edges = 350,fail_cases = 22,fault = 69&70&60&61&63&64&65,
SUCCESS;290:edges = 352,fail_cases = 22,fault = 66&67&68&60&61&64&65,
SUCCESS;291:edges = 353,fail_cases = 22,fault = 66&67&56&60&61&63&64&65,
SUCCESS;292:edges = 354,fail_cases = 22,fault = 66&67&56&57&60&61&63&64&65,
SUCCESS;293:edges = 355,fail_cases = 22,fault = 66&67&56&57&58&60&61&63&64&65,
SUCCESS;294:edges = 356,fail_cases = 22,fault = 66&67&68&60&61&62&64&65,
FAIL;295:edges = 356,fail_cases = 23,fault = 66&67&60&61&62&63&64&65,
SUCCESS;296:edges = 357,fail_cases = 23,fault = 66&68&69,
SUCCESS;297:edges = 359,fail_cases = 23,fault = 69&70&60&71&61&63&64&65,
SUCCESS;298:edges = 360,fail_cases = 23,fault = 66&68&69&64,
SUCCESS;299:edges = 361,fail_cases = 23,fault = 66&68&69&64&65,
SUCCESS;300:edges = 362,fail_cases = 23,fault = 66&67&68&69&64&65,
SUCCESS;301:edges = 363,fail_cases = 23,fault = 66&68&69&70,
SUCCESS;302:edges = 364,fail_cases = 23,fault = 66&67&68&69&60&64&65,
SUCCESS;303:edges = 365,fail_cases = 23,fault = 66&68&69&70&64,
SUCCESS;304:edges = 366,fail_cases = 23,fault = 66&68&69&70&64&65,
SUCCESS;305:edges = 367,fail_cases = 23,fault = 66&67&68&69&70&64&65,
SUCCESS;306:edges = 368,fail_cases = 23,fault = 66&68&69&70&71,
SUCCESS;307:edges = 369,fail_cases = 23,fault = 66&69&70&60&71&61&63&64&65,
SUCCESS;308:edges = 370,fail_cases = 23,fault = 66&67&68&69&70&60&64&65,
SUCCESS;309:edges = 371,fail_cases = 23,fault = 66&67&69&60&61&63&64&65,
SUCCESS;310:edges = 372,fail_cases = 23,fault = 66&67&68&69&60&61&62&64&65,
SUCCESS;311:edges = 373,fail_cases = 23,fault = 66&67&68&69&70&60&61&64&65,
SUCCESS;312:edges = 374,fail_cases = 23,fault = 66&67&68&69&70&71&64,
SUCCESS;313:edges = 375,fail_cases = 23,fault = 66&67&69&70&60&71&61&63&64&65,
SUCCESS;314:edges = 376,fail_cases = 23,fault = 66&67&68&69&70&71&62&64&65,
SUCCESS;315:edges = 377,fail_cases = 23,fault = 66&67&68&69&70&60&61&62&64&65,
SUCCESS;316:edges = 379,fail_cases = 23,fault = 69&70&60&71&61&72&63&64&65,
FAIL;317:edges = 379,fail_cases = 24,fault = 69&70&60&71&61&72&73&63&64&65,
SUCCESS;318:edges = 380,fail_cases = 24,fault = 66&69&70&60&71&61&72&63&64&65,
SUCCESS;319:edges = 381,fail_cases = 24,fault = 66&67&68&69&70&71&72,
SUCCESS;320:edges = 382,fail_cases = 24,fault = 66&67&69&70&60&71&61&72&63&64&65,
SUCCESS;321:edges = 383,fail_cases = 24,fault = 66&67&68&69&70&71&72&62&64,
SUCCESS;322:edges = 384,fail_cases = 24,fault = 66&67&68&69&70&71&72&62&64&65,
SUCCESS;323:edges = 385,fail_cases = 24,fault = 66&67&68&69&70&71&60&62&64&65,
SUCCESS;324:edges = 386,fail_cases = 24,fault = 66&67&68&69&70&71&60&61&62&64&65,
SUCCESS;325:edges = 387,fail_cases = 24,fault = 66&67&68&69&70&71&60&72&62&64&65,
SUCCESS;326:edges = 388,fail_cases = 24,fault = 66&67&68&69&70&71&60&72&61&62&64&65,
FAIL;327:edges = 388,fail_cases = 25,fault = 68&69&70&71&72&73,
SUCCESS;328:edges = 390,fail_cases = 25,fault = 74,
SUCCESS;329:edges = 391,fail_cases = 25,fault = 60&61&74&63&64&65,
SUCCESS;330:edges = 392,fail_cases = 25,fault = 69&60&61&74&63&64&65,
SUCCESS;331:edges = 393,fail_cases = 25,fault = 69&70&60&61&74&63&64&65,
SUCCESS;332:edges = 394,fail_cases = 25,fault = 69&70&60&71&61&74&63&64&65,
SUCCESS;333:edges = 395,fail_cases = 25,fault = 69&70&60&71&61&72&74&63&64&65,
SUCCESS;334:edges = 397,fail_cases = 25,fault = 74&75,
SUCCESS;335:edges = 398,fail_cases = 25,fault = 60&61&74&63&75&64&65,
SUCCESS;336:edges = 399,fail_cases = 25,fault = 69&60&61&74&63&75&64&65,
SUCCESS;337:edges = 400,fail_cases = 25,fault = 69&70&60&61&74&63&75&64&65,
SUCCESS;338:edges = 401,fail_cases = 25,fault = 69&70&60&71&61&74&63&75&64&65,
SUCCESS;339:edges = 402,fail_cases = 25,fault = 69&70&60&71&61&72&74&63&75&64&65,
SUCCESS;340:edges = 404,fail_cases = 25,fault = 74&75&76,
SUCCESS;341:edges = 405,fail_cases = 25,fault = 60&61&74&63&75&64&76&65,
SUCCESS;342:edges = 406,fail_cases = 25,fault = 69&60&61&74&63&75&64&76&65,
SUCCESS;343:edges = 407,fail_cases = 25,fault = 69&70&60&61&74&63&75&64&76&65,
SUCCESS;344:edges = 408,fail_cases = 25,fault = 69&70&60&71&61&74&63&75&64&76&65,
SUCCESS;345:edges = 409,fail_cases = 25,fault = 69&70&60&71&61&72&74&63&75&64&76&65,
SUCCESS;346:edges = 411,fail_cases = 25,fault = 77&74&75&76,
SUCCESS;347:edges = 412,fail_cases = 25,fault = 77&60&61&74&63&75&64&76&65,
SUCCESS;348:edges = 413,fail_cases = 25,fault = 77&69&60&61&74&63&75&64&76&65,
SUCCESS;349:edges = 414,fail_cases = 25,fault = 77&69&60&71&61&74&63&75&64&76&65,
SUCCESS;350:edges = 415,fail_cases = 25,fault = 77&69&60&71&61&72&74&63&75&64&76&65,
FAIL;351:edges = 415,fail_cases = 26,fault = 77&69&60&71&61&72&73&74&63&75&64&76&65,
FAIL;352:edges = 415,fail_cases = 27,fault = 77&68&69&71&72&73&74&75&76,
FAIL;353:edges = 415,fail_cases = 28,fault = 77&78&74&75&76,
SUCCESS;354:edges = 417,fail_cases = 28,fault = 80,
SUCCESS;355:edges = 418,fail_cases = 28,fault = 80&74,
SUCCESS;356:edges = 419,fail_cases = 28,fault = 80&74&75,
SUCCESS;357:edges = 420,fail_cases = 28,fault = 80&74&75&76,
SUCCESS;358:edges = 421,fail_cases = 28,fault = 77&80&74&75&76,
SUCCESS;359:edges = 423,fail_cases = 28,fault = 80&81,
SUCCESS;360:edges = 424,fail_cases = 28,fault = 80&81&74,
SUCCESS;361:edges = 425,fail_cases = 28,fault = 80&81&74&75,
SUCCESS;362:edges = 426,fail_cases = 28,fault = 80&81&74&75&76,
SUCCESS;363:edges = 427,fail_cases = 28,fault = 77&80&81&74&75&76,
SUCCESS;364:edges = 429,fail_cases = 28,fault = 80&81&82,
SUCCESS;365:edges = 430,fail_cases = 28,fault = 80&81&82&74,
SUCCESS;366:edges = 431,fail_cases = 28,fault = 80&81&82&74&75,
SUCCESS;367:edges = 432,fail_cases = 28,fault = 80&81&82&74&75&76,
SUCCESS;368:edges = 433,fail_cases = 28,fault = 77&80&81&82&74&75&76,
SUCCESS;369:edges = 435,fail_cases = 28,fault = 80&81&82&83,
SUCCESS;370:edges = 436,fail_cases = 28,fault = 80&81&82&83&74,
SUCCESS;371:edges = 437,fail_cases = 28,fault = 80&81&82&83&74&75,
SUCCESS;372:edges = 438,fail_cases = 28,fault = 80&81&82&83&74&75&76,
SUCCESS;373:edges = 439,fail_cases = 28,fault = 77&80&81&82&83&74&75&76,
SUCCESS;374:edges = 441,fail_cases = 28,fault = 80&81&82&83&84,
SUCCESS;375:edges = 442,fail_cases = 28,fault = 80&81&82&83&84&74,
SUCCESS;376:edges = 443,fail_cases = 28,fault = 80&81&82&83&84&74&75,
SUCCESS;377:edges = 444,fail_cases = 28,fault = 80&81&82&83&84&74&75&76,
SUCCESS;378:edges = 445,fail_cases = 28,fault = 77&80&81&82&83&84&74&75&76,
FAIL;379:edges = 445,fail_cases = 29,fault = 79&80&81&82&83&84,
SUCCESS;380:edges = 447,fail_cases = 29,fault = 85,
SUCCESS;381:edges = 448,fail_cases = 29,fault = 80&85,
SUCCESS;382:edges = 449,fail_cases = 29,fault = 80&81&85,
SUCCESS;383:edges = 450,fail_cases = 29,fault = 80&81&82&85,
SUCCESS;384:edges = 451,fail_cases = 29,fault = 80&81&82&83&85,
SUCCESS;385:edges = 452,fail_cases = 29,fault = 80&81&82&83&84&85,
SUCCESS;386:edges = 454,fail_cases = 29,fault = 85&86,
SUCCESS;387:edges = 455,fail_cases = 29,fault = 80&85&86,
SUCCESS;388:edges = 456,fail_cases = 29,fault = 80&81&85&86,
SUCCESS;389:edges = 457,fail_cases = 29,fault = 80&81&82&85&86,
SUCCESS;390:edges = 458,fail_cases = 29,fault = 80&81&82&83&85&86,
SUCCESS;391:edges = 459,fail_cases = 29,fault = 80&81&82&83&84&85&86,
SUCCESS;392:edges = 461,fail_cases = 29,fault = 85&86&87,
SUCCESS;393:edges = 462,fail_cases = 29,fault = 80&85&86&87,
SUCCESS;394:edges = 463,fail_cases = 29,fault = 80&81&85&86&87,
SUCCESS;395:edges = 464,fail_cases = 29,fault = 80&81&82&85&86&87,
SUCCESS;396:edges = 465,fail_cases = 29,fault = 80&81&82&83&85&86&87,
SUCCESS;397:edges = 466,fail_cases = 29,fault = 80&81&82&83&84&85&86&87,
FAIL;398:edges = 466,fail_cases = 30,fault = 88&85&86&87,
SUCCESS;399:edges = 468,fail_cases = 30,fault = 89,
SUCCESS;400:edges = 469,fail_cases = 30,fault = 89&85,
SUCCESS;401:edges = 470,fail_cases = 30,fault = 89&85&86,
SUCCESS;402:edges = 471,fail_cases = 30,fault = 89&85&86&87,
SUCCESS;403:edges = 473,fail_cases = 30,fault = 89&90,
SUCCESS;404:edges = 474,fail_cases = 30,fault = 89&90&85,
SUCCESS;405:edges = 475,fail_cases = 30,fault = 89&90&85&86,
SUCCESS;406:edges = 476,fail_cases = 30,fault = 89&90&85&86&87,
SUCCESS;407:edges = 478,fail_cases = 30,fault = 89&90&91,
SUCCESS;408:edges = 479,fail_cases = 30,fault = 89&90&91&85,
SUCCESS;409:edges = 480,fail_cases = 30,fault = 89&90&91&85&86,
SUCCESS;410:edges = 481,fail_cases = 30,fault = 89&90&91&85&86&87,
SUCCESS;411:edges = 483,fail_cases = 30,fault = 89&90&91&92,
SUCCESS;412:edges = 484,fail_cases = 30,fault = 89&90&91&92&85,
SUCCESS;413:edges = 485,fail_cases = 30,fault = 89&90&91&92&85&86,
SUCCESS;414:edges = 486,fail_cases = 30,fault = 89&90&91&92&85&86&87,
SUCCESS;415:edges = 488,fail_cases = 30,fault = 89&90&91&92&93,
SUCCESS;416:edges = 489,fail_cases = 30,fault = 89&90&91&92&93&85,
SUCCESS;417:edges = 490,fail_cases = 30,fault = 89&90&91&92&93&85&86,
SUCCESS;418:edges = 491,fail_cases = 30,fault = 89&90&91&92&93&85&86&87,
SUCCESS;419:edges = 493,fail_cases = 30,fault = 89&90&91&92&93&94,
SUCCESS;420:edges = 494,fail_cases = 30,fault = 89&90&91&92&93&94&86,
SUCCESS;421:edges = 495,fail_cases = 30,fault = 89&90&91&92&93&94&86&87,
FAIL;422:edges = 495,fail_cases = 31,fault = 88&89&90&91&92&93&94&86&87,
FAIL;423:edges = 495,fail_cases = 32,fault = 89&90&91&92&93&94&95,
SUCCESS;424:edges = 497,fail_cases = 32,fault = 96,
SUCCESS;425:edges = 498,fail_cases = 32,fault = 89&96,
SUCCESS;426:edges = 499,fail_cases = 32,fault = 89&90&96,
SUCCESS;427:edges = 500,fail_cases = 32,fault = 89&90&91&96,
SUCCESS;428:edges = 501,fail_cases = 32,fault = 89&90&91&92&96,
SUCCESS;429:edges = 502,fail_cases = 32,fault = 89&90&91&92&93&96,
FAIL;430:edges = 502,fail_cases = 33,fault = 88&89&90&91&92&93&96&86&87,
FAIL;431:edges = 502,fail_cases = 34,fault = 89&90&91&92&93&95&96,
FAIL;432:edges = 502,fail_cases = 35,fault = 96&97,
SUCCESS;433:edges = 504,fail_cases = 35,fault = 98,
SUCCESS;434:edges = 505,fail_cases = 35,fault = 96&98,
SUCCESS;435:edges = 507,fail_cases = 35,fault = 99&98,
SUCCESS;436:edges = 508,fail_cases = 35,fault = 99&96&98,
SUCCESS;437:edges = 510,fail_cases = 35,fault = 99&100&98,
SUCCESS;438:edges = 511,fail_cases = 35,fault = 99&100&96&98,
SUCCESS;439:edges = 513,fail_cases = 35,fault = 99&100&101&98,
SUCCESS;440:edges = 514,fail_cases = 35,fault = 99&100&101&96&98,
SUCCESS;441:edges = 516,fail_cases = 35,fault = 99&100&101&102&98,
SUCCESS;442:edges = 517,fail_cases = 35,fault = 99&100&101&102&96&98,
FAIL;443:edges = 517,fail_cases = 36,fault = 99&100&101&102&103&98,
SUCCESS;444:edges = 519,fail_cases = 36,fault = 104,
SUCCESS;445:edges = 520,fail_cases = 36,fault = 104&98,
SUCCESS;446:edges = 521,fail_cases = 36,fault = 99&104&98,
SUCCESS;447:edges = 522,fail_cases = 36,fault = 99&100&104&98,
SUCCESS;448:edges = 523,fail_cases = 36,fault = 99&100&101&104&98,
SUCCESS;449:edges = 524,fail_cases = 36,fault = 99&100&101&102&104&98,
SUCCESS;450:edges = 526,fail_cases = 36,fault = 104&105,
SUCCESS;451:edges = 527,fail_cases = 36,fault = 104&105&98,
SUCCESS;452:edges = 528,fail_cases = 36,fault = 99&104&105&98,
SUCCESS;453:edges = 529,fail_cases = 36,fault = 99&100&104&105&98,
SUCCESS;454:edges = 530,fail_cases = 36,fault = 99&100&101&104&105&98,
SUCCESS;455:edges = 531,fail_cases = 36,fault = 99&100&101&102&104&105&98,
SUCCESS;456:edges = 533,fail_cases = 36,fault = 104&105&106,
SUCCESS;457:edges = 534,fail_cases = 36,fault = 104&105&106&98,
SUCCESS;458:edges = 535,fail_cases = 36,fault = 99&104&105&106&98,
SUCCESS;459:edges = 536,fail_cases = 36,fault = 99&100&104&105&106&98,
SUCCESS;460:edges = 537,fail_cases = 36,fault = 99&100&101&104&105&106&98,
SUCCESS;461:edges = 538,fail_cases = 36,fault = 99&100&101&102&104&105&106&98,
SUCCESS;462:edges = 540,fail_cases = 36,fault = 104&105&106&107,
SUCCESS;463:edges = 541,fail_cases = 36,fault = 104&105&106&107&98,
SUCCESS;464:edges = 542,fail_cases = 36,fault = 99&104&105&106&107&98,
SUCCESS;465:edges = 543,fail_cases = 36,fault = 99&100&104&105&106&107&98,
SUCCESS;466:edges = 544,fail_cases = 36,fault = 99&100&101&104&105&106&107&98,
SUCCESS;467:edges = 545,fail_cases = 36,fault = 99&100&101&102&104&105&106&107&98,
SUCCESS;468:edges = 547,fail_cases = 36,fault = 104&105&106&107&108,
SUCCESS;469:edges = 548,fail_cases = 36,fault = 104&105&106&107&108&98,
SUCCESS;470:edges = 549,fail_cases = 36,fault = 100&104&105&106&107&108&98,
SUCCESS;471:edges = 550,fail_cases = 36,fault = 100&101&104&105&106&107&108&98,
SUCCESS;472:edges = 551,fail_cases = 36,fault = 100&101&102&104&105&106&107&108&98,
FAIL;473:edges = 551,fail_cases = 37,fault = 100&101&102&103&104&105&106&107&108&98,
FAIL;474:edges = 551,fail_cases = 38,fault = 104&105&106&107&108&109,
SUCCESS;475:edges = 553,fail_cases = 38,fault = 112,
SUCCESS;476:edges = 554,fail_cases = 38,fault = 112&104,
SUCCESS;477:edges = 555,fail_cases = 38,fault = 112&104&105,
SUCCESS;478:edges = 556,fail_cases = 38,fault = 112&104&105&106,
SUCCESS;479:edges = 557,fail_cases = 38,fault = 112&104&105&106&107,
SUCCESS;480:edges = 558,fail_cases = 38,fault = 112&104&105&106&107&108,
SUCCESS;481:edges = 560,fail_cases = 38,fault = 112&113,
SUCCESS;482:edges = 561,fail_cases = 38,fault = 112&113&104,
SUCCESS;483:edges = 562,fail_cases = 38,fault = 112&113&104&105,
SUCCESS;484:edges = 563,fail_cases = 38,fault = 112&113&104&105&106,
SUCCESS;485:edges = 564,fail_cases = 38,fault = 112&113&104&105&106&107,
SUCCESS;486:edges = 565,fail_cases = 38,fault = 112&113&104&105&106&107&108,
SUCCESS;487:edges = 567,fail_cases = 38,fault = 110&112&113,
SUCCESS;488:edges = 568,fail_cases = 38,fault = 110&112&113&104,
SUCCESS;489:edges = 569,fail_cases = 38,fault = 110&112&113&104&105,
SUCCESS;490:edges = 570,fail_cases = 38,fault = 110&112&113&104&105&106,
SUCCESS;491:edges = 571,fail_cases = 38,fault = 110&112&113&104&105&106&107,
SUCCESS;492:edges = 572,fail_cases = 38,fault = 110&112&113&104&105&106&107&108,
FAIL;493:edges = 572,fail_cases = 39,fault = 110&111&112&113,
SUCCESS;494:edges = 574,fail_cases = 39,fault = 114,
SUCCESS;495:edges = 575,fail_cases = 39,fault = 112&114,
SUCCESS;496:edges = 576,fail_cases = 39,fault = 112&113&114,
SUCCESS;497:edges = 577,fail_cases = 39,fault = 110&112&113&114,
SUCCESS;498:edges = 579,fail_cases = 39,fault = 114&115,
SUCCESS;499:edges = 580,fail_cases = 39,fault = 112&114&115,
SUCCESS;500:edges = 581,fail_cases = 39,fault = 112&113&114&115,
SUCCESS;501:edges = 582,fail_cases = 39,fault = 110&112&113&114&115,
SUCCESS;502:edges = 584,fail_cases = 39,fault = 114&115&116,
SUCCESS;503:edges = 585,fail_cases = 39,fault = 112&114&115&116,
SUCCESS;504:edges = 586,fail_cases = 39,fault = 112&113&114&115&116,
FAIL;505:edges = 586,fail_cases = 40,fault = 111&112&113&114&115&116,
FAIL;506:edges = 586,fail_cases = 41,fault = 114&115&116&117,
SUCCESS;507:edges = 588,fail_cases = 41,fault = 118,
SUCCESS;508:edges = 589,fail_cases = 41,fault = 114&118,
SUCCESS;509:edges = 590,fail_cases = 41,fault = 114&115&118,
SUCCESS;510:edges = 591,fail_cases = 41,fault = 114&115&116&118,
SUCCESS;511:edges = 593,fail_cases = 41,fault = 118&119,
SUCCESS;512:edges = 594,fail_cases = 41,fault = 114&118&119,
SUCCESS;513:edges = 595,fail_cases = 41,fault = 114&115&118&119,
SUCCESS;514:edges = 596,fail_cases = 41,fault = 114&115&116&118&119,
SUCCESS;515:edges = 598,fail_cases = 41,fault = 118&119&120,
SUCCESS;516:edges = 599,fail_cases = 41,fault = 114&118&119&120,
SUCCESS;517:edges = 600,fail_cases = 41,fault = 114&115&118&119&120,
SUCCESS;518:edges = 601,fail_cases = 41,fault = 114&115&116&118&119&120,
SUCCESS;519:edges = 603,fail_cases = 41,fault = 121&118&119&120,
SUCCESS;520:edges = 604,fail_cases = 41,fault = 121&114&118&119&120,
SUCCESS;521:edges = 605,fail_cases = 41,fault = 121&114&115&118&119&120,
SUCCESS;522:edges = 606,fail_cases = 41,fault = 121&114&115&116&118&119&120,
SUCCESS;523:edges = 608,fail_cases = 41,fault = 121&122&118&119&120,
SUCCESS;524:edges = 609,fail_cases = 41,fault = 121&122&114&118&119&120,
SUCCESS;525:edges = 610,fail_cases = 41,fault = 121&122&114&115&118&119&120,
SUCCESS;526:edges = 611,fail_cases = 41,fault = 121&122&114&115&116&118&119&120,
SUCCESS;527:edges = 613,fail_cases = 41,fault = 121&122&123&118&119&120,
SUCCESS;528:edges = 614,fail_cases = 41,fault = 121&122&123&114&118&119&120,
SUCCESS;529:edges = 615,fail_cases = 41,fault = 121&122&123&114&115&118&119&120,
SUCCESS;530:edges = 616,fail_cases = 41,fault = 121&122&123&114&115&116&118&119&120,
FAIL;531:edges = 616,fail_cases = 42,fault = 121&122&123&124&118&119&120,
SUCCESS;532:edges = 618,fail_cases = 42,fault = 125,
SUCCESS;533:edges = 619,fail_cases = 42,fault = 125&118,
SUCCESS;534:edges = 620,fail_cases = 42,fault = 125&118&119,
SUCCESS;535:edges = 621,fail_cases = 42,fault = 121&125&118&119,
SUCCESS;536:edges = 622,fail_cases = 42,fault = 121&122&125&118&119,
SUCCESS;537:edges = 623,fail_cases = 42,fault = 121&122&123&125&118&119,
SUCCESS;538:edges = 625,fail_cases = 42,fault = 121&122&123&124&125&118&119,
FAIL;539:edges = 625,fail_cases = 43,fault = 121&122&123&124&125&127&118&119,
SUCCESS;540:edges = 626,fail_cases = 43,fault = 125&126&120,
SUCCESS;541:edges = 627,fail_cases = 43,fault = 125&126&118&120,
SUCCESS;542:edges = 628,fail_cases = 43,fault = 125&126&118&119&120,
SUCCESS;543:edges = 629,fail_cases = 43,fault = 121&125&126&118&119&120,
SUCCESS;544:edges = 630,fail_cases = 43,fault = 121&122&125&126&118&119&120,
SUCCESS;545:edges = 631,fail_cases = 43,fault = 121&122&123&125&126&118&119&120,
FAIL;546:edges = 631,fail_cases = 44,fault = 125&126&127,
SUCCESS;547:edges = 633,fail_cases = 44,fault = 128,
SUCCESS;548:edges = 634,fail_cases = 44,fault = 125&128,
SUCCESS;549:edges = 635,fail_cases = 44,fault = 121&122&123&124&125&128&118&119,
SUCCESS;550:edges = 637,fail_cases = 44,fault = 128&129,
SUCCESS;551:edges = 638,fail_cases = 44,fault = 125&128&129,
SUCCESS;552:edges = 639,fail_cases = 44,fault = 121&122&123&124&125&128&129&118&119,
FAIL;553:edges = 639,fail_cases = 45,fault = 128&129&130,
SUCCESS;554:edges = 641,fail_cases = 45,fault = 131,
SUCCESS;555:edges = 642,fail_cases = 45,fault = 128&131,
SUCCESS;556:edges = 643,fail_cases = 45,fault = 128&129&131,
SUCCESS;557:edges = 645,fail_cases = 45,fault = 132&131,
SUCCESS;558:edges = 646,fail_cases = 45,fault = 132&128&131,
SUCCESS;559:edges = 647,fail_cases = 45,fault = 132&128&129&131,
SUCCESS;560:edges = 649,fail_cases = 45,fault = 132&133&131,
SUCCESS;561:edges = 650,fail_cases = 45,fault = 132&133&128&131,
SUCCESS;562:edges = 651,fail_cases = 45,fault = 132&133&128&129&131,
SUCCESS;563:edges = 653,fail_cases = 45,fault = 132&133&134&131,
SUCCESS;564:edges = 654,fail_cases = 45,fault = 132&133&134&128&131,
SUCCESS;565:edges = 655,fail_cases = 45,fault = 132&133&134&128&129&131,
SUCCESS;566:edges = 657,fail_cases = 45,fault = 132&133&134&135&131,
SUCCESS;567:edges = 658,fail_cases = 45,fault = 132&133&134&135&128&131,
SUCCESS;568:edges = 659,fail_cases = 45,fault = 132&133&134&135&128&129&131,
FAIL;569:edges = 659,fail_cases = 46,fault = 132&133&134&135&136&131,
SUCCESS;570:edges = 661,fail_cases = 46,fault = 137,
SUCCESS;571:edges = 662,fail_cases = 46,fault = 137&131,
SUCCESS;572:edges = 663,fail_cases = 46,fault = 132&137&131,
SUCCESS;573:edges = 664,fail_cases = 46,fault = 132&133&137&131,
SUCCESS;574:edges = 665,fail_cases = 46,fault = 132&133&134&137&131,
SUCCESS;575:edges = 666,fail_cases = 46,fault = 132&133&134&135&137&131,
SUCCESS;576:edges = 668,fail_cases = 46,fault = 137&138,
SUCCESS;577:edges = 669,fail_cases = 46,fault = 137&138&131,
SUCCESS;578:edges = 670,fail_cases = 46,fault = 132&137&138&131,
SUCCESS;579:edges = 671,fail_cases = 46,fault = 132&133&137&138&131,
SUCCESS;580:edges = 672,fail_cases = 46,fault = 132&133&134&137&138&131,
SUCCESS;581:edges = 674,fail_cases = 46,fault = 132&133&134&135&137&138&131,
SUCCESS;582:edges = 675,fail_cases = 46,fault = 136&137&138&139,
SUCCESS;583:edges = 676,fail_cases = 46,fault = 136&137&138&139&131,
SUCCESS;584:edges = 678,fail_cases = 46,fault = 132&133&134&135&137&138&140&131,
SUCCESS;585:edges = 679,fail_cases = 46,fault = 136&137&138&139&140,
FAIL;586:edges = 679,fail_cases = 47,fault = 132&133&134&135&137&138&140&141&131,
SUCCESS;587:edges = 680,fail_cases = 47,fault = 136&137&138&139&140&131,
SUCCESS;588:edges = 681,fail_cases = 47,fault = 132&136&137&138&139&131,
SUCCESS;589:edges = 682,fail_cases = 47,fault = 132&133&136&137&138&139&131,
SUCCESS;590:edges = 683,fail_cases = 47,fault = 132&133&134&136&137&138&139&131,
SUCCESS;591:edges = 684,fail_cases = 47,fault = 132&136&137&138&139&140&131,
SUCCESS;592:edges = 685,fail_cases = 47,fault = 132&133&136&137&138&139&140&131,
SUCCESS;593:edges = 686,fail_cases = 47,fault = 132&133&134&136&137&138&139&140&131,
FAIL;594:edges = 686,fail_cases = 48,fault = 137&138&139&140&141,
SUCCESS;595:edges = 688,fail_cases = 48,fault = 142,
SUCCESS;596:edges = 689,fail_cases = 48,fault = 137&142,
SUCCESS;597:edges = 690,fail_cases = 48,fault = 137&138&142,
SUCCESS;598:edges = 691,fail_cases = 48,fault = 132&133&134&135&137&138&142&131,
SUCCESS;599:edges = 692,fail_cases = 48,fault = 132&133&134&135&137&138&140&142&131,
FAIL;600:edges = 692,fail_cases = 49,fault = 143&142,
SUCCESS;601:edges = 694,fail_cases = 49,fault = 144,
SUCCESS;602:edges = 695,fail_cases = 49,fault = 144&142,
SUCCESS;603:edges = 697,fail_cases = 49,fault = 144&145,
SUCCESS;604:edges = 698,fail_cases = 49,fault = 144&145&142,
SUCCESS;605:edges = 700,fail_cases = 49,fault = 144&145&146,
SUCCESS;606:edges = 701,fail_cases = 49,fault = 144&145&146&142,
SUCCESS;607:edges = 703,fail_cases = 49,fault = 144&145&146&147,
SUCCESS;608:edges = 704,fail_cases = 49,fault = 144&145&146&147&142,
FAIL;609:edges = 704,fail_cases = 50,fault = 144&145&146&147&148,
SUCCESS;610:edges = 705,fail_cases = 50,fault = 149,
SUCCESS;611:edges = 706,fail_cases = 50,fault = 144&149,
SUCCESS;612:edges = 707,fail_cases = 50,fault = 144&145&149,
SUCCESS;613:edges = 708,fail_cases = 50,fault = 144&145&146&149,
SUCCESS;614:edges = 709,fail_cases = 50,fault = 144&145&146&147&149,
SUCCESS;615:edges = 710,fail_cases = 50,fault = 149&150,
SUCCESS;616:edges = 711,fail_cases = 50,fault = 144&149&150,
SUCCESS;617:edges = 712,fail_cases = 50,fault = 144&145&149&150,
SUCCESS;618:edges = 713,fail_cases = 50,fault = 144&145&146&149&150,
SUCCESS;619:edges = 714,fail_cases = 50,fault = 144&145&146&147&149&150,
FAIL;620:edges = 714,fail_cases = 51,fault = 149&150&151,