SUCCESS;0:edges = 16,fail_cases = 0,fault = ,
SUCCESS;1:edges = 17,fail_cases = 0,fault = 1,
SUCCESS;2:edges = 18,fail_cases = 0,fault = 1&2,
SUCCESS;3:edges = 19,fail_cases = 0,fault = 1&2&3,
SUCCESS;4:edges = 20,fail_cases = 0,fault = 1&2&3&4,
SUCCESS;5:edges = 21,fail_cases = 0,fault = 1&2&3&4&5,
SUCCESS;6:edges = 22,fail_cases = 0,fault = 1&2&3&4&5&6,
FAIL;7:edges = 22,fail_cases = 1,fault = 1&2&3&4&5&6&7,
SUCCESS;8:edges = 24,fail_cases = 1,fault = 8,
SUCCESS;9:edges = 25,fail_cases = 1,fault = 1&8,
SUCCESS;10:edges = 26,fail_cases = 1,fault = 1&2&8,
SUCCESS;11:edges = 27,fail_cases = 1,fault = 1&2&3&8,
SUCCESS;12:edges = 28,fail_cases = 1,fault = 1&2&3&4&8,
SUCCESS;13:edges = 29,fail_cases = 1,fault = 1&2&3&4&5&8,
SUCCESS;14:edges = 30,fail_cases = 1,fault = 1&2&3&4&5&6&8,
SUCCESS;15:edges = 32,fail_cases = 1,fault = 8&9,
SUCCESS;16:edges = 33,fail_cases = 1,fault = 1&8&9,
SUCCESS;17:edges = 34,fail_cases = 1,fault = 1&2&8&9,
SUCCESS;18:edges = 35,fail_cases = 1,fault = 1&2&3&8&9,
SUCCESS;19:edges = 36,fail_cases = 1,fault = 1&2&3&4&8&9,
SUCCESS;20:edges = 37,fail_cases = 1,fault = 1&2&3&4&5&8&9,
SUCCESS;21:edges = 38,fail_cases = 1,fault = 1&2&3&4&5&6&8&9,
SUCCESS;22:edges = 40,fail_cases = 1,fault = 8&9&10,
SUCCESS;23:edges = 41,fail_cases = 1,fault = 1&8&9&10,
SUCCESS;24:edges = 42,fail_cases = 1,fault = 1&2&8&9&10,
SUCCESS;25:edges = 43,fail_cases = 1,fault = 1&2&3&8&9&10,
SUCCESS;26:edges = 44,fail_cases = 1,fault = 1&2&3&4&8&9&10,
SUCCESS;27:edges = 45,fail_cases = 1,fault = 1&2&3&4&5&8&9&10,
SUCCESS;28:edges = 46,fail_cases = 1,fault = 1&2&3&4&5&6&8&9&10,
SUCCESS;29:edges = 48,fail_cases = 1,fault = 11&8&9&10,
SUCCESS;30:edges = 49,fail_cases = 1,fault = 11&1&8&9&10,
SUCCESS;31:edges = 50,fail_cases = 1,fault = 11&1&2&8&9&10,
SUCCESS;32:edges = 51,fail_cases = 1,fault = 11&1&2&3&8&9&10,
SUCCESS;33:edges = 52,fail_cases = 1,fault = 11&1&2&3&4&8&9&10,
SUCCESS;34:edges = 53,fail_cases = 1,fault = 11&1&2&3&4&5&8&9&10,
SUCCESS;35:edges = 54,fail_cases = 1,fault = 11&1&2&3&4&5&6&8&9&10,
SUCCESS;36:edges = 56,fail_cases = 1,fault = 11&12&8&9&10,
SUCCESS;37:edges = 57,fail_cases = 1,fault = 11&12&1&8&9&10,
SUCCESS;38:edges = 58,fail_cases = 1,fault = 11&12&1&2&8&9&10,
SUCCESS;39:edges = 59,fail_cases = 1,fault = 11&12&1&2&3&8&9&10,
SUCCESS;40:edges = 60,fail_cases = 1,fault = 11&12&1&2&3&4&8&9&10,
SUCCESS;41:edges = 61,fail_cases = 1,fault = 11&12&1&2&3&4&5&8&9&10,
SUCCESS;42:edges = 62,fail_cases = 1,fault = 11&12&1&2&3&4&5&6&8&9&10,
SUCCESS;43:edges = 64,fail_cases = 1,fault = 11&12&13&8&9&10,
SUCCESS;44:edges = 65,fail_cases = 1,fault = 11&12&1&13&8&9&10,
SUCCESS;45:edges = 66,fail_cases = 1,fault = 11&12&1&13&2&8&9&10,
SUCCESS;46:edges = 67,fail_cases = 1,fault = 11&12&1&13&2&3&8&9&10,
SUCCESS;47:edges = 68,fail_cases = 1,fault = 11&12&1&13&2&3&4&8&9&10,
SUCCESS;48:edges = 69,fail_cases = 1,fault = 11&12&1&13&2&3&4&5&8&9&10,
SUCCESS;49:edges = 70,fail_cases = 1,fault = 11&12&1&13&2&3&4&5&6&8&9&10,
FAIL;50:edges = 70,fail_cases = 2,fault = 11&12&13&14&8&9&10,
SUCCESS;51:edges = 72,fail_cases = 2,fault = 16,
SUCCESS;52:edges = 73,fail_cases = 2,fault = 16&8,
SUCCESS;53:edges = 74,fail_cases = 2,fault = 16&8&9,
SUCCESS;54:edges = 75,fail_cases = 2,fault = 16&8&9&10,
SUCCESS;55:edges = 76,fail_cases = 2,fault = 11&16&8&9&10,
SUCCESS;56:edges = 77,fail_cases = 2,fault = 11&12&16&8&9&10,
SUCCESS;57:edges = 78,fail_cases = 2,fault = 11&12&13&16&8&9&10,
FAIL;58:edges = 78,fail_cases = 3,fault = 15&16,
SUCCESS;59:edges = 80,fail_cases = 3,fault = 17,
SUCCESS;60:edges = 81,fail_cases = 3,fault = 16&17,
SUCCESS;61:edges = 83,fail_cases = 3,fault = 17&18,
SUCCESS;62:edges = 84,fail_cases = 3,fault = 16&17&18,
SUCCESS;63:edges = 86,fail_cases = 3,fault = 17&18&19,
SUCCESS;64:edges = 87,fail_cases = 3,fault = 16&17&18&19,
FAIL;65:edges = 87,fail_cases = 4,fault = 17&18&19&20,
SUCCESS;66:edges = 89,fail_cases = 4,fault = 21,
SUCCESS;67:edges = 90,fail_cases = 4,fault = 17&21,
SUCCESS;68:edges = 91,fail_cases = 4,fault = 17&18&21,
SUCCESS;69:edges = 92,fail_cases = 4,fault = 17&18&19&21,
SUCCESS;70:edges = 94,fail_cases = 4,fault = 22&21,
SUCCESS;71:edges = 95,fail_cases = 4,fault = 22&17&21,
SUCCESS;72:edges = 96,fail_cases = 4,fault = 22&17&18&21,
SUCCESS;73:edges = 97,fail_cases = 4,fault = 22&17&18&19&21,
FAIL;74:edges = 97,fail_cases = 5,fault = 22&23&21,
SUCCESS;75:edges = 99,fail_cases = 5,fault = 24,
SUCCESS;76:edges = 100,fail_cases = 5,fault = 24&21,
SUCCESS;77:edges = 101,fail_cases = 5,fault = 22&24&21,
SUCCESS;78:edges = 103,fail_cases = 5,fault = 24&25,
SUCCESS;79:edges = 104,fail_cases = 5,fault = 24&25&21,
SUCCESS;80:edges = 105,fail_cases = 5,fault = 22&24&25&21,
SUCCESS;81:edges = 107,fail_cases = 5,fault = 24&25&26,
SUCCESS;82:edges = 108,fail_cases = 5,fault = 24&25&26&21,
SUCCESS;83:edges = 109,fail_cases = 5,fault = 22&24&25&26&21,
FAIL;84:edges = 109,fail_cases = 6,fault = 24&25&26&27,
SUCCESS;85:edges = 111,fail_cases = 6,fault = 28,
SUCCESS;86:edges = 112,fail_cases = 6,fault = 24&28,
SUCCESS;87:edges = 113,fail_cases = 6,fault = 24&25&28,
SUCCESS;88:edges = 114,fail_cases = 6,fault = 24&25&26&28,
FAIL;89:edges = 114,fail_cases = 7,fault = 28&29,
SUCCESS;90:edges = 116,fail_cases = 7,fault = 32,
SUCCESS;91:edges = 117,fail_cases = 7,fault = 28&32,
SUCCESS;92:edges = 119,fail_cases = 7,fault = 33&32,
SUCCESS;93:edges = 120,fail_cases = 7,fault = 33&28&32,
SUCCESS;94:edges = 122,fail_cases = 7,fault = 33&30&32,
SUCCESS;95:edges = 123,fail_cases = 7,fault = 33&28&30&32,
FAIL;96:edges = 123,fail_cases = 8,fault = 33&30&31&32,
SUCCESS;97:edges = 125,fail_cases = 8,fault = 34,
SUCCESS;98:edges = 126,fail_cases = 8,fault = 34&32,
SUCCESS;99:edges = 127,fail_cases = 8,fault = 33&34&32,
SUCCESS;100:edges = 128,fail_cases = 8,fault = 33&34&30&32,
SUCCESS;101:edges = 130,fail_cases = 8,fault = 34&35,
SUCCESS;102:edges = 131,fail_cases = 8,fault = 34&35&32,
SUCCESS;103:edges = 132,fail_cases = 8,fault = 33&34&35&32,
SUCCESS;104:edges = 133,fail_cases = 8,fault = 33&34&35&30&32,
SUCCESS;105:edges = 135,fail_cases = 8,fault = 34&35&36,
SUCCESS;106:edges = 136,fail_cases = 8,fault = 34&35&36&32,
SUCCESS;107:edges = 137,fail_cases = 8,fault = 33&34&35&36&32,
SUCCESS;108:edges = 138,fail_cases = 8,fault = 33&34&35&36&30&32,
SUCCESS;109:edges = 140,fail_cases = 8,fault = 34&35&36&37,
SUCCESS;110:edges = 141,fail_cases = 8,fault = 34&35&36&37&32,
SUCCESS;111:edges = 142,fail_cases = 8,fault = 33&34&35&36&37&32,
SUCCESS;112:edges = 143,fail_cases = 8,fault = 33&34&35&36&37&30&32,
SUCCESS;113:edges = 145,fail_cases = 8,fault = 34&35&36&37&38,
SUCCESS;114:edges = 146,fail_cases = 8,fault = 34&35&36&37&38&32,
SUCCESS;115:edges = 147,fail_cases = 8,fault = 33&34&35&36&37&38&32,
SUCCESS;116:edges = 148,fail_cases = 8,fault = 33&34&35&36&37&38&30&32,
SUCCESS;117:edges = 150,fail_cases = 8,fault = 34&35&36&37&38&39,
SUCCESS;118:edges = 151,fail_cases = 8,fault = 34&35&36&37&38&39&32,
SUCCESS;119:edges = 152,fail_cases = 8,fault = 33&34&35&36&37&38&39&32,
SUCCESS;120:edges = 153,fail_cases = 8,fault = 33&34&35&36&37&38&39&30&32,
FAIL;121:edges = 153,fail_cases = 9,fault = 34&35&36&37&38&39&40,
SUCCESS;122:edges = 155,fail_cases = 9,fault = 41,
SUCCESS;123:edges = 156,fail_cases = 9,fault = 34&41,
SUCCESS;124:edges = 157,fail_cases = 9,fault = 34&35&41,
SUCCESS;125:edges = 158,fail_cases = 9,fault = 34&35&36&41,
SUCCESS;126:edges = 159,fail_cases = 9,fault = 34&35&36&37&41,
SUCCESS;127:edges = 160,fail_cases = 9,fault = 34&35&36&37&38&41,
SUCCESS;128:edges = 161,fail_cases = 9,fault = 34&35&36&37&38&39&41,
SUCCESS;129:edges = 163,fail_cases = 9,fault = 41&42,
SUCCESS;130:edges = 164,fail_cases = 9,fault = 34&41&42,
SUCCESS;131:edges = 165,fail_cases = 9,fault = 34&35&41&42,
SUCCESS;132:edges = 166,fail_cases = 9,fault = 34&35&36&41&42,
SUCCESS;133:edges = 167,fail_cases = 9,fault = 34&35&36&37&41&42,
SUCCESS;134:edges = 168,fail_cases = 9,fault = 34&35&36&37&38&41&42,
SUCCESS;135:edges = 169,fail_cases = 9,fault = 34&35&36&37&38&39&41&42,
FAIL;136:edges = 169,fail_cases = 10,fault = 41&42&43,
SUCCESS;137:edges = 171,fail_cases = 10,fault = 44,
SUCCESS;138:edges = 172,fail_cases = 10,fault = 44&41,
SUCCESS;139:edges = 173,fail_cases = 10,fault = 44&41&42,
FAIL;140:edges = 173,fail_cases = 11,fault = 44&45,
SUCCESS;141:edges = 175,fail_cases = 11,fault = 48,
SUCCESS;142:edges = 176,fail_cases = 11,fault = 44&48,
SUCCESS;143:edges = 178,fail_cases = 11,fault = 46&48,
SUCCESS;144:edges = 179,fail_cases = 11,fault = 44&46&48,
FAIL;145:edges = 179,fail_cases = 12,fault = 46&47&48,
SUCCESS;146:edges = 181,fail_cases = 12,fault = 49,
SUCCESS;147:edges = 182,fail_cases = 12,fault = 48&49,
SUCCESS;148:edges = 183,fail_cases = 12,fault = 46&48&49,
SUCCESS;149:edges = 185,fail_cases = 12,fault = 49&50,
SUCCESS;150:edges = 186,fail_cases = 12,fault = 48&49&50,
SUCCESS;151:edges = 187,fail_cases = 12,fault = 46&48&49&50,
SUCCESS;152:edges = 189,fail_cases = 12,fault = 49&50&51,
SUCCESS;153:edges = 190,fail_cases = 12,fault = 48&49&50&51,
SUCCESS;154:edges = 191,fail_cases = 12,fault = 46&48&49&50&51,
SUCCESS;155:edges = 193,fail_cases = 12,fault = 49&50&51&52,
SUCCESS;156:edges = 194,fail_cases = 12,fault = 48&49&50&51&52,
SUCCESS;157:edges = 195,fail_cases = 12,fault = 46&48&49&50&51&52,
SUCCESS;158:edges = 197,fail_cases = 12,fault = 49&50&51&52&53,
SUCCESS;159:edges = 198,fail_cases = 12,fault = 48&49&50&51&52&53,
SUCCESS;160:edges = 199,fail_cases = 12,fault = 46&48&49&50&51&52&53,
FAIL;161:edges = 199,fail_cases = 13,fault = 49&50&51&52&53&54,
SUCCESS;162:edges = 201,fail_cases = 13,fault = 55,
SUCCESS;163:edges = 202,fail_cases = 13,fault = 55&49,
SUCCESS;164:edges = 203,fail_cases = 13,fault = 55&49&50,
SUCCESS;165:edges = 204,fail_cases = 13,fault = 55&49&50&51,
SUCCESS;166:edges = 205,fail_cases = 13,fault = 55&49&50&51&52,
SUCCESS;167:edges = 206,fail_cases = 13,fault = 55&49&50&51&52&53,
SUCCESS;168:edges = 208,fail_cases = 13,fault = 55&56,
SUCCESS;169:edges = 209,fail_cases = 13,fault = 55&56&49,
SUCCESS;170:edges = 210,fail_cases = 13,fault = 55&56&49&50,
SUCCESS;171:edges = 211,fail_cases = 13,fault = 55&56&49&50&51,
SUCCESS;172:edges = 212,fail_cases = 13,fault = 55&56&49&50&51&52,
SUCCESS;173:edges = 213,fail_cases = 13,fault = 55&56&49&50&51&52&53,
SUCCESS;174:edges = 215,fail_cases = 13,fault = 55&56&57,
SUCCESS;175:edges = 216,fail_cases = 13,fault = 55&56&57&49,
SUCCESS;176:edges = 217,fail_cases = 13,fault = 55&56&57&49&50,
SUCCESS;177:edges = 218,fail_cases = 13,fault = 55&56&57&49&50&51,
SUCCESS;178:edges = 219,fail_cases = 13,fault = 55&56&57&49&50&51&52,
SUCCESS;179:edges = 220,fail_cases = 13,fault = 55&56&57&49&50&51&52&53,
SUCCESS;180:edges = 222,fail_cases = 13,fault = 55&56&57&58,
SUCCESS;181:edges = 223,fail_cases = 13,fault = 55&56&57&58&49,
SUCCESS;182:edges = 224,fail_cases = 13,fault = 55&56&57&58&49&50,
SUCCESS;183:edges = 225,fail_cases = 13,fault = 55&56&57&58&49&50&51,
SUCCESS;184:edges = 226,fail_cases = 13,fault = 55&56&57&58&49&50&51&52,
SUCCESS;185:edges = 227,fail_cases = 13,fault = 55&56&57&58&49&50&51&52&53,
FAIL;186:edges = 227,fail_cases = 14,fault = 55&56&57&58&59,
SUCCESS;187:edges = 229,fail_cases = 14,fault = 60,
SUCCESS;188:edges = 230,fail_cases = 14,fault = 55&60,
SUCCESS;189:edges = 231,fail_cases = 14,fault = 55&56&60,
SUCCESS;190:edges = 232,fail_cases = 14,fault = 55&56&57&60,
SUCCESS;191:edges = 233,fail_cases = 14,fault = 55&56&57&58&60,
SUCCESS;192:edges = 235,fail_cases = 14,fault = 60&61,
SUCCESS;193:edges = 236,fail_cases = 14,fault = 55&60&61,
SUCCESS;194:edges = 237,fail_cases = 14,fault = 55&56&60&61,
SUCCESS;195:edges = 238,fail_cases = 14,fault = 55&56&57&60&61,
SUCCESS;196:edges = 239,fail_cases = 14,fault = 55&56&57&58&60&61,
SUCCESS;197:edges = 241,fail_cases = 14,fault = 60&61&62,
SUCCESS;198:edges = 242,fail_cases = 14,fault = 55&60&61&62,
SUCCESS;199:edges = 243,fail_cases = 14,fault = 55&56&60&61&62,
SUCCESS;200:edges = 244,fail_cases = 14,fault = 55&56&57&60&61&62,
SUCCESS;201:edges = 245,fail_cases = 14,fault = 55&56&57&58&60&61&62,
FAIL;202:edges = 245,fail_cases = 15,fault = 60&61&62&63,
SUCCESS;203:edges = 247,fail_cases = 15,fault = 64,
SUCCESS;204:edges = 248,fail_cases = 15,fault = 60&64,
SUCCESS;205:edges = 249,fail_cases = 15,fault = 60&61&64,
SUCCESS;206:edges = 250,fail_cases = 15,fault = 60&61&62&64,
SUCCESS;207:edges = 252,fail_cases = 15,fault = 64&65,
SUCCESS;208:edges = 253,fail_cases = 15,fault = 60&64&65,
SUCCESS;209:edges = 254,fail_cases = 15,fault = 60&61&64&65,
SUCCESS;210:edges = 255,fail_cases = 15,fault = 60&61&62&64&65,
SUCCESS;211:edges = 257,fail_cases = 15,fault = 66&64&65,
SUCCESS;212:edges = 258,fail_cases = 15,fault = 66&60&64&65,
SUCCESS;213:edges = 259,fail_cases = 15,fault = 66&60&61&64&65,
SUCCESS;214:edges = 260,fail_cases = 15,fault = 66&60&61&62&64&65,
FAIL;215:edges = 260,fail_cases = 16,fault = 66&67&64&65,
SUCCESS;216:edges = 261,fail_cases = 16,fault = 68,
SUCCESS;217:edges = 262,fail_cases = 16,fault = 68&64,
SUCCESS;218:edges = 263,fail_cases = 16,fault = 68&64&65,
SUCCESS;219:edges = 264,fail_cases = 16,fault = 66&68&64&65,
SUCCESS;220:edges = 265,fail_cases = 16,fault = 68&69,
SUCCESS;221:edges = 266,fail_cases = 16,fault = 68&69&64,
SUCCESS;222:edges = 267,fail_cases = 16,fault = 68&69&64&65,
SUCCESS;223:edges = 268,fail_cases = 16,fault = 66&68&69&64&65,
SUCCESS;224:edges = 269,fail_cases = 16,fault = 68&69&70,
SUCCESS;225:edges = 270,fail_cases = 16,fault = 68&69&70&64,
SUCCESS;226:edges = 271,fail_cases = 16,fault = 68&69&70&64&65,
SUCCESS;227:edges = 272,fail_cases = 16,fault = 66&68&69&70&64&65,
FAIL;228:edges = 272,fail_cases = 17,fault = 68&69&70&71,