SUCCESS;0:edges = 26,fail_cases = 0,fault = ,
SUCCESS;1:edges = 27,fail_cases = 0,fault = 1,
SUCCESS;2:edges = 28,fail_cases = 0,fault = 1&2,
SUCCESS;3:edges = 29,fail_cases = 0,fault = 1&2&3,
SUCCESS;4:edges = 30,fail_cases = 0,fault = 1&2&3&4,
SUCCESS;5:edges = 31,fail_cases = 0,fault = 1&2&3&4&5,
SUCCESS;6:edges = 32,fail_cases = 0,fault = 1&2&3&4&5&6,
FAIL;7:edges = 32,fail_cases = 1,fault = 1&2&3&4&5&6&7,
SUCCESS;8:edges = 34,fail_cases = 1,fault = 8,
SUCCESS;9:edges = 35,fail_cases = 1,fault = 1&8,
SUCCESS;10:edges = 36,fail_cases = 1,fault = 1&2&8,
SUCCESS;11:edges = 37,fail_cases = 1,fault = 1&2&3&8,
SUCCESS;12:edges = 38,fail_cases = 1,fault = 1&2&3&4&8,
SUCCESS;13:edges = 39,fail_cases = 1,fault = 1&2&3&4&5&8,
SUCCESS;14:edges = 40,fail_cases = 1,fault = 1&2&3&4&5&6&8,
SUCCESS;15:edges = 42,fail_cases = 1,fault = 8&9,
SUCCESS;16:edges = 43,fail_cases = 1,fault = 1&8&9,
SUCCESS;17:edges = 44,fail_cases = 1,fault = 1&2&8&9,
SUCCESS;18:edges = 45,fail_cases = 1,fault = 1&2&3&8&9,
SUCCESS;19:edges = 46,fail_cases = 1,fault = 1&2&3&4&8&9,
SUCCESS;20:edges = 47,fail_cases = 1,fault = 1&2&3&4&5&8&9,
SUCCESS;21:edges = 48,fail_cases = 1,fault = 1&2&3&4&5&6&8&9,
SUCCESS;22:edges = 50,fail_cases = 1,fault = 8&9&10,
SUCCESS;23:edges = 51,fail_cases = 1,fault = 1&8&9&10,
SUCCESS;24:edges = 52,fail_cases = 1,fault = 1&2&8&9&10,
SUCCESS;25:edges = 53,fail_cases = 1,fault = 1&2&3&8&9&10,
SUCCESS;26:edges = 54,fail_cases = 1,fault = 1&2&3&4&8&9&10,
SUCCESS;27:edges = 55,fail_cases = 1,fault = 1&2&3&4&5&8&9&10,
SUCCESS;28:edges = 56,fail_cases = 1,fault = 1&2&3&4&5&6&8&9&10,
FAIL;29:edges = 56,fail_cases = 2,fault = 11&8&9&10,
SUCCESS;30:edges = 58,fail_cases = 2,fault = 16,
SUCCESS;31:edges = 59,fail_cases = 2,fault = 16&8,
SUCCESS;32:edges = 60,fail_cases = 2,fault = 16&8&9,
SUCCESS;33:edges = 61,fail_cases = 2,fault = 16&8&9&10,
SUCCESS;34:edges = 63,fail_cases = 2,fault = 16&17,
SUCCESS;35:edges = 64,fail_cases = 2,fault = 16&17&8,
SUCCESS;36:edges = 65,fail_cases = 2,fault = 16&17&8&9,
SUCCESS;37:edges = 66,fail_cases = 2,fault = 16&17&8&9&10,
SUCCESS;38:edges = 68,fail_cases = 2,fault = 12&16&17,
SUCCESS;39:edges = 69,fail_cases = 2,fault = 12&16&17&8,
SUCCESS;40:edges = 70,fail_cases = 2,fault = 12&16&17&8&9,
SUCCESS;41:edges = 71,fail_cases = 2,fault = 12&16&17&8&9&10,
SUCCESS;42:edges = 73,fail_cases = 2,fault = 12&13&16&17,
SUCCESS;43:edges = 74,fail_cases = 2,fault = 12&13&16&17&8,
SUCCESS;44:edges = 75,fail_cases = 2,fault = 12&13&16&17&8&9,
SUCCESS;45:edges = 76,fail_cases = 2,fault = 12&13&16&17&8&9&10,
SUCCESS;46:edges = 78,fail_cases = 2,fault = 12&13&14&16&17,
SUCCESS;47:edges = 79,fail_cases = 2,fault = 12&13&14&16&17&8,
SUCCESS;48:edges = 80,fail_cases = 2,fault = 12&13&14&16&17&8&9,
SUCCESS;49:edges = 81,fail_cases = 2,fault = 12&13&14&16&17&8&9&10,
FAIL;50:edges = 81,fail_cases = 3,fault = 12&13&14&15&16&17,
SUCCESS;51:edges = 83,fail_cases = 3,fault = 18,
SUCCESS;52:edges = 84,fail_cases = 3,fault = 16&18,
SUCCESS;53:edges = 85,fail_cases = 3,fault = 16&17&18,
SUCCESS;54:edges = 86,fail_cases = 3,fault = 12&16&17&18,
SUCCESS;55:edges = 87,fail_cases = 3,fault = 12&13&16&17&18,
SUCCESS;56:edges = 88,fail_cases = 3,fault = 12&13&14&16&17&18,
SUCCESS;57:edges = 90,fail_cases = 3,fault = 18&19,
SUCCESS;58:edges = 91,fail_cases = 3,fault = 16&18&19,
SUCCESS;59:edges = 92,fail_cases = 3,fault = 16&17&18&19,
SUCCESS;60:edges = 93,fail_cases = 3,fault = 12&16&17&18&19,
SUCCESS;61:edges = 94,fail_cases = 3,fault = 12&13&16&17&18&19,
SUCCESS;62:edges = 95,fail_cases = 3,fault = 12&13&14&16&17&18&19,
SUCCESS;63:edges = 97,fail_cases = 3,fault = 18&19&20,
SUCCESS;64:edges = 98,fail_cases = 3,fault = 16&18&19&20,
SUCCESS;65:edges = 99,fail_cases = 3,fault = 16&17&18&19&20,
SUCCESS;66:edges = 100,fail_cases = 3,fault = 12&16&17&18&19&20,
SUCCESS;67:edges = 101,fail_cases = 3,fault = 12&13&16&17&18&19&20,
SUCCESS;68:edges = 102,fail_cases = 3,fault = 12&13&14&16&17&18&19&20,
SUCCESS;69:edges = 104,fail_cases = 3,fault = 18&19&20&21,
SUCCESS;70:edges = 105,fail_cases = 3,fault = 16&18&19&20&21,
SUCCESS;71:edges = 106,fail_cases = 3,fault = 16&17&18&19&20&21,
SUCCESS;72:edges = 107,fail_cases = 3,fault = 12&16&17&18&19&20&21,
SUCCESS;73:edges = 108,fail_cases = 3,fault = 12&13&16&17&18&19&20&21,
SUCCESS;74:edges = 109,fail_cases = 3,fault = 12&13&14&16&17&18&19&20&21,
FAIL;75:edges = 109,fail_cases = 4,fault = 22&18&19&20&21,
SUCCESS;76:edges = 111,fail_cases = 4,fault = 23,
SUCCESS;77:edges = 112,fail_cases = 4,fault = 23&18,
SUCCESS;78:edges = 113,fail_cases = 4,fault = 23&18&19,
SUCCESS;79:edges = 114,fail_cases = 4,fault = 23&18&19&20,
SUCCESS;80:edges = 115,fail_cases = 4,fault = 23&18&19&20&21,
SUCCESS;81:edges = 117,fail_cases = 4,fault = 23&24,
SUCCESS;82:edges = 118,fail_cases = 4,fault = 23&24&18,
SUCCESS;83:edges = 119,fail_cases = 4,fault = 23&24&18&19,
SUCCESS;84:edges = 120,fail_cases = 4,fault = 23&24&18&19&20,
SUCCESS;85:edges = 121,fail_cases = 4,fault = 23&24&18&19&20&21,
SUCCESS;86:edges = 123,fail_cases = 4,fault = 23&24&25,
SUCCESS;87:edges = 124,fail_cases = 4,fault = 23&24&25&18,
SUCCESS;88:edges = 125,fail_cases = 4,fault = 23&24&25&18&19,
SUCCESS;89:edges = 126,fail_cases = 4,fault = 23&24&25&18&19&20,
SUCCESS;90:edges = 127,fail_cases = 4,fault = 23&24&25&18&19&20&21,
SUCCESS;91:edges = 129,fail_cases = 4,fault = 23&24&25&26,
SUCCESS;92:edges = 130,fail_cases = 4,fault = 23&24&25&26&18,
SUCCESS;93:edges = 131,fail_cases = 4,fault = 23&24&25&26&18&19,
SUCCESS;94:edges = 132,fail_cases = 4,fault = 23&24&25&26&18&19&20,
SUCCESS;95:edges = 133,fail_cases = 4,fault = 23&24&25&26&18&19&20&21,
SUCCESS;96:edges = 135,fail_cases = 4,fault = 23&24&25&26&27,
SUCCESS;97:edges = 136,fail_cases = 4,fault = 23&24&25&26&27&18,
SUCCESS;98:edges = 137,fail_cases = 4,fault = 23&24&25&26&27&18&19,
SUCCESS;99:edges = 138,fail_cases = 4,fault = 23&24&25&26&27&18&19&20,
SUCCESS;100:edges = 139,fail_cases = 4,fault = 23&24&25&26&27&18&19&20&21,
SUCCESS;101:edges = 141,fail_cases = 4,fault = 23&24&25&26&27&28,
SUCCESS;102:edges = 142,fail_cases = 4,fault = 23&24&25&26&27&28&18,
SUCCESS;103:edges = 143,fail_cases = 4,fault = 23&24&25&26&27&28&18&19,
SUCCESS;104:edges = 144,fail_cases = 4,fault = 23&24&25&26&27&28&18&19&20,
SUCCESS;105:edges = 145,fail_cases = 4,fault = 23&24&25&26&27&28&18&19&20&21,
FAIL;106:edges = 145,fail_cases = 5,fault = 23&24&25&26&27&28&29,
SUCCESS;107:edges = 147,fail_cases = 5,fault = 32,
SUCCESS;108:edges = 148,fail_cases = 5,fault = 23&32,
SUCCESS;109:edges = 149,fail_cases = 5,fault = 23&24&32,
SUCCESS;110:edges = 150,fail_cases = 5,fault = 23&24&25&32,
SUCCESS;111:edges = 151,fail_cases = 5,fault = 23&24&25&26&32,
SUCCESS;112:edges = 152,fail_cases = 5,fault = 23&24&25&26&27&32,
SUCCESS;113:edges = 153,fail_cases = 5,fault = 23&24&25&26&27&28&32,
SUCCESS;114:edges = 155,fail_cases = 5,fault = 33&32,
SUCCESS;115:edges = 156,fail_cases = 5,fault = 33&23&32,
SUCCESS;116:edges = 157,fail_cases = 5,fault = 33&23&24&32,
SUCCESS;117:edges = 158,fail_cases = 5,fault = 33&23&24&25&32,
SUCCESS;118:edges = 159,fail_cases = 5,fault = 33&23&24&25&26&32,
SUCCESS;119:edges = 160,fail_cases = 5,fault = 33&23&24&25&26&27&32,
SUCCESS;120:edges = 161,fail_cases = 5,fault = 33&23&24&25&26&27&28&32,
SUCCESS;121:edges = 163,fail_cases = 5,fault = 33&34&32,
SUCCESS;122:edges = 164,fail_cases = 5,fault = 33&34&23&32,
SUCCESS;123:edges = 165,fail_cases = 5,fault = 33&34&23&24&32,
SUCCESS;124:edges = 166,fail_cases = 5,fault = 33&34&23&24&25&32,
SUCCESS;125:edges = 167,fail_cases = 5,fault = 33&34&23&24&25&26&32,
SUCCESS;126:edges = 168,fail_cases = 5,fault = 33&34&23&24&25&26&27&32,
SUCCESS;127:edges = 169,fail_cases = 5,fault = 33&34&23&24&25&26&27&28&32,
SUCCESS;128:edges = 171,fail_cases = 5,fault = 33&34&35&32,
SUCCESS;129:edges = 172,fail_cases = 5,fault = 33&34&23&35&32,
SUCCESS;130:edges = 173,fail_cases = 5,fault = 33&34&23&35&24&32,
SUCCESS;131:edges = 174,fail_cases = 5,fault = 33&34&23&35&24&25&32,
SUCCESS;132:edges = 175,fail_cases = 5,fault = 33&34&23&35&24&25&26&32,
SUCCESS;133:edges = 176,fail_cases = 5,fault = 33&34&23&35&24&25&26&27&32,
SUCCESS;134:edges = 177,fail_cases = 5,fault = 33&34&23&35&24&25&26&27&28&32,
SUCCESS;135:edges = 179,fail_cases = 5,fault = 33&34&35&36&32,
SUCCESS;136:edges = 180,fail_cases = 5,fault = 33&34&23&35&36&32,
SUCCESS;137:edges = 181,fail_cases = 5,fault = 33&34&23&35&24&36&32,
SUCCESS;138:edges = 182,fail_cases = 5,fault = 33&34&23&35&24&36&25&32,
SUCCESS;139:edges = 183,fail_cases = 5,fault = 33&34&23&35&24&36&25&26&32,
SUCCESS;140:edges = 184,fail_cases = 5,fault = 33&34&23&35&24&36&25&26&27&32,
SUCCESS;141:edges = 185,fail_cases = 5,fault = 33&34&23&35&24&36&25&26&27&28&32,
SUCCESS;142:edges = 187,fail_cases = 5,fault = 33&34&35&36&30&32,
SUCCESS;143:edges = 188,fail_cases = 5,fault = 33&34&23&35&36&30&32,
SUCCESS;144:edges = 189,fail_cases = 5,fault = 33&34&23&35&24&36&30&32,
SUCCESS;145:edges = 190,fail_cases = 5,fault = 33&34&23&35&24&36&25&30&32,
SUCCESS;146:edges = 191,fail_cases = 5,fault = 33&34&23&35&24&36&25&26&30&32,
SUCCESS;147:edges = 192,fail_cases = 5,fault = 33&34&23&35&24&36&25&26&27&30&32,
SUCCESS;148:edges = 193,fail_cases = 5,fault = 33&34&23&35&24&36&25&26&27&28&30&32,
FAIL;149:edges = 193,fail_cases = 6,fault = 33&34&35&36&30&31&32,
SUCCESS;150:edges = 195,fail_cases = 6,fault = 37,
SUCCESS;151:edges = 196,fail_cases = 6,fault = 37&32,
SUCCESS;152:edges = 197,fail_cases = 6,fault = 33&37&32,
SUCCESS;153:edges = 198,fail_cases = 6,fault = 33&34&37&32,
SUCCESS;154:edges = 199,fail_cases = 6,fault = 33&34&35&37&32,
SUCCESS;155:edges = 200,fail_cases = 6,fault = 33&34&35&36&37&32,
SUCCESS;156:edges = 201,fail_cases = 6,fault = 33&34&35&36&37&30&32,
SUCCESS;157:edges = 203,fail_cases = 6,fault = 37&38,
SUCCESS;158:edges = 204,fail_cases = 6,fault = 37&38&32,
SUCCESS;159:edges = 205,fail_cases = 6,fault = 33&37&38&32,
SUCCESS;160:edges = 206,fail_cases = 6,fault = 33&34&37&38&32,
SUCCESS;161:edges = 207,fail_cases = 6,fault = 33&34&35&37&38&32,
SUCCESS;162:edges = 208,fail_cases = 6,fault = 33&34&35&36&37&38&32,
SUCCESS;163:edges = 209,fail_cases = 6,fault = 33&34&35&36&37&38&30&32,
SUCCESS;164:edges = 211,fail_cases = 6,fault = 37&38&39,
SUCCESS;165:edges = 212,fail_cases = 6,fault = 37&38&39&32,
SUCCESS;166:edges = 213,fail_cases = 6,fault = 33&37&38&39&32,
SUCCESS;167:edges = 214,fail_cases = 6,fault = 33&34&37&38&39&32,
SUCCESS;168:edges = 215,fail_cases = 6,fault = 33&34&35&37&38&39&32,
SUCCESS;169:edges = 216,fail_cases = 6,fault = 33&34&35&36&37&38&39&32,
SUCCESS;170:edges = 217,fail_cases = 6,fault = 33&34&35&36&37&38&39&30&32,
FAIL;171:edges = 217,fail_cases = 7,fault = 37&38&39&40,
SUCCESS;172:edges = 219,fail_cases = 7,fault = 41,
SUCCESS;173:edges = 220,fail_cases = 7,fault = 37&41,
SUCCESS;174:edges = 221,fail_cases = 7,fault = 37&38&41,
SUCCESS;175:edges = 222,fail_cases = 7,fault = 37&38&39&41,
SUCCESS;176:edges = 224,fail_cases = 7,fault = 41&42,
SUCCESS;177:edges = 225,fail_cases = 7,fault = 37&41&42,
SUCCESS;178:edges = 226,fail_cases = 7,fault = 37&38&41&42,
SUCCESS;179:edges = 227,fail_cases = 7,fault = 37&38&39&41&42,
SUCCESS;180:edges = 229,fail_cases = 7,fault = 41&42&43,
SUCCESS;181:edges = 230,fail_cases = 7,fault = 37&41&42&43,
SUCCESS;182:edges = 231,fail_cases = 7,fault = 37&38&41&42&43,
SUCCESS;183:edges = 232,fail_cases = 7,fault = 37&38&39&41&42&43,
FAIL;184:edges = 232,fail_cases = 8,fault = 44&41&42&43,
SUCCESS;185:edges = 234,fail_cases = 8,fault = 48,
SUCCESS;186:edges = 235,fail_cases = 8,fault = 48&41,
SUCCESS;187:edges = 236,fail_cases = 8,fault = 48&41&42,
SUCCESS;188:edges = 237,fail_cases = 8,fault = 48&41&42&43,
SUCCESS;189:edges = 239,fail_cases = 8,fault = 48&49,
SUCCESS;190:edges = 240,fail_cases = 8,fault = 48&49&41,
SUCCESS;191:edges = 241,fail_cases = 8,fault = 48&49&41&42,
SUCCESS;192:edges = 242,fail_cases = 8,fault = 48&49&41&42&43,
SUCCESS;193:edges = 244,fail_cases = 8,fault = 45&48&49,
SUCCESS;194:edges = 245,fail_cases = 8,fault = 45&48&49&41,
SUCCESS;195:edges = 246,fail_cases = 8,fault = 45&48&49&41&42,
SUCCESS;196:edges = 247,fail_cases = 8,fault = 45&48&49&41&42&43,
SUCCESS;197:edges = 249,fail_cases = 8,fault = 45&46&48&49,
SUCCESS;198:edges = 250,fail_cases = 8,fault = 45&46&48&49&41,
SUCCESS;199:edges = 251,fail_cases = 8,fault = 45&46&48&49&41&42,
SUCCESS;200:edges = 252,fail_cases = 8,fault = 45&46&48&49&41&42&43,
FAIL;201:edges = 252,fail_cases = 9,fault = 45&46&47&48&49,
SUCCESS;202:edges = 254,fail_cases = 9,fault = 50,
SUCCESS;203:edges = 255,fail_cases = 9,fault = 48&50,
SUCCESS;204:edges = 256,fail_cases = 9,fault = 48&49&50,
SUCCESS;205:edges = 257,fail_cases = 9,fault = 45&48&49&50,
SUCCESS;206:edges = 258,fail_cases = 9,fault = 45&46&48&49&50,
SUCCESS;207:edges = 260,fail_cases = 9,fault = 50&51,
SUCCESS;208:edges = 261,fail_cases = 9,fault = 48&50&51,
SUCCESS;209:edges = 262,fail_cases = 9,fault = 48&49&50&51,
SUCCESS;210:edges = 263,fail_cases = 9,fault = 45&48&49&50&51,
SUCCESS;211:edges = 264,fail_cases = 9,fault = 45&46&48&49&50&51,
SUCCESS;212:edges = 266,fail_cases = 9,fault = 50&51&52,
SUCCESS;213:edges = 267,fail_cases = 9,fault = 48&50&51&52,
SUCCESS;214:edges = 268,fail_cases = 9,fault = 48&49&50&51&52,
SUCCESS;215:edges = 269,fail_cases = 9,fault = 45&48&49&50&51&52,
SUCCESS;216:edges = 270,fail_cases = 9,fault = 45&46&48&49&50&51&52,
SUCCESS;217:edges = 272,fail_cases = 9,fault = 50&51&52&53,
SUCCESS;218:edges = 273,fail_cases = 9,fault = 48&50&51&52&53,
SUCCESS;219:edges = 274,fail_cases = 9,fault = 48&49&50&51&52&53,
SUCCESS;220:edges = 275,fail_cases = 9,fault = 45&48&49&50&51&52&53,
SUCCESS;221:edges = 276,fail_cases = 9,fault = 45&46&48&49&50&51&52&53,
SUCCESS;222:edges = 278,fail_cases = 9,fault = 50&51&52&53&54,
SUCCESS;223:edges = 279,fail_cases = 9,fault = 48&50&51&52&53&54,
SUCCESS;224:edges = 280,fail_cases = 9,fault = 48&49&50&51&52&53&54,
SUCCESS;225:edges = 281,fail_cases = 9,fault = 45&48&49&50&51&52&53&54,
SUCCESS;226:edges = 282,fail_cases = 9,fault = 45&46&48&49&50&51&52&53&54,
FAIL;227:edges = 282,fail_cases = 10,fault = 55&50&51&52&53&54,
SUCCESS;228:edges = 284,fail_cases = 10,fault = 56,
SUCCESS;229:edges = 285,fail_cases = 10,fault = 56&50,
SUCCESS;230:edges = 286,fail_cases = 10,fault = 56&50&51,
SUCCESS;231:edges = 287,fail_cases = 10,fault = 56&50&51&52,
SUCCESS;232:edges = 288,fail_cases = 10,fault = 56&50&51&52&53,
SUCCESS;233:edges = 289,fail_cases = 10,fault = 56&50&51&52&53&54,
SUCCESS;234:edges = 291,fail_cases = 10,fault = 56&57,
SUCCESS;235:edges = 292,fail_cases = 10,fault = 56&57&50,
SUCCESS;236:edges = 293,fail_cases = 10,fault = 56&57&50&51,
SUCCESS;237:edges = 294,fail_cases = 10,fault = 56&57&50&51&52,
SUCCESS;238:edges = 295,fail_cases = 10,fault = 56&57&50&51&52&53,
SUCCESS;239:edges = 296,fail_cases = 10,fault = 56&57&50&51&52&53&54,
SUCCESS;240:edges = 298,fail_cases = 10,fault = 56&57&58,
SUCCESS;241:edges = 299,fail_cases = 10,fault = 56&57&58&50,
SUCCESS;242:edges = 300,fail_cases = 10,fault = 56&57&58&50&51,
SUCCESS;243:edges = 301,fail_cases = 10,fault = 56&57&58&50&51&52,
SUCCESS;244:edges = 302,fail_cases = 10,fault = 56&57&58&50&51&52&53,
SUCCESS;245:edges = 303,fail_cases = 10,fault = 56&57&58&50&51&52&53&54,
SUCCESS;246:edges = 305,fail_cases = 10,fault = 56&57&58&59,
SUCCESS;247:edges = 306,fail_cases = 10,fault = 56&57&58&59&50,
SUCCESS;248:edges = 307,fail_cases = 10,fault = 56&57&58&59&50&51,
SUCCESS;249:edges = 308,fail_cases = 10,fault = 56&57&58&59&50&51&52,
SUCCESS;250:edges = 309,fail_cases = 10,fault = 56&57&58&59&50&51&52&53,
SUCCESS;251:edges = 310,fail_cases = 10,fault = 56&57&58&59&50&51&52&53&54,
SUCCESS;252:edges = 312,fail_cases = 10,fault = 56&57&58&59&60,
SUCCESS;253:edges = 313,fail_cases = 10,fault = 56&57&58&59&60&50,
SUCCESS;254:edges = 314,fail_cases = 10,fault = 56&57&58&59&60&50&51,
SUCCESS;255:edges = 315,fail_cases = 10,fault = 56&57&58&59&60&50&51&52,
SUCCESS;256:edges = 316,fail_cases = 10,fault = 56&57&58&59&60&50&51&52&53,
SUCCESS;257:edges = 317,fail_cases = 10,fault = 56&57&58&59&60&50&51&52&53&54,
SUCCESS;258:edges = 319,fail_cases = 10,fault = 56&57&58&59&60&61,
SUCCESS;259:edges = 320,fail_cases = 10,fault = 56&57&58&59&60&61&50,
SUCCESS;260:edges = 321,fail_cases = 10,fault = 56&57&58&59&60&61&50&51,
SUCCESS;261:edges = 322,fail_cases = 10,fault = 56&57&58&59&60&61&50&51&52,
SUCCESS;262:edges = 323,fail_cases = 10,fault = 56&57&58&59&60&61&50&51&52&53,
SUCCESS;263:edges = 324,fail_cases = 10,fault = 56&57&58&59&60&61&50&51&52&53&54,
FAIL;264:edges = 324,fail_cases = 11,fault = 56&57&58&59&60&61&62,
SUCCESS;265:edges = 326,fail_cases = 11,fault = 64,
SUCCESS;266:edges = 327,fail_cases = 11,fault = 56&64,
SUCCESS;267:edges = 328,fail_cases = 11,fault = 56&57&64,
SUCCESS;268:edges = 329,fail_cases = 11,fault = 56&57&58&64,
SUCCESS;269:edges = 330,fail_cases = 11,fault = 56&57&58&59&64,
SUCCESS;270:edges = 331,fail_cases = 11,fault = 56&57&58&59&60&64,
SUCCESS;271:edges = 332,fail_cases = 11,fault = 56&57&58&59&60&61&64,
SUCCESS;272:edges = 334,fail_cases = 11,fault = 64&65,
SUCCESS;273:edges = 335,fail_cases = 11,fault = 56&64&65,
SUCCESS;274:edges = 336,fail_cases = 11,fault = 56&57&64&65,
SUCCESS;275:edges = 337,fail_cases = 11,fault = 56&57&58&64&65,
SUCCESS;276:edges = 338,fail_cases = 11,fault = 56&57&58&59&64&65,
SUCCESS;277:edges = 339,fail_cases = 11,fault = 56&57&58&59&60&64&65,
SUCCESS;278:edges = 340,fail_cases = 11,fault = 56&57&58&59&60&61&64&65,
FAIL;279:edges = 340,fail_cases = 12,fault = 63&64&65,
SUCCESS;280:edges = 342,fail_cases = 12,fault = 66,
SUCCESS;281:edges = 343,fail_cases = 12,fault = 66&64,
SUCCESS;282:edges = 344,fail_cases = 12,fault = 66&64&65,
SUCCESS;283:edges = 346,fail_cases = 12,fault = 66&67,
SUCCESS;284:edges = 347,fail_cases = 12,fault = 66&67&64,
SUCCESS;285:edges = 348,fail_cases = 12,fault = 66&67&64&65,
FAIL;286:edges = 348,fail_cases = 13,fault = 66&67&68,
SUCCESS;287:edges = 350,fail_cases = 13,fault = 69,
SUCCESS;288:edges = 351,fail_cases = 13,fault = 66&69,
SUCCESS;289:edges = 352,fail_cases = 13,fault = 66&67&69,
SUCCESS;290:edges = 354,fail_cases = 13,fault = 69&70,
SUCCESS;291:edges = 355,fail_cases = 13,fault = 66&69&70,
SUCCESS;292:edges = 356,fail_cases = 13,fault = 66&67&69&70,
SUCCESS;293:edges = 358,fail_cases = 13,fault = 69&70&71,
SUCCESS;294:edges = 359,fail_cases = 13,fault = 66&69&70&71,
SUCCESS;295:edges = 360,fail_cases = 13,fault = 66&67&69&70&71,
SUCCESS;296:edges = 362,fail_cases = 13,fault = 69&70&71&72,
SUCCESS;297:edges = 363,fail_cases = 13,fault = 66&69&70&71&72,
SUCCESS;298:edges = 364,fail_cases = 13,fault = 66&67&69&70&71&72,
SUCCESS;299:edges = 366,fail_cases = 13,fault = 69&70&71&72&73,
SUCCESS;300:edges = 367,fail_cases = 13,fault = 66&69&70&71&72&73,
SUCCESS;301:edges = 368,fail_cases = 13,fault = 66&67&69&70&71&72&73,
SUCCESS;302:edges = 370,fail_cases = 13,fault = 69&70&71&72&73&74,
SUCCESS;303:edges = 371,fail_cases = 13,fault = 66&69&70&71&72&73&74,
SUCCESS;304:edges = 372,fail_cases = 13,fault = 66&67&69&70&71&72&73&74,
FAIL;305:edges = 372,fail_cases = 14,fault = 69&70&71&72&73&74&75,
SUCCESS;306:edges = 374,fail_cases = 14,fault = 80,
SUCCESS;307:edges = 375,fail_cases = 14,fault = 69&80,
SUCCESS;308:edges = 376,fail_cases = 14,fault = 69&80&70,
SUCCESS;309:edges = 377,fail_cases = 14,fault = 69&80&70&71,
SUCCESS;310:edges = 378,fail_cases = 14,fault = 69&80&70&71&72,
SUCCESS;311:edges = 379,fail_cases = 14,fault = 69&80&70&71&72&73,
SUCCESS;312:edges = 380,fail_cases = 14,fault = 69&80&70&71&72&73&74,
SUCCESS;313:edges = 382,fail_cases = 14,fault = 80&76,
SUCCESS;314:edges = 383,fail_cases = 14,fault = 69&80&76,
SUCCESS;315:edges = 384,fail_cases = 14,fault = 69&80&70&76,
SUCCESS;316:edges = 385,fail_cases = 14,fault = 69&80&70&71&76,
SUCCESS;317:edges = 386,fail_cases = 14,fault = 69&80&70&71&72&76,
SUCCESS;318:edges = 387,fail_cases = 14,fault = 69&80&70&71&72&73&76,
SUCCESS;319:edges = 388,fail_cases = 14,fault = 69&80&70&71&72&73&74&76,
SUCCESS;320:edges = 390,fail_cases = 14,fault = 77&80&76,
SUCCESS;321:edges = 391,fail_cases = 14,fault = 77&69&80&76,
SUCCESS;322:edges = 392,fail_cases = 14,fault = 77&69&80&70&76,
SUCCESS;323:edges = 393,fail_cases = 14,fault = 77&69&80&70&71&76,
SUCCESS;324:edges = 394,fail_cases = 14,fault = 77&69&80&70&71&72&76,
SUCCESS;325:edges = 395,fail_cases = 14,fault = 77&69&80&70&71&72&73&76,
SUCCESS;326:edges = 396,fail_cases = 14,fault = 77&69&80&70&71&72&73&74&76,
SUCCESS;327:edges = 398,fail_cases = 14,fault = 77&78&80&76,
SUCCESS;328:edges = 399,fail_cases = 14,fault = 77&78&69&80&76,
SUCCESS;329:edges = 400,fail_cases = 14,fault = 77&78&69&80&70&76,
SUCCESS;330:edges = 401,fail_cases = 14,fault = 77&78&69&80&70&71&76,
SUCCESS;331:edges = 402,fail_cases = 14,fault = 77&78&69&80&70&71&72&76,
SUCCESS;332:edges = 403,fail_cases = 14,fault = 77&78&69&80&70&71&72&73&76,
SUCCESS;333:edges = 404,fail_cases = 14,fault = 77&78&69&80&70&71&72&73&74&76,
FAIL;334:edges = 404,fail_cases = 15,fault = 77&78&79&80&76,
SUCCESS;335:edges = 406,fail_cases = 15,fault = 81,
SUCCESS;336:edges = 407,fail_cases = 15,fault = 80&81,
SUCCESS;337:edges = 408,fail_cases = 15,fault = 80&81&76,
SUCCESS;338:edges = 409,fail_cases = 15,fault = 77&80&81&76,
SUCCESS;339:edges = 410,fail_cases = 15,fault = 77&78&80&81&76,
SUCCESS;340:edges = 412,fail_cases = 15,fault = 81&82,
SUCCESS;341:edges = 413,fail_cases = 15,fault = 80&81&82,
SUCCESS;342:edges = 414,fail_cases = 15,fault = 80&81&82&76,
SUCCESS;343:edges = 415,fail_cases = 15,fault = 77&80&81&82&76,
SUCCESS;344:edges = 416,fail_cases = 15,fault = 77&78&80&81&82&76,
SUCCESS;345:edges = 418,fail_cases = 15,fault = 81&82&83,
SUCCESS;346:edges = 419,fail_cases = 15,fault = 80&81&82&83,
SUCCESS;347:edges = 420,fail_cases = 15,fault = 80&81&82&83&76,
SUCCESS;348:edges = 421,fail_cases = 15,fault = 77&80&81&82&83&76,
SUCCESS;349:edges = 422,fail_cases = 15,fault = 77&78&80&81&82&83&76,
FAIL;350:edges = 422,fail_cases = 16,fault = 81&82&83&84,
SUCCESS;351:edges = 424,fail_cases = 16,fault = 85,
SUCCESS;352:edges = 425,fail_cases = 16,fault = 81&85,
SUCCESS;353:edges = 426,fail_cases = 16,fault = 81&82&85,
SUCCESS;354:edges = 427,fail_cases = 16,fault = 81&82&83&85,
SUCCESS;355:edges = 429,fail_cases = 16,fault = 85&86,
SUCCESS;356:edges = 430,fail_cases = 16,fault = 81&85&86,
SUCCESS;357:edges = 431,fail_cases = 16,fault = 81&82&85&86,
SUCCESS;358:edges = 432,fail_cases = 16,fault = 81&82&83&85&86,
SUCCESS;359:edges = 434,fail_cases = 16,fault = 85&86&87,
SUCCESS;360:edges = 435,fail_cases = 16,fault = 81&85&86&87,
SUCCESS;361:edges = 436,fail_cases = 16,fault = 81&82&85&86&87,
SUCCESS;362:edges = 437,fail_cases = 16,fault = 81&82&83&85&86&87,
SUCCESS;363:edges = 439,fail_cases = 16,fault = 88&85&86&87,
SUCCESS;364:edges = 440,fail_cases = 16,fault = 88&81&85&86&87,
SUCCESS;365:edges = 441,fail_cases = 16,fault = 88&81&82&85&86&87,
SUCCESS;366:edges = 442,fail_cases = 16,fault = 88&81&82&83&85&86&87,
SUCCESS;367:edges = 444,fail_cases = 16,fault = 88&89&85&86&87,
SUCCESS;368:edges = 445,fail_cases = 16,fault = 88&89&81&85&86&87,
SUCCESS;369:edges = 446,fail_cases = 16,fault = 88&89&81&82&85&86&87,
SUCCESS;370:edges = 447,fail_cases = 16,fault = 88&89&81&82&83&85&86&87,
SUCCESS;371:edges = 449,fail_cases = 16,fault = 88&89&90&85&86&87,
SUCCESS;372:edges = 450,fail_cases = 16,fault = 88&89&90&81&85&86&87,
SUCCESS;373:edges = 451,fail_cases = 16,fault = 88&89&90&81&82&85&86&87,
SUCCESS;374:edges = 452,fail_cases = 16,fault = 88&89&90&81&82&83&85&86&87,
SUCCESS;375:edges = 454,fail_cases = 16,fault = 88&89&90&91&85&86&87,
SUCCESS;376:edges = 455,fail_cases = 16,fault = 88&89&90&91&81&85&86&87,
SUCCESS;377:edges = 456,fail_cases = 16,fault = 88&89&90&91&81&82&85&86&87,
SUCCESS;378:edges = 457,fail_cases = 16,fault = 88&89&90&91&81&82&83&85&86&87,
FAIL;379:edges = 457,fail_cases = 17,fault = 88&89&90&91&92&85&86&87,
SUCCESS;380:edges = 459,fail_cases = 17,fault = 96,
SUCCESS;381:edges = 460,fail_cases = 17,fault = 96&85,
SUCCESS;382:edges = 461,fail_cases = 17,fault = 96&85&86,
SUCCESS;383:edges = 462,fail_cases = 17,fault = 96&85&86&87,
SUCCESS;384:edges = 463,fail_cases = 17,fault = 88&96&85&86&87,
SUCCESS;385:edges = 464,fail_cases = 17,fault = 88&89&96&85&86&87,
SUCCESS;386:edges = 465,fail_cases = 17,fault = 88&89&90&96&85&86&87,
SUCCESS;387:edges = 466,fail_cases = 17,fault = 88&89&90&91&96&85&86&87,
SUCCESS;388:edges = 468,fail_cases = 17,fault = 96&97,
SUCCESS;389:edges = 469,fail_cases = 17,fault = 96&85&97,
SUCCESS;390:edges = 470,fail_cases = 17,fault = 96&85&97&86,
SUCCESS;391:edges = 471,fail_cases = 17,fault = 96&85&97&86&87,
SUCCESS;392:edges = 472,fail_cases = 17,fault = 88&96&85&97&86&87,
SUCCESS;393:edges = 473,fail_cases = 17,fault = 88&89&96&85&97&86&87,
SUCCESS;394:edges = 474,fail_cases = 17,fault = 88&89&90&96&85&97&86&87,
SUCCESS;395:edges = 475,fail_cases = 17,fault = 88&89&90&91&96&85&97&86&87,
SUCCESS;396:edges = 477,fail_cases = 17,fault = 96&97&98,
SUCCESS;397:edges = 478,fail_cases = 17,fault = 96&85&97&98,
SUCCESS;398:edges = 479,fail_cases = 17,fault = 96&85&97&86&98,
SUCCESS;399:edges = 480,fail_cases = 17,fault = 96&85&97&86&98&87,
SUCCESS;400:edges = 481,fail_cases = 17,fault = 88&96&85&97&86&98&87,
SUCCESS;401:edges = 482,fail_cases = 17,fault = 88&89&96&85&97&86&98&87,
SUCCESS;402:edges = 483,fail_cases = 17,fault = 88&89&90&96&85&97&86&98&87,
SUCCESS;403:edges = 484,fail_cases = 17,fault = 88&89&90&91&96&85&97&86&98&87,
SUCCESS;404:edges = 486,fail_cases = 17,fault = 99&96&97&98,
SUCCESS;405:edges = 487,fail_cases = 17,fault = 99&96&85&97&98,
SUCCESS;406:edges = 488,fail_cases = 17,fault = 99&96&85&97&86&98,
SUCCESS;407:edges = 489,fail_cases = 17,fault = 99&96&85&97&86&98&87,
SUCCESS;408:edges = 490,fail_cases = 17,fault = 99&88&96&85&97&86&98&87,
SUCCESS;409:edges = 491,fail_cases = 17,fault = 99&88&89&96&85&97&86&98&87,
SUCCESS;410:edges = 492,fail_cases = 17,fault = 99&88&89&90&96&85&97&86&98&87,
SUCCESS;411:edges = 493,fail_cases = 17,fault = 99&88&89&90&91&96&85&97&86&98&87,
SUCCESS;412:edges = 495,fail_cases = 17,fault = 99&100&96&97&98,
SUCCESS;413:edges = 496,fail_cases = 17,fault = 99&100&96&85&97&98,
SUCCESS;414:edges = 497,fail_cases = 17,fault = 99&100&96&85&97&86&98,
SUCCESS;415:edges = 498,fail_cases = 17,fault = 99&100&96&85&97&86&98&87,
SUCCESS;416:edges = 499,fail_cases = 17,fault = 99&88&100&96&85&97&86&98&87,
SUCCESS;417:edges = 500,fail_cases = 17,fault = 99&88&100&89&96&85&97&86&98&87,
SUCCESS;418:edges = 501,fail_cases = 17,fault = 99&88&100&89&90&96&85&97&86&98&87,
SUCCESS;419:edges = 502,fail_cases = 17,fault = 99&88&100&89&90&91&96&85&97&86&98&87,
SUCCESS;420:edges = 504,fail_cases = 17,fault = 99&100&93&96&97&98,
SUCCESS;421:edges = 505,fail_cases = 17,fault = 99&100&93&96&85&97&98,
SUCCESS;422:edges = 506,fail_cases = 17,fault = 99&100&93&96&85&97&86&98,
SUCCESS;423:edges = 507,fail_cases = 17,fault = 99&100&93&96&85&97&86&98&87,
SUCCESS;424:edges = 508,fail_cases = 17,fault = 99&88&100&93&96&85&97&86&98&87,
SUCCESS;425:edges = 509,fail_cases = 17,fault = 99&88&100&89&93&96&85&97&86&98&87,
SUCCESS;426:edges = 510,fail_cases = 17,fault = 99&88&100&89&90&93&96&85&97&86&98&87,
SUCCESS;427:edges = 511,fail_cases = 17,fault = 99&88&89&100&90&91&93&96&85&97&86&98&87,
SUCCESS;428:edges = 513,fail_cases = 17,fault = 99&100&93&94&96&97&98,
SUCCESS;429:edges = 514,fail_cases = 17,fault = 99&100&93&94&96&85&97&98,
SUCCESS;430:edges = 515,fail_cases = 17,fault = 99&100&93&94&96&85&97&86&98,
SUCCESS;431:edges = 516,fail_cases = 17,fault = 99&100&93&94&96&85&97&86&98&87,
SUCCESS;432:edges = 517,fail_cases = 17,fault = 99&88&100&93&94&96&85&97&86&98&87,
SUCCESS;433:edges = 518,fail_cases = 17,fault = 99&88&100&89&93&94&96&85&97&86&98&87,
SUCCESS;434:edges = 519,fail_cases = 17,fault = 99&88&89&100&90&93&94&96&85&97&86&98&87,
SUCCESS;435:edges = 520,fail_cases = 17,fault = 99&88&89&100&90&91&93&94&96&85&97&86&98&87,
FAIL;436:edges = 520,fail_cases = 18,fault = 99&100&93&94&95&96&97&98,
SUCCESS;437:edges = 522,fail_cases = 18,fault = 101,
SUCCESS;438:edges = 523,fail_cases = 18,fault = 101&96,
SUCCESS;439:edges = 524,fail_cases = 18,fault = 101&96&97,
SUCCESS;440:edges = 525,fail_cases = 18,fault = 101&96&97&98,
SUCCESS;441:edges = 526,fail_cases = 18,fault = 99&101&96&97&98,
SUCCESS;442:edges = 527,fail_cases = 18,fault = 99&100&101&96&97&98,
SUCCESS;443:edges = 528,fail_cases = 18,fault = 99&100&101&93&96&97&98,
SUCCESS;444:edges = 529,fail_cases = 18,fault = 99&100&101&93&94&96&97&98,
SUCCESS;445:edges = 531,fail_cases = 18,fault = 101&102,
SUCCESS;446:edges = 532,fail_cases = 18,fault = 101&102&96,
SUCCESS;447:edges = 533,fail_cases = 18,fault = 101&102&96&97,
SUCCESS;448:edges = 534,fail_cases = 18,fault = 101&102&96&97&98,
SUCCESS;449:edges = 535,fail_cases = 18,fault = 99&101&102&96&97&98,
SUCCESS;450:edges = 536,fail_cases = 18,fault = 99&100&101&102&96&97&98,
SUCCESS;451:edges = 537,fail_cases = 18,fault = 99&100&101&102&93&96&97&98,
SUCCESS;452:edges = 538,fail_cases = 18,fault = 99&100&101&102&93&94&96&97&98,
SUCCESS;453:edges = 540,fail_cases = 18,fault = 101&102&103,
SUCCESS;454:edges = 541,fail_cases = 18,fault = 101&102&103&96,
SUCCESS;455:edges = 542,fail_cases = 18,fault = 101&102&103&96&97,
SUCCESS;456:edges = 543,fail_cases = 18,fault = 101&102&103&96&97&98,
SUCCESS;457:edges = 544,fail_cases = 18,fault = 99&101&102&103&96&97&98,
SUCCESS;458:edges = 545,fail_cases = 18,fault = 99&100&101&102&103&96&97&98,
SUCCESS;459:edges = 546,fail_cases = 18,fault = 99&100&101&102&103&93&96&97&98,
SUCCESS;460:edges = 547,fail_cases = 18,fault = 99&100&101&102&103&93&94&96&97&98,
SUCCESS;461:edges = 549,fail_cases = 18,fault = 101&102&103&104,
SUCCESS;462:edges = 550,fail_cases = 18,fault = 101&102&103&104&96,
SUCCESS;463:edges = 551,fail_cases = 18,fault = 101&102&103&104&96&97,
SUCCESS;464:edges = 552,fail_cases = 18,fault = 101&102&103&104&96&97&98,
SUCCESS;465:edges = 553,fail_cases = 18,fault = 99&101&102&103&104&96&97&98,
SUCCESS;466:edges = 554,fail_cases = 18,fault = 99&100&101&102&103&104&96&97&98,
SUCCESS;467:edges = 555,fail_cases = 18,fault = 99&100&101&102&103&104&93&96&97&98,
SUCCESS;468:edges = 556,fail_cases = 18,fault = 99&100&101&102&103&104&93&94&96&97&98,
SUCCESS;469:edges = 558,fail_cases = 18,fault = 101&102&103&104&105,
SUCCESS;470:edges = 559,fail_cases = 18,fault = 101&102&103&104&105&96,
SUCCESS;471:edges = 560,fail_cases = 18,fault = 101&102&103&104&105&96&97,
SUCCESS;472:edges = 561,fail_cases = 18,fault = 101&102&103&104&105&96&97&98,
SUCCESS;473:edges = 562,fail_cases = 18,fault = 99&101&102&103&104&105&96&97&98,
SUCCESS;474:edges = 563,fail_cases = 18,fault = 99&100&101&102&103&104&105&96&97&98,
SUCCESS;475:edges = 564,fail_cases = 18,fault = 99&100&101&102&103&104&105&93&96&97&98,
SUCCESS;476:edges = 565,fail_cases = 18,fault = 99&100&101&102&103&104&105&93&94&96&97&98,
SUCCESS;477:edges = 567,fail_cases = 18,fault = 101&102&103&104&105&106,
SUCCESS;478:edges = 568,fail_cases = 18,fault = 101&102&103&104&105&106&96,
SUCCESS;479:edges = 569,fail_cases = 18,fault = 101&102&103&104&105&106&96&97,
SUCCESS;480:edges = 570,fail_cases = 18,fault = 101&102&103&104&105&106&96&97&98,
SUCCESS;481:edges = 571,fail_cases = 18,fault = 99&101&102&103&104&105&106&96&97&98,
SUCCESS;482:edges = 572,fail_cases = 18,fault = 99&100&101&102&103&104&105&106&96&97&98,
SUCCESS;483:edges = 573,fail_cases = 18,fault = 99&100&101&102&103&104&105&106&93&96&97&98,
SUCCESS;484:edges = 574,fail_cases = 18,fault = 99&100&101&102&103&104&105&106&93&94&96&97&98,
FAIL;485:edges = 574,fail_cases = 19,fault = 101&102&103&104&105&106&107,
SUCCESS;486:edges = 576,fail_cases = 19,fault = 108,
SUCCESS;487:edges = 577,fail_cases = 19,fault = 101&108,
SUCCESS;488:edges = 578,fail_cases = 19,fault = 101&102&108,
SUCCESS;489:edges = 579,fail_cases = 19,fault = 101&102&103&108,
SUCCESS;490:edges = 580,fail_cases = 19,fault = 101&102&103&104&108,
SUCCESS;491:edges = 581,fail_cases = 19,fault = 101&102&103&104&105&108,
SUCCESS;492:edges = 582,fail_cases = 19,fault = 101&102&103&104&105&106&108,
SUCCESS;493:edges = 584,fail_cases = 19,fault = 108&109,
SUCCESS;494:edges = 585,fail_cases = 19,fault = 101&108&109,
SUCCESS;495:edges = 586,fail_cases = 19,fault = 101&102&108&109,
SUCCESS;496:edges = 587,fail_cases = 19,fault = 101&102&103&108&109,
SUCCESS;497:edges = 588,fail_cases = 19,fault = 101&102&103&104&108&109,
SUCCESS;498:edges = 589,fail_cases = 19,fault = 101&102&103&104&105&108&109,
SUCCESS;499:edges = 590,fail_cases = 19,fault = 101&102&103&104&105&106&108&109,
FAIL;500:edges = 590,fail_cases = 20,fault = 110&108&109,
SUCCESS;501:edges = 592,fail_cases = 20,fault = 112,
SUCCESS;502:edges = 593,fail_cases = 20,fault = 112&108,
SUCCESS;503:edges = 594,fail_cases = 20,fault = 112&108&109,
SUCCESS;504:edges = 596,fail_cases = 20,fault = 112&113,
SUCCESS;505:edges = 597,fail_cases = 20,fault = 112&113&108,
SUCCESS;506:edges = 598,fail_cases = 20,fault = 112&113&108&109,
SUCCESS;507:edges = 600,fail_cases = 20,fault = 112&113&114,
SUCCESS;508:edges = 601,fail_cases = 20,fault = 112&113&114&108,
SUCCESS;509:edges = 602,fail_cases = 20,fault = 112&113&114&108&109,
SUCCESS;510:edges = 604,fail_cases = 20,fault = 112&113&114&115,
SUCCESS;511:edges = 605,fail_cases = 20,fault = 112&113&114&115&108,
SUCCESS;512:edges = 606,fail_cases = 20,fault = 112&113&114&115&108&109,
SUCCESS;513:edges = 608,fail_cases = 20,fault = 112&113&114&115&116,
SUCCESS;514:edges = 609,fail_cases = 20,fault = 112&113&114&115&116&108,
SUCCESS;515:edges = 610,fail_cases = 20,fault = 112&113&114&115&116&108&109,
SUCCESS;516:edges = 612,fail_cases = 20,fault = 112&113&114&115&116&117,
SUCCESS;517:edges = 613,fail_cases = 20,fault = 112&113&114&115&116&117&108,
SUCCESS;518:edges = 614,fail_cases = 20,fault = 112&113&114&115&116&117&108&109,
FAIL;519:edges = 614,fail_cases = 21,fault = 111&112&113&114&115&116&117,
SUCCESS;520:edges = 616,fail_cases = 21,fault = 118,
SUCCESS;521:edges = 617,fail_cases = 21,fault = 112&118,
SUCCESS;522:edges = 618,fail_cases = 21,fault = 112&113&118,
SUCCESS;523:edges = 619,fail_cases = 21,fault = 112&113&114&118,
SUCCESS;524:edges = 620,fail_cases = 21,fault = 112&113&114&115&118,
SUCCESS;525:edges = 621,fail_cases = 21,fault = 112&113&114&115&116&118,
SUCCESS;526:edges = 622,fail_cases = 21,fault = 112&113&114&115&116&117&118,
SUCCESS;527:edges = 624,fail_cases = 21,fault = 118&119,
SUCCESS;528:edges = 625,fail_cases = 21,fault = 112&118&119,
SUCCESS;529:edges = 626,fail_cases = 21,fault = 112&113&118&119,
SUCCESS;530:edges = 627,fail_cases = 21,fault = 112&113&114&118&119,
SUCCESS;531:edges = 628,fail_cases = 21,fault = 112&113&114&115&118&119,
SUCCESS;532:edges = 629,fail_cases = 21,fault = 112&113&114&115&116&118&119,
SUCCESS;533:edges = 630,fail_cases = 21,fault = 112&113&114&115&116&117&118&119,
SUCCESS;534:edges = 632,fail_cases = 21,fault = 118&119&120,
SUCCESS;535:edges = 633,fail_cases = 21,fault = 112&118&119&120,
SUCCESS;536:edges = 634,fail_cases = 21,fault = 112&113&118&119&120,
SUCCESS;537:edges = 635,fail_cases = 21,fault = 112&113&114&118&119&120,
SUCCESS;538:edges = 636,fail_cases = 21,fault = 112&113&114&115&118&119&120,
SUCCESS;539:edges = 637,fail_cases = 21,fault = 112&113&114&115&116&118&119&120,
SUCCESS;540:edges = 638,fail_cases = 21,fault = 112&113&114&115&116&117&118&119&120,
SUCCESS;541:edges = 640,fail_cases = 21,fault = 121&118&119&120,
SUCCESS;542:edges = 641,fail_cases = 21,fault = 121&112&118&119&120,
SUCCESS;543:edges = 642,fail_cases = 21,fault = 121&112&113&118&119&120,
SUCCESS;544:edges = 643,fail_cases = 21,fault = 121&112&113&114&118&119&120,
SUCCESS;545:edges = 644,fail_cases = 21,fault = 121&112&113&114&115&118&119&120,
SUCCESS;546:edges = 645,fail_cases = 21,fault = 121&112&113&114&115&116&118&119&120,
SUCCESS;547:edges = 646,fail_cases = 21,fault = 121&112&113&114&115&116&117&118&119&120,
SUCCESS;548:edges = 648,fail_cases = 21,fault = 121&122&118&119&120,
SUCCESS;549:edges = 649,fail_cases = 21,fault = 121&122&112&118&119&120,
SUCCESS;550:edges = 650,fail_cases = 21,fault = 121&122&112&113&118&119&120,
SUCCESS;551:edges = 651,fail_cases = 21,fault = 121&122&112&113&114&118&119&120,
SUCCESS;552:edges = 652,fail_cases = 21,fault = 121&122&112&113&114&115&118&119&120,
SUCCESS;553:edges = 653,fail_cases = 21,fault = 121&122&112&113&114&115&116&118&119&120,
SUCCESS;554:edges = 654,fail_cases = 21,fault = 121&122&112&113&114&115&116&117&118&119&120,
SUCCESS;555:edges = 656,fail_cases = 21,fault = 121&122&123&118&119&120,
SUCCESS;556:edges = 657,fail_cases = 21,fault = 121&122&123&112&118&119&120,
SUCCESS;557:edges = 658,fail_cases = 21,fault = 121&122&123&112&113&118&119&120,
SUCCESS;558:edges = 659,fail_cases = 21,fault = 121&122&123&112&113&114&118&119&120,
SUCCESS;559:edges = 660,fail_cases = 21,fault = 121&122&123&112&113&114&115&118&119&120,
SUCCESS;560:edges = 661,fail_cases = 21,fault = 121&122&123&112&113&114&115&116&118&119&120,
SUCCESS;561:edges = 662,fail_cases = 21,fault = 121&122&123&112&113&114&115&116&117&118&119&120,
FAIL;562:edges = 662,fail_cases = 22,fault = 121&122&123&124&118&119&120,
SUCCESS;563:edges = 664,fail_cases = 22,fault = 125,
SUCCESS;564:edges = 665,fail_cases = 22,fault = 125&118,
SUCCESS;565:edges = 666,fail_cases = 22,fault = 125&118&119,
SUCCESS;566:edges = 667,fail_cases = 22,fault = 125&118&119&120,
SUCCESS;567:edges = 668,fail_cases = 22,fault = 121&125&118&119&120,
SUCCESS;568:edges = 669,fail_cases = 22,fault = 121&122&125&118&119&120,
SUCCESS;569:edges = 670,fail_cases = 22,fault = 121&122&123&125&118&119&120,
FAIL;570:edges = 670,fail_cases = 23,fault = 125&126,
SUCCESS;571:edges = 672,fail_cases = 23,fault = 128,
SUCCESS;572:edges = 673,fail_cases = 23,fault = 125&128,
SUCCESS;573:edges = 675,fail_cases = 23,fault = 128&129,
SUCCESS;574:edges = 676,fail_cases = 23,fault = 125&128&129,
SUCCESS;575:edges = 678,fail_cases = 23,fault = 128&129&130,
SUCCESS;576:edges = 679,fail_cases = 23,fault = 125&128&129&130,
SUCCESS;577:edges = 681,fail_cases = 23,fault = 128&129&130&131,
SUCCESS;578:edges = 682,fail_cases = 23,fault = 125&128&129&130&131,
FAIL;579:edges = 682,fail_cases = 24,fault = 127&128&129&130&131,
SUCCESS;580:edges = 684,fail_cases = 24,fault = 132,
SUCCESS;581:edges = 685,fail_cases = 24,fault = 132&128,
SUCCESS;582:edges = 686,fail_cases = 24,fault = 132&128&129,
SUCCESS;583:edges = 687,fail_cases = 24,fault = 132&128&129&130,
SUCCESS;584:edges = 688,fail_cases = 24,fault = 132&128&129&130&131,
FAIL;585:edges = 688,fail_cases = 25,fault = 132&133,
SUCCESS;586:edges = 690,fail_cases = 25,fault = 134,
SUCCESS;587:edges = 691,fail_cases = 25,fault = 132&134,
SUCCESS;588:edges = 693,fail_cases = 25,fault = 134&135,
SUCCESS;589:edges = 694,fail_cases = 25,fault = 132&134&135,
SUCCESS;590:edges = 696,fail_cases = 25,fault = 134&135&136,
SUCCESS;591:edges = 697,fail_cases = 25,fault = 132&134&135&136,
SUCCESS;592:edges = 699,fail_cases = 25,fault = 134&135&136&137,
SUCCESS;593:edges = 700,fail_cases = 25,fault = 132&134&135&136&137,
SUCCESS;594:edges = 702,fail_cases = 25,fault = 134&135&136&137&138,
SUCCESS;595:edges = 703,fail_cases = 25,fault = 132&134&135&136&137&138,
SUCCESS;596:edges = 705,fail_cases = 25,fault = 134&135&136&137&138&139,
SUCCESS;597:edges = 706,fail_cases = 25,fault = 132&134&135&136&137&138&139,
SUCCESS;598:edges = 708,fail_cases = 25,fault = 134&135&136&137&138&139&140,
SUCCESS;599:edges = 709,fail_cases = 25,fault = 132&134&135&136&137&138&139&140,
FAIL;600:edges = 709,fail_cases = 26,fault = 134&135&136&137&138&139&140&141,
SUCCESS;601:edges = 710,fail_cases = 26,fault = 144,
SUCCESS;602:edges = 711,fail_cases = 26,fault = 144&134,
SUCCESS;603:edges = 712,fail_cases = 26,fault = 144&134&135,
SUCCESS;604:edges = 713,fail_cases = 26,fault = 144&134&135&136,
SUCCESS;605:edges = 714,fail_cases = 26,fault = 144&134&135&136&137,
SUCCESS;606:edges = 715,fail_cases = 26,fault = 144&134&135&136&137&138,
SUCCESS;607:edges = 716,fail_cases = 26,fault = 144&134&135&136&137&138&139,
SUCCESS;608:edges = 717,fail_cases = 26,fault = 144&134&135&136&137&138&139&140,
SUCCESS;609:edges = 718,fail_cases = 26,fault = 144&145,
SUCCESS;610:edges = 719,fail_cases = 26,fault = 144&145&134,
SUCCESS;611:edges = 720,fail_cases = 26,fault = 144&145&134&135,
SUCCESS;612:edges = 721,fail_cases = 26,fault = 144&145&134&135&136,
SUCCESS;613:edges = 722,fail_cases = 26,fault = 144&145&134&135&136&137,
SUCCESS;614:edges = 723,fail_cases = 26,fault = 144&145&134&135&136&137&138,
SUCCESS;615:edges = 724,fail_cases = 26,fault = 144&145&134&135&136&137&138&139,
SUCCESS;616:edges = 725,fail_cases = 26,fault = 144&145&134&135&136&137&138&139&140,
SUCCESS;617:edges = 726,fail_cases = 26,fault = 144&145&146,
SUCCESS;618:edges = 727,fail_cases = 26,fault = 144&145&134&146,
SUCCESS;619:edges = 728,fail_cases = 26,fault = 144&145&134&146&135,
SUCCESS;620:edges = 729,fail_cases = 26,fault = 144&145&134&146&135&136,
SUCCESS;621:edges = 730,fail_cases = 26,fault = 144&145&134&146&135&136&137,
SUCCESS;622:edges = 731,fail_cases = 26,fault = 144&145&134&146&135&136&137&138,
SUCCESS;623:edges = 732,fail_cases = 26,fault = 144&145&134&146&135&136&137&138&139,
SUCCESS;624:edges = 733,fail_cases = 26,fault = 144&145&134&146&135&136&137&138&139&140,
SUCCESS;625:edges = 734,fail_cases = 26,fault = 144&145&146&147,
SUCCESS;626:edges = 735,fail_cases = 26,fault = 144&145&134&146&147,
SUCCESS;627:edges = 736,fail_cases = 26,fault = 144&145&134&146&135&147,
SUCCESS;628:edges = 737,fail_cases = 26,fault = 144&145&134&146&135&147&136,
SUCCESS;629:edges = 738,fail_cases = 26,fault = 144&145&134&146&135&147&136&137,
SUCCESS;630:edges = 739,fail_cases = 26,fault = 144&145&134&146&135&147&136&137&138,
SUCCESS;631:edges = 740,fail_cases = 26,fault = 144&145&134&146&135&147&136&137&138&139,
SUCCESS;632:edges = 741,fail_cases = 26,fault = 144&145&134&146&135&147&136&137&138&139&140,
SUCCESS;633:edges = 742,fail_cases = 26,fault = 144&145&146&147&142,
SUCCESS;634:edges = 743,fail_cases = 26,fault = 144&145&134&146&147&142,
SUCCESS;635:edges = 744,fail_cases = 26,fault = 144&145&134&146&135&147&142,
SUCCESS;636:edges = 745,fail_cases = 26,fault = 144&145&134&146&135&147&136&142,
SUCCESS;637:edges = 746,fail_cases = 26,fault = 144&145&134&146&135&147&136&137&142,
SUCCESS;638:edges = 747,fail_cases = 26,fault = 144&145&134&146&135&147&136&137&138&142,
SUCCESS;639:edges = 748,fail_cases = 26,fault = 144&145&134&146&135&147&136&137&138&139&142,
SUCCESS;640:edges = 749,fail_cases = 26,fault = 144&145&134&146&135&147&136&137&138&139&140&142,
FAIL;641:edges = 749,fail_cases = 27,fault = 143&144&145&146&147&142,