SUCCESS;0:edges = 24,fail_cases = 0,fault = ,
SUCCESS;1:edges = 25,fail_cases = 0,fault = 1,
SUCCESS;2:edges = 26,fail_cases = 0,fault = 1&2,
SUCCESS;3:edges = 27,fail_cases = 0,fault = 1&2&3,
SUCCESS;4:edges = 28,fail_cases = 0,fault = 1&2&3&4,
SUCCESS;5:edges = 29,fail_cases = 0,fault = 1&2&3&4&5,
SUCCESS;6:edges = 30,fail_cases = 0,fault = 1&2&3&4&5&6,
SUCCESS;7:edges = 31,fail_cases = 0,fault = 1&2&3&4&5&6&7,
FAIL;8:edges = 31,fail_cases = 1,fault = 1&2&3&4&5&6&7&8,
SUCCESS;9:edges = 33,fail_cases = 1,fault = 9,
SUCCESS;10:edges = 34,fail_cases = 1,fault = 1&9,
SUCCESS;11:edges = 35,fail_cases = 1,fault = 1&2&9,
SUCCESS;12:edges = 36,fail_cases = 1,fault = 1&2&3&9,
SUCCESS;13:edges = 37,fail_cases = 1,fault = 1&2&3&4&9,
SUCCESS;14:edges = 38,fail_cases = 1,fault = 1&2&3&4&5&9,
SUCCESS;15:edges = 39,fail_cases = 1,fault = 1&2&3&4&5&6&9,
SUCCESS;16:edges = 40,fail_cases = 1,fault = 1&2&3&4&5&6&7&9,
SUCCESS;17:edges = 42,fail_cases = 1,fault = 9&10,
SUCCESS;18:edges = 43,fail_cases = 1,fault = 1&9&10,
SUCCESS;19:edges = 44,fail_cases = 1,fault = 1&2&9&10,
SUCCESS;20:edges = 45,fail_cases = 1,fault = 1&2&3&9&10,
SUCCESS;21:edges = 46,fail_cases = 1,fault = 1&2&3&4&9&10,
SUCCESS;22:edges = 47,fail_cases = 1,fault = 1&2&3&4&5&9&10,
SUCCESS;23:edges = 48,fail_cases = 1,fault = 1&2&3&4&5&6&9&10,
SUCCESS;24:edges = 49,fail_cases = 1,fault = 1&2&3&4&5&6&7&9&10,
SUCCESS;25:edges = 51,fail_cases = 1,fault = 11&9&10,
SUCCESS;26:edges = 52,fail_cases = 1,fault = 11&1&9&10,
SUCCESS;27:edges = 53,fail_cases = 1,fault = 11&1&2&9&10,
SUCCESS;28:edges = 54,fail_cases = 1,fault = 11&1&2&3&9&10,
SUCCESS;29:edges = 55,fail_cases = 1,fault = 11&1&2&3&4&9&10,
SUCCESS;30:edges = 56,fail_cases = 1,fault = 11&1&2&3&4&5&9&10,
SUCCESS;31:edges = 57,fail_cases = 1,fault = 11&1&2&3&4&5&6&9&10,
SUCCESS;32:edges = 58,fail_cases = 1,fault = 11&1&2&3&4&5&6&7&9&10,
SUCCESS;33:edges = 60,fail_cases = 1,fault = 11&12&9&10,
SUCCESS;34:edges = 61,fail_cases = 1,fault = 11&12&1&9&10,
SUCCESS;35:edges = 62,fail_cases = 1,fault = 11&12&1&2&9&10,
SUCCESS;36:edges = 63,fail_cases = 1,fault = 11&12&1&2&3&9&10,
SUCCESS;37:edges = 64,fail_cases = 1,fault = 11&12&1&2&3&4&9&10,
SUCCESS;38:edges = 65,fail_cases = 1,fault = 11&12&1&2&3&4&5&9&10,
SUCCESS;39:edges = 66,fail_cases = 1,fault = 11&12&1&2&3&4&5&6&9&10,
SUCCESS;40:edges = 67,fail_cases = 1,fault = 11&12&1&2&3&4&5&6&7&9&10,
FAIL;41:edges = 67,fail_cases = 2,fault = 11&12&13&9&10,
SUCCESS;42:edges = 69,fail_cases = 2,fault = 16,
SUCCESS;43:edges = 70,fail_cases = 2,fault = 16&9,
SUCCESS;44:edges = 71,fail_cases = 2,fault = 16&9&10,
SUCCESS;45:edges = 72,fail_cases = 2,fault = 11&16&9&10,
SUCCESS;46:edges = 73,fail_cases = 2,fault = 11&12&16&9&10,
SUCCESS;47:edges = 75,fail_cases = 2,fault = 16&17,
SUCCESS;48:edges = 76,fail_cases = 2,fault = 16&17&9,
SUCCESS;49:edges = 77,fail_cases = 2,fault = 16&17&9&10,
SUCCESS;50:edges = 78,fail_cases = 2,fault = 11&16&17&9&10,
SUCCESS;51:edges = 79,fail_cases = 2,fault = 11&12&16&17&9&10,
SUCCESS;52:edges = 81,fail_cases = 2,fault = 16&17&18,
SUCCESS;53:edges = 82,fail_cases = 2,fault = 16&17&18&9,
SUCCESS;54:edges = 83,fail_cases = 2,fault = 16&17&18&9&10,
SUCCESS;55:edges = 84,fail_cases = 2,fault = 11&16&17&18&9&10,
SUCCESS;56:edges = 85,fail_cases = 2,fault = 11&12&16&17&18&9&10,
SUCCESS;57:edges = 87,fail_cases = 2,fault = 16&17&18&19,
SUCCESS;58:edges = 88,fail_cases = 2,fault = 16&17&18&19&9,
SUCCESS;59:edges = 89,fail_cases = 2,fault = 16&17&18&19&9&10,
SUCCESS;60:edges = 90,fail_cases = 2,fault = 11&16&17&18&19&9&10,
SUCCESS;61:edges = 91,fail_cases = 2,fault = 11&12&16&17&18&19&9&10,
SUCCESS;62:edges = 93,fail_cases = 2,fault = 14&16&17&18&19,
SUCCESS;63:edges = 94,fail_cases = 2,fault = 14&16&17&18&19&9,
SUCCESS;64:edges = 95,fail_cases = 2,fault = 14&16&17&18&19&9&10,
SUCCESS;65:edges = 96,fail_cases = 2,fault = 11&14&16&17&18&19&9&10,
SUCCESS;66:edges = 97,fail_cases = 2,fault = 11&12&14&16&17&18&19&9&10,
FAIL;67:edges = 97,fail_cases = 3,fault = 14&15&16&17&18&19,
SUCCESS;68:edges = 99,fail_cases = 3,fault = 20,
SUCCESS;69:edges = 100,fail_cases = 3,fault = 16&20,
SUCCESS;70:edges = 101,fail_cases = 3,fault = 16&17&20,
SUCCESS;71:edges = 102,fail_cases = 3,fault = 16&17&18&20,
SUCCESS;72:edges = 103,fail_cases = 3,fault = 16&17&18&19&20,
SUCCESS;73:edges = 104,fail_cases = 3,fault = 14&16&17&18&19&20,
SUCCESS;74:edges = 106,fail_cases = 3,fault = 20&21,
SUCCESS;75:edges = 107,fail_cases = 3,fault = 16&20&21,
SUCCESS;76:edges = 108,fail_cases = 3,fault = 16&17&20&21,
SUCCESS;77:edges = 109,fail_cases = 3,fault = 16&17&18&20&21,
SUCCESS;78:edges = 110,fail_cases = 3,fault = 16&17&18&19&20&21,
SUCCESS;79:edges = 111,fail_cases = 3,fault = 14&16&17&18&19&20&21,
SUCCESS;80:edges = 113,fail_cases = 3,fault = 22&20&21,
SUCCESS;81:edges = 114,fail_cases = 3,fault = 22&16&20&21,
SUCCESS;82:edges = 115,fail_cases = 3,fault = 22&16&17&20&21,
SUCCESS;83:edges = 116,fail_cases = 3,fault = 22&16&17&18&20&21,
SUCCESS;84:edges = 117,fail_cases = 3,fault = 22&16&17&18&19&20&21,
SUCCESS;85:edges = 118,fail_cases = 3,fault = 22&14&16&17&18&19&20&21,
SUCCESS;86:edges = 120,fail_cases = 3,fault = 22&23&20&21,
SUCCESS;87:edges = 121,fail_cases = 3,fault = 22&23&16&20&21,
SUCCESS;88:edges = 122,fail_cases = 3,fault = 22&23&16&17&20&21,
SUCCESS;89:edges = 123,fail_cases = 3,fault = 22&23&16&17&18&20&21,
SUCCESS;90:edges = 124,fail_cases = 3,fault = 22&23&16&17&18&19&20&21,
SUCCESS;91:edges = 125,fail_cases = 3,fault = 22&23&14&16&17&18&19&20&21,
SUCCESS;92:edges = 127,fail_cases = 3,fault = 22&23&24&20&21,
SUCCESS;93:edges = 128,fail_cases = 3,fault = 22&23&24&16&20&21,
SUCCESS;94:edges = 129,fail_cases = 3,fault = 22&23&24&16&17&20&21,
SUCCESS;95:edges = 130,fail_cases = 3,fault = 22&23&24&16&17&18&20&21,
SUCCESS;96:edges = 131,fail_cases = 3,fault = 22&23&24&16&17&18&19&20&21,
SUCCESS;97:edges = 132,fail_cases = 3,fault = 22&23&24&14&16&17&18&19&20&21,
FAIL;98:edges = 132,fail_cases = 4,fault = 22&23&24&25&20&21,
SUCCESS;99:edges = 134,fail_cases = 4,fault = 32,
SUCCESS;100:edges = 135,fail_cases = 4,fault = 20&32,
SUCCESS;101:edges = 136,fail_cases = 4,fault = 20&32&21,
SUCCESS;102:edges = 137,fail_cases = 4,fault = 22&20&32&21,
SUCCESS;103:edges = 138,fail_cases = 4,fault = 22&23&20&32&21,
SUCCESS;104:edges = 139,fail_cases = 4,fault = 22&23&24&20&32&21,
SUCCESS;105:edges = 141,fail_cases = 4,fault = 33&32,
SUCCESS;106:edges = 142,fail_cases = 4,fault = 33&20&32,
SUCCESS;107:edges = 143,fail_cases = 4,fault = 33&20&32&21,
SUCCESS;108:edges = 144,fail_cases = 4,fault = 33&22&20&32&21,
SUCCESS;109:edges = 145,fail_cases = 4,fault = 33&22&23&20&32&21,
SUCCESS;110:edges = 146,fail_cases = 4,fault = 33&22&23&24&20&32&21,
SUCCESS;111:edges = 148,fail_cases = 4,fault = 33&26&32,
SUCCESS;112:edges = 149,fail_cases = 4,fault = 33&26&20&32,
SUCCESS;113:edges = 150,fail_cases = 4,fault = 33&26&20&32&21,
SUCCESS;114:edges = 151,fail_cases = 4,fault = 33&22&26&20&32&21,
SUCCESS;115:edges = 152,fail_cases = 4,fault = 33&22&23&26&20&32&21,
SUCCESS;116:edges = 153,fail_cases = 4,fault = 33&22&23&24&26&20&32&21,
SUCCESS;117:edges = 155,fail_cases = 4,fault = 33&26&27&32,
SUCCESS;118:edges = 156,fail_cases = 4,fault = 33&26&27&20&32,
SUCCESS;119:edges = 157,fail_cases = 4,fault = 33&26&27&20&32&21,
SUCCESS;120:edges = 158,fail_cases = 4,fault = 33&22&26&27&20&32&21,
SUCCESS;121:edges = 159,fail_cases = 4,fault = 33&22&23&26&27&20&32&21,
SUCCESS;122:edges = 160,fail_cases = 4,fault = 33&22&23&24&26&27&20&32&21,
SUCCESS;123:edges = 162,fail_cases = 4,fault = 33&26&27&28&32,
SUCCESS;124:edges = 163,fail_cases = 4,fault = 33&26&27&28&20&32,
SUCCESS;125:edges = 164,fail_cases = 4,fault = 33&26&27&28&20&32&21,
SUCCESS;126:edges = 165,fail_cases = 4,fault = 33&22&26&27&28&20&32&21,
SUCCESS;127:edges = 166,fail_cases = 4,fault = 33&22&23&26&27&28&20&32&21,
SUCCESS;128:edges = 167,fail_cases = 4,fault = 33&22&23&24&26&27&28&20&32&21,
SUCCESS;129:edges = 169,fail_cases = 4,fault = 33&26&27&28&29&32,
SUCCESS;130:edges = 170,fail_cases = 4,fault = 33&26&27&28&29&20&32,
SUCCESS;131:edges = 171,fail_cases = 4,fault = 33&26&27&28&29&20&32&21,
SUCCESS;132:edges = 172,fail_cases = 4,fault = 33&22&26&27&28&29&20&32&21,
SUCCESS;133:edges = 173,fail_cases = 4,fault = 33&22&23&26&27&28&29&20&32&21,
SUCCESS;134:edges = 174,fail_cases = 4,fault = 33&22&23&24&26&27&28&29&20&32&21,
SUCCESS;135:edges = 176,fail_cases = 4,fault = 33&26&27&28&29&30&32,
SUCCESS;136:edges = 177,fail_cases = 4,fault = 33&26&27&28&29&30&20&32,
SUCCESS;137:edges = 178,fail_cases = 4,fault = 33&26&27&28&29&30&20&32&21,
SUCCESS;138:edges = 179,fail_cases = 4,fault = 33&22&26&27&28&29&30&20&32&21,
SUCCESS;139:edges = 180,fail_cases = 4,fault = 33&22&23&26&27&28&29&30&20&32&21,
SUCCESS;140:edges = 181,fail_cases = 4,fault = 33&22&23&24&26&27&28&29&30&20&32&21,
FAIL;141:edges = 181,fail_cases = 5,fault = 33&26&27&28&29&30&31&32,
SUCCESS;142:edges = 183,fail_cases = 5,fault = 34,
SUCCESS;143:edges = 184,fail_cases = 5,fault = 34&32,
SUCCESS;144:edges = 185,fail_cases = 5,fault = 33&34&32,
SUCCESS;145:edges = 186,fail_cases = 5,fault = 33&34&26&32,
SUCCESS;146:edges = 187,fail_cases = 5,fault = 33&34&26&27&32,
SUCCESS;147:edges = 188,fail_cases = 5,fault = 33&34&26&27&28&32,
SUCCESS;148:edges = 189,fail_cases = 5,fault = 33&34&26&27&28&29&32,
SUCCESS;149:edges = 190,fail_cases = 5,fault = 33&34&26&27&28&29&30&32,
SUCCESS;150:edges = 192,fail_cases = 5,fault = 34&35,
SUCCESS;151:edges = 193,fail_cases = 5,fault = 34&35&32,
SUCCESS;152:edges = 194,fail_cases = 5,fault = 33&34&35&32,
SUCCESS;153:edges = 195,fail_cases = 5,fault = 33&34&35&26&32,
SUCCESS;154:edges = 196,fail_cases = 5,fault = 33&34&35&26&27&32,
SUCCESS;155:edges = 197,fail_cases = 5,fault = 33&34&35&26&27&28&32,
SUCCESS;156:edges = 198,fail_cases = 5,fault = 33&34&35&26&27&28&29&32,
SUCCESS;157:edges = 199,fail_cases = 5,fault = 33&34&35&26&27&28&29&30&32,
SUCCESS;158:edges = 201,fail_cases = 5,fault = 34&35&36,
SUCCESS;159:edges = 202,fail_cases = 5,fault = 34&35&36&32,
SUCCESS;160:edges = 203,fail_cases = 5,fault = 33&34&35&36&32,
SUCCESS;161:edges = 204,fail_cases = 5,fault = 33&34&35&36&26&32,
SUCCESS;162:edges = 205,fail_cases = 5,fault = 33&34&35&36&26&27&32,
SUCCESS;163:edges = 206,fail_cases = 5,fault = 33&34&35&36&26&27&28&32,
SUCCESS;164:edges = 207,fail_cases = 5,fault = 33&34&35&36&26&27&28&29&32,
SUCCESS;165:edges = 208,fail_cases = 5,fault = 33&34&35&36&26&27&28&29&30&32,
SUCCESS;166:edges = 210,fail_cases = 5,fault = 34&35&36&37,
SUCCESS;167:edges = 211,fail_cases = 5,fault = 34&35&36&37&32,
SUCCESS;168:edges = 212,fail_cases = 5,fault = 33&34&35&36&37&32,
SUCCESS;169:edges = 213,fail_cases = 5,fault = 33&34&35&36&37&26&32,
SUCCESS;170:edges = 214,fail_cases = 5,fault = 33&34&35&36&37&26&27&32,
SUCCESS;171:edges = 215,fail_cases = 5,fault = 33&34&35&36&37&26&27&28&32,
SUCCESS;172:edges = 216,fail_cases = 5,fault = 33&34&35&36&37&26&27&28&29&32,
SUCCESS;173:edges = 217,fail_cases = 5,fault = 33&34&35&36&37&26&27&28&29&30&32,
FAIL;174:edges = 217,fail_cases = 6,fault = 34&35&36&37&38,
SUCCESS;175:edges = 219,fail_cases = 6,fault = 39,
SUCCESS;176:edges = 220,fail_cases = 6,fault = 34&39,
SUCCESS;177:edges = 221,fail_cases = 6,fault = 34&35&39,
SUCCESS;178:edges = 222,fail_cases = 6,fault = 34&35&36&39,
SUCCESS;179:edges = 223,fail_cases = 6,fault = 34&35&36&37&39,
SUCCESS;180:edges = 225,fail_cases = 6,fault = 39&40,
SUCCESS;181:edges = 226,fail_cases = 6,fault = 34&39&40,
SUCCESS;182:edges = 227,fail_cases = 6,fault = 34&35&39&40,
SUCCESS;183:edges = 228,fail_cases = 6,fault = 34&35&36&39&40,
SUCCESS;184:edges = 229,fail_cases = 6,fault = 34&35&36&37&39&40,
FAIL;185:edges = 229,fail_cases = 7,fault = 39&40&41,
SUCCESS;186:edges = 231,fail_cases = 7,fault = 42,
SUCCESS;187:edges = 232,fail_cases = 7,fault = 39&42,
SUCCESS;188:edges = 233,fail_cases = 7,fault = 39&40&42,
SUCCESS;189:edges = 235,fail_cases = 7,fault = 42&43,
SUCCESS;190:edges = 236,fail_cases = 7,fault = 39&42&43,
SUCCESS;191:edges = 237,fail_cases = 7,fault = 39&40&42&43,
SUCCESS;192:edges = 239,fail_cases = 7,fault = 44&42&43,
SUCCESS;193:edges = 240,fail_cases = 7,fault = 44&39&42&43,
SUCCESS;194:edges = 241,fail_cases = 7,fault = 44&39&40&42&43,
FAIL;195:edges = 241,fail_cases = 8,fault = 44&45&42&43,
SUCCESS;196:edges = 243,fail_cases = 8,fault = 48,
SUCCESS;197:edges = 244,fail_cases = 8,fault = 48&42,
SUCCESS;198:edges = 245,fail_cases = 8,fault = 48&42&43,
SUCCESS;199:edges = 246,fail_cases = 8,fault = 44&48&42&43,
SUCCESS;200:edges = 248,fail_cases = 8,fault = 48&49,
SUCCESS;201:edges = 249,fail_cases = 8,fault = 48&49&42,
SUCCESS;202:edges = 250,fail_cases = 8,fault = 48&49&42&43,
SUCCESS;203:edges = 251,fail_cases = 8,fault = 44&48&49&42&43,
SUCCESS;204:edges = 253,fail_cases = 8,fault = 48&49&50,
SUCCESS;205:edges = 254,fail_cases = 8,fault = 48&49&50&42,
SUCCESS;206:edges = 255,fail_cases = 8,fault = 48&49&50&42&43,
SUCCESS;207:edges = 256,fail_cases = 8,fault = 44&48&49&50&42&43,
SUCCESS;208:edges = 258,fail_cases = 8,fault = 46&48&49&50,
SUCCESS;209:edges = 259,fail_cases = 8,fault = 46&48&49&50&42,
SUCCESS;210:edges = 260,fail_cases = 8,fault = 46&48&49&50&42&43,
SUCCESS;211:edges = 261,fail_cases = 8,fault = 44&46&48&49&50&42&43,
FAIL;212:edges = 261,fail_cases = 9,fault = 46&47&48&49&50,
SUCCESS;213:edges = 263,fail_cases = 9,fault = 51,
SUCCESS;214:edges = 264,fail_cases = 9,fault = 48&51,
SUCCESS;215:edges = 265,fail_cases = 9,fault = 48&49&51,
SUCCESS;216:edges = 266,fail_cases = 9,fault = 48&49&50&51,
SUCCESS;217:edges = 267,fail_cases = 9,fault = 46&48&49&50&51,
SUCCESS;218:edges = 269,fail_cases = 9,fault = 51&52,
SUCCESS;219:edges = 270,fail_cases = 9,fault = 48&51&52,
SUCCESS;220:edges = 271,fail_cases = 9,fault = 48&49&51&52,
SUCCESS;221:edges = 272,fail_cases = 9,fault = 48&49&50&51&52,
SUCCESS;222:edges = 273,fail_cases = 9,fault = 46&48&49&50&51&52,
SUCCESS;223:edges = 275,fail_cases = 9,fault = 51&52&53,
SUCCESS;224:edges = 276,fail_cases = 9,fault = 48&51&52&53,
SUCCESS;225:edges = 277,fail_cases = 9,fault = 48&49&51&52&53,
SUCCESS;226:edges = 278,fail_cases = 9,fault = 48&49&50&51&52&53,
SUCCESS;227:edges = 279,fail_cases = 9,fault = 46&48&49&50&51&52&53,
SUCCESS;228:edges = 281,fail_cases = 9,fault = 51&52&53&54,
SUCCESS;229:edges = 282,fail_cases = 9,fault = 48&51&52&53&54,
SUCCESS;230:edges = 283,fail_cases = 9,fault = 48&49&51&52&53&54,
SUCCESS;231:edges = 284,fail_cases = 9,fault = 48&49&50&51&52&53&54,
SUCCESS;232:edges = 285,fail_cases = 9,fault = 46&48&49&50&51&52&53&54,
FAIL;233:edges = 285,fail_cases = 10,fault = 55&51&52&53&54,
SUCCESS;234:edges = 287,fail_cases = 10,fault = 56,
SUCCESS;235:edges = 288,fail_cases = 10,fault = 56&51,
SUCCESS;236:edges = 289,fail_cases = 10,fault = 56&51&52,
SUCCESS;237:edges = 290,fail_cases = 10,fault = 56&51&52&53,
SUCCESS;238:edges = 291,fail_cases = 10,fault = 56&51&52&53&54,
SUCCESS;239:edges = 293,fail_cases = 10,fault = 56&57,
SUCCESS;240:edges = 294,fail_cases = 10,fault = 56&57&51,
SUCCESS;241:edges = 295,fail_cases = 10,fault = 56&57&51&52,
SUCCESS;242:edges = 296,fail_cases = 10,fault = 56&57&51&52&53,
SUCCESS;243:edges = 297,fail_cases = 10,fault = 56&57&51&52&53&54,
SUCCESS;244:edges = 299,fail_cases = 10,fault = 56&57&58,
SUCCESS;245:edges = 300,fail_cases = 10,fault = 56&57&58&51,
SUCCESS;246:edges = 301,fail_cases = 10,fault = 56&57&58&51&52,
SUCCESS;247:edges = 302,fail_cases = 10,fault = 56&57&58&51&52&53,
SUCCESS;248:edges = 303,fail_cases = 10,fault = 56&57&58&51&52&53&54,
SUCCESS;249:edges = 305,fail_cases = 10,fault = 56&57&58&59,
SUCCESS;250:edges = 306,fail_cases = 10,fault = 56&57&58&59&51,
SUCCESS;251:edges = 307,fail_cases = 10,fault = 56&57&58&59&51&52,
SUCCESS;252:edges = 308,fail_cases = 10,fault = 56&57&58&59&51&52&53,
SUCCESS;253:edges = 309,fail_cases = 10,fault = 56&57&58&59&51&52&53&54,
SUCCESS;254:edges = 311,fail_cases = 10,fault = 56&57&58&59&60,
SUCCESS;255:edges = 312,fail_cases = 10,fault = 56&57&58&59&60&51,
SUCCESS;256:edges = 313,fail_cases = 10,fault = 56&57&58&59&60&51&52,
SUCCESS;257:edges = 314,fail_cases = 10,fault = 56&57&58&59&60&51&52&53,
SUCCESS;258:edges = 315,fail_cases = 10,fault = 56&57&58&59&60&51&52&53&54,
SUCCESS;259:edges = 317,fail_cases = 10,fault = 56&57&58&59&60&61,
SUCCESS;260:edges = 318,fail_cases = 10,fault = 56&57&58&59&60&61&51,
SUCCESS;261:edges = 319,fail_cases = 10,fault = 56&57&58&59&60&61&51&52,
SUCCESS;262:edges = 320,fail_cases = 10,fault = 56&57&58&59&60&61&51&52&53,
SUCCESS;263:edges = 321,fail_cases = 10,fault = 56&57&58&59&60&61&51&52&53&54,
SUCCESS;264:edges = 323,fail_cases = 10,fault = 56&57&58&59&60&61&62,
SUCCESS;265:edges = 324,fail_cases = 10,fault = 56&57&58&59&60&61&62&51,
SUCCESS;266:edges = 325,fail_cases = 10,fault = 56&57&58&59&60&61&62&51&52,
SUCCESS;267:edges = 326,fail_cases = 10,fault = 56&57&58&59&60&61&62&51&52&53,
SUCCESS;268:edges = 327,fail_cases = 10,fault = 56&57&58&59&60&61&62&51&52&53&54,
FAIL;269:edges = 327,fail_cases = 11,fault = 56&57&58&59&60&61&62&63,
SUCCESS;270:edges = 329,fail_cases = 11,fault = 64,
SUCCESS;271:edges = 330,fail_cases = 11,fault = 56&64,
SUCCESS;272:edges = 331,fail_cases = 11,fault = 56&57&64,
SUCCESS;273:edges = 332,fail_cases = 11,fault = 56&57&58&64,
SUCCESS;274:edges = 333,fail_cases = 11,fault = 56&57&58&59&64,
SUCCESS;275:edges = 334,fail_cases = 11,fault = 56&57&58&59&60&64,
SUCCESS;276:edges = 335,fail_cases = 11,fault = 56&57&58&59&60&61&64,
SUCCESS;277:edges = 336,fail_cases = 11,fault = 56&57&58&59&60&61&62&64,
FAIL;278:edges = 336,fail_cases = 12,fault = 64&65,
SUCCESS;279:edges = 338,fail_cases = 12,fault = 66,
SUCCESS;280:edges = 339,fail_cases = 12,fault = 66&64,
SUCCESS;281:edges = 341,fail_cases = 12,fault = 66&67,
SUCCESS;282:edges = 342,fail_cases = 12,fault = 66&67&64,
SUCCESS;283:edges = 344,fail_cases = 12,fault = 66&67&68,
SUCCESS;284:edges = 345,fail_cases = 12,fault = 66&67&68&64,
SUCCESS;285:edges = 347,fail_cases = 12,fault = 66&67&68&69,
SUCCESS;286:edges = 348,fail_cases = 12,fault = 66&67&68&69&64,
SUCCESS;287:edges = 350,fail_cases = 12,fault = 66&67&68&69&70,
SUCCESS;288:edges = 351,fail_cases = 12,fault = 66&67&68&69&70&64,
FAIL;289:edges = 351,fail_cases = 13,fault = 66&67&68&69&70&71,
SUCCESS;290:edges = 353,fail_cases = 13,fault = 72,
SUCCESS;291:edges = 354,fail_cases = 13,fault = 66&72,
SUCCESS;292:edges = 355,fail_cases = 13,fault = 66&67&72,
SUCCESS;293:edges = 356,fail_cases = 13,fault = 66&67&68&72,
SUCCESS;294:edges = 357,fail_cases = 13,fault = 66&67&68&69&72,
SUCCESS;295:edges = 358,fail_cases = 13,fault = 66&67&68&69&70&72,
SUCCESS;296:edges = 360,fail_cases = 13,fault = 72&73,
SUCCESS;297:edges = 361,fail_cases = 13,fault = 66&72&73,
SUCCESS;298:edges = 362,fail_cases = 13,fault = 66&67&72&73,
SUCCESS;299:edges = 363,fail_cases = 13,fault = 66&67&68&72&73,
SUCCESS;300:edges = 364,fail_cases = 13,fault = 66&67&68&69&72&73,
SUCCESS;301:edges = 365,fail_cases = 13,fault = 66&67&68&69&70&72&73,
FAIL;302:edges = 365,fail_cases = 14,fault = 72&73&74,
SUCCESS;303:edges = 367,fail_cases = 14,fault = 75,
SUCCESS;304:edges = 368,fail_cases = 14,fault = 72&75,
SUCCESS;305:edges = 369,fail_cases = 14,fault = 72&73&75,
FAIL;306:edges = 369,fail_cases = 15,fault = 75&76,
SUCCESS;307:edges = 371,fail_cases = 15,fault = 80,
SUCCESS;308:edges = 372,fail_cases = 15,fault = 80&75,
SUCCESS;309:edges = 374,fail_cases = 15,fault = 80&81,
SUCCESS;310:edges = 375,fail_cases = 15,fault = 80&81&75,
SUCCESS;311:edges = 377,fail_cases = 15,fault = 80&81&82,
SUCCESS;312:edges = 378,fail_cases = 15,fault = 80&81&82&75,
SUCCESS;313:edges = 380,fail_cases = 15,fault = 80&81&82&83,
SUCCESS;314:edges = 381,fail_cases = 15,fault = 80&81&82&83&75,
SUCCESS;315:edges = 383,fail_cases = 15,fault = 77&80&81&82&83,
SUCCESS;316:edges = 384,fail_cases = 15,fault = 77&80&81&82&83&75,
SUCCESS;317:edges = 386,fail_cases = 15,fault = 77&78&80&81&82&83,
SUCCESS;318:edges = 387,fail_cases = 15,fault = 77&78&80&81&82&83&75,
FAIL;319:edges = 387,fail_cases = 16,fault = 77&78&79&80&81&82&83,
SUCCESS;320:edges = 389,fail_cases = 16,fault = 84,
SUCCESS;321:edges = 390,fail_cases = 16,fault = 80&84,
SUCCESS;322:edges = 391,fail_cases = 16,fault = 80&81&84,
SUCCESS;323:edges = 392,fail_cases = 16,fault = 80&81&82&84,
SUCCESS;324:edges = 393,fail_cases = 16,fault = 80&81&82&83&84,
SUCCESS;325:edges = 394,fail_cases = 16,fault = 77&80&81&82&83&84,
SUCCESS;326:edges = 395,fail_cases = 16,fault = 77&78&80&81&82&83&84,
SUCCESS;327:edges = 397,fail_cases = 16,fault = 84&85,
SUCCESS;328:edges = 398,fail_cases = 16,fault = 80&84&85,
SUCCESS;329:edges = 399,fail_cases = 16,fault = 80&81&84&85,
SUCCESS;330:edges = 400,fail_cases = 16,fault = 80&81&82&84&85,
SUCCESS;331:edges = 401,fail_cases = 16,fault = 80&81&82&83&84&85,
SUCCESS;332:edges = 402,fail_cases = 16,fault = 77&80&81&82&83&84&85,
SUCCESS;333:edges = 403,fail_cases = 16,fault = 77&78&80&81&82&83&84&85,
FAIL;334:edges = 403,fail_cases = 17,fault = 84&85&86,
SUCCESS;335:edges = 405,fail_cases = 17,fault = 87,
SUCCESS;336:edges = 406,fail_cases = 17,fault = 84&87,
SUCCESS;337:edges = 407,fail_cases = 17,fault = 84&85&87,
SUCCESS;338:edges = 409,fail_cases = 17,fault = 88&87,
SUCCESS;339:edges = 410,fail_cases = 17,fault = 88&84&87,
SUCCESS;340:edges = 411,fail_cases = 17,fault = 88&84&85&87,
SUCCESS;341:edges = 413,fail_cases = 17,fault = 88&89&87,
SUCCESS;342:edges = 414,fail_cases = 17,fault = 88&89&84&87,
SUCCESS;343:edges = 415,fail_cases = 17,fault = 88&89&84&85&87,
SUCCESS;344:edges = 417,fail_cases = 17,fault = 88&89&90&87,
SUCCESS;345:edges = 418,fail_cases = 17,fault = 88&89&90&84&87,
SUCCESS;346:edges = 419,fail_cases = 17,fault = 88&89&90&84&85&87,
SUCCESS;347:edges = 421,fail_cases = 17,fault = 88&89&90&91&87,
SUCCESS;348:edges = 422,fail_cases = 17,fault = 88&89&90&91&84&87,
SUCCESS;349:edges = 423,fail_cases = 17,fault = 88&89&90&91&84&85&87,
FAIL;350:edges = 423,fail_cases = 18,fault = 88&89&90&91&92&87,
SUCCESS;351:edges = 425,fail_cases = 18,fault = 96,
SUCCESS;352:edges = 426,fail_cases = 18,fault = 96&87,
SUCCESS;353:edges = 427,fail_cases = 18,fault = 88&96&87,
SUCCESS;354:edges = 428,fail_cases = 18,fault = 88&89&96&87,
SUCCESS;355:edges = 429,fail_cases = 18,fault = 88&89&90&96&87,
SUCCESS;356:edges = 430,fail_cases = 18,fault = 88&89&90&91&96&87,
SUCCESS;357:edges = 432,fail_cases = 18,fault = 96&97,
SUCCESS;358:edges = 433,fail_cases = 18,fault = 96&97&87,
SUCCESS;359:edges = 434,fail_cases = 18,fault = 88&96&97&87,
SUCCESS;360:edges = 435,fail_cases = 18,fault = 88&89&96&97&87,
SUCCESS;361:edges = 436,fail_cases = 18,fault = 88&89&90&96&97&87,
SUCCESS;362:edges = 437,fail_cases = 18,fault = 88&89&90&91&96&97&87,
SUCCESS;363:edges = 439,fail_cases = 18,fault = 96&97&98,
SUCCESS;364:edges = 440,fail_cases = 18,fault = 96&97&98&87,
SUCCESS;365:edges = 441,fail_cases = 18,fault = 88&96&97&98&87,
SUCCESS;366:edges = 442,fail_cases = 18,fault = 88&89&96&97&98&87,
SUCCESS;367:edges = 443,fail_cases = 18,fault = 88&89&90&96&97&98&87,
SUCCESS;368:edges = 444,fail_cases = 18,fault = 88&89&90&91&96&97&98&87,
SUCCESS;369:edges = 446,fail_cases = 18,fault = 99&96&97&98,
SUCCESS;370:edges = 447,fail_cases = 18,fault = 99&96&97&98&87,
SUCCESS;371:edges = 448,fail_cases = 18,fault = 99&88&96&97&98&87,
SUCCESS;372:edges = 449,fail_cases = 18,fault = 99&88&89&96&97&98&87,
SUCCESS;373:edges = 450,fail_cases = 18,fault = 99&88&89&90&96&97&98&87,
SUCCESS;374:edges = 451,fail_cases = 18,fault = 99&88&89&90&91&96&97&98&87,
SUCCESS;375:edges = 453,fail_cases = 18,fault = 99&100&96&97&98,
SUCCESS;376:edges = 454,fail_cases = 18,fault = 99&100&96&97&98&87,
SUCCESS;377:edges = 455,fail_cases = 18,fault = 99&88&100&96&97&98&87,
SUCCESS;378:edges = 456,fail_cases = 18,fault = 99&88&100&89&96&97&98&87,
SUCCESS;379:edges = 457,fail_cases = 18,fault = 99&88&100&89&90&96&97&98&87,
SUCCESS;380:edges = 458,fail_cases = 18,fault = 99&88&100&89&90&91&96&97&98&87,
SUCCESS;381:edges = 460,fail_cases = 18,fault = 99&100&93&96&97&98,
SUCCESS;382:edges = 461,fail_cases = 18,fault = 99&100&93&96&97&98&87,
SUCCESS;383:edges = 462,fail_cases = 18,fault = 99&88&100&93&96&97&98&87,
SUCCESS;384:edges = 463,fail_cases = 18,fault = 99&88&100&89&93&96&97&98&87,
SUCCESS;385:edges = 464,fail_cases = 18,fault = 99&88&100&89&90&93&96&97&98&87,
SUCCESS;386:edges = 465,fail_cases = 18,fault = 99&88&100&89&90&91&93&96&97&98&87,
SUCCESS;387:edges = 467,fail_cases = 18,fault = 99&100&93&94&96&97&98,
SUCCESS;388:edges = 468,fail_cases = 18,fault = 99&100&93&94&96&97&98&87,
SUCCESS;389:edges = 469,fail_cases = 18,fault = 99&88&100&93&94&96&97&98&87,
SUCCESS;390:edges = 470,fail_cases = 18,fault = 99&88&100&89&93&94&96&97&98&87,
SUCCESS;391:edges = 471,fail_cases = 18,fault = 99&88&100&89&90&93&94&96&97&98&87,
SUCCESS;392:edges = 472,fail_cases = 18,fault = 99&88&100&89&90&91&93&94&96&97&98&87,
FAIL;393:edges = 472,fail_cases = 19,fault = 99&100&93&94&95&96&97&98,
SUCCESS;394:edges = 474,fail_cases = 19,fault = 101,
SUCCESS;395:edges = 475,fail_cases = 19,fault = 101&96,
SUCCESS;396:edges = 476,fail_cases = 19,fault = 101&96&97,
SUCCESS;397:edges = 477,fail_cases = 19,fault = 101&96&97&98,
SUCCESS;398:edges = 478,fail_cases = 19,fault = 99&101&96&97&98,
SUCCESS;399:edges = 479,fail_cases = 19,fault = 99&100&101&96&97&98,
SUCCESS;400:edges = 480,fail_cases = 19,fault = 99&100&101&93&96&97&98,
SUCCESS;401:edges = 481,fail_cases = 19,fault = 99&100&101&93&94&96&97&98,
SUCCESS;402:edges = 483,fail_cases = 19,fault = 101&102,
SUCCESS;403:edges = 484,fail_cases = 19,fault = 101&102&96,
SUCCESS;404:edges = 485,fail_cases = 19,fault = 101&102&96&97,
SUCCESS;405:edges = 486,fail_cases = 19,fault = 101&102&96&97&98,
SUCCESS;406:edges = 487,fail_cases = 19,fault = 99&101&102&96&97&98,
SUCCESS;407:edges = 488,fail_cases = 19,fault = 99&100&101&102&96&97&98,
SUCCESS;408:edges = 489,fail_cases = 19,fault = 99&100&101&102&93&96&97&98,
SUCCESS;409:edges = 490,fail_cases = 19,fault = 99&100&101&102&93&94&96&97&98,
SUCCESS;410:edges = 492,fail_cases = 19,fault = 101&102&103,
SUCCESS;411:edges = 493,fail_cases = 19,fault = 101&102&103&96,
SUCCESS;412:edges = 494,fail_cases = 19,fault = 101&102&103&96&97,
SUCCESS;413:edges = 495,fail_cases = 19,fault = 101&102&103&96&97&98,
SUCCESS;414:edges = 496,fail_cases = 19,fault = 99&101&102&103&96&97&98,
SUCCESS;415:edges = 497,fail_cases = 19,fault = 99&100&101&102&103&96&97&98,
SUCCESS;416:edges = 498,fail_cases = 19,fault = 99&100&101&102&103&93&96&97&98,
SUCCESS;417:edges = 499,fail_cases = 19,fault = 99&100&101&102&103&93&94&96&97&98,
SUCCESS;418:edges = 501,fail_cases = 19,fault = 101&102&103&104,
SUCCESS;419:edges = 502,fail_cases = 19,fault = 101&102&103&104&96,
SUCCESS;420:edges = 503,fail_cases = 19,fault = 101&102&103&104&96&97,
SUCCESS;421:edges = 504,fail_cases = 19,fault = 101&102&103&104&96&97&98,
SUCCESS;422:edges = 505,fail_cases = 19,fault = 99&101&102&103&104&96&97&98,
SUCCESS;423:edges = 506,fail_cases = 19,fault = 99&100&101&102&103&104&96&97&98,
SUCCESS;424:edges = 507,fail_cases = 19,fault = 99&100&101&102&103&104&93&96&97&98,
SUCCESS;425:edges = 508,fail_cases = 19,fault = 99&100&101&102&103&104&93&94&96&97&98,
SUCCESS;426:edges = 510,fail_cases = 19,fault = 101&102&103&104&105,
SUCCESS;427:edges = 511,fail_cases = 19,fault = 101&102&103&104&105&96,
SUCCESS;428:edges = 512,fail_cases = 19,fault = 101&102&103&104&105&96&97,
SUCCESS;429:edges = 513,fail_cases = 19,fault = 101&102&103&104&105&96&97&98,
SUCCESS;430:edges = 514,fail_cases = 19,fault = 99&101&102&103&104&105&96&97&98,
SUCCESS;431:edges = 515,fail_cases = 19,fault = 99&100&101&102&103&104&105&96&97&98,
SUCCESS;432:edges = 516,fail_cases = 19,fault = 99&100&101&102&103&104&105&93&96&97&98,
SUCCESS;433:edges = 517,fail_cases = 19,fault = 99&100&101&102&103&104&105&93&94&96&97&98,
SUCCESS;434:edges = 519,fail_cases = 19,fault = 101&102&103&104&105&106,
SUCCESS;435:edges = 520,fail_cases = 19,fault = 101&102&103&104&105&106&96,
SUCCESS;436:edges = 521,fail_cases = 19,fault = 101&102&103&104&105&106&96&97,
SUCCESS;437:edges = 522,fail_cases = 19,fault = 101&102&103&104&105&106&96&97&98,
SUCCESS;438:edges = 523,fail_cases = 19,fault = 99&101&102&103&104&105&106&96&97&98,
SUCCESS;439:edges = 524,fail_cases = 19,fault = 99&100&101&102&103&104&105&106&96&97&98,
SUCCESS;440:edges = 525,fail_cases = 19,fault = 99&100&101&102&103&104&105&106&93&96&97&98,
SUCCESS;441:edges = 526,fail_cases = 19,fault = 99&100&101&102&103&104&105&106&93&94&96&97&98,
FAIL;442:edges = 526,fail_cases = 20,fault = 101&102&103&104&105&106&107,
SUCCESS;443:edges = 528,fail_cases = 20,fault = 108,
SUCCESS;444:edges = 529,fail_cases = 20,fault = 101&108,
SUCCESS;445:edges = 530,fail_cases = 20,fault = 101&102&108,
SUCCESS;446:edges = 531,fail_cases = 20,fault = 101&102&103&108,
SUCCESS;447:edges = 532,fail_cases = 20,fault = 101&102&103&104&108,
SUCCESS;448:edges = 533,fail_cases = 20,fault = 101&102&103&104&105&108,
SUCCESS;449:edges = 534,fail_cases = 20,fault = 101&102&103&104&105&106&108,
SUCCESS;450:edges = 536,fail_cases = 20,fault = 108&109,
SUCCESS;451:edges = 537,fail_cases = 20,fault = 101&108&109,
SUCCESS;452:edges = 538,fail_cases = 20,fault = 101&102&108&109,
SUCCESS;453:edges = 539,fail_cases = 20,fault = 101&102&103&108&109,
SUCCESS;454:edges = 540,fail_cases = 20,fault = 101&102&103&104&108&109,
SUCCESS;455:edges = 541,fail_cases = 20,fault = 101&102&103&104&105&108&109,
SUCCESS;456:edges = 542,fail_cases = 20,fault = 101&102&103&104&105&106&108&109,
FAIL;457:edges = 542,fail_cases = 21,fault = 110&108&109,
SUCCESS;458:edges = 544,fail_cases = 21,fault = 112,
SUCCESS;459:edges = 545,fail_cases = 21,fault = 112&108,
SUCCESS;460:edges = 546,fail_cases = 21,fault = 112&108&109,
SUCCESS;461:edges = 548,fail_cases = 21,fault = 112&113,
SUCCESS;462:edges = 549,fail_cases = 21,fault = 112&113&108,
SUCCESS;463:edges = 550,fail_cases = 21,fault = 112&113&108&109,
SUCCESS;464:edges = 552,fail_cases = 21,fault = 112&113&114,
SUCCESS;465:edges = 553,fail_cases = 21,fault = 112&113&114&108,
SUCCESS;466:edges = 554,fail_cases = 21,fault = 112&113&114&108&109,
SUCCESS;467:edges = 556,fail_cases = 21,fault = 112&113&114&115,
SUCCESS;468:edges = 557,fail_cases = 21,fault = 112&113&114&115&108,
SUCCESS;469:edges = 558,fail_cases = 21,fault = 112&113&114&115&108&109,
SUCCESS;470:edges = 560,fail_cases = 21,fault = 112&113&114&115&116,
SUCCESS;471:edges = 561,fail_cases = 21,fault = 112&113&114&115&116&108,
SUCCESS;472:edges = 562,fail_cases = 21,fault = 112&113&114&115&116&108&109,
SUCCESS;473:edges = 564,fail_cases = 21,fault = 112&113&114&115&116&117,
SUCCESS;474:edges = 565,fail_cases = 21,fault = 112&113&114&115&116&117&108,
SUCCESS;475:edges = 566,fail_cases = 21,fault = 112&113&114&115&116&117&108&109,
SUCCESS;476:edges = 568,fail_cases = 21,fault = 112&113&114&115&116&117&118,
SUCCESS;477:edges = 569,fail_cases = 21,fault = 112&113&114&115&116&117&118&108,
SUCCESS;478:edges = 570,fail_cases = 21,fault = 112&113&114&115&116&117&118&108&109,
FAIL;479:edges = 570,fail_cases = 22,fault = 111&112&113&114&115&116&117&118,
SUCCESS;480:edges = 572,fail_cases = 22,fault = 119,
SUCCESS;481:edges = 573,fail_cases = 22,fault = 112&119,
SUCCESS;482:edges = 574,fail_cases = 22,fault = 112&113&119,
SUCCESS;483:edges = 575,fail_cases = 22,fault = 112&113&114&119,
SUCCESS;484:edges = 576,fail_cases = 22,fault = 112&113&114&115&119,
SUCCESS;485:edges = 577,fail_cases = 22,fault = 112&113&114&115&116&119,
SUCCESS;486:edges = 578,fail_cases = 22,fault = 112&113&114&115&116&117&119,
SUCCESS;487:edges = 579,fail_cases = 22,fault = 112&113&114&115&116&117&118&119,
SUCCESS;488:edges = 581,fail_cases = 22,fault = 119&120,
SUCCESS;489:edges = 582,fail_cases = 22,fault = 112&119&120,
SUCCESS;490:edges = 583,fail_cases = 22,fault = 112&113&119&120,
SUCCESS;491:edges = 584,fail_cases = 22,fault = 112&113&114&119&120,
SUCCESS;492:edges = 585,fail_cases = 22,fault = 112&113&114&115&119&120,
SUCCESS;493:edges = 586,fail_cases = 22,fault = 112&113&114&115&116&119&120,
SUCCESS;494:edges = 587,fail_cases = 22,fault = 112&113&114&115&116&117&119&120,
SUCCESS;495:edges = 588,fail_cases = 22,fault = 112&113&114&115&116&117&118&119&120,
SUCCESS;496:edges = 590,fail_cases = 22,fault = 121&119&120,
SUCCESS;497:edges = 591,fail_cases = 22,fault = 121&112&119&120,
SUCCESS;498:edges = 592,fail_cases = 22,fault = 121&112&113&119&120,
SUCCESS;499:edges = 593,fail_cases = 22,fault = 121&112&113&114&119&120,
SUCCESS;500:edges = 594,fail_cases = 22,fault = 121&112&113&114&115&119&120,
SUCCESS;501:edges = 595,fail_cases = 22,fault = 121&112&113&114&115&116&119&120,
SUCCESS;502:edges = 596,fail_cases = 22,fault = 121&112&113&114&115&116&117&119&120,
SUCCESS;503:edges = 597,fail_cases = 22,fault = 121&112&113&114&115&116&117&118&119&120,
FAIL;504:edges = 597,fail_cases = 23,fault = 121&122&119&120,
SUCCESS;505:edges = 599,fail_cases = 23,fault = 123,
SUCCESS;506:edges = 600,fail_cases = 23,fault = 123&119,
SUCCESS;507:edges = 601,fail_cases = 23,fault = 123&119&120,
SUCCESS;508:edges = 602,fail_cases = 23,fault = 121&123&119&120,
SUCCESS;509:edges = 604,fail_cases = 23,fault = 123&124,
SUCCESS;510:edges = 605,fail_cases = 23,fault = 123&124&119,
SUCCESS;511:edges = 606,fail_cases = 23,fault = 123&124&119&120,
SUCCESS;512:edges = 607,fail_cases = 23,fault = 121&123&124&119&120,
FAIL;513:edges = 607,fail_cases = 24,fault = 123&124&125,
SUCCESS;514:edges = 608,fail_cases = 24,fault = 126,
SUCCESS;515:edges = 609,fail_cases = 24,fault = 123&126,
SUCCESS;516:edges = 610,fail_cases = 24,fault = 123&124&126,
FAIL;517:edges = 610,fail_cases = 25,fault = 126&127,