SUCCESS;0:edges = 26,fail_cases = 0,fault = ,
SUCCESS;1:edges = 27,fail_cases = 0,fault = 1,
SUCCESS;2:edges = 28,fail_cases = 0,fault = 1&2,
SUCCESS;3:edges = 29,fail_cases = 0,fault = 1&2&3,
SUCCESS;4:edges = 30,fail_cases = 0,fault = 1&2&3&4,
SUCCESS;5:edges = 31,fail_cases = 0,fault = 1&2&3&4&5,
SUCCESS;6:edges = 32,fail_cases = 0,fault = 1&2&3&4&5&6,
FAIL;7:edges = 32,fail_cases = 1,fault = 1&2&3&4&5&6&7,
SUCCESS;8:edges = 34,fail_cases = 1,fault = 8,
SUCCESS;9:edges = 35,fail_cases = 1,fault = 1&8,
SUCCESS;10:edges = 36,fail_cases = 1,fault = 1&2&8,
SUCCESS;11:edges = 37,fail_cases = 1,fault = 1&2&3&8,
SUCCESS;12:edges = 38,fail_cases = 1,fault = 1&2&3&4&8,
SUCCESS;13:edges = 39,fail_cases = 1,fault = 1&2&3&4&5&8,
SUCCESS;14:edges = 40,fail_cases = 1,fault = 1&2&3&4&5&6&8,
SUCCESS;15:edges = 42,fail_cases = 1,fault = 8&9,
SUCCESS;16:edges = 43,fail_cases = 1,fault = 1&8&9,
SUCCESS;17:edges = 44,fail_cases = 1,fault = 1&2&8&9,
SUCCESS;18:edges = 45,fail_cases = 1,fault = 1&2&3&8&9,
SUCCESS;19:edges = 46,fail_cases = 1,fault = 1&2&3&4&8&9,
SUCCESS;20:edges = 47,fail_cases = 1,fault = 1&2&3&4&5&8&9,
SUCCESS;21:edges = 48,fail_cases = 1,fault = 1&2&3&4&5&6&8&9,
FAIL;22:edges = 48,fail_cases = 2,fault = 8&9&10,
SUCCESS;23:edges = 50,fail_cases = 2,fault = 16,
SUCCESS;24:edges = 51,fail_cases = 2,fault = 16&8,
SUCCESS;25:edges = 52,fail_cases = 2,fault = 16&8&9,
SUCCESS;26:edges = 54,fail_cases = 2,fault = 11&16,
SUCCESS;27:edges = 55,fail_cases = 2,fault = 11&16&8,
SUCCESS;28:edges = 56,fail_cases = 2,fault = 11&16&8&9,
SUCCESS;29:edges = 58,fail_cases = 2,fault = 11&12&16,
SUCCESS;30:edges = 59,fail_cases = 2,fault = 11&12&16&8,
SUCCESS;31:edges = 60,fail_cases = 2,fault = 11&12&16&8&9,
SUCCESS;32:edges = 62,fail_cases = 2,fault = 11&12&13&16,
SUCCESS;33:edges = 63,fail_cases = 2,fault = 11&12&13&16&8,
SUCCESS;34:edges = 64,fail_cases = 2,fault = 11&12&13&16&8&9,
SUCCESS;35:edges = 66,fail_cases = 2,fault = 11&12&13&14&16,
SUCCESS;36:edges = 67,fail_cases = 2,fault = 11&12&13&14&16&8,
SUCCESS;37:edges = 68,fail_cases = 2,fault = 11&12&13&14&16&8&9,
FAIL;38:edges = 68,fail_cases = 3,fault = 11&12&13&14&15&16,
SUCCESS;39:edges = 70,fail_cases = 3,fault = 17,
SUCCESS;40:edges = 71,fail_cases = 3,fault = 16&17,
SUCCESS;41:edges = 72,fail_cases = 3,fault = 11&16&17,
SUCCESS;42:edges = 73,fail_cases = 3,fault = 11&12&16&17,
SUCCESS;43:edges = 74,fail_cases = 3,fault = 11&12&13&16&17,
SUCCESS;44:edges = 75,fail_cases = 3,fault = 11&12&13&14&16&17,
SUCCESS;45:edges = 77,fail_cases = 3,fault = 17&18,
SUCCESS;46:edges = 78,fail_cases = 3,fault = 16&17&18,
SUCCESS;47:edges = 79,fail_cases = 3,fault = 11&16&17&18,
SUCCESS;48:edges = 80,fail_cases = 3,fault = 11&12&16&17&18,
SUCCESS;49:edges = 81,fail_cases = 3,fault = 11&12&13&16&17&18,
SUCCESS;50:edges = 82,fail_cases = 3,fault = 11&12&13&14&16&17&18,
SUCCESS;51:edges = 84,fail_cases = 3,fault = 17&18&19,
SUCCESS;52:edges = 85,fail_cases = 3,fault = 16&17&18&19,
SUCCESS;53:edges = 86,fail_cases = 3,fault = 11&16&17&18&19,
SUCCESS;54:edges = 87,fail_cases = 3,fault = 11&12&16&17&18&19,
SUCCESS;55:edges = 88,fail_cases = 3,fault = 11&12&13&16&17&18&19,
SUCCESS;56:edges = 89,fail_cases = 3,fault = 11&12&13&14&16&17&18&19,
SUCCESS;57:edges = 91,fail_cases = 3,fault = 17&18&19&20,
SUCCESS;58:edges = 92,fail_cases = 3,fault = 16&17&18&19&20,
SUCCESS;59:edges = 93,fail_cases = 3,fault = 11&16&17&18&19&20,
SUCCESS;60:edges = 94,fail_cases = 3,fault = 11&12&16&17&18&19&20,
SUCCESS;61:edges = 95,fail_cases = 3,fault = 11&12&13&16&17&18&19&20,
SUCCESS;62:edges = 96,fail_cases = 3,fault = 11&12&13&14&16&17&18&19&20,
SUCCESS;63:edges = 98,fail_cases = 3,fault = 17&18&19&20&21,
SUCCESS;64:edges = 99,fail_cases = 3,fault = 16&17&18&19&20&21,
SUCCESS;65:edges = 100,fail_cases = 3,fault = 11&16&17&18&19&20&21,
SUCCESS;66:edges = 101,fail_cases = 3,fault = 11&12&16&17&18&19&20&21,
SUCCESS;67:edges = 102,fail_cases = 3,fault = 11&12&13&16&17&18&19&20&21,
SUCCESS;68:edges = 103,fail_cases = 3,fault = 11&12&13&14&16&17&18&19&20&21,
SUCCESS;69:edges = 105,fail_cases = 3,fault = 22&17&18&19&20&21,
SUCCESS;70:edges = 106,fail_cases = 3,fault = 22&16&17&18&19&20&21,
SUCCESS;71:edges = 107,fail_cases = 3,fault = 22&11&16&17&18&19&20&21,
SUCCESS;72:edges = 108,fail_cases = 3,fault = 22&11&12&16&17&18&19&20&21,
SUCCESS;73:edges = 109,fail_cases = 3,fault = 22&11&12&13&16&17&18&19&20&21,
SUCCESS;74:edges = 110,fail_cases = 3,fault = 22&11&12&13&14&16&17&18&19&20&21,
SUCCESS;75:edges = 112,fail_cases = 3,fault = 22&23&17&18&19&20&21,
SUCCESS;76:edges = 113,fail_cases = 3,fault = 22&23&16&17&18&19&20&21,
SUCCESS;77:edges = 114,fail_cases = 3,fault = 22&11&23&16&17&18&19&20&21,
SUCCESS;78:edges = 115,fail_cases = 3,fault = 22&11&23&12&16&17&18&19&20&21,
SUCCESS;79:edges = 116,fail_cases = 3,fault = 22&11&23&12&13&16&17&18&19&20&21,
SUCCESS;80:edges = 117,fail_cases = 3,fault = 22&11&23&12&13&14&16&17&18&19&20&21,
FAIL;81:edges = 117,fail_cases = 4,fault = 22&23&24&17&18&19&20&21,
SUCCESS;82:edges = 119,fail_cases = 4,fault = 25,
SUCCESS;83:edges = 120,fail_cases = 4,fault = 25&17,
SUCCESS;84:edges = 121,fail_cases = 4,fault = 25&17&18,
SUCCESS;85:edges = 122,fail_cases = 4,fault = 25&17&18&19,
SUCCESS;86:edges = 123,fail_cases = 4,fault = 25&17&18&19&20,
SUCCESS;87:edges = 124,fail_cases = 4,fault = 25&17&18&19&20&21,
SUCCESS;88:edges = 125,fail_cases = 4,fault = 22&25&17&18&19&20&21,
SUCCESS;89:edges = 126,fail_cases = 4,fault = 22&23&25&17&18&19&20&21,
FAIL;90:edges = 126,fail_cases = 5,fault = 25&26,
SUCCESS;91:edges = 128,fail_cases = 5,fault = 27,
SUCCESS;92:edges = 129,fail_cases = 5,fault = 25&27,
SUCCESS;93:edges = 131,fail_cases = 5,fault = 27&28,
SUCCESS;94:edges = 132,fail_cases = 5,fault = 25&27&28,
FAIL;95:edges = 132,fail_cases = 6,fault = 27&28&29,
SUCCESS;96:edges = 134,fail_cases = 6,fault = 32,
SUCCESS;97:edges = 135,fail_cases = 6,fault = 27&32,
SUCCESS;98:edges = 136,fail_cases = 6,fault = 27&28&32,
SUCCESS;99:edges = 138,fail_cases = 6,fault = 33&32,
SUCCESS;100:edges = 139,fail_cases = 6,fault = 33&27&32,
SUCCESS;101:edges = 140,fail_cases = 6,fault = 33&27&28&32,
SUCCESS;102:edges = 142,fail_cases = 6,fault = 33&30&32,
SUCCESS;103:edges = 143,fail_cases = 6,fault = 33&27&30&32,
SUCCESS;104:edges = 144,fail_cases = 6,fault = 33&27&28&30&32,
FAIL;105:edges = 144,fail_cases = 7,fault = 33&30&31&32,
SUCCESS;106:edges = 146,fail_cases = 7,fault = 34,
SUCCESS;107:edges = 147,fail_cases = 7,fault = 34&32,
SUCCESS;108:edges = 148,fail_cases = 7,fault = 33&34&32,
SUCCESS;109:edges = 149,fail_cases = 7,fault = 33&34&30&32,
SUCCESS;110:edges = 151,fail_cases = 7,fault = 34&35,
SUCCESS;111:edges = 152,fail_cases = 7,fault = 34&35&32,
SUCCESS;112:edges = 153,fail_cases = 7,fault = 33&34&35&32,
SUCCESS;113:edges = 154,fail_cases = 7,fault = 33&34&35&30&32,
FAIL;114:edges = 154,fail_cases = 8,fault = 34&35&36,
SUCCESS;115:edges = 156,fail_cases = 8,fault = 37,
SUCCESS;116:edges = 157,fail_cases = 8,fault = 34&37,
SUCCESS;117:edges = 158,fail_cases = 8,fault = 34&35&37,
SUCCESS;118:edges = 160,fail_cases = 8,fault = 37&38,
SUCCESS;119:edges = 161,fail_cases = 8,fault = 34&37&38,
SUCCESS;120:edges = 162,fail_cases = 8,fault = 34&35&37&38,
SUCCESS;121:edges = 164,fail_cases = 8,fault = 37&38&39,
SUCCESS;122:edges = 165,fail_cases = 8,fault = 34&37&38&39,
SUCCESS;123:edges = 166,fail_cases = 8,fault = 34&35&37&38&39,
SUCCESS;124:edges = 168,fail_cases = 8,fault = 37&38&39&40,
SUCCESS;125:edges = 169,fail_cases = 8,fault = 34&37&38&39&40,
SUCCESS;126:edges = 170,fail_cases = 8,fault = 34&35&37&38&39&40,
SUCCESS;127:edges = 172,fail_cases = 8,fault = 37&38&39&40&41,
SUCCESS;128:edges = 173,fail_cases = 8,fault = 34&37&38&39&40&41,
SUCCESS;129:edges = 174,fail_cases = 8,fault = 34&35&37&38&39&40&41,
SUCCESS;130:edges = 176,fail_cases = 8,fault = 37&38&39&40&41&42,
SUCCESS;131:edges = 177,fail_cases = 8,fault = 34&37&38&39&40&41&42,
SUCCESS;132:edges = 178,fail_cases = 8,fault = 34&35&37&38&39&40&41&42,
FAIL;133:edges = 178,fail_cases = 9,fault = 37&38&39&40&41&42&43,
SUCCESS;134:edges = 180,fail_cases = 9,fault = 48,
SUCCESS;135:edges = 181,fail_cases = 9,fault = 48&37,
SUCCESS;136:edges = 182,fail_cases = 9,fault = 48&37&38,
SUCCESS;137:edges = 183,fail_cases = 9,fault = 48&37&38&39,
SUCCESS;138:edges = 184,fail_cases = 9,fault = 48&37&38&39&40,
SUCCESS;139:edges = 185,fail_cases = 9,fault = 48&37&38&39&40&41,
SUCCESS;140:edges = 186,fail_cases = 9,fault = 48&37&38&39&40&41&42,
SUCCESS;141:edges = 188,fail_cases = 9,fault = 48&49,
SUCCESS;142:edges = 189,fail_cases = 9,fault = 48&37&49,
SUCCESS;143:edges = 190,fail_cases = 9,fault = 48&37&49&38,
SUCCESS;144:edges = 191,fail_cases = 9,fault = 48&37&49&38&39,
SUCCESS;145:edges = 192,fail_cases = 9,fault = 48&37&49&38&39&40,
SUCCESS;146:edges = 193,fail_cases = 9,fault = 48&37&49&38&39&40&41,
SUCCESS;147:edges = 194,fail_cases = 9,fault = 48&37&49&38&39&40&41&42,
SUCCESS;148:edges = 196,fail_cases = 9,fault = 44&48&49,
SUCCESS;149:edges = 197,fail_cases = 9,fault = 44&48&37&49,
SUCCESS;150:edges = 198,fail_cases = 9,fault = 44&48&37&49&38,
SUCCESS;151:edges = 199,fail_cases = 9,fault = 44&48&37&49&38&39,
SUCCESS;152:edges = 200,fail_cases = 9,fault = 44&48&37&49&38&39&40,
SUCCESS;153:edges = 201,fail_cases = 9,fault = 44&48&37&49&38&39&40&41,
SUCCESS;154:edges = 202,fail_cases = 9,fault = 44&48&37&49&38&39&40&41&42,
SUCCESS;155:edges = 204,fail_cases = 9,fault = 44&45&48&49,
SUCCESS;156:edges = 205,fail_cases = 9,fault = 44&45&48&37&49,
SUCCESS;157:edges = 206,fail_cases = 9,fault = 44&45&48&37&49&38,
SUCCESS;158:edges = 207,fail_cases = 9,fault = 44&45&48&37&49&38&39,
SUCCESS;159:edges = 208,fail_cases = 9,fault = 44&45&48&37&49&38&39&40,
SUCCESS;160:edges = 209,fail_cases = 9,fault = 44&45&48&37&49&38&39&40&41,
SUCCESS;161:edges = 210,fail_cases = 9,fault = 44&45&48&37&49&38&39&40&41&42,
SUCCESS;162:edges = 212,fail_cases = 9,fault = 44&45&46&48&49,
SUCCESS;163:edges = 213,fail_cases = 9,fault = 44&45&46&48&37&49,
SUCCESS;164:edges = 214,fail_cases = 9,fault = 44&45&46&48&37&49&38,
SUCCESS;165:edges = 215,fail_cases = 9,fault = 44&45&46&48&37&49&38&39,
SUCCESS;166:edges = 216,fail_cases = 9,fault = 44&45&46&48&37&49&38&39&40,
SUCCESS;167:edges = 217,fail_cases = 9,fault = 44&45&46&48&37&49&38&39&40&41,
SUCCESS;168:edges = 218,fail_cases = 9,fault = 44&45&46&48&37&49&38&39&40&41&42,
FAIL;169:edges = 218,fail_cases = 10,fault = 44&45&46&47&48&49,
SUCCESS;170:edges = 220,fail_cases = 10,fault = 50,
SUCCESS;171:edges = 221,fail_cases = 10,fault = 48&50,
SUCCESS;172:edges = 222,fail_cases = 10,fault = 48&49&50,
SUCCESS;173:edges = 223,fail_cases = 10,fault = 44&48&49&50,
SUCCESS;174:edges = 224,fail_cases = 10,fault = 44&45&48&49&50,
SUCCESS;175:edges = 225,fail_cases = 10,fault = 44&45&46&48&49&50,
SUCCESS;176:edges = 227,fail_cases = 10,fault = 50&51,
SUCCESS;177:edges = 228,fail_cases = 10,fault = 48&50&51,
SUCCESS;178:edges = 229,fail_cases = 10,fault = 48&49&50&51,
SUCCESS;179:edges = 230,fail_cases = 10,fault = 44&48&49&50&51,
SUCCESS;180:edges = 231,fail_cases = 10,fault = 44&45&48&49&50&51,
SUCCESS;181:edges = 232,fail_cases = 10,fault = 44&45&46&48&49&50&51,
SUCCESS;182:edges = 234,fail_cases = 10,fault = 50&51&52,
SUCCESS;183:edges = 235,fail_cases = 10,fault = 48&50&51&52,
SUCCESS;184:edges = 236,fail_cases = 10,fault = 48&49&50&51&52,
SUCCESS;185:edges = 237,fail_cases = 10,fault = 44&48&49&50&51&52,
SUCCESS;186:edges = 238,fail_cases = 10,fault = 44&45&48&49&50&51&52,
SUCCESS;187:edges = 239,fail_cases = 10,fault = 44&45&46&48&49&50&51&52,
SUCCESS;188:edges = 241,fail_cases = 10,fault = 50&51&52&53,
SUCCESS;189:edges = 242,fail_cases = 10,fault = 48&50&51&52&53,
SUCCESS;190:edges = 243,fail_cases = 10,fault = 48&49&50&51&52&53,
SUCCESS;191:edges = 244,fail_cases = 10,fault = 44&48&49&50&51&52&53,
SUCCESS;192:edges = 245,fail_cases = 10,fault = 44&45&48&49&50&51&52&53,
SUCCESS;193:edges = 246,fail_cases = 10,fault = 44&45&46&48&49&50&51&52&53,
SUCCESS;194:edges = 248,fail_cases = 10,fault = 50&51&52&53&54,
SUCCESS;195:edges = 249,fail_cases = 10,fault = 48&50&51&52&53&54,
SUCCESS;196:edges = 250,fail_cases = 10,fault = 48&49&50&51&52&53&54,
SUCCESS;197:edges = 251,fail_cases = 10,fault = 44&48&49&50&51&52&53&54,
SUCCESS;198:edges = 252,fail_cases = 10,fault = 44&45&48&49&50&51&52&53&54,
SUCCESS;199:edges = 253,fail_cases = 10,fault = 44&45&46&48&49&50&51&52&53&54,
SUCCESS;200:edges = 255,fail_cases = 10,fault = 55&50&51&52&53&54,
SUCCESS;201:edges = 256,fail_cases = 10,fault = 55&48&50&51&52&53&54,
SUCCESS;202:edges = 257,fail_cases = 10,fault = 55&48&49&50&51&52&53&54,
SUCCESS;203:edges = 258,fail_cases = 10,fault = 55&44&48&49&50&51&52&53&54,
SUCCESS;204:edges = 259,fail_cases = 10,fault = 55&44&45&48&49&50&51&52&53&54,
SUCCESS;205:edges = 260,fail_cases = 10,fault = 55&44&45&46&48&49&50&51&52&53&54,
FAIL;206:edges = 260,fail_cases = 11,fault = 55&56&50&51&52&53&54,
SUCCESS;207:edges = 262,fail_cases = 11,fault = 57,
SUCCESS;208:edges = 263,fail_cases = 11,fault = 57&50,
SUCCESS;209:edges = 264,fail_cases = 11,fault = 57&50&51,
SUCCESS;210:edges = 265,fail_cases = 11,fault = 57&50&51&52,
SUCCESS;211:edges = 266,fail_cases = 11,fault = 57&50&51&52&53,
SUCCESS;212:edges = 267,fail_cases = 11,fault = 57&50&51&52&53&54,
SUCCESS;213:edges = 268,fail_cases = 11,fault = 55&57&50&51&52&53&54,
SUCCESS;214:edges = 270,fail_cases = 11,fault = 57&58,
SUCCESS;215:edges = 271,fail_cases = 11,fault = 57&58&50,
SUCCESS;216:edges = 272,fail_cases = 11,fault = 57&58&50&51,
SUCCESS;217:edges = 273,fail_cases = 11,fault = 57&58&50&51&52,
SUCCESS;218:edges = 274,fail_cases = 11,fault = 57&58&50&51&52&53,
SUCCESS;219:edges = 275,fail_cases = 11,fault = 57&58&50&51&52&53&54,
SUCCESS;220:edges = 276,fail_cases = 11,fault = 55&57&58&50&51&52&53&54,
SUCCESS;221:edges = 278,fail_cases = 11,fault = 57&58&59,
SUCCESS;222:edges = 279,fail_cases = 11,fault = 57&58&59&50,
SUCCESS;223:edges = 280,fail_cases = 11,fault = 57&58&59&50&51,
SUCCESS;224:edges = 281,fail_cases = 11,fault = 57&58&59&50&51&52,
SUCCESS;225:edges = 282,fail_cases = 11,fault = 57&58&59&50&51&52&53,
SUCCESS;226:edges = 283,fail_cases = 11,fault = 57&58&59&50&51&52&53&54,
SUCCESS;227:edges = 284,fail_cases = 11,fault = 55&57&58&59&50&51&52&53&54,
FAIL;228:edges = 284,fail_cases = 12,fault = 57&58&59&60,
SUCCESS;229:edges = 286,fail_cases = 12,fault = 64,
SUCCESS;230:edges = 287,fail_cases = 12,fault = 57&64,
SUCCESS;231:edges = 288,fail_cases = 12,fault = 57&58&64,
SUCCESS;232:edges = 289,fail_cases = 12,fault = 57&58&59&64,
SUCCESS;233:edges = 291,fail_cases = 12,fault = 64&65,
SUCCESS;234:edges = 292,fail_cases = 12,fault = 57&64&65,
SUCCESS;235:edges = 293,fail_cases = 12,fault = 57&58&64&65,
SUCCESS;236:edges = 294,fail_cases = 12,fault = 57&58&59&64&65,
SUCCESS;237:edges = 296,fail_cases = 12,fault = 66&64&65,
SUCCESS;238:edges = 297,fail_cases = 12,fault = 66&57&64&65,
SUCCESS;239:edges = 298,fail_cases = 12,fault = 66&57&58&64&65,
SUCCESS;240:edges = 299,fail_cases = 12,fault = 66&57&58&59&64&65,
SUCCESS;241:edges = 301,fail_cases = 12,fault = 66&61&64&65,
SUCCESS;242:edges = 302,fail_cases = 12,fault = 66&57&61&64&65,
SUCCESS;243:edges = 303,fail_cases = 12,fault = 66&57&58&61&64&65,
SUCCESS;244:edges = 304,fail_cases = 12,fault = 66&57&58&59&61&64&65,
SUCCESS;245:edges = 306,fail_cases = 12,fault = 66&61&62&64&65,
SUCCESS;246:edges = 307,fail_cases = 12,fault = 66&57&61&62&64&65,
SUCCESS;247:edges = 308,fail_cases = 12,fault = 66&57&58&61&62&64&65,
SUCCESS;248:edges = 309,fail_cases = 12,fault = 66&57&58&59&61&62&64&65,
FAIL;249:edges = 309,fail_cases = 13,fault = 66&61&62&63&64&65,
SUCCESS;250:edges = 311,fail_cases = 13,fault = 67,
SUCCESS;251:edges = 312,fail_cases = 13,fault = 67&64,
SUCCESS;252:edges = 313,fail_cases = 13,fault = 67&64&65,
SUCCESS;253:edges = 314,fail_cases = 13,fault = 66&67&64&65,
SUCCESS;254:edges = 315,fail_cases = 13,fault = 66&67&61&64&65,
SUCCESS;255:edges = 316,fail_cases = 13,fault = 66&67&61&62&64&65,
SUCCESS;256:edges = 318,fail_cases = 13,fault = 67&68,
SUCCESS;257:edges = 319,fail_cases = 13,fault = 67&68&64,
SUCCESS;258:edges = 320,fail_cases = 13,fault = 67&68&64&65,
SUCCESS;259:edges = 321,fail_cases = 13,fault = 66&67&68&64&65,
SUCCESS;260:edges = 322,fail_cases = 13,fault = 66&67&68&61&64&65,
SUCCESS;261:edges = 323,fail_cases = 13,fault = 66&67&68&61&62&64&65,
SUCCESS;262:edges = 325,fail_cases = 13,fault = 67&68&69,
SUCCESS;263:edges = 326,fail_cases = 13,fault = 67&68&69&64,
SUCCESS;264:edges = 327,fail_cases = 13,fault = 67&68&69&64&65,
SUCCESS;265:edges = 328,fail_cases = 13,fault = 66&67&68&69&64&65,
SUCCESS;266:edges = 329,fail_cases = 13,fault = 66&67&68&69&61&64&65,
SUCCESS;267:edges = 330,fail_cases = 13,fault = 66&67&68&69&61&62&64&65,
SUCCESS;268:edges = 332,fail_cases = 13,fault = 67&68&69&70,
SUCCESS;269:edges = 333,fail_cases = 13,fault = 67&68&69&70&64,
SUCCESS;270:edges = 334,fail_cases = 13,fault = 67&68&69&70&64&65,
SUCCESS;271:edges = 335,fail_cases = 13,fault = 66&67&68&69&70&64&65,
SUCCESS;272:edges = 336,fail_cases = 13,fault = 66&67&68&69&70&61&64&65,
SUCCESS;273:edges = 337,fail_cases = 13,fault = 66&67&68&69&70&61&62&64&65,
SUCCESS;274:edges = 339,fail_cases = 13,fault = 67&68&69&70&71,
SUCCESS;275:edges = 340,fail_cases = 13,fault = 67&68&69&70&71&64,
SUCCESS;276:edges = 341,fail_cases = 13,fault = 67&68&69&70&71&64&65,
SUCCESS;277:edges = 342,fail_cases = 13,fault = 66&67&68&69&70&71&64&65,
SUCCESS;278:edges = 343,fail_cases = 13,fault = 66&67&68&69&70&71&61&64&65,
SUCCESS;279:edges = 344,fail_cases = 13,fault = 66&67&68&69&70&71&61&62&64&65,
FAIL;280:edges = 344,fail_cases = 14,fault = 67&68&69&70&71&72,
SUCCESS;281:edges = 346,fail_cases = 14,fault = 73,
SUCCESS;282:edges = 347,fail_cases = 14,fault = 67&73,
SUCCESS;283:edges = 348,fail_cases = 14,fault = 67&68&73,
SUCCESS;284:edges = 349,fail_cases = 14,fault = 67&68&69&73,
SUCCESS;285:edges = 350,fail_cases = 14,fault = 67&68&69&70&73,
SUCCESS;286:edges = 351,fail_cases = 14,fault = 67&68&69&70&71&73,
SUCCESS;287:edges = 353,fail_cases = 14,fault = 73&74,
SUCCESS;288:edges = 354,fail_cases = 14,fault = 67&73&74,
SUCCESS;289:edges = 355,fail_cases = 14,fault = 67&68&73&74,
SUCCESS;290:edges = 356,fail_cases = 14,fault = 67&68&69&73&74,
SUCCESS;291:edges = 357,fail_cases = 14,fault = 67&68&69&70&73&74,
SUCCESS;292:edges = 358,fail_cases = 14,fault = 67&68&69&70&71&73&74,
SUCCESS;293:edges = 360,fail_cases = 14,fault = 73&74&75,
SUCCESS;294:edges = 361,fail_cases = 14,fault = 67&73&74&75,
SUCCESS;295:edges = 362,fail_cases = 14,fault = 67&68&73&74&75,
SUCCESS;296:edges = 363,fail_cases = 14,fault = 67&68&69&73&74&75,
SUCCESS;297:edges = 364,fail_cases = 14,fault = 67&68&69&70&73&74&75,
SUCCESS;298:edges = 365,fail_cases = 14,fault = 67&68&69&70&71&73&74&75,
SUCCESS;299:edges = 367,fail_cases = 14,fault = 73&74&75&76,
SUCCESS;300:edges = 368,fail_cases = 14,fault = 67&73&74&75&76,
SUCCESS;301:edges = 369,fail_cases = 14,fault = 67&68&73&74&75&76,
SUCCESS;302:edges = 370,fail_cases = 14,fault = 67&68&69&73&74&75&76,
SUCCESS;303:edges = 371,fail_cases = 14,fault = 67&68&69&70&73&74&75&76,
SUCCESS;304:edges = 372,fail_cases = 14,fault = 67&68&69&70&71&73&74&75&76,
SUCCESS;305:edges = 374,fail_cases = 14,fault = 77&73&74&75&76,
SUCCESS;306:edges = 375,fail_cases = 14,fault = 77&67&73&74&75&76,
SUCCESS;307:edges = 376,fail_cases = 14,fault = 77&67&68&73&74&75&76,
SUCCESS;308:edges = 377,fail_cases = 14,fault = 77&67&68&69&73&74&75&76,
SUCCESS;309:edges = 378,fail_cases = 14,fault = 77&67&68&69&70&73&74&75&76,
SUCCESS;310:edges = 379,fail_cases = 14,fault = 77&67&68&69&70&71&73&74&75&76,
FAIL;311:edges = 379,fail_cases = 15,fault = 77&78&73&74&75&76,
SUCCESS;312:edges = 381,fail_cases = 15,fault = 80,
SUCCESS;313:edges = 382,fail_cases = 15,fault = 80&73,
SUCCESS;314:edges = 383,fail_cases = 15,fault = 80&73&74,
SUCCESS;315:edges = 384,fail_cases = 15,fault = 80&73&74&75,
SUCCESS;316:edges = 385,fail_cases = 15,fault = 80&73&74&75&76,
SUCCESS;317:edges = 386,fail_cases = 15,fault = 77&80&73&74&75&76,
FAIL;318:edges = 386,fail_cases = 16,fault = 79&80,
SUCCESS;319:edges = 388,fail_cases = 16,fault = 81,
SUCCESS;320:edges = 389,fail_cases = 16,fault = 80&81,
SUCCESS;321:edges = 391,fail_cases = 16,fault = 81&82,
SUCCESS;322:edges = 392,fail_cases = 16,fault = 80&81&82,
SUCCESS;323:edges = 394,fail_cases = 16,fault = 81&82&83,
SUCCESS;324:edges = 395,fail_cases = 16,fault = 80&81&82&83,
SUCCESS;325:edges = 397,fail_cases = 16,fault = 81&82&83&84,
SUCCESS;326:edges = 398,fail_cases = 16,fault = 80&81&82&83&84,
SUCCESS;327:edges = 400,fail_cases = 16,fault = 81&82&83&84&85,
SUCCESS;328:edges = 401,fail_cases = 16,fault = 80&81&82&83&84&85,
SUCCESS;329:edges = 403,fail_cases = 16,fault = 81&82&83&84&85&86,
SUCCESS;330:edges = 404,fail_cases = 16,fault = 80&81&82&83&84&85&86,
FAIL;331:edges = 404,fail_cases = 17,fault = 81&82&83&84&85&86&87,
SUCCESS;332:edges = 406,fail_cases = 17,fault = 88,
SUCCESS;333:edges = 407,fail_cases = 17,fault = 88&81,
SUCCESS;334:edges = 408,fail_cases = 17,fault = 88&81&82,
SUCCESS;335:edges = 409,fail_cases = 17,fault = 88&81&82&83,
SUCCESS;336:edges = 410,fail_cases = 17,fault = 88&81&82&83&84,
SUCCESS;337:edges = 411,fail_cases = 17,fault = 88&81&82&83&84&85,
SUCCESS;338:edges = 412,fail_cases = 17,fault = 88&81&82&83&84&85&86,
SUCCESS;339:edges = 414,fail_cases = 17,fault = 88&89,
SUCCESS;340:edges = 415,fail_cases = 17,fault = 88&89&81,
SUCCESS;341:edges = 416,fail_cases = 17,fault = 88&89&81&82,
SUCCESS;342:edges = 417,fail_cases = 17,fault = 88&89&81&82&83,
SUCCESS;343:edges = 418,fail_cases = 17,fault = 88&89&81&82&83&84,
SUCCESS;344:edges = 419,fail_cases = 17,fault = 88&89&81&82&83&84&85,
SUCCESS;345:edges = 420,fail_cases = 17,fault = 88&89&81&82&83&84&85&86,
FAIL;346:edges = 420,fail_cases = 18,fault = 88&89&90,
SUCCESS;347:edges = 422,fail_cases = 18,fault = 96,
SUCCESS;348:edges = 423,fail_cases = 18,fault = 88&96,
SUCCESS;349:edges = 424,fail_cases = 18,fault = 88&89&96,
SUCCESS;350:edges = 426,fail_cases = 18,fault = 96&97,
SUCCESS;351:edges = 427,fail_cases = 18,fault = 88&96&97,
SUCCESS;352:edges = 428,fail_cases = 18,fault = 88&89&96&97,
SUCCESS;353:edges = 430,fail_cases = 18,fault = 96&97&98,
SUCCESS;354:edges = 431,fail_cases = 18,fault = 88&96&97&98,
SUCCESS;355:edges = 432,fail_cases = 18,fault = 88&89&96&97&98,
SUCCESS;356:edges = 434,fail_cases = 18,fault = 91&96&97&98,
SUCCESS;357:edges = 435,fail_cases = 18,fault = 88&91&96&97&98,
SUCCESS;358:edges = 436,fail_cases = 18,fault = 88&89&91&96&97&98,
SUCCESS;359:edges = 438,fail_cases = 18,fault = 91&92&96&97&98,
SUCCESS;360:edges = 439,fail_cases = 18,fault = 88&91&92&96&97&98,
SUCCESS;361:edges = 440,fail_cases = 18,fault = 88&89&91&92&96&97&98,
SUCCESS;362:edges = 442,fail_cases = 18,fault = 91&92&93&96&97&98,
SUCCESS;363:edges = 443,fail_cases = 18,fault = 88&91&92&93&96&97&98,
SUCCESS;364:edges = 444,fail_cases = 18,fault = 88&89&91&92&93&96&97&98,
SUCCESS;365:edges = 446,fail_cases = 18,fault = 91&92&93&94&96&97&98,
SUCCESS;366:edges = 447,fail_cases = 18,fault = 88&91&92&93&94&96&97&98,
SUCCESS;367:edges = 448,fail_cases = 18,fault = 88&89&91&92&93&94&96&97&98,
FAIL;368:edges = 448,fail_cases = 19,fault = 91&92&93&94&95&96&97&98,
SUCCESS;369:edges = 450,fail_cases = 19,fault = 99,
SUCCESS;370:edges = 451,fail_cases = 19,fault = 99&96,
SUCCESS;371:edges = 452,fail_cases = 19,fault = 99&96&97,
SUCCESS;372:edges = 453,fail_cases = 19,fault = 99&96&97&98,
SUCCESS;373:edges = 454,fail_cases = 19,fault = 99&91&96&97&98,
SUCCESS;374:edges = 455,fail_cases = 19,fault = 99&91&92&96&97&98,
SUCCESS;375:edges = 456,fail_cases = 19,fault = 99&91&92&93&96&97&98,
SUCCESS;376:edges = 457,fail_cases = 19,fault = 99&91&92&93&94&96&97&98,
FAIL;377:edges = 457,fail_cases = 20,fault = 99&100,
SUCCESS;378:edges = 459,fail_cases = 20,fault = 101,
SUCCESS;379:edges = 460,fail_cases = 20,fault = 99&101,
SUCCESS;380:edges = 462,fail_cases = 20,fault = 101&102,
SUCCESS;381:edges = 463,fail_cases = 20,fault = 99&101&102,
SUCCESS;382:edges = 465,fail_cases = 20,fault = 101&102&103,
SUCCESS;383:edges = 466,fail_cases = 20,fault = 99&101&102&103,
SUCCESS;384:edges = 468,fail_cases = 20,fault = 101&102&103&104,
SUCCESS;385:edges = 469,fail_cases = 20,fault = 99&101&102&103&104,
SUCCESS;386:edges = 471,fail_cases = 20,fault = 101&102&103&104&105,
SUCCESS;387:edges = 472,fail_cases = 20,fault = 99&101&102&103&104&105,
SUCCESS;388:edges = 474,fail_cases = 20,fault = 101&102&103&104&105&106,
SUCCESS;389:edges = 475,fail_cases = 20,fault = 99&101&102&103&104&105&106,
FAIL;390:edges = 475,fail_cases = 21,fault = 101&102&103&104&105&106&107,
SUCCESS;391:edges = 477,fail_cases = 21,fault = 112,
SUCCESS;392:edges = 478,fail_cases = 21,fault = 112&101,
SUCCESS;393:edges = 479,fail_cases = 21,fault = 112&101&102,
SUCCESS;394:edges = 480,fail_cases = 21,fault = 112&101&102&103,
SUCCESS;395:edges = 481,fail_cases = 21,fault = 112&101&102&103&104,
SUCCESS;396:edges = 482,fail_cases = 21,fault = 112&101&102&103&104&105,
SUCCESS;397:edges = 483,fail_cases = 21,fault = 112&101&102&103&104&105&106,
SUCCESS;398:edges = 485,fail_cases = 21,fault = 112&113,
SUCCESS;399:edges = 486,fail_cases = 21,fault = 112&101&113,
SUCCESS;400:edges = 487,fail_cases = 21,fault = 112&101&113&102,
SUCCESS;401:edges = 488,fail_cases = 21,fault = 112&101&113&102&103,
SUCCESS;402:edges = 489,fail_cases = 21,fault = 112&101&113&102&103&104,
SUCCESS;403:edges = 490,fail_cases = 21,fault = 112&101&113&102&103&104&105,
SUCCESS;404:edges = 491,fail_cases = 21,fault = 112&101&113&102&103&104&105&106,
SUCCESS;405:edges = 493,fail_cases = 21,fault = 112&113&108,
SUCCESS;406:edges = 494,fail_cases = 21,fault = 112&101&113&108,
SUCCESS;407:edges = 495,fail_cases = 21,fault = 112&101&113&102&108,
SUCCESS;408:edges = 496,fail_cases = 21,fault = 112&101&113&102&103&108,
SUCCESS;409:edges = 497,fail_cases = 21,fault = 112&101&113&102&103&104&108,
SUCCESS;410:edges = 498,fail_cases = 21,fault = 112&101&113&102&103&104&105&108,
SUCCESS;411:edges = 499,fail_cases = 21,fault = 112&101&113&102&103&104&105&106&108,
SUCCESS;412:edges = 501,fail_cases = 21,fault = 112&113&108&109,
SUCCESS;413:edges = 502,fail_cases = 21,fault = 112&101&113&108&109,
SUCCESS;414:edges = 503,fail_cases = 21,fault = 112&101&113&102&108&109,
SUCCESS;415:edges = 504,fail_cases = 21,fault = 112&101&113&102&103&108&109,
SUCCESS;416:edges = 505,fail_cases = 21,fault = 112&101&113&102&103&104&108&109,
SUCCESS;417:edges = 506,fail_cases = 21,fault = 112&101&113&102&103&104&105&108&109,
SUCCESS;418:edges = 507,fail_cases = 21,fault = 112&101&113&102&103&104&105&106&108&109,
SUCCESS;419:edges = 509,fail_cases = 21,fault = 110&112&113&108&109,
SUCCESS;420:edges = 510,fail_cases = 21,fault = 110&112&101&113&108&109,
SUCCESS;421:edges = 511,fail_cases = 21,fault = 110&112&101&113&102&108&109,
SUCCESS;422:edges = 512,fail_cases = 21,fault = 110&112&101&113&102&103&108&109,
SUCCESS;423:edges = 513,fail_cases = 21,fault = 110&112&101&113&102&103&104&108&109,
SUCCESS;424:edges = 514,fail_cases = 21,fault = 110&112&101&113&102&103&104&105&108&109,
SUCCESS;425:edges = 515,fail_cases = 21,fault = 110&112&101&113&102&103&104&105&106&108&109,
FAIL;426:edges = 515,fail_cases = 22,fault = 110&111&112&113&108&109,
SUCCESS;427:edges = 517,fail_cases = 22,fault = 114,
SUCCESS;428:edges = 518,fail_cases = 22,fault = 112&114,
SUCCESS;429:edges = 519,fail_cases = 22,fault = 112&113&114,
SUCCESS;430:edges = 520,fail_cases = 22,fault = 112&113&114&108,
SUCCESS;431:edges = 521,fail_cases = 22,fault = 112&113&114&108&109,
SUCCESS;432:edges = 522,fail_cases = 22,fault = 110&112&113&114&108&109,
SUCCESS;433:edges = 524,fail_cases = 22,fault = 114&115,
SUCCESS;434:edges = 525,fail_cases = 22,fault = 112&114&115,
SUCCESS;435:edges = 526,fail_cases = 22,fault = 112&113&114&115,
SUCCESS;436:edges = 527,fail_cases = 22,fault = 112&113&114&115&108,
SUCCESS;437:edges = 528,fail_cases = 22,fault = 112&113&114&115&108&109,
SUCCESS;438:edges = 529,fail_cases = 22,fault = 110&112&113&114&115&108&109,
SUCCESS;439:edges = 531,fail_cases = 22,fault = 114&115&116,
SUCCESS;440:edges = 532,fail_cases = 22,fault = 112&114&115&116,
SUCCESS;441:edges = 533,fail_cases = 22,fault = 112&113&114&115&116,
SUCCESS;442:edges = 534,fail_cases = 22,fault = 112&113&114&115&116&108,
SUCCESS;443:edges = 535,fail_cases = 22,fault = 112&113&114&115&116&108&109,
SUCCESS;444:edges = 536,fail_cases = 22,fault = 110&112&113&114&115&116&108&109,
SUCCESS;445:edges = 538,fail_cases = 22,fault = 114&115&116&117,
SUCCESS;446:edges = 539,fail_cases = 22,fault = 112&114&115&116&117,
SUCCESS;447:edges = 540,fail_cases = 22,fault = 112&113&114&115&116&117,
SUCCESS;448:edges = 541,fail_cases = 22,fault = 112&113&114&115&116&117&108,
SUCCESS;449:edges = 542,fail_cases = 22,fault = 112&113&114&115&116&117&108&109,
SUCCESS;450:edges = 543,fail_cases = 22,fault = 110&112&113&114&115&116&117&108&109,
SUCCESS;451:edges = 545,fail_cases = 22,fault = 114&115&116&117&118,
SUCCESS;452:edges = 546,fail_cases = 22,fault = 112&114&115&116&117&118,
SUCCESS;453:edges = 547,fail_cases = 22,fault = 112&113&114&115&116&117&118,
SUCCESS;454:edges = 548,fail_cases = 22,fault = 112&113&114&115&116&117&118&108,
SUCCESS;455:edges = 549,fail_cases = 22,fault = 112&113&114&115&116&117&118&108&109,
SUCCESS;456:edges = 550,fail_cases = 22,fault = 110&112&113&114&115&116&117&118&108&109,
FAIL;457:edges = 550,fail_cases = 23,fault = 114&115&116&117&118&119,
SUCCESS;458:edges = 552,fail_cases = 23,fault = 120,
SUCCESS;459:edges = 553,fail_cases = 23,fault = 114&120,
SUCCESS;460:edges = 554,fail_cases = 23,fault = 114&115&120,
SUCCESS;461:edges = 555,fail_cases = 23,fault = 114&115&116&120,
SUCCESS;462:edges = 556,fail_cases = 23,fault = 114&115&116&117&120,
SUCCESS;463:edges = 557,fail_cases = 23,fault = 114&115&116&117&118&120,
SUCCESS;464:edges = 559,fail_cases = 23,fault = 121&120,
SUCCESS;465:edges = 560,fail_cases = 23,fault = 121&114&120,
SUCCESS;466:edges = 561,fail_cases = 23,fault = 121&114&115&120,
SUCCESS;467:edges = 562,fail_cases = 23,fault = 121&114&115&116&120,
SUCCESS;468:edges = 563,fail_cases = 23,fault = 121&114&115&116&117&120,
SUCCESS;469:edges = 564,fail_cases = 23,fault = 121&114&115&116&117&118&120,
SUCCESS;470:edges = 566,fail_cases = 23,fault = 121&122&120,
SUCCESS;471:edges = 567,fail_cases = 23,fault = 121&122&114&120,
SUCCESS;472:edges = 568,fail_cases = 23,fault = 121&122&114&115&120,
SUCCESS;473:edges = 569,fail_cases = 23,fault = 121&122&114&115&116&120,
SUCCESS;474:edges = 570,fail_cases = 23,fault = 121&122&114&115&116&117&120,
SUCCESS;475:edges = 571,fail_cases = 23,fault = 121&122&114&115&116&117&118&120,
SUCCESS;476:edges = 573,fail_cases = 23,fault = 121&122&123&120,
SUCCESS;477:edges = 574,fail_cases = 23,fault = 121&122&123&114&120,
SUCCESS;478:edges = 575,fail_cases = 23,fault = 121&122&123&114&115&120,
SUCCESS;479:edges = 576,fail_cases = 23,fault = 121&122&123&114&115&116&120,
SUCCESS;480:edges = 577,fail_cases = 23,fault = 121&122&123&114&115&116&117&120,
SUCCESS;481:edges = 578,fail_cases = 23,fault = 121&122&123&114&115&116&117&118&120,
SUCCESS;482:edges = 580,fail_cases = 23,fault = 121&122&123&124&120,
SUCCESS;483:edges = 581,fail_cases = 23,fault = 121&122&123&124&114&120,
SUCCESS;484:edges = 582,fail_cases = 23,fault = 121&122&123&124&114&115&120,
SUCCESS;485:edges = 583,fail_cases = 23,fault = 121&122&123&124&114&115&116&120,
SUCCESS;486:edges = 584,fail_cases = 23,fault = 121&122&123&124&114&115&116&117&120,
SUCCESS;487:edges = 585,fail_cases = 23,fault = 121&122&123&124&114&115&116&117&118&120,
FAIL;488:edges = 585,fail_cases = 24,fault = 121&122&123&124&125&120,
SUCCESS;489:edges = 587,fail_cases = 24,fault = 128,
SUCCESS;490:edges = 588,fail_cases = 24,fault = 128&120,
SUCCESS;491:edges = 589,fail_cases = 24,fault = 121&128&120,
SUCCESS;492:edges = 590,fail_cases = 24,fault = 121&122&128&120,
SUCCESS;493:edges = 591,fail_cases = 24,fault = 121&122&123&128&120,
SUCCESS;494:edges = 592,fail_cases = 24,fault = 121&122&123&124&128&120,
SUCCESS;495:edges = 594,fail_cases = 24,fault = 128&129,
SUCCESS;496:edges = 595,fail_cases = 24,fault = 128&129&120,
SUCCESS;497:edges = 596,fail_cases = 24,fault = 121&128&129&120,
SUCCESS;498:edges = 597,fail_cases = 24,fault = 121&122&128&129&120,
SUCCESS;499:edges = 598,fail_cases = 24,fault = 121&122&123&128&129&120,
SUCCESS;500:edges = 599,fail_cases = 24,fault = 121&122&123&124&128&129&120,
SUCCESS;501:edges = 601,fail_cases = 24,fault = 128&129&130,
SUCCESS;502:edges = 602,fail_cases = 24,fault = 128&129&130&120,
SUCCESS;503:edges = 603,fail_cases = 24,fault = 121&128&129&130&120,
SUCCESS;504:edges = 604,fail_cases = 24,fault = 121&122&128&129&130&120,
SUCCESS;505:edges = 605,fail_cases = 24,fault = 121&122&123&128&129&130&120,
SUCCESS;506:edges = 606,fail_cases = 24,fault = 121&122&123&124&128&129&130&120,
SUCCESS;507:edges = 608,fail_cases = 24,fault = 128&129&130&131,
SUCCESS;508:edges = 609,fail_cases = 24,fault = 128&129&130&131&120,
SUCCESS;509:edges = 610,fail_cases = 24,fault = 121&128&129&130&131&120,
SUCCESS;510:edges = 611,fail_cases = 24,fault = 121&122&128&129&130&131&120,
SUCCESS;511:edges = 612,fail_cases = 24,fault = 121&122&123&128&129&130&131&120,
SUCCESS;512:edges = 613,fail_cases = 24,fault = 121&122&123&124&128&129&130&131&120,
SUCCESS;513:edges = 615,fail_cases = 24,fault = 126&128&129&130&131,
SUCCESS;514:edges = 616,fail_cases = 24,fault = 126&128&129&130&131&120,
SUCCESS;515:edges = 617,fail_cases = 24,fault = 121&126&128&129&130&131&120,
SUCCESS;516:edges = 618,fail_cases = 24,fault = 121&122&126&128&129&130&131&120,
SUCCESS;517:edges = 619,fail_cases = 24,fault = 121&122&123&126&128&129&130&131&120,
SUCCESS;518:edges = 620,fail_cases = 24,fault = 121&122&123&124&126&128&129&130&131&120,
FAIL;519:edges = 620,fail_cases = 25,fault = 126&127&128&129&130&131,
SUCCESS;520:edges = 622,fail_cases = 25,fault = 132,
SUCCESS;521:edges = 623,fail_cases = 25,fault = 132&128,
SUCCESS;522:edges = 624,fail_cases = 25,fault = 132&128&129,
SUCCESS;523:edges = 625,fail_cases = 25,fault = 132&128&129&130,
SUCCESS;524:edges = 626,fail_cases = 25,fault = 132&128&129&130&131,
SUCCESS;525:edges = 627,fail_cases = 25,fault = 132&126&128&129&130&131,
SUCCESS;526:edges = 629,fail_cases = 25,fault = 132&133,
SUCCESS;527:edges = 630,fail_cases = 25,fault = 132&133&128,
SUCCESS;528:edges = 631,fail_cases = 25,fault = 132&133&128&129,
SUCCESS;529:edges = 632,fail_cases = 25,fault = 132&133&128&129&130,
SUCCESS;530:edges = 633,fail_cases = 25,fault = 132&133&128&129&130&131,
SUCCESS;531:edges = 634,fail_cases = 25,fault = 132&133&126&128&129&130&131,
SUCCESS;532:edges = 636,fail_cases = 25,fault = 132&133&134,
SUCCESS;533:edges = 637,fail_cases = 25,fault = 132&133&134&128,
SUCCESS;534:edges = 638,fail_cases = 25,fault = 132&133&134&128&129,
SUCCESS;535:edges = 639,fail_cases = 25,fault = 132&133&134&128&129&130,
SUCCESS;536:edges = 640,fail_cases = 25,fault = 132&133&134&128&129&130&131,
SUCCESS;537:edges = 641,fail_cases = 25,fault = 132&133&134&126&128&129&130&131,
FAIL;538:edges = 641,fail_cases = 26,fault = 132&133&134&135,
SUCCESS;539:edges = 642,fail_cases = 26,fault = 136,
SUCCESS;540:edges = 643,fail_cases = 26,fault = 132&136,
SUCCESS;541:edges = 644,fail_cases = 26,fault = 132&133&136,
SUCCESS;542:edges = 645,fail_cases = 26,fault = 132&133&134&136,
SUCCESS;543:edges = 646,fail_cases = 26,fault = 136&137,
SUCCESS;544:edges = 647,fail_cases = 26,fault = 132&136&137,
SUCCESS;545:edges = 648,fail_cases = 26,fault = 132&133&136&137,
SUCCESS;546:edges = 649,fail_cases = 26,fault = 132&133&134&136&137,
SUCCESS;547:edges = 650,fail_cases = 26,fault = 136&137&138,
SUCCESS;548:edges = 651,fail_cases = 26,fault = 132&136&137&138,
SUCCESS;549:edges = 652,fail_cases = 26,fault = 132&133&136&137&138,
SUCCESS;550:edges = 653,fail_cases = 26,fault = 132&133&134&136&137&138,
SUCCESS;551:edges = 654,fail_cases = 26,fault = 136&137&138&139,
SUCCESS;552:edges = 655,fail_cases = 26,fault = 132&136&137&138&139,
SUCCESS;553:edges = 656,fail_cases = 26,fault = 132&133&136&137&138&139,
SUCCESS;554:edges = 657,fail_cases = 26,fault = 132&133&134&136&137&138&139,
SUCCESS;555:edges = 658,fail_cases = 26,fault = 136&137&138&139&140,
SUCCESS;556:edges = 659,fail_cases = 26,fault = 132&136&137&138&139&140,
SUCCESS;557:edges = 660,fail_cases = 26,fault = 132&133&136&137&138&139&140,
SUCCESS;558:edges = 661,fail_cases = 26,fault = 132&133&134&136&137&138&139&140,
FAIL;559:edges = 661,fail_cases = 27,fault = 136&137&138&139&140&141,