SUCCESS;0:edges = 16,fail_cases = 0,fault = ,
SUCCESS;1:edges = 17,fail_cases = 0,fault = 1,
SUCCESS;2:edges = 18,fail_cases = 0,fault = 1&2,
SUCCESS;3:edges = 19,fail_cases = 0,fault = 1&2&3,
FAIL;4:edges = 19,fail_cases = 1,fault = 1&2&3&4,
SUCCESS;5:edges = 21,fail_cases = 1,fault = 5,
SUCCESS;6:edges = 22,fail_cases = 1,fault = 1&5,
SUCCESS;7:edges = 23,fail_cases = 1,fault = 1&2&5,
SUCCESS;8:edges = 24,fail_cases = 1,fault = 1&2&3&5,
FAIL;9:edges = 24,fail_cases = 2,fault = 5&6,
SUCCESS;10:edges = 26,fail_cases = 2,fault = 7,
SUCCESS;11:edges = 27,fail_cases = 2,fault = 5&7,
SUCCESS;12:edges = 29,fail_cases = 2,fault = 7&8,
SUCCESS;13:edges = 30,fail_cases = 2,fault = 5&7&8,
SUCCESS;14:edges = 32,fail_cases = 2,fault = 7&8&9,
SUCCESS;15:edges = 33,fail_cases = 2,fault = 5&7&8&9,
FAIL;16:edges = 33,fail_cases = 3,fault = 7&8&9&10,
SUCCESS;17:edges = 35,fail_cases = 3,fault = 11,
SUCCESS;18:edges = 36,fail_cases = 3,fault = 11&7,
SUCCESS;19:edges = 37,fail_cases = 3,fault = 11&7&8,
SUCCESS;20:edges = 38,fail_cases = 3,fault = 11&7&8&9,
SUCCESS;21:edges = 40,fail_cases = 3,fault = 11&12,
SUCCESS;22:edges = 41,fail_cases = 3,fault = 11&12&7,
SUCCESS;23:edges = 42,fail_cases = 3,fault = 11&12&7&8,
SUCCESS;24:edges = 43,fail_cases = 3,fault = 11&12&7&8&9,
FAIL;25:edges = 43,fail_cases = 4,fault = 11&12&13,
SUCCESS;26:edges = 45,fail_cases = 4,fault = 16,
SUCCESS;27:edges = 46,fail_cases = 4,fault = 11&16,
SUCCESS;28:edges = 47,fail_cases = 4,fault = 11&12&16,
SUCCESS;29:edges = 49,fail_cases = 4,fault = 16&17,
SUCCESS;30:edges = 50,fail_cases = 4,fault = 11&16&17,
SUCCESS;31:edges = 51,fail_cases = 4,fault = 11&12&16&17,
SUCCESS;32:edges = 53,fail_cases = 4,fault = 16&17&18,
SUCCESS;33:edges = 54,fail_cases = 4,fault = 11&16&17&18,
SUCCESS;34:edges = 55,fail_cases = 4,fault = 11&12&16&17&18,
SUCCESS;35:edges = 57,fail_cases = 4,fault = 14&16&17&18,
SUCCESS;36:edges = 58,fail_cases = 4,fault = 11&14&16&17&18,
SUCCESS;37:edges = 59,fail_cases = 4,fault = 11&12&14&16&17&18,
FAIL;38:edges = 59,fail_cases = 5,fault = 14&15&16&17&18,
SUCCESS;39:edges = 61,fail_cases = 5,fault = 19,
SUCCESS;40:edges = 62,fail_cases = 5,fault = 16&19,
SUCCESS;41:edges = 63,fail_cases = 5,fault = 16&17&19,
SUCCESS;42:edges = 64,fail_cases = 5,fault = 16&17&18&19,
SUCCESS;43:edges = 65,fail_cases = 5,fault = 14&16&17&18&19,
SUCCESS;44:edges = 67,fail_cases = 5,fault = 19&20,
SUCCESS;45:edges = 68,fail_cases = 5,fault = 16&19&20,
SUCCESS;46:edges = 69,fail_cases = 5,fault = 16&17&19&20,
SUCCESS;47:edges = 70,fail_cases = 5,fault = 14&16&17&19&20,
FAIL;48:edges = 70,fail_cases = 6,fault = 14&15&16&17&19&20,
FAIL;49:edges = 70,fail_cases = 7,fault = 19&20&21,
SUCCESS;50:edges = 72,fail_cases = 7,fault = 22,
SUCCESS;51:edges = 73,fail_cases = 7,fault = 22&19,
FAIL;52:edges = 73,fail_cases = 8,fault = 22&14&15&16&17&19,
FAIL;53:edges = 73,fail_cases = 9,fault = 22&19&21,
FAIL;54:edges = 73,fail_cases = 10,fault = 22&23,
SUCCESS;55:edges = 75,fail_cases = 10,fault = 24,
SUCCESS;56:edges = 76,fail_cases = 10,fault = 22&24,
FAIL;57:edges = 76,fail_cases = 11,fault = 24&25,
SUCCESS;58:edges = 78,fail_cases = 11,fault = 26,
SUCCESS;59:edges = 80,fail_cases = 11,fault = 24&26,
SUCCESS;60:edges = 81,fail_cases = 11,fault = 25&26&27,
SUCCESS;61:edges = 83,fail_cases = 11,fault = 24&26&28,
SUCCESS;62:edges = 84,fail_cases = 11,fault = 25&26&27&28,
FAIL;63:edges = 84,fail_cases = 12,fault = 24&26&28&29,
FAIL;64:edges = 84,fail_cases = 13,fault = 26&27&28&29,
SUCCESS;65:edges = 86,fail_cases = 13,fault = 32,
SUCCESS;66:edges = 87,fail_cases = 13,fault = 26&32,
SUCCESS;67:edges = 88,fail_cases = 13,fault = 24&26&32,
SUCCESS;68:edges = 89,fail_cases = 13,fault = 24&26&28&32,
SUCCESS;69:edges = 91,fail_cases = 13,fault = 33&32,
SUCCESS;70:edges = 92,fail_cases = 13,fault = 33&26&32,
SUCCESS;71:edges = 93,fail_cases = 13,fault = 33&24&26&32,
SUCCESS;72:edges = 94,fail_cases = 13,fault = 33&24&26&28&32,
SUCCESS;73:edges = 96,fail_cases = 13,fault = 33&34&32,
SUCCESS;74:edges = 97,fail_cases = 13,fault = 33&34&26&32,
SUCCESS;75:edges = 98,fail_cases = 13,fault = 33&34&24&26&32,
SUCCESS;76:edges = 99,fail_cases = 13,fault = 33&34&24&26&28&32,
SUCCESS;77:edges = 102,fail_cases = 13,fault = 33&34&31&32,
SUCCESS;78:edges = 103,fail_cases = 13,fault = 33&34&26&31&32,
SUCCESS;79:edges = 104,fail_cases = 13,fault = 33&34&24&26&31&32,
SUCCESS;80:edges = 105,fail_cases = 13,fault = 35&24&26&28,
SUCCESS;81:edges = 106,fail_cases = 13,fault = 35&24&26&28&32,
SUCCESS;82:edges = 107,fail_cases = 13,fault = 33&34&24&26&28&31&32,
FAIL;83:edges = 107,fail_cases = 14,fault = 33&34&30&31&32,
FAIL;84:edges = 107,fail_cases = 15,fault = 33&34&36&31&32,
SUCCESS;85:edges = 108,fail_cases = 15,fault = 33&35&30&32,
SUCCESS;86:edges = 109,fail_cases = 15,fault = 33&34&35&30&32,
FAIL;87:edges = 109,fail_cases = 16,fault = 35&36,
SUCCESS;88:edges = 111,fail_cases = 16,fault = 37,
SUCCESS;89:edges = 112,fail_cases = 16,fault = 33&34&37&31&32,
SUCCESS;90:edges = 114,fail_cases = 16,fault = 37&38,
SUCCESS;91:edges = 115,fail_cases = 16,fault = 33&34&37&38&31&32,
FAIL;92:edges = 115,fail_cases = 17,fault = 37&38&39,
SUCCESS;93:edges = 117,fail_cases = 17,fault = 40,
SUCCESS;94:edges = 118,fail_cases = 17,fault = 37&40,
SUCCESS;95:edges = 119,fail_cases = 17,fault = 37&38&40,
SUCCESS;96:edges = 121,fail_cases = 17,fault = 40&41,
SUCCESS;97:edges = 122,fail_cases = 17,fault = 37&40&41,
SUCCESS;98:edges = 123,fail_cases = 17,fault = 37&38&40&41,
SUCCESS;99:edges = 125,fail_cases = 17,fault = 40&41&42,
SUCCESS;100:edges = 126,fail_cases = 17,fault = 37&40&41&42,
SUCCESS;101:edges = 127,fail_cases = 17,fault = 37&38&40&41&42,
SUCCESS;102:edges = 129,fail_cases = 17,fault = 40&41&42&43,
SUCCESS;103:edges = 130,fail_cases = 17,fault = 37&40&41&42&43,
SUCCESS;104:edges = 131,fail_cases = 17,fault = 37&38&40&41&42&43,
SUCCESS;105:edges = 133,fail_cases = 17,fault = 44&40&41&42&43,
SUCCESS;106:edges = 134,fail_cases = 17,fault = 44&37&40&41&42&43,
SUCCESS;107:edges = 135,fail_cases = 17,fault = 44&37&38&40&41&42&43,
SUCCESS;108:edges = 137,fail_cases = 17,fault = 44&45&40&41&42&43,
SUCCESS;109:edges = 138,fail_cases = 17,fault = 44&45&37&40&41&42&43,
SUCCESS;110:edges = 139,fail_cases = 17,fault = 44&45&37&38&40&41&42&43,
FAIL;111:edges = 139,fail_cases = 18,fault = 44&45&46&40&41&42&43,
SUCCESS;112:edges = 141,fail_cases = 18,fault = 48,
SUCCESS;113:edges = 142,fail_cases = 18,fault = 48&40,
SUCCESS;114:edges = 143,fail_cases = 18,fault = 48&40&41,
SUCCESS;115:edges = 144,fail_cases = 18,fault = 48&40&41&42,
SUCCESS;116:edges = 145,fail_cases = 18,fault = 48&40&41&42&43,
SUCCESS;117:edges = 146,fail_cases = 18,fault = 44&48&40&41&42&43,
SUCCESS;118:edges = 147,fail_cases = 18,fault = 44&45&48&40&41&42&43,
SUCCESS;119:edges = 149,fail_cases = 18,fault = 48&49,
SUCCESS;120:edges = 150,fail_cases = 18,fault = 48&49&40,
SUCCESS;121:edges = 151,fail_cases = 18,fault = 48&49&40&41,
SUCCESS;122:edges = 152,fail_cases = 18,fault = 48&49&40&41&42,
SUCCESS;123:edges = 153,fail_cases = 18,fault = 48&49&40&41&42&43,
SUCCESS;124:edges = 154,fail_cases = 18,fault = 44&48&49&40&41&42&43,
SUCCESS;125:edges = 155,fail_cases = 18,fault = 44&45&48&49&40&41&42&43,
SUCCESS;126:edges = 157,fail_cases = 18,fault = 48&49&50,
SUCCESS;127:edges = 158,fail_cases = 18,fault = 48&49&50&40,
SUCCESS;128:edges = 159,fail_cases = 18,fault = 48&49&50&40&41,
SUCCESS;129:edges = 160,fail_cases = 18,fault = 48&49&50&40&41&42,
SUCCESS;130:edges = 161,fail_cases = 18,fault = 48&49&50&40&41&42&43,
SUCCESS;131:edges = 162,fail_cases = 18,fault = 44&48&49&50&40&41&42&43,
SUCCESS;132:edges = 163,fail_cases = 18,fault = 44&45&48&49&50&40&41&42&43,
SUCCESS;133:edges = 165,fail_cases = 18,fault = 48&49&50&51,
SUCCESS;134:edges = 166,fail_cases = 18,fault = 48&49&50&51&40,
SUCCESS;135:edges = 167,fail_cases = 18,fault = 48&49&50&51&40&41,
SUCCESS;136:edges = 168,fail_cases = 18,fault = 48&49&50&51&40&41&42,
SUCCESS;137:edges = 169,fail_cases = 18,fault = 48&49&50&51&40&41&42&43,
SUCCESS;138:edges = 170,fail_cases = 18,fault = 44&48&49&50&51&40&41&42&43,
SUCCESS;139:edges = 171,fail_cases = 18,fault = 44&45&48&49&50&51&40&41&42&43,
SUCCESS;140:edges = 173,fail_cases = 18,fault = 48&49&50&51&52,
SUCCESS;141:edges = 174,fail_cases = 18,fault = 48&49&50&51&40&52,
SUCCESS;142:edges = 175,fail_cases = 18,fault = 48&49&50&51&40&52&41,
SUCCESS;143:edges = 176,fail_cases = 18,fault = 48&49&50&51&40&52&41&42,
SUCCESS;144:edges = 177,fail_cases = 18,fault = 48&49&50&51&40&52&41&42&43,
SUCCESS;145:edges = 178,fail_cases = 18,fault = 44&48&49&50&51&40&52&41&42&43,
SUCCESS;146:edges = 179,fail_cases = 18,fault = 44&45&48&49&50&51&40&52&41&42&43,
SUCCESS;147:edges = 181,fail_cases = 18,fault = 48&49&50&51&52&53,
SUCCESS;148:edges = 182,fail_cases = 18,fault = 48&49&50&51&40&52&53,
SUCCESS;149:edges = 183,fail_cases = 18,fault = 48&49&50&51&40&52&41&53,
SUCCESS;150:edges = 184,fail_cases = 18,fault = 48&49&50&51&40&52&41&53&42,
SUCCESS;151:edges = 185,fail_cases = 18,fault = 48&49&50&51&40&52&41&53&42&43,
SUCCESS;152:edges = 186,fail_cases = 18,fault = 44&48&49&50&51&40&52&41&53&42&43,
SUCCESS;153:edges = 187,fail_cases = 18,fault = 44&45&48&49&50&51&40&52&41&53&42&43,
SUCCESS;154:edges = 189,fail_cases = 18,fault = 48&49&50&51&52&53&54,
SUCCESS;155:edges = 190,fail_cases = 18,fault = 48&49&50&51&40&52&53&54,
SUCCESS;156:edges = 191,fail_cases = 18,fault = 48&49&50&51&40&52&41&53&54,
SUCCESS;157:edges = 192,fail_cases = 18,fault = 48&49&50&51&40&52&41&53&42&54,
SUCCESS;158:edges = 193,fail_cases = 18,fault = 48&49&50&51&40&52&41&53&42&54&43,
SUCCESS;159:edges = 194,fail_cases = 18,fault = 44&48&49&50&51&40&52&41&53&42&54&43,
SUCCESS;160:edges = 195,fail_cases = 18,fault = 44&45&48&49&50&51&40&52&41&53&42&54&43,
FAIL;161:edges = 195,fail_cases = 19,fault = 47&48&49&50&51&52&53&54,
SUCCESS;162:edges = 197,fail_cases = 19,fault = 55,
SUCCESS;163:edges = 198,fail_cases = 19,fault = 55&48,
SUCCESS;164:edges = 199,fail_cases = 19,fault = 55&48&49,
SUCCESS;165:edges = 200,fail_cases = 19,fault = 55&48&49&50,
SUCCESS;166:edges = 201,fail_cases = 19,fault = 55&48&49&50&51,
SUCCESS;167:edges = 202,fail_cases = 19,fault = 55&48&49&50&51&52,
SUCCESS;168:edges = 203,fail_cases = 19,fault = 55&48&49&50&51&52&53,
SUCCESS;169:edges = 204,fail_cases = 19,fault = 55&48&49&50&51&52&53&54,
FAIL;170:edges = 204,fail_cases = 20,fault = 55&56,
SUCCESS;171:edges = 206,fail_cases = 20,fault = 57,
SUCCESS;172:edges = 207,fail_cases = 20,fault = 55&57,
SUCCESS;173:edges = 209,fail_cases = 20,fault = 57&58,
SUCCESS;174:edges = 210,fail_cases = 20,fault = 55&57&58,
FAIL;175:edges = 210,fail_cases = 21,fault = 57&58&59,
SUCCESS;176:edges = 211,fail_cases = 21,fault = 64,
SUCCESS;177:edges = 212,fail_cases = 21,fault = 57&64,
SUCCESS;178:edges = 213,fail_cases = 21,fault = 57&58&64,
SUCCESS;179:edges = 214,fail_cases = 21,fault = 60&64,
SUCCESS;180:edges = 215,fail_cases = 21,fault = 57&60&64,
SUCCESS;181:edges = 216,fail_cases = 21,fault = 57&58&60&64,
SUCCESS;182:edges = 217,fail_cases = 21,fault = 60&61&64,
SUCCESS;183:edges = 218,fail_cases = 21,fault = 57&60&61&64,
SUCCESS;184:edges = 219,fail_cases = 21,fault = 57&58&60&61&64,
SUCCESS;185:edges = 220,fail_cases = 21,fault = 60&61&62&64,
SUCCESS;186:edges = 221,fail_cases = 21,fault = 57&60&61&62&64,
SUCCESS;187:edges = 222,fail_cases = 21,fault = 57&58&60&61&62&64,
FAIL;188:edges = 222,fail_cases = 22,fault = 60&61&62&63&64,