SUCCESS;0:edges = 29,fail_cases = 0,fault = ,
SUCCESS;1:edges = 30,fail_cases = 0,fault = 1,
SUCCESS;2:edges = 31,fail_cases = 0,fault = 1&2,
SUCCESS;3:edges = 32,fail_cases = 0,fault = 1&2&3,
SUCCESS;4:edges = 33,fail_cases = 0,fault = 1&2&3&4,
FAIL;5:edges = 33,fail_cases = 1,fault = 1&2&3&4&5,
SUCCESS;6:edges = 35,fail_cases = 1,fault = 6,
SUCCESS;7:edges = 36,fail_cases = 1,fault = 1&6,
SUCCESS;8:edges = 37,fail_cases = 1,fault = 1&2&6,
SUCCESS;9:edges = 38,fail_cases = 1,fault = 1&2&3&6,
SUCCESS;10:edges = 39,fail_cases = 1,fault = 1&2&3&4&6,
SUCCESS;11:edges = 41,fail_cases = 1,fault = 6&7,
SUCCESS;12:edges = 42,fail_cases = 1,fault = 1&6&7,
SUCCESS;13:edges = 43,fail_cases = 1,fault = 1&2&6&7,
SUCCESS;14:edges = 44,fail_cases = 1,fault = 1&2&3&6&7,
SUCCESS;15:edges = 45,fail_cases = 1,fault = 1&2&3&4&6&7,
SUCCESS;16:edges = 47,fail_cases = 1,fault = 6&7&8,
SUCCESS;17:edges = 48,fail_cases = 1,fault = 1&6&7&8,
SUCCESS;18:edges = 49,fail_cases = 1,fault = 1&2&6&7&8,
SUCCESS;19:edges = 50,fail_cases = 1,fault = 1&2&3&6&7&8,
SUCCESS;20:edges = 51,fail_cases = 1,fault = 1&2&3&4&6&7&8,
SUCCESS;21:edges = 53,fail_cases = 1,fault = 6&7&8&9,
SUCCESS;22:edges = 54,fail_cases = 1,fault = 1&6&7&8&9,
SUCCESS;23:edges = 55,fail_cases = 1,fault = 1&2&6&7&8&9,
SUCCESS;24:edges = 56,fail_cases = 1,fault = 1&2&3&6&7&8&9,
SUCCESS;25:edges = 57,fail_cases = 1,fault = 1&2&3&4&6&7&8&9,
SUCCESS;26:edges = 59,fail_cases = 1,fault = 6&7&8&9&10,
SUCCESS;27:edges = 60,fail_cases = 1,fault = 1&6&7&8&9&10,
SUCCESS;28:edges = 61,fail_cases = 1,fault = 1&2&6&7&8&9&10,
SUCCESS;29:edges = 62,fail_cases = 1,fault = 1&2&3&6&7&8&9&10,
SUCCESS;30:edges = 63,fail_cases = 1,fault = 1&2&3&4&6&7&8&9&10,
SUCCESS;31:edges = 65,fail_cases = 1,fault = 11&6&7&8&9&10,
SUCCESS;32:edges = 66,fail_cases = 1,fault = 11&1&6&7&8&9&10,
SUCCESS;33:edges = 67,fail_cases = 1,fault = 11&1&2&6&7&8&9&10,
SUCCESS;34:edges = 68,fail_cases = 1,fault = 11&1&2&3&6&7&8&9&10,
SUCCESS;35:edges = 69,fail_cases = 1,fault = 11&1&2&3&4&6&7&8&9&10,
FAIL;36:edges = 69,fail_cases = 2,fault = 11&12&6&7&8&9&10,
SUCCESS;37:edges = 71,fail_cases = 2,fault = 13,
SUCCESS;38:edges = 72,fail_cases = 2,fault = 13&6,
SUCCESS;39:edges = 73,fail_cases = 2,fault = 13&6&7,
SUCCESS;40:edges = 74,fail_cases = 2,fault = 13&6&7&8,
SUCCESS;41:edges = 75,fail_cases = 2,fault = 13&6&7&8&9,
SUCCESS;42:edges = 76,fail_cases = 2,fault = 13&6&7&8&9&10,
SUCCESS;43:edges = 77,fail_cases = 2,fault = 11&13&6&7&8&9&10,
SUCCESS;44:edges = 79,fail_cases = 2,fault = 13&14,
SUCCESS;45:edges = 80,fail_cases = 2,fault = 13&14&6,
SUCCESS;46:edges = 81,fail_cases = 2,fault = 13&14&6&7,
SUCCESS;47:edges = 82,fail_cases = 2,fault = 13&14&6&7&8,
SUCCESS;48:edges = 83,fail_cases = 2,fault = 13&14&6&7&8&9,
SUCCESS;49:edges = 84,fail_cases = 2,fault = 13&14&6&7&8&9&10,
SUCCESS;50:edges = 85,fail_cases = 2,fault = 11&13&14&6&7&8&9&10,
FAIL;51:edges = 85,fail_cases = 3,fault = 13&14&15,
SUCCESS;52:edges = 87,fail_cases = 3,fault = 16,
SUCCESS;53:edges = 88,fail_cases = 3,fault = 13&16,
SUCCESS;54:edges = 89,fail_cases = 3,fault = 13&14&16,
SUCCESS;55:edges = 91,fail_cases = 3,fault = 16&17,
SUCCESS;56:edges = 92,fail_cases = 3,fault = 13&16&17,
SUCCESS;57:edges = 93,fail_cases = 3,fault = 13&14&16&17,
SUCCESS;58:edges = 95,fail_cases = 3,fault = 16&17&18,
SUCCESS;59:edges = 96,fail_cases = 3,fault = 13&16&17&18,
SUCCESS;60:edges = 97,fail_cases = 3,fault = 13&14&16&17&18,
SUCCESS;61:edges = 99,fail_cases = 3,fault = 16&17&18&19,
SUCCESS;62:edges = 100,fail_cases = 3,fault = 13&16&17&18&19,
SUCCESS;63:edges = 101,fail_cases = 3,fault = 13&14&16&17&18&19,
SUCCESS;64:edges = 103,fail_cases = 3,fault = 16&17&18&19&20,
SUCCESS;65:edges = 104,fail_cases = 3,fault = 13&16&17&18&19&20,
SUCCESS;66:edges = 105,fail_cases = 3,fault = 13&14&16&17&18&19&20,
SUCCESS;67:edges = 107,fail_cases = 3,fault = 16&17&18&19&20&21,
SUCCESS;68:edges = 108,fail_cases = 3,fault = 13&16&17&18&19&20&21,
SUCCESS;69:edges = 109,fail_cases = 3,fault = 13&14&16&17&18&19&20&21,
SUCCESS;70:edges = 111,fail_cases = 3,fault = 22&16&17&18&19&20&21,
SUCCESS;71:edges = 112,fail_cases = 3,fault = 22&13&16&17&18&19&20&21,
SUCCESS;72:edges = 113,fail_cases = 3,fault = 22&13&14&16&17&18&19&20&21,
FAIL;73:edges = 113,fail_cases = 4,fault = 22&23&16&17&18&19&20&21,
SUCCESS;74:edges = 115,fail_cases = 4,fault = 24,
SUCCESS;75:edges = 116,fail_cases = 4,fault = 24&16,
SUCCESS;76:edges = 117,fail_cases = 4,fault = 24&16&17,
SUCCESS;77:edges = 118,fail_cases = 4,fault = 24&16&17&18,
SUCCESS;78:edges = 119,fail_cases = 4,fault = 24&16&17&18&19,
SUCCESS;79:edges = 120,fail_cases = 4,fault = 24&16&17&18&19&20,
SUCCESS;80:edges = 121,fail_cases = 4,fault = 24&16&17&18&19&20&21,
SUCCESS;81:edges = 122,fail_cases = 4,fault = 22&24&16&17&18&19&20&21,
SUCCESS;82:edges = 124,fail_cases = 4,fault = 24&25,
SUCCESS;83:edges = 125,fail_cases = 4,fault = 24&25&16,
SUCCESS;84:edges = 126,fail_cases = 4,fault = 24&25&16&17,
SUCCESS;85:edges = 127,fail_cases = 4,fault = 24&25&16&17&18,
SUCCESS;86:edges = 128,fail_cases = 4,fault = 24&25&16&17&18&19,
SUCCESS;87:edges = 129,fail_cases = 4,fault = 24&25&16&17&18&19&20,
SUCCESS;88:edges = 130,fail_cases = 4,fault = 24&25&16&17&18&19&20&21,
SUCCESS;89:edges = 131,fail_cases = 4,fault = 22&24&25&16&17&18&19&20&21,
SUCCESS;90:edges = 133,fail_cases = 4,fault = 24&25&26,
SUCCESS;91:edges = 134,fail_cases = 4,fault = 24&25&26&16,
SUCCESS;92:edges = 135,fail_cases = 4,fault = 24&25&26&16&17,
SUCCESS;93:edges = 136,fail_cases = 4,fault = 24&25&26&16&17&18,
SUCCESS;94:edges = 137,fail_cases = 4,fault = 24&25&26&16&17&18&19,
SUCCESS;95:edges = 138,fail_cases = 4,fault = 24&25&26&16&17&18&19&20,
SUCCESS;96:edges = 139,fail_cases = 4,fault = 24&25&26&16&17&18&19&20&21,
SUCCESS;97:edges = 140,fail_cases = 4,fault = 22&24&25&26&16&17&18&19&20&21,
SUCCESS;98:edges = 142,fail_cases = 4,fault = 24&25&26&27,
SUCCESS;99:edges = 143,fail_cases = 4,fault = 24&25&26&27&16,
SUCCESS;100:edges = 144,fail_cases = 4,fault = 24&25&26&27&16&17,
SUCCESS;101:edges = 145,fail_cases = 4,fault = 24&25&26&27&16&17&18,
SUCCESS;102:edges = 146,fail_cases = 4,fault = 24&25&26&27&16&17&18&19,
SUCCESS;103:edges = 147,fail_cases = 4,fault = 24&25&26&27&16&17&18&19&20,
SUCCESS;104:edges = 148,fail_cases = 4,fault = 24&25&26&27&16&17&18&19&20&21,
SUCCESS;105:edges = 149,fail_cases = 4,fault = 22&24&25&26&27&16&17&18&19&20&21,
SUCCESS;106:edges = 151,fail_cases = 4,fault = 24&25&26&27&28,
SUCCESS;107:edges = 152,fail_cases = 4,fault = 24&25&26&27&16&28,
SUCCESS;108:edges = 153,fail_cases = 4,fault = 24&25&26&27&16&28&17,
SUCCESS;109:edges = 154,fail_cases = 4,fault = 24&25&26&27&16&28&17&18,
SUCCESS;110:edges = 155,fail_cases = 4,fault = 24&25&26&27&16&28&17&18&19,
SUCCESS;111:edges = 156,fail_cases = 4,fault = 24&25&26&27&16&28&17&18&19&20,
SUCCESS;112:edges = 157,fail_cases = 4,fault = 24&25&26&27&16&28&17&18&19&20&21,
SUCCESS;113:edges = 158,fail_cases = 4,fault = 22&24&25&26&27&16&28&17&18&19&20&21,
SUCCESS;114:edges = 160,fail_cases = 4,fault = 24&25&26&27&28&29,
SUCCESS;115:edges = 161,fail_cases = 4,fault = 24&25&26&27&16&28&29,
SUCCESS;116:edges = 162,fail_cases = 4,fault = 24&25&26&27&16&28&17&29,
SUCCESS;117:edges = 163,fail_cases = 4,fault = 24&25&26&27&16&28&17&29&18,
SUCCESS;118:edges = 164,fail_cases = 4,fault = 24&25&26&27&16&28&17&29&18&19,
SUCCESS;119:edges = 165,fail_cases = 4,fault = 24&25&26&27&16&28&17&29&18&19&20,
SUCCESS;120:edges = 166,fail_cases = 4,fault = 24&25&26&27&16&28&17&29&18&19&20&21,
SUCCESS;121:edges = 167,fail_cases = 4,fault = 22&24&25&26&27&16&28&17&29&18&19&20&21,
FAIL;122:edges = 167,fail_cases = 5,fault = 24&25&26&27&28&29&30,
SUCCESS;123:edges = 169,fail_cases = 5,fault = 32,
SUCCESS;124:edges = 170,fail_cases = 5,fault = 24&32,
SUCCESS;125:edges = 171,fail_cases = 5,fault = 24&25&32,
SUCCESS;126:edges = 172,fail_cases = 5,fault = 24&25&26&32,
SUCCESS;127:edges = 173,fail_cases = 5,fault = 24&25&26&27&32,
SUCCESS;128:edges = 174,fail_cases = 5,fault = 24&25&26&27&28&32,
SUCCESS;129:edges = 175,fail_cases = 5,fault = 24&25&26&27&28&29&32,
FAIL;130:edges = 175,fail_cases = 6,fault = 31&32,
SUCCESS;131:edges = 177,fail_cases = 6,fault = 33,
SUCCESS;132:edges = 178,fail_cases = 6,fault = 33&32,
SUCCESS;133:edges = 180,fail_cases = 6,fault = 33&34,
SUCCESS;134:edges = 181,fail_cases = 6,fault = 33&34&32,
SUCCESS;135:edges = 183,fail_cases = 6,fault = 33&34&35,
SUCCESS;136:edges = 184,fail_cases = 6,fault = 33&34&35&32,
FAIL;137:edges = 184,fail_cases = 7,fault = 33&34&35&36,
SUCCESS;138:edges = 186,fail_cases = 7,fault = 37,
SUCCESS;139:edges = 187,fail_cases = 7,fault = 33&37,
SUCCESS;140:edges = 188,fail_cases = 7,fault = 33&34&37,
SUCCESS;141:edges = 189,fail_cases = 7,fault = 33&34&35&37,
FAIL;142:edges = 189,fail_cases = 8,fault = 37&38,
SUCCESS;143:edges = 191,fail_cases = 8,fault = 39,
SUCCESS;144:edges = 192,fail_cases = 8,fault = 37&39,
SUCCESS;145:edges = 194,fail_cases = 8,fault = 39&40,
SUCCESS;146:edges = 195,fail_cases = 8,fault = 37&39&40,
SUCCESS;147:edges = 197,fail_cases = 8,fault = 39&40&41,
SUCCESS;148:edges = 198,fail_cases = 8,fault = 37&39&40&41,
SUCCESS;149:edges = 200,fail_cases = 8,fault = 39&40&41&42,
SUCCESS;150:edges = 201,fail_cases = 8,fault = 37&39&40&41&42,
FAIL;151:edges = 201,fail_cases = 9,fault = 39&40&41&42&43,
SUCCESS;152:edges = 203,fail_cases = 9,fault = 48,
SUCCESS;153:edges = 204,fail_cases = 9,fault = 48&39,
SUCCESS;154:edges = 205,fail_cases = 9,fault = 48&39&40,
SUCCESS;155:edges = 206,fail_cases = 9,fault = 48&39&40&41,
SUCCESS;156:edges = 207,fail_cases = 9,fault = 48&39&40&41&42,
SUCCESS;157:edges = 209,fail_cases = 9,fault = 48&49,
SUCCESS;158:edges = 210,fail_cases = 9,fault = 48&49&39,
SUCCESS;159:edges = 211,fail_cases = 9,fault = 48&49&39&40,
SUCCESS;160:edges = 212,fail_cases = 9,fault = 48&49&39&40&41,
SUCCESS;161:edges = 213,fail_cases = 9,fault = 48&49&39&40&41&42,
SUCCESS;162:edges = 215,fail_cases = 9,fault = 48&49&50,
SUCCESS;163:edges = 216,fail_cases = 9,fault = 48&49&39&50,
SUCCESS;164:edges = 217,fail_cases = 9,fault = 48&49&39&50&40,
SUCCESS;165:edges = 218,fail_cases = 9,fault = 48&49&39&50&40&41,
SUCCESS;166:edges = 219,fail_cases = 9,fault = 48&49&39&50&40&41&42,
SUCCESS;167:edges = 221,fail_cases = 9,fault = 44&48&49&50,
SUCCESS;168:edges = 222,fail_cases = 9,fault = 44&48&49&39&50,
SUCCESS;169:edges = 223,fail_cases = 9,fault = 44&48&49&39&50&40,
SUCCESS;170:edges = 224,fail_cases = 9,fault = 44&48&49&39&50&40&41,
SUCCESS;171:edges = 225,fail_cases = 9,fault = 44&48&49&39&50&40&41&42,
SUCCESS;172:edges = 227,fail_cases = 9,fault = 44&45&48&49&50,
SUCCESS;173:edges = 228,fail_cases = 9,fault = 44&45&48&49&39&50,
SUCCESS;174:edges = 229,fail_cases = 9,fault = 44&45&48&49&39&50&40,
SUCCESS;175:edges = 230,fail_cases = 9,fault = 44&45&48&49&39&50&40&41,
SUCCESS;176:edges = 231,fail_cases = 9,fault = 44&45&48&49&39&50&40&41&42,
SUCCESS;177:edges = 233,fail_cases = 9,fault = 44&45&46&48&49&50,
SUCCESS;178:edges = 234,fail_cases = 9,fault = 44&45&46&48&49&39&50,
SUCCESS;179:edges = 235,fail_cases = 9,fault = 44&45&46&48&49&39&50&40,
SUCCESS;180:edges = 236,fail_cases = 9,fault = 44&45&46&48&49&39&50&40&41,
SUCCESS;181:edges = 237,fail_cases = 9,fault = 44&45&46&48&49&39&50&40&41&42,
FAIL;182:edges = 237,fail_cases = 10,fault = 44&45&46&47&48&49&50,
SUCCESS;183:edges = 239,fail_cases = 10,fault = 51,
SUCCESS;184:edges = 240,fail_cases = 10,fault = 48&51,
SUCCESS;185:edges = 241,fail_cases = 10,fault = 48&49&51,
SUCCESS;186:edges = 242,fail_cases = 10,fault = 48&49&50&51,
SUCCESS;187:edges = 243,fail_cases = 10,fault = 44&48&49&50&51,
SUCCESS;188:edges = 244,fail_cases = 10,fault = 44&45&48&49&50&51,
SUCCESS;189:edges = 245,fail_cases = 10,fault = 44&45&46&48&49&50&51,
SUCCESS;190:edges = 247,fail_cases = 10,fault = 51&52,
SUCCESS;191:edges = 248,fail_cases = 10,fault = 48&51&52,
SUCCESS;192:edges = 249,fail_cases = 10,fault = 48&49&51&52,
SUCCESS;193:edges = 250,fail_cases = 10,fault = 48&49&50&51&52,
SUCCESS;194:edges = 251,fail_cases = 10,fault = 44&48&49&50&51&52,
SUCCESS;195:edges = 252,fail_cases = 10,fault = 44&45&48&49&50&51&52,
SUCCESS;196:edges = 253,fail_cases = 10,fault = 44&45&46&48&49&50&51&52,
SUCCESS;197:edges = 255,fail_cases = 10,fault = 51&52&53,
SUCCESS;198:edges = 256,fail_cases = 10,fault = 48&51&52&53,
SUCCESS;199:edges = 257,fail_cases = 10,fault = 48&49&51&52&53,
SUCCESS;200:edges = 258,fail_cases = 10,fault = 48&49&50&51&52&53,
SUCCESS;201:edges = 259,fail_cases = 10,fault = 44&48&49&50&51&52&53,
SUCCESS;202:edges = 260,fail_cases = 10,fault = 44&45&48&49&50&51&52&53,
SUCCESS;203:edges = 261,fail_cases = 10,fault = 44&45&46&48&49&50&51&52&53,
SUCCESS;204:edges = 263,fail_cases = 10,fault = 51&52&53&54,
SUCCESS;205:edges = 264,fail_cases = 10,fault = 48&51&52&53&54,
SUCCESS;206:edges = 265,fail_cases = 10,fault = 48&49&51&52&53&54,
SUCCESS;207:edges = 266,fail_cases = 10,fault = 48&49&50&51&52&53&54,
SUCCESS;208:edges = 267,fail_cases = 10,fault = 44&48&49&50&51&52&53&54,
SUCCESS;209:edges = 268,fail_cases = 10,fault = 44&45&48&49&50&51&52&53&54,
SUCCESS;210:edges = 269,fail_cases = 10,fault = 44&45&46&48&49&50&51&52&53&54,
SUCCESS;211:edges = 271,fail_cases = 10,fault = 55&51&52&53&54,
SUCCESS;212:edges = 272,fail_cases = 10,fault = 55&48&51&52&53&54,
SUCCESS;213:edges = 273,fail_cases = 10,fault = 55&48&49&51&52&53&54,
SUCCESS;214:edges = 274,fail_cases = 10,fault = 55&48&49&50&51&52&53&54,
SUCCESS;215:edges = 275,fail_cases = 10,fault = 55&44&48&49&50&51&52&53&54,
SUCCESS;216:edges = 276,fail_cases = 10,fault = 55&44&45&48&49&50&51&52&53&54,
SUCCESS;217:edges = 277,fail_cases = 10,fault = 55&44&45&46&48&49&50&51&52&53&54,
SUCCESS;218:edges = 279,fail_cases = 10,fault = 55&56&51&52&53&54,
SUCCESS;219:edges = 280,fail_cases = 10,fault = 55&56&48&51&52&53&54,
SUCCESS;220:edges = 281,fail_cases = 10,fault = 55&56&48&49&51&52&53&54,
SUCCESS;221:edges = 282,fail_cases = 10,fault = 55&56&48&49&50&51&52&53&54,
SUCCESS;222:edges = 283,fail_cases = 10,fault = 55&44&56&48&49&50&51&52&53&54,
SUCCESS;223:edges = 284,fail_cases = 10,fault = 55&44&56&45&48&49&50&51&52&53&54,
SUCCESS;224:edges = 285,fail_cases = 10,fault = 55&44&56&45&46&48&49&50&51&52&53&54,
FAIL;225:edges = 285,fail_cases = 11,fault = 55&56&57&51&52&53&54,
SUCCESS;226:edges = 287,fail_cases = 11,fault = 58,
SUCCESS;227:edges = 288,fail_cases = 11,fault = 58&51,
SUCCESS;228:edges = 289,fail_cases = 11,fault = 58&51&52,
SUCCESS;229:edges = 290,fail_cases = 11,fault = 58&51&52&53,
SUCCESS;230:edges = 291,fail_cases = 11,fault = 58&51&52&53&54,
SUCCESS;231:edges = 292,fail_cases = 11,fault = 55&58&51&52&53&54,
SUCCESS;232:edges = 293,fail_cases = 11,fault = 55&56&58&51&52&53&54,
SUCCESS;233:edges = 295,fail_cases = 11,fault = 58&59,
SUCCESS;234:edges = 296,fail_cases = 11,fault = 58&59&51,
SUCCESS;235:edges = 297,fail_cases = 11,fault = 58&59&51&52,
SUCCESS;236:edges = 298,fail_cases = 11,fault = 58&59&51&52&53,
SUCCESS;237:edges = 299,fail_cases = 11,fault = 58&59&51&52&53&54,
SUCCESS;238:edges = 300,fail_cases = 11,fault = 55&58&59&51&52&53&54,
SUCCESS;239:edges = 301,fail_cases = 11,fault = 55&56&58&59&51&52&53&54,
SUCCESS;240:edges = 303,fail_cases = 11,fault = 58&59&60,
SUCCESS;241:edges = 304,fail_cases = 11,fault = 58&59&60&51,
SUCCESS;242:edges = 305,fail_cases = 11,fault = 58&59&60&51&52,
SUCCESS;243:edges = 306,fail_cases = 11,fault = 58&59&60&51&52&53,
SUCCESS;244:edges = 307,fail_cases = 11,fault = 58&59&60&51&52&53&54,
SUCCESS;245:edges = 308,fail_cases = 11,fault = 55&58&59&60&51&52&53&54,
SUCCESS;246:edges = 309,fail_cases = 11,fault = 55&56&58&59&60&51&52&53&54,
SUCCESS;247:edges = 311,fail_cases = 11,fault = 58&59&60&61,
SUCCESS;248:edges = 312,fail_cases = 11,fault = 58&59&60&61&51,
SUCCESS;249:edges = 313,fail_cases = 11,fault = 58&59&60&61&51&52,
SUCCESS;250:edges = 314,fail_cases = 11,fault = 58&59&60&61&51&52&53,
SUCCESS;251:edges = 315,fail_cases = 11,fault = 58&59&60&61&51&52&53&54,
SUCCESS;252:edges = 316,fail_cases = 11,fault = 55&58&59&60&61&51&52&53&54,
SUCCESS;253:edges = 317,fail_cases = 11,fault = 55&56&58&59&60&61&51&52&53&54,
SUCCESS;254:edges = 319,fail_cases = 11,fault = 58&59&60&61&62,
SUCCESS;255:edges = 320,fail_cases = 11,fault = 58&59&60&61&62&51,
SUCCESS;256:edges = 321,fail_cases = 11,fault = 58&59&60&61&62&51&52,
SUCCESS;257:edges = 322,fail_cases = 11,fault = 58&59&60&61&62&51&52&53,
SUCCESS;258:edges = 323,fail_cases = 11,fault = 58&59&60&61&62&51&52&53&54,
SUCCESS;259:edges = 324,fail_cases = 11,fault = 55&58&59&60&61&62&51&52&53&54,
SUCCESS;260:edges = 325,fail_cases = 11,fault = 55&56&58&59&60&61&62&51&52&53&54,
FAIL;261:edges = 325,fail_cases = 12,fault = 58&59&60&61&62&63,
SUCCESS;262:edges = 327,fail_cases = 12,fault = 64,
SUCCESS;263:edges = 328,fail_cases = 12,fault = 58&64,
SUCCESS;264:edges = 329,fail_cases = 12,fault = 58&59&64,
SUCCESS;265:edges = 330,fail_cases = 12,fault = 58&59&60&64,
SUCCESS;266:edges = 331,fail_cases = 12,fault = 58&59&60&61&64,
SUCCESS;267:edges = 332,fail_cases = 12,fault = 58&59&60&61&62&64,
SUCCESS;268:edges = 334,fail_cases = 12,fault = 64&65,
SUCCESS;269:edges = 335,fail_cases = 12,fault = 58&64&65,
SUCCESS;270:edges = 336,fail_cases = 12,fault = 58&59&64&65,
SUCCESS;271:edges = 337,fail_cases = 12,fault = 58&59&60&64&65,
SUCCESS;272:edges = 338,fail_cases = 12,fault = 58&59&60&61&64&65,
SUCCESS;273:edges = 339,fail_cases = 12,fault = 58&59&60&61&62&64&65,
SUCCESS;274:edges = 341,fail_cases = 12,fault = 66&64&65,
SUCCESS;275:edges = 342,fail_cases = 12,fault = 66&58&64&65,
SUCCESS;276:edges = 343,fail_cases = 12,fault = 66&58&59&64&65,
SUCCESS;277:edges = 344,fail_cases = 12,fault = 66&58&59&60&64&65,
SUCCESS;278:edges = 345,fail_cases = 12,fault = 66&58&59&60&61&64&65,
SUCCESS;279:edges = 346,fail_cases = 12,fault = 66&58&59&60&61&62&64&65,
SUCCESS;280:edges = 348,fail_cases = 12,fault = 66&67&64&65,
SUCCESS;281:edges = 349,fail_cases = 12,fault = 66&67&58&64&65,
SUCCESS;282:edges = 350,fail_cases = 12,fault = 66&67&58&59&64&65,
SUCCESS;283:edges = 351,fail_cases = 12,fault = 66&67&58&59&60&64&65,
SUCCESS;284:edges = 352,fail_cases = 12,fault = 66&67&58&59&60&61&64&65,
SUCCESS;285:edges = 353,fail_cases = 12,fault = 66&67&58&59&60&61&62&64&65,
SUCCESS;286:edges = 355,fail_cases = 12,fault = 66&67&68&64&65,
SUCCESS;287:edges = 356,fail_cases = 12,fault = 66&67&68&58&64&65,
SUCCESS;288:edges = 357,fail_cases = 12,fault = 66&67&68&58&59&64&65,
SUCCESS;289:edges = 358,fail_cases = 12,fault = 66&67&68&58&59&60&64&65,
SUCCESS;290:edges = 359,fail_cases = 12,fault = 66&67&68&58&59&60&61&64&65,
SUCCESS;291:edges = 360,fail_cases = 12,fault = 66&67&68&58&59&60&61&62&64&65,
SUCCESS;292:edges = 362,fail_cases = 12,fault = 66&67&68&69&64&65,
SUCCESS;293:edges = 363,fail_cases = 12,fault = 66&67&68&69&58&64&65,
SUCCESS;294:edges = 364,fail_cases = 12,fault = 66&67&68&69&58&59&64&65,
SUCCESS;295:edges = 365,fail_cases = 12,fault = 66&67&68&69&58&59&60&64&65,
SUCCESS;296:edges = 366,fail_cases = 12,fault = 66&67&68&69&58&59&60&61&64&65,
SUCCESS;297:edges = 367,fail_cases = 12,fault = 66&67&68&69&58&59&60&61&62&64&65,
FAIL;298:edges = 367,fail_cases = 13,fault = 66&67&68&69&70&64&65,
SUCCESS;299:edges = 369,fail_cases = 13,fault = 71,
SUCCESS;300:edges = 370,fail_cases = 13,fault = 71&64,
SUCCESS;301:edges = 371,fail_cases = 13,fault = 71&64&65,
SUCCESS;302:edges = 372,fail_cases = 13,fault = 66&71&64&65,
SUCCESS;303:edges = 373,fail_cases = 13,fault = 66&67&71&64&65,
SUCCESS;304:edges = 374,fail_cases = 13,fault = 66&67&68&71&64&65,
SUCCESS;305:edges = 375,fail_cases = 13,fault = 66&67&68&69&71&64&65,
SUCCESS;306:edges = 377,fail_cases = 13,fault = 71&72,
SUCCESS;307:edges = 378,fail_cases = 13,fault = 71&72&64,
SUCCESS;308:edges = 379,fail_cases = 13,fault = 71&72&64&65,
SUCCESS;309:edges = 380,fail_cases = 13,fault = 66&71&72&64&65,
SUCCESS;310:edges = 381,fail_cases = 13,fault = 66&67&71&72&64&65,
SUCCESS;311:edges = 382,fail_cases = 13,fault = 66&67&68&71&72&64&65,
SUCCESS;312:edges = 383,fail_cases = 13,fault = 66&67&68&69&71&72&64&65,
SUCCESS;313:edges = 385,fail_cases = 13,fault = 71&72&73,
SUCCESS;314:edges = 386,fail_cases = 13,fault = 71&72&73&64,
SUCCESS;315:edges = 387,fail_cases = 13,fault = 71&72&73&64&65,
SUCCESS;316:edges = 388,fail_cases = 13,fault = 66&71&72&73&64&65,
SUCCESS;317:edges = 389,fail_cases = 13,fault = 66&67&71&72&73&64&65,
SUCCESS;318:edges = 390,fail_cases = 13,fault = 66&67&68&71&72&73&64&65,
SUCCESS;319:edges = 391,fail_cases = 13,fault = 66&67&68&69&71&72&73&64&65,
SUCCESS;320:edges = 393,fail_cases = 13,fault = 71&72&73&74,
SUCCESS;321:edges = 394,fail_cases = 13,fault = 71&72&73&74&64,
SUCCESS;322:edges = 395,fail_cases = 13,fault = 71&72&73&74&64&65,
SUCCESS;323:edges = 396,fail_cases = 13,fault = 66&71&72&73&74&64&65,
SUCCESS;324:edges = 397,fail_cases = 13,fault = 66&67&71&72&73&74&64&65,
SUCCESS;325:edges = 398,fail_cases = 13,fault = 66&67&68&71&72&73&74&64&65,
SUCCESS;326:edges = 399,fail_cases = 13,fault = 66&67&68&69&71&72&73&74&64&65,
SUCCESS;327:edges = 401,fail_cases = 13,fault = 71&72&73&74&75,
SUCCESS;328:edges = 402,fail_cases = 13,fault = 71&72&73&74&75&64,
SUCCESS;329:edges = 403,fail_cases = 13,fault = 71&72&73&74&75&64&65,
SUCCESS;330:edges = 404,fail_cases = 13,fault = 66&71&72&73&74&75&64&65,
SUCCESS;331:edges = 405,fail_cases = 13,fault = 66&67&71&72&73&74&75&64&65,
SUCCESS;332:edges = 406,fail_cases = 13,fault = 66&67&68&71&72&73&74&75&64&65,
SUCCESS;333:edges = 407,fail_cases = 13,fault = 66&67&68&69&71&72&73&74&75&64&65,
SUCCESS;334:edges = 409,fail_cases = 13,fault = 71&72&73&74&75&76,
SUCCESS;335:edges = 410,fail_cases = 13,fault = 71&72&73&74&75&64&76,
SUCCESS;336:edges = 411,fail_cases = 13,fault = 71&72&73&74&75&64&76&65,
SUCCESS;337:edges = 412,fail_cases = 13,fault = 66&71&72&73&74&75&64&76&65,
SUCCESS;338:edges = 413,fail_cases = 13,fault = 66&67&71&72&73&74&75&64&76&65,
SUCCESS;339:edges = 414,fail_cases = 13,fault = 66&67&68&71&72&73&74&75&64&76&65,
SUCCESS;340:edges = 415,fail_cases = 13,fault = 66&67&68&69&71&72&73&74&75&64&76&65,
FAIL;341:edges = 415,fail_cases = 14,fault = 77&71&72&73&74&75&76,
SUCCESS;342:edges = 417,fail_cases = 14,fault = 80,
SUCCESS;343:edges = 418,fail_cases = 14,fault = 80&71,
SUCCESS;344:edges = 419,fail_cases = 14,fault = 80&71&72,
SUCCESS;345:edges = 420,fail_cases = 14,fault = 80&71&72&73,
SUCCESS;346:edges = 421,fail_cases = 14,fault = 80&71&72&73&74,
SUCCESS;347:edges = 422,fail_cases = 14,fault = 80&71&72&73&74&75,
SUCCESS;348:edges = 423,fail_cases = 14,fault = 80&71&72&73&74&75&76,
SUCCESS;349:edges = 425,fail_cases = 14,fault = 80&81,
SUCCESS;350:edges = 426,fail_cases = 14,fault = 80&81&71,
SUCCESS;351:edges = 427,fail_cases = 14,fault = 80&81&71&72,
SUCCESS;352:edges = 428,fail_cases = 14,fault = 80&81&71&72&73,
SUCCESS;353:edges = 429,fail_cases = 14,fault = 80&81&71&72&73&74,
SUCCESS;354:edges = 430,fail_cases = 14,fault = 80&81&71&72&73&74&75,
SUCCESS;355:edges = 431,fail_cases = 14,fault = 80&81&71&72&73&74&75&76,
SUCCESS;356:edges = 433,fail_cases = 14,fault = 80&81&82,
SUCCESS;357:edges = 434,fail_cases = 14,fault = 80&81&82&71,
SUCCESS;358:edges = 435,fail_cases = 14,fault = 80&81&82&71&72,
SUCCESS;359:edges = 436,fail_cases = 14,fault = 80&81&82&71&72&73,
SUCCESS;360:edges = 437,fail_cases = 14,fault = 80&81&82&71&72&73&74,
SUCCESS;361:edges = 438,fail_cases = 14,fault = 80&81&82&71&72&73&74&75,
SUCCESS;362:edges = 439,fail_cases = 14,fault = 80&81&82&71&72&73&74&75&76,
SUCCESS;363:edges = 441,fail_cases = 14,fault = 80&81&82&83,
SUCCESS;364:edges = 442,fail_cases = 14,fault = 80&81&82&71&83,
SUCCESS;365:edges = 443,fail_cases = 14,fault = 80&81&82&71&83&72,
SUCCESS;366:edges = 444,fail_cases = 14,fault = 80&81&82&71&83&72&73,
SUCCESS;367:edges = 445,fail_cases = 14,fault = 80&81&82&71&83&72&73&74,
SUCCESS;368:edges = 446,fail_cases = 14,fault = 80&81&82&71&83&72&73&74&75,
SUCCESS;369:edges = 447,fail_cases = 14,fault = 80&81&82&71&83&72&73&74&75&76,
SUCCESS;370:edges = 449,fail_cases = 14,fault = 80&81&82&83&84,
SUCCESS;371:edges = 450,fail_cases = 14,fault = 80&81&82&71&83&84,
SUCCESS;372:edges = 451,fail_cases = 14,fault = 80&81&82&71&83&72&84,
SUCCESS;373:edges = 452,fail_cases = 14,fault = 80&81&82&71&83&72&84&73,
SUCCESS;374:edges = 453,fail_cases = 14,fault = 80&81&82&71&83&72&84&73&74,
SUCCESS;375:edges = 454,fail_cases = 14,fault = 80&81&82&71&83&72&84&73&74&75,
SUCCESS;376:edges = 455,fail_cases = 14,fault = 80&81&82&71&83&72&84&73&74&75&76,
SUCCESS;377:edges = 457,fail_cases = 14,fault = 80&81&82&83&84&85,
SUCCESS;378:edges = 458,fail_cases = 14,fault = 80&81&82&71&83&84&85,
SUCCESS;379:edges = 459,fail_cases = 14,fault = 80&81&82&71&83&72&84&85,
SUCCESS;380:edges = 460,fail_cases = 14,fault = 80&81&82&71&83&72&84&73&85,
SUCCESS;381:edges = 461,fail_cases = 14,fault = 80&81&82&71&83&72&84&73&85&74,
SUCCESS;382:edges = 462,fail_cases = 14,fault = 80&81&82&71&83&72&84&73&85&74&75,
SUCCESS;383:edges = 463,fail_cases = 14,fault = 80&81&82&71&83&72&84&73&85&74&75&76,
SUCCESS;384:edges = 465,fail_cases = 14,fault = 78&80&81&82&83&84&85,
SUCCESS;385:edges = 466,fail_cases = 14,fault = 78&80&81&82&71&83&84&85,
SUCCESS;386:edges = 467,fail_cases = 14,fault = 78&80&81&82&71&83&72&84&85,
SUCCESS;387:edges = 468,fail_cases = 14,fault = 78&80&81&82&71&83&72&84&73&85,
SUCCESS;388:edges = 469,fail_cases = 14,fault = 78&80&81&82&71&83&72&84&73&85&74,
SUCCESS;389:edges = 470,fail_cases = 14,fault = 78&80&81&82&71&83&72&84&73&85&74&75,
SUCCESS;390:edges = 471,fail_cases = 14,fault = 78&80&81&82&71&83&72&84&73&85&74&75&76,
FAIL;391:edges = 471,fail_cases = 15,fault = 78&79&80&81&82&83&84&85,
SUCCESS;392:edges = 473,fail_cases = 15,fault = 86,
SUCCESS;393:edges = 474,fail_cases = 15,fault = 80&86,
SUCCESS;394:edges = 475,fail_cases = 15,fault = 80&81&86,
SUCCESS;395:edges = 476,fail_cases = 15,fault = 80&81&82&86,
SUCCESS;396:edges = 477,fail_cases = 15,fault = 80&81&82&83&86,
SUCCESS;397:edges = 478,fail_cases = 15,fault = 80&81&82&83&84&86,
SUCCESS;398:edges = 479,fail_cases = 15,fault = 80&81&82&83&84&85&86,
SUCCESS;399:edges = 480,fail_cases = 15,fault = 78&80&81&82&83&84&85&86,
SUCCESS;400:edges = 482,fail_cases = 15,fault = 86&87,
SUCCESS;401:edges = 483,fail_cases = 15,fault = 80&86&87,
SUCCESS;402:edges = 484,fail_cases = 15,fault = 80&81&86&87,
SUCCESS;403:edges = 485,fail_cases = 15,fault = 80&81&82&86&87,
SUCCESS;404:edges = 486,fail_cases = 15,fault = 80&81&82&83&86&87,
SUCCESS;405:edges = 487,fail_cases = 15,fault = 80&81&82&83&84&86&87,
SUCCESS;406:edges = 488,fail_cases = 15,fault = 80&81&82&83&84&85&86&87,
SUCCESS;407:edges = 489,fail_cases = 15,fault = 78&80&81&82&83&84&85&86&87,
SUCCESS;408:edges = 491,fail_cases = 15,fault = 88&86&87,
SUCCESS;409:edges = 492,fail_cases = 15,fault = 88&80&86&87,
SUCCESS;410:edges = 493,fail_cases = 15,fault = 88&80&81&86&87,
SUCCESS;411:edges = 494,fail_cases = 15,fault = 88&80&81&82&86&87,
SUCCESS;412:edges = 495,fail_cases = 15,fault = 88&80&81&82&83&86&87,
SUCCESS;413:edges = 496,fail_cases = 15,fault = 88&80&81&82&83&84&86&87,
SUCCESS;414:edges = 497,fail_cases = 15,fault = 88&80&81&82&83&84&85&86&87,
SUCCESS;415:edges = 498,fail_cases = 15,fault = 88&78&80&81&82&83&84&85&86&87,
SUCCESS;416:edges = 500,fail_cases = 15,fault = 88&89&86&87,
SUCCESS;417:edges = 501,fail_cases = 15,fault = 88&89&80&86&87,
SUCCESS;418:edges = 502,fail_cases = 15,fault = 88&89&80&81&86&87,
SUCCESS;419:edges = 503,fail_cases = 15,fault = 88&89&80&81&82&86&87,
SUCCESS;420:edges = 504,fail_cases = 15,fault = 88&89&80&81&82&83&86&87,
SUCCESS;421:edges = 505,fail_cases = 15,fault = 88&89&80&81&82&83&84&86&87,
SUCCESS;422:edges = 506,fail_cases = 15,fault = 88&89&80&81&82&83&84&85&86&87,
SUCCESS;423:edges = 507,fail_cases = 15,fault = 88&89&78&80&81&82&83&84&85&86&87,
FAIL;424:edges = 507,fail_cases = 16,fault = 88&89&90&86&87,
SUCCESS;425:edges = 509,fail_cases = 16,fault = 96,
SUCCESS;426:edges = 510,fail_cases = 16,fault = 96&86,
SUCCESS;427:edges = 511,fail_cases = 16,fault = 96&86&87,
SUCCESS;428:edges = 512,fail_cases = 16,fault = 88&96&86&87,
SUCCESS;429:edges = 513,fail_cases = 16,fault = 88&89&96&86&87,
SUCCESS;430:edges = 515,fail_cases = 16,fault = 91&96,
SUCCESS;431:edges = 516,fail_cases = 16,fault = 91&96&86,
SUCCESS;432:edges = 517,fail_cases = 16,fault = 91&96&86&87,
SUCCESS;433:edges = 518,fail_cases = 16,fault = 88&91&96&86&87,
SUCCESS;434:edges = 519,fail_cases = 16,fault = 88&89&91&96&86&87,
SUCCESS;435:edges = 521,fail_cases = 16,fault = 91&92&96,
SUCCESS;436:edges = 522,fail_cases = 16,fault = 91&92&96&86,
SUCCESS;437:edges = 523,fail_cases = 16,fault = 91&92&96&86&87,
SUCCESS;438:edges = 524,fail_cases = 16,fault = 88&91&92&96&86&87,
SUCCESS;439:edges = 525,fail_cases = 16,fault = 88&89&91&92&96&86&87,
SUCCESS;440:edges = 527,fail_cases = 16,fault = 91&92&93&96,
SUCCESS;441:edges = 528,fail_cases = 16,fault = 91&92&93&96&86,
SUCCESS;442:edges = 529,fail_cases = 16,fault = 91&92&93&96&86&87,
SUCCESS;443:edges = 530,fail_cases = 16,fault = 88&91&92&93&96&86&87,
SUCCESS;444:edges = 531,fail_cases = 16,fault = 88&89&91&92&93&96&86&87,
SUCCESS;445:edges = 533,fail_cases = 16,fault = 91&92&93&94&96,
SUCCESS;446:edges = 534,fail_cases = 16,fault = 91&92&93&94&96&86,
SUCCESS;447:edges = 535,fail_cases = 16,fault = 91&92&93&94&96&86&87,
SUCCESS;448:edges = 536,fail_cases = 16,fault = 88&91&92&93&94&96&86&87,
SUCCESS;449:edges = 537,fail_cases = 16,fault = 88&89&91&92&93&94&96&86&87,
FAIL;450:edges = 537,fail_cases = 17,fault = 91&92&93&94&95&96,
SUCCESS;451:edges = 539,fail_cases = 17,fault = 97,
SUCCESS;452:edges = 540,fail_cases = 17,fault = 96&97,
SUCCESS;453:edges = 541,fail_cases = 17,fault = 91&96&97,
SUCCESS;454:edges = 542,fail_cases = 17,fault = 91&92&96&97,
SUCCESS;455:edges = 543,fail_cases = 17,fault = 91&92&93&96&97,
SUCCESS;456:edges = 544,fail_cases = 17,fault = 91&92&93&94&96&97,
SUCCESS;457:edges = 546,fail_cases = 17,fault = 97&98,
SUCCESS;458:edges = 547,fail_cases = 17,fault = 96&97&98,
SUCCESS;459:edges = 548,fail_cases = 17,fault = 91&96&97&98,
SUCCESS;460:edges = 549,fail_cases = 17,fault = 91&92&96&97&98,
SUCCESS;461:edges = 550,fail_cases = 17,fault = 91&92&93&96&97&98,
SUCCESS;462:edges = 551,fail_cases = 17,fault = 91&92&93&94&96&97&98,
SUCCESS;463:edges = 553,fail_cases = 17,fault = 99&97&98,
SUCCESS;464:edges = 554,fail_cases = 17,fault = 99&96&97&98,
SUCCESS;465:edges = 555,fail_cases = 17,fault = 99&91&96&97&98,
SUCCESS;466:edges = 556,fail_cases = 17,fault = 99&91&92&96&97&98,
SUCCESS;467:edges = 557,fail_cases = 17,fault = 99&91&92&93&96&97&98,
SUCCESS;468:edges = 558,fail_cases = 17,fault = 99&91&92&93&94&96&97&98,
FAIL;469:edges = 558,fail_cases = 18,fault = 99&100&97&98,
SUCCESS;470:edges = 560,fail_cases = 18,fault = 101,
SUCCESS;471:edges = 561,fail_cases = 18,fault = 101&97,
SUCCESS;472:edges = 562,fail_cases = 18,fault = 101&97&98,
SUCCESS;473:edges = 563,fail_cases = 18,fault = 99&101&97&98,
SUCCESS;474:edges = 565,fail_cases = 18,fault = 101&102,
SUCCESS;475:edges = 566,fail_cases = 18,fault = 101&102&97,
SUCCESS;476:edges = 567,fail_cases = 18,fault = 101&102&97&98,
SUCCESS;477:edges = 568,fail_cases = 18,fault = 99&101&102&97&98,
SUCCESS;478:edges = 570,fail_cases = 18,fault = 101&102&103,
SUCCESS;479:edges = 571,fail_cases = 18,fault = 101&102&103&97,
SUCCESS;480:edges = 572,fail_cases = 18,fault = 101&102&103&97&98,
SUCCESS;481:edges = 573,fail_cases = 18,fault = 99&101&102&103&97&98,
SUCCESS;482:edges = 575,fail_cases = 18,fault = 101&102&103&104,
SUCCESS;483:edges = 576,fail_cases = 18,fault = 101&102&103&104&97,
SUCCESS;484:edges = 577,fail_cases = 18,fault = 101&102&103&104&97&98,
SUCCESS;485:edges = 578,fail_cases = 18,fault = 99&101&102&103&104&97&98,
FAIL;486:edges = 578,fail_cases = 19,fault = 101&102&103&104&105,
SUCCESS;487:edges = 580,fail_cases = 19,fault = 112,
SUCCESS;488:edges = 581,fail_cases = 19,fault = 112&101,
SUCCESS;489:edges = 582,fail_cases = 19,fault = 112&101&102,
SUCCESS;490:edges = 583,fail_cases = 19,fault = 112&101&102&103,
SUCCESS;491:edges = 584,fail_cases = 19,fault = 112&101&102&103&104,
SUCCESS;492:edges = 586,fail_cases = 19,fault = 112&113,
SUCCESS;493:edges = 587,fail_cases = 19,fault = 112&101&113,
SUCCESS;494:edges = 588,fail_cases = 19,fault = 112&101&113&102,
SUCCESS;495:edges = 589,fail_cases = 19,fault = 112&101&113&102&103,
SUCCESS;496:edges = 590,fail_cases = 19,fault = 112&101&113&102&103&104,
SUCCESS;497:edges = 592,fail_cases = 19,fault = 112&113&106,
SUCCESS;498:edges = 593,fail_cases = 19,fault = 112&101&113&106,
SUCCESS;499:edges = 594,fail_cases = 19,fault = 112&101&113&102&106,
SUCCESS;500:edges = 595,fail_cases = 19,fault = 112&101&113&102&103&106,
SUCCESS;501:edges = 596,fail_cases = 19,fault = 112&101&113&102&103&104&106,
SUCCESS;502:edges = 598,fail_cases = 19,fault = 112&113&106&107,
SUCCESS;503:edges = 599,fail_cases = 19,fault = 112&101&113&106&107,
SUCCESS;504:edges = 600,fail_cases = 19,fault = 112&101&113&102&106&107,
SUCCESS;505:edges = 601,fail_cases = 19,fault = 112&101&113&102&103&106&107,
SUCCESS;506:edges = 602,fail_cases = 19,fault = 112&101&113&102&103&104&106&107,
SUCCESS;507:edges = 604,fail_cases = 19,fault = 112&113&106&107&108,
SUCCESS;508:edges = 605,fail_cases = 19,fault = 112&101&113&106&107&108,
SUCCESS;509:edges = 606,fail_cases = 19,fault = 112&101&113&102&106&107&108,
SUCCESS;510:edges = 607,fail_cases = 19,fault = 112&101&113&102&103&106&107&108,
SUCCESS;511:edges = 608,fail_cases = 19,fault = 112&101&113&102&103&104&106&107&108,
SUCCESS;512:edges = 610,fail_cases = 19,fault = 112&113&106&107&108&109,
SUCCESS;513:edges = 611,fail_cases = 19,fault = 112&101&113&106&107&108&109,
SUCCESS;514:edges = 612,fail_cases = 19,fault = 112&101&113&102&106&107&108&109,
SUCCESS;515:edges = 613,fail_cases = 19,fault = 112&101&113&102&103&106&107&108&109,
SUCCESS;516:edges = 614,fail_cases = 19,fault = 112&101&113&102&103&104&106&107&108&109,
SUCCESS;517:edges = 616,fail_cases = 19,fault = 110&112&113&106&107&108&109,
SUCCESS;518:edges = 617,fail_cases = 19,fault = 110&112&101&113&106&107&108&109,
SUCCESS;519:edges = 618,fail_cases = 19,fault = 110&112&101&113&102&106&107&108&109,
SUCCESS;520:edges = 619,fail_cases = 19,fault = 110&112&101&113&102&103&106&107&108&109,
SUCCESS;521:edges = 620,fail_cases = 19,fault = 110&112&101&113&102&103&104&106&107&108&109,
FAIL;522:edges = 620,fail_cases = 20,fault = 110&111&112&113&106&107&108&109,
SUCCESS;523:edges = 622,fail_cases = 20,fault = 114,
SUCCESS;524:edges = 623,fail_cases = 20,fault = 112&114,
SUCCESS;525:edges = 624,fail_cases = 20,fault = 112&113&114,
SUCCESS;526:edges = 625,fail_cases = 20,fault = 112&113&114&106,
SUCCESS;527:edges = 626,fail_cases = 20,fault = 112&113&114&106&107,
SUCCESS;528:edges = 627,fail_cases = 20,fault = 112&113&114&106&107&108,
SUCCESS;529:edges = 628,fail_cases = 20,fault = 112&113&114&106&107&108&109,
SUCCESS;530:edges = 629,fail_cases = 20,fault = 110&112&113&114&106&107&108&109,
SUCCESS;531:edges = 631,fail_cases = 20,fault = 114&115,
SUCCESS;532:edges = 632,fail_cases = 20,fault = 112&114&115,
SUCCESS;533:edges = 633,fail_cases = 20,fault = 112&113&114&115,
SUCCESS;534:edges = 634,fail_cases = 20,fault = 112&113&114&115&106,
SUCCESS;535:edges = 635,fail_cases = 20,fault = 112&113&114&115&106&107,
SUCCESS;536:edges = 636,fail_cases = 20,fault = 112&113&114&115&106&107&108,
SUCCESS;537:edges = 637,fail_cases = 20,fault = 112&113&114&115&106&107&108&109,
SUCCESS;538:edges = 638,fail_cases = 20,fault = 110&112&113&114&115&106&107&108&109,
SUCCESS;539:edges = 640,fail_cases = 20,fault = 114&115&116,
SUCCESS;540:edges = 641,fail_cases = 20,fault = 112&114&115&116,
SUCCESS;541:edges = 642,fail_cases = 20,fault = 112&113&114&115&116,
SUCCESS;542:edges = 643,fail_cases = 20,fault = 112&113&114&115&116&106,
SUCCESS;543:edges = 644,fail_cases = 20,fault = 112&113&114&115&116&106&107,
SUCCESS;544:edges = 645,fail_cases = 20,fault = 112&113&114&115&116&106&107&108,
SUCCESS;545:edges = 646,fail_cases = 20,fault = 112&113&114&115&116&106&107&108&109,
SUCCESS;546:edges = 647,fail_cases = 20,fault = 110&112&113&114&115&116&106&107&108&109,
FAIL;547:edges = 647,fail_cases = 21,fault = 114&115&116&117,
SUCCESS;548:edges = 649,fail_cases = 21,fault = 118,
SUCCESS;549:edges = 650,fail_cases = 21,fault = 114&118,
SUCCESS;550:edges = 651,fail_cases = 21,fault = 114&115&118,
SUCCESS;551:edges = 652,fail_cases = 21,fault = 114&115&116&118,
FAIL;552:edges = 652,fail_cases = 22,fault = 118&119,
SUCCESS;553:edges = 654,fail_cases = 22,fault = 120,
SUCCESS;554:edges = 655,fail_cases = 22,fault = 118&120,
SUCCESS;555:edges = 657,fail_cases = 22,fault = 121&120,
SUCCESS;556:edges = 658,fail_cases = 22,fault = 121&118&120,
FAIL;557:edges = 658,fail_cases = 23,fault = 121&122&120,
SUCCESS;558:edges = 660,fail_cases = 23,fault = 123,
SUCCESS;559:edges = 661,fail_cases = 23,fault = 123&120,
SUCCESS;560:edges = 662,fail_cases = 23,fault = 121&123&120,
FAIL;561:edges = 662,fail_cases = 24,fault = 123&124,
SUCCESS;562:edges = 664,fail_cases = 24,fault = 128,
SUCCESS;563:edges = 665,fail_cases = 24,fault = 123&128,
SUCCESS;564:edges = 667,fail_cases = 24,fault = 128&129,
SUCCESS;565:edges = 668,fail_cases = 24,fault = 123&128&129,
SUCCESS;566:edges = 670,fail_cases = 24,fault = 125&128&129,
SUCCESS;567:edges = 671,fail_cases = 24,fault = 123&125&128&129,
SUCCESS;568:edges = 673,fail_cases = 24,fault = 125&126&128&129,
SUCCESS;569:edges = 674,fail_cases = 24,fault = 123&125&126&128&129,
FAIL;570:edges = 674,fail_cases = 25,fault = 125&126&127&128&129,
SUCCESS;571:edges = 676,fail_cases = 25,fault = 130,
SUCCESS;572:edges = 677,fail_cases = 25,fault = 128&130,
SUCCESS;573:edges = 678,fail_cases = 25,fault = 128&129&130,
SUCCESS;574:edges = 679,fail_cases = 25,fault = 125&128&129&130,
SUCCESS;575:edges = 680,fail_cases = 25,fault = 125&126&128&129&130,
FAIL;576:edges = 680,fail_cases = 26,fault = 130&131,
SUCCESS;577:edges = 682,fail_cases = 26,fault = 132,
SUCCESS;578:edges = 683,fail_cases = 26,fault = 132&130,
SUCCESS;579:edges = 685,fail_cases = 26,fault = 132&133,
SUCCESS;580:edges = 686,fail_cases = 26,fault = 132&133&130,
SUCCESS;581:edges = 688,fail_cases = 26,fault = 132&133&134,
SUCCESS;582:edges = 689,fail_cases = 26,fault = 132&133&134&130,
SUCCESS;583:edges = 691,fail_cases = 26,fault = 132&133&134&135,
SUCCESS;584:edges = 692,fail_cases = 26,fault = 132&133&134&135&130,
SUCCESS;585:edges = 694,fail_cases = 26,fault = 132&133&134&135&136,
SUCCESS;586:edges = 695,fail_cases = 26,fault = 132&133&134&135&136&130,
FAIL;587:edges = 695,fail_cases = 27,fault = 132&133&134&135&136&137,
SUCCESS;588:edges = 697,fail_cases = 27,fault = 138,
SUCCESS;589:edges = 698,fail_cases = 27,fault = 132&138,
SUCCESS;590:edges = 699,fail_cases = 27,fault = 132&133&138,
SUCCESS;591:edges = 700,fail_cases = 27,fault = 132&133&134&138,
SUCCESS;592:edges = 701,fail_cases = 27,fault = 132&133&134&135&138,
SUCCESS;593:edges = 702,fail_cases = 27,fault = 132&133&134&135&136&138,
FAIL;594:edges = 702,fail_cases = 28,fault = 138&139,
SUCCESS;595:edges = 704,fail_cases = 28,fault = 144,
SUCCESS;596:edges = 705,fail_cases = 28,fault = 144&138,
SUCCESS;597:edges = 707,fail_cases = 28,fault = 144&145,
SUCCESS;598:edges = 708,fail_cases = 28,fault = 144&145&138,
SUCCESS;599:edges = 710,fail_cases = 28,fault = 144&145&146,
SUCCESS;600:edges = 711,fail_cases = 28,fault = 144&145&146&138,
SUCCESS;601:edges = 713,fail_cases = 28,fault = 144&145&146&147,
SUCCESS;602:edges = 714,fail_cases = 28,fault = 144&145&146&147&138,
SUCCESS;603:edges = 716,fail_cases = 28,fault = 144&145&146&147&140,
SUCCESS;604:edges = 717,fail_cases = 28,fault = 144&145&146&147&138&140,
SUCCESS;605:edges = 719,fail_cases = 28,fault = 144&145&146&147&140&141,
SUCCESS;606:edges = 720,fail_cases = 28,fault = 144&145&146&147&138&140&141,
SUCCESS;607:edges = 722,fail_cases = 28,fault = 144&145&146&147&140&141&142,
SUCCESS;608:edges = 723,fail_cases = 28,fault = 144&145&146&147&138&140&141&142,
FAIL;609:edges = 723,fail_cases = 29,fault = 143&144&145&146&147&140&141&142,
SUCCESS;610:edges = 724,fail_cases = 29,fault = 148,
SUCCESS;611:edges = 725,fail_cases = 29,fault = 144&148,
SUCCESS;612:edges = 726,fail_cases = 29,fault = 144&145&148,
SUCCESS;613:edges = 727,fail_cases = 29,fault = 144&145&146&148,
SUCCESS;614:edges = 728,fail_cases = 29,fault = 144&145&146&147&148,
SUCCESS;615:edges = 729,fail_cases = 29,fault = 144&145&146&147&148&140,
SUCCESS;616:edges = 730,fail_cases = 29,fault = 144&145&146&147&148&140&141,
SUCCESS;617:edges = 731,fail_cases = 29,fault = 144&145&146&147&148&140&141&142,
FAIL;618:edges = 731,fail_cases = 30,fault = 148&149,