SUCCESS;0:edges = 10,fail_cases = 0,fault = ,
SUCCESS;1:edges = 11,fail_cases = 0,fault = 1,
FAIL;2:edges = 11,fail_cases = 1,fault = 1&2,
SUCCESS;3:edges = 13,fail_cases = 1,fault = 3,
SUCCESS;4:edges = 14,fail_cases = 1,fault = 1&3,
SUCCESS;5:edges = 16,fail_cases = 1,fault = 3&4,
SUCCESS;6:edges = 17,fail_cases = 1,fault = 1&3&4,
SUCCESS;7:edges = 19,fail_cases = 1,fault = 3&4&5,
SUCCESS;8:edges = 20,fail_cases = 1,fault = 1&3&4&5,
SUCCESS;9:edges = 22,fail_cases = 1,fault = 3&4&5&6,
SUCCESS;10:edges = 23,fail_cases = 1,fault = 1&3&4&5&6,
SUCCESS;11:edges = 25,fail_cases = 1,fault = 3&4&5&6&7,
SUCCESS;12:edges = 26,fail_cases = 1,fault = 1&3&4&5&6&7,
SUCCESS;13:edges = 28,fail_cases = 1,fault = 3&4&5&6&7&8,
SUCCESS;14:edges = 29,fail_cases = 1,fault = 1&3&4&5&6&7&8,
FAIL;15:edges = 29,fail_cases = 2,fault = 3&4&5&6&7&8&9,
SUCCESS;16:edges = 31,fail_cases = 2,fault = 10,
SUCCESS;17:edges = 32,fail_cases = 2,fault = 3&10,
SUCCESS;18:edges = 33,fail_cases = 2,fault = 3&4&10,
SUCCESS;19:edges = 34,fail_cases = 2,fault = 3&4&5&10,
SUCCESS;20:edges = 35,fail_cases = 2,fault = 3&4&5&6&10,
SUCCESS;21:edges = 36,fail_cases = 2,fault = 3&4&5&6&7&10,
SUCCESS;22:edges = 37,fail_cases = 2,fault = 3&4&5&6&7&8&10,
SUCCESS;23:edges = 39,fail_cases = 2,fault = 11&10,
SUCCESS;24:edges = 40,fail_cases = 2,fault = 11&3&10,
SUCCESS;25:edges = 41,fail_cases = 2,fault = 11&3&4&10,
SUCCESS;26:edges = 42,fail_cases = 2,fault = 11&3&4&5&10,
SUCCESS;27:edges = 43,fail_cases = 2,fault = 11&3&4&5&6&10,
SUCCESS;28:edges = 44,fail_cases = 2,fault = 11&3&4&5&6&7&10,
SUCCESS;29:edges = 45,fail_cases = 2,fault = 11&3&4&5&6&7&8&10,
FAIL;30:edges = 45,fail_cases = 3,fault = 11&12&10,
SUCCESS;31:edges = 47,fail_cases = 3,fault = 16,
SUCCESS;32:edges = 48,fail_cases = 3,fault = 16&10,
SUCCESS;33:edges = 49,fail_cases = 3,fault = 11&16&10,
SUCCESS;34:edges = 51,fail_cases = 3,fault = 16&17,
SUCCESS;35:edges = 52,fail_cases = 3,fault = 16&17&10,
SUCCESS;36:edges = 53,fail_cases = 3,fault = 11&16&17&10,
SUCCESS;37:edges = 55,fail_cases = 3,fault = 16&17&18,
SUCCESS;38:edges = 56,fail_cases = 3,fault = 16&17&18&10,
SUCCESS;39:edges = 57,fail_cases = 3,fault = 11&16&17&18&10,
SUCCESS;40:edges = 59,fail_cases = 3,fault = 16&17&18&19,
SUCCESS;41:edges = 60,fail_cases = 3,fault = 16&17&18&19&10,
SUCCESS;42:edges = 61,fail_cases = 3,fault = 11&16&17&18&19&10,
SUCCESS;43:edges = 63,fail_cases = 3,fault = 13&16&17&18&19,
SUCCESS;44:edges = 64,fail_cases = 3,fault = 13&16&17&18&19&10,
SUCCESS;45:edges = 65,fail_cases = 3,fault = 11&13&16&17&18&19&10,
SUCCESS;46:edges = 67,fail_cases = 3,fault = 13&14&16&17&18&19,
SUCCESS;47:edges = 68,fail_cases = 3,fault = 13&14&16&17&18&19&10,
SUCCESS;48:edges = 69,fail_cases = 3,fault = 11&13&14&16&17&18&19&10,
FAIL;49:edges = 69,fail_cases = 4,fault = 13&14&15&16&17&18&19,
SUCCESS;50:edges = 71,fail_cases = 4,fault = 20,
SUCCESS;51:edges = 72,fail_cases = 4,fault = 16&20,
SUCCESS;52:edges = 73,fail_cases = 4,fault = 16&17&20,
SUCCESS;53:edges = 74,fail_cases = 4,fault = 16&17&18&20,
SUCCESS;54:edges = 75,fail_cases = 4,fault = 16&17&18&19&20,
SUCCESS;55:edges = 76,fail_cases = 4,fault = 13&16&17&18&19&20,
SUCCESS;56:edges = 77,fail_cases = 4,fault = 13&14&16&17&18&19&20,
SUCCESS;57:edges = 79,fail_cases = 4,fault = 20&21,
SUCCESS;58:edges = 80,fail_cases = 4,fault = 16&20&21,
SUCCESS;59:edges = 81,fail_cases = 4,fault = 16&17&20&21,
SUCCESS;60:edges = 82,fail_cases = 4,fault = 16&17&18&20&21,
SUCCESS;61:edges = 83,fail_cases = 4,fault = 16&17&18&19&20&21,
SUCCESS;62:edges = 84,fail_cases = 4,fault = 13&16&17&18&19&20&21,
SUCCESS;63:edges = 85,fail_cases = 4,fault = 13&14&16&17&18&19&20&21,
SUCCESS;64:edges = 87,fail_cases = 4,fault = 22&20&21,
SUCCESS;65:edges = 88,fail_cases = 4,fault = 22&16&20&21,
SUCCESS;66:edges = 89,fail_cases = 4,fault = 22&16&17&20&21,
SUCCESS;67:edges = 90,fail_cases = 4,fault = 22&16&17&18&20&21,
SUCCESS;68:edges = 91,fail_cases = 4,fault = 22&16&17&18&19&20&21,
SUCCESS;69:edges = 92,fail_cases = 4,fault = 22&13&16&17&18&19&20&21,
SUCCESS;70:edges = 93,fail_cases = 4,fault = 22&13&14&16&17&18&19&20&21,
FAIL;71:edges = 93,fail_cases = 5,fault = 22&23&20&21,
SUCCESS;72:edges = 95,fail_cases = 5,fault = 24,
SUCCESS;73:edges = 96,fail_cases = 5,fault = 24&20,
SUCCESS;74:edges = 97,fail_cases = 5,fault = 24&20&21,
SUCCESS;75:edges = 98,fail_cases = 5,fault = 22&24&20&21,
SUCCESS;76:edges = 100,fail_cases = 5,fault = 24&25,
SUCCESS;77:edges = 101,fail_cases = 5,fault = 24&25&20,
SUCCESS;78:edges = 102,fail_cases = 5,fault = 24&25&20&21,
SUCCESS;79:edges = 103,fail_cases = 5,fault = 22&24&25&20&21,
SUCCESS;80:edges = 105,fail_cases = 5,fault = 24&25&26,
SUCCESS;81:edges = 106,fail_cases = 5,fault = 24&25&26&20,
SUCCESS;82:edges = 107,fail_cases = 5,fault = 24&25&26&20&21,
SUCCESS;83:edges = 108,fail_cases = 5,fault = 22&24&25&26&20&21,
SUCCESS;84:edges = 110,fail_cases = 5,fault = 24&25&26&27,
SUCCESS;85:edges = 111,fail_cases = 5,fault = 24&25&26&27&20,
SUCCESS;86:edges = 112,fail_cases = 5,fault = 24&25&26&27&20&21,
SUCCESS;87:edges = 113,fail_cases = 5,fault = 22&24&25&26&27&20&21,
SUCCESS;88:edges = 115,fail_cases = 5,fault = 24&25&26&27&28,
SUCCESS;89:edges = 116,fail_cases = 5,fault = 24&25&26&27&28&20,
SUCCESS;90:edges = 117,fail_cases = 5,fault = 24&25&26&27&28&20&21,
SUCCESS;91:edges = 118,fail_cases = 5,fault = 22&24&25&26&27&28&20&21,
SUCCESS;92:edges = 120,fail_cases = 5,fault = 24&25&26&27&28&29,
SUCCESS;93:edges = 121,fail_cases = 5,fault = 24&25&26&27&28&29&20,
SUCCESS;94:edges = 122,fail_cases = 5,fault = 24&25&26&27&28&29&20&21,
SUCCESS;95:edges = 123,fail_cases = 5,fault = 22&24&25&26&27&28&29&20&21,
SUCCESS;96:edges = 125,fail_cases = 5,fault = 24&25&26&27&28&29&30,
SUCCESS;97:edges = 126,fail_cases = 5,fault = 24&25&26&27&28&29&30&20,
SUCCESS;98:edges = 127,fail_cases = 5,fault = 24&25&26&27&28&29&30&20&21,
SUCCESS;99:edges = 128,fail_cases = 5,fault = 22&24&25&26&27&28&29&30&20&21,
FAIL;100:edges = 128,fail_cases = 6,fault = 24&25&26&27&28&29&30&31,
SUCCESS;101:edges = 130,fail_cases = 6,fault = 32,
SUCCESS;102:edges = 131,fail_cases = 6,fault = 24&32,
SUCCESS;103:edges = 132,fail_cases = 6,fault = 24&25&32,
SUCCESS;104:edges = 133,fail_cases = 6,fault = 24&25&26&32,
SUCCESS;105:edges = 134,fail_cases = 6,fault = 24&25&26&27&32,
SUCCESS;106:edges = 135,fail_cases = 6,fault = 24&25&26&27&28&32,
SUCCESS;107:edges = 136,fail_cases = 6,fault = 24&25&26&27&28&29&32,
SUCCESS;108:edges = 137,fail_cases = 6,fault = 24&25&26&27&28&29&30&32,
SUCCESS;109:edges = 139,fail_cases = 6,fault = 33&32,
SUCCESS;110:edges = 140,fail_cases = 6,fault = 33&24&32,
SUCCESS;111:edges = 141,fail_cases = 6,fault = 33&24&25&32,
SUCCESS;112:edges = 142,fail_cases = 6,fault = 33&24&25&26&32,
SUCCESS;113:edges = 143,fail_cases = 6,fault = 33&24&25&26&27&32,
SUCCESS;114:edges = 144,fail_cases = 6,fault = 33&24&25&26&27&28&32,
SUCCESS;115:edges = 145,fail_cases = 6,fault = 33&24&25&26&27&28&29&32,
SUCCESS;116:edges = 146,fail_cases = 6,fault = 33&24&25&26&27&28&29&30&32,
SUCCESS;117:edges = 148,fail_cases = 6,fault = 33&34&32,
SUCCESS;118:edges = 149,fail_cases = 6,fault = 33&34&24&32,
SUCCESS;119:edges = 150,fail_cases = 6,fault = 33&34&24&25&32,
SUCCESS;120:edges = 151,fail_cases = 6,fault = 33&34&24&25&26&32,
SUCCESS;121:edges = 152,fail_cases = 6,fault = 33&34&24&25&26&27&32,
SUCCESS;122:edges = 153,fail_cases = 6,fault = 33&34&24&25&26&27&28&32,
SUCCESS;123:edges = 154,fail_cases = 6,fault = 33&34&24&25&26&27&28&29&32,
SUCCESS;124:edges = 155,fail_cases = 6,fault = 33&34&24&25&26&27&28&29&30&32,
SUCCESS;125:edges = 157,fail_cases = 6,fault = 33&34&35&32,
SUCCESS;126:edges = 158,fail_cases = 6,fault = 33&34&35&24&32,
SUCCESS;127:edges = 159,fail_cases = 6,fault = 33&34&35&24&25&32,
SUCCESS;128:edges = 160,fail_cases = 6,fault = 33&34&35&24&25&26&32,
SUCCESS;129:edges = 161,fail_cases = 6,fault = 33&34&35&24&25&26&27&32,
SUCCESS;130:edges = 162,fail_cases = 6,fault = 33&34&35&24&25&26&27&28&32,
SUCCESS;131:edges = 163,fail_cases = 6,fault = 33&34&35&24&25&26&27&28&29&32,
SUCCESS;132:edges = 164,fail_cases = 6,fault = 33&34&35&24&25&26&27&28&29&30&32,
SUCCESS;133:edges = 166,fail_cases = 6,fault = 33&34&35&36&32,
SUCCESS;134:edges = 167,fail_cases = 6,fault = 33&34&35&24&36&32,
SUCCESS;135:edges = 168,fail_cases = 6,fault = 33&34&35&24&36&25&32,
SUCCESS;136:edges = 169,fail_cases = 6,fault = 33&34&35&24&36&25&26&32,
SUCCESS;137:edges = 170,fail_cases = 6,fault = 33&34&35&24&36&25&26&27&32,
SUCCESS;138:edges = 171,fail_cases = 6,fault = 33&34&35&24&36&25&26&27&28&32,
SUCCESS;139:edges = 172,fail_cases = 6,fault = 33&34&35&24&36&25&26&27&28&29&32,
SUCCESS;140:edges = 173,fail_cases = 6,fault = 33&34&35&24&36&25&26&27&28&29&30&32,
SUCCESS;141:edges = 175,fail_cases = 6,fault = 33&34&35&36&37&32,
SUCCESS;142:edges = 176,fail_cases = 6,fault = 33&34&35&24&36&37&32,
SUCCESS;143:edges = 177,fail_cases = 6,fault = 33&34&35&24&36&25&37&32,
SUCCESS;144:edges = 178,fail_cases = 6,fault = 33&34&35&24&36&25&37&26&32,
SUCCESS;145:edges = 179,fail_cases = 6,fault = 33&34&35&24&36&25&37&26&27&32,
SUCCESS;146:edges = 180,fail_cases = 6,fault = 33&34&35&24&36&25&37&26&27&28&32,
SUCCESS;147:edges = 181,fail_cases = 6,fault = 33&34&35&24&36&25&37&26&27&28&29&32,
SUCCESS;148:edges = 182,fail_cases = 6,fault = 33&34&35&24&36&25&37&26&27&28&29&30&32,
FAIL;149:edges = 182,fail_cases = 7,fault = 33&34&35&36&37&38&32,
SUCCESS;150:edges = 184,fail_cases = 7,fault = 39,
SUCCESS;151:edges = 185,fail_cases = 7,fault = 39&32,
SUCCESS;152:edges = 186,fail_cases = 7,fault = 33&39&32,
SUCCESS;153:edges = 187,fail_cases = 7,fault = 33&34&39&32,
SUCCESS;154:edges = 188,fail_cases = 7,fault = 33&34&35&39&32,
SUCCESS;155:edges = 189,fail_cases = 7,fault = 33&34&35&36&39&32,
SUCCESS;156:edges = 190,fail_cases = 7,fault = 33&34&35&36&37&39&32,
FAIL;157:edges = 190,fail_cases = 8,fault = 39&40,
SUCCESS;158:edges = 192,fail_cases = 8,fault = 41,
SUCCESS;159:edges = 193,fail_cases = 8,fault = 39&41,
SUCCESS;160:edges = 195,fail_cases = 8,fault = 41&42,
SUCCESS;161:edges = 196,fail_cases = 8,fault = 39&41&42,
SUCCESS;162:edges = 198,fail_cases = 8,fault = 41&42&43,
SUCCESS;163:edges = 199,fail_cases = 8,fault = 39&41&42&43,
SUCCESS;164:edges = 201,fail_cases = 8,fault = 44&41&42&43,
SUCCESS;165:edges = 202,fail_cases = 8,fault = 44&39&41&42&43,
SUCCESS;166:edges = 204,fail_cases = 8,fault = 44&45&41&42&43,
SUCCESS;167:edges = 205,fail_cases = 8,fault = 44&45&39&41&42&43,
SUCCESS;168:edges = 207,fail_cases = 8,fault = 44&45&46&41&42&43,
SUCCESS;169:edges = 208,fail_cases = 8,fault = 44&45&46&39&41&42&43,
FAIL;170:edges = 208,fail_cases = 9,fault = 44&45&46&47&41&42&43,
SUCCESS;171:edges = 210,fail_cases = 9,fault = 48,
SUCCESS;172:edges = 211,fail_cases = 9,fault = 48&41,
SUCCESS;173:edges = 212,fail_cases = 9,fault = 48&41&42,
SUCCESS;174:edges = 213,fail_cases = 9,fault = 48&41&42&43,
SUCCESS;175:edges = 214,fail_cases = 9,fault = 44&48&41&42&43,
SUCCESS;176:edges = 215,fail_cases = 9,fault = 44&45&48&41&42&43,
SUCCESS;177:edges = 216,fail_cases = 9,fault = 44&45&46&48&41&42&43,
SUCCESS;178:edges = 218,fail_cases = 9,fault = 48&49,
SUCCESS;179:edges = 219,fail_cases = 9,fault = 48&49&41,
SUCCESS;180:edges = 220,fail_cases = 9,fault = 48&49&41&42,
SUCCESS;181:edges = 221,fail_cases = 9,fault = 48&49&41&42&43,
SUCCESS;182:edges = 222,fail_cases = 9,fault = 44&48&49&41&42&43,
SUCCESS;183:edges = 223,fail_cases = 9,fault = 44&45&48&49&41&42&43,
SUCCESS;184:edges = 224,fail_cases = 9,fault = 44&45&46&48&49&41&42&43,
FAIL;185:edges = 224,fail_cases = 10,fault = 48&49&50,
SUCCESS;186:edges = 225,fail_cases = 10,fault = 51,
SUCCESS;187:edges = 226,fail_cases = 10,fault = 48&51,
SUCCESS;188:edges = 227,fail_cases = 10,fault = 48&49&51,
SUCCESS;189:edges = 228,fail_cases = 10,fault = 51&52,
SUCCESS;190:edges = 229,fail_cases = 10,fault = 48&51&52,
SUCCESS;191:edges = 230,fail_cases = 10,fault = 48&49&51&52,
FAIL;192:edges = 230,fail_cases = 11,fault = 51&52&53,