SUCCESS;0:edges = 23,fail_cases = 0,fault = ,
SUCCESS;1:edges = 24,fail_cases = 0,fault = 1,
SUCCESS;2:edges = 25,fail_cases = 0,fault = 1&2,
FAIL;3:edges = 25,fail_cases = 1,fault = 1&2&3,
SUCCESS;4:edges = 27,fail_cases = 1,fault = 4,
SUCCESS;5:edges = 28,fail_cases = 1,fault = 1&4,
SUCCESS;6:edges = 29,fail_cases = 1,fault = 1&2&4,
SUCCESS;7:edges = 31,fail_cases = 1,fault = 4&5,
SUCCESS;8:edges = 32,fail_cases = 1,fault = 1&4&5,
SUCCESS;9:edges = 33,fail_cases = 1,fault = 1&2&4&5,
SUCCESS;10:edges = 35,fail_cases = 1,fault = 4&5&6,
SUCCESS;11:edges = 36,fail_cases = 1,fault = 1&4&5&6,
SUCCESS;12:edges = 37,fail_cases = 1,fault = 1&2&4&5&6,
SUCCESS;13:edges = 39,fail_cases = 1,fault = 4&5&6&7,
SUCCESS;14:edges = 40,fail_cases = 1,fault = 1&4&5&6&7,
SUCCESS;15:edges = 41,fail_cases = 1,fault = 1&2&4&5&6&7,
SUCCESS;16:edges = 43,fail_cases = 1,fault = 4&5&6&7&8,
SUCCESS;17:edges = 44,fail_cases = 1,fault = 1&4&5&6&7&8,
SUCCESS;18:edges = 45,fail_cases = 1,fault = 1&2&4&5&6&7&8,
FAIL;19:edges = 45,fail_cases = 2,fault = 4&5&6&7&8&9,
SUCCESS;20:edges = 47,fail_cases = 2,fault = 16,
SUCCESS;21:edges = 48,fail_cases = 2,fault = 4&16,
SUCCESS;22:edges = 49,fail_cases = 2,fault = 4&16&5,
SUCCESS;23:edges = 50,fail_cases = 2,fault = 4&16&5&6,
SUCCESS;24:edges = 51,fail_cases = 2,fault = 4&16&5&6&7,
SUCCESS;25:edges = 52,fail_cases = 2,fault = 4&16&5&6&7&8,
SUCCESS;26:edges = 54,fail_cases = 2,fault = 16&17,
SUCCESS;27:edges = 55,fail_cases = 2,fault = 4&16&17,
SUCCESS;28:edges = 56,fail_cases = 2,fault = 4&16&5&17,
SUCCESS;29:edges = 57,fail_cases = 2,fault = 4&16&5&17&6,
SUCCESS;30:edges = 58,fail_cases = 2,fault = 4&16&5&17&6&7,
SUCCESS;31:edges = 59,fail_cases = 2,fault = 4&16&5&17&6&7&8,
SUCCESS;32:edges = 61,fail_cases = 2,fault = 16&17&10,
SUCCESS;33:edges = 62,fail_cases = 2,fault = 4&16&17&10,
SUCCESS;34:edges = 63,fail_cases = 2,fault = 4&16&5&17&10,
SUCCESS;35:edges = 64,fail_cases = 2,fault = 4&16&5&17&6&10,
SUCCESS;36:edges = 65,fail_cases = 2,fault = 4&16&5&17&6&7&10,
SUCCESS;37:edges = 66,fail_cases = 2,fault = 4&16&5&17&6&7&8&10,
SUCCESS;38:edges = 68,fail_cases = 2,fault = 11&16&17&10,
SUCCESS;39:edges = 69,fail_cases = 2,fault = 11&4&16&17&10,
SUCCESS;40:edges = 70,fail_cases = 2,fault = 11&4&16&5&17&10,
SUCCESS;41:edges = 71,fail_cases = 2,fault = 11&4&16&5&17&6&10,
SUCCESS;42:edges = 72,fail_cases = 2,fault = 11&4&16&5&17&6&7&10,
SUCCESS;43:edges = 73,fail_cases = 2,fault = 11&4&16&5&17&6&7&8&10,
SUCCESS;44:edges = 75,fail_cases = 2,fault = 11&12&16&17&10,
SUCCESS;45:edges = 76,fail_cases = 2,fault = 11&12&4&16&17&10,
SUCCESS;46:edges = 77,fail_cases = 2,fault = 11&12&4&16&5&17&10,
SUCCESS;47:edges = 78,fail_cases = 2,fault = 11&12&4&16&5&17&6&10,
SUCCESS;48:edges = 79,fail_cases = 2,fault = 11&12&4&16&5&17&6&7&10,
SUCCESS;49:edges = 80,fail_cases = 2,fault = 11&12&4&16&5&17&6&7&8&10,
SUCCESS;50:edges = 82,fail_cases = 2,fault = 11&12&13&16&17&10,
SUCCESS;51:edges = 83,fail_cases = 2,fault = 11&12&13&4&16&17&10,
SUCCESS;52:edges = 84,fail_cases = 2,fault = 11&12&13&4&16&5&17&10,
SUCCESS;53:edges = 85,fail_cases = 2,fault = 11&12&13&4&16&5&17&6&10,
SUCCESS;54:edges = 86,fail_cases = 2,fault = 11&12&13&4&16&5&17&6&7&10,
SUCCESS;55:edges = 87,fail_cases = 2,fault = 11&12&13&4&16&5&17&6&7&8&10,
SUCCESS;56:edges = 89,fail_cases = 2,fault = 11&12&13&14&16&17&10,
SUCCESS;57:edges = 90,fail_cases = 2,fault = 11&12&13&14&4&16&17&10,
SUCCESS;58:edges = 91,fail_cases = 2,fault = 11&12&13&14&4&16&5&17&10,
SUCCESS;59:edges = 92,fail_cases = 2,fault = 11&12&13&14&4&16&5&17&6&10,
SUCCESS;60:edges = 93,fail_cases = 2,fault = 11&12&13&14&4&16&5&17&6&7&10,
SUCCESS;61:edges = 94,fail_cases = 2,fault = 11&12&13&14&4&16&5&17&6&7&8&10,
FAIL;62:edges = 94,fail_cases = 3,fault = 11&12&13&14&15&16&17&10,
SUCCESS;63:edges = 96,fail_cases = 3,fault = 18,
SUCCESS;64:edges = 97,fail_cases = 3,fault = 16&18,
SUCCESS;65:edges = 98,fail_cases = 3,fault = 16&17&18,
SUCCESS;66:edges = 99,fail_cases = 3,fault = 16&17&18&10,
SUCCESS;67:edges = 100,fail_cases = 3,fault = 11&16&17&18&10,
SUCCESS;68:edges = 101,fail_cases = 3,fault = 11&12&16&17&18&10,
SUCCESS;69:edges = 102,fail_cases = 3,fault = 11&12&13&16&17&18&10,
SUCCESS;70:edges = 103,fail_cases = 3,fault = 11&12&13&14&16&17&18&10,
SUCCESS;71:edges = 105,fail_cases = 3,fault = 18&19,
SUCCESS;72:edges = 106,fail_cases = 3,fault = 16&18&19,
SUCCESS;73:edges = 107,fail_cases = 3,fault = 16&17&18&19,
SUCCESS;74:edges = 108,fail_cases = 3,fault = 16&17&18&19&10,
SUCCESS;75:edges = 109,fail_cases = 3,fault = 11&16&17&18&19&10,
SUCCESS;76:edges = 110,fail_cases = 3,fault = 11&12&16&17&18&19&10,
SUCCESS;77:edges = 111,fail_cases = 3,fault = 11&12&13&16&17&18&19&10,
SUCCESS;78:edges = 112,fail_cases = 3,fault = 11&12&13&14&16&17&18&19&10,
FAIL;79:edges = 112,fail_cases = 4,fault = 18&19&20,
SUCCESS;80:edges = 114,fail_cases = 4,fault = 21,
SUCCESS;81:edges = 115,fail_cases = 4,fault = 18&21,
SUCCESS;82:edges = 116,fail_cases = 4,fault = 18&19&21,
SUCCESS;83:edges = 118,fail_cases = 4,fault = 22&21,
SUCCESS;84:edges = 119,fail_cases = 4,fault = 22&18&21,
SUCCESS;85:edges = 120,fail_cases = 4,fault = 22&18&19&21,
SUCCESS;86:edges = 122,fail_cases = 4,fault = 22&23&21,
SUCCESS;87:edges = 123,fail_cases = 4,fault = 22&23&18&21,
SUCCESS;88:edges = 124,fail_cases = 4,fault = 22&23&18&19&21,
SUCCESS;89:edges = 126,fail_cases = 4,fault = 22&23&24&21,
SUCCESS;90:edges = 127,fail_cases = 4,fault = 22&23&24&18&21,
SUCCESS;91:edges = 128,fail_cases = 4,fault = 22&23&24&18&19&21,
SUCCESS;92:edges = 130,fail_cases = 4,fault = 22&23&24&25&21,
SUCCESS;93:edges = 131,fail_cases = 4,fault = 22&23&24&25&18&21,
SUCCESS;94:edges = 132,fail_cases = 4,fault = 22&23&24&25&18&19&21,
SUCCESS;95:edges = 134,fail_cases = 4,fault = 22&23&24&25&26&21,
SUCCESS;96:edges = 135,fail_cases = 4,fault = 22&23&24&25&26&18&21,
SUCCESS;97:edges = 136,fail_cases = 4,fault = 22&23&24&25&26&18&19&21,
FAIL;98:edges = 136,fail_cases = 5,fault = 22&23&24&25&26&27&21,
SUCCESS;99:edges = 138,fail_cases = 5,fault = 28,
SUCCESS;100:edges = 139,fail_cases = 5,fault = 28&21,
SUCCESS;101:edges = 140,fail_cases = 5,fault = 22&28&21,
SUCCESS;102:edges = 141,fail_cases = 5,fault = 22&23&28&21,
SUCCESS;103:edges = 142,fail_cases = 5,fault = 22&23&24&28&21,
SUCCESS;104:edges = 143,fail_cases = 5,fault = 22&23&24&25&28&21,
SUCCESS;105:edges = 144,fail_cases = 5,fault = 22&23&24&25&26&28&21,
FAIL;106:edges = 144,fail_cases = 6,fault = 28&29,
SUCCESS;107:edges = 146,fail_cases = 6,fault = 32,
SUCCESS;108:edges = 147,fail_cases = 6,fault = 28&32,
SUCCESS;109:edges = 149,fail_cases = 6,fault = 33&32,
SUCCESS;110:edges = 150,fail_cases = 6,fault = 33&28&32,
SUCCESS;111:edges = 152,fail_cases = 6,fault = 33&34&32,
SUCCESS;112:edges = 153,fail_cases = 6,fault = 33&34&28&32,
SUCCESS;113:edges = 155,fail_cases = 6,fault = 33&34&35&32,
SUCCESS;114:edges = 156,fail_cases = 6,fault = 33&34&35&28&32,
SUCCESS;115:edges = 158,fail_cases = 6,fault = 33&34&35&36&32,
SUCCESS;116:edges = 159,fail_cases = 6,fault = 33&34&35&36&28&32,
SUCCESS;117:edges = 161,fail_cases = 6,fault = 33&34&35&36&37&32,
SUCCESS;118:edges = 162,fail_cases = 6,fault = 33&34&35&36&37&28&32,
SUCCESS;119:edges = 164,fail_cases = 6,fault = 33&34&35&36&37&30&32,
SUCCESS;120:edges = 165,fail_cases = 6,fault = 33&34&35&36&37&28&30&32,
FAIL;121:edges = 165,fail_cases = 7,fault = 33&34&35&36&37&30&31&32,
SUCCESS;122:edges = 167,fail_cases = 7,fault = 38,
SUCCESS;123:edges = 168,fail_cases = 7,fault = 38&32,
SUCCESS;124:edges = 169,fail_cases = 7,fault = 33&38&32,
SUCCESS;125:edges = 170,fail_cases = 7,fault = 33&34&38&32,
SUCCESS;126:edges = 171,fail_cases = 7,fault = 33&34&35&38&32,
SUCCESS;127:edges = 172,fail_cases = 7,fault = 33&34&35&36&38&32,
SUCCESS;128:edges = 173,fail_cases = 7,fault = 33&34&35&36&37&38&32,
SUCCESS;129:edges = 174,fail_cases = 7,fault = 33&34&35&36&37&38&30&32,
SUCCESS;130:edges = 176,fail_cases = 7,fault = 38&39,
SUCCESS;131:edges = 177,fail_cases = 7,fault = 38&39&32,
SUCCESS;132:edges = 178,fail_cases = 7,fault = 33&38&39&32,
SUCCESS;133:edges = 179,fail_cases = 7,fault = 33&34&38&39&32,
SUCCESS;134:edges = 180,fail_cases = 7,fault = 33&34&35&38&39&32,
SUCCESS;135:edges = 181,fail_cases = 7,fault = 33&34&35&36&38&39&32,
SUCCESS;136:edges = 182,fail_cases = 7,fault = 33&34&35&36&37&38&39&32,
SUCCESS;137:edges = 183,fail_cases = 7,fault = 33&34&35&36&37&38&39&30&32,
FAIL;138:edges = 183,fail_cases = 8,fault = 38&39&40,
SUCCESS;139:edges = 185,fail_cases = 8,fault = 41,
SUCCESS;140:edges = 186,fail_cases = 8,fault = 38&41,
SUCCESS;141:edges = 187,fail_cases = 8,fault = 38&39&41,
SUCCESS;142:edges = 189,fail_cases = 8,fault = 41&42,
SUCCESS;143:edges = 190,fail_cases = 8,fault = 38&41&42,
SUCCESS;144:edges = 191,fail_cases = 8,fault = 38&39&41&42,
SUCCESS;145:edges = 193,fail_cases = 8,fault = 41&42&43,
SUCCESS;146:edges = 194,fail_cases = 8,fault = 38&41&42&43,
SUCCESS;147:edges = 195,fail_cases = 8,fault = 38&39&41&42&43,
SUCCESS;148:edges = 197,fail_cases = 8,fault = 44&41&42&43,
SUCCESS;149:edges = 198,fail_cases = 8,fault = 44&38&41&42&43,
SUCCESS;150:edges = 199,fail_cases = 8,fault = 44&38&39&41&42&43,
FAIL;151:edges = 199,fail_cases = 9,fault = 44&45&41&42&43,
SUCCESS;152:edges = 201,fail_cases = 9,fault = 48,
SUCCESS;153:edges = 202,fail_cases = 9,fault = 48&41,
SUCCESS;154:edges = 203,fail_cases = 9,fault = 48&41&42,
SUCCESS;155:edges = 204,fail_cases = 9,fault = 48&41&42&43,
SUCCESS;156:edges = 205,fail_cases = 9,fault = 44&48&41&42&43,
SUCCESS;157:edges = 207,fail_cases = 9,fault = 48&49,
SUCCESS;158:edges = 208,fail_cases = 9,fault = 48&49&41,
SUCCESS;159:edges = 209,fail_cases = 9,fault = 48&49&41&42,
SUCCESS;160:edges = 210,fail_cases = 9,fault = 48&49&41&42&43,
SUCCESS;161:edges = 211,fail_cases = 9,fault = 44&48&49&41&42&43,
SUCCESS;162:edges = 213,fail_cases = 9,fault = 48&49&50,
SUCCESS;163:edges = 214,fail_cases = 9,fault = 48&49&50&41,
SUCCESS;164:edges = 215,fail_cases = 9,fault = 48&49&50&41&42,
SUCCESS;165:edges = 216,fail_cases = 9,fault = 48&49&50&41&42&43,
SUCCESS;166:edges = 217,fail_cases = 9,fault = 44&48&49&50&41&42&43,
SUCCESS;167:edges = 219,fail_cases = 9,fault = 48&49&50&51,
SUCCESS;168:edges = 220,fail_cases = 9,fault = 48&49&50&51&41,
SUCCESS;169:edges = 221,fail_cases = 9,fault = 48&49&50&51&41&42,
SUCCESS;170:edges = 222,fail_cases = 9,fault = 48&49&50&51&41&42&43,
SUCCESS;171:edges = 223,fail_cases = 9,fault = 44&48&49&50&51&41&42&43,
SUCCESS;172:edges = 225,fail_cases = 9,fault = 46&48&49&50&51,
SUCCESS;173:edges = 226,fail_cases = 9,fault = 46&48&49&50&51&41,
SUCCESS;174:edges = 227,fail_cases = 9,fault = 46&48&49&50&51&41&42,
SUCCESS;175:edges = 228,fail_cases = 9,fault = 46&48&49&50&51&41&42&43,
SUCCESS;176:edges = 229,fail_cases = 9,fault = 44&46&48&49&50&51&41&42&43,
FAIL;177:edges = 229,fail_cases = 10,fault = 46&47&48&49&50&51,
SUCCESS;178:edges = 231,fail_cases = 10,fault = 52,
SUCCESS;179:edges = 232,fail_cases = 10,fault = 48&52,
SUCCESS;180:edges = 233,fail_cases = 10,fault = 48&49&52,
SUCCESS;181:edges = 234,fail_cases = 10,fault = 48&49&50&52,
SUCCESS;182:edges = 235,fail_cases = 10,fault = 48&49&50&51&52,
SUCCESS;183:edges = 236,fail_cases = 10,fault = 46&48&49&50&51&52,
SUCCESS;184:edges = 238,fail_cases = 10,fault = 52&53,
SUCCESS;185:edges = 239,fail_cases = 10,fault = 48&52&53,
SUCCESS;186:edges = 240,fail_cases = 10,fault = 48&49&52&53,
SUCCESS;187:edges = 241,fail_cases = 10,fault = 48&49&50&52&53,
SUCCESS;188:edges = 242,fail_cases = 10,fault = 48&49&50&51&52&53,
SUCCESS;189:edges = 243,fail_cases = 10,fault = 46&48&49&50&51&52&53,
FAIL;190:edges = 243,fail_cases = 11,fault = 52&53&54,
SUCCESS;191:edges = 245,fail_cases = 11,fault = 55,
SUCCESS;192:edges = 246,fail_cases = 11,fault = 55&52,
SUCCESS;193:edges = 247,fail_cases = 11,fault = 55&52&53,
SUCCESS;194:edges = 249,fail_cases = 11,fault = 55&56,
SUCCESS;195:edges = 250,fail_cases = 11,fault = 55&56&52,
SUCCESS;196:edges = 251,fail_cases = 11,fault = 55&56&52&53,
SUCCESS;197:edges = 253,fail_cases = 11,fault = 55&56&57,
SUCCESS;198:edges = 254,fail_cases = 11,fault = 55&56&57&52,
SUCCESS;199:edges = 255,fail_cases = 11,fault = 55&56&57&52&53,
SUCCESS;200:edges = 257,fail_cases = 11,fault = 55&56&57&58,
SUCCESS;201:edges = 258,fail_cases = 11,fault = 55&56&57&58&52,
SUCCESS;202:edges = 259,fail_cases = 11,fault = 55&56&57&58&52&53,
FAIL;203:edges = 259,fail_cases = 12,fault = 55&56&57&58&59,
SUCCESS;204:edges = 261,fail_cases = 12,fault = 60,
SUCCESS;205:edges = 262,fail_cases = 12,fault = 55&60,
SUCCESS;206:edges = 263,fail_cases = 12,fault = 55&56&60,
SUCCESS;207:edges = 264,fail_cases = 12,fault = 55&56&57&60,
SUCCESS;208:edges = 265,fail_cases = 12,fault = 55&56&57&58&60,
SUCCESS;209:edges = 267,fail_cases = 12,fault = 60&61,
SUCCESS;210:edges = 268,fail_cases = 12,fault = 55&60&61,
SUCCESS;211:edges = 269,fail_cases = 12,fault = 55&56&60&61,
SUCCESS;212:edges = 270,fail_cases = 12,fault = 55&56&57&60&61,
SUCCESS;213:edges = 271,fail_cases = 12,fault = 55&56&57&58&60&61,
FAIL;214:edges = 271,fail_cases = 13,fault = 60&61&62,
SUCCESS;215:edges = 273,fail_cases = 13,fault = 64,
SUCCESS;216:edges = 274,fail_cases = 13,fault = 60&64,
SUCCESS;217:edges = 275,fail_cases = 13,fault = 60&61&64,
SUCCESS;218:edges = 277,fail_cases = 13,fault = 64&65,
SUCCESS;219:edges = 278,fail_cases = 13,fault = 60&64&65,
SUCCESS;220:edges = 279,fail_cases = 13,fault = 60&61&64&65,
SUCCESS;221:edges = 281,fail_cases = 13,fault = 66&64&65,
SUCCESS;222:edges = 282,fail_cases = 13,fault = 66&60&64&65,
SUCCESS;223:edges = 283,fail_cases = 13,fault = 66&60&61&64&65,
SUCCESS;224:edges = 285,fail_cases = 13,fault = 66&67&64&65,
SUCCESS;225:edges = 286,fail_cases = 13,fault = 66&67&60&64&65,
SUCCESS;226:edges = 287,fail_cases = 13,fault = 66&67&60&61&64&65,
SUCCESS;227:edges = 289,fail_cases = 13,fault = 66&67&68&64&65,
SUCCESS;228:edges = 290,fail_cases = 13,fault = 66&67&68&60&64&65,
SUCCESS;229:edges = 291,fail_cases = 13,fault = 66&67&68&60&61&64&65,
FAIL;230:edges = 291,fail_cases = 14,fault = 66&67&68&63&64&65,
SUCCESS;231:edges = 293,fail_cases = 14,fault = 69,
SUCCESS;232:edges = 294,fail_cases = 14,fault = 69&64,
SUCCESS;233:edges = 295,fail_cases = 14,fault = 69&64&65,
SUCCESS;234:edges = 296,fail_cases = 14,fault = 66&69&64&65,
SUCCESS;235:edges = 297,fail_cases = 14,fault = 66&67&69&64&65,
SUCCESS;236:edges = 298,fail_cases = 14,fault = 66&67&68&69&64&65,
SUCCESS;237:edges = 300,fail_cases = 14,fault = 69&70,
SUCCESS;238:edges = 301,fail_cases = 14,fault = 69&70&64,
SUCCESS;239:edges = 302,fail_cases = 14,fault = 69&70&64&65,
SUCCESS;240:edges = 303,fail_cases = 14,fault = 66&69&70&64&65,
SUCCESS;241:edges = 304,fail_cases = 14,fault = 66&67&69&70&64&65,
SUCCESS;242:edges = 305,fail_cases = 14,fault = 66&67&68&69&70&64&65,
SUCCESS;243:edges = 307,fail_cases = 14,fault = 69&70&71,
SUCCESS;244:edges = 308,fail_cases = 14,fault = 69&70&71&64,
SUCCESS;245:edges = 309,fail_cases = 14,fault = 69&70&71&64&65,
SUCCESS;246:edges = 310,fail_cases = 14,fault = 66&69&70&71&64&65,
SUCCESS;247:edges = 311,fail_cases = 14,fault = 66&67&69&70&71&64&65,
SUCCESS;248:edges = 312,fail_cases = 14,fault = 66&67&68&69&70&71&64&65,
FAIL;249:edges = 312,fail_cases = 15,fault = 69&70&71&72,
SUCCESS;250:edges = 314,fail_cases = 15,fault = 73,
SUCCESS;251:edges = 315,fail_cases = 15,fault = 69&73,
SUCCESS;252:edges = 316,fail_cases = 15,fault = 69&70&73,
SUCCESS;253:edges = 317,fail_cases = 15,fault = 69&70&71&73,
SUCCESS;254:edges = 319,fail_cases = 15,fault = 73&74,
SUCCESS;255:edges = 320,fail_cases = 15,fault = 69&73&74,
SUCCESS;256:edges = 321,fail_cases = 15,fault = 69&70&73&74,
SUCCESS;257:edges = 322,fail_cases = 15,fault = 69&70&71&73&74,
FAIL;258:edges = 322,fail_cases = 16,fault = 73&74&75,
SUCCESS;259:edges = 324,fail_cases = 16,fault = 76,
SUCCESS;260:edges = 325,fail_cases = 16,fault = 73&76,
SUCCESS;261:edges = 326,fail_cases = 16,fault = 73&74&76,
FAIL;262:edges = 326,fail_cases = 17,fault = 77&76,
SUCCESS;263:edges = 328,fail_cases = 17,fault = 80,
SUCCESS;264:edges = 329,fail_cases = 17,fault = 80&76,
SUCCESS;265:edges = 331,fail_cases = 17,fault = 80&81,
SUCCESS;266:edges = 332,fail_cases = 17,fault = 80&81&76,
SUCCESS;267:edges = 334,fail_cases = 17,fault = 78&80&81,
SUCCESS;268:edges = 335,fail_cases = 17,fault = 78&80&81&76,
FAIL;269:edges = 335,fail_cases = 18,fault = 78&79&80&81,
SUCCESS;270:edges = 337,fail_cases = 18,fault = 82,
SUCCESS;271:edges = 338,fail_cases = 18,fault = 80&82,
SUCCESS;272:edges = 339,fail_cases = 18,fault = 80&81&82,
SUCCESS;273:edges = 340,fail_cases = 18,fault = 78&80&81&82,
SUCCESS;274:edges = 342,fail_cases = 18,fault = 82&83,
SUCCESS;275:edges = 343,fail_cases = 18,fault = 80&82&83,
SUCCESS;276:edges = 344,fail_cases = 18,fault = 80&81&82&83,
SUCCESS;277:edges = 345,fail_cases = 18,fault = 78&80&81&82&83,
SUCCESS;278:edges = 347,fail_cases = 18,fault = 82&83&84,
SUCCESS;279:edges = 348,fail_cases = 18,fault = 80&82&83&84,
SUCCESS;280:edges = 349,fail_cases = 18,fault = 80&81&82&83&84,
SUCCESS;281:edges = 350,fail_cases = 18,fault = 78&80&81&82&83&84,
SUCCESS;282:edges = 352,fail_cases = 18,fault = 82&83&84&85,
SUCCESS;283:edges = 353,fail_cases = 18,fault = 80&82&83&84&85,
SUCCESS;284:edges = 354,fail_cases = 18,fault = 80&81&82&83&84&85,
SUCCESS;285:edges = 355,fail_cases = 18,fault = 78&80&81&82&83&84&85,
SUCCESS;286:edges = 357,fail_cases = 18,fault = 82&83&84&85&86,
SUCCESS;287:edges = 358,fail_cases = 18,fault = 80&82&83&84&85&86,
SUCCESS;288:edges = 359,fail_cases = 18,fault = 80&81&82&83&84&85&86,
SUCCESS;289:edges = 360,fail_cases = 18,fault = 78&80&81&82&83&84&85&86,
SUCCESS;290:edges = 362,fail_cases = 18,fault = 82&83&84&85&86&87,
SUCCESS;291:edges = 363,fail_cases = 18,fault = 80&82&83&84&85&86&87,
SUCCESS;292:edges = 364,fail_cases = 18,fault = 80&81&82&83&84&85&86&87,
SUCCESS;293:edges = 365,fail_cases = 18,fault = 78&80&81&82&83&84&85&86&87,
SUCCESS;294:edges = 367,fail_cases = 18,fault = 88&82&83&84&85&86&87,
SUCCESS;295:edges = 368,fail_cases = 18,fault = 88&80&82&83&84&85&86&87,
SUCCESS;296:edges = 369,fail_cases = 18,fault = 88&80&81&82&83&84&85&86&87,
SUCCESS;297:edges = 370,fail_cases = 18,fault = 88&78&80&81&82&83&84&85&86&87,
FAIL;298:edges = 370,fail_cases = 19,fault = 88&89&82&83&84&85&86&87,
SUCCESS;299:edges = 372,fail_cases = 19,fault = 90,
SUCCESS;300:edges = 373,fail_cases = 19,fault = 90&82,
SUCCESS;301:edges = 374,fail_cases = 19,fault = 90&82&83,
SUCCESS;302:edges = 375,fail_cases = 19,fault = 90&82&83&84,
SUCCESS;303:edges = 376,fail_cases = 19,fault = 90&82&83&84&85,
SUCCESS;304:edges = 377,fail_cases = 19,fault = 90&82&83&84&85&86,
SUCCESS;305:edges = 378,fail_cases = 19,fault = 90&82&83&84&85&86&87,
SUCCESS;306:edges = 379,fail_cases = 19,fault = 88&90&82&83&84&85&86&87,
FAIL;307:edges = 379,fail_cases = 20,fault = 90&91,
SUCCESS;308:edges = 381,fail_cases = 20,fault = 96,
SUCCESS;309:edges = 382,fail_cases = 20,fault = 90&96,
SUCCESS;310:edges = 384,fail_cases = 20,fault = 96&97,
SUCCESS;311:edges = 385,fail_cases = 20,fault = 90&96&97,
SUCCESS;312:edges = 387,fail_cases = 20,fault = 96&97&98,
SUCCESS;313:edges = 388,fail_cases = 20,fault = 90&96&97&98,
SUCCESS;314:edges = 390,fail_cases = 20,fault = 92&96&97&98,
SUCCESS;315:edges = 391,fail_cases = 20,fault = 90&92&96&97&98,
SUCCESS;316:edges = 393,fail_cases = 20,fault = 92&93&96&97&98,
SUCCESS;317:edges = 394,fail_cases = 20,fault = 90&92&93&96&97&98,
SUCCESS;318:edges = 396,fail_cases = 20,fault = 92&93&94&96&97&98,
SUCCESS;319:edges = 397,fail_cases = 20,fault = 90&92&93&94&96&97&98,
FAIL;320:edges = 397,fail_cases = 21,fault = 92&93&94&95&96&97&98,
SUCCESS;321:edges = 399,fail_cases = 21,fault = 99,
SUCCESS;322:edges = 400,fail_cases = 21,fault = 99&96,
SUCCESS;323:edges = 401,fail_cases = 21,fault = 99&96&97,
SUCCESS;324:edges = 402,fail_cases = 21,fault = 99&96&97&98,
SUCCESS;325:edges = 403,fail_cases = 21,fault = 99&92&96&97&98,
SUCCESS;326:edges = 404,fail_cases = 21,fault = 99&92&93&96&97&98,
SUCCESS;327:edges = 405,fail_cases = 21,fault = 99&92&93&94&96&97&98,
SUCCESS;328:edges = 407,fail_cases = 21,fault = 99&100,
SUCCESS;329:edges = 408,fail_cases = 21,fault = 99&100&96,
SUCCESS;330:edges = 409,fail_cases = 21,fault = 99&100&96&97,
SUCCESS;331:edges = 410,fail_cases = 21,fault = 99&100&96&97&98,
SUCCESS;332:edges = 411,fail_cases = 21,fault = 99&100&92&96&97&98,
SUCCESS;333:edges = 412,fail_cases = 21,fault = 99&100&92&93&96&97&98,
SUCCESS;334:edges = 413,fail_cases = 21,fault = 99&100&92&93&94&96&97&98,
FAIL;335:edges = 413,fail_cases = 22,fault = 99&100&101,
SUCCESS;336:edges = 415,fail_cases = 22,fault = 102,
SUCCESS;337:edges = 416,fail_cases = 22,fault = 99&102,
SUCCESS;338:edges = 417,fail_cases = 22,fault = 99&100&102,
SUCCESS;339:edges = 419,fail_cases = 22,fault = 102&103,
SUCCESS;340:edges = 420,fail_cases = 22,fault = 99&102&103,
SUCCESS;341:edges = 421,fail_cases = 22,fault = 99&100&102&103,
SUCCESS;342:edges = 423,fail_cases = 22,fault = 102&103&104,
SUCCESS;343:edges = 424,fail_cases = 22,fault = 99&102&103&104,
SUCCESS;344:edges = 425,fail_cases = 22,fault = 99&100&102&103&104,
SUCCESS;345:edges = 427,fail_cases = 22,fault = 102&103&104&105,
SUCCESS;346:edges = 428,fail_cases = 22,fault = 99&102&103&104&105,
SUCCESS;347:edges = 429,fail_cases = 22,fault = 99&100&102&103&104&105,
SUCCESS;348:edges = 431,fail_cases = 22,fault = 102&103&104&105&106,
SUCCESS;349:edges = 432,fail_cases = 22,fault = 99&102&103&104&105&106,
SUCCESS;350:edges = 433,fail_cases = 22,fault = 99&100&102&103&104&105&106,
SUCCESS;351:edges = 435,fail_cases = 22,fault = 102&103&104&105&106&107,
SUCCESS;352:edges = 436,fail_cases = 22,fault = 99&102&103&104&105&106&107,
SUCCESS;353:edges = 437,fail_cases = 22,fault = 99&100&102&103&104&105&106&107,
SUCCESS;354:edges = 439,fail_cases = 22,fault = 102&103&104&105&106&107&108,
SUCCESS;355:edges = 440,fail_cases = 22,fault = 99&102&103&104&105&106&107&108,
SUCCESS;356:edges = 441,fail_cases = 22,fault = 99&100&102&103&104&105&106&107&108,
FAIL;357:edges = 441,fail_cases = 23,fault = 102&103&104&105&106&107&108&109,
SUCCESS;358:edges = 442,fail_cases = 23,fault = 112,
SUCCESS;359:edges = 443,fail_cases = 23,fault = 112&102,
SUCCESS;360:edges = 444,fail_cases = 23,fault = 112&102&103,
SUCCESS;361:edges = 445,fail_cases = 23,fault = 112&102&103&104,
SUCCESS;362:edges = 446,fail_cases = 23,fault = 112&102&103&104&105,
SUCCESS;363:edges = 447,fail_cases = 23,fault = 112&102&103&104&105&106,
SUCCESS;364:edges = 448,fail_cases = 23,fault = 112&102&103&104&105&106&107,
SUCCESS;365:edges = 449,fail_cases = 23,fault = 112&102&103&104&105&106&107&108,
SUCCESS;366:edges = 450,fail_cases = 23,fault = 112&113,
SUCCESS;367:edges = 451,fail_cases = 23,fault = 112&113&102,
SUCCESS;368:edges = 452,fail_cases = 23,fault = 112&113&102&103,
SUCCESS;369:edges = 453,fail_cases = 23,fault = 112&113&102&103&104,
SUCCESS;370:edges = 454,fail_cases = 23,fault = 112&113&102&103&104&105,
SUCCESS;371:edges = 455,fail_cases = 23,fault = 112&113&102&103&104&105&106,
SUCCESS;372:edges = 456,fail_cases = 23,fault = 112&113&102&103&104&105&106&107,
SUCCESS;373:edges = 457,fail_cases = 23,fault = 112&113&102&103&104&105&106&107&108,
SUCCESS;374:edges = 458,fail_cases = 23,fault = 112&113&114,
SUCCESS;375:edges = 459,fail_cases = 23,fault = 112&113&102&114,
SUCCESS;376:edges = 460,fail_cases = 23,fault = 112&113&102&114&103,
SUCCESS;377:edges = 461,fail_cases = 23,fault = 112&113&102&114&103&104,
SUCCESS;378:edges = 462,fail_cases = 23,fault = 112&113&102&114&103&104&105,
SUCCESS;379:edges = 463,fail_cases = 23,fault = 112&113&102&114&103&104&105&106,
SUCCESS;380:edges = 464,fail_cases = 23,fault = 112&113&102&114&103&104&105&106&107,
SUCCESS;381:edges = 465,fail_cases = 23,fault = 112&113&102&114&103&104&105&106&107&108,
SUCCESS;382:edges = 466,fail_cases = 23,fault = 112&113&114&115,
SUCCESS;383:edges = 467,fail_cases = 23,fault = 112&113&102&114&115,
SUCCESS;384:edges = 468,fail_cases = 23,fault = 112&113&102&114&103&115,
SUCCESS;385:edges = 469,fail_cases = 23,fault = 112&113&102&114&103&115&104,
SUCCESS;386:edges = 470,fail_cases = 23,fault = 112&113&102&114&103&115&104&105,
SUCCESS;387:edges = 471,fail_cases = 23,fault = 112&113&102&114&103&115&104&105&106,
SUCCESS;388:edges = 472,fail_cases = 23,fault = 112&113&102&114&103&115&104&105&106&107,
SUCCESS;389:edges = 473,fail_cases = 23,fault = 112&113&102&114&103&115&104&105&106&107&108,
SUCCESS;390:edges = 474,fail_cases = 23,fault = 110&112&113&114&115,
SUCCESS;391:edges = 475,fail_cases = 23,fault = 110&112&113&102&114&115,
SUCCESS;392:edges = 476,fail_cases = 23,fault = 110&112&113&102&114&103&115,
SUCCESS;393:edges = 477,fail_cases = 23,fault = 110&112&113&102&114&103&115&104,
SUCCESS;394:edges = 478,fail_cases = 23,fault = 110&112&113&102&114&103&115&104&105,
SUCCESS;395:edges = 479,fail_cases = 23,fault = 110&112&113&102&114&103&115&104&105&106,
SUCCESS;396:edges = 480,fail_cases = 23,fault = 110&112&113&102&114&103&115&104&105&106&107,
SUCCESS;397:edges = 481,fail_cases = 23,fault = 110&112&113&102&114&103&115&104&105&106&107&108,
FAIL;398:edges = 481,fail_cases = 24,fault = 110&111&112&113&114&115,