SUCCESS;0:edges = 24,fail_cases = 0,fault = ,
SUCCESS;1:edges = 25,fail_cases = 0,fault = 1,
SUCCESS;2:edges = 26,fail_cases = 0,fault = 1&2,
SUCCESS;3:edges = 27,fail_cases = 0,fault = 1&2&3,
SUCCESS;4:edges = 28,fail_cases = 0,fault = 1&2&3&4,
FAIL;5:edges = 28,fail_cases = 1,fault = 1&2&3&4&5,
SUCCESS;6:edges = 30,fail_cases = 1,fault = 6,
SUCCESS;7:edges = 31,fail_cases = 1,fault = 1&6,
SUCCESS;8:edges = 32,fail_cases = 1,fault = 1&2&6,
SUCCESS;9:edges = 33,fail_cases = 1,fault = 1&2&3&6,
SUCCESS;10:edges = 34,fail_cases = 1,fault = 1&2&3&4&6,
SUCCESS;11:edges = 36,fail_cases = 1,fault = 6&7,
SUCCESS;12:edges = 37,fail_cases = 1,fault = 1&6&7,
SUCCESS;13:edges = 38,fail_cases = 1,fault = 1&2&6&7,
SUCCESS;14:edges = 39,fail_cases = 1,fault = 1&2&3&6&7,
SUCCESS;15:edges = 40,fail_cases = 1,fault = 1&2&3&4&6&7,
SUCCESS;16:edges = 42,fail_cases = 1,fault = 6&7&8,
SUCCESS;17:edges = 43,fail_cases = 1,fault = 1&6&7&8,
SUCCESS;18:edges = 44,fail_cases = 1,fault = 1&2&6&7&8,
SUCCESS;19:edges = 45,fail_cases = 1,fault = 1&2&3&6&7&8,
SUCCESS;20:edges = 46,fail_cases = 1,fault = 1&2&3&4&6&7&8,
SUCCESS;21:edges = 48,fail_cases = 1,fault = 6&7&8&9,
SUCCESS;22:edges = 49,fail_cases = 1,fault = 1&6&7&8&9,
SUCCESS;23:edges = 50,fail_cases = 1,fault = 1&2&6&7&8&9,
SUCCESS;24:edges = 51,fail_cases = 1,fault = 1&2&4&6&7&8&9,
SUCCESS;25:edges = 53,fail_cases = 1,fault = 1&2&4&5&6&7&8&9,
SUCCESS;26:edges = 55,fail_cases = 1,fault = 11&1&2&4&5&6&7&8&9,
FAIL;27:edges = 55,fail_cases = 2,fault = 11&1&12&2&4&5&6&7&8&9,
SUCCESS;28:edges = 56,fail_cases = 2,fault = 3&6&7&8&9&10,
SUCCESS;29:edges = 57,fail_cases = 2,fault = 1&3&6&7&8&9&10,
SUCCESS;30:edges = 58,fail_cases = 2,fault = 1&2&3&6&7&8&9&10,
SUCCESS;31:edges = 59,fail_cases = 2,fault = 11&3&6&7&8&9&10,
SUCCESS;32:edges = 60,fail_cases = 2,fault = 11&1&3&6&7&8&9&10,
SUCCESS;33:edges = 61,fail_cases = 2,fault = 11&1&2&3&6&7&8&9&10,
SUCCESS;34:edges = 62,fail_cases = 2,fault = 1&2&3&4&6&7&8&9&10,
SUCCESS;35:edges = 63,fail_cases = 2,fault = 11&1&2&3&4&6&7&8&9&10,
FAIL;36:edges = 63,fail_cases = 3,fault = 11&12&6&7&8&9&10,
SUCCESS;37:edges = 65,fail_cases = 3,fault = 16,
SUCCESS;38:edges = 66,fail_cases = 3,fault = 16&6,
SUCCESS;39:edges = 67,fail_cases = 3,fault = 16&6&7,
SUCCESS;40:edges = 68,fail_cases = 3,fault = 16&6&7&8,
SUCCESS;41:edges = 69,fail_cases = 3,fault = 16&6&7&8&9,
SUCCESS;42:edges = 70,fail_cases = 3,fault = 1&2&4&16&5&6&7&8&9,
SUCCESS;43:edges = 71,fail_cases = 3,fault = 11&1&2&4&16&5&6&7&8&9,
SUCCESS;44:edges = 73,fail_cases = 3,fault = 16&17,
SUCCESS;45:edges = 74,fail_cases = 3,fault = 16&17&6,
SUCCESS;46:edges = 75,fail_cases = 3,fault = 16&17&6&7,
SUCCESS;47:edges = 76,fail_cases = 3,fault = 16&17&6&7&8,
SUCCESS;48:edges = 77,fail_cases = 3,fault = 16&17&6&7&8&9,
SUCCESS;49:edges = 78,fail_cases = 3,fault = 1&2&4&16&5&17&6&7&8&9,
SUCCESS;50:edges = 79,fail_cases = 3,fault = 11&1&2&4&16&5&17&6&7&8&9,
SUCCESS;51:edges = 81,fail_cases = 3,fault = 16&17&18,
SUCCESS;52:edges = 82,fail_cases = 3,fault = 16&17&6&18,
SUCCESS;53:edges = 83,fail_cases = 3,fault = 16&17&6&18&7,
SUCCESS;54:edges = 84,fail_cases = 3,fault = 16&17&6&18&7&8,
SUCCESS;55:edges = 85,fail_cases = 3,fault = 16&17&6&18&7&8&9,
SUCCESS;56:edges = 86,fail_cases = 3,fault = 1&2&4&16&5&17&6&18&7&8&9,
SUCCESS;57:edges = 88,fail_cases = 3,fault = 1&12&2&4&16&5&17&6&18&7&8&9,
SUCCESS;58:edges = 90,fail_cases = 3,fault = 12&14&16&17&18&1&2&4&5&6&7&8&9,
FAIL;59:edges = 90,fail_cases = 4,fault = 12&14&15&16&17&18&1&2&4&5&6&7&8&9,
FAIL;60:edges = 90,fail_cases = 5,fault = 12&14&15&16&17&6&18&7&8&9&10,
SUCCESS;61:edges = 91,fail_cases = 5,fault = 11&13&16&17&18,
SUCCESS;62:edges = 92,fail_cases = 5,fault = 11&13&14&16&17&18,
SUCCESS;63:edges = 93,fail_cases = 5,fault = 11&13&16&17&6&18,
SUCCESS;64:edges = 94,fail_cases = 5,fault = 11&13&16&17&6&18&7,
SUCCESS;65:edges = 95,fail_cases = 5,fault = 11&13&16&17&6&18&7&8,
SUCCESS;66:edges = 96,fail_cases = 5,fault = 11&13&16&17&6&18&7&8&9,
SUCCESS;67:edges = 97,fail_cases = 5,fault = 11&13&16&17&18&1&2&4&5&6&7&8&9,
SUCCESS;68:edges = 98,fail_cases = 5,fault = 11&13&14&16&17&6&18,
SUCCESS;69:edges = 99,fail_cases = 5,fault = 11&13&14&16&17&6&18&7,
SUCCESS;70:edges = 100,fail_cases = 5,fault = 11&13&14&16&17&6&18&7&8,
SUCCESS;71:edges = 101,fail_cases = 5,fault = 11&13&14&16&17&6&18&7&8&9,
SUCCESS;72:edges = 102,fail_cases = 5,fault = 11&13&14&16&17&18&1&2&4&5&6&7&8&9,
FAIL;73:edges = 102,fail_cases = 6,fault = 13&14&15&16&17&18,
SUCCESS;74:edges = 104,fail_cases = 6,fault = 19,
SUCCESS;75:edges = 105,fail_cases = 6,fault = 16&19,
SUCCESS;76:edges = 106,fail_cases = 6,fault = 16&17&19,
SUCCESS;77:edges = 107,fail_cases = 6,fault = 1&12&2&4&16&5&17&6&7&19&8&9,
SUCCESS;78:edges = 108,fail_cases = 6,fault = 12&14&16&17&19&1&2&4&5&6&7&8&9,
FAIL;79:edges = 108,fail_cases = 7,fault = 12&14&15&16&17&19&1&2&4&5&6&7&8&9,
FAIL;80:edges = 108,fail_cases = 8,fault = 12&14&15&16&17&6&7&19&8&9&10,
FAIL;81:edges = 108,fail_cases = 9,fault = 13&14&15&16&17&19,
FAIL;82:edges = 108,fail_cases = 10,fault = 19&20,
SUCCESS;83:edges = 110,fail_cases = 10,fault = 21,
SUCCESS;84:edges = 111,fail_cases = 10,fault = 19&21,
SUCCESS;85:edges = 113,fail_cases = 10,fault = 22&21,
SUCCESS;86:edges = 114,fail_cases = 10,fault = 22&19&21,
SUCCESS;87:edges = 116,fail_cases = 10,fault = 22&23&21,
SUCCESS;88:edges = 117,fail_cases = 10,fault = 22&23&19&21,
SUCCESS;89:edges = 119,fail_cases = 10,fault = 22&23&24&21,
FAIL;90:edges = 119,fail_cases = 11,fault = 22&23&24&19&21,
FAIL;91:edges = 119,fail_cases = 12,fault = 22&23&24&25&21,
SUCCESS;92:edges = 121,fail_cases = 12,fault = 26,
SUCCESS;93:edges = 122,fail_cases = 12,fault = 26&21,
SUCCESS;94:edges = 123,fail_cases = 12,fault = 22&26&21,
SUCCESS;95:edges = 124,fail_cases = 12,fault = 22&23&26&21,
SUCCESS;96:edges = 126,fail_cases = 12,fault = 22&23&24&26&21,
SUCCESS;97:edges = 127,fail_cases = 12,fault = 26&27&19,
SUCCESS;98:edges = 128,fail_cases = 12,fault = 26&27&19&21,
SUCCESS;99:edges = 129,fail_cases = 12,fault = 22&26&27&19&21,
SUCCESS;100:edges = 130,fail_cases = 12,fault = 22&23&26&27&19&21,
SUCCESS;101:edges = 132,fail_cases = 12,fault = 22&23&24&26&28&21,
SUCCESS;102:edges = 133,fail_cases = 12,fault = 26&27&28&19,
SUCCESS;103:edges = 134,fail_cases = 12,fault = 26&27&28&19&21,
SUCCESS;104:edges = 135,fail_cases = 12,fault = 22&26&27&28&19&21,
SUCCESS;105:edges = 136,fail_cases = 12,fault = 22&23&26&27&28&19&21,
SUCCESS;106:edges = 138,fail_cases = 12,fault = 22&23&24&26&28&29&21,
SUCCESS;107:edges = 139,fail_cases = 12,fault = 26&27&28&29&19,
SUCCESS;108:edges = 140,fail_cases = 12,fault = 26&27&28&29&19&21,
SUCCESS;109:edges = 142,fail_cases = 12,fault = 24&26&27&28&29&19&21,
FAIL;110:edges = 142,fail_cases = 13,fault = 24&26&27&28&29&19&31&21,
SUCCESS;111:edges = 143,fail_cases = 13,fault = 22&24&26&27&28&29&19&21,
FAIL;112:edges = 143,fail_cases = 14,fault = 24&25&26&27&28&29&31&21,
SUCCESS;113:edges = 144,fail_cases = 14,fault = 22&23&24&26&28&29&30&21,
SUCCESS;114:edges = 145,fail_cases = 14,fault = 22&23&26&27&28&29&19&30,
SUCCESS;115:edges = 146,fail_cases = 14,fault = 22&23&26&27&28&29&19&30&21,
FAIL;116:edges = 146,fail_cases = 15,fault = 22&23&24&26&28&29&30&31&21,
FAIL;117:edges = 146,fail_cases = 16,fault = 26&27&28&29&30&31,
SUCCESS;118:edges = 148,fail_cases = 16,fault = 32,
SUCCESS;119:edges = 149,fail_cases = 16,fault = 26&32,
SUCCESS;120:edges = 150,fail_cases = 16,fault = 22&23&24&26&32&21,
SUCCESS;121:edges = 151,fail_cases = 16,fault = 22&23&24&26&28&32&21,
SUCCESS;122:edges = 152,fail_cases = 16,fault = 22&23&24&26&28&29&32&21,
SUCCESS;123:edges = 153,fail_cases = 16,fault = 24&26&27&28&29&19&32&21,
SUCCESS;124:edges = 155,fail_cases = 16,fault = 33&32,
SUCCESS;125:edges = 156,fail_cases = 16,fault = 33&26&32,
SUCCESS;126:edges = 157,fail_cases = 16,fault = 33&22&23&24&26&32&21,
SUCCESS;127:edges = 158,fail_cases = 16,fault = 33&22&23&24&26&28&32&21,
SUCCESS;128:edges = 159,fail_cases = 16,fault = 33&22&23&24&26&28&29&32&21,
SUCCESS;129:edges = 160,fail_cases = 16,fault = 33&24&26&27&28&29&19&32&21,
SUCCESS;130:edges = 162,fail_cases = 16,fault = 33&34&32,
SUCCESS;131:edges = 163,fail_cases = 16,fault = 33&34&26&32,
SUCCESS;132:edges = 164,fail_cases = 16,fault = 33&22&34&23&24&26&32&21,
SUCCESS;133:edges = 165,fail_cases = 16,fault = 33&22&34&23&24&26&28&32&21,
SUCCESS;134:edges = 166,fail_cases = 16,fault = 33&22&34&23&24&26&28&29&32&21,
SUCCESS;135:edges = 167,fail_cases = 16,fault = 33&34&24&26&27&28&29&19&32&21,
SUCCESS;136:edges = 169,fail_cases = 16,fault = 33&34&35&32,
SUCCESS;137:edges = 170,fail_cases = 16,fault = 33&34&35&26&32,
SUCCESS;138:edges = 171,fail_cases = 16,fault = 33&22&34&23&35&24&26&32&21,
SUCCESS;139:edges = 172,fail_cases = 16,fault = 33&22&34&23&35&24&26&28&32&21,
SUCCESS;140:edges = 173,fail_cases = 16,fault = 33&22&34&23&35&24&26&28&29&32&21,
SUCCESS;141:edges = 174,fail_cases = 16,fault = 33&34&35&24&26&27&28&29&19&32&21,
SUCCESS;142:edges = 176,fail_cases = 16,fault = 33&34&35&36&32,
SUCCESS;143:edges = 177,fail_cases = 16,fault = 33&34&35&36&26&32,
SUCCESS;144:edges = 178,fail_cases = 16,fault = 33&22&34&23&35&24&36&26&32&21,
SUCCESS;145:edges = 179,fail_cases = 16,fault = 33&22&34&23&35&24&36&26&28&32&21,
SUCCESS;146:edges = 180,fail_cases = 16,fault = 33&22&34&23&35&24&36&26&28&29&32&21,
SUCCESS;147:edges = 181,fail_cases = 16,fault = 33&34&35&24&36&26&27&28&29&19&32&21,
FAIL;148:edges = 181,fail_cases = 17,fault = 33&34&35&36&37&32,
SUCCESS;149:edges = 183,fail_cases = 17,fault = 38,
SUCCESS;150:edges = 184,fail_cases = 17,fault = 38&32,
SUCCESS;151:edges = 185,fail_cases = 17,fault = 33&38&32,
SUCCESS;152:edges = 186,fail_cases = 17,fault = 33&34&38&32,
SUCCESS;153:edges = 187,fail_cases = 17,fault = 33&34&35&38&32,
SUCCESS;154:edges = 188,fail_cases = 17,fault = 33&34&35&36&38&32,
SUCCESS;155:edges = 190,fail_cases = 17,fault = 38&39,
SUCCESS;156:edges = 191,fail_cases = 17,fault = 38&39&32,
SUCCESS;157:edges = 192,fail_cases = 17,fault = 33&38&39&32,
SUCCESS;158:edges = 193,fail_cases = 17,fault = 33&34&38&39&32,
SUCCESS;159:edges = 194,fail_cases = 17,fault = 33&34&35&38&39&32,
SUCCESS;160:edges = 195,fail_cases = 17,fault = 33&34&35&36&38&39&32,
FAIL;161:edges = 195,fail_cases = 18,fault = 38&39&40,
SUCCESS;162:edges = 197,fail_cases = 18,fault = 41,
SUCCESS;163:edges = 198,fail_cases = 18,fault = 38&41,
SUCCESS;164:edges = 199,fail_cases = 18,fault = 38&39&41,
SUCCESS;165:edges = 201,fail_cases = 18,fault = 41&42,
SUCCESS;166:edges = 202,fail_cases = 18,fault = 38&41&42,
SUCCESS;167:edges = 203,fail_cases = 18,fault = 38&39&41&42,
SUCCESS;168:edges = 205,fail_cases = 18,fault = 41&42&43,
SUCCESS;169:edges = 206,fail_cases = 18,fault = 38&41&42&43,
SUCCESS;170:edges = 207,fail_cases = 18,fault = 38&39&41&42&43,
SUCCESS;171:edges = 209,fail_cases = 18,fault = 44&41&42&43,
SUCCESS;172:edges = 210,fail_cases = 18,fault = 44&38&41&42&43,
SUCCESS;173:edges = 211,fail_cases = 18,fault = 44&38&39&41&42&43,
SUCCESS;174:edges = 213,fail_cases = 18,fault = 44&45&41&42&43,
SUCCESS;175:edges = 214,fail_cases = 18,fault = 44&45&38&41&42&43,
SUCCESS;176:edges = 215,fail_cases = 18,fault = 44&45&38&39&41&42&43,
FAIL;177:edges = 215,fail_cases = 19,fault = 44&45&46&41&42&43,
SUCCESS;178:edges = 217,fail_cases = 19,fault = 48,
SUCCESS;179:edges = 218,fail_cases = 19,fault = 48&41,
SUCCESS;180:edges = 219,fail_cases = 19,fault = 48&41&42,
SUCCESS;181:edges = 220,fail_cases = 19,fault = 48&41&42&43,
SUCCESS;182:edges = 221,fail_cases = 19,fault = 44&48&41&42&43,
SUCCESS;183:edges = 222,fail_cases = 19,fault = 44&45&48&41&42&43,
SUCCESS;184:edges = 224,fail_cases = 19,fault = 48&49,
SUCCESS;185:edges = 225,fail_cases = 19,fault = 48&49&41,
SUCCESS;186:edges = 226,fail_cases = 19,fault = 48&49&41&42,
SUCCESS;187:edges = 227,fail_cases = 19,fault = 48&49&41&42&43,
SUCCESS;188:edges = 228,fail_cases = 19,fault = 44&48&49&41&42&43,
SUCCESS;189:edges = 229,fail_cases = 19,fault = 44&45&48&49&41&42&43,
SUCCESS;190:edges = 231,fail_cases = 19,fault = 48&49&50,
SUCCESS;191:edges = 232,fail_cases = 19,fault = 48&49&50&41,
SUCCESS;192:edges = 233,fail_cases = 19,fault = 48&49&50&41&42,
SUCCESS;193:edges = 234,fail_cases = 19,fault = 48&49&50&41&42&43,
SUCCESS;194:edges = 235,fail_cases = 19,fault = 44&48&49&50&41&42&43,
FAIL;195:edges = 235,fail_cases = 20,fault = 44&45&48&49&50&41&42&43,
FAIL;196:edges = 235,fail_cases = 21,fault = 47&48&49&50,
SUCCESS;197:edges = 237,fail_cases = 21,fault = 51,
SUCCESS;198:edges = 238,fail_cases = 21,fault = 48&51,
SUCCESS;199:edges = 239,fail_cases = 21,fault = 48&49&51,
SUCCESS;200:edges = 240,fail_cases = 21,fault = 48&49&50&51,
SUCCESS;201:edges = 242,fail_cases = 21,fault = 51&52,
SUCCESS;202:edges = 243,fail_cases = 21,fault = 48&51&52,
SUCCESS;203:edges = 244,fail_cases = 21,fault = 48&49&51&52,
SUCCESS;204:edges = 245,fail_cases = 21,fault = 48&49&50&51&52,
SUCCESS;205:edges = 247,fail_cases = 21,fault = 51&52&53,
SUCCESS;206:edges = 248,fail_cases = 21,fault = 48&51&52&53,
SUCCESS;207:edges = 249,fail_cases = 21,fault = 48&49&51&52&53,
SUCCESS;208:edges = 250,fail_cases = 21,fault = 48&49&50&51&52&53,
SUCCESS;209:edges = 252,fail_cases = 21,fault = 51&52&53&54,
SUCCESS;210:edges = 253,fail_cases = 21,fault = 48&51&52&53&54,
SUCCESS;211:edges = 254,fail_cases = 21,fault = 48&49&51&52&53&54,
SUCCESS;212:edges = 255,fail_cases = 21,fault = 48&49&50&51&52&53&54,
SUCCESS;213:edges = 257,fail_cases = 21,fault = 55&51&52&53&54,
SUCCESS;214:edges = 258,fail_cases = 21,fault = 55&48&51&52&53&54,
SUCCESS;215:edges = 259,fail_cases = 21,fault = 55&48&49&51&52&53&54,
SUCCESS;216:edges = 260,fail_cases = 21,fault = 55&48&49&50&51&52&53&54,
SUCCESS;217:edges = 262,fail_cases = 21,fault = 55&56&51&52&53&54,
SUCCESS;218:edges = 263,fail_cases = 21,fault = 55&56&48&51&52&53&54,
SUCCESS;219:edges = 264,fail_cases = 21,fault = 55&56&48&49&51&52&53&54,
SUCCESS;220:edges = 265,fail_cases = 21,fault = 55&56&48&49&50&51&52&53&54,
FAIL;221:edges = 265,fail_cases = 22,fault = 55&56&57&51&52&53&54,
SUCCESS;222:edges = 267,fail_cases = 22,fault = 58,
SUCCESS;223:edges = 268,fail_cases = 22,fault = 58&51,
SUCCESS;224:edges = 269,fail_cases = 22,fault = 58&51&52,
SUCCESS;225:edges = 270,fail_cases = 22,fault = 58&51&52&53,
SUCCESS;226:edges = 271,fail_cases = 22,fault = 58&51&52&53&54,
SUCCESS;227:edges = 272,fail_cases = 22,fault = 56&58&51&52&53&54,
FAIL;228:edges = 272,fail_cases = 23,fault = 56&57&58&51&52&53&54,
FAIL;229:edges = 272,fail_cases = 24,fault = 58&59,
SUCCESS;230:edges = 274,fail_cases = 24,fault = 60,
SUCCESS;231:edges = 275,fail_cases = 24,fault = 58&60,
SUCCESS;232:edges = 277,fail_cases = 24,fault = 60&61,
SUCCESS;233:edges = 278,fail_cases = 24,fault = 58&60&61,
SUCCESS;234:edges = 280,fail_cases = 24,fault = 60&61&62,
SUCCESS;235:edges = 281,fail_cases = 24,fault = 58&60&61&62,
FAIL;236:edges = 281,fail_cases = 25,fault = 60&61&62&63,
SUCCESS;237:edges = 283,fail_cases = 25,fault = 64,
SUCCESS;238:edges = 284,fail_cases = 25,fault = 60&64,
SUCCESS;239:edges = 285,fail_cases = 25,fault = 60&61&64,
SUCCESS;240:edges = 286,fail_cases = 25,fault = 60&61&62&64,
FAIL;241:edges = 286,fail_cases = 26,fault = 64&65,
SUCCESS;242:edges = 288,fail_cases = 26,fault = 66,
SUCCESS;243:edges = 289,fail_cases = 26,fault = 66&64,
SUCCESS;244:edges = 291,fail_cases = 26,fault = 66&67,
SUCCESS;245:edges = 292,fail_cases = 26,fault = 66&67&64,
SUCCESS;246:edges = 294,fail_cases = 26,fault = 66&67&68,
SUCCESS;247:edges = 295,fail_cases = 26,fault = 66&67&68&64,
SUCCESS;248:edges = 297,fail_cases = 26,fault = 66&67&68&69,
SUCCESS;249:edges = 298,fail_cases = 26,fault = 66&67&68&69&64,
SUCCESS;250:edges = 300,fail_cases = 26,fault = 66&67&68&69&70,
SUCCESS;251:edges = 301,fail_cases = 26,fault = 66&67&68&69&70&64,
FAIL;252:edges = 301,fail_cases = 27,fault = 66&67&68&69&70&71,
SUCCESS;253:edges = 303,fail_cases = 27,fault = 72,
SUCCESS;254:edges = 304,fail_cases = 27,fault = 66&72,
SUCCESS;255:edges = 305,fail_cases = 27,fault = 66&67&72,
SUCCESS;256:edges = 306,fail_cases = 27,fault = 66&67&68&72,
SUCCESS;257:edges = 307,fail_cases = 27,fault = 66&67&68&69&72,
SUCCESS;258:edges = 308,fail_cases = 27,fault = 66&67&68&69&70&72,
FAIL;259:edges = 308,fail_cases = 28,fault = 72&73,
SUCCESS;260:edges = 310,fail_cases = 28,fault = 74,
SUCCESS;261:edges = 311,fail_cases = 28,fault = 72&74,
SUCCESS;262:edges = 313,fail_cases = 28,fault = 74&75,
SUCCESS;263:edges = 315,fail_cases = 28,fault = 73&74&75,
SUCCESS;264:edges = 317,fail_cases = 28,fault = 77&73&74&75,
SUCCESS;265:edges = 319,fail_cases = 28,fault = 77&78&73&74&75,
SUCCESS;266:edges = 320,fail_cases = 28,fault = 72&74&75&76,
FAIL;267:edges = 320,fail_cases = 29,fault = 77&78&79&73&74&75,
SUCCESS;268:edges = 321,fail_cases = 29,fault = 77&72&74&75&76,
SUCCESS;269:edges = 322,fail_cases = 29,fault = 77&78&72&74&75&76,
FAIL;270:edges = 322,fail_cases = 30,fault = 77&78&79&74&75&76,
SUCCESS;271:edges = 324,fail_cases = 30,fault = 80,
SUCCESS;272:edges = 325,fail_cases = 30,fault = 80&74,
SUCCESS;273:edges = 326,fail_cases = 30,fault = 80&74&75,
SUCCESS;274:edges = 327,fail_cases = 30,fault = 80&73&74&75,
SUCCESS;275:edges = 328,fail_cases = 30,fault = 77&80&73&74&75,
SUCCESS;276:edges = 329,fail_cases = 30,fault = 77&78&80&73&74&75,
SUCCESS;277:edges = 331,fail_cases = 30,fault = 80&81,
SUCCESS;278:edges = 332,fail_cases = 30,fault = 80&81&74,
SUCCESS;279:edges = 333,fail_cases = 30,fault = 80&81&74&75,
SUCCESS;280:edges = 334,fail_cases = 30,fault = 80&81&73&74&75,
SUCCESS;281:edges = 335,fail_cases = 30,fault = 77&80&81&73&74&75,
SUCCESS;282:edges = 337,fail_cases = 30,fault = 77&79&80&81&73&74&75,
SUCCESS;283:edges = 339,fail_cases = 30,fault = 77&79&80&81&83&73&74&75,
SUCCESS;284:edges = 341,fail_cases = 30,fault = 77&79&80&81&83&73&84&74&75,
SUCCESS;285:edges = 343,fail_cases = 30,fault = 77&79&80&81&83&73&84&74&85&75,
SUCCESS;286:edges = 346,fail_cases = 30,fault = 77&79&80&81&83&73&84&74&85&75&86,
FAIL;287:edges = 346,fail_cases = 31,fault = 77&79&80&81&83&73&84&74&85&75&86&87,
SUCCESS;288:edges = 348,fail_cases = 31,fault = 77&89&79&80&81&83&73&84&74&85&75&86,
SUCCESS;289:edges = 351,fail_cases = 31,fault = 77&89&79&90&80&81&83&73&84&74&85&75&86,
FAIL;290:edges = 351,fail_cases = 32,fault = 77&89&79&90&80&91&81&83&73&84&74&85&75&86,
SUCCESS;291:edges = 353,fail_cases = 32,fault = 77&89&79&90&80&81&93&83&73&84&74&85&75&86,
SUCCESS;292:edges = 355,fail_cases = 32,fault = 77&89&79&90&80&81&93&83&94&73&84&74&85&75&86,
FAIL;293:edges = 355,fail_cases = 33,fault = 77&89&79&90&80&81&93&83&94&73&84&95&74&85&75&86,
SUCCESS;294:edges = 356,fail_cases = 33,fault = 88&78,
SUCCESS;295:edges = 357,fail_cases = 33,fault = 88&89&78,
SUCCESS;296:edges = 358,fail_cases = 33,fault = 88&78&80,
SUCCESS;297:edges = 359,fail_cases = 33,fault = 78&80&81&82,
SUCCESS;298:edges = 360,fail_cases = 33,fault = 88&89&78&80,
FAIL;299:edges = 360,fail_cases = 34,fault = 77&89&79&90&80&81&93&83&94&84&95&74&85&75&86&76,
SUCCESS;300:edges = 361,fail_cases = 34,fault = 88&78&80&81,
SUCCESS;301:edges = 362,fail_cases = 34,fault = 88&77&79&80&81&73&74&75&87,
SUCCESS;302:edges = 363,fail_cases = 34,fault = 88&77&79&80&81&83&73&74&75&87,
SUCCESS;303:edges = 364,fail_cases = 34,fault = 88&77&79&80&81&83&73&84&74&75&87,
SUCCESS;304:edges = 365,fail_cases = 34,fault = 88&77&79&80&81&83&73&84&74&85&75&87,
FAIL;305:edges = 365,fail_cases = 35,fault = 77&89&79&90&80&91&81&83&84&74&85&75&86&76,
SUCCESS;306:edges = 366,fail_cases = 35,fault = 78&80&81&82&83,
SUCCESS;307:edges = 367,fail_cases = 35,fault = 78&92,
SUCCESS;308:edges = 368,fail_cases = 35,fault = 77&79&80&91&92&81&83&73&84&74&85&75&86,
SUCCESS;309:edges = 369,fail_cases = 35,fault = 77&89&79&80&91&92&81&83&73&84&74&85&75&86,
SUCCESS;310:edges = 370,fail_cases = 35,fault = 78&80&81&82&83&84,
SUCCESS;311:edges = 371,fail_cases = 35,fault = 78&80&81&82&83&84&85,
SUCCESS;312:edges = 372,fail_cases = 35,fault = 78&80&81&82&83&84&85&86,
SUCCESS;313:edges = 373,fail_cases = 35,fault = 88&89&78&90&74,
SUCCESS;314:edges = 374,fail_cases = 35,fault = 88&89&78&90&80&74,
SUCCESS;315:edges = 375,fail_cases = 35,fault = 78&80&92&81&93&74,
SUCCESS;316:edges = 376,fail_cases = 35,fault = 77&79&80&91&92&81&93&83&73&84&74&85&75&86,
SUCCESS;317:edges = 377,fail_cases = 35,fault = 77&89&79&80&91&92&81&93&83&73&84&74&85&75&86,
SUCCESS;318:edges = 378,fail_cases = 35,fault = 78&89&90&80&91&81&82&83&84&75&86,
SUCCESS;319:edges = 379,fail_cases = 35,fault = 78&89&90&80&91&81&82&83&84&73&75&86,
SUCCESS;320:edges = 380,fail_cases = 35,fault = 77&78&89&90&80&91&81&82&83&84&73&75&86,
FAIL;321:edges = 380,fail_cases = 36,fault = 77&78&89&79&90&80&91&81&82&83&84&73&75&86,
FAIL;322:edges = 380,fail_cases = 37,fault = 77&78&79&80&81&82&83&84&73&75&86&87,
FAIL;323:edges = 380,fail_cases = 38,fault = 77&78&89&79&90&80&81&82&93&83&94&84&73&95&75&86,
FAIL;324:edges = 380,fail_cases = 39,fault = 77&78&89&79&90&80&81&82&93&83&94&84&95&75&86&76,
SUCCESS;325:edges = 381,fail_cases = 39,fault = 78&80&92&81&93&94&74,
SUCCESS;326:edges = 382,fail_cases = 39,fault = 77&78&79&80&91&92&81&93&82&94&83&84&73&75&86,
SUCCESS;327:edges = 383,fail_cases = 39,fault = 77&78&89&79&80&91&92&81&93&82&94&83&84&73&75&86,
FAIL;328:edges = 383,fail_cases = 40,fault = 77&78&79&80&81&82&83&84&75&86&76&87,
SUCCESS;329:edges = 384,fail_cases = 40,fault = 88&89&78&80&81&74,
SUCCESS;330:edges = 385,fail_cases = 40,fault = 88&77&89&79&80&81&73&74&75&87,
SUCCESS;331:edges = 386,fail_cases = 40,fault = 88&77&89&79&80&81&83&73&74&75&87,
SUCCESS;332:edges = 387,fail_cases = 40,fault = 88&77&89&79&80&81&83&73&84&74&75&87,
SUCCESS;333:edges = 388,fail_cases = 40,fault = 88&77&89&78&79&80&81&82&83&84&73&75&87,
FAIL;334:edges = 388,fail_cases = 41,fault = 77&79&80&81&83&84&74&85&75&86&76&87,
SUCCESS;335:edges = 389,fail_cases = 41,fault = 78&80&81&82&74&85,
SUCCESS;336:edges = 390,fail_cases = 41,fault = 78&80&81&82&83&74&85,
SUCCESS;337:edges = 391,fail_cases = 41,fault = 78&80&81&82&83&84&85&74,
SUCCESS;338:edges = 392,fail_cases = 41,fault = 78&80&81&82&74&85&75,
SUCCESS;339:edges = 393,fail_cases = 41,fault = 78&80&81&82&73&74&85&75,
SUCCESS;340:edges = 394,fail_cases = 41,fault = 77&78&80&81&82&73&74&85&75,
FAIL;341:edges = 394,fail_cases = 42,fault = 77&78&89&79&90&80&91&81&82&83&84&75&86&76,
SUCCESS;342:edges = 395,fail_cases = 42,fault = 88&89&78&90&80&81&74,
SUCCESS;343:edges = 396,fail_cases = 42,fault = 88&77&89&79&90&80&81&73&74&75&87,
SUCCESS;344:edges = 397,fail_cases = 42,fault = 88&77&89&79&90&80&81&83&73&74&75&87,
SUCCESS;345:edges = 398,fail_cases = 42,fault = 88&77&89&79&90&80&81&83&73&84&74&75&87,
SUCCESS;346:edges = 399,fail_cases = 42,fault = 88&77&89&79&90&80&81&83&73&84&74&85&75&87,
SUCCESS;347:edges = 400,fail_cases = 42,fault = 78&80&81&82&83&84&85&74&86,
SUCCESS;348:edges = 401,fail_cases = 42,fault = 78&80&81&82&83&74&85&75,
SUCCESS;349:edges = 402,fail_cases = 42,fault = 78&80&81&82&83&73&74&85&75,
SUCCESS;350:edges = 403,fail_cases = 42,fault = 77&78&80&81&82&83&73&74&85&75,
SUCCESS;351:edges = 404,fail_cases = 42,fault = 78&80&81&82&83&84&85&74&75,
SUCCESS;352:edges = 405,fail_cases = 42,fault = 78&80&81&82&83&84&73&85&74&75,
SUCCESS;353:edges = 406,fail_cases = 42,fault = 77&78&80&81&82&83&84&73&85&74&75,
SUCCESS;354:edges = 407,fail_cases = 42,fault = 78&80&81&82&83&84&85&74&86&75,
SUCCESS;355:edges = 408,fail_cases = 42,fault = 78&80&81&82&83&84&73&85&74&86&75,
SUCCESS;356:edges = 409,fail_cases = 42,fault = 77&78&80&81&82&83&84&73&85&74&86&75,
FAIL;357:edges = 409,fail_cases = 43,fault = 89&90&80&91&81&82&83&84&85&86,
FAIL;358:edges = 409,fail_cases = 44,fault = 80&81&82&83&84&85&86&87,
FAIL;359:edges = 409,fail_cases = 45,fault = 89&90&80&81&82&93&83&94&84&95&85&86,
FAIL;360:edges = 409,fail_cases = 46,fault = 88&89&90&93&94&95,
FAIL;361:edges = 409,fail_cases = 47,fault = 88&89&90&91,
FAIL;362:edges = 409,fail_cases = 48,fault = 92&93&94&95,
SUCCESS;363:edges = 411,fail_cases = 48,fault = 96,
SUCCESS;364:edges = 412,fail_cases = 48,fault = 77&78&89&79&90&80&81&82&83&84&73&96&75&86,
SUCCESS;365:edges = 413,fail_cases = 48,fault = 77&89&79&90&80&81&93&83&73&84&96&74&85&75&86,
SUCCESS;366:edges = 414,fail_cases = 48,fault = 77&89&79&90&80&81&93&83&94&73&84&96&74&85&75&86,
SUCCESS;367:edges = 416,fail_cases = 48,fault = 96&97,
SUCCESS;368:edges = 417,fail_cases = 48,fault = 77&78&89&79&90&80&81&82&83&84&73&96&97&75&86,
SUCCESS;369:edges = 418,fail_cases = 48,fault = 77&89&79&90&80&81&93&83&73&84&96&74&85&97&75&86,
SUCCESS;370:edges = 419,fail_cases = 48,fault = 77&89&79&90&80&81&93&83&94&73&84&96&74&85&97&75&86,
SUCCESS;371:edges = 421,fail_cases = 48,fault = 96&97&98,
SUCCESS;372:edges = 422,fail_cases = 48,fault = 77&78&89&79&90&80&81&82&83&84&73&96&97&75&86&98,
SUCCESS;373:edges = 423,fail_cases = 48,fault = 77&89&79&90&80&81&93&83&73&84&96&74&85&97&75&86&98,
SUCCESS;374:edges = 424,fail_cases = 48,fault = 77&89&79&90&80&81&93&83&94&73&84&96&74&85&97&75&86&98,
SUCCESS;375:edges = 426,fail_cases = 48,fault = 99&96&97&98,
SUCCESS;376:edges = 427,fail_cases = 48,fault = 99&77&78&89&79&90&80&81&82&83&84&73&96&97&75&86&98,
SUCCESS;377:edges = 428,fail_cases = 48,fault = 99&77&89&79&90&80&81&93&83&73&84&96&74&85&97&75&86&98,
SUCCESS;378:edges = 429,fail_cases = 48,fault = 99&77&78&89&79&90&80&81&82&93&83&94&84&73&96&97&75&86&98,
SUCCESS;379:edges = 431,fail_cases = 48,fault = 99&100&96&97&98,
SUCCESS;380:edges = 432,fail_cases = 48,fault = 99&77&89&79&100&90&80&81&83&73&84&96&74&85&97&75&86&98,
SUCCESS;381:edges = 433,fail_cases = 48,fault = 99&77&89&79&100&90&80&81&93&83&73&84&96&74&85&97&75&86&98,
SUCCESS;382:edges = 434,fail_cases = 48,fault = 99&77&89&79&100&90&80&81&93&83&94&73&84&96&74&85&97&75&86&98,
SUCCESS;383:edges = 436,fail_cases = 48,fault = 99&100&101&96&97&98,
SUCCESS;384:edges = 437,fail_cases = 48,fault = 99&77&78&89&79&100&101&90&80&81&82&83&84&73&96&97&75&86&98,
SUCCESS;385:edges = 438,fail_cases = 48,fault = 99&77&78&89&79&100&101&90&80&81&82&93&83&84&73&96&97&75&86&98,
SUCCESS;386:edges = 439,fail_cases = 48,fault = 99&77&89&79&100&101&90&80&81&93&83&94&73&84&96&74&85&97&75&86&98,
FAIL;387:edges = 439,fail_cases = 49,fault = 99&100&101&102&96&97&98,
SUCCESS;388:edges = 441,fail_cases = 49,fault = 103,
SUCCESS;389:edges = 442,fail_cases = 49,fault = 103&96,
SUCCESS;390:edges = 443,fail_cases = 49,fault = 103&96&97,
SUCCESS;391:edges = 444,fail_cases = 49,fault = 103&96&97&98,
SUCCESS;392:edges = 445,fail_cases = 49,fault = 99&103&96&97&98,
SUCCESS;393:edges = 446,fail_cases = 49,fault = 99&100&103&96&97&98,
SUCCESS;394:edges = 447,fail_cases = 49,fault = 99&100&101&103&96&97&98,
SUCCESS;395:edges = 449,fail_cases = 49,fault = 103&104,
SUCCESS;396:edges = 450,fail_cases = 49,fault = 103&104&96,
SUCCESS;397:edges = 451,fail_cases = 49,fault = 103&104&96&97,
SUCCESS;398:edges = 452,fail_cases = 49,fault = 103&104&96&97&98,
SUCCESS;399:edges = 453,fail_cases = 49,fault = 99&103&104&96&97&98,
SUCCESS;400:edges = 454,fail_cases = 49,fault = 99&100&103&104&96&97&98,
SUCCESS;401:edges = 456,fail_cases = 49,fault = 99&100&101&103&104&96&97&98,
SUCCESS;402:edges = 457,fail_cases = 49,fault = 102&103&104&105,
SUCCESS;403:edges = 459,fail_cases = 49,fault = 99&100&101&103&104&106&96&97&98,
SUCCESS;404:edges = 460,fail_cases = 49,fault = 102&103&104&105&106,
SUCCESS;405:edges = 461,fail_cases = 49,fault = 102&103&104&105&96,
SUCCESS;406:edges = 462,fail_cases = 49,fault = 102&103&104&105&96&97,
SUCCESS;407:edges = 463,fail_cases = 49,fault = 102&103&104&105&106&96,
SUCCESS;408:edges = 464,fail_cases = 49,fault = 102&103&104&105&106&96&97,
SUCCESS;409:edges = 466,fail_cases = 49,fault = 99&100&101&103&104&106&107&96&97&98,
SUCCESS;410:edges = 467,fail_cases = 49,fault = 102&103&104&105&106&107,
SUCCESS;411:edges = 468,fail_cases = 49,fault = 102&103&104&105&96&97&98,
FAIL;412:edges = 468,fail_cases = 50,fault = 99&100&101&103&104&106&107&108&96&97&98,
SUCCESS;413:edges = 469,fail_cases = 50,fault = 99&102&103&104&105&96&97&98,
SUCCESS;414:edges = 470,fail_cases = 50,fault = 102&103&104&105&106&107&96,
SUCCESS;415:edges = 471,fail_cases = 50,fault = 99&100&102&103&104&105&96&97&98,
SUCCESS;416:edges = 472,fail_cases = 50,fault = 102&103&104&105&106&96&97&98,
SUCCESS;417:edges = 473,fail_cases = 50,fault = 102&103&104&105&106&107&96&97,
SUCCESS;418:edges = 474,fail_cases = 50,fault = 102&103&104&105&106&107&96&97&98,
SUCCESS;419:edges = 475,fail_cases = 50,fault = 99&102&103&104&105&106&96&97&98,
SUCCESS;420:edges = 476,fail_cases = 50,fault = 99&100&102&103&104&105&106&96&97&98,
SUCCESS;421:edges = 477,fail_cases = 50,fault = 99&102&103&104&105&106&107&96&97&98,
SUCCESS;422:edges = 478,fail_cases = 50,fault = 99&100&102&103&104&105&106&107&96&97&98,
FAIL;423:edges = 478,fail_cases = 51,fault = 103&104&105&106&107&108,
SUCCESS;424:edges = 480,fail_cases = 51,fault = 109,
SUCCESS;425:edges = 481,fail_cases = 51,fault = 103&109,
SUCCESS;426:edges = 482,fail_cases = 51,fault = 103&104&109,
SUCCESS;427:edges = 483,fail_cases = 51,fault = 99&100&101&103&104&109&96&97&98,
SUCCESS;428:edges = 484,fail_cases = 51,fault = 99&100&101&103&104&106&109&96&97&98,
SUCCESS;429:edges = 485,fail_cases = 51,fault = 99&100&101&103&104&106&107&109&96&97&98,
FAIL;430:edges = 485,fail_cases = 52,fault = 110&109,
SUCCESS;431:edges = 487,fail_cases = 52,fault = 112,
SUCCESS;432:edges = 488,fail_cases = 52,fault = 112&109,
SUCCESS;433:edges = 490,fail_cases = 52,fault = 112&113,
SUCCESS;434:edges = 491,fail_cases = 52,fault = 112&113&109,
SUCCESS;435:edges = 493,fail_cases = 52,fault = 112&113&114,
SUCCESS;436:edges = 494,fail_cases = 52,fault = 112&113&114&109,
FAIL;437:edges = 494,fail_cases = 53,fault = 111&112&113&114,
SUCCESS;438:edges = 495,fail_cases = 53,fault = 115,
SUCCESS;439:edges = 496,fail_cases = 53,fault = 112&115,
SUCCESS;440:edges = 497,fail_cases = 53,fault = 112&113&115,
SUCCESS;441:edges = 498,fail_cases = 53,fault = 112&113&114&115,
FAIL;442:edges = 498,fail_cases = 54,fault = 115&116,