SUCCESS;0:edges = 23,fail_cases = 0,fault = ,
SUCCESS;1:edges = 24,fail_cases = 0,fault = 1,
SUCCESS;2:edges = 25,fail_cases = 0,fault = 1&2,
SUCCESS;3:edges = 26,fail_cases = 0,fault = 1&2&3,
SUCCESS;4:edges = 27,fail_cases = 0,fault = 1&2&3&4,
SUCCESS;5:edges = 28,fail_cases = 0,fault = 1&2&3&4&5,
SUCCESS;6:edges = 29,fail_cases = 0,fault = 1&2&3&4&5&6,
FAIL;7:edges = 29,fail_cases = 1,fault = 1&2&3&4&5&6&7,
SUCCESS;8:edges = 31,fail_cases = 1,fault = 8,
SUCCESS;9:edges = 32,fail_cases = 1,fault = 1&8,
SUCCESS;10:edges = 33,fail_cases = 1,fault = 1&2&8,
SUCCESS;11:edges = 34,fail_cases = 1,fault = 1&2&3&8,
SUCCESS;12:edges = 35,fail_cases = 1,fault = 1&2&3&4&8,
SUCCESS;13:edges = 36,fail_cases = 1,fault = 1&2&3&4&5&8,
SUCCESS;14:edges = 37,fail_cases = 1,fault = 1&2&3&4&5&6&8,
SUCCESS;15:edges = 39,fail_cases = 1,fault = 8&9,
SUCCESS;16:edges = 40,fail_cases = 1,fault = 1&8&9,
SUCCESS;17:edges = 41,fail_cases = 1,fault = 1&2&8&9,
SUCCESS;18:edges = 42,fail_cases = 1,fault = 1&2&3&8&9,
SUCCESS;19:edges = 43,fail_cases = 1,fault = 1&2&3&4&8&9,
SUCCESS;20:edges = 44,fail_cases = 1,fault = 1&2&3&4&5&8&9,
SUCCESS;21:edges = 45,fail_cases = 1,fault = 1&2&3&4&5&6&8&9,
SUCCESS;22:edges = 47,fail_cases = 1,fault = 8&9&10,
SUCCESS;23:edges = 48,fail_cases = 1,fault = 1&8&9&10,
SUCCESS;24:edges = 49,fail_cases = 1,fault = 1&2&8&9&10,
SUCCESS;25:edges = 50,fail_cases = 1,fault = 1&2&3&8&9&10,
SUCCESS;26:edges = 51,fail_cases = 1,fault = 1&2&3&4&8&9&10,
SUCCESS;27:edges = 52,fail_cases = 1,fault = 1&2&3&4&5&8&9&10,
SUCCESS;28:edges = 53,fail_cases = 1,fault = 1&2&3&4&5&6&8&9&10,
SUCCESS;29:edges = 55,fail_cases = 1,fault = 11&8&9&10,
SUCCESS;30:edges = 56,fail_cases = 1,fault = 11&1&8&9&10,
SUCCESS;31:edges = 57,fail_cases = 1,fault = 11&1&2&8&9&10,
SUCCESS;32:edges = 58,fail_cases = 1,fault = 11&1&2&3&8&9&10,
SUCCESS;33:edges = 59,fail_cases = 1,fault = 11&1&2&3&4&8&9&10,
SUCCESS;34:edges = 60,fail_cases = 1,fault = 11&1&2&3&4&5&8&9&10,
SUCCESS;35:edges = 61,fail_cases = 1,fault = 11&1&2&3&4&5&6&8&9&10,
SUCCESS;36:edges = 63,fail_cases = 1,fault = 11&12&8&9&10,
SUCCESS;37:edges = 64,fail_cases = 1,fault = 11&12&1&8&9&10,
SUCCESS;38:edges = 65,fail_cases = 1,fault = 11&12&1&2&8&9&10,
SUCCESS;39:edges = 66,fail_cases = 1,fault = 11&12&1&2&3&8&9&10,
SUCCESS;40:edges = 67,fail_cases = 1,fault = 11&12&1&2&3&4&8&9&10,
SUCCESS;41:edges = 68,fail_cases = 1,fault = 11&12&1&2&3&4&5&8&9&10,
SUCCESS;42:edges = 69,fail_cases = 1,fault = 11&12&1&2&3&4&5&6&8&9&10,
SUCCESS;43:edges = 71,fail_cases = 1,fault = 11&12&13&8&9&10,
SUCCESS;44:edges = 72,fail_cases = 1,fault = 11&12&1&13&8&9&10,
SUCCESS;45:edges = 73,fail_cases = 1,fault = 11&12&1&13&2&8&9&10,
SUCCESS;46:edges = 74,fail_cases = 1,fault = 11&12&1&13&2&3&8&9&10,
SUCCESS;47:edges = 75,fail_cases = 1,fault = 11&12&1&13&2&3&4&8&9&10,
SUCCESS;48:edges = 76,fail_cases = 1,fault = 11&12&1&13&2&3&4&5&8&9&10,
SUCCESS;49:edges = 77,fail_cases = 1,fault = 11&12&1&13&2&3&4&5&6&8&9&10,
SUCCESS;50:edges = 79,fail_cases = 1,fault = 11&12&13&14&8&9&10,
SUCCESS;51:edges = 80,fail_cases = 1,fault = 11&12&1&13&14&8&9&10,
SUCCESS;52:edges = 81,fail_cases = 1,fault = 11&12&1&13&2&14&8&9&10,
SUCCESS;53:edges = 82,fail_cases = 1,fault = 11&12&1&13&2&14&3&8&9&10,
SUCCESS;54:edges = 83,fail_cases = 1,fault = 11&12&1&13&2&14&3&4&8&9&10,
SUCCESS;55:edges = 84,fail_cases = 1,fault = 11&12&1&13&2&14&3&4&5&8&9&10,
SUCCESS;56:edges = 85,fail_cases = 1,fault = 11&12&13&14&1&2&3&4&5&6&8&9&10,
FAIL;57:edges = 85,fail_cases = 2,fault = 11&12&13&14&15&8&9&10,
SUCCESS;58:edges = 87,fail_cases = 2,fault = 16,
SUCCESS;59:edges = 88,fail_cases = 2,fault = 16&8,
SUCCESS;60:edges = 89,fail_cases = 2,fault = 16&8&9,
SUCCESS;61:edges = 90,fail_cases = 2,fault = 16&8&9&10,
SUCCESS;62:edges = 91,fail_cases = 2,fault = 11&16&8&9&10,
SUCCESS;63:edges = 92,fail_cases = 2,fault = 11&12&16&8&9&10,
SUCCESS;64:edges = 93,fail_cases = 2,fault = 11&12&13&16&8&9&10,
SUCCESS;65:edges = 94,fail_cases = 2,fault = 11&12&13&14&16&8&9&10,
FAIL;66:edges = 94,fail_cases = 3,fault = 16&17,
SUCCESS;67:edges = 96,fail_cases = 3,fault = 18,
SUCCESS;68:edges = 97,fail_cases = 3,fault = 16&18,
SUCCESS;69:edges = 99,fail_cases = 3,fault = 18&19,
SUCCESS;70:edges = 100,fail_cases = 3,fault = 16&18&19,
SUCCESS;71:edges = 102,fail_cases = 3,fault = 18&19&20,
SUCCESS;72:edges = 103,fail_cases = 3,fault = 16&18&19&20,
SUCCESS;73:edges = 105,fail_cases = 3,fault = 18&19&20&21,
SUCCESS;74:edges = 106,fail_cases = 3,fault = 16&18&19&20&21,
SUCCESS;75:edges = 108,fail_cases = 3,fault = 22&18&19&20&21,
SUCCESS;76:edges = 109,fail_cases = 3,fault = 22&16&18&19&20&21,
FAIL;77:edges = 109,fail_cases = 4,fault = 22&23&18&19&20&21,
SUCCESS;78:edges = 111,fail_cases = 4,fault = 24,
SUCCESS;79:edges = 112,fail_cases = 4,fault = 24&18,
SUCCESS;80:edges = 113,fail_cases = 4,fault = 24&18&19,
SUCCESS;81:edges = 114,fail_cases = 4,fault = 24&18&19&20,
SUCCESS;82:edges = 115,fail_cases = 4,fault = 24&18&19&20&21,
SUCCESS;83:edges = 116,fail_cases = 4,fault = 22&24&18&19&20&21,
SUCCESS;84:edges = 118,fail_cases = 4,fault = 24&25,
SUCCESS;85:edges = 119,fail_cases = 4,fault = 24&25&18,
SUCCESS;86:edges = 120,fail_cases = 4,fault = 24&25&18&19,
SUCCESS;87:edges = 121,fail_cases = 4,fault = 24&25&18&19&20,
SUCCESS;88:edges = 122,fail_cases = 4,fault = 24&25&18&19&20&21,
SUCCESS;89:edges = 123,fail_cases = 4,fault = 22&24&25&18&19&20&21,
SUCCESS;90:edges = 125,fail_cases = 4,fault = 24&25&26,
SUCCESS;91:edges = 126,fail_cases = 4,fault = 24&25&26&18,
SUCCESS;92:edges = 127,fail_cases = 4,fault = 24&25&26&18&19,
SUCCESS;93:edges = 128,fail_cases = 4,fault = 24&25&26&18&19&20,
SUCCESS;94:edges = 129,fail_cases = 4,fault = 24&25&26&18&19&20&21,
SUCCESS;95:edges = 130,fail_cases = 4,fault = 22&24&25&26&18&19&20&21,
FAIL;96:edges = 130,fail_cases = 5,fault = 24&25&26&27,
SUCCESS;97:edges = 132,fail_cases = 5,fault = 32,
SUCCESS;98:edges = 133,fail_cases = 5,fault = 24&32,
SUCCESS;99:edges = 134,fail_cases = 5,fault = 24&25&32,
SUCCESS;100:edges = 135,fail_cases = 5,fault = 24&25&26&32,
SUCCESS;101:edges = 137,fail_cases = 5,fault = 28&32,
SUCCESS;102:edges = 138,fail_cases = 5,fault = 24&28&32,
SUCCESS;103:edges = 139,fail_cases = 5,fault = 24&25&28&32,
SUCCESS;104:edges = 140,fail_cases = 5,fault = 24&25&26&28&32,
SUCCESS;105:edges = 142,fail_cases = 5,fault = 28&30&32,
SUCCESS;106:edges = 143,fail_cases = 5,fault = 24&28&30&32,
SUCCESS;107:edges = 144,fail_cases = 5,fault = 24&25&28&30&32,
SUCCESS;108:edges = 147,fail_cases = 5,fault = 24&25&26&28&30&32,
SUCCESS;109:edges = 148,fail_cases = 5,fault = 27&28&30&31&32,
FAIL;110:edges = 148,fail_cases = 6,fault = 24&25&26&28&29&30&32,
SUCCESS;111:edges = 150,fail_cases = 6,fault = 34&24&25&26&28&30&32,
SUCCESS;112:edges = 152,fail_cases = 6,fault = 34&24&35&25&26&28&30&32,
SUCCESS;113:edges = 154,fail_cases = 6,fault = 34&24&35&25&26&37&28&30&32,
SUCCESS;114:edges = 156,fail_cases = 6,fault = 34&24&35&25&26&37&38&28&30&32,
SUCCESS;115:edges = 158,fail_cases = 6,fault = 34&24&35&25&26&37&38&28&39&30&32,
FAIL;116:edges = 158,fail_cases = 7,fault = 34&24&35&25&26&37&38&28&39&40&30&32,
SUCCESS;117:edges = 159,fail_cases = 7,fault = 24&27&28&30&31&32,
SUCCESS;118:edges = 160,fail_cases = 7,fault = 24&25&27&28&30&31&32,
FAIL;119:edges = 160,fail_cases = 8,fault = 28&29&30&31&32,
FAIL;120:edges = 160,fail_cases = 9,fault = 34&35&37&38&28&39&40&30&31&32,
SUCCESS;121:edges = 161,fail_cases = 9,fault = 33&29,
SUCCESS;122:edges = 162,fail_cases = 9,fault = 33&29&32,
SUCCESS;123:edges = 163,fail_cases = 9,fault = 33&34&29,
SUCCESS;124:edges = 165,fail_cases = 9,fault = 33&34&35&29,
SUCCESS;125:edges = 166,fail_cases = 9,fault = 33&34&35&37&38&39&40&32,
SUCCESS;126:edges = 167,fail_cases = 9,fault = 33&34&35&36&29,
SUCCESS;127:edges = 168,fail_cases = 9,fault = 33&28&29&32,
SUCCESS;128:edges = 169,fail_cases = 9,fault = 33&34&28&29&32,
SUCCESS;129:edges = 170,fail_cases = 9,fault = 33&34&36&29&30&32,
SUCCESS;130:edges = 171,fail_cases = 9,fault = 33&34&35&36&29&32,
SUCCESS;131:edges = 172,fail_cases = 9,fault = 33&34&35&37&38&28&39&40&32,
SUCCESS;132:edges = 173,fail_cases = 9,fault = 33&34&35&36&37&29,
SUCCESS;133:edges = 174,fail_cases = 9,fault = 33&34&35&36&37&38&29,
SUCCESS;134:edges = 175,fail_cases = 9,fault = 33&28&29&30&32,
SUCCESS;135:edges = 176,fail_cases = 9,fault = 33&34&35&36&37&29&32,
SUCCESS;136:edges = 177,fail_cases = 9,fault = 33&34&35&37&38&28&39&40&30&32,
SUCCESS;137:edges = 178,fail_cases = 9,fault = 33&34&36&28&29&30&32,
SUCCESS;138:edges = 179,fail_cases = 9,fault = 33&34&35&36&37&38&29&32,
SUCCESS;139:edges = 180,fail_cases = 9,fault = 33&34&35&36&37&38&39&29,
SUCCESS;140:edges = 181,fail_cases = 9,fault = 33&34&35&36&37&38&39&29&32,
SUCCESS;141:edges = 182,fail_cases = 9,fault = 33&34&35&36&28&29&32,
SUCCESS;142:edges = 183,fail_cases = 9,fault = 33&34&35&36&37&28&29&32,
SUCCESS;143:edges = 184,fail_cases = 9,fault = 33&34&35&36&28&29&30&32,
SUCCESS;144:edges = 185,fail_cases = 9,fault = 33&34&35&36&37&28&29&30&32,
SUCCESS;145:edges = 186,fail_cases = 9,fault = 33&34&35&36&37&38&28&29&32,
SUCCESS;146:edges = 187,fail_cases = 9,fault = 33&34&35&36&37&38&39&28&29&32,
SUCCESS;147:edges = 188,fail_cases = 9,fault = 33&34&35&36&37&38&28&29&30&32,
SUCCESS;148:edges = 189,fail_cases = 9,fault = 33&34&35&36&37&38&39&28&29&30&32,
FAIL;149:edges = 189,fail_cases = 10,fault = 33&34&35&36&37&38&39&40,
SUCCESS;150:edges = 191,fail_cases = 10,fault = 41,
SUCCESS;151:edges = 192,fail_cases = 10,fault = 24&25&26&28&41&30&32,
SUCCESS;152:edges = 193,fail_cases = 10,fault = 34&24&25&26&28&41&30&32,
SUCCESS;153:edges = 194,fail_cases = 10,fault = 34&24&35&25&26&28&41&30&32,
SUCCESS;154:edges = 195,fail_cases = 10,fault = 34&24&35&25&26&37&28&41&30&32,
SUCCESS;155:edges = 196,fail_cases = 10,fault = 34&24&35&25&26&37&38&28&41&30&32,
SUCCESS;156:edges = 197,fail_cases = 10,fault = 34&24&35&25&26&37&38&28&39&41&30&32,
SUCCESS;157:edges = 198,fail_cases = 10,fault = 33&34&35&37&38&39&40&41,
SUCCESS;158:edges = 200,fail_cases = 10,fault = 41&42,
SUCCESS;159:edges = 201,fail_cases = 10,fault = 24&25&26&28&41&30&42&32,
SUCCESS;160:edges = 202,fail_cases = 10,fault = 34&24&25&26&28&41&30&42&32,
SUCCESS;161:edges = 203,fail_cases = 10,fault = 34&24&35&25&26&28&41&30&42&32,
SUCCESS;162:edges = 204,fail_cases = 10,fault = 34&24&35&25&26&37&28&41&30&42&32,
SUCCESS;163:edges = 205,fail_cases = 10,fault = 34&24&35&25&26&37&38&28&41&30&42&32,
SUCCESS;164:edges = 206,fail_cases = 10,fault = 34&24&35&25&26&37&38&28&39&41&30&42&32,
SUCCESS;165:edges = 207,fail_cases = 10,fault = 33&34&35&37&38&39&40&41&42,
SUCCESS;166:edges = 209,fail_cases = 10,fault = 41&42&43,
SUCCESS;167:edges = 210,fail_cases = 10,fault = 24&25&26&28&41&30&42&43&32,
SUCCESS;168:edges = 211,fail_cases = 10,fault = 34&24&25&26&28&41&30&42&43&32,
SUCCESS;169:edges = 212,fail_cases = 10,fault = 34&24&35&25&26&28&41&30&42&43&32,
SUCCESS;170:edges = 213,fail_cases = 10,fault = 34&24&35&25&26&37&28&41&30&42&43&32,
SUCCESS;171:edges = 214,fail_cases = 10,fault = 34&24&35&25&26&37&38&28&41&30&42&43&32,
SUCCESS;172:edges = 215,fail_cases = 10,fault = 34&24&35&25&26&37&38&28&39&41&30&42&43&32,
SUCCESS;173:edges = 216,fail_cases = 10,fault = 33&34&35&37&38&39&40&41&42&43,
FAIL;174:edges = 216,fail_cases = 11,fault = 44&41&42&43,
SUCCESS;175:edges = 218,fail_cases = 11,fault = 48,
SUCCESS;176:edges = 219,fail_cases = 11,fault = 48&41,
SUCCESS;177:edges = 220,fail_cases = 11,fault = 48&41&42,
SUCCESS;178:edges = 221,fail_cases = 11,fault = 48&41&42&43,
SUCCESS;179:edges = 223,fail_cases = 11,fault = 48&49,
SUCCESS;180:edges = 224,fail_cases = 11,fault = 48&49&41,
SUCCESS;181:edges = 225,fail_cases = 11,fault = 48&49&41&42,
SUCCESS;182:edges = 226,fail_cases = 11,fault = 48&49&41&42&43,
SUCCESS;183:edges = 228,fail_cases = 11,fault = 48&49&50,
SUCCESS;184:edges = 229,fail_cases = 11,fault = 48&49&50&41,
SUCCESS;185:edges = 230,fail_cases = 11,fault = 48&49&50&41&42,
SUCCESS;186:edges = 231,fail_cases = 11,fault = 48&49&50&41&42&43,
SUCCESS;187:edges = 233,fail_cases = 11,fault = 48&49&50&51,
SUCCESS;188:edges = 234,fail_cases = 11,fault = 48&49&50&51&41,
SUCCESS;189:edges = 235,fail_cases = 11,fault = 48&49&50&51&41&42,
SUCCESS;190:edges = 236,fail_cases = 11,fault = 48&49&50&51&41&42&43,
SUCCESS;191:edges = 238,fail_cases = 11,fault = 48&49&50&51&52,
SUCCESS;192:edges = 239,fail_cases = 11,fault = 48&49&50&51&52&41,
SUCCESS;193:edges = 240,fail_cases = 11,fault = 48&49&50&51&52&41&42,
SUCCESS;194:edges = 241,fail_cases = 11,fault = 48&49&50&51&52&41&42&43,
SUCCESS;195:edges = 243,fail_cases = 11,fault = 45&48&49&50&51&52,
SUCCESS;196:edges = 244,fail_cases = 11,fault = 45&48&49&50&51&52&41,
SUCCESS;197:edges = 245,fail_cases = 11,fault = 45&48&49&50&51&52&41&42,
SUCCESS;198:edges = 246,fail_cases = 11,fault = 45&48&49&50&51&52&41&42&43,
SUCCESS;199:edges = 248,fail_cases = 11,fault = 45&46&48&49&50&51&52,
SUCCESS;200:edges = 249,fail_cases = 11,fault = 45&46&48&49&50&51&52&41,
SUCCESS;201:edges = 250,fail_cases = 11,fault = 45&46&48&49&50&51&52&41&42,
SUCCESS;202:edges = 251,fail_cases = 11,fault = 45&46&48&49&50&51&52&41&42&43,
FAIL;203:edges = 251,fail_cases = 12,fault = 45&46&47&48&49&50&51&52,
SUCCESS;204:edges = 253,fail_cases = 12,fault = 53,
SUCCESS;205:edges = 254,fail_cases = 12,fault = 48&53,
SUCCESS;206:edges = 255,fail_cases = 12,fault = 48&49&53,
SUCCESS;207:edges = 256,fail_cases = 12,fault = 48&49&50&53,
SUCCESS;208:edges = 257,fail_cases = 12,fault = 48&49&50&51&53,
SUCCESS;209:edges = 258,fail_cases = 12,fault = 48&49&50&51&52&53,
SUCCESS;210:edges = 259,fail_cases = 12,fault = 45&48&49&50&51&52&53,
SUCCESS;211:edges = 260,fail_cases = 12,fault = 45&46&48&49&50&51&52&53,
SUCCESS;212:edges = 262,fail_cases = 12,fault = 53&54,
SUCCESS;213:edges = 263,fail_cases = 12,fault = 48&53&54,
SUCCESS;214:edges = 264,fail_cases = 12,fault = 48&49&53&54,
SUCCESS;215:edges = 265,fail_cases = 12,fault = 48&49&50&53&54,
SUCCESS;216:edges = 266,fail_cases = 12,fault = 48&49&50&51&53&54,
SUCCESS;217:edges = 267,fail_cases = 12,fault = 48&49&50&51&52&53&54,
SUCCESS;218:edges = 268,fail_cases = 12,fault = 45&48&49&50&51&52&53&54,
SUCCESS;219:edges = 269,fail_cases = 12,fault = 45&46&48&49&50&51&52&53&54,
SUCCESS;220:edges = 271,fail_cases = 12,fault = 55&53&54,
SUCCESS;221:edges = 272,fail_cases = 12,fault = 55&48&53&54,
SUCCESS;222:edges = 273,fail_cases = 12,fault = 55&48&49&53&54,
SUCCESS;223:edges = 274,fail_cases = 12,fault = 55&48&49&50&53&54,
SUCCESS;224:edges = 275,fail_cases = 12,fault = 55&48&49&50&51&53&54,
SUCCESS;225:edges = 276,fail_cases = 12,fault = 55&48&49&50&51&52&53&54,
SUCCESS;226:edges = 277,fail_cases = 12,fault = 55&45&48&49&50&51&52&53&54,
SUCCESS;227:edges = 278,fail_cases = 12,fault = 55&45&46&48&49&50&51&52&53&54,
SUCCESS;228:edges = 280,fail_cases = 12,fault = 55&56&53&54,
SUCCESS;229:edges = 281,fail_cases = 12,fault = 55&56&48&53&54,
SUCCESS;230:edges = 282,fail_cases = 12,fault = 55&56&48&49&53&54,
SUCCESS;231:edges = 283,fail_cases = 12,fault = 55&56&48&49&50&53&54,
SUCCESS;232:edges = 284,fail_cases = 12,fault = 55&56&48&49&50&51&53&54,
SUCCESS;233:edges = 285,fail_cases = 12,fault = 55&56&48&49&50&51&52&53&54,
SUCCESS;234:edges = 286,fail_cases = 12,fault = 55&56&45&48&49&50&51&52&53&54,
SUCCESS;235:edges = 287,fail_cases = 12,fault = 55&56&45&46&48&49&50&51&52&53&54,
SUCCESS;236:edges = 289,fail_cases = 12,fault = 55&56&57&53&54,
SUCCESS;237:edges = 290,fail_cases = 12,fault = 55&56&57&48&53&54,
SUCCESS;238:edges = 291,fail_cases = 12,fault = 55&56&57&48&49&53&54,
SUCCESS;239:edges = 292,fail_cases = 12,fault = 55&56&57&48&49&50&53&54,
SUCCESS;240:edges = 293,fail_cases = 12,fault = 55&56&57&48&49&50&51&53&54,
SUCCESS;241:edges = 294,fail_cases = 12,fault = 55&56&57&48&49&50&51&52&53&54,
SUCCESS;242:edges = 295,fail_cases = 12,fault = 55&56&45&57&48&49&50&51&52&53&54,
SUCCESS;243:edges = 296,fail_cases = 12,fault = 55&56&45&57&46&48&49&50&51&52&53&54,
SUCCESS;244:edges = 298,fail_cases = 12,fault = 55&56&57&58&53&54,
SUCCESS;245:edges = 299,fail_cases = 12,fault = 55&56&57&58&48&53&54,
SUCCESS;246:edges = 300,fail_cases = 12,fault = 55&56&57&58&48&49&53&54,
SUCCESS;247:edges = 301,fail_cases = 12,fault = 55&56&57&58&48&49&50&53&54,
SUCCESS;248:edges = 302,fail_cases = 12,fault = 55&56&57&58&48&49&50&51&53&54,
SUCCESS;249:edges = 303,fail_cases = 12,fault = 55&56&57&58&48&49&50&51&52&53&54,
SUCCESS;250:edges = 304,fail_cases = 12,fault = 55&56&45&57&58&48&49&50&51&52&53&54,
SUCCESS;251:edges = 305,fail_cases = 12,fault = 55&56&45&57&46&58&48&49&50&51&52&53&54,
FAIL;252:edges = 305,fail_cases = 13,fault = 55&56&57&58&59&53&54,
SUCCESS;253:edges = 307,fail_cases = 13,fault = 64,
SUCCESS;254:edges = 308,fail_cases = 13,fault = 64&53,
SUCCESS;255:edges = 309,fail_cases = 13,fault = 64&53&54,
SUCCESS;256:edges = 310,fail_cases = 13,fault = 55&64&53&54,
SUCCESS;257:edges = 311,fail_cases = 13,fault = 55&56&64&53&54,
SUCCESS;258:edges = 312,fail_cases = 13,fault = 55&56&57&64&53&54,
SUCCESS;259:edges = 313,fail_cases = 13,fault = 55&56&57&58&64&53&54,
SUCCESS;260:edges = 315,fail_cases = 13,fault = 64&65,
SUCCESS;261:edges = 316,fail_cases = 13,fault = 64&53&65,
SUCCESS;262:edges = 317,fail_cases = 13,fault = 64&53&65&54,
SUCCESS;263:edges = 318,fail_cases = 13,fault = 55&64&53&65&54,
SUCCESS;264:edges = 319,fail_cases = 13,fault = 55&56&64&53&65&54,
SUCCESS;265:edges = 320,fail_cases = 13,fault = 55&56&57&64&53&65&54,
SUCCESS;266:edges = 321,fail_cases = 13,fault = 55&56&57&58&64&53&65&54,
SUCCESS;267:edges = 323,fail_cases = 13,fault = 66&64&65,
SUCCESS;268:edges = 324,fail_cases = 13,fault = 66&64&53&65,
SUCCESS;269:edges = 325,fail_cases = 13,fault = 66&64&53&65&54,
SUCCESS;270:edges = 326,fail_cases = 13,fault = 66&55&64&53&65&54,
SUCCESS;271:edges = 327,fail_cases = 13,fault = 66&55&56&64&53&65&54,
SUCCESS;272:edges = 328,fail_cases = 13,fault = 66&55&56&57&64&53&65&54,
SUCCESS;273:edges = 329,fail_cases = 13,fault = 66&55&56&57&58&64&53&65&54,
SUCCESS;274:edges = 331,fail_cases = 13,fault = 66&67&64&65,
SUCCESS;275:edges = 332,fail_cases = 13,fault = 66&67&64&53&65,
SUCCESS;276:edges = 333,fail_cases = 13,fault = 66&67&64&53&65&54,
SUCCESS;277:edges = 334,fail_cases = 13,fault = 66&55&67&64&53&65&54,
SUCCESS;278:edges = 335,fail_cases = 13,fault = 66&55&67&56&64&53&65&54,
SUCCESS;279:edges = 336,fail_cases = 13,fault = 66&55&67&56&57&64&53&65&54,
SUCCESS;280:edges = 337,fail_cases = 13,fault = 66&55&67&56&57&58&64&53&65&54,
SUCCESS;281:edges = 339,fail_cases = 13,fault = 66&67&60&64&65,
SUCCESS;282:edges = 340,fail_cases = 13,fault = 66&67&60&64&53&65,
SUCCESS;283:edges = 341,fail_cases = 13,fault = 66&67&60&64&53&65&54,
SUCCESS;284:edges = 342,fail_cases = 13,fault = 66&55&67&60&64&53&65&54,
SUCCESS;285:edges = 343,fail_cases = 13,fault = 66&55&67&56&60&64&53&65&54,
SUCCESS;286:edges = 344,fail_cases = 13,fault = 66&55&67&56&57&60&64&53&65&54,
SUCCESS;287:edges = 345,fail_cases = 13,fault = 66&55&67&56&57&58&60&64&53&65&54,
SUCCESS;288:edges = 347,fail_cases = 13,fault = 66&67&60&61&64&65,
SUCCESS;289:edges = 348,fail_cases = 13,fault = 66&67&60&61&64&53&65,
SUCCESS;290:edges = 349,fail_cases = 13,fault = 66&67&60&61&64&53&65&54,
SUCCESS;291:edges = 350,fail_cases = 13,fault = 66&55&67&60&61&64&53&65&54,
SUCCESS;292:edges = 351,fail_cases = 13,fault = 66&55&67&56&60&61&64&53&65&54,
SUCCESS;293:edges = 352,fail_cases = 13,fault = 66&55&67&56&57&60&61&64&53&65&54,
SUCCESS;294:edges = 353,fail_cases = 13,fault = 66&55&67&56&57&58&60&61&64&53&65&54,
SUCCESS;295:edges = 355,fail_cases = 13,fault = 66&67&60&61&62&64&65,
SUCCESS;296:edges = 356,fail_cases = 13,fault = 66&67&60&61&62&64&53&65,
SUCCESS;297:edges = 357,fail_cases = 13,fault = 66&67&60&61&62&64&53&65&54,
SUCCESS;298:edges = 358,fail_cases = 13,fault = 66&55&67&60&61&62&64&53&65&54,
SUCCESS;299:edges = 359,fail_cases = 13,fault = 66&55&67&56&60&61&62&64&53&65&54,
SUCCESS;300:edges = 360,fail_cases = 13,fault = 66&55&67&56&57&60&61&62&64&53&65&54,
SUCCESS;301:edges = 361,fail_cases = 13,fault = 66&55&67&56&57&58&60&61&62&64&53&65&54,
FAIL;302:edges = 361,fail_cases = 14,fault = 66&67&60&61&62&63&64&65,
SUCCESS;303:edges = 364,fail_cases = 14,fault = 68,
SUCCESS;304:edges = 365,fail_cases = 14,fault = 70&64,
SUCCESS;305:edges = 366,fail_cases = 14,fault = 68&64,
SUCCESS;306:edges = 367,fail_cases = 14,fault = 68&64&65,
SUCCESS;307:edges = 368,fail_cases = 14,fault = 66&68&64&65,
SUCCESS;308:edges = 369,fail_cases = 14,fault = 66&67&68&64&65,
SUCCESS;309:edges = 370,fail_cases = 14,fault = 66&67&68&60&64&65,
SUCCESS;310:edges = 371,fail_cases = 14,fault = 66&67&68&60&61&64&65,
SUCCESS;311:edges = 372,fail_cases = 14,fault = 66&67&68&60&61&62&64&65,
FAIL;312:edges = 372,fail_cases = 15,fault = 68&71,
FAIL;313:edges = 372,fail_cases = 16,fault = 68&69,
FAIL;314:edges = 372,fail_cases = 17,fault = 70&71,
SUCCESS;315:edges = 374,fail_cases = 17,fault = 72,
SUCCESS;316:edges = 375,fail_cases = 17,fault = 68&72,
SUCCESS;317:edges = 377,fail_cases = 17,fault = 72&73,
SUCCESS;318:edges = 378,fail_cases = 17,fault = 68&72&73,
SUCCESS;319:edges = 380,fail_cases = 17,fault = 72&73&74,
SUCCESS;320:edges = 381,fail_cases = 17,fault = 68&72&73&74,
SUCCESS;321:edges = 383,fail_cases = 17,fault = 72&73&74&75,
SUCCESS;322:edges = 384,fail_cases = 17,fault = 68&72&73&74&75,
SUCCESS;323:edges = 386,fail_cases = 17,fault = 72&73&74&75&76,
SUCCESS;324:edges = 387,fail_cases = 17,fault = 68&72&73&74&75&76,
FAIL;325:edges = 387,fail_cases = 18,fault = 77&72&73&74&75&76,
SUCCESS;326:edges = 389,fail_cases = 18,fault = 80,
SUCCESS;327:edges = 390,fail_cases = 18,fault = 80&72,
SUCCESS;328:edges = 391,fail_cases = 18,fault = 80&72&73,
SUCCESS;329:edges = 392,fail_cases = 18,fault = 80&72&73&74,
SUCCESS;330:edges = 393,fail_cases = 18,fault = 80&72&73&74&75,
SUCCESS;331:edges = 394,fail_cases = 18,fault = 80&72&73&74&75&76,
SUCCESS;332:edges = 396,fail_cases = 18,fault = 80&81,
SUCCESS;333:edges = 397,fail_cases = 18,fault = 80&81&72,
SUCCESS;334:edges = 398,fail_cases = 18,fault = 80&81&72&73,
SUCCESS;335:edges = 399,fail_cases = 18,fault = 80&81&72&73&74,
SUCCESS;336:edges = 400,fail_cases = 18,fault = 80&81&72&73&74&75,
SUCCESS;337:edges = 401,fail_cases = 18,fault = 80&81&72&73&74&75&76,
SUCCESS;338:edges = 403,fail_cases = 18,fault = 80&81&82,
SUCCESS;339:edges = 404,fail_cases = 18,fault = 80&81&82&72,
SUCCESS;340:edges = 405,fail_cases = 18,fault = 80&81&82&72&73,
SUCCESS;341:edges = 406,fail_cases = 18,fault = 80&81&82&72&73&74,
SUCCESS;342:edges = 407,fail_cases = 18,fault = 80&81&82&72&73&74&75,
SUCCESS;343:edges = 408,fail_cases = 18,fault = 80&81&82&72&73&74&75&76,
SUCCESS;344:edges = 410,fail_cases = 18,fault = 80&81&82&83,
SUCCESS;345:edges = 411,fail_cases = 18,fault = 80&81&82&83&72,
SUCCESS;346:edges = 412,fail_cases = 18,fault = 80&81&82&83&72&73,
SUCCESS;347:edges = 413,fail_cases = 18,fault = 80&81&82&83&72&73&74,
SUCCESS;348:edges = 414,fail_cases = 18,fault = 80&81&82&83&72&73&74&75,
SUCCESS;349:edges = 415,fail_cases = 18,fault = 80&81&82&83&72&73&74&75&76,
SUCCESS;350:edges = 417,fail_cases = 18,fault = 78&80&81&82&83,
SUCCESS;351:edges = 418,fail_cases = 18,fault = 78&80&81&82&83&72,
SUCCESS;352:edges = 419,fail_cases = 18,fault = 78&80&81&82&83&72&73,
SUCCESS;353:edges = 420,fail_cases = 18,fault = 78&80&81&82&83&72&73&74,
SUCCESS;354:edges = 421,fail_cases = 18,fault = 78&80&81&82&83&72&73&74&75,
SUCCESS;355:edges = 422,fail_cases = 18,fault = 78&80&81&82&83&72&73&74&75&76,
FAIL;356:edges = 422,fail_cases = 19,fault = 78&79&80&81&82&83,
SUCCESS;357:edges = 424,fail_cases = 19,fault = 84,
SUCCESS;358:edges = 425,fail_cases = 19,fault = 80&84,
SUCCESS;359:edges = 426,fail_cases = 19,fault = 80&81&84,
SUCCESS;360:edges = 427,fail_cases = 19,fault = 80&81&82&84,
SUCCESS;361:edges = 428,fail_cases = 19,fault = 80&81&82&83&84,
SUCCESS;362:edges = 429,fail_cases = 19,fault = 78&80&81&82&83&84,
SUCCESS;363:edges = 431,fail_cases = 19,fault = 84&85,
SUCCESS;364:edges = 432,fail_cases = 19,fault = 80&84&85,
SUCCESS;365:edges = 433,fail_cases = 19,fault = 80&81&84&85,
SUCCESS;366:edges = 434,fail_cases = 19,fault = 80&81&82&84&85,
SUCCESS;367:edges = 435,fail_cases = 19,fault = 80&81&82&83&84&85,
SUCCESS;368:edges = 436,fail_cases = 19,fault = 78&80&81&82&83&84&85,
SUCCESS;369:edges = 438,fail_cases = 19,fault = 84&85&86,
SUCCESS;370:edges = 439,fail_cases = 19,fault = 80&84&85&86,
SUCCESS;371:edges = 440,fail_cases = 19,fault = 80&81&84&85&86,
SUCCESS;372:edges = 441,fail_cases = 19,fault = 80&81&82&84&85&86,
SUCCESS;373:edges = 442,fail_cases = 19,fault = 80&81&82&83&84&85&86,
SUCCESS;374:edges = 443,fail_cases = 19,fault = 78&80&81&82&83&84&85&86,
SUCCESS;375:edges = 445,fail_cases = 19,fault = 84&85&86&87,
SUCCESS;376:edges = 446,fail_cases = 19,fault = 80&84&85&86&87,
SUCCESS;377:edges = 447,fail_cases = 19,fault = 80&81&84&85&86&87,
SUCCESS;378:edges = 448,fail_cases = 19,fault = 80&81&82&84&85&86&87,
SUCCESS;379:edges = 449,fail_cases = 19,fault = 80&81&82&83&84&85&86&87,
SUCCESS;380:edges = 450,fail_cases = 19,fault = 78&80&81&82&83&84&85&86&87,
SUCCESS;381:edges = 452,fail_cases = 19,fault = 88&84&85&86&87,
SUCCESS;382:edges = 453,fail_cases = 19,fault = 88&80&84&85&86&87,
SUCCESS;383:edges = 454,fail_cases = 19,fault = 88&80&81&84&85&86&87,
SUCCESS;384:edges = 455,fail_cases = 19,fault = 88&80&81&82&84&85&86&87,
SUCCESS;385:edges = 456,fail_cases = 19,fault = 88&80&81&82&83&84&85&86&87,
SUCCESS;386:edges = 457,fail_cases = 19,fault = 88&78&80&81&82&83&84&85&86&87,
SUCCESS;387:edges = 459,fail_cases = 19,fault = 88&89&84&85&86&87,
SUCCESS;388:edges = 460,fail_cases = 19,fault = 88&89&80&84&85&86&87,
SUCCESS;389:edges = 461,fail_cases = 19,fault = 88&89&80&81&84&85&86&87,
SUCCESS;390:edges = 462,fail_cases = 19,fault = 88&89&80&81&82&84&85&86&87,
SUCCESS;391:edges = 463,fail_cases = 19,fault = 88&89&80&81&82&83&84&85&86&87,
SUCCESS;392:edges = 464,fail_cases = 19,fault = 88&89&78&80&81&82&83&84&85&86&87,
SUCCESS;393:edges = 466,fail_cases = 19,fault = 88&89&90&84&85&86&87,
SUCCESS;394:edges = 467,fail_cases = 19,fault = 88&89&90&80&84&85&86&87,
SUCCESS;395:edges = 468,fail_cases = 19,fault = 88&89&90&80&81&84&85&86&87,
SUCCESS;396:edges = 469,fail_cases = 19,fault = 88&89&90&80&81&82&84&85&86&87,
SUCCESS;397:edges = 470,fail_cases = 19,fault = 88&89&90&80&81&82&83&84&85&86&87,
SUCCESS;398:edges = 471,fail_cases = 19,fault = 88&89&78&90&80&81&82&83&84&85&86&87,
FAIL;399:edges = 471,fail_cases = 20,fault = 88&89&90&91&84&85&86&87,
SUCCESS;400:edges = 473,fail_cases = 20,fault = 96,
SUCCESS;401:edges = 474,fail_cases = 20,fault = 84&96,
SUCCESS;402:edges = 475,fail_cases = 20,fault = 84&96&85,
SUCCESS;403:edges = 476,fail_cases = 20,fault = 84&96&85&86,
SUCCESS;404:edges = 477,fail_cases = 20,fault = 84&96&85&86&87,
SUCCESS;405:edges = 478,fail_cases = 20,fault = 88&84&96&85&86&87,
SUCCESS;406:edges = 479,fail_cases = 20,fault = 88&89&84&96&85&86&87,
SUCCESS;407:edges = 480,fail_cases = 20,fault = 88&89&90&84&96&85&86&87,
SUCCESS;408:edges = 482,fail_cases = 20,fault = 96&97,
SUCCESS;409:edges = 483,fail_cases = 20,fault = 84&96&97,
SUCCESS;410:edges = 484,fail_cases = 20,fault = 84&96&85&97,
SUCCESS;411:edges = 485,fail_cases = 20,fault = 84&96&85&97&86,
SUCCESS;412:edges = 486,fail_cases = 20,fault = 84&96&85&97&86&87,
SUCCESS;413:edges = 487,fail_cases = 20,fault = 88&84&96&85&97&86&87,
SUCCESS;414:edges = 488,fail_cases = 20,fault = 88&89&84&96&85&97&86&87,
SUCCESS;415:edges = 489,fail_cases = 20,fault = 88&89&90&84&96&85&97&86&87,
SUCCESS;416:edges = 491,fail_cases = 20,fault = 96&97&98,
SUCCESS;417:edges = 492,fail_cases = 20,fault = 84&96&97&98,
SUCCESS;418:edges = 493,fail_cases = 20,fault = 84&96&85&97&98,
SUCCESS;419:edges = 494,fail_cases = 20,fault = 84&96&85&97&86&98,
SUCCESS;420:edges = 495,fail_cases = 20,fault = 84&96&85&97&86&98&87,
SUCCESS;421:edges = 496,fail_cases = 20,fault = 88&84&96&85&97&86&98&87,
SUCCESS;422:edges = 497,fail_cases = 20,fault = 88&89&84&96&85&97&86&98&87,
SUCCESS;423:edges = 498,fail_cases = 20,fault = 88&89&90&84&96&85&97&86&98&87,
SUCCESS;424:edges = 500,fail_cases = 20,fault = 92&96&97&98,
SUCCESS;425:edges = 501,fail_cases = 20,fault = 92&84&96&97&98,
SUCCESS;426:edges = 502,fail_cases = 20,fault = 92&84&96&85&97&98,
SUCCESS;427:edges = 503,fail_cases = 20,fault = 92&84&96&85&97&86&98,
SUCCESS;428:edges = 504,fail_cases = 20,fault = 92&84&96&85&97&86&98&87,
SUCCESS;429:edges = 505,fail_cases = 20,fault = 88&92&84&96&85&97&86&98&87,
SUCCESS;430:edges = 506,fail_cases = 20,fault = 88&89&92&84&96&85&97&86&98&87,
SUCCESS;431:edges = 507,fail_cases = 20,fault = 88&89&90&92&84&96&85&97&86&98&87,
SUCCESS;432:edges = 509,fail_cases = 20,fault = 92&93&96&97&98,
SUCCESS;433:edges = 510,fail_cases = 20,fault = 92&93&84&96&97&98,
SUCCESS;434:edges = 511,fail_cases = 20,fault = 92&93&84&96&85&97&98,
SUCCESS;435:edges = 512,fail_cases = 20,fault = 92&93&84&96&85&97&86&98,
SUCCESS;436:edges = 513,fail_cases = 20,fault = 92&93&84&96&85&97&86&98&87,
SUCCESS;437:edges = 514,fail_cases = 20,fault = 88&92&93&84&96&85&97&86&98&87,
SUCCESS;438:edges = 515,fail_cases = 20,fault = 88&89&92&93&84&96&85&97&86&98&87,
SUCCESS;439:edges = 516,fail_cases = 20,fault = 88&89&90&92&93&84&96&85&97&86&98&87,
SUCCESS;440:edges = 518,fail_cases = 20,fault = 92&93&94&96&97&98,
SUCCESS;441:edges = 519,fail_cases = 20,fault = 92&93&94&84&96&97&98,
SUCCESS;442:edges = 520,fail_cases = 20,fault = 92&93&94&84&96&85&97&98,
SUCCESS;443:edges = 521,fail_cases = 20,fault = 92&93&94&84&96&85&97&86&98,
SUCCESS;444:edges = 522,fail_cases = 20,fault = 92&93&94&84&96&85&97&86&98&87,
SUCCESS;445:edges = 523,fail_cases = 20,fault = 88&92&93&94&84&96&85&97&86&98&87,
SUCCESS;446:edges = 524,fail_cases = 20,fault = 88&89&92&93&94&84&96&85&97&86&98&87,
SUCCESS;447:edges = 525,fail_cases = 20,fault = 88&89&90&92&93&94&84&96&85&97&86&98&87,
FAIL;448:edges = 525,fail_cases = 21,fault = 92&93&94&95&96&97&98,
SUCCESS;449:edges = 527,fail_cases = 21,fault = 99,
SUCCESS;450:edges = 528,fail_cases = 21,fault = 99&96,
SUCCESS;451:edges = 529,fail_cases = 21,fault = 99&96&97,
SUCCESS;452:edges = 530,fail_cases = 21,fault = 99&96&97&98,
SUCCESS;453:edges = 531,fail_cases = 21,fault = 99&92&96&97&98,
SUCCESS;454:edges = 532,fail_cases = 21,fault = 99&92&93&96&97&98,
SUCCESS;455:edges = 533,fail_cases = 21,fault = 99&92&93&94&96&97&98,
SUCCESS;456:edges = 535,fail_cases = 21,fault = 99&100,
SUCCESS;457:edges = 536,fail_cases = 21,fault = 99&100&96,
SUCCESS;458:edges = 537,fail_cases = 21,fault = 99&100&96&97,
SUCCESS;459:edges = 538,fail_cases = 21,fault = 99&100&96&97&98,
SUCCESS;460:edges = 539,fail_cases = 21,fault = 99&100&92&96&97&98,
SUCCESS;461:edges = 540,fail_cases = 21,fault = 99&100&92&94&96&97&98,
SUCCESS;462:edges = 542,fail_cases = 21,fault = 99&100&92&94&95&96&97&98,
SUCCESS;463:edges = 544,fail_cases = 21,fault = 99&100&102&92&94&95&96&97&98,
SUCCESS;464:edges = 546,fail_cases = 21,fault = 99&100&102&103&92&94&95&96&97&98,
SUCCESS;465:edges = 547,fail_cases = 21,fault = 99&100&101&93,
SUCCESS;466:edges = 548,fail_cases = 21,fault = 99&100&101&102&93,
SUCCESS;467:edges = 550,fail_cases = 21,fault = 99&100&102&103&104&92&94&95&96&97&98,
SUCCESS;468:edges = 552,fail_cases = 21,fault = 99&100&102&103&104&105&92&94&95&96&97&98,
SUCCESS;469:edges = 553,fail_cases = 21,fault = 99&100&101&102&103&93,
SUCCESS;470:edges = 554,fail_cases = 21,fault = 99&100&101&102&103&104&93,
SUCCESS;471:edges = 555,fail_cases = 21,fault = 99&100&101&93&96,
SUCCESS;472:edges = 556,fail_cases = 21,fault = 99&100&101&102&93&96,
SUCCESS;473:edges = 557,fail_cases = 21,fault = 99&100&101&93&96&97,
FAIL;474:edges = 557,fail_cases = 22,fault = 99&100&102&103&104&105&106&92&94&95&96&97&98,
SUCCESS;475:edges = 558,fail_cases = 22,fault = 99&100&101&102&93&96&97,
SUCCESS;476:edges = 559,fail_cases = 22,fault = 99&100&101&102&103&93&96,
SUCCESS;477:edges = 560,fail_cases = 22,fault = 99&100&101&102&103&93&96&97,
SUCCESS;478:edges = 561,fail_cases = 22,fault = 99&100&101&102&103&104&105&93,
SUCCESS;479:edges = 562,fail_cases = 22,fault = 99&100&101&93&96&97&98,
SUCCESS;480:edges = 563,fail_cases = 22,fault = 99&100&101&92&93&96&97&98,
SUCCESS;481:edges = 564,fail_cases = 22,fault = 99&100&101&102&93&96&97&98,
SUCCESS;482:edges = 565,fail_cases = 22,fault = 99&100&101&92&93&94&96&97&98,
SUCCESS;483:edges = 566,fail_cases = 22,fault = 99&100&101&102&103&93&96&97&98,
SUCCESS;484:edges = 567,fail_cases = 22,fault = 99&100&101&102&103&104&93&96,
SUCCESS;485:edges = 568,fail_cases = 22,fault = 99&100&101&102&103&104&93&96&97,
SUCCESS;486:edges = 569,fail_cases = 22,fault = 99&100&101&102&103&104&93&96&97&98,
SUCCESS;487:edges = 570,fail_cases = 22,fault = 99&100&101&102&92&93&96&97&98,
SUCCESS;488:edges = 571,fail_cases = 22,fault = 99&100&101&102&92&93&94&96&97&98,
SUCCESS;489:edges = 572,fail_cases = 22,fault = 99&100&101&102&103&92&93&96&97&98,
SUCCESS;490:edges = 573,fail_cases = 22,fault = 99&100&101&102&103&104&92&93&96&97&98,
SUCCESS;491:edges = 574,fail_cases = 22,fault = 99&100&101&102&103&92&93&94&96&97&98,
SUCCESS;492:edges = 575,fail_cases = 22,fault = 99&100&101&102&103&104&105&93&96,
SUCCESS;493:edges = 576,fail_cases = 22,fault = 99&100&101&102&103&104&105&93&96&97,
SUCCESS;494:edges = 577,fail_cases = 22,fault = 99&100&101&102&103&104&92&93&94&96&97&98,
SUCCESS;495:edges = 578,fail_cases = 22,fault = 99&100&101&102&103&104&105&93&96&97&98,
SUCCESS;496:edges = 579,fail_cases = 22,fault = 99&100&101&102&103&104&105&92&93&96&97&98,
SUCCESS;497:edges = 580,fail_cases = 22,fault = 99&100&101&102&103&104&105&92&93&94&96&97&98,
FAIL;498:edges = 580,fail_cases = 23,fault = 99&100&101&102&103&104&105&106,
SUCCESS;499:edges = 582,fail_cases = 23,fault = 107,
SUCCESS;500:edges = 583,fail_cases = 23,fault = 99&107,
SUCCESS;501:edges = 584,fail_cases = 23,fault = 99&100&107,
SUCCESS;502:edges = 585,fail_cases = 23,fault = 99&100&107&92&94&95&96&97&98,
SUCCESS;503:edges = 586,fail_cases = 23,fault = 99&100&102&107&92&94&95&96&97&98,
SUCCESS;504:edges = 587,fail_cases = 23,fault = 99&100&102&103&107&92&94&95&96&97&98,
SUCCESS;505:edges = 588,fail_cases = 23,fault = 99&100&102&103&104&107&92&94&95&96&97&98,
SUCCESS;506:edges = 589,fail_cases = 23,fault = 99&100&102&103&104&105&107&92&94&95&96&97&98,
SUCCESS;507:edges = 591,fail_cases = 23,fault = 107&108,
SUCCESS;508:edges = 592,fail_cases = 23,fault = 99&107&108,
SUCCESS;509:edges = 593,fail_cases = 23,fault = 99&100&107&108,
SUCCESS;510:edges = 594,fail_cases = 23,fault = 99&100&107&108&92&94&95&96&97&98,
SUCCESS;511:edges = 595,fail_cases = 23,fault = 99&100&102&107&108&92&94&95&96&97&98,
SUCCESS;512:edges = 596,fail_cases = 23,fault = 99&100&102&103&107&108&92&94&95&96&97&98,
SUCCESS;513:edges = 597,fail_cases = 23,fault = 99&100&102&103&104&107&108&92&94&95&96&97&98,
SUCCESS;514:edges = 598,fail_cases = 23,fault = 99&100&102&103&104&105&107&108&92&94&95&96&97&98,
SUCCESS;515:edges = 600,fail_cases = 23,fault = 107&108&109,
SUCCESS;516:edges = 601,fail_cases = 23,fault = 99&107&108&109,
SUCCESS;517:edges = 602,fail_cases = 23,fault = 99&100&107&108&109,
SUCCESS;518:edges = 603,fail_cases = 23,fault = 99&100&107&108&92&109&94&95&96&97&98,
SUCCESS;519:edges = 604,fail_cases = 23,fault = 99&100&102&107&108&92&109&94&95&96&97&98,
SUCCESS;520:edges = 605,fail_cases = 23,fault = 99&100&102&103&107&108&92&109&94&95&96&97&98,
SUCCESS;521:edges = 606,fail_cases = 23,fault = 99&100&102&103&104&107&108&92&109&94&95&96&97&98,
SUCCESS;522:edges = 607,fail_cases = 23,fault = 99&100&102&103&104&105&107&108&92&109&94&95&96&97&98,
FAIL;523:edges = 607,fail_cases = 24,fault = 110&107&108&109,
SUCCESS;524:edges = 609,fail_cases = 24,fault = 112,
SUCCESS;525:edges = 610,fail_cases = 24,fault = 112&107,
SUCCESS;526:edges = 611,fail_cases = 24,fault = 112&107&108,
FAIL;527:edges = 611,fail_cases = 25,fault = 110&112&107&108,
SUCCESS;528:edges = 613,fail_cases = 25,fault = 112&113,
SUCCESS;529:edges = 614,fail_cases = 25,fault = 112&113&107,
SUCCESS;530:edges = 615,fail_cases = 25,fault = 112&113&107&108,
FAIL;531:edges = 615,fail_cases = 26,fault = 111&112&113,
SUCCESS;532:edges = 617,fail_cases = 26,fault = 114,
SUCCESS;533:edges = 618,fail_cases = 26,fault = 112&114,
SUCCESS;534:edges = 619,fail_cases = 26,fault = 112&113&114,
SUCCESS;535:edges = 621,fail_cases = 26,fault = 114&115,
SUCCESS;536:edges = 622,fail_cases = 26,fault = 112&114&115,
SUCCESS;537:edges = 623,fail_cases = 26,fault = 112&113&114&115,
SUCCESS;538:edges = 625,fail_cases = 26,fault = 114&115&116,
SUCCESS;539:edges = 626,fail_cases = 26,fault = 112&114&115&116,
SUCCESS;540:edges = 627,fail_cases = 26,fault = 112&113&114&115&116,
SUCCESS;541:edges = 629,fail_cases = 26,fault = 114&115&116&117,
SUCCESS;542:edges = 630,fail_cases = 26,fault = 112&114&115&116&117,
SUCCESS;543:edges = 631,fail_cases = 26,fault = 112&113&114&115&116&117,
FAIL;544:edges = 631,fail_cases = 27,fault = 114&115&116&117&118,
SUCCESS;545:edges = 633,fail_cases = 27,fault = 119,
SUCCESS;546:edges = 634,fail_cases = 27,fault = 114&119,
SUCCESS;547:edges = 635,fail_cases = 27,fault = 114&115&119,
SUCCESS;548:edges = 636,fail_cases = 27,fault = 114&115&116&119,
SUCCESS;549:edges = 637,fail_cases = 27,fault = 114&115&116&117&119,
SUCCESS;550:edges = 639,fail_cases = 27,fault = 119&120,
SUCCESS;551:edges = 640,fail_cases = 27,fault = 114&119&120,
SUCCESS;552:edges = 641,fail_cases = 27,fault = 114&115&119&120,
SUCCESS;553:edges = 642,fail_cases = 27,fault = 114&115&116&119&120,
SUCCESS;554:edges = 643,fail_cases = 27,fault = 114&115&116&117&119&120,
SUCCESS;555:edges = 645,fail_cases = 27,fault = 121&119&120,
SUCCESS;556:edges = 646,fail_cases = 27,fault = 121&114&119&120,
SUCCESS;557:edges = 647,fail_cases = 27,fault = 121&114&115&119&120,
SUCCESS;558:edges = 648,fail_cases = 27,fault = 121&114&115&116&119&120,
SUCCESS;559:edges = 649,fail_cases = 27,fault = 121&114&115&116&117&119&120,
SUCCESS;560:edges = 651,fail_cases = 27,fault = 121&122&119&120,
SUCCESS;561:edges = 652,fail_cases = 27,fault = 121&122&114&119&120,
SUCCESS;562:edges = 653,fail_cases = 27,fault = 121&122&114&115&119&120,
SUCCESS;563:edges = 654,fail_cases = 27,fault = 121&122&114&115&116&119&120,
SUCCESS;564:edges = 655,fail_cases = 27,fault = 121&122&114&115&116&117&119&120,
SUCCESS;565:edges = 657,fail_cases = 27,fault = 121&122&123&119&120,
SUCCESS;566:edges = 658,fail_cases = 27,fault = 121&122&123&114&119&120,
SUCCESS;567:edges = 659,fail_cases = 27,fault = 121&122&123&114&115&119&120,
SUCCESS;568:edges = 660,fail_cases = 27,fault = 121&122&123&114&115&116&119&120,
SUCCESS;569:edges = 661,fail_cases = 27,fault = 121&122&123&114&115&116&117&119&120,
SUCCESS;570:edges = 663,fail_cases = 27,fault = 121&122&123&124&119&120,
SUCCESS;571:edges = 664,fail_cases = 27,fault = 121&122&123&124&114&119&120,
SUCCESS;572:edges = 665,fail_cases = 27,fault = 121&122&123&124&114&115&119&120,
SUCCESS;573:edges = 666,fail_cases = 27,fault = 121&122&123&124&114&115&116&119&120,
SUCCESS;574:edges = 667,fail_cases = 27,fault = 121&122&123&124&114&115&116&117&119&120,
SUCCESS;575:edges = 669,fail_cases = 27,fault = 121&122&123&124&125&119&120,
SUCCESS;576:edges = 670,fail_cases = 27,fault = 121&122&123&124&125&114&119&120,
SUCCESS;577:edges = 671,fail_cases = 27,fault = 121&122&123&124&125&114&115&119&120,
SUCCESS;578:edges = 672,fail_cases = 27,fault = 121&122&123&124&125&114&115&116&119&120,
SUCCESS;579:edges = 673,fail_cases = 27,fault = 121&122&123&124&125&114&115&116&117&119&120,
FAIL;580:edges = 673,fail_cases = 28,fault = 121&122&123&124&125&126&119&120,
SUCCESS;581:edges = 675,fail_cases = 28,fault = 128,
SUCCESS;582:edges = 676,fail_cases = 28,fault = 128&119,
SUCCESS;583:edges = 677,fail_cases = 28,fault = 128&119&120,
SUCCESS;584:edges = 678,fail_cases = 28,fault = 121&128&119&120,
SUCCESS;585:edges = 679,fail_cases = 28,fault = 121&122&128&119&120,
SUCCESS;586:edges = 680,fail_cases = 28,fault = 121&122&123&128&119&120,
SUCCESS;587:edges = 681,fail_cases = 28,fault = 121&122&123&124&128&119&120,
SUCCESS;588:edges = 682,fail_cases = 28,fault = 121&122&123&124&125&128&119&120,
FAIL;589:edges = 682,fail_cases = 29,fault = 127&128,
SUCCESS;590:edges = 683,fail_cases = 29,fault = 129,
SUCCESS;591:edges = 684,fail_cases = 29,fault = 128&129,
SUCCESS;592:edges = 685,fail_cases = 29,fault = 129&130,
SUCCESS;593:edges = 686,fail_cases = 29,fault = 128&129&130,
SUCCESS;594:edges = 687,fail_cases = 29,fault = 129&130&131,
SUCCESS;595:edges = 688,fail_cases = 29,fault = 127&129&130&131,
SUCCESS;596:edges = 689,fail_cases = 29,fault = 132&128&129&130&131,
SUCCESS;597:edges = 690,fail_cases = 29,fault = 133&127&129&130&131,
SUCCESS;598:edges = 691,fail_cases = 29,fault = 132&133&128&129&130&131,
SUCCESS;599:edges = 692,fail_cases = 29,fault = 133&134&127&129&130&131,
SUCCESS;600:edges = 693,fail_cases = 29,fault = 132&133&134&128&129&130&131,
FAIL;601:edges = 693,fail_cases = 30,fault = 133&134&135&127&129&130&131,
FAIL;602:edges = 693,fail_cases = 31,fault = 132&133&134&135&129&130&131,