SUCCESS;0:edges = 4,fail_cases = 0,fault = ,
SUCCESS;1:edges = 5,fail_cases = 0,fault = 1,
SUCCESS;2:edges = 6,fail_cases = 0,fault = 1&2,
SUCCESS;3:edges = 7,fail_cases = 0,fault = 1&2&3,
SUCCESS;4:edges = 8,fail_cases = 0,fault = 1&2&3&4,
SUCCESS;5:edges = 9,fail_cases = 0,fault = 1&2&3&4&5,
SUCCESS;6:edges = 10,fail_cases = 0,fault = 1&2&3&4&5&6,
SUCCESS;7:edges = 11,fail_cases = 0,fault = 1&2&3&4&5&6&7,
FAIL;8:edges = 11,fail_cases = 1,fault = 1&2&3&4&5&6&7&8,
SUCCESS;9:edges = 13,fail_cases = 1,fault = 9,
SUCCESS;10:edges = 14,fail_cases = 1,fault = 1&9,
SUCCESS;11:edges = 15,fail_cases = 1,fault = 1&2&9,
SUCCESS;12:edges = 16,fail_cases = 1,fault = 1&2&3&9,
SUCCESS;13:edges = 17,fail_cases = 1,fault = 1&2&3&4&9,
SUCCESS;14:edges = 18,fail_cases = 1,fault = 1&2&3&4&5&9,
SUCCESS;15:edges = 19,fail_cases = 1,fault = 1&2&3&4&5&6&9,
SUCCESS;16:edges = 20,fail_cases = 1,fault = 1&2&3&4&5&6&7&9,
FAIL;17:edges = 20,fail_cases = 2,fault = 9&10,
SUCCESS;18:edges = 22,fail_cases = 2,fault = 11,
SUCCESS;19:edges = 23,fail_cases = 2,fault = 11&9,
SUCCESS;20:edges = 25,fail_cases = 2,fault = 11&12,
SUCCESS;21:edges = 26,fail_cases = 2,fault = 11&12&9,
SUCCESS;22:edges = 28,fail_cases = 2,fault = 11&12&13,
SUCCESS;23:edges = 29,fail_cases = 2,fault = 11&12&13&9,
FAIL;24:edges = 29,fail_cases = 3,fault = 11&12&13&14,
SUCCESS;25:edges = 31,fail_cases = 3,fault = 16,
SUCCESS;26:edges = 32,fail_cases = 3,fault = 11&16,
SUCCESS;27:edges = 33,fail_cases = 3,fault = 11&12&16,
SUCCESS;28:edges = 34,fail_cases = 3,fault = 11&12&13&16,
SUCCESS;29:edges = 36,fail_cases = 3,fault = 16&17,
SUCCESS;30:edges = 37,fail_cases = 3,fault = 11&16&17,
SUCCESS;31:edges = 38,fail_cases = 3,fault = 11&12&16&17,
SUCCESS;32:edges = 39,fail_cases = 3,fault = 11&12&13&16&17,
SUCCESS;33:edges = 41,fail_cases = 3,fault = 16&17&18,
SUCCESS;34:edges = 42,fail_cases = 3,fault = 11&16&17&18,
SUCCESS;35:edges = 43,fail_cases = 3,fault = 11&12&16&17&18,
SUCCESS;36:edges = 44,fail_cases = 3,fault = 11&12&13&16&17&18,
SUCCESS;37:edges = 46,fail_cases = 3,fault = 16&17&18&19,
SUCCESS;38:edges = 47,fail_cases = 3,fault = 11&16&17&18&19,
SUCCESS;39:edges = 48,fail_cases = 3,fault = 11&12&16&17&18&19,
SUCCESS;40:edges = 49,fail_cases = 3,fault = 11&12&13&16&17&18&19,
SUCCESS;41:edges = 51,fail_cases = 3,fault = 16&17&18&19&20,
SUCCESS;42:edges = 52,fail_cases = 3,fault = 11&16&17&18&19&20,
SUCCESS;43:edges = 53,fail_cases = 3,fault = 11&12&16&17&18&19&20,
SUCCESS;44:edges = 54,fail_cases = 3,fault = 11&12&13&16&17&18&19&20,
FAIL;45:edges = 54,fail_cases = 4,fault = 15&16&17&18&19&20,
SUCCESS;46:edges = 55,fail_cases = 4,fault = 21,
SUCCESS;47:edges = 56,fail_cases = 4,fault = 16&21,
SUCCESS;48:edges = 57,fail_cases = 4,fault = 16&17&21,
SUCCESS;49:edges = 58,fail_cases = 4,fault = 16&17&18&21,
SUCCESS;50:edges = 59,fail_cases = 4,fault = 16&17&18&19&21,
SUCCESS;51:edges = 60,fail_cases = 4,fault = 16&17&18&19&20&21,
SUCCESS;52:edges = 61,fail_cases = 4,fault = 22&21,
SUCCESS;53:edges = 62,fail_cases = 4,fault = 22&16&21,
SUCCESS;54:edges = 63,fail_cases = 4,fault = 22&16&17&21,
SUCCESS;55:edges = 64,fail_cases = 4,fault = 22&16&17&18&21,
SUCCESS;56:edges = 65,fail_cases = 4,fault = 22&16&17&18&19&21,
SUCCESS;57:edges = 66,fail_cases = 4,fault = 22&16&17&18&19&20&21,
SUCCESS;58:edges = 67,fail_cases = 4,fault = 22&23&21,
SUCCESS;59:edges = 68,fail_cases = 4,fault = 22&23&16&21,
SUCCESS;60:edges = 69,fail_cases = 4,fault = 22&23&16&17&21,
SUCCESS;61:edges = 70,fail_cases = 4,fault = 22&23&16&17&18&21,
SUCCESS;62:edges = 71,fail_cases = 4,fault = 22&23&16&17&18&20&21,
SUCCESS;63:edges = 72,fail_cases = 4,fault = 22&23&15&16&17&18&20&21,
SUCCESS;64:edges = 73,fail_cases = 4,fault = 22&23&24&19&21,
SUCCESS;65:edges = 74,fail_cases = 4,fault = 22&23&24&16&19&21,
SUCCESS;66:edges = 75,fail_cases = 4,fault = 22&23&25&15&16&17&18&20&21,
FAIL;67:edges = 75,fail_cases = 5,fault = 22&23&25&15&26&16&17&18&20&21,
SUCCESS;68:edges = 76,fail_cases = 5,fault = 22&23&24&16&17&19&21,
SUCCESS;69:edges = 77,fail_cases = 5,fault = 22&23&24&25&19&21,
SUCCESS;70:edges = 78,fail_cases = 5,fault = 22&23&24&25&16&19&21,
SUCCESS;71:edges = 79,fail_cases = 5,fault = 22&23&24&16&17&18&19&21,
SUCCESS;72:edges = 80,fail_cases = 5,fault = 22&23&24&16&17&18&19&20&21,
SUCCESS;73:edges = 81,fail_cases = 5,fault = 22&23&24&25&16&17&19&21,
SUCCESS;74:edges = 82,fail_cases = 5,fault = 22&23&24&25&16&17&18&19&21,
SUCCESS;75:edges = 83,fail_cases = 5,fault = 22&23&24&25&16&17&18&19&20&21,
FAIL;76:edges = 83,fail_cases = 6,fault = 22&23&24&25&26&21,