SUCCESS;0:edges = 26,fail_cases = 0,fault = ,
SUCCESS;1:edges = 27,fail_cases = 0,fault = 1,
SUCCESS;2:edges = 28,fail_cases = 0,fault = 1&2,
SUCCESS;3:edges = 29,fail_cases = 0,fault = 1&2&3,
SUCCESS;4:edges = 30,fail_cases = 0,fault = 1&2&3&4,
SUCCESS;5:edges = 31,fail_cases = 0,fault = 1&2&3&4&5,
SUCCESS;6:edges = 32,fail_cases = 0,fault = 1&2&3&4&5&7,
SUCCESS;7:edges = 34,fail_cases = 0,fault = 1&2&3&4&5&7&8,
SUCCESS;8:edges = 35,fail_cases = 0,fault = 6&9,
FAIL;9:edges = 35,fail_cases = 1,fault = 1&2&3&4&5&6&7&8,
SUCCESS;10:edges = 37,fail_cases = 1,fault = 1&2&3&4&5&7&8&10,
SUCCESS;11:edges = 38,fail_cases = 1,fault = 6&9&10,
SUCCESS;12:edges = 40,fail_cases = 1,fault = 11&1&2&3&4&5&7&8&10,
SUCCESS;13:edges = 42,fail_cases = 1,fault = 11&1&12&2&3&4&5&7&8&10,
SUCCESS;14:edges = 43,fail_cases = 1,fault = 11&6&9&10,
SUCCESS;15:edges = 44,fail_cases = 1,fault = 11&12&6&9&10,
SUCCESS;16:edges = 46,fail_cases = 1,fault = 11&1&12&2&13&3&4&5&7&8&10,
FAIL;17:edges = 46,fail_cases = 2,fault = 11&1&12&2&13&3&14&4&5&7&8&10,
SUCCESS;18:edges = 47,fail_cases = 2,fault = 1&6&9,
SUCCESS;19:edges = 48,fail_cases = 2,fault = 11&12&13&6&9&10,
SUCCESS;20:edges = 49,fail_cases = 2,fault = 1&6&9&10,
SUCCESS;21:edges = 50,fail_cases = 2,fault = 11&1&6&9&10,
SUCCESS;22:edges = 51,fail_cases = 2,fault = 11&12&1&6&9&10,
SUCCESS;23:edges = 52,fail_cases = 2,fault = 1&2&6&9,
SUCCESS;24:edges = 53,fail_cases = 2,fault = 1&2&6&9&10,
SUCCESS;25:edges = 54,fail_cases = 2,fault = 11&12&1&13&6&9&10,
SUCCESS;26:edges = 55,fail_cases = 2,fault = 11&1&2&6&9&10,
SUCCESS;27:edges = 56,fail_cases = 2,fault = 11&12&1&2&6&9&10,
SUCCESS;28:edges = 57,fail_cases = 2,fault = 11&12&1&13&2&6&9&10,
SUCCESS;29:edges = 58,fail_cases = 2,fault = 1&2&3&6&9,
SUCCESS;30:edges = 59,fail_cases = 2,fault = 1&2&3&6&9&10,
SUCCESS;31:edges = 60,fail_cases = 2,fault = 11&1&2&3&6&9&10,
SUCCESS;32:edges = 61,fail_cases = 2,fault = 1&2&3&4&6&9,
SUCCESS;33:edges = 62,fail_cases = 2,fault = 1&2&3&4&6&9&10,
SUCCESS;34:edges = 63,fail_cases = 2,fault = 11&1&2&3&4&6&9&10,
SUCCESS;35:edges = 64,fail_cases = 2,fault = 11&12&1&2&3&6&9&10,
SUCCESS;36:edges = 65,fail_cases = 2,fault = 11&12&1&13&2&3&6&9&10,
SUCCESS;37:edges = 66,fail_cases = 2,fault = 1&2&3&4&5&6&9&10,
SUCCESS;38:edges = 67,fail_cases = 2,fault = 11&12&1&2&3&4&6&9&10,
SUCCESS;39:edges = 68,fail_cases = 2,fault = 11&1&2&3&4&5&6&9&10,
SUCCESS;40:edges = 69,fail_cases = 2,fault = 11&1&12&2&13&3&4&6&7&9,
SUCCESS;41:edges = 70,fail_cases = 2,fault = 11&12&1&13&2&3&4&6&9&10,
SUCCESS;42:edges = 71,fail_cases = 2,fault = 1&2&3&4&5&6&7&9&10,
FAIL;43:edges = 71,fail_cases = 3,fault = 11&1&12&2&13&3&14&4&6&7&8&9,
SUCCESS;44:edges = 72,fail_cases = 3,fault = 11&1&2&3&4&5&6&7&9&10,
SUCCESS;45:edges = 73,fail_cases = 3,fault = 11&12&1&2&3&4&5&6&9&10,
SUCCESS;46:edges = 74,fail_cases = 3,fault = 11&12&1&13&2&3&4&5&6&9&10,
SUCCESS;47:edges = 75,fail_cases = 3,fault = 11&12&1&2&3&4&5&6&7&9&10,
SUCCESS;48:edges = 76,fail_cases = 3,fault = 11&12&1&13&2&3&4&5&6&7&9&10,
FAIL;49:edges = 76,fail_cases = 4,fault = 11&12&13&14&9&10,
SUCCESS;50:edges = 78,fail_cases = 4,fault = 16,
SUCCESS;51:edges = 79,fail_cases = 4,fault = 1&2&3&4&16&5&7&8,
SUCCESS;52:edges = 80,fail_cases = 4,fault = 1&2&3&4&16&6&7&8&9,
SUCCESS;53:edges = 81,fail_cases = 4,fault = 11&1&2&3&4&16&5&7&8&10,
SUCCESS;54:edges = 82,fail_cases = 4,fault = 11&1&12&2&3&4&16&5&7&8&10,
SUCCESS;55:edges = 83,fail_cases = 4,fault = 11&1&12&2&13&3&4&16&5&7&8&10,
SUCCESS;56:edges = 85,fail_cases = 4,fault = 16&17,
SUCCESS;57:edges = 86,fail_cases = 4,fault = 1&2&3&4&16&5&17&7&8,
SUCCESS;58:edges = 87,fail_cases = 4,fault = 1&2&3&4&16&17&6&7&8&9,
SUCCESS;59:edges = 88,fail_cases = 4,fault = 11&1&2&3&4&16&5&17&7&8&10,
SUCCESS;60:edges = 89,fail_cases = 4,fault = 11&1&12&2&3&4&16&17&6&7&8&9,
SUCCESS;61:edges = 90,fail_cases = 4,fault = 11&12&13&16&17&1&2&3&4&6&7&8&9,
FAIL;62:edges = 90,fail_cases = 5,fault = 15&16&17,
SUCCESS;63:edges = 92,fail_cases = 5,fault = 18,
SUCCESS;64:edges = 93,fail_cases = 5,fault = 16&18,
SUCCESS;65:edges = 94,fail_cases = 5,fault = 16&17&18,
SUCCESS;66:edges = 96,fail_cases = 5,fault = 18&19,
SUCCESS;67:edges = 97,fail_cases = 5,fault = 16&18&19,
SUCCESS;68:edges = 98,fail_cases = 5,fault = 16&17&18&19,
SUCCESS;69:edges = 100,fail_cases = 5,fault = 18&19&20,
SUCCESS;70:edges = 101,fail_cases = 5,fault = 16&18&19&20,
SUCCESS;71:edges = 102,fail_cases = 5,fault = 16&17&18&19&20,
SUCCESS;72:edges = 104,fail_cases = 5,fault = 18&19&20&21,
SUCCESS;73:edges = 105,fail_cases = 5,fault = 16&18&19&20&21,
SUCCESS;74:edges = 106,fail_cases = 5,fault = 16&17&18&19&20&21,
SUCCESS;75:edges = 108,fail_cases = 5,fault = 22&18&19&20&21,
SUCCESS;76:edges = 109,fail_cases = 5,fault = 22&16&18&19&20&21,
SUCCESS;77:edges = 110,fail_cases = 5,fault = 22&16&17&18&19&20&21,
SUCCESS;78:edges = 112,fail_cases = 5,fault = 22&23&18&19&20&21,
SUCCESS;79:edges = 113,fail_cases = 5,fault = 22&23&16&18&19&20&21,
SUCCESS;80:edges = 114,fail_cases = 5,fault = 22&23&16&17&18&19&20&21,
FAIL;81:edges = 114,fail_cases = 6,fault = 22&23&24&18&19&20&21,
SUCCESS;82:edges = 116,fail_cases = 6,fault = 25,
SUCCESS;83:edges = 117,fail_cases = 6,fault = 25&18,
SUCCESS;84:edges = 118,fail_cases = 6,fault = 25&18&19,
SUCCESS;85:edges = 119,fail_cases = 6,fault = 25&18&19&20,
SUCCESS;86:edges = 120,fail_cases = 6,fault = 22&25&18&19&20,
SUCCESS;87:edges = 121,fail_cases = 6,fault = 22&23&25&18&19&20,
SUCCESS;88:edges = 123,fail_cases = 6,fault = 22&23&24&25&18&19&20,
SUCCESS;89:edges = 125,fail_cases = 6,fault = 22&23&24&25&27&18&19&20,
SUCCESS;90:edges = 126,fail_cases = 6,fault = 25&26&21,
SUCCESS;91:edges = 129,fail_cases = 6,fault = 22&23&24&25&27&18&29&19&20,
SUCCESS;92:edges = 131,fail_cases = 6,fault = 22&33&23&24&25&27&18&29&19&20,
FAIL;93:edges = 131,fail_cases = 7,fault = 22&23&24&25&27&28&18&29&19&20,
SUCCESS;94:edges = 132,fail_cases = 7,fault = 32&21,
SUCCESS;95:edges = 133,fail_cases = 7,fault = 25&32&21,
SUCCESS;96:edges = 134,fail_cases = 7,fault = 25&26&32&21,
SUCCESS;97:edges = 135,fail_cases = 7,fault = 33&32&21,
SUCCESS;98:edges = 136,fail_cases = 7,fault = 25&26&27&21,
SUCCESS;99:edges = 138,fail_cases = 7,fault = 22&33&23&34&24&25&27&18&29&19&20,
SUCCESS;100:edges = 139,fail_cases = 7,fault = 25&26&27&32&21,
SUCCESS;101:edges = 140,fail_cases = 7,fault = 22&23&24&25&27&28&18&19&20&32,
SUCCESS;102:edges = 141,fail_cases = 7,fault = 33&18&32&21,
SUCCESS;103:edges = 142,fail_cases = 7,fault = 25&26&27&18&21,
SUCCESS;104:edges = 143,fail_cases = 7,fault = 33&34&18&32&21,
SUCCESS;105:edges = 144,fail_cases = 7,fault = 33&35&27&18&32&21,
SUCCESS;106:edges = 146,fail_cases = 7,fault = 22&33&23&34&24&35&25&27&18&29&19&20,
SUCCESS;107:edges = 147,fail_cases = 7,fault = 25&26&18&19&21,
SUCCESS;108:edges = 148,fail_cases = 7,fault = 25&26&18&19&20&21,
SUCCESS;109:edges = 149,fail_cases = 7,fault = 33&25&27&18&19&32&21,
SUCCESS;110:edges = 150,fail_cases = 7,fault = 25&26&27&28&18&19&21,
SUCCESS;111:edges = 151,fail_cases = 7,fault = 33&34&35&18&19&20&32&21,
SUCCESS;112:edges = 152,fail_cases = 7,fault = 25&26&27&18&19&20&21,
SUCCESS;113:edges = 153,fail_cases = 7,fault = 22&25&26&18&19&20&21,
SUCCESS;114:edges = 154,fail_cases = 7,fault = 33&34&25&18&19&20&32&21,
SUCCESS;115:edges = 155,fail_cases = 7,fault = 33&22&23&24&25&27&28&18&19&20&32,
SUCCESS;116:edges = 156,fail_cases = 7,fault = 33&22&35&36&27&18&19&20&32&21,
SUCCESS;117:edges = 157,fail_cases = 7,fault = 33&23&35&36&27&18&29&19&20&32&21,
SUCCESS;118:edges = 158,fail_cases = 7,fault = 33&22&23&35&36&18&19&20&32&21,
SUCCESS;119:edges = 159,fail_cases = 7,fault = 33&22&23&35&25&27&18&19&20&32&21,
SUCCESS;120:edges = 160,fail_cases = 7,fault = 33&22&34&23&24&25&28&18&19&20&32,
SUCCESS;121:edges = 161,fail_cases = 7,fault = 33&22&34&23&24&25&27&28&18&19&20&32,
SUCCESS;122:edges = 162,fail_cases = 7,fault = 22&33&34&35&25&36&26&27&18&19&20&21,
SUCCESS;123:edges = 163,fail_cases = 7,fault = 33&22&23&35&36&27&28&18&19&20&32&21,
SUCCESS;124:edges = 165,fail_cases = 7,fault = 22&33&23&34&24&35&25&36&27&18&29&19&20,
SUCCESS;125:edges = 167,fail_cases = 7,fault = 22&33&23&34&24&35&25&36&27&18&29&19&30&20,
FAIL;126:edges = 167,fail_cases = 8,fault = 22&33&23&34&24&35&25&36&27&18&29&19&30&20&31,
SUCCESS;127:edges = 168,fail_cases = 8,fault = 33&35&25&27&28&29&32,
SUCCESS;128:edges = 169,fail_cases = 8,fault = 33&22&34&23&35&24&25&28&18&19&20&32,
SUCCESS;129:edges = 170,fail_cases = 8,fault = 33&22&34&23&35&24&25&27&28&18&19&20&32,
SUCCESS;130:edges = 171,fail_cases = 8,fault = 33&35&36&27&28&29&32,
FAIL;131:edges = 171,fail_cases = 9,fault = 25&26&27&28&29,
SUCCESS;132:edges = 172,fail_cases = 9,fault = 33&34&35&36&28&30&32,
FAIL;133:edges = 172,fail_cases = 10,fault = 33&35&36&27&28&29&30&31&32,
FAIL;134:edges = 172,fail_cases = 11,fault = 33&34&35&25&36&26&27&29&30&31,
SUCCESS;135:edges = 173,fail_cases = 11,fault = 33&35&36&25&27&28&29&32,
SUCCESS;136:edges = 174,fail_cases = 11,fault = 33&22&34&23&35&24&36&25&28&18&19&20&32,
SUCCESS;137:edges = 175,fail_cases = 11,fault = 33&22&34&23&35&24&36&25&27&28&18&19&20&32,
SUCCESS;138:edges = 176,fail_cases = 11,fault = 33&35&36&25&27&28&29&30&32,
SUCCESS;139:edges = 177,fail_cases = 11,fault = 33&22&34&23&35&24&36&25&28&18&19&30&20&32,
SUCCESS;140:edges = 178,fail_cases = 11,fault = 33&22&34&23&35&24&36&25&27&28&18&19&30&20&32,
FAIL;141:edges = 178,fail_cases = 12,fault = 33&34&35&36&30&31&32,
SUCCESS;142:edges = 180,fail_cases = 12,fault = 37,
SUCCESS;143:edges = 181,fail_cases = 12,fault = 22&23&24&25&37&27&18&29&19&20,
SUCCESS;144:edges = 182,fail_cases = 12,fault = 22&33&23&24&25&37&27&18&29&19&20,
SUCCESS;145:edges = 183,fail_cases = 12,fault = 22&33&23&34&24&25&37&27&18&29&19&20,
SUCCESS;146:edges = 184,fail_cases = 12,fault = 22&33&23&34&24&35&25&37&27&18&29&19&20,
SUCCESS;147:edges = 185,fail_cases = 12,fault = 22&33&23&34&24&35&25&36&37&27&18&29&19&20,
SUCCESS;148:edges = 186,fail_cases = 12,fault = 22&33&23&34&24&35&25&36&37&27&18&29&19&30&20,
FAIL;149:edges = 186,fail_cases = 13,fault = 37&38,
SUCCESS;150:edges = 188,fail_cases = 13,fault = 39,
SUCCESS;151:edges = 189,fail_cases = 13,fault = 37&39,
SUCCESS;152:edges = 191,fail_cases = 13,fault = 39&40,
SUCCESS;153:edges = 192,fail_cases = 13,fault = 37&39&40,
SUCCESS;154:edges = 194,fail_cases = 13,fault = 39&40&41,
SUCCESS;155:edges = 196,fail_cases = 13,fault = 37&39&40&41,
SUCCESS;156:edges = 198,fail_cases = 13,fault = 37&39&40&41&43,
SUCCESS;157:edges = 200,fail_cases = 13,fault = 44&37&39&40&41&43,
FAIL;158:edges = 200,fail_cases = 14,fault = 44&45&37&39&40&41&43,
SUCCESS;159:edges = 201,fail_cases = 14,fault = 38&39&40&41&42,
SUCCESS;160:edges = 202,fail_cases = 14,fault = 38&39&40&41&42&43,
SUCCESS;161:edges = 203,fail_cases = 14,fault = 44&38&39&40&41&42&43,
FAIL;162:edges = 203,fail_cases = 15,fault = 44&45&39&40&41&42&43,
SUCCESS;163:edges = 205,fail_cases = 15,fault = 48,
SUCCESS;164:edges = 206,fail_cases = 15,fault = 48&39,
SUCCESS;165:edges = 207,fail_cases = 15,fault = 48&39&40,
SUCCESS;166:edges = 208,fail_cases = 15,fault = 48&39&40&41,
SUCCESS;167:edges = 209,fail_cases = 15,fault = 48&37&39&40&41,
SUCCESS;168:edges = 210,fail_cases = 15,fault = 48&37&39&40&41&43,
SUCCESS;169:edges = 211,fail_cases = 15,fault = 44&48&37&39&40&41&43,
SUCCESS;170:edges = 213,fail_cases = 15,fault = 48&49,
SUCCESS;171:edges = 214,fail_cases = 15,fault = 48&49&39,
SUCCESS;172:edges = 215,fail_cases = 15,fault = 48&49&39&40,
SUCCESS;173:edges = 216,fail_cases = 15,fault = 48&49&39&40&41,
SUCCESS;174:edges = 217,fail_cases = 15,fault = 48&37&49&39&40&41,
SUCCESS;175:edges = 218,fail_cases = 15,fault = 48&37&49&39&40&41&43,
SUCCESS;176:edges = 219,fail_cases = 15,fault = 44&48&37&49&39&40&41&43,
SUCCESS;177:edges = 221,fail_cases = 15,fault = 48&49&50,
SUCCESS;178:edges = 222,fail_cases = 15,fault = 48&49&39&50,
SUCCESS;179:edges = 223,fail_cases = 15,fault = 48&49&39&50&40,
SUCCESS;180:edges = 224,fail_cases = 15,fault = 48&49&39&50&40&41,
SUCCESS;181:edges = 225,fail_cases = 15,fault = 48&37&49&39&50&40&41,
SUCCESS;182:edges = 226,fail_cases = 15,fault = 48&37&49&39&50&40&41&43,
SUCCESS;183:edges = 227,fail_cases = 15,fault = 44&48&37&49&39&50&40&41&43,
SUCCESS;184:edges = 229,fail_cases = 15,fault = 48&49&50&51,
SUCCESS;185:edges = 230,fail_cases = 15,fault = 48&49&39&50&51,
SUCCESS;186:edges = 231,fail_cases = 15,fault = 48&49&39&50&51&40,
SUCCESS;187:edges = 232,fail_cases = 15,fault = 48&49&39&50&51&40&41,
SUCCESS;188:edges = 233,fail_cases = 15,fault = 48&49&39&50&51&40&41&43,
SUCCESS;189:edges = 234,fail_cases = 15,fault = 44&48&49&39&50&51&40&41&43,
SUCCESS;190:edges = 236,fail_cases = 15,fault = 44&45&48&49&39&50&51&40&41&43,
SUCCESS;191:edges = 237,fail_cases = 15,fault = 46&48&37&49&50&51,
SUCCESS;192:edges = 238,fail_cases = 15,fault = 46&48&37&49&39&50&51,
SUCCESS;193:edges = 239,fail_cases = 15,fault = 46&48&37&49&39&50&51&40,
SUCCESS;194:edges = 240,fail_cases = 15,fault = 46&48&37&49&39&50&51&40&41,
SUCCESS;195:edges = 241,fail_cases = 15,fault = 46&48&37&49&39&50&51&40&41&43,
SUCCESS;196:edges = 242,fail_cases = 15,fault = 44&46&48&37&49&39&50&51&40&41&43,
FAIL;197:edges = 242,fail_cases = 16,fault = 44&45&47&48&49&39&50&51&40&41&43,
FAIL;198:edges = 242,fail_cases = 17,fault = 46&47&48&49&50&51,
SUCCESS;199:edges = 245,fail_cases = 17,fault = 52,
SUCCESS;200:edges = 246,fail_cases = 17,fault = 48&54,
SUCCESS;201:edges = 247,fail_cases = 17,fault = 48&52,
SUCCESS;202:edges = 248,fail_cases = 17,fault = 48&49&52,
SUCCESS;203:edges = 249,fail_cases = 17,fault = 48&49&50&52,
SUCCESS;204:edges = 250,fail_cases = 17,fault = 48&49&50&51&52,
SUCCESS;205:edges = 251,fail_cases = 17,fault = 44&45&48&49&39&50&51&40&52&41&43,
FAIL;206:edges = 251,fail_cases = 18,fault = 52&53,
SUCCESS;207:edges = 253,fail_cases = 18,fault = 55&52,
SUCCESS;208:edges = 254,fail_cases = 18,fault = 55&53&54,
FAIL;209:edges = 254,fail_cases = 19,fault = 55&56&52,
FAIL;210:edges = 254,fail_cases = 20,fault = 55&56&54,
SUCCESS;211:edges = 256,fail_cases = 20,fault = 64,
SUCCESS;212:edges = 257,fail_cases = 20,fault = 55&64,
SUCCESS;213:edges = 259,fail_cases = 20,fault = 55&56&64,
SUCCESS;214:edges = 260,fail_cases = 20,fault = 57&52&64,
SUCCESS;215:edges = 261,fail_cases = 20,fault = 55&57&52&64,
SUCCESS;216:edges = 263,fail_cases = 20,fault = 55&56&58&64,
SUCCESS;217:edges = 264,fail_cases = 20,fault = 57&58&52&64,
SUCCESS;218:edges = 265,fail_cases = 20,fault = 55&57&58&52&64,
SUCCESS;219:edges = 267,fail_cases = 20,fault = 55&56&58&59&64,
SUCCESS;220:edges = 268,fail_cases = 20,fault = 57&58&59&52&64,
SUCCESS;221:edges = 269,fail_cases = 20,fault = 55&57&58&59&52&64,
SUCCESS;222:edges = 271,fail_cases = 20,fault = 55&56&58&59&60&64,
SUCCESS;223:edges = 272,fail_cases = 20,fault = 57&58&59&60&52&64,
SUCCESS;224:edges = 273,fail_cases = 20,fault = 55&57&58&59&60&52&64,
SUCCESS;225:edges = 275,fail_cases = 20,fault = 55&56&58&59&60&61&64,
SUCCESS;226:edges = 276,fail_cases = 20,fault = 57&58&59&60&61&52&64,
SUCCESS;227:edges = 277,fail_cases = 20,fault = 55&57&58&59&60&61&52&64,
SUCCESS;228:edges = 279,fail_cases = 20,fault = 55&56&58&59&60&61&62&64,
SUCCESS;229:edges = 280,fail_cases = 20,fault = 57&58&59&60&61&62&52&64,
SUCCESS;230:edges = 281,fail_cases = 20,fault = 55&57&58&59&60&61&62&52&64,
FAIL;231:edges = 281,fail_cases = 21,fault = 55&56&58&59&60&61&62&63&64,
FAIL;232:edges = 281,fail_cases = 22,fault = 57&58&59&60&61&62&63&64,
SUCCESS;233:edges = 283,fail_cases = 22,fault = 65,
SUCCESS;234:edges = 284,fail_cases = 22,fault = 64&65,
SUCCESS;235:edges = 285,fail_cases = 22,fault = 55&56&64&65,
SUCCESS;236:edges = 286,fail_cases = 22,fault = 55&56&58&64&65,
SUCCESS;237:edges = 287,fail_cases = 22,fault = 55&56&58&59&64&65,
SUCCESS;238:edges = 288,fail_cases = 22,fault = 55&56&58&59&60&64&65,
SUCCESS;239:edges = 289,fail_cases = 22,fault = 55&56&58&59&60&61&64&65,
SUCCESS;240:edges = 290,fail_cases = 22,fault = 55&56&58&59&60&61&62&64&65,
SUCCESS;241:edges = 292,fail_cases = 22,fault = 66&65,
SUCCESS;242:edges = 293,fail_cases = 22,fault = 66&64&65,
SUCCESS;243:edges = 294,fail_cases = 22,fault = 66&55&56&64&65,
SUCCESS;244:edges = 295,fail_cases = 22,fault = 66&55&56&58&64&65,
SUCCESS;245:edges = 296,fail_cases = 22,fault = 66&55&56&58&59&64&65,
SUCCESS;246:edges = 297,fail_cases = 22,fault = 66&55&56&58&59&60&64&65,
SUCCESS;247:edges = 298,fail_cases = 22,fault = 66&55&56&58&59&60&61&64&65,
SUCCESS;248:edges = 300,fail_cases = 22,fault = 66&55&56&58&59&60&61&62&64&65,
SUCCESS;249:edges = 303,fail_cases = 22,fault = 66&55&56&58&59&70&60&61&62&64&65,
FAIL;250:edges = 303,fail_cases = 23,fault = 66&55&56&67&58&59&70&60&61&62&64&65,
SUCCESS;251:edges = 306,fail_cases = 23,fault = 66&55&56&58&59&70&60&61&62&73&64&65,
SUCCESS;252:edges = 308,fail_cases = 23,fault = 66&55&56&58&59&70&60&61&62&73&64&75&65,
SUCCESS;253:edges = 310,fail_cases = 23,fault = 66&55&56&58&59&70&60&61&62&73&64&75&65&76,
SUCCESS;254:edges = 312,fail_cases = 23,fault = 66&55&77&56&58&59&70&60&61&62&73&64&75&65&76,
FAIL;255:edges = 312,fail_cases = 24,fault = 66&55&77&56&78&58&59&70&60&61&62&73&64&75&65&76,
FAIL;256:edges = 312,fail_cases = 25,fault = 66&55&56&58&59&70&60&61&72&62&73&64&65,
SUCCESS;257:edges = 314,fail_cases = 25,fault = 66&68&63&65,
SUCCESS;258:edges = 315,fail_cases = 25,fault = 66&68&69&63&65,
SUCCESS;259:edges = 316,fail_cases = 25,fault = 66&68&70&72&73&64&65,
SUCCESS;260:edges = 317,fail_cases = 25,fault = 66&55&56&67&68&70&64&65,
SUCCESS;261:edges = 318,fail_cases = 25,fault = 66&55&77&56&78&68&58&70&73&64&75&65&76,
SUCCESS;262:edges = 319,fail_cases = 25,fault = 66&55&56&67&68&58&59&70&64&65,
SUCCESS;263:edges = 320,fail_cases = 25,fault = 66&55&56&68&58&59&70&60&72&73&64&65,
SUCCESS;264:edges = 321,fail_cases = 25,fault = 66&55&56&68&58&59&60&61&63&64&65,
FAIL;265:edges = 321,fail_cases = 26,fault = 66&77&78&57&58&59&70&60&61&62&73&64&75&65&76,
FAIL;266:edges = 321,fail_cases = 27,fault = 66&57&58&59&70&60&61&72&62&73&64&65,
SUCCESS;267:edges = 322,fail_cases = 27,fault = 66&68&69&70&63&65,
SUCCESS;268:edges = 323,fail_cases = 27,fault = 71&63&64,
FAIL;269:edges = 323,fail_cases = 28,fault = 66&67&57&58&59&70&60&61&62&64&65,
SUCCESS;270:edges = 324,fail_cases = 28,fault = 71&73&63&64,
SUCCESS;271:edges = 325,fail_cases = 28,fault = 74&63&64&65,
SUCCESS;272:edges = 326,fail_cases = 28,fault = 66&55&56&58&59&70&60&61&72&62&74&64&65,
SUCCESS;273:edges = 327,fail_cases = 28,fault = 74&63&75&64&65,
SUCCESS;274:edges = 328,fail_cases = 28,fault = 66&74&63&75&64&65,
SUCCESS;275:edges = 329,fail_cases = 28,fault = 66&55&56&74&63&75&64&65,
SUCCESS;276:edges = 330,fail_cases = 28,fault = 55&77&56&78&58&71&63&64&75&65&76,
SUCCESS;277:edges = 331,fail_cases = 28,fault = 66&55&56&58&74&63&75&64&65,
SUCCESS;278:edges = 332,fail_cases = 28,fault = 66&55&56&68&69&58&59&63&64&65,
SUCCESS;279:edges = 333,fail_cases = 28,fault = 66&55&56&58&59&74&63&75&64&65,
SUCCESS;280:edges = 334,fail_cases = 28,fault = 66&55&56&58&59&60&74&63&75&64&65,
SUCCESS;281:edges = 335,fail_cases = 28,fault = 66&55&56&68&69&58&59&60&61&63&64&65,
SUCCESS;282:edges = 336,fail_cases = 28,fault = 66&55&56&68&69&58&59&70&60&61&63&64&65,
SUCCESS;283:edges = 337,fail_cases = 28,fault = 66&68&69&60&72&62&73&63&64&65,
SUCCESS;284:edges = 338,fail_cases = 28,fault = 66&55&56&67&68&69&60&62&63&64&65,
SUCCESS;285:edges = 339,fail_cases = 28,fault = 66&55&77&56&78&68&69&58&60&62&73&63&64&75&65&76,
FAIL;286:edges = 339,fail_cases = 29,fault = 66&55&77&56&78&68&69&58&60&61&62&73&63&64&75&65&76,
FAIL;287:edges = 339,fail_cases = 30,fault = 66&55&56&67&68&69&58&60&61&62&63&64&65,
FAIL;288:edges = 339,fail_cases = 31,fault = 66&55&56&68&69&58&60&61&72&62&73&63&64&65,
FAIL;289:edges = 339,fail_cases = 32,fault = 66&77&78&68&57&69&58&60&61&62&73&63&64&75&65&76,
FAIL;290:edges = 339,fail_cases = 33,fault = 66&68&57&69&58&60&61&72&62&73&63&64&65,
FAIL;291:edges = 339,fail_cases = 34,fault = 66&67&68&57&69&58&60&61&62&63&64&65,
FAIL;292:edges = 339,fail_cases = 35,fault = 66&77&78&68&69&70&73&75&65&76,
SUCCESS;293:edges = 340,fail_cases = 35,fault = 66&67&71&65,
SUCCESS;294:edges = 341,fail_cases = 35,fault = 66&55&67&56&58&59&71&60&61&62&64&65,
SUCCESS;295:edges = 342,fail_cases = 35,fault = 66&55&67&56&68&58&71&60&61&62&63&64&65,
SUCCESS;296:edges = 343,fail_cases = 35,fault = 66&67&71&73&65,
SUCCESS;297:edges = 344,fail_cases = 35,fault = 66&55&67&56&58&59&71&60&61&73&62&64&65,
SUCCESS;298:edges = 345,fail_cases = 35,fault = 66&55&67&56&68&58&60&61&62&74&63&75&64&65,
FAIL;299:edges = 345,fail_cases = 36,fault = 66&67&68&69&70&65,
FAIL;300:edges = 345,fail_cases = 37,fault = 66&68&69&70&72&73&65,
SUCCESS;301:edges = 346,fail_cases = 37,fault = 72&74&75,
FAIL;302:edges = 346,fail_cases = 38,fault = 71&72&73,
SUCCESS;303:edges = 347,fail_cases = 38,fault = 72&74&75&76,
SUCCESS;304:edges = 348,fail_cases = 38,fault = 66&55&56&68&69&58&60&61&72&62&74&63&75&64&76&65,
FAIL;305:edges = 348,fail_cases = 39,fault = 77&78&71&73&75&76,
SUCCESS;306:edges = 349,fail_cases = 39,fault = 77&72&74&75&76,
SUCCESS;307:edges = 350,fail_cases = 39,fault = 77&66&55&56&58&59&70&60&61&72&62&74&75&64&76&65,
FAIL;308:edges = 350,fail_cases = 40,fault = 77&78&72&73&74&75,
FAIL;309:edges = 350,fail_cases = 41,fault = 77&78&74&75&76,
SUCCESS;310:edges = 352,fail_cases = 41,fault = 80,
SUCCESS;311:edges = 353,fail_cases = 41,fault = 66&55&56&68&69&58&80&60&61&62&73&63&64&65,
SUCCESS;312:edges = 354,fail_cases = 41,fault = 66&55&56&58&59&80&70&60&61&62&73&64&75&65,
SUCCESS;313:edges = 355,fail_cases = 41,fault = 66&55&56&58&59&80&70&60&61&62&73&64&75&65&76,
SUCCESS;314:edges = 356,fail_cases = 41,fault = 66&55&77&56&58&59&80&70&60&61&62&73&64&75&65&76,
SUCCESS;315:edges = 358,fail_cases = 41,fault = 80&81,
SUCCESS;316:edges = 359,fail_cases = 41,fault = 66&55&56&58&59&80&81&70&60&61&62&73&64&65,
SUCCESS;317:edges = 360,fail_cases = 41,fault = 66&55&56&58&59&80&81&70&60&61&62&73&64&75&65,
SUCCESS;318:edges = 361,fail_cases = 41,fault = 66&55&56&68&69&58&80&81&60&61&62&73&63&64&75&65&76,
SUCCESS;319:edges = 362,fail_cases = 41,fault = 66&55&77&56&68&69&58&80&81&60&61&62&73&63&64&75&65&76,
SUCCESS;320:edges = 364,fail_cases = 41,fault = 80&81&82,
SUCCESS;321:edges = 365,fail_cases = 41,fault = 66&55&56&68&69&58&80&81&82&60&61&62&73&63&64&65,
SUCCESS;322:edges = 366,fail_cases = 41,fault = 66&55&56&58&59&80&81&70&82&60&61&62&73&64&75&65,
SUCCESS;323:edges = 367,fail_cases = 41,fault = 66&55&56&58&59&80&81&70&82&60&61&62&73&64&75&65&76,
SUCCESS;324:edges = 368,fail_cases = 41,fault = 66&55&77&56&68&69&58&80&81&82&60&61&62&73&63&64&75&65&76,
SUCCESS;325:edges = 370,fail_cases = 41,fault = 80&81&82&83,
SUCCESS;326:edges = 371,fail_cases = 41,fault = 66&55&56&58&59&80&81&70&82&60&83&61&62&73&64&65,
SUCCESS;327:edges = 372,fail_cases = 41,fault = 66&55&56&68&69&58&80&81&82&60&83&61&62&73&63&64&75&65,
SUCCESS;328:edges = 373,fail_cases = 41,fault = 66&55&56&68&69&58&80&81&82&60&83&61&62&73&63&64&75&65&76,
SUCCESS;329:edges = 374,fail_cases = 41,fault = 66&55&77&56&58&59&80&81&70&82&60&83&61&62&73&64&75&65&76,
SUCCESS;330:edges = 376,fail_cases = 41,fault = 80&81&82&83&84,
SUCCESS;331:edges = 377,fail_cases = 41,fault = 66&55&56&68&69&58&80&81&82&60&83&61&84&62&73&63&64&65,
SUCCESS;332:edges = 378,fail_cases = 41,fault = 66&55&56&58&59&80&81&70&82&60&83&61&84&62&73&64&75&65,
SUCCESS;333:edges = 379,fail_cases = 41,fault = 66&55&56&68&69&58&80&81&82&60&83&61&84&62&73&63&64&75&65&76,
SUCCESS;334:edges = 380,fail_cases = 41,fault = 66&55&77&56&68&69&58&80&81&82&60&83&61&84&62&73&63&64&75&65&76,
SUCCESS;335:edges = 382,fail_cases = 41,fault = 80&81&82&83&84&85,
SUCCESS;336:edges = 383,fail_cases = 41,fault = 66&55&56&58&59&80&81&70&82&60&83&61&84&62&73&85&64&65,
SUCCESS;337:edges = 384,fail_cases = 41,fault = 66&55&56&68&69&58&80&81&82&60&83&61&84&62&73&85&63&64&75&65,
SUCCESS;338:edges = 385,fail_cases = 41,fault = 66&55&56&68&69&58&80&81&82&60&83&61&84&62&73&85&63&64&75&65&76,
SUCCESS;339:edges = 386,fail_cases = 41,fault = 66&55&77&56&58&59&80&81&70&82&60&83&61&84&62&73&85&64&75&65&76,
FAIL;340:edges = 386,fail_cases = 42,fault = 79&80&81&82&83&84&85,
SUCCESS;341:edges = 388,fail_cases = 42,fault = 86,
SUCCESS;342:edges = 389,fail_cases = 42,fault = 80&86,
SUCCESS;343:edges = 390,fail_cases = 42,fault = 80&81&86,
SUCCESS;344:edges = 391,fail_cases = 42,fault = 80&81&82&86,
SUCCESS;345:edges = 392,fail_cases = 42,fault = 80&81&82&83&86,
SUCCESS;346:edges = 393,fail_cases = 42,fault = 80&81&82&83&84&86,
SUCCESS;347:edges = 394,fail_cases = 42,fault = 80&81&82&83&84&85&86,
SUCCESS;348:edges = 396,fail_cases = 42,fault = 86&87,
SUCCESS;349:edges = 397,fail_cases = 42,fault = 80&86&87,
SUCCESS;350:edges = 398,fail_cases = 42,fault = 80&81&86&87,
SUCCESS;351:edges = 399,fail_cases = 42,fault = 80&81&82&86&87,
SUCCESS;352:edges = 400,fail_cases = 42,fault = 80&81&82&83&86&87,
SUCCESS;353:edges = 401,fail_cases = 42,fault = 80&81&82&83&84&86&87,
SUCCESS;354:edges = 402,fail_cases = 42,fault = 80&81&82&83&84&85&86&87,
FAIL;355:edges = 402,fail_cases = 43,fault = 88&86&87,
SUCCESS;356:edges = 404,fail_cases = 43,fault = 89,
SUCCESS;357:edges = 405,fail_cases = 43,fault = 89&86,
SUCCESS;358:edges = 406,fail_cases = 43,fault = 89&86&87,
SUCCESS;359:edges = 408,fail_cases = 43,fault = 89&90,
SUCCESS;360:edges = 409,fail_cases = 43,fault = 89&90&86,
SUCCESS;361:edges = 410,fail_cases = 43,fault = 89&90&86&87,
FAIL;362:edges = 410,fail_cases = 44,fault = 89&90&91,
SUCCESS;363:edges = 412,fail_cases = 44,fault = 92,
SUCCESS;364:edges = 413,fail_cases = 44,fault = 89&92,
SUCCESS;365:edges = 414,fail_cases = 44,fault = 89&90&92,
FAIL;366:edges = 414,fail_cases = 45,fault = 92&93,
SUCCESS;367:edges = 416,fail_cases = 45,fault = 96,
SUCCESS;368:edges = 417,fail_cases = 45,fault = 92&96,
SUCCESS;369:edges = 419,fail_cases = 45,fault = 96&97,
SUCCESS;370:edges = 420,fail_cases = 45,fault = 92&96&97,
SUCCESS;371:edges = 422,fail_cases = 45,fault = 96&97&98,
SUCCESS;372:edges = 423,fail_cases = 45,fault = 92&96&97&98,
SUCCESS;373:edges = 425,fail_cases = 45,fault = 99&96&97&98,
SUCCESS;374:edges = 426,fail_cases = 45,fault = 99&92&96&97&98,
SUCCESS;375:edges = 428,fail_cases = 45,fault = 99&100&96&97&98,
SUCCESS;376:edges = 429,fail_cases = 45,fault = 99&100&92&96&97&98,
SUCCESS;377:edges = 431,fail_cases = 45,fault = 99&100&94&96&97&98,
SUCCESS;378:edges = 432,fail_cases = 45,fault = 99&100&92&94&96&97&98,
FAIL;379:edges = 432,fail_cases = 46,fault = 99&100&94&95&96&97&98,
SUCCESS;380:edges = 434,fail_cases = 46,fault = 101,
SUCCESS;381:edges = 435,fail_cases = 46,fault = 101&96,
SUCCESS;382:edges = 436,fail_cases = 46,fault = 101&96&97,
SUCCESS;383:edges = 437,fail_cases = 46,fault = 101&96&97&98,
SUCCESS;384:edges = 438,fail_cases = 46,fault = 99&101&96&97&98,
SUCCESS;385:edges = 439,fail_cases = 46,fault = 99&100&101&96&97&98,
SUCCESS;386:edges = 440,fail_cases = 46,fault = 99&100&101&94&96&97&98,
SUCCESS;387:edges = 442,fail_cases = 46,fault = 101&102,
SUCCESS;388:edges = 443,fail_cases = 46,fault = 101&102&96,
SUCCESS;389:edges = 444,fail_cases = 46,fault = 101&102&96&97,
SUCCESS;390:edges = 445,fail_cases = 46,fault = 101&102&96&97&98,
SUCCESS;391:edges = 446,fail_cases = 46,fault = 99&101&102&96&97&98,
SUCCESS;392:edges = 447,fail_cases = 46,fault = 99&100&101&102&96&97&98,
SUCCESS;393:edges = 448,fail_cases = 46,fault = 99&100&101&102&94&96&97&98,
SUCCESS;394:edges = 450,fail_cases = 46,fault = 101&102&103,
SUCCESS;395:edges = 451,fail_cases = 46,fault = 101&102&103&96,
SUCCESS;396:edges = 452,fail_cases = 46,fault = 101&102&103&96&97,
SUCCESS;397:edges = 453,fail_cases = 46,fault = 101&102&103&96&97&98,
SUCCESS;398:edges = 454,fail_cases = 46,fault = 99&101&102&103&96&97&98,
SUCCESS;399:edges = 455,fail_cases = 46,fault = 99&100&101&102&103&96&97&98,
SUCCESS;400:edges = 456,fail_cases = 46,fault = 99&100&101&102&103&94&96&97&98,
SUCCESS;401:edges = 458,fail_cases = 46,fault = 101&102&103&104,
SUCCESS;402:edges = 459,fail_cases = 46,fault = 101&102&103&104&96,
SUCCESS;403:edges = 460,fail_cases = 46,fault = 101&102&103&104&96&97,
SUCCESS;404:edges = 461,fail_cases = 46,fault = 101&102&103&104&96&97&98,
SUCCESS;405:edges = 462,fail_cases = 46,fault = 99&101&102&103&104&96&97&98,
SUCCESS;406:edges = 463,fail_cases = 46,fault = 99&100&101&102&103&104&96&97&98,
SUCCESS;407:edges = 464,fail_cases = 46,fault = 99&100&101&102&103&104&94&96&97&98,
SUCCESS;408:edges = 466,fail_cases = 46,fault = 101&102&103&104&105,
SUCCESS;409:edges = 467,fail_cases = 46,fault = 101&102&103&104&105&96,
SUCCESS;410:edges = 468,fail_cases = 46,fault = 101&102&103&104&105&96&97,
SUCCESS;411:edges = 469,fail_cases = 46,fault = 101&102&103&104&105&96&97&98,
SUCCESS;412:edges = 470,fail_cases = 46,fault = 99&101&102&103&104&105&96&97&98,
SUCCESS;413:edges = 471,fail_cases = 46,fault = 99&100&101&102&103&104&105&96&97&98,
SUCCESS;414:edges = 472,fail_cases = 46,fault = 99&100&101&102&103&104&105&94&96&97&98,
FAIL;415:edges = 472,fail_cases = 47,fault = 101&102&103&104&105&106,
SUCCESS;416:edges = 474,fail_cases = 47,fault = 112,
SUCCESS;417:edges = 475,fail_cases = 47,fault = 112&101,
SUCCESS;418:edges = 476,fail_cases = 47,fault = 112&101&103,
SUCCESS;419:edges = 477,fail_cases = 47,fault = 112&101&103&104,
SUCCESS;420:edges = 478,fail_cases = 47,fault = 112&101&103&104&105,
SUCCESS;421:edges = 480,fail_cases = 47,fault = 112&101&103&104&105&106,
SUCCESS;422:edges = 482,fail_cases = 47,fault = 112&101&103&104&105&106&107,
SUCCESS;423:edges = 484,fail_cases = 47,fault = 112&101&103&104&105&106&107&108,
SUCCESS;424:edges = 486,fail_cases = 47,fault = 112&101&103&104&105&106&107&108&109,
SUCCESS;425:edges = 488,fail_cases = 47,fault = 110&112&101&103&104&105&106&107&108&109,
SUCCESS;426:edges = 489,fail_cases = 47,fault = 112&113&102,
SUCCESS;427:edges = 490,fail_cases = 47,fault = 112&113&102&107,
FAIL;428:edges = 490,fail_cases = 48,fault = 110&111&112&101&103&104&105&106&107&108&109,
SUCCESS;429:edges = 491,fail_cases = 48,fault = 112&113&102&107&108,
SUCCESS;430:edges = 492,fail_cases = 48,fault = 112&113&102&107&108&109,
SUCCESS;431:edges = 493,fail_cases = 48,fault = 110&112&113&102&107&108&109,
SUCCESS;432:edges = 494,fail_cases = 48,fault = 112&101&113&102,
SUCCESS;433:edges = 495,fail_cases = 48,fault = 112&101&113&102&107,
SUCCESS;434:edges = 496,fail_cases = 48,fault = 112&101&113&102&107&108,
SUCCESS;435:edges = 497,fail_cases = 48,fault = 112&101&113&102&107&108&109,
SUCCESS;436:edges = 498,fail_cases = 48,fault = 110&112&101&113&102&107&108&109,
SUCCESS;437:edges = 499,fail_cases = 48,fault = 112&101&113&102&103,
SUCCESS;438:edges = 500,fail_cases = 48,fault = 112&101&113&102&103&107,
SUCCESS;439:edges = 501,fail_cases = 48,fault = 112&101&113&102&103&107&108,
SUCCESS;440:edges = 502,fail_cases = 48,fault = 112&101&113&102&103&104,
SUCCESS;441:edges = 503,fail_cases = 48,fault = 112&101&113&102&103&107&108&109,
SUCCESS;442:edges = 504,fail_cases = 48,fault = 112&101&113&102&103&104&105,
SUCCESS;443:edges = 505,fail_cases = 48,fault = 112&101&113&102&103&104&107,
SUCCESS;444:edges = 506,fail_cases = 48,fault = 110&112&101&113&102&103&107&108&109,
SUCCESS;445:edges = 507,fail_cases = 48,fault = 112&101&113&102&103&104&105&107,
SUCCESS;446:edges = 508,fail_cases = 48,fault = 112&101&113&102&103&104&107&108,
SUCCESS;447:edges = 509,fail_cases = 48,fault = 112&101&113&102&103&104&107&108&109,
SUCCESS;448:edges = 510,fail_cases = 48,fault = 110&112&101&113&102&103&104&107&108&109,
SUCCESS;449:edges = 511,fail_cases = 48,fault = 112&101&113&102&103&104&105&107&108,
SUCCESS;450:edges = 512,fail_cases = 48,fault = 112&101&113&102&103&104&105&107&108&109,
SUCCESS;451:edges = 513,fail_cases = 48,fault = 110&112&101&113&102&103&104&105&107&108&109,
FAIL;452:edges = 513,fail_cases = 49,fault = 110&111&112&113&107&108&109,
SUCCESS;453:edges = 515,fail_cases = 49,fault = 114,
SUCCESS;454:edges = 516,fail_cases = 49,fault = 112&114,
SUCCESS;455:edges = 517,fail_cases = 49,fault = 112&101&114&103&104&105&106,
SUCCESS;456:edges = 518,fail_cases = 49,fault = 112&101&114&103&104&105&106&107,
SUCCESS;457:edges = 519,fail_cases = 49,fault = 112&101&114&103&104&105&106&107&108,
SUCCESS;458:edges = 520,fail_cases = 49,fault = 112&101&114&103&104&105&106&107&108&109,
SUCCESS;459:edges = 521,fail_cases = 49,fault = 110&112&101&114&103&104&105&106&107&108&109,
SUCCESS;460:edges = 523,fail_cases = 49,fault = 114&115,
SUCCESS;461:edges = 524,fail_cases = 49,fault = 112&114&115,
SUCCESS;462:edges = 525,fail_cases = 49,fault = 112&101&114&103&115&104&105&106,
SUCCESS;463:edges = 526,fail_cases = 49,fault = 112&101&114&103&115&104&105&106&107,
SUCCESS;464:edges = 527,fail_cases = 49,fault = 112&101&114&103&115&104&105&106&107&108,
SUCCESS;465:edges = 528,fail_cases = 49,fault = 112&101&114&103&115&104&105&106&107&108&109,
SUCCESS;466:edges = 529,fail_cases = 49,fault = 110&112&101&114&103&115&104&105&106&107&108&109,
SUCCESS;467:edges = 531,fail_cases = 49,fault = 114&115&116,
SUCCESS;468:edges = 532,fail_cases = 49,fault = 112&114&115&116,
SUCCESS;469:edges = 533,fail_cases = 49,fault = 112&101&114&103&115&104&116&105&106,
SUCCESS;470:edges = 534,fail_cases = 49,fault = 112&101&114&103&115&104&116&105&106&107,
SUCCESS;471:edges = 535,fail_cases = 49,fault = 112&101&114&103&115&104&116&105&106&107&108,
SUCCESS;472:edges = 536,fail_cases = 49,fault = 112&101&114&103&115&104&116&105&106&107&108&109,
SUCCESS;473:edges = 537,fail_cases = 49,fault = 110&112&101&114&103&115&104&116&105&106&107&108&109,
SUCCESS;474:edges = 539,fail_cases = 49,fault = 114&115&116&117,
SUCCESS;475:edges = 540,fail_cases = 49,fault = 101&114&103&115&104&116&105&117&106,
SUCCESS;476:edges = 541,fail_cases = 49,fault = 101&114&103&115&104&116&105&117&106&107,
SUCCESS;477:edges = 542,fail_cases = 49,fault = 101&114&103&115&104&116&105&117&106&107&108,
SUCCESS;478:edges = 543,fail_cases = 49,fault = 101&114&103&115&104&116&105&117&106&107&108&109,
SUCCESS;479:edges = 544,fail_cases = 49,fault = 110&101&114&103&115&104&116&105&117&106&107&108&109,
SUCCESS;480:edges = 546,fail_cases = 49,fault = 110&111&101&114&103&115&104&116&105&117&106&107&108&109,
SUCCESS;481:edges = 548,fail_cases = 49,fault = 110&111&101&114&103&115&104&116&105&117&106&107&108&119&109,
SUCCESS;482:edges = 550,fail_cases = 49,fault = 120&110&111&101&114&103&115&104&116&105&117&106&107&108&119&109,
FAIL;483:edges = 550,fail_cases = 50,fault = 120&110&121&111&101&114&103&115&104&116&105&117&106&107&108&119&109,
FAIL;484:edges = 550,fail_cases = 51,fault = 120&110&121&111&113&114&115&116&117&107&108&119&109,
SUCCESS;485:edges = 551,fail_cases = 51,fault = 112&114&115&116&117&118,
SUCCESS;486:edges = 552,fail_cases = 51,fault = 112&101&114&103&115&104&116&105&117&106&118,
SUCCESS;487:edges = 553,fail_cases = 51,fault = 112&101&114&103&115&104&116&105&117&106&118&107,
SUCCESS;488:edges = 554,fail_cases = 51,fault = 112&101&114&103&115&104&116&105&117&106&118&107&108,
SUCCESS;489:edges = 555,fail_cases = 51,fault = 112&101&114&103&115&104&116&105&117&106&118&107&108&109,
SUCCESS;490:edges = 556,fail_cases = 51,fault = 110&112&101&114&103&115&104&116&105&117&106&118&107&108&109,
SUCCESS;491:edges = 557,fail_cases = 51,fault = 112&114&115&116&117&118&119,
SUCCESS;492:edges = 558,fail_cases = 51,fault = 112&101&114&103&115&104&116&105&117&106&118&119,
SUCCESS;493:edges = 559,fail_cases = 51,fault = 112&101&114&103&115&104&116&105&117&106&118&107&119,
SUCCESS;494:edges = 560,fail_cases = 51,fault = 112&101&114&103&115&104&116&105&117&106&118&107&119&108,
SUCCESS;495:edges = 561,fail_cases = 51,fault = 112&101&114&103&115&104&116&105&117&106&118&107&119&108&109,
SUCCESS;496:edges = 562,fail_cases = 51,fault = 110&112&101&114&103&115&104&116&105&117&106&118&107&119&108&109,
SUCCESS;497:edges = 563,fail_cases = 51,fault = 112&114&115&116&117&118&119&120,
SUCCESS;498:edges = 564,fail_cases = 51,fault = 112&114&115&116&117&118&107&119&120,
SUCCESS;499:edges = 565,fail_cases = 51,fault = 112&114&115&116&117&118&107&119&108&120,
SUCCESS;500:edges = 566,fail_cases = 51,fault = 112&114&115&116&117&118&107&119&108&109&120,
SUCCESS;501:edges = 567,fail_cases = 51,fault = 110&112&114&115&116&117&118&107&119&108&109&120,
FAIL;502:edges = 567,fail_cases = 52,fault = 120&110&111&112&114&115&116&117&118&107&119&108&109,
FAIL;503:edges = 567,fail_cases = 53,fault = 121&114&115&116&117&118&119&120,
SUCCESS;504:edges = 569,fail_cases = 53,fault = 122,
SUCCESS;505:edges = 570,fail_cases = 53,fault = 122&114,
SUCCESS;506:edges = 571,fail_cases = 53,fault = 122&114&115,
SUCCESS;507:edges = 572,fail_cases = 53,fault = 122&114&115&116,
SUCCESS;508:edges = 573,fail_cases = 53,fault = 122&114&115&116&117,
SUCCESS;509:edges = 574,fail_cases = 53,fault = 110&122&111&101&114&103&115&104&116&105&117&106&107&108&109,
SUCCESS;510:edges = 575,fail_cases = 53,fault = 110&122&111&101&114&103&115&104&116&105&117&106&107&108&119&109,
SUCCESS;511:edges = 576,fail_cases = 53,fault = 120&110&122&111&101&114&103&115&104&116&105&117&106&107&108&119&109,
SUCCESS;512:edges = 578,fail_cases = 53,fault = 122&123,
SUCCESS;513:edges = 579,fail_cases = 53,fault = 122&123&114,
SUCCESS;514:edges = 580,fail_cases = 53,fault = 122&123&114&115,
SUCCESS;515:edges = 581,fail_cases = 53,fault = 122&123&114&115&116,
SUCCESS;516:edges = 582,fail_cases = 53,fault = 122&123&114&115&116&117,
SUCCESS;517:edges = 583,fail_cases = 53,fault = 110&122&111&123&101&114&103&115&104&116&105&117&106&107&108&109,
SUCCESS;518:edges = 584,fail_cases = 53,fault = 110&122&111&123&101&114&103&115&104&116&105&117&106&107&108&119&109,
SUCCESS;519:edges = 585,fail_cases = 53,fault = 120&110&122&111&123&101&114&103&115&104&116&105&117&106&107&108&119&109,
SUCCESS;520:edges = 587,fail_cases = 53,fault = 122&123&124,
SUCCESS;521:edges = 588,fail_cases = 53,fault = 122&123&124&114,
SUCCESS;522:edges = 589,fail_cases = 53,fault = 122&123&124&114&115,
SUCCESS;523:edges = 590,fail_cases = 53,fault = 122&123&124&114&115&116,
SUCCESS;524:edges = 591,fail_cases = 53,fault = 122&123&124&114&115&116&117,
SUCCESS;525:edges = 592,fail_cases = 53,fault = 122&123&124&114&115&116&117&119,
FAIL;526:edges = 592,fail_cases = 54,fault = 110&122&111&123&112&124&114&115&116&117&107&119&108&109,
FAIL;527:edges = 592,fail_cases = 55,fault = 121&122&123&124&114&115&116&117&119,
FAIL;528:edges = 592,fail_cases = 56,fault = 122&123&124&125,
SUCCESS;529:edges = 594,fail_cases = 56,fault = 126,
SUCCESS;530:edges = 595,fail_cases = 56,fault = 122&126,
SUCCESS;531:edges = 596,fail_cases = 56,fault = 122&123&126,
SUCCESS;532:edges = 597,fail_cases = 56,fault = 122&123&124&126,
FAIL;533:edges = 597,fail_cases = 57,fault = 126&127,
SUCCESS;534:edges = 599,fail_cases = 57,fault = 128,
SUCCESS;535:edges = 600,fail_cases = 57,fault = 126&128,
SUCCESS;536:edges = 602,fail_cases = 57,fault = 128&129,
SUCCESS;537:edges = 603,fail_cases = 57,fault = 126&128&129,
SUCCESS;538:edges = 605,fail_cases = 57,fault = 128&129&130,
SUCCESS;539:edges = 606,fail_cases = 57,fault = 126&128&129&130,
SUCCESS;540:edges = 608,fail_cases = 57,fault = 128&129&130&131,
SUCCESS;541:edges = 609,fail_cases = 57,fault = 126&128&129&130&131,
SUCCESS;542:edges = 611,fail_cases = 57,fault = 132&128&129&130&131,
SUCCESS;543:edges = 612,fail_cases = 57,fault = 132&126&128&129&130&131,
FAIL;544:edges = 612,fail_cases = 58,fault = 132&133&128&129&130&131,
SUCCESS;545:edges = 613,fail_cases = 58,fault = 134,
SUCCESS;546:edges = 614,fail_cases = 58,fault = 134&128,
SUCCESS;547:edges = 615,fail_cases = 58,fault = 134&128&129,
SUCCESS;548:edges = 616,fail_cases = 58,fault = 134&128&129&130,
SUCCESS;549:edges = 617,fail_cases = 58,fault = 134&128&129&130&131,
SUCCESS;550:edges = 618,fail_cases = 58,fault = 132&134&128&129&130&131,
SUCCESS;551:edges = 619,fail_cases = 58,fault = 134&135,
SUCCESS;552:edges = 620,fail_cases = 58,fault = 134&135&128,
SUCCESS;553:edges = 621,fail_cases = 58,fault = 134&135&128&129,
SUCCESS;554:edges = 622,fail_cases = 58,fault = 134&135&128&129&130,
SUCCESS;555:edges = 623,fail_cases = 58,fault = 134&135&128&129&130&131,
SUCCESS;556:edges = 624,fail_cases = 58,fault = 132&134&135&128&129&130&131,
SUCCESS;557:edges = 625,fail_cases = 58,fault = 134&135&136,
SUCCESS;558:edges = 626,fail_cases = 58,fault = 134&135&136&128,
SUCCESS;559:edges = 627,fail_cases = 58,fault = 134&135&136&128&129,
SUCCESS;560:edges = 628,fail_cases = 58,fault = 134&135&136&128&129&130,
SUCCESS;561:edges = 629,fail_cases = 58,fault = 134&135&136&128&129&130&131,
SUCCESS;562:edges = 630,fail_cases = 58,fault = 132&134&135&136&128&129&130&131,
SUCCESS;563:edges = 631,fail_cases = 58,fault = 134&135&136&137,
SUCCESS;564:edges = 632,fail_cases = 58,fault = 134&135&136&137&128,
SUCCESS;565:edges = 633,fail_cases = 58,fault = 134&135&136&137&128&129,
SUCCESS;566:edges = 634,fail_cases = 58,fault = 134&135&136&137&128&129&130,
SUCCESS;567:edges = 635,fail_cases = 58,fault = 134&135&136&137&128&129&130&131,
SUCCESS;568:edges = 636,fail_cases = 58,fault = 132&134&135&136&137&128&129&130&131,
SUCCESS;569:edges = 637,fail_cases = 58,fault = 134&135&136&137&138,
SUCCESS;570:edges = 638,fail_cases = 58,fault = 134&135&136&137&138&128,
SUCCESS;571:edges = 639,fail_cases = 58,fault = 134&135&136&137&138&128&129,
SUCCESS;572:edges = 640,fail_cases = 58,fault = 134&135&136&137&138&128&129&130,
SUCCESS;573:edges = 641,fail_cases = 58,fault = 134&135&136&137&138&128&129&130&131,
SUCCESS;574:edges = 642,fail_cases = 58,fault = 132&134&135&136&137&138&128&129&130&131,
FAIL;575:edges = 642,fail_cases = 59,fault = 134&135&136&137&138&139,