SUCCESS;0:edges = 7,fail_cases = 0,fault = ,
SUCCESS;1:edges = 8,fail_cases = 0,fault = 1,
SUCCESS;2:edges = 9,fail_cases = 0,fault = 1&2,
SUCCESS;3:edges = 10,fail_cases = 0,fault = 1&2&3,
SUCCESS;4:edges = 11,fail_cases = 0,fault = 1&2&3&4,
FAIL;5:edges = 11,fail_cases = 1,fault = 1&2&3&4&5,
SUCCESS;6:edges = 13,fail_cases = 1,fault = 6,
SUCCESS;7:edges = 14,fail_cases = 1,fault = 1&6,
SUCCESS;8:edges = 15,fail_cases = 1,fault = 1&2&6,
SUCCESS;9:edges = 16,fail_cases = 1,fault = 1&2&3&6,
SUCCESS;10:edges = 17,fail_cases = 1,fault = 1&2&3&4&6,
SUCCESS;11:edges = 19,fail_cases = 1,fault = 6&7,
SUCCESS;12:edges = 20,fail_cases = 1,fault = 1&6&7,
SUCCESS;13:edges = 21,fail_cases = 1,fault = 1&2&6&7,
SUCCESS;14:edges = 22,fail_cases = 1,fault = 1&2&3&6&7,
SUCCESS;15:edges = 23,fail_cases = 1,fault = 1&2&3&4&6&7,
FAIL;16:edges = 23,fail_cases = 2,fault = 6&7&8,
SUCCESS;17:edges = 25,fail_cases = 2,fault = 9,
SUCCESS;18:edges = 26,fail_cases = 2,fault = 6&9,
SUCCESS;19:edges = 27,fail_cases = 2,fault = 6&7&9,
SUCCESS;20:edges = 29,fail_cases = 2,fault = 9&10,
SUCCESS;21:edges = 30,fail_cases = 2,fault = 6&9&10,
SUCCESS;22:edges = 31,fail_cases = 2,fault = 6&7&9&10,
FAIL;23:edges = 31,fail_cases = 3,fault = 11&9&10,
SUCCESS;24:edges = 33,fail_cases = 3,fault = 12,
SUCCESS;25:edges = 34,fail_cases = 3,fault = 12&9,
SUCCESS;26:edges = 35,fail_cases = 3,fault = 12&9&10,
FAIL;27:edges = 35,fail_cases = 4,fault = 12&13,
SUCCESS;28:edges = 37,fail_cases = 4,fault = 16,
SUCCESS;29:edges = 38,fail_cases = 4,fault = 12&16,
SUCCESS;30:edges = 40,fail_cases = 4,fault = 16&17,
SUCCESS;31:edges = 41,fail_cases = 4,fault = 12&16&17,
SUCCESS;32:edges = 43,fail_cases = 4,fault = 16&17&18,
SUCCESS;33:edges = 44,fail_cases = 4,fault = 12&16&17&18,
SUCCESS;34:edges = 46,fail_cases = 4,fault = 16&17&18&19,
SUCCESS;35:edges = 47,fail_cases = 4,fault = 12&16&17&18&19,
SUCCESS;36:edges = 49,fail_cases = 4,fault = 14&16&17&18&19,
SUCCESS;37:edges = 50,fail_cases = 4,fault = 12&14&16&17&18&19,
FAIL;38:edges = 50,fail_cases = 5,fault = 14&15&16&17&18&19,
SUCCESS;39:edges = 52,fail_cases = 5,fault = 20,
SUCCESS;40:edges = 53,fail_cases = 5,fault = 16&20,
SUCCESS;41:edges = 54,fail_cases = 5,fault = 16&17&20,
SUCCESS;42:edges = 55,fail_cases = 5,fault = 16&17&18&20,
SUCCESS;43:edges = 56,fail_cases = 5,fault = 16&17&18&19&20,
SUCCESS;44:edges = 57,fail_cases = 5,fault = 14&16&17&18&19&20,
SUCCESS;45:edges = 59,fail_cases = 5,fault = 20&21,
SUCCESS;46:edges = 60,fail_cases = 5,fault = 16&20&21,
SUCCESS;47:edges = 61,fail_cases = 5,fault = 16&17&20&21,
SUCCESS;48:edges = 62,fail_cases = 5,fault = 16&17&18&20&21,
SUCCESS;49:edges = 63,fail_cases = 5,fault = 16&17&18&19&20&21,
SUCCESS;50:edges = 64,fail_cases = 5,fault = 14&16&17&18&19&20&21,
FAIL;51:edges = 64,fail_cases = 6,fault = 22&20&21,
SUCCESS;52:edges = 66,fail_cases = 6,fault = 23,
SUCCESS;53:edges = 67,fail_cases = 6,fault = 23&20,
SUCCESS;54:edges = 68,fail_cases = 6,fault = 23&20&21,
SUCCESS;55:edges = 70,fail_cases = 6,fault = 23&24,
SUCCESS;56:edges = 71,fail_cases = 6,fault = 23&24&20,
SUCCESS;57:edges = 72,fail_cases = 6,fault = 23&24&20&21,
SUCCESS;58:edges = 74,fail_cases = 6,fault = 23&24&25,
SUCCESS;59:edges = 75,fail_cases = 6,fault = 23&24&25&20,
SUCCESS;60:edges = 76,fail_cases = 6,fault = 23&24&25&20&21,
SUCCESS;61:edges = 78,fail_cases = 6,fault = 23&24&25&26,
SUCCESS;62:edges = 79,fail_cases = 6,fault = 23&24&25&26&20,
SUCCESS;63:edges = 80,fail_cases = 6,fault = 23&24&25&26&20&21,
SUCCESS;64:edges = 82,fail_cases = 6,fault = 23&24&25&26&27,
SUCCESS;65:edges = 83,fail_cases = 6,fault = 23&24&25&26&27&20,
SUCCESS;66:edges = 84,fail_cases = 6,fault = 23&24&25&26&27&20&21,
SUCCESS;67:edges = 86,fail_cases = 6,fault = 23&24&25&26&27&28,
SUCCESS;68:edges = 87,fail_cases = 6,fault = 23&24&25&26&27&28&20,
SUCCESS;69:edges = 88,fail_cases = 6,fault = 23&24&25&26&27&28&20&21,
SUCCESS;70:edges = 90,fail_cases = 6,fault = 23&24&25&26&27&28&29,
SUCCESS;71:edges = 91,fail_cases = 6,fault = 23&24&25&26&27&28&29&20,
SUCCESS;72:edges = 92,fail_cases = 6,fault = 23&24&25&26&27&28&29&20&21,
FAIL;73:edges = 92,fail_cases = 7,fault = 23&24&25&26&27&28&29&30,
SUCCESS;74:edges = 93,fail_cases = 7,fault = 32,
SUCCESS;75:edges = 94,fail_cases = 7,fault = 23&32,
SUCCESS;76:edges = 95,fail_cases = 7,fault = 23&24&32,
SUCCESS;77:edges = 96,fail_cases = 7,fault = 23&24&25&32,
SUCCESS;78:edges = 97,fail_cases = 7,fault = 23&24&25&26&32,
SUCCESS;79:edges = 98,fail_cases = 7,fault = 23&24&25&26&27&32,
SUCCESS;80:edges = 99,fail_cases = 7,fault = 23&24&25&26&27&28&32,
SUCCESS;81:edges = 100,fail_cases = 7,fault = 23&24&25&26&27&28&29&32,
SUCCESS;82:edges = 101,fail_cases = 7,fault = 33&32,
SUCCESS;83:edges = 102,fail_cases = 7,fault = 33&23&32,
SUCCESS;84:edges = 103,fail_cases = 7,fault = 33&23&24&32,
SUCCESS;85:edges = 104,fail_cases = 7,fault = 33&23&24&25&32,
SUCCESS;86:edges = 105,fail_cases = 7,fault = 33&23&24&25&26&32,
SUCCESS;87:edges = 106,fail_cases = 7,fault = 33&23&24&25&26&27&32,
SUCCESS;88:edges = 107,fail_cases = 7,fault = 33&23&24&25&26&27&28&32,
SUCCESS;89:edges = 108,fail_cases = 7,fault = 33&23&24&25&26&27&28&29&32,
SUCCESS;90:edges = 109,fail_cases = 7,fault = 33&34&32,
SUCCESS;91:edges = 110,fail_cases = 7,fault = 33&34&23&32,
SUCCESS;92:edges = 111,fail_cases = 7,fault = 33&34&23&24&32,
SUCCESS;93:edges = 112,fail_cases = 7,fault = 33&34&23&24&25&32,
SUCCESS;94:edges = 113,fail_cases = 7,fault = 33&34&23&24&25&26&32,
SUCCESS;95:edges = 114,fail_cases = 7,fault = 33&34&23&24&25&26&27&32,
SUCCESS;96:edges = 115,fail_cases = 7,fault = 33&34&23&24&25&26&27&28&32,
SUCCESS;97:edges = 116,fail_cases = 7,fault = 33&34&23&24&25&26&27&28&29&32,
SUCCESS;98:edges = 117,fail_cases = 7,fault = 33&34&35&32,
SUCCESS;99:edges = 118,fail_cases = 7,fault = 33&34&23&35&32,
SUCCESS;100:edges = 119,fail_cases = 7,fault = 33&34&23&35&24&32,
SUCCESS;101:edges = 120,fail_cases = 7,fault = 33&34&23&35&24&25&32,
SUCCESS;102:edges = 121,fail_cases = 7,fault = 33&34&23&35&24&25&26&32,
SUCCESS;103:edges = 122,fail_cases = 7,fault = 33&34&23&35&24&25&26&27&32,
SUCCESS;104:edges = 123,fail_cases = 7,fault = 33&34&23&35&24&25&26&27&28&32,
SUCCESS;105:edges = 124,fail_cases = 7,fault = 33&34&23&35&24&25&26&27&28&29&32,
SUCCESS;106:edges = 125,fail_cases = 7,fault = 33&34&35&36&32,
SUCCESS;107:edges = 126,fail_cases = 7,fault = 33&34&23&35&36&32,
SUCCESS;108:edges = 127,fail_cases = 7,fault = 33&34&23&35&24&36&32,
SUCCESS;109:edges = 128,fail_cases = 7,fault = 33&34&23&35&24&36&25&32,
SUCCESS;110:edges = 129,fail_cases = 7,fault = 33&34&23&35&24&36&25&26&32,
SUCCESS;111:edges = 130,fail_cases = 7,fault = 33&34&23&35&24&36&25&26&27&32,
SUCCESS;112:edges = 131,fail_cases = 7,fault = 33&34&23&35&24&36&25&26&27&28&32,
SUCCESS;113:edges = 132,fail_cases = 7,fault = 33&34&23&35&24&36&25&26&27&28&29&32,
SUCCESS;114:edges = 133,fail_cases = 7,fault = 33&34&35&36&37&32,
SUCCESS;115:edges = 134,fail_cases = 7,fault = 33&34&23&35&36&37&32,
SUCCESS;116:edges = 135,fail_cases = 7,fault = 33&34&23&35&24&36&37&32,
SUCCESS;117:edges = 136,fail_cases = 7,fault = 33&34&23&35&24&36&25&37&32,
SUCCESS;118:edges = 137,fail_cases = 7,fault = 33&34&23&35&24&36&25&37&26&32,
SUCCESS;119:edges = 138,fail_cases = 7,fault = 33&34&23&35&24&36&25&37&26&27&32,
SUCCESS;120:edges = 139,fail_cases = 7,fault = 33&34&23&35&24&36&25&37&26&27&28&32,
SUCCESS;121:edges = 140,fail_cases = 7,fault = 33&34&23&35&24&36&25&37&26&27&28&29&32,
FAIL;122:edges = 140,fail_cases = 8,fault = 33&34&35&36&37&31&32,