SUCCESS;0:edges = 27,fail_cases = 0,fault = ,
SUCCESS;1:edges = 28,fail_cases = 0,fault = 1,
SUCCESS;2:edges = 29,fail_cases = 0,fault = 1&2,
SUCCESS;3:edges = 30,fail_cases = 0,fault = 1&2&3,
FAIL;4:edges = 30,fail_cases = 1,fault = 1&2&3&4,
SUCCESS;5:edges = 32,fail_cases = 1,fault = 5,
SUCCESS;6:edges = 33,fail_cases = 1,fault = 1&5,
SUCCESS;7:edges = 34,fail_cases = 1,fault = 1&2&5,
SUCCESS;8:edges = 35,fail_cases = 1,fault = 1&2&3&5,
SUCCESS;9:edges = 37,fail_cases = 1,fault = 5&6,
SUCCESS;10:edges = 38,fail_cases = 1,fault = 1&5&6,
SUCCESS;11:edges = 39,fail_cases = 1,fault = 1&2&5&6,
SUCCESS;12:edges = 40,fail_cases = 1,fault = 1&2&3&5&6,
SUCCESS;13:edges = 42,fail_cases = 1,fault = 5&6&7,
SUCCESS;14:edges = 43,fail_cases = 1,fault = 1&5&6&7,
SUCCESS;15:edges = 44,fail_cases = 1,fault = 1&2&5&6&7,
SUCCESS;16:edges = 45,fail_cases = 1,fault = 1&2&3&5&6&7,
FAIL;17:edges = 45,fail_cases = 2,fault = 5&6&7&8,
SUCCESS;18:edges = 47,fail_cases = 2,fault = 16,
SUCCESS;19:edges = 48,fail_cases = 2,fault = 16&5,
SUCCESS;20:edges = 49,fail_cases = 2,fault = 16&5&6,
SUCCESS;21:edges = 50,fail_cases = 2,fault = 16&5&6&7,
SUCCESS;22:edges = 52,fail_cases = 2,fault = 16&9,
SUCCESS;23:edges = 53,fail_cases = 2,fault = 16&5&9,
SUCCESS;24:edges = 54,fail_cases = 2,fault = 16&5&6&9,
SUCCESS;25:edges = 55,fail_cases = 2,fault = 16&5&6&7&9,
SUCCESS;26:edges = 57,fail_cases = 2,fault = 16&9&10,
SUCCESS;27:edges = 58,fail_cases = 2,fault = 16&5&9&10,
SUCCESS;28:edges = 59,fail_cases = 2,fault = 16&5&6&9&10,
SUCCESS;29:edges = 60,fail_cases = 2,fault = 16&5&6&7&9&10,
SUCCESS;30:edges = 62,fail_cases = 2,fault = 11&16&9&10,
SUCCESS;31:edges = 63,fail_cases = 2,fault = 11&16&5&9&10,
SUCCESS;32:edges = 64,fail_cases = 2,fault = 11&16&5&6&9&10,
SUCCESS;33:edges = 65,fail_cases = 2,fault = 11&16&5&6&7&9&10,
SUCCESS;34:edges = 67,fail_cases = 2,fault = 11&12&16&9&10,
SUCCESS;35:edges = 68,fail_cases = 2,fault = 11&12&16&5&9&10,
SUCCESS;36:edges = 69,fail_cases = 2,fault = 11&12&16&5&6&9&10,
SUCCESS;37:edges = 70,fail_cases = 2,fault = 11&12&16&5&6&7&9&10,
SUCCESS;38:edges = 72,fail_cases = 2,fault = 11&12&13&16&9&10,
SUCCESS;39:edges = 73,fail_cases = 2,fault = 11&12&13&16&5&9&10,
SUCCESS;40:edges = 74,fail_cases = 2,fault = 11&12&13&16&5&6&9&10,
SUCCESS;41:edges = 75,fail_cases = 2,fault = 11&12&13&16&5&6&7&9&10,
SUCCESS;42:edges = 77,fail_cases = 2,fault = 11&12&13&14&16&9&10,
SUCCESS;43:edges = 78,fail_cases = 2,fault = 11&12&13&14&16&5&9&10,
SUCCESS;44:edges = 79,fail_cases = 2,fault = 11&12&13&14&16&5&6&9&10,
SUCCESS;45:edges = 80,fail_cases = 2,fault = 11&12&13&14&16&5&6&7&9&10,
FAIL;46:edges = 80,fail_cases = 3,fault = 11&12&13&14&15&16&9&10,
SUCCESS;47:edges = 82,fail_cases = 3,fault = 17,
SUCCESS;48:edges = 83,fail_cases = 3,fault = 16&17,
SUCCESS;49:edges = 84,fail_cases = 3,fault = 16&17&9,
SUCCESS;50:edges = 85,fail_cases = 3,fault = 16&17&9&10,
SUCCESS;51:edges = 86,fail_cases = 3,fault = 11&16&17&9&10,
SUCCESS;52:edges = 87,fail_cases = 3,fault = 11&12&16&17&9&10,
SUCCESS;53:edges = 88,fail_cases = 3,fault = 11&12&13&16&17&9&10,
SUCCESS;54:edges = 89,fail_cases = 3,fault = 11&12&13&14&16&17&9&10,
SUCCESS;55:edges = 91,fail_cases = 3,fault = 17&18,
SUCCESS;56:edges = 92,fail_cases = 3,fault = 16&17&18,
SUCCESS;57:edges = 93,fail_cases = 3,fault = 16&17&18&9,
SUCCESS;58:edges = 94,fail_cases = 3,fault = 16&17&18&9&10,
SUCCESS;59:edges = 95,fail_cases = 3,fault = 11&16&17&18&9&10,
SUCCESS;60:edges = 96,fail_cases = 3,fault = 11&12&16&17&18&9&10,
SUCCESS;61:edges = 97,fail_cases = 3,fault = 11&12&13&16&17&18&9&10,
SUCCESS;62:edges = 98,fail_cases = 3,fault = 11&12&13&14&16&17&18&9&10,
SUCCESS;63:edges = 100,fail_cases = 3,fault = 17&18&19,
SUCCESS;64:edges = 101,fail_cases = 3,fault = 16&17&18&19,
SUCCESS;65:edges = 102,fail_cases = 3,fault = 16&17&18&19&9,
SUCCESS;66:edges = 103,fail_cases = 3,fault = 16&17&18&19&9&10,
SUCCESS;67:edges = 104,fail_cases = 3,fault = 11&16&17&18&19&9&10,
SUCCESS;68:edges = 105,fail_cases = 3,fault = 11&12&16&17&18&19&9&10,
SUCCESS;69:edges = 106,fail_cases = 3,fault = 11&12&13&16&17&18&19&9&10,
SUCCESS;70:edges = 107,fail_cases = 3,fault = 11&12&13&14&16&17&18&19&9&10,
SUCCESS;71:edges = 109,fail_cases = 3,fault = 17&18&19&20,
SUCCESS;72:edges = 110,fail_cases = 3,fault = 16&17&18&19&20,
SUCCESS;73:edges = 111,fail_cases = 3,fault = 16&17&18&19&9&20,
SUCCESS;74:edges = 112,fail_cases = 3,fault = 16&17&18&19&9&20&10,
SUCCESS;75:edges = 113,fail_cases = 3,fault = 11&16&17&18&19&9&20&10,
SUCCESS;76:edges = 114,fail_cases = 3,fault = 11&12&16&17&18&19&9&20&10,
SUCCESS;77:edges = 115,fail_cases = 3,fault = 11&12&13&16&17&18&19&9&20&10,
SUCCESS;78:edges = 116,fail_cases = 3,fault = 11&12&13&14&16&17&18&19&9&20&10,
FAIL;79:edges = 116,fail_cases = 4,fault = 17&18&19&20&21,
SUCCESS;80:edges = 118,fail_cases = 4,fault = 22,
SUCCESS;81:edges = 119,fail_cases = 4,fault = 22&17,
SUCCESS;82:edges = 120,fail_cases = 4,fault = 22&17&18,
SUCCESS;83:edges = 121,fail_cases = 4,fault = 22&17&18&19,
SUCCESS;84:edges = 122,fail_cases = 4,fault = 22&17&18&19&20,
SUCCESS;85:edges = 124,fail_cases = 4,fault = 22&23,
SUCCESS;86:edges = 125,fail_cases = 4,fault = 22&23&17,
SUCCESS;87:edges = 126,fail_cases = 4,fault = 22&23&17&18,
SUCCESS;88:edges = 127,fail_cases = 4,fault = 22&23&17&18&19,
SUCCESS;89:edges = 128,fail_cases = 4,fault = 22&23&17&18&19&20,
SUCCESS;90:edges = 130,fail_cases = 4,fault = 22&23&24,
SUCCESS;91:edges = 131,fail_cases = 4,fault = 22&23&24&17,
SUCCESS;92:edges = 132,fail_cases = 4,fault = 22&23&24&17&18,
SUCCESS;93:edges = 133,fail_cases = 4,fault = 22&23&24&17&18&19,
SUCCESS;94:edges = 134,fail_cases = 4,fault = 22&23&24&17&18&19&20,
SUCCESS;95:edges = 136,fail_cases = 4,fault = 22&23&24&25,
SUCCESS;96:edges = 137,fail_cases = 4,fault = 22&23&24&25&17,
SUCCESS;97:edges = 138,fail_cases = 4,fault = 22&23&24&25&17&18,
SUCCESS;98:edges = 139,fail_cases = 4,fault = 22&23&24&25&17&18&19,
SUCCESS;99:edges = 140,fail_cases = 4,fault = 22&23&24&25&17&18&19&20,
SUCCESS;100:edges = 142,fail_cases = 4,fault = 22&23&24&25&26,
SUCCESS;101:edges = 143,fail_cases = 4,fault = 22&23&24&25&26&17,
SUCCESS;102:edges = 144,fail_cases = 4,fault = 22&23&24&25&26&17&18,
SUCCESS;103:edges = 145,fail_cases = 4,fault = 22&23&24&25&26&17&18&19,
SUCCESS;104:edges = 146,fail_cases = 4,fault = 22&23&24&25&26&17&18&19&20,
SUCCESS;105:edges = 148,fail_cases = 4,fault = 22&23&24&25&26&27,
SUCCESS;106:edges = 149,fail_cases = 4,fault = 22&23&24&25&26&27&17,
SUCCESS;107:edges = 150,fail_cases = 4,fault = 22&23&24&25&26&27&17&18,
SUCCESS;108:edges = 151,fail_cases = 4,fault = 22&23&24&25&26&27&17&18&19,
SUCCESS;109:edges = 152,fail_cases = 4,fault = 22&23&24&25&26&27&17&18&19&20,
SUCCESS;110:edges = 154,fail_cases = 4,fault = 22&23&24&25&26&27&28,
SUCCESS;111:edges = 155,fail_cases = 4,fault = 22&23&24&25&26&27&28&17,
SUCCESS;112:edges = 156,fail_cases = 4,fault = 22&23&24&25&26&27&28&17&18,
SUCCESS;113:edges = 157,fail_cases = 4,fault = 22&23&24&25&26&27&28&17&18&19,
SUCCESS;114:edges = 158,fail_cases = 4,fault = 22&23&24&25&26&27&28&17&18&19&20,
FAIL;115:edges = 158,fail_cases = 5,fault = 22&23&24&25&26&27&28&29,
SUCCESS;116:edges = 160,fail_cases = 5,fault = 30,
SUCCESS;117:edges = 161,fail_cases = 5,fault = 22&30,
SUCCESS;118:edges = 162,fail_cases = 5,fault = 22&23&30,
SUCCESS;119:edges = 163,fail_cases = 5,fault = 22&23&24&30,
SUCCESS;120:edges = 164,fail_cases = 5,fault = 22&23&24&25&30,
SUCCESS;121:edges = 165,fail_cases = 5,fault = 22&23&24&25&26&30,
SUCCESS;122:edges = 166,fail_cases = 5,fault = 22&23&24&25&26&27&30,
SUCCESS;123:edges = 167,fail_cases = 5,fault = 22&23&24&25&26&27&28&30,
FAIL;124:edges = 167,fail_cases = 6,fault = 30&31,
SUCCESS;125:edges = 169,fail_cases = 6,fault = 32,
SUCCESS;126:edges = 170,fail_cases = 6,fault = 30&32,
SUCCESS;127:edges = 172,fail_cases = 6,fault = 33&32,
SUCCESS;128:edges = 173,fail_cases = 6,fault = 33&30&32,
SUCCESS;129:edges = 175,fail_cases = 6,fault = 33&34&32,
SUCCESS;130:edges = 176,fail_cases = 6,fault = 33&34&30&32,
SUCCESS;131:edges = 178,fail_cases = 6,fault = 33&34&35&32,
SUCCESS;132:edges = 179,fail_cases = 6,fault = 33&34&35&30&32,
SUCCESS;133:edges = 181,fail_cases = 6,fault = 33&34&35&36&32,
SUCCESS;134:edges = 182,fail_cases = 6,fault = 33&34&35&36&30&32,
SUCCESS;135:edges = 184,fail_cases = 6,fault = 33&34&35&36&37&32,
SUCCESS;136:edges = 185,fail_cases = 6,fault = 33&34&35&36&37&30&32,
FAIL;137:edges = 185,fail_cases = 7,fault = 33&34&35&36&37&38&32,
SUCCESS;138:edges = 187,fail_cases = 7,fault = 39,
SUCCESS;139:edges = 188,fail_cases = 7,fault = 39&32,
SUCCESS;140:edges = 189,fail_cases = 7,fault = 33&39&32,
SUCCESS;141:edges = 190,fail_cases = 7,fault = 33&34&39&32,
SUCCESS;142:edges = 191,fail_cases = 7,fault = 33&34&35&39&32,
SUCCESS;143:edges = 192,fail_cases = 7,fault = 33&34&35&36&39&32,
SUCCESS;144:edges = 193,fail_cases = 7,fault = 33&34&35&36&37&39&32,
SUCCESS;145:edges = 195,fail_cases = 7,fault = 39&40,
SUCCESS;146:edges = 196,fail_cases = 7,fault = 39&40&32,
SUCCESS;147:edges = 197,fail_cases = 7,fault = 33&39&40&32,
SUCCESS;148:edges = 198,fail_cases = 7,fault = 33&34&39&40&32,
SUCCESS;149:edges = 199,fail_cases = 7,fault = 33&34&35&39&40&32,
SUCCESS;150:edges = 200,fail_cases = 7,fault = 33&34&35&36&39&40&32,
SUCCESS;151:edges = 201,fail_cases = 7,fault = 33&34&35&36&37&39&40&32,
SUCCESS;152:edges = 203,fail_cases = 7,fault = 39&40&41,
SUCCESS;153:edges = 204,fail_cases = 7,fault = 39&40&41&32,
SUCCESS;154:edges = 205,fail_cases = 7,fault = 33&39&40&41&32,
SUCCESS;155:edges = 206,fail_cases = 7,fault = 33&34&39&40&41&32,
SUCCESS;156:edges = 207,fail_cases = 7,fault = 33&34&35&39&40&41&32,
SUCCESS;157:edges = 208,fail_cases = 7,fault = 33&34&35&36&39&40&41&32,
SUCCESS;158:edges = 210,fail_cases = 7,fault = 33&34&35&36&37&39&40&41&32,
SUCCESS;159:edges = 212,fail_cases = 7,fault = 33&34&35&36&37&39&40&41&32&43,
SUCCESS;160:edges = 214,fail_cases = 7,fault = 33&44&34&35&36&37&39&40&41&32&43,
SUCCESS;161:edges = 215,fail_cases = 7,fault = 38&39&40&41&42,
SUCCESS;162:edges = 217,fail_cases = 7,fault = 33&44&34&45&35&36&37&39&40&41&32&43,
SUCCESS;163:edges = 218,fail_cases = 7,fault = 38&39&40&41&42&32,
SUCCESS;164:edges = 219,fail_cases = 7,fault = 33&38&39&40&41&42&32,
FAIL;165:edges = 219,fail_cases = 8,fault = 33&44&34&45&35&46&36&37&39&40&41&32&43,
SUCCESS;166:edges = 220,fail_cases = 8,fault = 38&39&40&41&42&43,
SUCCESS;167:edges = 221,fail_cases = 8,fault = 33&34&38&39&40&41&42&32,
SUCCESS;168:edges = 222,fail_cases = 8,fault = 33&34&35&38&39&40&41&42&32,
SUCCESS;169:edges = 223,fail_cases = 8,fault = 38&39&40&41&42&43&32,
SUCCESS;170:edges = 224,fail_cases = 8,fault = 33&34&35&36&38&39&40&41&42&32,
SUCCESS;171:edges = 225,fail_cases = 8,fault = 33&38&39&40&41&42&43&32,
SUCCESS;172:edges = 226,fail_cases = 8,fault = 33&34&38&39&40&41&42&43&32,
SUCCESS;173:edges = 227,fail_cases = 8,fault = 44&38&39&40&41&42&43,
SUCCESS;174:edges = 228,fail_cases = 8,fault = 44&38&39&40&41&42&43&32,
SUCCESS;175:edges = 229,fail_cases = 8,fault = 44&45&38&39&40&41&42&43,
SUCCESS;176:edges = 230,fail_cases = 8,fault = 44&45&38&39&40&41&42&43&32,
SUCCESS;177:edges = 231,fail_cases = 8,fault = 33&34&35&38&39&40&41&42&43&32,
SUCCESS;178:edges = 232,fail_cases = 8,fault = 33&34&35&36&38&39&40&41&42&43&32,
SUCCESS;179:edges = 233,fail_cases = 8,fault = 44&33&38&39&40&41&42&43&32,
SUCCESS;180:edges = 234,fail_cases = 8,fault = 44&33&34&38&39&40&41&42&43&32,
SUCCESS;181:edges = 235,fail_cases = 8,fault = 44&33&34&35&38&39&40&41&42&43&32,
SUCCESS;182:edges = 236,fail_cases = 8,fault = 44&33&45&38&39&40&41&42&43&32,
SUCCESS;183:edges = 237,fail_cases = 8,fault = 44&33&45&34&38&39&40&41&42&43&32,
SUCCESS;184:edges = 238,fail_cases = 8,fault = 44&33&34&35&36&38&39&40&41&42&43&32,
SUCCESS;185:edges = 239,fail_cases = 8,fault = 44&33&45&34&35&38&39&40&41&42&43&32,
SUCCESS;186:edges = 240,fail_cases = 8,fault = 44&33&45&34&35&36&38&39&40&41&42&43&32,
FAIL;187:edges = 240,fail_cases = 9,fault = 44&45&46&39&40&41&42&43,
SUCCESS;188:edges = 242,fail_cases = 9,fault = 48,
SUCCESS;189:edges = 243,fail_cases = 9,fault = 48&39,
SUCCESS;190:edges = 244,fail_cases = 9,fault = 48&39&40,
SUCCESS;191:edges = 245,fail_cases = 9,fault = 48&39&40&41,
SUCCESS;192:edges = 246,fail_cases = 9,fault = 33&34&35&36&48&37&39&40&41&32,
SUCCESS;193:edges = 247,fail_cases = 9,fault = 33&34&35&36&48&37&39&40&41&32&43,
SUCCESS;194:edges = 248,fail_cases = 9,fault = 33&44&34&35&36&48&37&39&40&41&32&43,
SUCCESS;195:edges = 249,fail_cases = 9,fault = 33&44&34&45&35&36&48&37&39&40&41&32&43,
SUCCESS;196:edges = 251,fail_cases = 9,fault = 48&49,
SUCCESS;197:edges = 252,fail_cases = 9,fault = 48&49&39,
SUCCESS;198:edges = 253,fail_cases = 9,fault = 48&49&39&40,
SUCCESS;199:edges = 254,fail_cases = 9,fault = 48&49&39&40&41,
SUCCESS;200:edges = 255,fail_cases = 9,fault = 33&34&35&36&48&37&49&39&40&41&32,
SUCCESS;201:edges = 256,fail_cases = 9,fault = 33&34&35&36&48&37&49&39&40&41&32&43,
SUCCESS;202:edges = 257,fail_cases = 9,fault = 33&44&34&35&36&48&37&49&39&40&41&32&43,
SUCCESS;203:edges = 258,fail_cases = 9,fault = 33&44&34&45&35&36&48&37&49&39&40&41&32&43,
FAIL;204:edges = 258,fail_cases = 10,fault = 47&48&49,
SUCCESS;205:edges = 260,fail_cases = 10,fault = 50,
SUCCESS;206:edges = 261,fail_cases = 10,fault = 48&50,
SUCCESS;207:edges = 262,fail_cases = 10,fault = 48&49&50,
SUCCESS;208:edges = 264,fail_cases = 10,fault = 50&51,
SUCCESS;209:edges = 265,fail_cases = 10,fault = 48&50&51,
SUCCESS;210:edges = 266,fail_cases = 10,fault = 48&49&50&51,
SUCCESS;211:edges = 268,fail_cases = 10,fault = 50&51&52,
SUCCESS;212:edges = 269,fail_cases = 10,fault = 48&50&51&52,
SUCCESS;213:edges = 270,fail_cases = 10,fault = 48&49&50&51&52,
SUCCESS;214:edges = 272,fail_cases = 10,fault = 50&51&52&53,
SUCCESS;215:edges = 273,fail_cases = 10,fault = 48&50&51&52&53,
SUCCESS;216:edges = 274,fail_cases = 10,fault = 48&49&50&51&52&53,
SUCCESS;217:edges = 276,fail_cases = 10,fault = 50&51&52&53&54,
SUCCESS;218:edges = 277,fail_cases = 10,fault = 48&50&51&52&53&54,
SUCCESS;219:edges = 278,fail_cases = 10,fault = 48&49&50&51&52&53&54,
FAIL;220:edges = 278,fail_cases = 11,fault = 55&50&51&52&53&54,
SUCCESS;221:edges = 280,fail_cases = 11,fault = 56,
SUCCESS;222:edges = 281,fail_cases = 11,fault = 56&50,
SUCCESS;223:edges = 282,fail_cases = 11,fault = 56&50&51,
SUCCESS;224:edges = 283,fail_cases = 11,fault = 56&50&51&52,
SUCCESS;225:edges = 284,fail_cases = 11,fault = 56&50&51&52&53,
SUCCESS;226:edges = 285,fail_cases = 11,fault = 56&50&51&52&53&54,
SUCCESS;227:edges = 287,fail_cases = 11,fault = 56&57,
SUCCESS;228:edges = 288,fail_cases = 11,fault = 56&57&50,
SUCCESS;229:edges = 289,fail_cases = 11,fault = 56&57&50&51,
SUCCESS;230:edges = 290,fail_cases = 11,fault = 56&57&50&51&52,
SUCCESS;231:edges = 291,fail_cases = 11,fault = 56&57&50&51&52&53,
SUCCESS;232:edges = 292,fail_cases = 11,fault = 56&57&50&51&52&53&54,
SUCCESS;233:edges = 294,fail_cases = 11,fault = 56&57&58,
SUCCESS;234:edges = 295,fail_cases = 11,fault = 56&57&58&50,
SUCCESS;235:edges = 296,fail_cases = 11,fault = 56&57&58&50&51,
SUCCESS;236:edges = 297,fail_cases = 11,fault = 56&57&58&50&51&52,
SUCCESS;237:edges = 298,fail_cases = 11,fault = 56&57&58&50&51&52&53,
SUCCESS;238:edges = 299,fail_cases = 11,fault = 56&57&58&50&51&52&53&54,
SUCCESS;239:edges = 301,fail_cases = 11,fault = 56&57&58&59,
SUCCESS;240:edges = 302,fail_cases = 11,fault = 56&57&58&59&50,
SUCCESS;241:edges = 303,fail_cases = 11,fault = 56&57&58&59&50&51,
SUCCESS;242:edges = 304,fail_cases = 11,fault = 56&57&58&59&50&51&52,
SUCCESS;243:edges = 305,fail_cases = 11,fault = 56&57&58&59&50&51&52&53,
SUCCESS;244:edges = 306,fail_cases = 11,fault = 56&57&58&59&50&51&52&53&54,
SUCCESS;245:edges = 308,fail_cases = 11,fault = 56&57&58&59&60,
SUCCESS;246:edges = 309,fail_cases = 11,fault = 56&57&58&59&60&50,
SUCCESS;247:edges = 310,fail_cases = 11,fault = 56&57&58&59&60&50&51,
SUCCESS;248:edges = 311,fail_cases = 11,fault = 56&57&58&59&60&50&51&52,
SUCCESS;249:edges = 312,fail_cases = 11,fault = 56&57&58&59&60&50&51&52&53,
SUCCESS;250:edges = 313,fail_cases = 11,fault = 56&57&58&59&60&50&51&52&53&54,
SUCCESS;251:edges = 315,fail_cases = 11,fault = 56&57&58&59&60&61,
SUCCESS;252:edges = 316,fail_cases = 11,fault = 56&57&58&59&60&61&50,
SUCCESS;253:edges = 317,fail_cases = 11,fault = 56&57&58&59&60&61&50&51,
SUCCESS;254:edges = 318,fail_cases = 11,fault = 56&57&58&59&60&61&50&51&52,
SUCCESS;255:edges = 319,fail_cases = 11,fault = 56&57&58&59&60&61&50&51&52&53,
SUCCESS;256:edges = 320,fail_cases = 11,fault = 56&57&58&59&60&61&50&51&52&53&54,
FAIL;257:edges = 320,fail_cases = 12,fault = 56&57&58&59&60&61&62,
SUCCESS;258:edges = 322,fail_cases = 12,fault = 64,
SUCCESS;259:edges = 323,fail_cases = 12,fault = 56&64,
SUCCESS;260:edges = 324,fail_cases = 12,fault = 56&57&64,
SUCCESS;261:edges = 325,fail_cases = 12,fault = 56&57&58&64,
SUCCESS;262:edges = 326,fail_cases = 12,fault = 56&57&58&59&64,
SUCCESS;263:edges = 327,fail_cases = 12,fault = 56&57&58&59&60&64,
SUCCESS;264:edges = 328,fail_cases = 12,fault = 56&57&58&59&60&61&64,
SUCCESS;265:edges = 330,fail_cases = 12,fault = 64&65,
SUCCESS;266:edges = 331,fail_cases = 12,fault = 56&64&65,
SUCCESS;267:edges = 332,fail_cases = 12,fault = 56&57&64&65,
SUCCESS;268:edges = 333,fail_cases = 12,fault = 56&57&58&64&65,
SUCCESS;269:edges = 334,fail_cases = 12,fault = 56&57&58&59&64&65,
SUCCESS;270:edges = 335,fail_cases = 12,fault = 56&57&58&59&60&64&65,
SUCCESS;271:edges = 336,fail_cases = 12,fault = 56&57&58&59&60&61&64&65,
FAIL;272:edges = 336,fail_cases = 13,fault = 63&64&65,
SUCCESS;273:edges = 338,fail_cases = 13,fault = 66,
SUCCESS;274:edges = 339,fail_cases = 13,fault = 66&64,
SUCCESS;275:edges = 340,fail_cases = 13,fault = 66&64&65,
SUCCESS;276:edges = 342,fail_cases = 13,fault = 66&67,
SUCCESS;277:edges = 343,fail_cases = 13,fault = 66&67&64,
SUCCESS;278:edges = 344,fail_cases = 13,fault = 66&67&64&65,
FAIL;279:edges = 344,fail_cases = 14,fault = 66&67&68,
SUCCESS;280:edges = 346,fail_cases = 14,fault = 69,
SUCCESS;281:edges = 347,fail_cases = 14,fault = 66&69,
SUCCESS;282:edges = 348,fail_cases = 14,fault = 66&67&69,
SUCCESS;283:edges = 350,fail_cases = 14,fault = 69&70,
SUCCESS;284:edges = 351,fail_cases = 14,fault = 66&69&70,
SUCCESS;285:edges = 352,fail_cases = 14,fault = 66&67&69&70,
SUCCESS;286:edges = 354,fail_cases = 14,fault = 69&70&71,
SUCCESS;287:edges = 355,fail_cases = 14,fault = 66&69&70&71,
SUCCESS;288:edges = 356,fail_cases = 14,fault = 66&67&69&70&71,
SUCCESS;289:edges = 358,fail_cases = 14,fault = 69&70&71&72,
SUCCESS;290:edges = 359,fail_cases = 14,fault = 66&69&70&71&72,
SUCCESS;291:edges = 360,fail_cases = 14,fault = 66&67&69&70&71&72,
SUCCESS;292:edges = 362,fail_cases = 14,fault = 69&70&71&72&73,
SUCCESS;293:edges = 363,fail_cases = 14,fault = 66&69&70&71&72&73,
SUCCESS;294:edges = 364,fail_cases = 14,fault = 66&67&69&70&71&72&73,
SUCCESS;295:edges = 366,fail_cases = 14,fault = 69&70&71&72&73&74,
SUCCESS;296:edges = 367,fail_cases = 14,fault = 66&69&70&71&72&73&74,
SUCCESS;297:edges = 368,fail_cases = 14,fault = 66&67&69&70&71&72&73&74,
FAIL;298:edges = 368,fail_cases = 15,fault = 69&70&71&72&73&74&75,
SUCCESS;299:edges = 370,fail_cases = 15,fault = 76,
SUCCESS;300:edges = 371,fail_cases = 15,fault = 69&76,
SUCCESS;301:edges = 372,fail_cases = 15,fault = 69&70&76,
SUCCESS;302:edges = 373,fail_cases = 15,fault = 69&70&71&76,
SUCCESS;303:edges = 374,fail_cases = 15,fault = 69&70&71&72&76,
SUCCESS;304:edges = 375,fail_cases = 15,fault = 69&70&71&72&73&76,
SUCCESS;305:edges = 376,fail_cases = 15,fault = 69&70&71&72&73&74&76,
SUCCESS;306:edges = 378,fail_cases = 15,fault = 77&76,
SUCCESS;307:edges = 379,fail_cases = 15,fault = 77&69&76,
SUCCESS;308:edges = 380,fail_cases = 15,fault = 77&69&70&76,
SUCCESS;309:edges = 381,fail_cases = 15,fault = 77&69&70&71&76,
SUCCESS;310:edges = 382,fail_cases = 15,fault = 77&69&70&71&72&76,
SUCCESS;311:edges = 383,fail_cases = 15,fault = 77&69&70&71&72&73&76,
SUCCESS;312:edges = 384,fail_cases = 15,fault = 77&69&70&71&72&73&74&76,
FAIL;313:edges = 384,fail_cases = 16,fault = 77&78&76,
SUCCESS;314:edges = 386,fail_cases = 16,fault = 80,
SUCCESS;315:edges = 387,fail_cases = 16,fault = 80&76,
SUCCESS;316:edges = 388,fail_cases = 16,fault = 77&80&76,
SUCCESS;317:edges = 390,fail_cases = 16,fault = 80&81,
SUCCESS;318:edges = 391,fail_cases = 16,fault = 80&81&76,
SUCCESS;319:edges = 392,fail_cases = 16,fault = 77&80&81&76,
FAIL;320:edges = 392,fail_cases = 17,fault = 79&80&81,
SUCCESS;321:edges = 394,fail_cases = 17,fault = 82,
SUCCESS;322:edges = 395,fail_cases = 17,fault = 80&82,
SUCCESS;323:edges = 396,fail_cases = 17,fault = 80&81&82,
SUCCESS;324:edges = 398,fail_cases = 17,fault = 82&83,
SUCCESS;325:edges = 399,fail_cases = 17,fault = 80&82&83,
SUCCESS;326:edges = 400,fail_cases = 17,fault = 80&81&82&83,
SUCCESS;327:edges = 402,fail_cases = 17,fault = 82&83&84,
SUCCESS;328:edges = 403,fail_cases = 17,fault = 80&82&83&84,
SUCCESS;329:edges = 404,fail_cases = 17,fault = 80&81&82&83&84,
FAIL;330:edges = 404,fail_cases = 18,fault = 82&83&84&85,
SUCCESS;331:edges = 406,fail_cases = 18,fault = 86,
SUCCESS;332:edges = 407,fail_cases = 18,fault = 82&86,
SUCCESS;333:edges = 408,fail_cases = 18,fault = 82&83&86,
SUCCESS;334:edges = 409,fail_cases = 18,fault = 82&83&84&86,
SUCCESS;335:edges = 411,fail_cases = 18,fault = 86&87,
SUCCESS;336:edges = 412,fail_cases = 18,fault = 82&86&87,
SUCCESS;337:edges = 413,fail_cases = 18,fault = 82&83&86&87,
SUCCESS;338:edges = 414,fail_cases = 18,fault = 82&83&84&86&87,
SUCCESS;339:edges = 416,fail_cases = 18,fault = 88&86&87,
SUCCESS;340:edges = 417,fail_cases = 18,fault = 88&82&86&87,
SUCCESS;341:edges = 418,fail_cases = 18,fault = 88&82&83&86&87,
SUCCESS;342:edges = 419,fail_cases = 18,fault = 88&82&83&84&86&87,
SUCCESS;343:edges = 421,fail_cases = 18,fault = 88&89&86&87,
SUCCESS;344:edges = 422,fail_cases = 18,fault = 88&89&82&86&87,
SUCCESS;345:edges = 423,fail_cases = 18,fault = 88&89&82&83&86&87,
SUCCESS;346:edges = 424,fail_cases = 18,fault = 88&89&82&83&84&86&87,
SUCCESS;347:edges = 426,fail_cases = 18,fault = 88&89&90&86&87,
SUCCESS;348:edges = 427,fail_cases = 18,fault = 88&89&90&82&86&87,
SUCCESS;349:edges = 428,fail_cases = 18,fault = 88&89&90&82&83&86&87,
SUCCESS;350:edges = 429,fail_cases = 18,fault = 88&89&90&82&83&84&86&87,
SUCCESS;351:edges = 431,fail_cases = 18,fault = 88&89&90&91&86&87,
SUCCESS;352:edges = 432,fail_cases = 18,fault = 88&89&90&91&82&86&87,
SUCCESS;353:edges = 433,fail_cases = 18,fault = 88&89&90&91&82&83&86&87,
SUCCESS;354:edges = 434,fail_cases = 18,fault = 88&89&90&91&82&83&84&86&87,
FAIL;355:edges = 434,fail_cases = 19,fault = 88&89&90&91&92&86&87,
SUCCESS;356:edges = 436,fail_cases = 19,fault = 96,
SUCCESS;357:edges = 437,fail_cases = 19,fault = 96&86,
SUCCESS;358:edges = 438,fail_cases = 19,fault = 96&86&87,
SUCCESS;359:edges = 439,fail_cases = 19,fault = 88&96&86&87,
SUCCESS;360:edges = 440,fail_cases = 19,fault = 88&89&96&86&87,
SUCCESS;361:edges = 441,fail_cases = 19,fault = 88&89&90&96&86&87,
SUCCESS;362:edges = 442,fail_cases = 19,fault = 88&89&90&91&96&86&87,
SUCCESS;363:edges = 444,fail_cases = 19,fault = 96&97,
SUCCESS;364:edges = 445,fail_cases = 19,fault = 96&97&86,
SUCCESS;365:edges = 446,fail_cases = 19,fault = 96&97&86&87,
SUCCESS;366:edges = 447,fail_cases = 19,fault = 88&96&97&86&87,
SUCCESS;367:edges = 448,fail_cases = 19,fault = 88&89&96&97&86&87,
SUCCESS;368:edges = 449,fail_cases = 19,fault = 88&89&90&96&97&86&87,
SUCCESS;369:edges = 450,fail_cases = 19,fault = 88&89&90&91&96&97&86&87,
SUCCESS;370:edges = 452,fail_cases = 19,fault = 93&96&97,
SUCCESS;371:edges = 453,fail_cases = 19,fault = 93&96&97&86,
SUCCESS;372:edges = 454,fail_cases = 19,fault = 93&96&97&86&87,
SUCCESS;373:edges = 455,fail_cases = 19,fault = 88&93&96&97&86&87,
SUCCESS;374:edges = 456,fail_cases = 19,fault = 88&89&93&96&97&86&87,
SUCCESS;375:edges = 457,fail_cases = 19,fault = 88&89&90&93&96&97&86&87,
SUCCESS;376:edges = 458,fail_cases = 19,fault = 88&89&90&91&93&96&97&86&87,
SUCCESS;377:edges = 460,fail_cases = 19,fault = 93&94&96&97,
SUCCESS;378:edges = 461,fail_cases = 19,fault = 93&94&96&97&86,
SUCCESS;379:edges = 462,fail_cases = 19,fault = 93&94&96&97&86&87,
SUCCESS;380:edges = 463,fail_cases = 19,fault = 88&93&94&96&97&86&87,
SUCCESS;381:edges = 464,fail_cases = 19,fault = 88&89&93&94&96&97&86&87,
SUCCESS;382:edges = 465,fail_cases = 19,fault = 88&89&90&93&94&96&97&86&87,
SUCCESS;383:edges = 466,fail_cases = 19,fault = 88&89&90&91&93&94&96&97&86&87,
FAIL;384:edges = 466,fail_cases = 20,fault = 93&94&95&96&97,
SUCCESS;385:edges = 468,fail_cases = 20,fault = 98,
SUCCESS;386:edges = 469,fail_cases = 20,fault = 96&98,
SUCCESS;387:edges = 470,fail_cases = 20,fault = 96&97&98,
SUCCESS;388:edges = 471,fail_cases = 20,fault = 93&96&97&98,
SUCCESS;389:edges = 472,fail_cases = 20,fault = 93&94&96&97&98,
FAIL;390:edges = 472,fail_cases = 21,fault = 99&98,
SUCCESS;391:edges = 474,fail_cases = 21,fault = 100,
SUCCESS;392:edges = 475,fail_cases = 21,fault = 100&98,
SUCCESS;393:edges = 477,fail_cases = 21,fault = 100&101,
SUCCESS;394:edges = 478,fail_cases = 21,fault = 100&101&98,
SUCCESS;395:edges = 480,fail_cases = 21,fault = 100&101&102,
SUCCESS;396:edges = 481,fail_cases = 21,fault = 100&101&102&98,
SUCCESS;397:edges = 483,fail_cases = 21,fault = 100&101&102&103,
SUCCESS;398:edges = 484,fail_cases = 21,fault = 100&101&102&103&98,
SUCCESS;399:edges = 486,fail_cases = 21,fault = 100&101&102&103&104,
SUCCESS;400:edges = 487,fail_cases = 21,fault = 100&101&102&103&104&98,
SUCCESS;401:edges = 489,fail_cases = 21,fault = 100&101&102&103&104&105,
SUCCESS;402:edges = 490,fail_cases = 21,fault = 100&101&102&103&104&105&98,
FAIL;403:edges = 490,fail_cases = 22,fault = 100&101&102&103&104&105&106,
SUCCESS;404:edges = 492,fail_cases = 22,fault = 107,
SUCCESS;405:edges = 493,fail_cases = 22,fault = 100&107,
SUCCESS;406:edges = 494,fail_cases = 22,fault = 100&101&107,
SUCCESS;407:edges = 495,fail_cases = 22,fault = 100&101&102&107,
SUCCESS;408:edges = 496,fail_cases = 22,fault = 100&101&102&103&107,
SUCCESS;409:edges = 497,fail_cases = 22,fault = 100&101&102&103&104&107,
SUCCESS;410:edges = 498,fail_cases = 22,fault = 100&101&102&103&104&105&107,
SUCCESS;411:edges = 500,fail_cases = 22,fault = 107&108,
SUCCESS;412:edges = 501,fail_cases = 22,fault = 100&107&108,
SUCCESS;413:edges = 502,fail_cases = 22,fault = 100&101&107&108,
SUCCESS;414:edges = 503,fail_cases = 22,fault = 100&101&102&107&108,
SUCCESS;415:edges = 504,fail_cases = 22,fault = 100&101&102&103&107&108,
SUCCESS;416:edges = 505,fail_cases = 22,fault = 100&101&102&103&104&107&108,
SUCCESS;417:edges = 506,fail_cases = 22,fault = 100&101&102&103&104&105&107&108,
SUCCESS;418:edges = 508,fail_cases = 22,fault = 107&108&109,
SUCCESS;419:edges = 509,fail_cases = 22,fault = 100&107&108&109,
SUCCESS;420:edges = 510,fail_cases = 22,fault = 100&101&107&108&109,
SUCCESS;421:edges = 511,fail_cases = 22,fault = 100&101&102&107&108&109,
SUCCESS;422:edges = 512,fail_cases = 22,fault = 100&101&102&103&107&108&109,
SUCCESS;423:edges = 513,fail_cases = 22,fault = 100&101&102&103&104&107&108&109,
SUCCESS;424:edges = 514,fail_cases = 22,fault = 100&101&102&103&104&105&107&108&109,
FAIL;425:edges = 514,fail_cases = 23,fault = 110&107&108&109,
SUCCESS;426:edges = 516,fail_cases = 23,fault = 112,
SUCCESS;427:edges = 517,fail_cases = 23,fault = 112&107,
SUCCESS;428:edges = 518,fail_cases = 23,fault = 112&107&108,
SUCCESS;429:edges = 519,fail_cases = 23,fault = 112&107&108&109,
SUCCESS;430:edges = 521,fail_cases = 23,fault = 112&113,
SUCCESS;431:edges = 522,fail_cases = 23,fault = 112&113&107,
SUCCESS;432:edges = 523,fail_cases = 23,fault = 112&113&107&108,
SUCCESS;433:edges = 524,fail_cases = 23,fault = 112&113&107&108&109,
SUCCESS;434:edges = 526,fail_cases = 23,fault = 112&113&114,
SUCCESS;435:edges = 527,fail_cases = 23,fault = 112&113&114&107,
SUCCESS;436:edges = 528,fail_cases = 23,fault = 112&113&114&107&108,
SUCCESS;437:edges = 529,fail_cases = 23,fault = 112&113&114&107&108&109,
SUCCESS;438:edges = 531,fail_cases = 23,fault = 112&113&114&115,
SUCCESS;439:edges = 532,fail_cases = 23,fault = 112&113&114&115&107,
SUCCESS;440:edges = 533,fail_cases = 23,fault = 112&113&114&115&107&108,
SUCCESS;441:edges = 534,fail_cases = 23,fault = 112&113&114&115&107&108&109,
SUCCESS;442:edges = 536,fail_cases = 23,fault = 112&113&114&115&116,
SUCCESS;443:edges = 537,fail_cases = 23,fault = 112&113&114&115&116&107,
SUCCESS;444:edges = 538,fail_cases = 23,fault = 112&113&114&115&116&107&108,
SUCCESS;445:edges = 539,fail_cases = 23,fault = 112&113&114&115&116&107&108&109,
SUCCESS;446:edges = 541,fail_cases = 23,fault = 112&113&114&115&116&117,
SUCCESS;447:edges = 542,fail_cases = 23,fault = 112&113&114&115&116&117&107,
SUCCESS;448:edges = 543,fail_cases = 23,fault = 112&113&114&115&116&117&107&108,
SUCCESS;449:edges = 544,fail_cases = 23,fault = 112&113&114&115&116&117&107&108&109,
SUCCESS;450:edges = 546,fail_cases = 23,fault = 112&113&114&115&116&117&118,
SUCCESS;451:edges = 547,fail_cases = 23,fault = 112&113&114&115&116&117&118&107,
SUCCESS;452:edges = 548,fail_cases = 23,fault = 112&113&114&115&116&117&118&107&108,
SUCCESS;453:edges = 549,fail_cases = 23,fault = 112&113&114&115&116&117&118&107&108&109,
FAIL;454:edges = 549,fail_cases = 24,fault = 111&112&113&114&115&116&117&118,
SUCCESS;455:edges = 551,fail_cases = 24,fault = 119,
SUCCESS;456:edges = 552,fail_cases = 24,fault = 112&119,
SUCCESS;457:edges = 553,fail_cases = 24,fault = 112&113&119,
SUCCESS;458:edges = 554,fail_cases = 24,fault = 112&113&114&119,
SUCCESS;459:edges = 555,fail_cases = 24,fault = 112&113&114&115&119,
SUCCESS;460:edges = 556,fail_cases = 24,fault = 112&113&114&115&116&119,
SUCCESS;461:edges = 557,fail_cases = 24,fault = 112&113&114&115&116&117&119,
SUCCESS;462:edges = 558,fail_cases = 24,fault = 112&113&114&115&116&117&118&119,
SUCCESS;463:edges = 560,fail_cases = 24,fault = 119&120,
SUCCESS;464:edges = 561,fail_cases = 24,fault = 112&119&120,
SUCCESS;465:edges = 562,fail_cases = 24,fault = 112&113&119&120,
SUCCESS;466:edges = 563,fail_cases = 24,fault = 112&113&114&119&120,
SUCCESS;467:edges = 564,fail_cases = 24,fault = 112&113&114&115&119&120,
SUCCESS;468:edges = 565,fail_cases = 24,fault = 112&113&114&115&116&119&120,
SUCCESS;469:edges = 566,fail_cases = 24,fault = 112&113&114&115&116&117&119&120,
SUCCESS;470:edges = 567,fail_cases = 24,fault = 112&113&114&115&116&117&118&119&120,
SUCCESS;471:edges = 569,fail_cases = 24,fault = 121&119&120,
SUCCESS;472:edges = 570,fail_cases = 24,fault = 121&112&119&120,
SUCCESS;473:edges = 571,fail_cases = 24,fault = 121&112&113&119&120,
SUCCESS;474:edges = 572,fail_cases = 24,fault = 121&112&113&114&119&120,
SUCCESS;475:edges = 573,fail_cases = 24,fault = 121&112&113&114&115&119&120,
SUCCESS;476:edges = 574,fail_cases = 24,fault = 121&112&113&114&115&116&119&120,
SUCCESS;477:edges = 575,fail_cases = 24,fault = 121&112&113&114&115&116&117&119&120,
SUCCESS;478:edges = 576,fail_cases = 24,fault = 121&112&113&114&115&116&117&118&119&120,
SUCCESS;479:edges = 578,fail_cases = 24,fault = 121&122&119&120,
SUCCESS;480:edges = 579,fail_cases = 24,fault = 121&122&112&119&120,
SUCCESS;481:edges = 580,fail_cases = 24,fault = 121&122&112&113&119&120,
SUCCESS;482:edges = 581,fail_cases = 24,fault = 121&122&112&113&114&119&120,
SUCCESS;483:edges = 582,fail_cases = 24,fault = 121&122&112&113&114&115&119&120,
SUCCESS;484:edges = 583,fail_cases = 24,fault = 121&122&112&113&114&115&116&119&120,
SUCCESS;485:edges = 584,fail_cases = 24,fault = 121&122&112&113&114&115&116&117&119&120,
SUCCESS;486:edges = 585,fail_cases = 24,fault = 121&122&112&113&114&115&116&117&118&119&120,
SUCCESS;487:edges = 587,fail_cases = 24,fault = 121&122&123&119&120,
SUCCESS;488:edges = 588,fail_cases = 24,fault = 121&122&123&112&119&120,
SUCCESS;489:edges = 589,fail_cases = 24,fault = 121&122&123&112&113&119&120,
SUCCESS;490:edges = 590,fail_cases = 24,fault = 121&122&123&112&113&114&119&120,
SUCCESS;491:edges = 591,fail_cases = 24,fault = 121&122&123&112&113&114&115&119&120,
SUCCESS;492:edges = 592,fail_cases = 24,fault = 121&122&123&112&113&114&115&116&119&120,
SUCCESS;493:edges = 593,fail_cases = 24,fault = 121&122&123&112&113&114&115&116&117&119&120,
SUCCESS;494:edges = 594,fail_cases = 24,fault = 121&122&123&112&113&114&115&116&117&118&119&120,
FAIL;495:edges = 594,fail_cases = 25,fault = 121&122&123&124&119&120,
SUCCESS;496:edges = 596,fail_cases = 25,fault = 128,
SUCCESS;497:edges = 597,fail_cases = 25,fault = 128&119,
SUCCESS;498:edges = 598,fail_cases = 25,fault = 128&119&120,
SUCCESS;499:edges = 599,fail_cases = 25,fault = 121&128&119&120,
SUCCESS;500:edges = 600,fail_cases = 25,fault = 121&122&128&119&120,
SUCCESS;501:edges = 601,fail_cases = 25,fault = 121&122&123&128&119&120,
SUCCESS;502:edges = 603,fail_cases = 25,fault = 128&129,
SUCCESS;503:edges = 604,fail_cases = 25,fault = 128&129&119,
SUCCESS;504:edges = 605,fail_cases = 25,fault = 128&129&119&120,
SUCCESS;505:edges = 606,fail_cases = 25,fault = 121&128&129&119&120,
SUCCESS;506:edges = 607,fail_cases = 25,fault = 121&122&128&129&119&120,
SUCCESS;507:edges = 608,fail_cases = 25,fault = 121&122&123&128&129&119&120,
SUCCESS;508:edges = 610,fail_cases = 25,fault = 128&129&130,
SUCCESS;509:edges = 611,fail_cases = 25,fault = 128&129&119&130,
SUCCESS;510:edges = 612,fail_cases = 25,fault = 128&129&119&130&120,
SUCCESS;511:edges = 613,fail_cases = 25,fault = 121&128&129&119&130&120,
SUCCESS;512:edges = 614,fail_cases = 25,fault = 121&122&128&129&119&130&120,
SUCCESS;513:edges = 615,fail_cases = 25,fault = 121&122&123&128&129&119&130&120,
SUCCESS;514:edges = 617,fail_cases = 25,fault = 125&128&129&130,
SUCCESS;515:edges = 618,fail_cases = 25,fault = 125&128&129&119&130,
SUCCESS;516:edges = 619,fail_cases = 25,fault = 125&128&129&119&130&120,
SUCCESS;517:edges = 620,fail_cases = 25,fault = 121&125&128&129&119&130&120,
SUCCESS;518:edges = 621,fail_cases = 25,fault = 121&122&125&128&129&119&130&120,
SUCCESS;519:edges = 622,fail_cases = 25,fault = 121&122&123&125&128&129&119&130&120,
SUCCESS;520:edges = 624,fail_cases = 25,fault = 125&126&128&129&130,
SUCCESS;521:edges = 625,fail_cases = 25,fault = 125&126&128&129&119&130,
SUCCESS;522:edges = 626,fail_cases = 25,fault = 125&126&128&129&119&130&120,
SUCCESS;523:edges = 627,fail_cases = 25,fault = 121&125&126&128&129&119&130&120,
SUCCESS;524:edges = 628,fail_cases = 25,fault = 121&122&125&126&128&129&119&130&120,
SUCCESS;525:edges = 629,fail_cases = 25,fault = 121&122&123&125&126&128&129&119&130&120,
FAIL;526:edges = 629,fail_cases = 26,fault = 125&126&127&128&129&130,
SUCCESS;527:edges = 631,fail_cases = 26,fault = 131,
SUCCESS;528:edges = 632,fail_cases = 26,fault = 128&131,
SUCCESS;529:edges = 633,fail_cases = 26,fault = 128&129&131,
SUCCESS;530:edges = 634,fail_cases = 26,fault = 128&129&130&131,
SUCCESS;531:edges = 635,fail_cases = 26,fault = 125&128&129&130&131,
SUCCESS;532:edges = 636,fail_cases = 26,fault = 125&126&128&129&130&131,
FAIL;533:edges = 636,fail_cases = 27,fault = 132&131,
SUCCESS;534:edges = 638,fail_cases = 27,fault = 133,
SUCCESS;535:edges = 639,fail_cases = 27,fault = 133&131,
SUCCESS;536:edges = 641,fail_cases = 27,fault = 133&134,
SUCCESS;537:edges = 642,fail_cases = 27,fault = 133&134&131,
SUCCESS;538:edges = 644,fail_cases = 27,fault = 133&134&135,
SUCCESS;539:edges = 645,fail_cases = 27,fault = 133&134&135&131,
SUCCESS;540:edges = 647,fail_cases = 27,fault = 133&134&135&136,
SUCCESS;541:edges = 648,fail_cases = 27,fault = 133&134&135&136&131,
SUCCESS;542:edges = 650,fail_cases = 27,fault = 133&134&135&136&137,
SUCCESS;543:edges = 651,fail_cases = 27,fault = 133&134&135&136&137&131,
SUCCESS;544:edges = 653,fail_cases = 27,fault = 133&134&135&136&137&138,
SUCCESS;545:edges = 654,fail_cases = 27,fault = 133&134&135&136&137&138&131,
SUCCESS;546:edges = 656,fail_cases = 27,fault = 133&134&135&136&137&138&139,
SUCCESS;547:edges = 657,fail_cases = 27,fault = 133&134&135&136&137&138&139&131,
FAIL;548:edges = 657,fail_cases = 28,fault = 133&134&135&136&137&138&139&140,
SUCCESS;549:edges = 658,fail_cases = 28,fault = 144,
SUCCESS;550:edges = 659,fail_cases = 28,fault = 144&133,
SUCCESS;551:edges = 660,fail_cases = 28,fault = 144&133&134,
SUCCESS;552:edges = 661,fail_cases = 28,fault = 144&133&134&135,
SUCCESS;553:edges = 662,fail_cases = 28,fault = 144&133&134&135&136,
SUCCESS;554:edges = 663,fail_cases = 28,fault = 144&133&134&135&136&137,
SUCCESS;555:edges = 664,fail_cases = 28,fault = 144&133&134&135&136&137&138,
SUCCESS;556:edges = 665,fail_cases = 28,fault = 144&133&134&135&136&137&138&139,
SUCCESS;557:edges = 666,fail_cases = 28,fault = 144&145,
SUCCESS;558:edges = 667,fail_cases = 28,fault = 144&145&134,
SUCCESS;559:edges = 668,fail_cases = 28,fault = 144&145&134&135,
SUCCESS;560:edges = 669,fail_cases = 28,fault = 144&145&134&135&136,
SUCCESS;561:edges = 670,fail_cases = 28,fault = 144&145&134&135&136&137,
SUCCESS;562:edges = 671,fail_cases = 28,fault = 144&145&134&135&136&137&138,
SUCCESS;563:edges = 672,fail_cases = 28,fault = 144&145&134&135&136&137&138&139,
SUCCESS;564:edges = 673,fail_cases = 28,fault = 144&145&134&135&136&137&138&139&140,
SUCCESS;565:edges = 674,fail_cases = 28,fault = 144&145&134&135&136&147&137&138&139&140,
SUCCESS;566:edges = 675,fail_cases = 28,fault = 144&133&145&146,
SUCCESS;567:edges = 676,fail_cases = 28,fault = 144&133&145&134&146,
SUCCESS;568:edges = 677,fail_cases = 28,fault = 144&133&145&134&146&135,
SUCCESS;569:edges = 678,fail_cases = 28,fault = 144&133&145&134&146&135&136,
SUCCESS;570:edges = 679,fail_cases = 28,fault = 144&133&145&146&147,
SUCCESS;571:edges = 680,fail_cases = 28,fault = 144&133&145&134&146&147,
SUCCESS;572:edges = 681,fail_cases = 28,fault = 144&133&145&134&146&147&136,
SUCCESS;573:edges = 682,fail_cases = 28,fault = 144&133&145&134&146&147&136&137,
SUCCESS;574:edges = 683,fail_cases = 28,fault = 144&133&145&134&146&135&136&137&138,
SUCCESS;575:edges = 684,fail_cases = 28,fault = 144&145&134&135&136&147&137&138&139&140&141,
SUCCESS;576:edges = 685,fail_cases = 28,fault = 144&133&145&134&146&147&136&137&138,
SUCCESS;577:edges = 686,fail_cases = 28,fault = 144&145&134&135&136&147&137&138&139&140&141&142,
FAIL;578:edges = 686,fail_cases = 29,fault = 140&141&142&143&144&145&134&135&136&147&137&138&139,
SUCCESS;579:edges = 687,fail_cases = 29,fault = 144&133&145&134&146&135&136&137&139&141,
SUCCESS;580:edges = 688,fail_cases = 29,fault = 144&133&145&134&146&135&136&137&138&139,
SUCCESS;581:edges = 689,fail_cases = 29,fault = 144&133&145&146&147&141,
SUCCESS;582:edges = 690,fail_cases = 29,fault = 144&133&145&134&146&147&136&137&138&139,
SUCCESS;583:edges = 691,fail_cases = 29,fault = 144&133&145&134&146&147&136&137&138&139&140,
SUCCESS;584:edges = 692,fail_cases = 29,fault = 144&133&145&146&147&141&142,
SUCCESS;585:edges = 693,fail_cases = 29,fault = 144&133&145&134&146&147&141&142,
SUCCESS;586:edges = 694,fail_cases = 29,fault = 144&133&145&134&146&135&147&141,
SUCCESS;587:edges = 695,fail_cases = 29,fault = 144&133&145&134&146&135&147&136&141,
SUCCESS;588:edges = 696,fail_cases = 29,fault = 144&133&145&134&146&135&147&136&137&141,
SUCCESS;589:edges = 697,fail_cases = 29,fault = 144&133&145&134&146&135&147&136&137&138&141,
SUCCESS;590:edges = 698,fail_cases = 29,fault = 144&133&145&134&146&135&147&136&137&138&139&141,
SUCCESS;591:edges = 699,fail_cases = 29,fault = 144&133&145&134&146&135&147&141&142,
FAIL;592:edges = 699,fail_cases = 30,fault = 140&142&143&144&133&145&134&146&147&136&137&138&139,
SUCCESS;593:edges = 700,fail_cases = 30,fault = 144&133&145&134&146&135&147&136&141&142,
SUCCESS;594:edges = 701,fail_cases = 30,fault = 144&133&145&134&146&135&147&136&137&141&142,
SUCCESS;595:edges = 702,fail_cases = 30,fault = 144&133&145&134&146&135&147&136&137&138&141&142,
SUCCESS;596:edges = 703,fail_cases = 30,fault = 141&142&144&133&145&134&146&135&147&136&137&138&139,
FAIL;597:edges = 703,fail_cases = 31,fault = 143&144&145&146&147&141&142,