SUCCESS;0:edges = 1,fail_cases = 0,fault = ,
SUCCESS;1:edges = 2,fail_cases = 0,fault = 1,
SUCCESS;2:edges = 3,fail_cases = 0,fault = 1&2,
FAIL;3:edges = 3,fail_cases = 1,fault = 1&2&3,
SUCCESS;4:edges = 4,fail_cases = 1,fault = 4,
SUCCESS;5:edges = 5,fail_cases = 1,fault = 1&4,
SUCCESS;6:edges = 6,fail_cases = 1,fault = 1&2&4,
SUCCESS;7:edges = 7,fail_cases = 1,fault = 4&5,
SUCCESS;8:edges = 8,fail_cases = 1,fault = 1&4&5,
SUCCESS;9:edges = 9,fail_cases = 1,fault = 1&2&4&5,
SUCCESS;10:edges = 10,fail_cases = 1,fault = 4&5&6,
SUCCESS;11:edges = 11,fail_cases = 1,fault = 1&4&5&6,
SUCCESS;12:edges = 12,fail_cases = 1,fault = 1&2&4&5&6,
SUCCESS;13:edges = 13,fail_cases = 1,fault = 4&5&6&7,
SUCCESS;14:edges = 14,fail_cases = 1,fault = 1&4&5&6&7,
SUCCESS;15:edges = 15,fail_cases = 1,fault = 1&2&4&5&6&7,
SUCCESS;16:edges = 16,fail_cases = 1,fault = 4&5&6&7&8,
SUCCESS;17:edges = 17,fail_cases = 1,fault = 1&4&5&6&7&8,
SUCCESS;18:edges = 18,fail_cases = 1,fault = 1&2&4&5&6&7&8,
SUCCESS;19:edges = 19,fail_cases = 1,fault = 4&5&6&7&8&9,
SUCCESS;20:edges = 20,fail_cases = 1,fault = 1&4&5&6&7&8&9,
SUCCESS;21:edges = 21,fail_cases = 1,fault = 1&2&4&5&6&7&8&9,
FAIL;22:edges = 21,fail_cases = 2,fault = 4&5&6&7&8&9&10,