SUCCESS;0:edges = 24,fail_cases = 0,fault = ,
SUCCESS;1:edges = 25,fail_cases = 0,fault = 1,
SUCCESS;2:edges = 26,fail_cases = 0,fault = 1&2,
SUCCESS;3:edges = 27,fail_cases = 0,fault = 1&2&3,
SUCCESS;4:edges = 28,fail_cases = 0,fault = 1&2&3&4,
FAIL;5:edges = 28,fail_cases = 1,fault = 1&2&3&4&5,
SUCCESS;6:edges = 30,fail_cases = 1,fault = 6,
SUCCESS;7:edges = 31,fail_cases = 1,fault = 1&6,
SUCCESS;8:edges = 32,fail_cases = 1,fault = 1&2&6,
SUCCESS;9:edges = 33,fail_cases = 1,fault = 1&2&3&6,
SUCCESS;10:edges = 34,fail_cases = 1,fault = 1&2&3&4&6,
SUCCESS;11:edges = 36,fail_cases = 1,fault = 6&7,
SUCCESS;12:edges = 37,fail_cases = 1,fault = 1&6&7,
SUCCESS;13:edges = 38,fail_cases = 1,fault = 1&2&6&7,
SUCCESS;14:edges = 39,fail_cases = 1,fault = 1&2&3&6&7,
SUCCESS;15:edges = 40,fail_cases = 1,fault = 1&2&3&4&6&7,
FAIL;16:edges = 40,fail_cases = 2,fault = 6&7&8,
SUCCESS;17:edges = 42,fail_cases = 2,fault = 9,
SUCCESS;18:edges = 43,fail_cases = 2,fault = 6&9,
SUCCESS;19:edges = 44,fail_cases = 2,fault = 6&7&9,
SUCCESS;20:edges = 46,fail_cases = 2,fault = 9&10,
SUCCESS;21:edges = 47,fail_cases = 2,fault = 6&9&10,
SUCCESS;22:edges = 48,fail_cases = 2,fault = 6&7&9&10,
SUCCESS;23:edges = 50,fail_cases = 2,fault = 11&9&10,
SUCCESS;24:edges = 51,fail_cases = 2,fault = 11&6&9&10,
SUCCESS;25:edges = 52,fail_cases = 2,fault = 11&6&7&9&10,
FAIL;26:edges = 52,fail_cases = 3,fault = 11&12&9&10,
SUCCESS;27:edges = 54,fail_cases = 3,fault = 13,
SUCCESS;28:edges = 55,fail_cases = 3,fault = 13&9,
SUCCESS;29:edges = 56,fail_cases = 3,fault = 13&9&10,
SUCCESS;30:edges = 57,fail_cases = 3,fault = 11&13&9&10,
FAIL;31:edges = 57,fail_cases = 4,fault = 13&14,
SUCCESS;32:edges = 59,fail_cases = 4,fault = 16,
SUCCESS;33:edges = 60,fail_cases = 4,fault = 13&16,
SUCCESS;34:edges = 62,fail_cases = 4,fault = 16&17,
SUCCESS;35:edges = 63,fail_cases = 4,fault = 13&16&17,
FAIL;36:edges = 63,fail_cases = 5,fault = 15&16&17,
SUCCESS;37:edges = 65,fail_cases = 5,fault = 18,
SUCCESS;38:edges = 66,fail_cases = 5,fault = 16&18,
SUCCESS;39:edges = 67,fail_cases = 5,fault = 16&17&18,
SUCCESS;40:edges = 69,fail_cases = 5,fault = 18&19,
SUCCESS;41:edges = 70,fail_cases = 5,fault = 16&18&19,
SUCCESS;42:edges = 71,fail_cases = 5,fault = 16&17&18&19,
SUCCESS;43:edges = 73,fail_cases = 5,fault = 18&19&20,
SUCCESS;44:edges = 74,fail_cases = 5,fault = 16&18&19&20,
SUCCESS;45:edges = 75,fail_cases = 5,fault = 16&17&18&19&20,
SUCCESS;46:edges = 77,fail_cases = 5,fault = 18&19&20&21,
SUCCESS;47:edges = 78,fail_cases = 5,fault = 16&18&19&20&21,
SUCCESS;48:edges = 79,fail_cases = 5,fault = 16&17&18&19&20&21,
SUCCESS;49:edges = 81,fail_cases = 5,fault = 22&18&19&20&21,
SUCCESS;50:edges = 82,fail_cases = 5,fault = 22&17&18&19&20&21,
SUCCESS;51:edges = 84,fail_cases = 5,fault = 22&15&17&18&19&20&21,
SUCCESS;52:edges = 85,fail_cases = 5,fault = 22&23&16&18&19&20&21,
FAIL;53:edges = 85,fail_cases = 6,fault = 22&24&15&17&18&19&20&21,
SUCCESS;54:edges = 86,fail_cases = 6,fault = 22&23&16&17&18&19&20&21,
FAIL;55:edges = 86,fail_cases = 7,fault = 22&23&24&18&19&20&21,
SUCCESS;56:edges = 88,fail_cases = 7,fault = 25,
SUCCESS;57:edges = 89,fail_cases = 7,fault = 25&18,
SUCCESS;58:edges = 90,fail_cases = 7,fault = 25&18&19,
SUCCESS;59:edges = 91,fail_cases = 7,fault = 25&18&19&20,
SUCCESS;60:edges = 92,fail_cases = 7,fault = 25&18&19&20&21,
SUCCESS;61:edges = 93,fail_cases = 7,fault = 22&25&18&19&20&21,
SUCCESS;62:edges = 94,fail_cases = 7,fault = 22&25&15&17&18&19&20&21,
SUCCESS;63:edges = 96,fail_cases = 7,fault = 25&26,
SUCCESS;64:edges = 97,fail_cases = 7,fault = 25&26&18,
SUCCESS;65:edges = 98,fail_cases = 7,fault = 25&26&18&19,
SUCCESS;66:edges = 99,fail_cases = 7,fault = 25&26&18&19&20,
SUCCESS;67:edges = 100,fail_cases = 7,fault = 25&26&18&19&20&21,
SUCCESS;68:edges = 101,fail_cases = 7,fault = 22&25&26&18&19&20&21,
SUCCESS;69:edges = 102,fail_cases = 7,fault = 22&25&26&15&17&18&19&20&21,
SUCCESS;70:edges = 104,fail_cases = 7,fault = 25&26&27,
SUCCESS;71:edges = 105,fail_cases = 7,fault = 25&26&27&18,
SUCCESS;72:edges = 106,fail_cases = 7,fault = 25&26&27&18&19,
SUCCESS;73:edges = 107,fail_cases = 7,fault = 25&26&27&18&19&20,
SUCCESS;74:edges = 108,fail_cases = 7,fault = 25&26&27&18&19&20&21,
SUCCESS;75:edges = 109,fail_cases = 7,fault = 22&25&26&27&18&19&20&21,
SUCCESS;76:edges = 110,fail_cases = 7,fault = 22&25&26&15&27&17&18&19&20&21,
FAIL;77:edges = 110,fail_cases = 8,fault = 25&26&27&28,
SUCCESS;78:edges = 112,fail_cases = 8,fault = 29,
SUCCESS;79:edges = 113,fail_cases = 8,fault = 25&29,
SUCCESS;80:edges = 114,fail_cases = 8,fault = 25&26&29,
SUCCESS;81:edges = 115,fail_cases = 8,fault = 25&26&27&29,
SUCCESS;82:edges = 117,fail_cases = 8,fault = 29&30,
SUCCESS;83:edges = 118,fail_cases = 8,fault = 25&29&30,
SUCCESS;84:edges = 119,fail_cases = 8,fault = 25&26&29&30,
SUCCESS;85:edges = 120,fail_cases = 8,fault = 25&26&27&29&30,
FAIL;86:edges = 120,fail_cases = 9,fault = 29&30&31,
SUCCESS;87:edges = 122,fail_cases = 9,fault = 32,
SUCCESS;88:edges = 123,fail_cases = 9,fault = 29&32,
SUCCESS;89:edges = 124,fail_cases = 9,fault = 29&30&32,
SUCCESS;90:edges = 126,fail_cases = 9,fault = 33&32,
SUCCESS;91:edges = 127,fail_cases = 9,fault = 33&29&32,
SUCCESS;92:edges = 128,fail_cases = 9,fault = 33&29&30&32,
SUCCESS;93:edges = 130,fail_cases = 9,fault = 33&34&32,
SUCCESS;94:edges = 131,fail_cases = 9,fault = 33&34&29&32,
SUCCESS;95:edges = 132,fail_cases = 9,fault = 33&34&29&30&32,
SUCCESS;96:edges = 134,fail_cases = 9,fault = 33&34&35&32,
SUCCESS;97:edges = 135,fail_cases = 9,fault = 33&34&35&29&32,
SUCCESS;98:edges = 136,fail_cases = 9,fault = 33&34&35&29&30&32,
SUCCESS;99:edges = 138,fail_cases = 9,fault = 33&34&35&36&32,
SUCCESS;100:edges = 139,fail_cases = 9,fault = 33&34&35&36&29&32,
SUCCESS;101:edges = 141,fail_cases = 9,fault = 33&34&35&36&29&31&32,
SUCCESS;102:edges = 142,fail_cases = 9,fault = 33&34&35&36&37&30&32,
FAIL;103:edges = 142,fail_cases = 10,fault = 33&34&35&36&37&30&31&32,
FAIL;104:edges = 142,fail_cases = 11,fault = 33&34&35&36&38&29&31&32,
FAIL;105:edges = 142,fail_cases = 12,fault = 33&34&35&36&37&38&32,
SUCCESS;106:edges = 144,fail_cases = 12,fault = 39,
SUCCESS;107:edges = 145,fail_cases = 12,fault = 39&32,
SUCCESS;108:edges = 146,fail_cases = 12,fault = 33&39&32,
SUCCESS;109:edges = 147,fail_cases = 12,fault = 33&34&39&32,
SUCCESS;110:edges = 148,fail_cases = 12,fault = 33&34&35&39&32,
SUCCESS;111:edges = 149,fail_cases = 12,fault = 33&34&35&36&39&32,
SUCCESS;112:edges = 150,fail_cases = 12,fault = 33&34&35&36&39&29&31&32,
SUCCESS;113:edges = 152,fail_cases = 12,fault = 39&40,
SUCCESS;114:edges = 153,fail_cases = 12,fault = 39&40&32,
SUCCESS;115:edges = 154,fail_cases = 12,fault = 33&39&40&32,
SUCCESS;116:edges = 155,fail_cases = 12,fault = 33&34&39&40&32,
SUCCESS;117:edges = 156,fail_cases = 12,fault = 33&34&35&39&40&32,
SUCCESS;118:edges = 157,fail_cases = 12,fault = 33&34&35&36&39&40&32,
SUCCESS;119:edges = 158,fail_cases = 12,fault = 33&34&35&36&39&29&40&31&32,
SUCCESS;120:edges = 160,fail_cases = 12,fault = 39&40&41,
SUCCESS;121:edges = 161,fail_cases = 12,fault = 39&40&41&32,
SUCCESS;122:edges = 162,fail_cases = 12,fault = 33&39&40&41&32,
SUCCESS;123:edges = 163,fail_cases = 12,fault = 33&34&39&40&41&32,
SUCCESS;124:edges = 164,fail_cases = 12,fault = 33&34&35&39&40&41&32,
SUCCESS;125:edges = 165,fail_cases = 12,fault = 33&34&35&36&39&40&41&32,
SUCCESS;126:edges = 166,fail_cases = 12,fault = 33&34&35&36&39&29&40&41&31&32,
SUCCESS;127:edges = 168,fail_cases = 12,fault = 39&40&41&42,
SUCCESS;128:edges = 169,fail_cases = 12,fault = 33&39&40&41&42,
SUCCESS;129:edges = 170,fail_cases = 12,fault = 33&35&39&40&41&42,
SUCCESS;130:edges = 171,fail_cases = 12,fault = 33&35&36&39&40&41&42,
SUCCESS;131:edges = 172,fail_cases = 12,fault = 33&35&36&39&29&40&41&42&31,
SUCCESS;132:edges = 174,fail_cases = 12,fault = 33&35&36&37&39&40&41&30&42&31,
SUCCESS;133:edges = 176,fail_cases = 12,fault = 33&44&35&36&37&39&40&41&30&42&31,
SUCCESS;134:edges = 177,fail_cases = 12,fault = 33&35&36&37&39&40&41&30&42&31&32,
FAIL;135:edges = 177,fail_cases = 13,fault = 33&44&45&35&36&37&39&40&41&30&42&31,
SUCCESS;136:edges = 178,fail_cases = 13,fault = 33&44&35&36&38&39&29&40&41&42&31&32,
FAIL;137:edges = 178,fail_cases = 14,fault = 33&44&45&35&36&38&39&29&40&41&42&31,
FAIL;138:edges = 178,fail_cases = 15,fault = 33&44&45&35&36&37&38&39&40&41&42,
SUCCESS;139:edges = 179,fail_cases = 15,fault = 34&39&40&41&42&43&32,
SUCCESS;140:edges = 180,fail_cases = 15,fault = 44&34&39&40&41&42&43&32,
SUCCESS;141:edges = 181,fail_cases = 15,fault = 33&34&39&40&41&42&43&32,
SUCCESS;142:edges = 182,fail_cases = 15,fault = 44&33&34&39&40&41&42&43&32,
SUCCESS;143:edges = 183,fail_cases = 15,fault = 33&34&35&39&40&41&42&43&32,
SUCCESS;144:edges = 184,fail_cases = 15,fault = 33&34&35&36&39&40&41&42&43&32,
SUCCESS;145:edges = 185,fail_cases = 15,fault = 33&34&35&36&39&29&40&41&42&31&43&32,
SUCCESS;146:edges = 186,fail_cases = 15,fault = 44&33&34&35&39&40&41&42&43&32,
SUCCESS;147:edges = 187,fail_cases = 15,fault = 44&33&34&35&36&39&40&41&42&43&32,
SUCCESS;148:edges = 188,fail_cases = 15,fault = 44&33&34&35&36&39&29&40&41&42&31&43&32,
FAIL;149:edges = 188,fail_cases = 16,fault = 44&45&39&40&41&42&43,
SUCCESS;150:edges = 190,fail_cases = 16,fault = 48,
SUCCESS;151:edges = 191,fail_cases = 16,fault = 48&39,
SUCCESS;152:edges = 192,fail_cases = 16,fault = 48&39&40,
SUCCESS;153:edges = 193,fail_cases = 16,fault = 48&39&40&41,
SUCCESS;154:edges = 194,fail_cases = 16,fault = 48&39&40&41&42,
SUCCESS;155:edges = 195,fail_cases = 16,fault = 33&35&36&48&38&39&29&40&41&42&31,
SUCCESS;156:edges = 196,fail_cases = 16,fault = 33&44&35&36&48&38&39&29&40&41&42&31,
SUCCESS;157:edges = 198,fail_cases = 16,fault = 48&49,
SUCCESS;158:edges = 199,fail_cases = 16,fault = 48&49&39,
SUCCESS;159:edges = 200,fail_cases = 16,fault = 48&49&39&40,
SUCCESS;160:edges = 201,fail_cases = 16,fault = 48&49&39&40&41,
SUCCESS;161:edges = 202,fail_cases = 16,fault = 48&49&39&40&41&42,
SUCCESS;162:edges = 203,fail_cases = 16,fault = 33&35&36&48&37&49&39&40&41&30&42&31,
SUCCESS;163:edges = 204,fail_cases = 16,fault = 33&44&35&36&48&37&49&39&40&41&30&42&31,
SUCCESS;164:edges = 206,fail_cases = 16,fault = 46&48&49,
SUCCESS;165:edges = 207,fail_cases = 16,fault = 46&48&49&39,
SUCCESS;166:edges = 208,fail_cases = 16,fault = 46&48&49&39&40,
SUCCESS;167:edges = 209,fail_cases = 16,fault = 46&48&49&39&40&41,
SUCCESS;168:edges = 210,fail_cases = 16,fault = 46&48&49&39&40&41&42,
SUCCESS;169:edges = 211,fail_cases = 16,fault = 33&46&35&36&48&37&49&39&40&41&30&42&31,
SUCCESS;170:edges = 212,fail_cases = 16,fault = 33&44&46&35&36&48&37&49&39&40&41&30&42&31,
FAIL;171:edges = 212,fail_cases = 17,fault = 46&47&48&49,
SUCCESS;172:edges = 214,fail_cases = 17,fault = 50,
SUCCESS;173:edges = 215,fail_cases = 17,fault = 48&50,
SUCCESS;174:edges = 216,fail_cases = 17,fault = 48&49&50,
SUCCESS;175:edges = 217,fail_cases = 17,fault = 46&48&49&50,
SUCCESS;176:edges = 219,fail_cases = 17,fault = 50&51,
SUCCESS;177:edges = 220,fail_cases = 17,fault = 48&50&51,
SUCCESS;178:edges = 221,fail_cases = 17,fault = 48&49&50&51,
SUCCESS;179:edges = 222,fail_cases = 17,fault = 46&48&49&50&51,
SUCCESS;180:edges = 224,fail_cases = 17,fault = 50&51&52,
SUCCESS;181:edges = 225,fail_cases = 17,fault = 48&50&51&52,
SUCCESS;182:edges = 226,fail_cases = 17,fault = 48&49&50&51&52,
SUCCESS;183:edges = 227,fail_cases = 17,fault = 46&48&49&50&51&52,
SUCCESS;184:edges = 229,fail_cases = 17,fault = 50&51&52&53,
SUCCESS;185:edges = 230,fail_cases = 17,fault = 48&50&51&52&53,
SUCCESS;186:edges = 231,fail_cases = 17,fault = 48&49&50&51&52&53,
SUCCESS;187:edges = 232,fail_cases = 17,fault = 46&48&49&50&51&52&53,
SUCCESS;188:edges = 234,fail_cases = 17,fault = 50&51&52&53&54,
SUCCESS;189:edges = 235,fail_cases = 17,fault = 48&50&51&52&53&54,
SUCCESS;190:edges = 236,fail_cases = 17,fault = 48&49&50&51&52&53&54,
SUCCESS;191:edges = 237,fail_cases = 17,fault = 46&48&49&50&51&52&53&54,
FAIL;192:edges = 237,fail_cases = 18,fault = 55&50&51&52&53&54,
SUCCESS;193:edges = 239,fail_cases = 18,fault = 56,
SUCCESS;194:edges = 240,fail_cases = 18,fault = 56&50,
SUCCESS;195:edges = 241,fail_cases = 18,fault = 56&50&51,
SUCCESS;196:edges = 242,fail_cases = 18,fault = 56&50&51&52,
SUCCESS;197:edges = 243,fail_cases = 18,fault = 56&50&51&52&53,
SUCCESS;198:edges = 244,fail_cases = 18,fault = 56&50&51&52&53&54,
FAIL;199:edges = 244,fail_cases = 19,fault = 56&57,
SUCCESS;200:edges = 246,fail_cases = 19,fault = 64,
SUCCESS;201:edges = 248,fail_cases = 19,fault = 57&64,
SUCCESS;202:edges = 250,fail_cases = 19,fault = 57&59&64,
SUCCESS;203:edges = 252,fail_cases = 19,fault = 57&59&60&64,
SUCCESS;204:edges = 254,fail_cases = 19,fault = 57&59&60&61&64,
SUCCESS;205:edges = 255,fail_cases = 19,fault = 56&58&64,
SUCCESS;206:edges = 257,fail_cases = 19,fault = 57&59&60&61&62&64,
SUCCESS;207:edges = 258,fail_cases = 19,fault = 56&58&59&64,
SUCCESS;208:edges = 259,fail_cases = 19,fault = 56&58&59&60&64,
FAIL;209:edges = 259,fail_cases = 20,fault = 57&59&60&61&62&63&64,
SUCCESS;210:edges = 260,fail_cases = 20,fault = 56&58&59&60&61&64,
SUCCESS;211:edges = 261,fail_cases = 20,fault = 56&58&59&60&61&62&64,
FAIL;212:edges = 261,fail_cases = 21,fault = 58&59&60&61&62&63&64,
SUCCESS;213:edges = 263,fail_cases = 21,fault = 65,
SUCCESS;214:edges = 264,fail_cases = 21,fault = 64&65,
SUCCESS;215:edges = 265,fail_cases = 21,fault = 57&64&65,
SUCCESS;216:edges = 266,fail_cases = 21,fault = 57&59&64&65,
SUCCESS;217:edges = 267,fail_cases = 21,fault = 57&59&60&64&65,
SUCCESS;218:edges = 268,fail_cases = 21,fault = 57&59&60&61&64&65,
SUCCESS;219:edges = 269,fail_cases = 21,fault = 57&59&60&61&62&64&65,
SUCCESS;220:edges = 271,fail_cases = 21,fault = 66&65,
SUCCESS;221:edges = 272,fail_cases = 21,fault = 66&64&65,
SUCCESS;222:edges = 273,fail_cases = 21,fault = 66&57&64&65,
SUCCESS;223:edges = 274,fail_cases = 21,fault = 66&57&59&64&65,
SUCCESS;224:edges = 275,fail_cases = 21,fault = 66&57&59&60&64&65,
SUCCESS;225:edges = 276,fail_cases = 21,fault = 66&57&59&60&61&64&65,
SUCCESS;226:edges = 277,fail_cases = 21,fault = 66&57&59&60&61&62&64&65,
SUCCESS;227:edges = 279,fail_cases = 21,fault = 66&67&65,
SUCCESS;228:edges = 280,fail_cases = 21,fault = 66&67&64&65,
SUCCESS;229:edges = 281,fail_cases = 21,fault = 66&67&57&64&65,
SUCCESS;230:edges = 282,fail_cases = 21,fault = 66&67&57&59&64&65,
SUCCESS;231:edges = 283,fail_cases = 21,fault = 66&67&57&59&60&64&65,
SUCCESS;232:edges = 284,fail_cases = 21,fault = 66&67&57&59&60&61&64&65,
SUCCESS;233:edges = 285,fail_cases = 21,fault = 66&67&57&59&60&61&62&64&65,
SUCCESS;234:edges = 287,fail_cases = 21,fault = 66&67&68&65,
SUCCESS;235:edges = 288,fail_cases = 21,fault = 66&67&68&64&65,
SUCCESS;236:edges = 289,fail_cases = 21,fault = 66&67&68&57&64&65,
SUCCESS;237:edges = 290,fail_cases = 21,fault = 66&67&68&57&59&64&65,
SUCCESS;238:edges = 291,fail_cases = 21,fault = 66&67&68&57&59&60&64&65,
SUCCESS;239:edges = 292,fail_cases = 21,fault = 66&67&68&57&59&60&61&64&65,
SUCCESS;240:edges = 293,fail_cases = 21,fault = 66&67&68&57&59&60&61&62&64&65,
SUCCESS;241:edges = 295,fail_cases = 21,fault = 66&67&68&69&65,
SUCCESS;242:edges = 296,fail_cases = 21,fault = 66&67&68&69&64&65,
SUCCESS;243:edges = 297,fail_cases = 21,fault = 66&67&68&57&69&64&65,
SUCCESS;244:edges = 298,fail_cases = 21,fault = 66&67&68&57&69&59&64&65,
SUCCESS;245:edges = 299,fail_cases = 21,fault = 66&67&68&57&69&59&60&64&65,
SUCCESS;246:edges = 300,fail_cases = 21,fault = 66&67&68&57&69&59&60&61&64&65,
SUCCESS;247:edges = 301,fail_cases = 21,fault = 66&67&68&57&69&59&60&61&62&64&65,
FAIL;248:edges = 301,fail_cases = 22,fault = 66&67&68&69&70&65,
SUCCESS;249:edges = 303,fail_cases = 22,fault = 71,
SUCCESS;250:edges = 304,fail_cases = 22,fault = 71&65,
SUCCESS;251:edges = 305,fail_cases = 22,fault = 66&71&65,
SUCCESS;252:edges = 306,fail_cases = 22,fault = 66&67&71&65,
SUCCESS;253:edges = 307,fail_cases = 22,fault = 66&67&68&71&65,
SUCCESS;254:edges = 308,fail_cases = 22,fault = 66&67&68&69&71&65,
SUCCESS;255:edges = 310,fail_cases = 22,fault = 71&72,
SUCCESS;256:edges = 311,fail_cases = 22,fault = 71&72&65,
SUCCESS;257:edges = 312,fail_cases = 22,fault = 66&71&72&65,
SUCCESS;258:edges = 313,fail_cases = 22,fault = 66&67&71&72&65,
SUCCESS;259:edges = 314,fail_cases = 22,fault = 66&67&68&71&72&65,
SUCCESS;260:edges = 316,fail_cases = 22,fault = 66&67&68&69&71&72&65,
SUCCESS;261:edges = 318,fail_cases = 22,fault = 66&67&68&69&71&72&74&65,
SUCCESS;262:edges = 320,fail_cases = 22,fault = 66&67&68&69&71&72&74&75&65,
FAIL;263:edges = 320,fail_cases = 23,fault = 66&67&68&69&71&72&74&75&65&76,
SUCCESS;264:edges = 321,fail_cases = 23,fault = 70&71&72&73,
SUCCESS;265:edges = 322,fail_cases = 23,fault = 70&71&72&73&74,
SUCCESS;266:edges = 323,fail_cases = 23,fault = 70&71&72&73&74&75,
SUCCESS;267:edges = 324,fail_cases = 23,fault = 70&71&72&73&65,
SUCCESS;268:edges = 325,fail_cases = 23,fault = 70&71&72&73&74&65,
SUCCESS;269:edges = 326,fail_cases = 23,fault = 66&70&71&72&73&65,
SUCCESS;270:edges = 327,fail_cases = 23,fault = 70&71&72&73&74&75&65,
SUCCESS;271:edges = 328,fail_cases = 23,fault = 66&70&71&72&73&74&65,
SUCCESS;272:edges = 329,fail_cases = 23,fault = 66&67&70&71&72&73&65,
SUCCESS;273:edges = 330,fail_cases = 23,fault = 66&67&70&71&72&73&74&65,
SUCCESS;274:edges = 331,fail_cases = 23,fault = 66&70&71&72&73&74&75&65,
SUCCESS;275:edges = 332,fail_cases = 23,fault = 66&67&70&71&72&73&74&75&65,
SUCCESS;276:edges = 333,fail_cases = 23,fault = 66&67&68&70&71&72&73&65,
SUCCESS;277:edges = 334,fail_cases = 23,fault = 66&67&68&70&71&72&73&74&65,
SUCCESS;278:edges = 335,fail_cases = 23,fault = 66&67&68&70&71&72&73&74&75&65,
FAIL;279:edges = 335,fail_cases = 24,fault = 71&72&73&74&75&76,
SUCCESS;280:edges = 337,fail_cases = 24,fault = 80,
SUCCESS;281:edges = 338,fail_cases = 24,fault = 80&71,
SUCCESS;282:edges = 339,fail_cases = 24,fault = 80&71&72,
SUCCESS;283:edges = 340,fail_cases = 24,fault = 66&67&68&69&80&71&72&65,
SUCCESS;284:edges = 341,fail_cases = 24,fault = 66&67&68&69&80&71&72&74&65,
SUCCESS;285:edges = 342,fail_cases = 24,fault = 66&67&68&69&80&71&72&74&75&65,
SUCCESS;286:edges = 344,fail_cases = 24,fault = 80&81,
SUCCESS;287:edges = 345,fail_cases = 24,fault = 80&81&71,
SUCCESS;288:edges = 346,fail_cases = 24,fault = 80&81&71&72,
SUCCESS;289:edges = 347,fail_cases = 24,fault = 66&67&68&69&80&81&71&72&65,
SUCCESS;290:edges = 348,fail_cases = 24,fault = 66&67&68&69&80&81&71&72&74&65,
SUCCESS;291:edges = 349,fail_cases = 24,fault = 66&67&68&69&80&81&71&72&74&75&65,
SUCCESS;292:edges = 351,fail_cases = 24,fault = 80&81&82,
SUCCESS;293:edges = 352,fail_cases = 24,fault = 80&81&82&71,
SUCCESS;294:edges = 353,fail_cases = 24,fault = 80&81&82&71&72,
SUCCESS;295:edges = 354,fail_cases = 24,fault = 66&67&68&69&80&81&82&71&72&65,
SUCCESS;296:edges = 355,fail_cases = 24,fault = 66&67&68&69&80&81&82&71&72&74&65,
SUCCESS;297:edges = 356,fail_cases = 24,fault = 66&67&68&69&80&81&82&71&72&74&75&65,
SUCCESS;298:edges = 358,fail_cases = 24,fault = 80&81&82&83,
SUCCESS;299:edges = 359,fail_cases = 24,fault = 80&81&82&71&83,
SUCCESS;300:edges = 360,fail_cases = 24,fault = 80&81&82&71&83&72,
SUCCESS;301:edges = 361,fail_cases = 24,fault = 66&67&68&69&80&81&82&71&83&72&65,
SUCCESS;302:edges = 362,fail_cases = 24,fault = 66&67&68&69&80&81&82&71&83&72&74&65,
SUCCESS;303:edges = 363,fail_cases = 24,fault = 66&67&68&69&80&81&82&71&83&72&74&75&65,
SUCCESS;304:edges = 365,fail_cases = 24,fault = 77&80&81&82&83,
SUCCESS;305:edges = 366,fail_cases = 24,fault = 77&80&81&82&71&83,
SUCCESS;306:edges = 367,fail_cases = 24,fault = 77&80&81&82&71&83&72,
SUCCESS;307:edges = 368,fail_cases = 24,fault = 77&66&67&68&69&80&81&82&71&83&72&65,
SUCCESS;308:edges = 369,fail_cases = 24,fault = 77&66&67&68&69&80&81&82&71&83&72&74&65,
SUCCESS;309:edges = 370,fail_cases = 24,fault = 77&66&67&68&69&80&81&82&71&83&72&74&75&65,
SUCCESS;310:edges = 372,fail_cases = 24,fault = 77&78&80&81&82&83,
SUCCESS;311:edges = 373,fail_cases = 24,fault = 77&78&80&81&82&71&83,
SUCCESS;312:edges = 374,fail_cases = 24,fault = 77&78&80&81&82&71&83&72,
SUCCESS;313:edges = 375,fail_cases = 24,fault = 77&66&78&67&68&69&80&81&82&71&83&72&65,
SUCCESS;314:edges = 376,fail_cases = 24,fault = 77&66&78&67&68&69&80&81&82&71&83&72&74&65,
SUCCESS;315:edges = 377,fail_cases = 24,fault = 77&66&78&67&68&69&80&81&82&71&83&72&74&75&65,
FAIL;316:edges = 377,fail_cases = 25,fault = 77&78&79&80&81&82&83,
SUCCESS;317:edges = 379,fail_cases = 25,fault = 84,
SUCCESS;318:edges = 380,fail_cases = 25,fault = 80&84,
SUCCESS;319:edges = 381,fail_cases = 25,fault = 80&81&84,
SUCCESS;320:edges = 382,fail_cases = 25,fault = 80&81&82&84,
SUCCESS;321:edges = 383,fail_cases = 25,fault = 80&81&82&83&84,
SUCCESS;322:edges = 384,fail_cases = 25,fault = 77&80&81&82&83&84,
SUCCESS;323:edges = 385,fail_cases = 25,fault = 77&78&80&81&82&83&84,
SUCCESS;324:edges = 387,fail_cases = 25,fault = 84&85,
SUCCESS;325:edges = 388,fail_cases = 25,fault = 81&84&85,
SUCCESS;326:edges = 389,fail_cases = 25,fault = 81&82&84&85,
SUCCESS;327:edges = 390,fail_cases = 25,fault = 81&82&83&84&85,
SUCCESS;328:edges = 391,fail_cases = 25,fault = 77&81&82&83&84&85,
SUCCESS;329:edges = 392,fail_cases = 25,fault = 77&78&81&82&83&84&85,
SUCCESS;330:edges = 394,fail_cases = 25,fault = 77&78&79&81&82&83&84&85,
SUCCESS;331:edges = 395,fail_cases = 25,fault = 80&84&85&86,
SUCCESS;332:edges = 396,fail_cases = 25,fault = 80&81&84&85&86,
SUCCESS;333:edges = 397,fail_cases = 25,fault = 80&81&82&84&85&86,
SUCCESS;334:edges = 399,fail_cases = 25,fault = 77&78&79&81&82&83&84&85&87,
SUCCESS;335:edges = 400,fail_cases = 25,fault = 80&81&82&83&84&85&86,
SUCCESS;336:edges = 402,fail_cases = 25,fault = 77&88&78&79&81&82&83&84&85&87,
SUCCESS;337:edges = 403,fail_cases = 25,fault = 80&84&85&86&87,
SUCCESS;338:edges = 404,fail_cases = 25,fault = 88&80&84&85&86&87,
SUCCESS;339:edges = 406,fail_cases = 25,fault = 77&88&78&89&79&81&82&83&84&85&87,
SUCCESS;340:edges = 407,fail_cases = 25,fault = 77&80&81&82&83&84&85&86,
FAIL;341:edges = 407,fail_cases = 26,fault = 77&88&78&89&79&90&81&82&83&84&85&87,
SUCCESS;342:edges = 408,fail_cases = 26,fault = 77&78&80&81&82&83&84&85&86,
SUCCESS;343:edges = 409,fail_cases = 26,fault = 80&81&84&85&86&87,
SUCCESS;344:edges = 410,fail_cases = 26,fault = 80&81&82&84&85&86&87,
SUCCESS;345:edges = 411,fail_cases = 26,fault = 88&80&81&84&85&86&87,
SUCCESS;346:edges = 412,fail_cases = 26,fault = 88&80&81&82&84&85&86&87,
SUCCESS;347:edges = 413,fail_cases = 26,fault = 80&81&82&83&84&85&86&87,
SUCCESS;348:edges = 414,fail_cases = 26,fault = 88&89&80&84&85&86&87,
SUCCESS;349:edges = 415,fail_cases = 26,fault = 88&89&80&81&84&85&86&87,
SUCCESS;350:edges = 416,fail_cases = 26,fault = 77&80&81&82&83&84&85&86&87,
SUCCESS;351:edges = 417,fail_cases = 26,fault = 88&80&81&82&83&84&85&86&87,
SUCCESS;352:edges = 418,fail_cases = 26,fault = 77&78&80&81&82&83&84&85&86&87,
SUCCESS;353:edges = 419,fail_cases = 26,fault = 88&89&80&81&82&84&85&86&87,
SUCCESS;354:edges = 420,fail_cases = 26,fault = 88&89&80&81&82&83&84&85&86&87,
SUCCESS;355:edges = 421,fail_cases = 26,fault = 88&77&80&81&82&83&84&85&86&87,
SUCCESS;356:edges = 422,fail_cases = 26,fault = 88&77&78&80&81&82&83&84&85&86&87,
SUCCESS;357:edges = 423,fail_cases = 26,fault = 88&77&89&80&81&82&83&84&85&86&87,
FAIL;358:edges = 423,fail_cases = 27,fault = 88&77&89&79&80&81&82&83&84&85&86&87,
FAIL;359:edges = 423,fail_cases = 28,fault = 88&89&90&84&85&86&87,
SUCCESS;360:edges = 425,fail_cases = 28,fault = 91,
SUCCESS;361:edges = 426,fail_cases = 28,fault = 91&84,
SUCCESS;362:edges = 427,fail_cases = 28,fault = 91&84&85,
SUCCESS;363:edges = 428,fail_cases = 28,fault = 77&78&79&91&81&82&83&84&85,
SUCCESS;364:edges = 429,fail_cases = 28,fault = 77&78&79&91&81&82&83&84&85&87,
SUCCESS;365:edges = 430,fail_cases = 28,fault = 77&88&78&79&91&81&82&83&84&85&87,
SUCCESS;366:edges = 431,fail_cases = 28,fault = 77&88&78&89&79&91&81&82&83&84&85&87,
SUCCESS;367:edges = 433,fail_cases = 28,fault = 91&92,
SUCCESS;368:edges = 434,fail_cases = 28,fault = 91&92&84,
SUCCESS;369:edges = 435,fail_cases = 28,fault = 91&92&84&85,
SUCCESS;370:edges = 436,fail_cases = 28,fault = 77&78&79&91&92&81&82&83&84&85,
SUCCESS;371:edges = 437,fail_cases = 28,fault = 77&78&79&91&92&81&82&83&84&85&87,
SUCCESS;372:edges = 438,fail_cases = 28,fault = 77&88&78&79&91&92&81&82&83&84&85&87,
SUCCESS;373:edges = 439,fail_cases = 28,fault = 77&88&78&89&79&91&92&81&82&83&84&85&87,
SUCCESS;374:edges = 441,fail_cases = 28,fault = 91&92&93,
SUCCESS;375:edges = 442,fail_cases = 28,fault = 91&92&93&84,
SUCCESS;376:edges = 443,fail_cases = 28,fault = 91&92&93&84&85,
SUCCESS;377:edges = 444,fail_cases = 28,fault = 77&78&79&91&92&81&93&82&83&84&85,
SUCCESS;378:edges = 445,fail_cases = 28,fault = 77&78&79&91&92&81&93&82&83&84&85&87,
SUCCESS;379:edges = 446,fail_cases = 28,fault = 77&88&78&79&91&92&81&93&82&83&84&85&87,
SUCCESS;380:edges = 447,fail_cases = 28,fault = 77&88&78&89&79&91&92&81&93&82&83&84&85&87,
FAIL;381:edges = 447,fail_cases = 29,fault = 91&92&93&94,
SUCCESS;382:edges = 449,fail_cases = 29,fault = 96,
SUCCESS;383:edges = 450,fail_cases = 29,fault = 91&96,
SUCCESS;384:edges = 451,fail_cases = 29,fault = 91&92&96,
SUCCESS;385:edges = 452,fail_cases = 29,fault = 91&92&93&96,
SUCCESS;386:edges = 454,fail_cases = 29,fault = 96&97,
SUCCESS;387:edges = 455,fail_cases = 29,fault = 91&96&97,
SUCCESS;388:edges = 456,fail_cases = 29,fault = 91&92&96&97,
SUCCESS;389:edges = 457,fail_cases = 29,fault = 91&92&93&96&97,
SUCCESS;390:edges = 459,fail_cases = 29,fault = 96&97&98,
SUCCESS;391:edges = 460,fail_cases = 29,fault = 91&96&97&98,
SUCCESS;392:edges = 461,fail_cases = 29,fault = 91&92&96&97&98,
SUCCESS;393:edges = 462,fail_cases = 29,fault = 91&92&93&96&97&98,
SUCCESS;394:edges = 464,fail_cases = 29,fault = 99&96&97&98,
SUCCESS;395:edges = 465,fail_cases = 29,fault = 99&91&96&97&98,
SUCCESS;396:edges = 466,fail_cases = 29,fault = 99&91&92&96&97&98,
SUCCESS;397:edges = 467,fail_cases = 29,fault = 99&91&92&93&96&97&98,
FAIL;398:edges = 467,fail_cases = 30,fault = 99&95&96&97&98,
SUCCESS;399:edges = 469,fail_cases = 30,fault = 100,
SUCCESS;400:edges = 470,fail_cases = 30,fault = 100&96,
SUCCESS;401:edges = 471,fail_cases = 30,fault = 100&96&97,
SUCCESS;402:edges = 472,fail_cases = 30,fault = 100&96&97&98,
SUCCESS;403:edges = 473,fail_cases = 30,fault = 99&100&96&97&98,
SUCCESS;404:edges = 475,fail_cases = 30,fault = 100&101,
SUCCESS;405:edges = 476,fail_cases = 30,fault = 100&101&96,
SUCCESS;406:edges = 477,fail_cases = 30,fault = 100&101&96&97,
SUCCESS;407:edges = 478,fail_cases = 30,fault = 100&101&96&97&98,
SUCCESS;408:edges = 479,fail_cases = 30,fault = 99&100&101&96&97&98,
SUCCESS;409:edges = 481,fail_cases = 30,fault = 100&101&102,
SUCCESS;410:edges = 482,fail_cases = 30,fault = 100&101&102&96,
SUCCESS;411:edges = 483,fail_cases = 30,fault = 100&101&102&96&97,
SUCCESS;412:edges = 484,fail_cases = 30,fault = 100&101&102&96&97&98,
SUCCESS;413:edges = 485,fail_cases = 30,fault = 99&100&101&102&96&97&98,
SUCCESS;414:edges = 487,fail_cases = 30,fault = 100&101&102&103,
SUCCESS;415:edges = 488,fail_cases = 30,fault = 100&101&102&103&96,
SUCCESS;416:edges = 489,fail_cases = 30,fault = 100&101&102&103&96&97,
SUCCESS;417:edges = 490,fail_cases = 30,fault = 100&101&102&103&96&97&98,
SUCCESS;418:edges = 491,fail_cases = 30,fault = 99&100&101&102&103&96&97&98,
SUCCESS;419:edges = 493,fail_cases = 30,fault = 100&101&102&103&104,
SUCCESS;420:edges = 494,fail_cases = 30,fault = 100&101&102&103&104&96,
SUCCESS;421:edges = 495,fail_cases = 30,fault = 100&101&102&103&104&96&97,
SUCCESS;422:edges = 496,fail_cases = 30,fault = 100&101&102&103&104&96&97&98,
SUCCESS;423:edges = 497,fail_cases = 30,fault = 99&100&101&102&103&104&96&97&98,
SUCCESS;424:edges = 499,fail_cases = 30,fault = 100&101&102&103&104&105,
SUCCESS;425:edges = 500,fail_cases = 30,fault = 100&101&102&103&104&105&96,
SUCCESS;426:edges = 501,fail_cases = 30,fault = 100&101&102&103&104&105&96&97,
SUCCESS;427:edges = 502,fail_cases = 30,fault = 100&101&102&103&104&105&96&97&98,
SUCCESS;428:edges = 503,fail_cases = 30,fault = 99&100&101&102&103&104&105&96&97&98,
SUCCESS;429:edges = 505,fail_cases = 30,fault = 100&101&102&103&104&105&106,
SUCCESS;430:edges = 506,fail_cases = 30,fault = 100&101&102&103&104&105&106&96,
SUCCESS;431:edges = 507,fail_cases = 30,fault = 100&101&102&103&104&105&106&96&97,
SUCCESS;432:edges = 508,fail_cases = 30,fault = 100&101&102&103&104&105&106&96&97&98,
SUCCESS;433:edges = 509,fail_cases = 30,fault = 99&100&101&102&103&104&105&106&96&97&98,
FAIL;434:edges = 509,fail_cases = 31,fault = 100&101&102&103&104&105&106&107,
SUCCESS;435:edges = 511,fail_cases = 31,fault = 113,
SUCCESS;436:edges = 512,fail_cases = 31,fault = 100&113,
SUCCESS;437:edges = 513,fail_cases = 31,fault = 100&101&113,
SUCCESS;438:edges = 514,fail_cases = 31,fault = 100&101&113&102,
SUCCESS;439:edges = 515,fail_cases = 31,fault = 100&101&113&102&103,
SUCCESS;440:edges = 516,fail_cases = 31,fault = 100&101&113&102&103&104,
SUCCESS;441:edges = 517,fail_cases = 31,fault = 100&101&113&102&103&104&105,
SUCCESS;442:edges = 518,fail_cases = 31,fault = 100&101&113&102&103&104&105&106,
SUCCESS;443:edges = 520,fail_cases = 31,fault = 113&114,
SUCCESS;444:edges = 521,fail_cases = 31,fault = 100&113&114,
SUCCESS;445:edges = 522,fail_cases = 31,fault = 100&101&113&114,
SUCCESS;446:edges = 523,fail_cases = 31,fault = 100&101&113&102&114,
SUCCESS;447:edges = 524,fail_cases = 31,fault = 100&101&113&102&114&103,
SUCCESS;448:edges = 525,fail_cases = 31,fault = 100&101&113&102&114&103&104,
SUCCESS;449:edges = 526,fail_cases = 31,fault = 100&101&113&102&114&103&104&105,
SUCCESS;450:edges = 527,fail_cases = 31,fault = 100&101&113&102&114&103&104&105&106,
SUCCESS;451:edges = 529,fail_cases = 31,fault = 113&114&108,
SUCCESS;452:edges = 530,fail_cases = 31,fault = 100&113&114&108,
SUCCESS;453:edges = 531,fail_cases = 31,fault = 100&101&113&114&108,
SUCCESS;454:edges = 532,fail_cases = 31,fault = 100&101&113&102&114&108,
SUCCESS;455:edges = 533,fail_cases = 31,fault = 100&101&113&102&114&103&108,
SUCCESS;456:edges = 534,fail_cases = 31,fault = 100&101&113&102&114&103&104&108,
SUCCESS;457:edges = 535,fail_cases = 31,fault = 100&101&113&102&114&103&104&105&108,
SUCCESS;458:edges = 536,fail_cases = 31,fault = 100&101&113&102&114&103&104&105&106&108,
SUCCESS;459:edges = 538,fail_cases = 31,fault = 113&114&108&109,
SUCCESS;460:edges = 539,fail_cases = 31,fault = 100&113&114&108&109,
SUCCESS;461:edges = 540,fail_cases = 31,fault = 100&101&113&114&108&109,
SUCCESS;462:edges = 541,fail_cases = 31,fault = 100&101&113&102&114&108&109,
SUCCESS;463:edges = 542,fail_cases = 31,fault = 100&101&113&102&114&103&108&109,
SUCCESS;464:edges = 543,fail_cases = 31,fault = 100&101&113&102&114&103&104&108&109,
SUCCESS;465:edges = 544,fail_cases = 31,fault = 100&101&113&102&114&103&104&105&108&109,
SUCCESS;466:edges = 545,fail_cases = 31,fault = 100&101&113&102&114&103&104&105&106&108&109,
SUCCESS;467:edges = 547,fail_cases = 31,fault = 110&113&114&108&109,
SUCCESS;468:edges = 548,fail_cases = 31,fault = 110&100&113&114&108&109,
SUCCESS;469:edges = 549,fail_cases = 31,fault = 110&100&101&113&114&108&109,
SUCCESS;470:edges = 550,fail_cases = 31,fault = 110&100&101&113&102&114&108&109,
SUCCESS;471:edges = 551,fail_cases = 31,fault = 110&100&101&113&102&114&103&108&109,
SUCCESS;472:edges = 552,fail_cases = 31,fault = 110&100&101&113&102&114&103&104&108&109,
SUCCESS;473:edges = 553,fail_cases = 31,fault = 110&100&101&113&102&114&103&104&105&108&109,
SUCCESS;474:edges = 554,fail_cases = 31,fault = 110&100&101&113&102&114&103&104&105&106&108&109,
SUCCESS;475:edges = 557,fail_cases = 31,fault = 110&111&113&114&108&109,
SUCCESS;476:edges = 558,fail_cases = 31,fault = 110&111&100&113&114&108&109,
SUCCESS;477:edges = 559,fail_cases = 31,fault = 110&111&100&101&113&114&108&109,
SUCCESS;478:edges = 560,fail_cases = 31,fault = 110&111&100&101&113&102&114&108&109,
SUCCESS;479:edges = 561,fail_cases = 31,fault = 110&111&100&101&113&102&114&103&108&109,
SUCCESS;480:edges = 562,fail_cases = 31,fault = 110&111&100&101&113&102&114&103&104&108&109,
SUCCESS;481:edges = 563,fail_cases = 31,fault = 100&101&102&103&115&104&105,
SUCCESS;482:edges = 564,fail_cases = 31,fault = 100&101&102&103&115&104&105&106,
SUCCESS;483:edges = 565,fail_cases = 31,fault = 112&115,
SUCCESS;484:edges = 567,fail_cases = 31,fault = 110&111&113&114&116&108&109,
SUCCESS;485:edges = 569,fail_cases = 31,fault = 110&111&113&114&116&117&108&109,
SUCCESS;486:edges = 570,fail_cases = 31,fault = 112&113&115,
FAIL;487:edges = 570,fail_cases = 32,fault = 110&111&113&114&116&117&118&108&109,
SUCCESS;488:edges = 571,fail_cases = 32,fault = 112&115&116,
SUCCESS;489:edges = 572,fail_cases = 32,fault = 112&113&115&116,
SUCCESS;490:edges = 573,fail_cases = 32,fault = 112&115&116&117,
FAIL;491:edges = 573,fail_cases = 33,fault = 110&111&112&113&114&108&109,
SUCCESS;492:edges = 574,fail_cases = 33,fault = 112&113&114&115,
SUCCESS;493:edges = 575,fail_cases = 33,fault = 112&113&114&115&116,
SUCCESS;494:edges = 576,fail_cases = 33,fault = 112&113&115&116&117,
SUCCESS;495:edges = 577,fail_cases = 33,fault = 112&113&114&115&116&117,
SUCCESS;496:edges = 578,fail_cases = 33,fault = 112&113&114&115&108,
SUCCESS;497:edges = 579,fail_cases = 33,fault = 112&113&114&115&116&108,
SUCCESS;498:edges = 580,fail_cases = 33,fault = 112&113&114&115&116&117&108,
SUCCESS;499:edges = 581,fail_cases = 33,fault = 112&113&114&115&108&109,
SUCCESS;500:edges = 582,fail_cases = 33,fault = 112&113&114&115&116&108&109,
SUCCESS;501:edges = 583,fail_cases = 33,fault = 112&113&114&115&116&117&108&109,
SUCCESS;502:edges = 584,fail_cases = 33,fault = 110&112&113&114&115&108&109,
SUCCESS;503:edges = 585,fail_cases = 33,fault = 110&112&113&114&115&116&108&109,
SUCCESS;504:edges = 586,fail_cases = 33,fault = 110&112&113&114&115&116&117&108&109,
FAIL;505:edges = 586,fail_cases = 34,fault = 115&116&117&118,
SUCCESS;506:edges = 588,fail_cases = 34,fault = 119,
SUCCESS;507:edges = 589,fail_cases = 34,fault = 110&111&113&114&119&108&109,
SUCCESS;508:edges = 590,fail_cases = 34,fault = 110&111&113&114&116&119&108&109,
SUCCESS;509:edges = 591,fail_cases = 34,fault = 110&111&113&114&116&117&119&108&109,
FAIL;510:edges = 591,fail_cases = 35,fault = 119&120,
SUCCESS;511:edges = 592,fail_cases = 35,fault = 121,
SUCCESS;512:edges = 593,fail_cases = 35,fault = 121&119,
SUCCESS;513:edges = 594,fail_cases = 35,fault = 121&122,
SUCCESS;514:edges = 595,fail_cases = 35,fault = 121&122&119,
SUCCESS;515:edges = 596,fail_cases = 35,fault = 121&122&123,
SUCCESS;516:edges = 597,fail_cases = 35,fault = 121&122&123&119,
SUCCESS;517:edges = 598,fail_cases = 35,fault = 121&122&123&124,
SUCCESS;518:edges = 599,fail_cases = 35,fault = 121&122&123&124&119,
FAIL;519:edges = 599,fail_cases = 36,fault = 121&122&123&124&125,