SUCCESS;0:edges = 13,fail_cases = 0,fault = ,
SUCCESS;1:edges = 14,fail_cases = 0,fault = 1,
SUCCESS;2:edges = 15,fail_cases = 0,fault = 1&2,
SUCCESS;3:edges = 16,fail_cases = 0,fault = 1&2&3,
SUCCESS;4:edges = 17,fail_cases = 0,fault = 1&2&3&4,
FAIL;5:edges = 17,fail_cases = 1,fault = 1&2&3&4&5,
SUCCESS;6:edges = 19,fail_cases = 1,fault = 6,
SUCCESS;7:edges = 20,fail_cases = 1,fault = 1&6,
SUCCESS;8:edges = 21,fail_cases = 1,fault = 1&2&6,
SUCCESS;9:edges = 22,fail_cases = 1,fault = 1&2&3&6,
SUCCESS;10:edges = 23,fail_cases = 1,fault = 1&2&3&4&6,
SUCCESS;11:edges = 25,fail_cases = 1,fault = 6&7,
SUCCESS;12:edges = 26,fail_cases = 1,fault = 1&6&7,
SUCCESS;13:edges = 27,fail_cases = 1,fault = 1&2&6&7,
SUCCESS;14:edges = 28,fail_cases = 1,fault = 1&2&3&6&7,
SUCCESS;15:edges = 29,fail_cases = 1,fault = 1&2&3&4&6&7,
SUCCESS;16:edges = 31,fail_cases = 1,fault = 6&7&8,
SUCCESS;17:edges = 32,fail_cases = 1,fault = 1&6&7&8,
SUCCESS;18:edges = 33,fail_cases = 1,fault = 1&2&6&7&8,
SUCCESS;19:edges = 34,fail_cases = 1,fault = 1&2&3&6&7&8,
SUCCESS;20:edges = 35,fail_cases = 1,fault = 1&2&3&4&6&7&8,
SUCCESS;21:edges = 37,fail_cases = 1,fault = 6&7&8&9,
SUCCESS;22:edges = 38,fail_cases = 1,fault = 1&6&7&8&9,
SUCCESS;23:edges = 39,fail_cases = 1,fault = 1&2&6&7&8&9,
SUCCESS;24:edges = 40,fail_cases = 1,fault = 1&2&3&6&7&8&9,
SUCCESS;25:edges = 41,fail_cases = 1,fault = 1&2&3&4&6&7&8&9,
SUCCESS;26:edges = 43,fail_cases = 1,fault = 6&7&8&9&10,
SUCCESS;27:edges = 44,fail_cases = 1,fault = 1&6&7&8&9&10,
SUCCESS;28:edges = 45,fail_cases = 1,fault = 1&2&6&7&8&9&10,
SUCCESS;29:edges = 46,fail_cases = 1,fault = 1&2&3&6&7&8&9&10,
SUCCESS;30:edges = 47,fail_cases = 1,fault = 1&2&3&4&6&7&8&9&10,
SUCCESS;31:edges = 49,fail_cases = 1,fault = 11&6&7&8&9&10,
SUCCESS;32:edges = 50,fail_cases = 1,fault = 11&1&6&7&8&9&10,
SUCCESS;33:edges = 51,fail_cases = 1,fault = 11&1&2&6&7&8&9&10,
SUCCESS;34:edges = 52,fail_cases = 1,fault = 11&1&2&3&6&7&8&9&10,
SUCCESS;35:edges = 53,fail_cases = 1,fault = 11&1&2&3&4&6&7&8&9&10,
FAIL;36:edges = 53,fail_cases = 2,fault = 11&12&6&7&8&9&10,
SUCCESS;37:edges = 55,fail_cases = 2,fault = 13,
SUCCESS;38:edges = 56,fail_cases = 2,fault = 13&6,
SUCCESS;39:edges = 57,fail_cases = 2,fault = 13&6&7,
SUCCESS;40:edges = 58,fail_cases = 2,fault = 13&6&7&8,
SUCCESS;41:edges = 59,fail_cases = 2,fault = 13&6&7&8&9,
SUCCESS;42:edges = 60,fail_cases = 2,fault = 13&6&7&8&9&10,
SUCCESS;43:edges = 61,fail_cases = 2,fault = 11&13&6&7&8&9&10,
SUCCESS;44:edges = 63,fail_cases = 2,fault = 13&14,
SUCCESS;45:edges = 64,fail_cases = 2,fault = 13&14&6,
SUCCESS;46:edges = 65,fail_cases = 2,fault = 13&14&6&7,
SUCCESS;47:edges = 66,fail_cases = 2,fault = 13&14&6&7&8,
SUCCESS;48:edges = 67,fail_cases = 2,fault = 13&14&6&7&8&9,
SUCCESS;49:edges = 68,fail_cases = 2,fault = 13&14&6&7&8&9&10,
SUCCESS;50:edges = 69,fail_cases = 2,fault = 11&13&14&6&7&8&9&10,
FAIL;51:edges = 69,fail_cases = 3,fault = 13&14&15,
SUCCESS;52:edges = 71,fail_cases = 3,fault = 16,
SUCCESS;53:edges = 72,fail_cases = 3,fault = 13&16,
SUCCESS;54:edges = 73,fail_cases = 3,fault = 13&14&16,
SUCCESS;55:edges = 75,fail_cases = 3,fault = 16&17,
SUCCESS;56:edges = 76,fail_cases = 3,fault = 13&16&17,
SUCCESS;57:edges = 77,fail_cases = 3,fault = 13&14&16&17,
SUCCESS;58:edges = 79,fail_cases = 3,fault = 16&17&18,
SUCCESS;59:edges = 80,fail_cases = 3,fault = 13&16&17&18,
SUCCESS;60:edges = 81,fail_cases = 3,fault = 13&14&16&17&18,
SUCCESS;61:edges = 83,fail_cases = 3,fault = 16&17&18&19,
SUCCESS;62:edges = 84,fail_cases = 3,fault = 13&16&17&18&19,
SUCCESS;63:edges = 85,fail_cases = 3,fault = 13&14&16&17&18&19,
SUCCESS;64:edges = 87,fail_cases = 3,fault = 16&17&18&19&20,
SUCCESS;65:edges = 88,fail_cases = 3,fault = 13&16&17&18&19&20,
SUCCESS;66:edges = 89,fail_cases = 3,fault = 13&14&16&17&18&19&20,
SUCCESS;67:edges = 91,fail_cases = 3,fault = 16&17&18&19&20&21,
SUCCESS;68:edges = 92,fail_cases = 3,fault = 13&16&17&18&19&20&21,
SUCCESS;69:edges = 93,fail_cases = 3,fault = 13&14&16&17&18&19&20&21,
SUCCESS;70:edges = 95,fail_cases = 3,fault = 22&16&17&18&19&20&21,
SUCCESS;71:edges = 96,fail_cases = 3,fault = 22&13&16&17&18&19&20&21,
SUCCESS;72:edges = 97,fail_cases = 3,fault = 22&13&14&16&17&18&19&20&21,
FAIL;73:edges = 97,fail_cases = 4,fault = 22&23&16&17&18&19&20&21,
SUCCESS;74:edges = 99,fail_cases = 4,fault = 24,
SUCCESS;75:edges = 100,fail_cases = 4,fault = 24&16,
SUCCESS;76:edges = 101,fail_cases = 4,fault = 24&16&17,
SUCCESS;77:edges = 102,fail_cases = 4,fault = 24&16&17&18,
SUCCESS;78:edges = 103,fail_cases = 4,fault = 24&16&17&18&19,
SUCCESS;79:edges = 104,fail_cases = 4,fault = 24&16&17&18&19&20,
SUCCESS;80:edges = 105,fail_cases = 4,fault = 24&16&17&18&19&20&21,
SUCCESS;81:edges = 106,fail_cases = 4,fault = 22&24&16&17&18&19&20&21,
SUCCESS;82:edges = 108,fail_cases = 4,fault = 24&25,
SUCCESS;83:edges = 109,fail_cases = 4,fault = 24&25&16,
SUCCESS;84:edges = 110,fail_cases = 4,fault = 24&25&16&17,
SUCCESS;85:edges = 111,fail_cases = 4,fault = 24&25&16&17&18,
SUCCESS;86:edges = 112,fail_cases = 4,fault = 24&25&16&17&18&19,
SUCCESS;87:edges = 113,fail_cases = 4,fault = 24&25&16&17&18&19&20,
SUCCESS;88:edges = 114,fail_cases = 4,fault = 24&25&16&17&18&19&20&21,
SUCCESS;89:edges = 115,fail_cases = 4,fault = 22&24&25&16&17&18&19&20&21,
SUCCESS;90:edges = 117,fail_cases = 4,fault = 24&25&26,
SUCCESS;91:edges = 118,fail_cases = 4,fault = 24&25&26&16,
SUCCESS;92:edges = 119,fail_cases = 4,fault = 24&25&26&16&17,
SUCCESS;93:edges = 120,fail_cases = 4,fault = 24&25&26&16&17&18,
SUCCESS;94:edges = 121,fail_cases = 4,fault = 24&25&26&16&17&18&19,
SUCCESS;95:edges = 122,fail_cases = 4,fault = 24&25&26&16&17&18&19&20,
SUCCESS;96:edges = 123,fail_cases = 4,fault = 24&25&26&16&17&18&19&20&21,
SUCCESS;97:edges = 124,fail_cases = 4,fault = 22&24&25&26&16&17&18&19&20&21,
SUCCESS;98:edges = 126,fail_cases = 4,fault = 24&25&26&27,
SUCCESS;99:edges = 127,fail_cases = 4,fault = 24&25&26&27&16,
SUCCESS;100:edges = 128,fail_cases = 4,fault = 24&25&26&27&16&17,
SUCCESS;101:edges = 129,fail_cases = 4,fault = 24&25&26&27&16&17&18,
SUCCESS;102:edges = 130,fail_cases = 4,fault = 24&25&26&27&16&17&18&19,
SUCCESS;103:edges = 131,fail_cases = 4,fault = 24&25&26&27&16&17&18&19&20,
SUCCESS;104:edges = 132,fail_cases = 4,fault = 24&25&26&27&16&17&18&19&20&21,
SUCCESS;105:edges = 133,fail_cases = 4,fault = 22&24&25&26&27&16&17&18&19&20&21,
SUCCESS;106:edges = 135,fail_cases = 4,fault = 24&25&26&27&28,
SUCCESS;107:edges = 136,fail_cases = 4,fault = 24&25&26&27&16&28,
SUCCESS;108:edges = 137,fail_cases = 4,fault = 24&25&26&27&16&28&17,
SUCCESS;109:edges = 138,fail_cases = 4,fault = 24&25&26&27&16&28&17&18,
SUCCESS;110:edges = 139,fail_cases = 4,fault = 24&25&26&27&16&28&17&18&19,
SUCCESS;111:edges = 140,fail_cases = 4,fault = 24&25&26&27&16&28&17&18&19&20,
SUCCESS;112:edges = 141,fail_cases = 4,fault = 24&25&26&27&16&28&17&18&19&20&21,
SUCCESS;113:edges = 142,fail_cases = 4,fault = 22&24&25&26&27&16&28&17&18&19&20&21,
SUCCESS;114:edges = 144,fail_cases = 4,fault = 24&25&26&27&28&29,
SUCCESS;115:edges = 145,fail_cases = 4,fault = 24&25&26&27&16&28&29,
SUCCESS;116:edges = 146,fail_cases = 4,fault = 24&25&26&27&16&28&17&29,
SUCCESS;117:edges = 147,fail_cases = 4,fault = 24&25&26&27&16&28&17&29&18,
SUCCESS;118:edges = 148,fail_cases = 4,fault = 24&25&26&27&16&28&17&29&18&19,
SUCCESS;119:edges = 149,fail_cases = 4,fault = 24&25&26&27&16&28&17&29&18&19&20,
SUCCESS;120:edges = 150,fail_cases = 4,fault = 24&25&26&27&16&28&17&29&18&19&20&21,
SUCCESS;121:edges = 151,fail_cases = 4,fault = 22&24&25&26&27&16&28&17&29&18&19&20&21,
FAIL;122:edges = 151,fail_cases = 5,fault = 24&25&26&27&28&29&30,
SUCCESS;123:edges = 153,fail_cases = 5,fault = 32,
SUCCESS;124:edges = 154,fail_cases = 5,fault = 24&32,
SUCCESS;125:edges = 155,fail_cases = 5,fault = 24&25&32,
SUCCESS;126:edges = 156,fail_cases = 5,fault = 24&25&26&32,
SUCCESS;127:edges = 157,fail_cases = 5,fault = 24&25&26&27&32,
SUCCESS;128:edges = 158,fail_cases = 5,fault = 24&25&26&27&28&32,
SUCCESS;129:edges = 159,fail_cases = 5,fault = 24&25&26&27&28&29&32,
SUCCESS;130:edges = 161,fail_cases = 5,fault = 33&32,
SUCCESS;131:edges = 162,fail_cases = 5,fault = 33&24&32,
SUCCESS;132:edges = 163,fail_cases = 5,fault = 33&24&25&32,
SUCCESS;133:edges = 164,fail_cases = 5,fault = 33&24&25&26&32,
SUCCESS;134:edges = 165,fail_cases = 5,fault = 33&24&25&26&27&32,
SUCCESS;135:edges = 166,fail_cases = 5,fault = 33&24&25&26&27&28&32,
SUCCESS;136:edges = 167,fail_cases = 5,fault = 33&24&25&26&27&28&29&32,
SUCCESS;137:edges = 169,fail_cases = 5,fault = 33&34&32,
SUCCESS;138:edges = 170,fail_cases = 5,fault = 33&34&24&32,
SUCCESS;139:edges = 171,fail_cases = 5,fault = 33&34&24&25&32,
SUCCESS;140:edges = 172,fail_cases = 5,fault = 33&34&24&25&26&32,
SUCCESS;141:edges = 173,fail_cases = 5,fault = 33&34&24&25&26&27&32,
SUCCESS;142:edges = 174,fail_cases = 5,fault = 33&34&24&25&26&27&28&32,
SUCCESS;143:edges = 175,fail_cases = 5,fault = 33&34&24&25&26&27&28&29&32,
SUCCESS;144:edges = 177,fail_cases = 5,fault = 33&34&35&32,
SUCCESS;145:edges = 178,fail_cases = 5,fault = 33&34&35&24&32,
SUCCESS;146:edges = 179,fail_cases = 5,fault = 33&34&35&24&25&32,
SUCCESS;147:edges = 180,fail_cases = 5,fault = 33&34&35&24&25&26&32,
SUCCESS;148:edges = 181,fail_cases = 5,fault = 33&34&35&24&25&26&27&32,
SUCCESS;149:edges = 182,fail_cases = 5,fault = 33&34&35&24&25&26&27&28&32,
SUCCESS;150:edges = 183,fail_cases = 5,fault = 33&34&35&24&25&26&27&28&29&32,
FAIL;151:edges = 183,fail_cases = 6,fault = 33&34&35&31&32,
SUCCESS;152:edges = 185,fail_cases = 6,fault = 36,
SUCCESS;153:edges = 186,fail_cases = 6,fault = 36&32,
SUCCESS;154:edges = 187,fail_cases = 6,fault = 33&36&32,
SUCCESS;155:edges = 188,fail_cases = 6,fault = 33&34&36&32,
SUCCESS;156:edges = 189,fail_cases = 6,fault = 33&34&35&36&32,
FAIL;157:edges = 189,fail_cases = 7,fault = 36&37,
SUCCESS;158:edges = 191,fail_cases = 7,fault = 38,
SUCCESS;159:edges = 192,fail_cases = 7,fault = 36&38,
SUCCESS;160:edges = 194,fail_cases = 7,fault = 38&39,
SUCCESS;161:edges = 195,fail_cases = 7,fault = 36&38&39,
SUCCESS;162:edges = 197,fail_cases = 7,fault = 38&39&40,
SUCCESS;163:edges = 198,fail_cases = 7,fault = 36&38&39&40,
SUCCESS;164:edges = 200,fail_cases = 7,fault = 38&39&40&41,
SUCCESS;165:edges = 201,fail_cases = 7,fault = 36&38&39&40&41,
SUCCESS;166:edges = 203,fail_cases = 7,fault = 38&39&40&41&42,
SUCCESS;167:edges = 204,fail_cases = 7,fault = 36&38&39&40&41&42,
SUCCESS;168:edges = 206,fail_cases = 7,fault = 38&39&40&41&42&43,
SUCCESS;169:edges = 207,fail_cases = 7,fault = 36&38&39&40&41&42&43,
SUCCESS;170:edges = 209,fail_cases = 7,fault = 44&38&39&40&41&42&43,
SUCCESS;171:edges = 210,fail_cases = 7,fault = 44&36&38&39&40&41&42&43,
FAIL;172:edges = 210,fail_cases = 8,fault = 44&45&38&39&40&41&42&43,
SUCCESS;173:edges = 212,fail_cases = 8,fault = 46,
SUCCESS;174:edges = 213,fail_cases = 8,fault = 46&38,
SUCCESS;175:edges = 214,fail_cases = 8,fault = 46&38&39,
SUCCESS;176:edges = 215,fail_cases = 8,fault = 46&38&39&40,
SUCCESS;177:edges = 216,fail_cases = 8,fault = 46&38&39&40&41,
SUCCESS;178:edges = 217,fail_cases = 8,fault = 46&38&39&40&41&42,
SUCCESS;179:edges = 218,fail_cases = 8,fault = 46&38&39&40&41&42&43,
SUCCESS;180:edges = 219,fail_cases = 8,fault = 44&46&38&39&40&41&42&43,
FAIL;181:edges = 219,fail_cases = 9,fault = 46&47,
SUCCESS;182:edges = 221,fail_cases = 9,fault = 48,
SUCCESS;183:edges = 222,fail_cases = 9,fault = 46&48,
SUCCESS;184:edges = 224,fail_cases = 9,fault = 48&49,
SUCCESS;185:edges = 225,fail_cases = 9,fault = 46&48&49,
FAIL;186:edges = 225,fail_cases = 10,fault = 48&49&50,
SUCCESS;187:edges = 227,fail_cases = 10,fault = 51,
SUCCESS;188:edges = 228,fail_cases = 10,fault = 48&51,
SUCCESS;189:edges = 229,fail_cases = 10,fault = 48&49&51,
SUCCESS;190:edges = 231,fail_cases = 10,fault = 51&52,
SUCCESS;191:edges = 232,fail_cases = 10,fault = 48&51&52,
SUCCESS;192:edges = 233,fail_cases = 10,fault = 48&49&51&52,
SUCCESS;193:edges = 235,fail_cases = 10,fault = 51&52&53,
SUCCESS;194:edges = 236,fail_cases = 10,fault = 48&51&52&53,
SUCCESS;195:edges = 237,fail_cases = 10,fault = 48&49&51&52&53,
FAIL;196:edges = 237,fail_cases = 11,fault = 51&52&53&54,
SUCCESS;197:edges = 239,fail_cases = 11,fault = 55,
SUCCESS;198:edges = 240,fail_cases = 11,fault = 55&51,
SUCCESS;199:edges = 241,fail_cases = 11,fault = 55&51&52,
SUCCESS;200:edges = 242,fail_cases = 11,fault = 55&51&52&53,
SUCCESS;201:edges = 244,fail_cases = 11,fault = 55&56,
SUCCESS;202:edges = 245,fail_cases = 11,fault = 55&56&51,
SUCCESS;203:edges = 246,fail_cases = 11,fault = 55&56&51&52,
SUCCESS;204:edges = 247,fail_cases = 11,fault = 55&56&51&52&53,
SUCCESS;205:edges = 249,fail_cases = 11,fault = 55&56&57,
SUCCESS;206:edges = 250,fail_cases = 11,fault = 55&56&57&51,
SUCCESS;207:edges = 251,fail_cases = 11,fault = 55&56&57&51&52,
SUCCESS;208:edges = 252,fail_cases = 11,fault = 55&56&57&51&52&53,
SUCCESS;209:edges = 254,fail_cases = 11,fault = 55&56&57&58,
SUCCESS;210:edges = 255,fail_cases = 11,fault = 55&56&57&58&51,
SUCCESS;211:edges = 256,fail_cases = 11,fault = 55&56&57&58&51&52,
SUCCESS;212:edges = 257,fail_cases = 11,fault = 55&56&57&58&51&52&53,
FAIL;213:edges = 257,fail_cases = 12,fault = 55&56&57&58&59,
SUCCESS;214:edges = 259,fail_cases = 12,fault = 64,
SUCCESS;215:edges = 260,fail_cases = 12,fault = 55&64,
SUCCESS;216:edges = 261,fail_cases = 12,fault = 55&56&64,
SUCCESS;217:edges = 262,fail_cases = 12,fault = 55&56&57&64,
SUCCESS;218:edges = 263,fail_cases = 12,fault = 55&56&57&58&64,
SUCCESS;219:edges = 265,fail_cases = 12,fault = 64&65,
SUCCESS;220:edges = 266,fail_cases = 12,fault = 55&64&65,
SUCCESS;221:edges = 267,fail_cases = 12,fault = 55&56&64&65,
SUCCESS;222:edges = 268,fail_cases = 12,fault = 55&56&57&64&65,
SUCCESS;223:edges = 269,fail_cases = 12,fault = 55&56&57&58&64&65,
SUCCESS;224:edges = 271,fail_cases = 12,fault = 60&64&65,
SUCCESS;225:edges = 272,fail_cases = 12,fault = 55&60&64&65,
SUCCESS;226:edges = 273,fail_cases = 12,fault = 55&56&60&64&65,
SUCCESS;227:edges = 274,fail_cases = 12,fault = 55&56&57&60&64&65,
SUCCESS;228:edges = 275,fail_cases = 12,fault = 55&56&57&58&60&64&65,
SUCCESS;229:edges = 277,fail_cases = 12,fault = 60&61&64&65,
SUCCESS;230:edges = 278,fail_cases = 12,fault = 55&60&61&64&65,
SUCCESS;231:edges = 279,fail_cases = 12,fault = 55&56&60&61&64&65,
SUCCESS;232:edges = 280,fail_cases = 12,fault = 55&56&57&60&61&64&65,
SUCCESS;233:edges = 281,fail_cases = 12,fault = 55&56&57&58&60&61&64&65,
SUCCESS;234:edges = 283,fail_cases = 12,fault = 60&61&62&64&65,
SUCCESS;235:edges = 284,fail_cases = 12,fault = 55&60&61&62&64&65,
SUCCESS;236:edges = 285,fail_cases = 12,fault = 55&56&60&61&62&64&65,
SUCCESS;237:edges = 286,fail_cases = 12,fault = 55&56&57&60&61&62&64&65,
SUCCESS;238:edges = 287,fail_cases = 12,fault = 55&56&57&58&60&61&62&64&65,
FAIL;239:edges = 287,fail_cases = 13,fault = 60&61&62&63&64&65,
SUCCESS;240:edges = 288,fail_cases = 13,fault = 66,
SUCCESS;241:edges = 289,fail_cases = 13,fault = 66&64,
SUCCESS;242:edges = 290,fail_cases = 13,fault = 66&64&65,
SUCCESS;243:edges = 291,fail_cases = 13,fault = 66&60&64&65,
SUCCESS;244:edges = 292,fail_cases = 13,fault = 66&60&61&64&65,
SUCCESS;245:edges = 293,fail_cases = 13,fault = 66&60&61&62&64&65,
SUCCESS;246:edges = 294,fail_cases = 13,fault = 66&67,
SUCCESS;247:edges = 295,fail_cases = 13,fault = 66&67&64,
SUCCESS;248:edges = 296,fail_cases = 13,fault = 66&67&64&65,
SUCCESS;249:edges = 297,fail_cases = 13,fault = 66&67&60&64&65,
SUCCESS;250:edges = 298,fail_cases = 13,fault = 66&67&60&61&64&65,
SUCCESS;251:edges = 299,fail_cases = 13,fault = 66&67&60&61&62&64&65,
SUCCESS;252:edges = 300,fail_cases = 13,fault = 66&67&68,
SUCCESS;253:edges = 301,fail_cases = 13,fault = 66&67&68&64,
SUCCESS;254:edges = 302,fail_cases = 13,fault = 66&67&68&64&65,
SUCCESS;255:edges = 303,fail_cases = 13,fault = 66&67&68&60&64&65,
SUCCESS;256:edges = 304,fail_cases = 13,fault = 66&67&68&60&61&64&65,
SUCCESS;257:edges = 305,fail_cases = 13,fault = 66&67&68&60&61&62&64&65,
SUCCESS;258:edges = 306,fail_cases = 13,fault = 66&67&68&69,
SUCCESS;259:edges = 307,fail_cases = 13,fault = 66&67&68&69&64,
SUCCESS;260:edges = 308,fail_cases = 13,fault = 66&67&68&69&64&65,
SUCCESS;261:edges = 309,fail_cases = 13,fault = 66&67&68&69&60&64&65,
SUCCESS;262:edges = 310,fail_cases = 13,fault = 66&67&68&69&60&61&64&65,
SUCCESS;263:edges = 311,fail_cases = 13,fault = 66&67&68&69&60&61&62&64&65,
SUCCESS;264:edges = 312,fail_cases = 13,fault = 66&67&68&69&70,
SUCCESS;265:edges = 313,fail_cases = 13,fault = 66&67&68&69&70&64,
SUCCESS;266:edges = 314,fail_cases = 13,fault = 66&67&68&69&70&64&65,
SUCCESS;267:edges = 315,fail_cases = 13,fault = 66&67&68&69&70&60&64&65,
SUCCESS;268:edges = 316,fail_cases = 13,fault = 66&67&68&69&70&60&61&64&65,
SUCCESS;269:edges = 317,fail_cases = 13,fault = 66&67&68&69&70&60&61&62&64&65,
SUCCESS;270:edges = 318,fail_cases = 13,fault = 66&67&68&69&70&71,
SUCCESS;271:edges = 319,fail_cases = 13,fault = 66&67&68&69&70&71&64,
SUCCESS;272:edges = 320,fail_cases = 13,fault = 66&67&68&69&70&71&64&65,
SUCCESS;273:edges = 321,fail_cases = 13,fault = 66&67&68&69&70&71&60&64&65,
SUCCESS;274:edges = 322,fail_cases = 13,fault = 66&67&68&69&70&71&60&61&64&65,
SUCCESS;275:edges = 323,fail_cases = 13,fault = 66&67&68&69&70&71&60&61&62&64&65,
SUCCESS;276:edges = 324,fail_cases = 13,fault = 66&67&68&69&70&71&72,
SUCCESS;277:edges = 325,fail_cases = 13,fault = 66&67&68&69&70&71&72&64,
SUCCESS;278:edges = 326,fail_cases = 13,fault = 66&67&68&69&70&71&72&64&65,
SUCCESS;279:edges = 327,fail_cases = 13,fault = 66&67&68&69&70&71&60&72&64&65,
SUCCESS;280:edges = 328,fail_cases = 13,fault = 66&67&68&69&70&71&60&72&61&64&65,
SUCCESS;281:edges = 329,fail_cases = 13,fault = 66&67&68&69&70&71&60&72&61&62&64&65,
FAIL;282:edges = 329,fail_cases = 14,fault = 66&67&68&69&70&71&72&73,