SUCCESS;0:edges = 18,fail_cases = 0,fault = ,
SUCCESS;1:edges = 19,fail_cases = 0,fault = 1,
SUCCESS;2:edges = 20,fail_cases = 0,fault = 1&2,
SUCCESS;3:edges = 21,fail_cases = 0,fault = 1&2&3,
SUCCESS;4:edges = 22,fail_cases = 0,fault = 1&2&3&4,
SUCCESS;5:edges = 23,fail_cases = 0,fault = 1&2&3&4&5,
SUCCESS;6:edges = 24,fail_cases = 0,fault = 1&2&3&4&5&6,
FAIL;7:edges = 24,fail_cases = 1,fault = 1&2&3&4&5&6&7,
SUCCESS;8:edges = 26,fail_cases = 1,fault = 8,
SUCCESS;9:edges = 27,fail_cases = 1,fault = 1&8,
SUCCESS;10:edges = 28,fail_cases = 1,fault = 1&2&8,
SUCCESS;11:edges = 29,fail_cases = 1,fault = 1&2&3&8,
SUCCESS;12:edges = 30,fail_cases = 1,fault = 1&2&3&4&8,
SUCCESS;13:edges = 31,fail_cases = 1,fault = 1&2&3&4&5&8,
SUCCESS;14:edges = 32,fail_cases = 1,fault = 1&2&3&4&5&6&8,
SUCCESS;15:edges = 34,fail_cases = 1,fault = 8&9,
SUCCESS;16:edges = 35,fail_cases = 1,fault = 1&8&9,
SUCCESS;17:edges = 36,fail_cases = 1,fault = 1&2&8&9,
SUCCESS;18:edges = 37,fail_cases = 1,fault = 1&2&3&8&9,
SUCCESS;19:edges = 38,fail_cases = 1,fault = 1&2&3&4&8&9,
SUCCESS;20:edges = 39,fail_cases = 1,fault = 1&2&3&4&6&8&9,
SUCCESS;21:edges = 41,fail_cases = 1,fault = 1&2&3&4&6&7&8&9,
SUCCESS;22:edges = 42,fail_cases = 1,fault = 5&8&9&10,
SUCCESS;23:edges = 43,fail_cases = 1,fault = 1&5&8&9&10,
SUCCESS;24:edges = 44,fail_cases = 1,fault = 1&2&5&8&9&10,
SUCCESS;25:edges = 45,fail_cases = 1,fault = 1&2&3&5&8&9&10,
SUCCESS;26:edges = 46,fail_cases = 1,fault = 1&2&3&4&5&8&9&10,
SUCCESS;27:edges = 47,fail_cases = 1,fault = 1&2&3&4&5&6&8&9&10,
SUCCESS;28:edges = 49,fail_cases = 1,fault = 11&1&2&3&4&6&7&8&9,
SUCCESS;29:edges = 51,fail_cases = 1,fault = 11&1&12&2&3&4&6&7&8&9,
SUCCESS;30:edges = 53,fail_cases = 1,fault = 11&1&12&2&13&3&4&6&7&8&9,
FAIL;31:edges = 53,fail_cases = 2,fault = 11&1&12&2&13&3&14&4&6&7&8&9,
SUCCESS;32:edges = 54,fail_cases = 2,fault = 11&5&8&9&10,
SUCCESS;33:edges = 55,fail_cases = 2,fault = 11&1&5&8&9&10,
SUCCESS;34:edges = 56,fail_cases = 2,fault = 11&12&5&8&9&10,
SUCCESS;35:edges = 57,fail_cases = 2,fault = 11&12&13&5&8&9&10,
SUCCESS;36:edges = 58,fail_cases = 2,fault = 11&12&1&5&8&9&10,
SUCCESS;37:edges = 59,fail_cases = 2,fault = 11&1&2&5&8&9&10,
SUCCESS;38:edges = 60,fail_cases = 2,fault = 11&12&1&2&5&8&9&10,
SUCCESS;39:edges = 61,fail_cases = 2,fault = 11&12&1&13&5&8&9&10,
SUCCESS;40:edges = 62,fail_cases = 2,fault = 11&12&1&13&2&5&8&9&10,
SUCCESS;41:edges = 63,fail_cases = 2,fault = 11&1&2&3&5&8&9&10,
SUCCESS;42:edges = 64,fail_cases = 2,fault = 11&12&1&2&3&5&8&9&10,
SUCCESS;43:edges = 65,fail_cases = 2,fault = 11&1&2&3&4&5&8&9&10,
SUCCESS;44:edges = 66,fail_cases = 2,fault = 11&12&1&13&2&3&5&8&9&10,
SUCCESS;45:edges = 67,fail_cases = 2,fault = 11&12&1&2&3&4&5&8&9&10,
SUCCESS;46:edges = 68,fail_cases = 2,fault = 11&12&1&13&2&3&4&5&8&9&10,
SUCCESS;47:edges = 69,fail_cases = 2,fault = 11&1&2&3&4&5&6&8&9&10,
SUCCESS;48:edges = 70,fail_cases = 2,fault = 11&12&1&2&3&4&5&6&8&9&10,
SUCCESS;49:edges = 71,fail_cases = 2,fault = 11&12&1&13&2&3&4&5&6&8&9&10,
FAIL;50:edges = 71,fail_cases = 3,fault = 11&12&13&14&8&9&10,
SUCCESS;51:edges = 73,fail_cases = 3,fault = 16,
SUCCESS;52:edges = 74,fail_cases = 3,fault = 16&8,
SUCCESS;53:edges = 75,fail_cases = 3,fault = 16&8&9,
SUCCESS;54:edges = 76,fail_cases = 3,fault = 1&2&3&4&16&6&7&8&9,
SUCCESS;55:edges = 77,fail_cases = 3,fault = 11&1&2&3&4&16&6&7&8&9,
SUCCESS;56:edges = 78,fail_cases = 3,fault = 11&1&12&2&3&4&16&6&7&8&9,
SUCCESS;57:edges = 79,fail_cases = 3,fault = 11&1&12&2&13&3&4&16&6&7&8&9,
SUCCESS;58:edges = 81,fail_cases = 3,fault = 16&17,
SUCCESS;59:edges = 82,fail_cases = 3,fault = 16&17&8,
SUCCESS;60:edges = 83,fail_cases = 3,fault = 16&17&8&9,
SUCCESS;61:edges = 84,fail_cases = 3,fault = 1&2&3&4&16&17&6&7&8&9,
SUCCESS;62:edges = 85,fail_cases = 3,fault = 11&1&2&3&4&16&17&6&7&8&9,
SUCCESS;63:edges = 86,fail_cases = 3,fault = 11&1&12&2&3&4&16&17&6&7&8&9,
SUCCESS;64:edges = 87,fail_cases = 3,fault = 11&12&13&16&17&1&2&3&4&6&7&8&9,
SUCCESS;65:edges = 89,fail_cases = 3,fault = 16&17&18,
SUCCESS;66:edges = 90,fail_cases = 3,fault = 16&17&18&8,
SUCCESS;67:edges = 91,fail_cases = 3,fault = 16&17&18&8&9,
SUCCESS;68:edges = 92,fail_cases = 3,fault = 1&2&3&4&16&17&6&18&7&8&9,
SUCCESS;69:edges = 93,fail_cases = 3,fault = 11&1&2&3&4&16&17&6&18&7&8&9,
SUCCESS;70:edges = 94,fail_cases = 3,fault = 11&12&16&17&18&1&2&3&4&6&7&8&9,
SUCCESS;71:edges = 95,fail_cases = 3,fault = 11&12&13&16&17&18&1&2&3&4&6&7&8&9,
SUCCESS;72:edges = 97,fail_cases = 3,fault = 16&17&18&19,
SUCCESS;73:edges = 98,fail_cases = 3,fault = 16&17&18&19&8,
SUCCESS;74:edges = 99,fail_cases = 3,fault = 16&17&18&19&8&9,
SUCCESS;75:edges = 100,fail_cases = 3,fault = 1&2&3&4&16&17&6&18&7&19&8&9,
SUCCESS;76:edges = 101,fail_cases = 3,fault = 11&16&17&18&19&1&2&3&4&6&7&8&9,
SUCCESS;77:edges = 102,fail_cases = 3,fault = 11&12&16&17&18&19&1&2&3&4&6&7&8&9,
SUCCESS;78:edges = 103,fail_cases = 3,fault = 11&12&13&16&17&18&19&1&2&3&4&6&7&8&9,
FAIL;79:edges = 103,fail_cases = 4,fault = 15&16&17&18&19,
SUCCESS;80:edges = 105,fail_cases = 4,fault = 20,
SUCCESS;81:edges = 106,fail_cases = 4,fault = 16&20,
SUCCESS;82:edges = 107,fail_cases = 4,fault = 16&17&20,
SUCCESS;83:edges = 108,fail_cases = 4,fault = 16&17&18&20,
SUCCESS;84:edges = 109,fail_cases = 4,fault = 16&17&18&19&20,
SUCCESS;85:edges = 111,fail_cases = 4,fault = 20&21,
SUCCESS;86:edges = 112,fail_cases = 4,fault = 16&20&21,
SUCCESS;87:edges = 113,fail_cases = 4,fault = 16&17&20&21,
SUCCESS;88:edges = 114,fail_cases = 4,fault = 16&17&18&20&21,
SUCCESS;89:edges = 115,fail_cases = 4,fault = 16&17&18&19&20&21,
SUCCESS;90:edges = 117,fail_cases = 4,fault = 22&20&21,
SUCCESS;91:edges = 118,fail_cases = 4,fault = 22&16&20&21,
SUCCESS;92:edges = 119,fail_cases = 4,fault = 22&16&17&20&21,
SUCCESS;93:edges = 120,fail_cases = 4,fault = 22&16&17&18&20&21,
SUCCESS;94:edges = 121,fail_cases = 4,fault = 22&16&17&18&19&20&21,
SUCCESS;95:edges = 123,fail_cases = 4,fault = 22&23&20&21,
SUCCESS;96:edges = 124,fail_cases = 4,fault = 22&23&16&20&21,
SUCCESS;97:edges = 125,fail_cases = 4,fault = 22&23&16&17&20&21,
SUCCESS;98:edges = 126,fail_cases = 4,fault = 22&23&16&17&18&20&21,
SUCCESS;99:edges = 127,fail_cases = 4,fault = 22&23&16&17&18&19&20&21,
FAIL;100:edges = 127,fail_cases = 5,fault = 22&23&24&20&21,
SUCCESS;101:edges = 129,fail_cases = 5,fault = 32,
SUCCESS;102:edges = 130,fail_cases = 5,fault = 20&32,
SUCCESS;103:edges = 131,fail_cases = 5,fault = 20&32&21,
SUCCESS;104:edges = 132,fail_cases = 5,fault = 22&20&32&21,
SUCCESS;105:edges = 133,fail_cases = 5,fault = 22&23&20&32&21,
SUCCESS;106:edges = 135,fail_cases = 5,fault = 25&32,
SUCCESS;107:edges = 136,fail_cases = 5,fault = 25&20&32,
SUCCESS;108:edges = 137,fail_cases = 5,fault = 25&20&32&21,
SUCCESS;109:edges = 138,fail_cases = 5,fault = 22&25&20&32&21,
SUCCESS;110:edges = 139,fail_cases = 5,fault = 22&23&25&20&32&21,
SUCCESS;111:edges = 141,fail_cases = 5,fault = 25&26&32,
SUCCESS;112:edges = 142,fail_cases = 5,fault = 25&26&20&32,
SUCCESS;113:edges = 143,fail_cases = 5,fault = 25&26&20&32&21,
SUCCESS;114:edges = 144,fail_cases = 5,fault = 22&25&26&20&32&21,
SUCCESS;115:edges = 145,fail_cases = 5,fault = 22&23&25&26&20&32&21,
SUCCESS;116:edges = 147,fail_cases = 5,fault = 25&26&27&32,
SUCCESS;117:edges = 148,fail_cases = 5,fault = 25&26&27&20&32,
SUCCESS;118:edges = 149,fail_cases = 5,fault = 25&26&27&20&32&21,
SUCCESS;119:edges = 150,fail_cases = 5,fault = 22&25&26&27&20&32&21,
SUCCESS;120:edges = 151,fail_cases = 5,fault = 22&23&25&26&27&20&32&21,
SUCCESS;121:edges = 153,fail_cases = 5,fault = 25&26&27&28&32,
SUCCESS;122:edges = 154,fail_cases = 5,fault = 25&26&27&28&20&32,
SUCCESS;123:edges = 155,fail_cases = 5,fault = 25&26&27&28&20&32&21,
SUCCESS;124:edges = 156,fail_cases = 5,fault = 22&25&26&27&28&20&32&21,
SUCCESS;125:edges = 157,fail_cases = 5,fault = 22&23&25&26&27&28&20&32&21,
SUCCESS;126:edges = 159,fail_cases = 5,fault = 25&26&27&28&29&32,
SUCCESS;127:edges = 160,fail_cases = 5,fault = 25&26&27&28&29&20&32,
SUCCESS;128:edges = 161,fail_cases = 5,fault = 25&26&27&28&29&20&32&21,
SUCCESS;129:edges = 162,fail_cases = 5,fault = 22&25&26&27&28&29&20&32&21,
SUCCESS;130:edges = 163,fail_cases = 5,fault = 22&23&25&26&27&28&29&20&32&21,
SUCCESS;131:edges = 165,fail_cases = 5,fault = 25&26&27&28&29&30&32,
SUCCESS;132:edges = 166,fail_cases = 5,fault = 25&26&27&28&29&30&20&32,
SUCCESS;133:edges = 167,fail_cases = 5,fault = 25&26&27&28&29&30&20&32&21,
SUCCESS;134:edges = 168,fail_cases = 5,fault = 22&25&26&27&28&29&30&20&32&21,
SUCCESS;135:edges = 169,fail_cases = 5,fault = 22&23&25&26&27&28&29&30&20&32&21,
FAIL;136:edges = 169,fail_cases = 6,fault = 25&26&27&28&29&30&31&32,
SUCCESS;137:edges = 171,fail_cases = 6,fault = 33,
SUCCESS;138:edges = 172,fail_cases = 6,fault = 33&32,
SUCCESS;139:edges = 173,fail_cases = 6,fault = 33&25&32,
SUCCESS;140:edges = 174,fail_cases = 6,fault = 33&25&28&32,
SUCCESS;141:edges = 175,fail_cases = 6,fault = 33&25&28&29&32,
SUCCESS;142:edges = 176,fail_cases = 6,fault = 33&25&28&29&30&32,
SUCCESS;143:edges = 178,fail_cases = 6,fault = 33&25&28&29&30&31&32,
SUCCESS;144:edges = 179,fail_cases = 6,fault = 33&25&26&28&29&30&31&32,
SUCCESS;145:edges = 180,fail_cases = 6,fault = 33&34&26&27,
SUCCESS;146:edges = 182,fail_cases = 6,fault = 33&35&25&28&29&30&31&32,
SUCCESS;147:edges = 183,fail_cases = 6,fault = 33&34&26&27&32,
FAIL;148:edges = 183,fail_cases = 7,fault = 33&35&25&36&28&29&30&31&32,
SUCCESS;149:edges = 184,fail_cases = 7,fault = 33&34&25&26&27&32,
SUCCESS;150:edges = 185,fail_cases = 7,fault = 33&35&25&26&28&29&30&31&32,
SUCCESS;151:edges = 186,fail_cases = 7,fault = 33&34&35&26&27,
SUCCESS;152:edges = 187,fail_cases = 7,fault = 33&34&25&26&27&28&32,
SUCCESS;153:edges = 188,fail_cases = 7,fault = 33&34&35&26&27&32,
SUCCESS;154:edges = 189,fail_cases = 7,fault = 33&34&35&25&26&27&32,
SUCCESS;155:edges = 190,fail_cases = 7,fault = 33&34&35&25&26&27&28&32,
SUCCESS;156:edges = 191,fail_cases = 7,fault = 33&34&25&26&27&28&29&32,
SUCCESS;157:edges = 192,fail_cases = 7,fault = 33&34&35&25&26&27&28&29&32,
SUCCESS;158:edges = 193,fail_cases = 7,fault = 33&34&25&26&27&28&29&30&32,
SUCCESS;159:edges = 194,fail_cases = 7,fault = 33&34&35&25&26&27&28&29&30&32,
FAIL;160:edges = 194,fail_cases = 8,fault = 33&34&35&36,
SUCCESS;161:edges = 196,fail_cases = 8,fault = 37,
SUCCESS;162:edges = 197,fail_cases = 8,fault = 33&37,
SUCCESS;163:edges = 198,fail_cases = 8,fault = 33&25&37&28&29&30&31&32,
SUCCESS;164:edges = 199,fail_cases = 8,fault = 33&35&25&37&28&29&30&31&32,
SUCCESS;165:edges = 201,fail_cases = 8,fault = 37&38,
SUCCESS;166:edges = 202,fail_cases = 8,fault = 33&37&38,
SUCCESS;167:edges = 203,fail_cases = 8,fault = 33&25&37&38&28&29&30&31&32,
SUCCESS;168:edges = 204,fail_cases = 8,fault = 33&35&25&37&38&28&29&30&31&32,
FAIL;169:edges = 204,fail_cases = 9,fault = 37&38&39,
SUCCESS;170:edges = 206,fail_cases = 9,fault = 40,
SUCCESS;171:edges = 207,fail_cases = 9,fault = 37&40,
SUCCESS;172:edges = 208,fail_cases = 9,fault = 37&38&40,
SUCCESS;173:edges = 210,fail_cases = 9,fault = 40&41,
SUCCESS;174:edges = 211,fail_cases = 9,fault = 37&40&41,
SUCCESS;175:edges = 212,fail_cases = 9,fault = 37&38&40&41,
SUCCESS;176:edges = 214,fail_cases = 9,fault = 40&41&42,
SUCCESS;177:edges = 215,fail_cases = 9,fault = 37&40&41&42,
SUCCESS;178:edges = 216,fail_cases = 9,fault = 37&38&40&41&42,
SUCCESS;179:edges = 218,fail_cases = 9,fault = 40&41&42&43,
SUCCESS;180:edges = 219,fail_cases = 9,fault = 37&40&41&42&43,
SUCCESS;181:edges = 220,fail_cases = 9,fault = 37&38&40&41&42&43,
FAIL;182:edges = 220,fail_cases = 10,fault = 44&40&41&42&43,
SUCCESS;183:edges = 222,fail_cases = 10,fault = 45,
SUCCESS;184:edges = 223,fail_cases = 10,fault = 45&40,
SUCCESS;185:edges = 224,fail_cases = 10,fault = 45&40&41,
SUCCESS;186:edges = 225,fail_cases = 10,fault = 45&40&41&42,
SUCCESS;187:edges = 226,fail_cases = 10,fault = 45&40&41&42&43,
SUCCESS;188:edges = 228,fail_cases = 10,fault = 45&46,
SUCCESS;189:edges = 229,fail_cases = 10,fault = 45&46&40,
SUCCESS;190:edges = 230,fail_cases = 10,fault = 45&46&40&41,
SUCCESS;191:edges = 231,fail_cases = 10,fault = 45&46&40&41&42,
SUCCESS;192:edges = 232,fail_cases = 10,fault = 45&46&40&41&42&43,
FAIL;193:edges = 232,fail_cases = 11,fault = 45&46&47,
SUCCESS;194:edges = 234,fail_cases = 11,fault = 48,
SUCCESS;195:edges = 235,fail_cases = 11,fault = 45&48,
SUCCESS;196:edges = 236,fail_cases = 11,fault = 45&46&48,
SUCCESS;197:edges = 238,fail_cases = 11,fault = 48&49,
SUCCESS;198:edges = 239,fail_cases = 11,fault = 45&48&49,
SUCCESS;199:edges = 240,fail_cases = 11,fault = 45&46&48&49,
SUCCESS;200:edges = 242,fail_cases = 11,fault = 48&49&50,
SUCCESS;201:edges = 243,fail_cases = 11,fault = 45&48&49&50,
SUCCESS;202:edges = 244,fail_cases = 11,fault = 45&46&48&49&50,
SUCCESS;203:edges = 246,fail_cases = 11,fault = 48&49&50&51,
SUCCESS;204:edges = 247,fail_cases = 11,fault = 45&48&49&50&51,
SUCCESS;205:edges = 248,fail_cases = 11,fault = 45&46&48&49&50&51,
SUCCESS;206:edges = 250,fail_cases = 11,fault = 48&49&50&51&52,
SUCCESS;207:edges = 251,fail_cases = 11,fault = 45&48&49&50&51&52,
SUCCESS;208:edges = 252,fail_cases = 11,fault = 45&46&48&49&50&51&52,
SUCCESS;209:edges = 254,fail_cases = 11,fault = 48&49&50&51&52&53,
SUCCESS;210:edges = 255,fail_cases = 11,fault = 45&48&49&50&51&52&53,
SUCCESS;211:edges = 256,fail_cases = 11,fault = 45&46&48&49&50&51&52&53,
SUCCESS;212:edges = 258,fail_cases = 11,fault = 48&49&50&51&52&53&54,
SUCCESS;213:edges = 259,fail_cases = 11,fault = 45&48&49&50&51&52&53&54,
SUCCESS;214:edges = 260,fail_cases = 11,fault = 45&46&48&49&50&51&52&53&54,
FAIL;215:edges = 260,fail_cases = 12,fault = 55&48&49&50&51&52&53&54,
SUCCESS;216:edges = 262,fail_cases = 12,fault = 56,
SUCCESS;217:edges = 263,fail_cases = 12,fault = 56&48,
SUCCESS;218:edges = 264,fail_cases = 12,fault = 56&48&49,
SUCCESS;219:edges = 265,fail_cases = 12,fault = 56&48&49&50,
SUCCESS;220:edges = 266,fail_cases = 12,fault = 56&48&49&50&51,
SUCCESS;221:edges = 267,fail_cases = 12,fault = 56&48&49&50&51&52,
SUCCESS;222:edges = 268,fail_cases = 12,fault = 56&48&49&50&51&52&53,
SUCCESS;223:edges = 269,fail_cases = 12,fault = 56&48&49&50&51&52&53&54,
SUCCESS;224:edges = 271,fail_cases = 12,fault = 56&57,
SUCCESS;225:edges = 272,fail_cases = 12,fault = 56&57&48,
SUCCESS;226:edges = 273,fail_cases = 12,fault = 56&57&48&49,
SUCCESS;227:edges = 274,fail_cases = 12,fault = 56&57&48&49&50,
SUCCESS;228:edges = 275,fail_cases = 12,fault = 56&57&48&49&50&51,
SUCCESS;229:edges = 276,fail_cases = 12,fault = 56&57&48&49&50&51&52,
SUCCESS;230:edges = 277,fail_cases = 12,fault = 56&57&48&49&50&51&52&53,
SUCCESS;231:edges = 278,fail_cases = 12,fault = 56&57&48&49&50&51&52&53&54,
SUCCESS;232:edges = 280,fail_cases = 12,fault = 56&57&58,
SUCCESS;233:edges = 281,fail_cases = 12,fault = 56&57&58&48,
SUCCESS;234:edges = 282,fail_cases = 12,fault = 56&57&58&48&49,
SUCCESS;235:edges = 283,fail_cases = 12,fault = 56&57&58&48&49&50,
SUCCESS;236:edges = 284,fail_cases = 12,fault = 56&57&58&48&49&50&51,
SUCCESS;237:edges = 285,fail_cases = 12,fault = 56&57&58&48&49&50&51&52,
SUCCESS;238:edges = 286,fail_cases = 12,fault = 56&57&58&48&49&50&51&52&53,
SUCCESS;239:edges = 287,fail_cases = 12,fault = 56&57&58&48&49&50&51&52&53&54,
SUCCESS;240:edges = 289,fail_cases = 12,fault = 56&57&58&59,
SUCCESS;241:edges = 290,fail_cases = 12,fault = 56&57&58&59&48,
SUCCESS;242:edges = 291,fail_cases = 12,fault = 56&57&58&59&48&49,
SUCCESS;243:edges = 292,fail_cases = 12,fault = 56&57&58&59&48&49&50,
SUCCESS;244:edges = 293,fail_cases = 12,fault = 56&57&58&59&48&49&50&51,
SUCCESS;245:edges = 294,fail_cases = 12,fault = 56&57&58&59&48&49&50&51&52,
SUCCESS;246:edges = 295,fail_cases = 12,fault = 56&57&58&59&48&49&50&51&52&53,
SUCCESS;247:edges = 296,fail_cases = 12,fault = 56&57&58&59&48&49&50&51&52&53&54,
FAIL;248:edges = 296,fail_cases = 13,fault = 56&57&58&59&60,
SUCCESS;249:edges = 298,fail_cases = 13,fault = 64,
SUCCESS;250:edges = 299,fail_cases = 13,fault = 56&64,
SUCCESS;251:edges = 300,fail_cases = 13,fault = 56&57&64,
SUCCESS;252:edges = 301,fail_cases = 13,fault = 56&57&58&64,
SUCCESS;253:edges = 303,fail_cases = 13,fault = 56&57&58&59&64,
SUCCESS;254:edges = 304,fail_cases = 13,fault = 60&64&65,
SUCCESS;255:edges = 305,fail_cases = 13,fault = 56&60&64&65,
SUCCESS;256:edges = 307,fail_cases = 13,fault = 66&56&57&58&59&64,
SUCCESS;257:edges = 308,fail_cases = 13,fault = 66&60&64&65,
SUCCESS;258:edges = 310,fail_cases = 13,fault = 66&56&67&57&58&59&64,
SUCCESS;259:edges = 312,fail_cases = 13,fault = 66&56&67&57&58&59&62&64,
SUCCESS;260:edges = 313,fail_cases = 13,fault = 66&56&60&64&65,
SUCCESS;261:edges = 316,fail_cases = 13,fault = 66&56&67&57&58&59&62&63&64,
SUCCESS;262:edges = 317,fail_cases = 13,fault = 68&60,
SUCCESS;263:edges = 319,fail_cases = 13,fault = 66&56&67&57&58&69&59&62&63&64,
FAIL;264:edges = 319,fail_cases = 14,fault = 66&56&67&57&58&69&59&70&62&63&64,
FAIL;265:edges = 319,fail_cases = 15,fault = 66&56&67&57&58&59&61&62&63&64,
SUCCESS;266:edges = 320,fail_cases = 15,fault = 68&60&64,
SUCCESS;267:edges = 321,fail_cases = 15,fault = 56&57&60&64&65,
SUCCESS;268:edges = 322,fail_cases = 15,fault = 68&69&60,
SUCCESS;269:edges = 323,fail_cases = 15,fault = 56&57&58&60&64&65,
SUCCESS;270:edges = 324,fail_cases = 15,fault = 66&56&57&60&64&65,
SUCCESS;271:edges = 325,fail_cases = 15,fault = 56&68&57&58&59&61&64,
SUCCESS;272:edges = 326,fail_cases = 15,fault = 66&67&60&64&65,
SUCCESS;273:edges = 327,fail_cases = 15,fault = 68&69&60&64,
SUCCESS;274:edges = 328,fail_cases = 15,fault = 66&56&57&58&60&64&65,
SUCCESS;275:edges = 329,fail_cases = 15,fault = 68&69&60&64&65,
SUCCESS;276:edges = 330,fail_cases = 15,fault = 66&67&56&60&64&65,
SUCCESS;277:edges = 331,fail_cases = 15,fault = 66&56&68&57&58&59&61&64,
SUCCESS;278:edges = 332,fail_cases = 15,fault = 66&56&67&68&57&58&59&61&64,
SUCCESS;279:edges = 333,fail_cases = 15,fault = 66&56&67&68&57&58&59&61&62&64,
SUCCESS;280:edges = 334,fail_cases = 15,fault = 66&67&56&57&60&64&65,
SUCCESS;281:edges = 335,fail_cases = 15,fault = 66&68&69&60&64&65,
SUCCESS;282:edges = 336,fail_cases = 15,fault = 66&67&68&69&60&64&65,
SUCCESS;283:edges = 337,fail_cases = 15,fault = 66&67&56&57&58&60&64&65,
SUCCESS;284:edges = 338,fail_cases = 15,fault = 66&67&60&61&62&64&65,
SUCCESS;285:edges = 339,fail_cases = 15,fault = 66&67&56&60&62&64&65,
SUCCESS;286:edges = 340,fail_cases = 15,fault = 66&67&56&60&62&63&64&65,
SUCCESS;287:edges = 341,fail_cases = 15,fault = 66&67&56&57&60&62&64&65,
SUCCESS;288:edges = 342,fail_cases = 15,fault = 66&67&56&68&57&69&60&64&65,
SUCCESS;289:edges = 343,fail_cases = 15,fault = 66&67&56&57&58&60&62&64&65,
SUCCESS;290:edges = 344,fail_cases = 15,fault = 66&56&67&68&57&69&58&59&61&64,
SUCCESS;291:edges = 345,fail_cases = 15,fault = 66&56&67&68&57&69&58&59&61&62&64,
SUCCESS;292:edges = 346,fail_cases = 15,fault = 66&67&56&57&58&60&62&63&64&65,
FAIL;293:edges = 346,fail_cases = 16,fault = 66&67&61&62&63&64&65,
FAIL;294:edges = 346,fail_cases = 17,fault = 66&67&69&70&62&63&64&65,
FAIL;295:edges = 346,fail_cases = 18,fault = 68&69&70,
SUCCESS;296:edges = 348,fail_cases = 18,fault = 71,
SUCCESS;297:edges = 349,fail_cases = 18,fault = 66&56&67&57&58&59&71&62&63&64,
SUCCESS;298:edges = 350,fail_cases = 18,fault = 66&56&67&57&58&69&59&71&62&63&64,
SUCCESS;299:edges = 352,fail_cases = 18,fault = 71&72,
SUCCESS;300:edges = 353,fail_cases = 18,fault = 66&56&67&57&58&59&71&72&62&63&64,
SUCCESS;301:edges = 354,fail_cases = 18,fault = 66&56&67&57&58&69&59&71&72&62&63&64,
SUCCESS;302:edges = 356,fail_cases = 18,fault = 71&72&73,
SUCCESS;303:edges = 357,fail_cases = 18,fault = 66&56&67&57&58&59&71&72&73&62&63&64,
SUCCESS;304:edges = 358,fail_cases = 18,fault = 66&56&67&57&58&69&59&71&72&73&62&63&64,
SUCCESS;305:edges = 360,fail_cases = 18,fault = 71&72&73&74,
SUCCESS;306:edges = 361,fail_cases = 18,fault = 66&56&67&57&58&59&71&72&73&62&74&63&64,
SUCCESS;307:edges = 362,fail_cases = 18,fault = 66&56&67&57&58&69&59&71&72&73&62&74&63&64,
SUCCESS;308:edges = 364,fail_cases = 18,fault = 71&72&73&74&75,
SUCCESS;309:edges = 365,fail_cases = 18,fault = 66&56&67&57&58&59&71&72&73&62&74&63&75&64,
SUCCESS;310:edges = 366,fail_cases = 18,fault = 66&56&67&57&58&69&59&71&72&73&62&74&63&75&64,
SUCCESS;311:edges = 368,fail_cases = 18,fault = 71&72&73&74&75&76,
SUCCESS;312:edges = 369,fail_cases = 18,fault = 66&56&67&57&58&59&71&72&73&62&74&63&75&64&76,
SUCCESS;313:edges = 370,fail_cases = 18,fault = 66&56&67&57&58&69&59&71&72&73&62&74&63&75&64&76,
SUCCESS;314:edges = 373,fail_cases = 18,fault = 78&71&72&73&74&75&76,
SUCCESS;315:edges = 374,fail_cases = 18,fault = 66&78&56&67&57&58&59&71&72&73&62&74&63&75&64&76,
SUCCESS;316:edges = 375,fail_cases = 18,fault = 66&78&56&67&57&58&69&59&71&72&73&62&74&63&75&64&76,
SUCCESS;317:edges = 376,fail_cases = 18,fault = 77&80,
FAIL;318:edges = 376,fail_cases = 19,fault = 77&78&71&72&73&74&75&76,
SUCCESS;319:edges = 377,fail_cases = 19,fault = 77&80&71,
SUCCESS;320:edges = 378,fail_cases = 19,fault = 77&80&71&72,
SUCCESS;321:edges = 379,fail_cases = 19,fault = 77&80&71&72&73,
SUCCESS;322:edges = 380,fail_cases = 19,fault = 77&80&71&72&73&74,
SUCCESS;323:edges = 381,fail_cases = 19,fault = 77&80&71&72&73&74&75,
SUCCESS;324:edges = 382,fail_cases = 19,fault = 77&80&71&72&73&74&75&76,
SUCCESS;325:edges = 384,fail_cases = 19,fault = 78&81&71&72&73&74&75&76,
SUCCESS;326:edges = 386,fail_cases = 19,fault = 78&81&71&82&72&73&74&75&76,
SUCCESS;327:edges = 387,fail_cases = 19,fault = 77&80&81,
SUCCESS;328:edges = 388,fail_cases = 19,fault = 77&80&81&71,
SUCCESS;329:edges = 389,fail_cases = 19,fault = 77&80&81&82,
SUCCESS;330:edges = 390,fail_cases = 19,fault = 77&80&81&71&73,
SUCCESS;331:edges = 391,fail_cases = 19,fault = 77&80&81&82&71,
SUCCESS;332:edges = 393,fail_cases = 19,fault = 78&81&71&82&72&83&73&74&75&76,
SUCCESS;333:edges = 394,fail_cases = 19,fault = 77&80&81&82&71&72,
SUCCESS;334:edges = 395,fail_cases = 19,fault = 77&80&81&82&71&72&74,
SUCCESS;335:edges = 397,fail_cases = 19,fault = 78&81&71&82&72&83&73&84&74&75&76,
SUCCESS;336:edges = 399,fail_cases = 19,fault = 78&81&71&82&72&83&73&84&74&85&75&76,
SUCCESS;337:edges = 400,fail_cases = 19,fault = 77&80&81&82&83,
SUCCESS;338:edges = 401,fail_cases = 19,fault = 77&80&81&82&71&83,
SUCCESS;339:edges = 402,fail_cases = 19,fault = 77&80&81&82&71&83&72,
SUCCESS;340:edges = 403,fail_cases = 19,fault = 77&80&81&82&83&84,
SUCCESS;341:edges = 404,fail_cases = 19,fault = 77&80&81&82&71&83&72&73,
SUCCESS;342:edges = 405,fail_cases = 19,fault = 77&80&81&82&71&72&84&74&75,
SUCCESS;343:edges = 407,fail_cases = 19,fault = 78&81&71&82&72&83&73&84&74&85&75&86&76,
SUCCESS;344:edges = 408,fail_cases = 19,fault = 77&80&81&71&83&72&73&74,
SUCCESS;345:edges = 409,fail_cases = 19,fault = 77&80&81&71&72&73&74&75&76,
SUCCESS;346:edges = 410,fail_cases = 19,fault = 77&80&81&82&71&72&84&74&75&76,
SUCCESS;347:edges = 411,fail_cases = 19,fault = 77&80&81&82&83&84&85,
SUCCESS;348:edges = 412,fail_cases = 19,fault = 77&80&81&82&71&83&72&73&74,
SUCCESS;349:edges = 413,fail_cases = 19,fault = 77&78&80&81&82&71&72&84&74&75&76,
SUCCESS;350:edges = 414,fail_cases = 19,fault = 77&78&80&81&82&71&72&84&74&85&75&76,
SUCCESS;351:edges = 415,fail_cases = 19,fault = 77&80&81&82&71&83&84&73,
SUCCESS;352:edges = 416,fail_cases = 19,fault = 77&78&80&81&71&83&73&84&74&85&75,
SUCCESS;353:edges = 417,fail_cases = 19,fault = 77&80&81&82&71&83&84&73&85,
FAIL;354:edges = 417,fail_cases = 20,fault = 78&79&81&71&82&72&83&73&84&74&85&75&86&76,
SUCCESS;355:edges = 418,fail_cases = 20,fault = 77&78&80&81&71&83&73&84&74&85&75&86&76,
SUCCESS;356:edges = 419,fail_cases = 20,fault = 77&80&81&82&71&83&72&84&73,
SUCCESS;357:edges = 420,fail_cases = 20,fault = 77&80&81&82&71&83&72&84&73&85,
SUCCESS;358:edges = 421,fail_cases = 20,fault = 77&80&81&82&71&83&72&84&73&75&86,
SUCCESS;359:edges = 422,fail_cases = 20,fault = 77&78&80&81&82&71&72&84&74&85&75&86&76,
SUCCESS;360:edges = 423,fail_cases = 20,fault = 77&80&81&82&71&83&72&73&74&85&75,
SUCCESS;361:edges = 424,fail_cases = 20,fault = 77&80&81&82&71&83&72&73&74&75&76,
FAIL;362:edges = 424,fail_cases = 21,fault = 77&78&79&80&81&71&83&73&84&74&85&75&86&76,
FAIL;363:edges = 424,fail_cases = 22,fault = 77&78&79&80&81&82&71&72&84&74&85&75&86&76,
SUCCESS;364:edges = 425,fail_cases = 22,fault = 77&80&81&82&71&83&72&84&73&85&74,
SUCCESS;365:edges = 426,fail_cases = 22,fault = 77&80&81&82&71&83&72&84&73&75&86&76,
SUCCESS;366:edges = 427,fail_cases = 22,fault = 77&78&80&81&82&71&83&72&84&73&75&86&76,
SUCCESS;367:edges = 428,fail_cases = 22,fault = 77&80&81&82&83&72&84&73&85&74&86,
SUCCESS;368:edges = 429,fail_cases = 22,fault = 77&80&81&82&71&83&72&84&73&85&74&86,
FAIL;369:edges = 429,fail_cases = 23,fault = 77&78&79&80&81&82&71&83&72&84&73&75&86&76,
SUCCESS;370:edges = 430,fail_cases = 23,fault = 77&80&81&82&71&83&72&84&73&85&74&75,
SUCCESS;371:edges = 431,fail_cases = 23,fault = 77&80&81&82&71&83&72&84&73&85&74&75&76,
SUCCESS;372:edges = 432,fail_cases = 23,fault = 77&80&81&82&71&83&72&84&73&85&74&86&75,
SUCCESS;373:edges = 433,fail_cases = 23,fault = 77&80&81&82&71&83&72&84&73&85&74&86&75&76,
FAIL;374:edges = 433,fail_cases = 24,fault = 79&80&81&82&83&84&85&86,
SUCCESS;375:edges = 435,fail_cases = 24,fault = 87,
SUCCESS;376:edges = 436,fail_cases = 24,fault = 78&71&72&73&74&75&87&76,
SUCCESS;377:edges = 437,fail_cases = 24,fault = 78&81&71&72&73&74&75&87&76,
SUCCESS;378:edges = 438,fail_cases = 24,fault = 78&81&71&82&72&73&74&75&87&76,
SUCCESS;379:edges = 439,fail_cases = 24,fault = 77&78&80&81&82&71&72&74&75&87&76,
SUCCESS;380:edges = 440,fail_cases = 24,fault = 78&81&71&82&72&83&73&84&74&75&87&76,
SUCCESS;381:edges = 441,fail_cases = 24,fault = 77&78&80&81&82&71&72&84&74&85&75&87&76,
SUCCESS;382:edges = 442,fail_cases = 24,fault = 77&78&80&81&82&71&72&84&74&85&75&86&87&76,
SUCCESS;383:edges = 444,fail_cases = 24,fault = 88&87,
SUCCESS;384:edges = 445,fail_cases = 24,fault = 88&78&71&72&73&74&75&87&76,
SUCCESS;385:edges = 446,fail_cases = 24,fault = 88&78&81&71&72&73&74&75&87&76,
SUCCESS;386:edges = 447,fail_cases = 24,fault = 88&78&81&71&82&72&73&74&75&87&76,
SUCCESS;387:edges = 448,fail_cases = 24,fault = 88&77&78&80&81&82&71&72&74&75&87&76,
SUCCESS;388:edges = 449,fail_cases = 24,fault = 88&78&81&71&82&72&83&73&84&74&75&87&76,
SUCCESS;389:edges = 450,fail_cases = 24,fault = 88&77&78&80&81&82&71&83&72&84&73&75&87&76,
SUCCESS;390:edges = 451,fail_cases = 24,fault = 88&77&78&80&81&82&71&83&72&84&73&75&86&87&76,
SUCCESS;391:edges = 453,fail_cases = 24,fault = 88&89&87,
SUCCESS;392:edges = 454,fail_cases = 24,fault = 88&89&78&71&72&73&74&75&87&76,
SUCCESS;393:edges = 455,fail_cases = 24,fault = 88&89&78&81&71&72&73&74&75&87&76,
SUCCESS;394:edges = 456,fail_cases = 24,fault = 88&77&89&78&80&81&71&73&74&75&87&76,
SUCCESS;395:edges = 457,fail_cases = 24,fault = 88&89&78&81&71&82&72&83&73&74&75&87&76,
SUCCESS;396:edges = 458,fail_cases = 24,fault = 88&77&89&78&80&81&82&71&72&84&74&75&87&76,
SUCCESS;397:edges = 459,fail_cases = 24,fault = 88&89&78&81&71&82&72&83&73&84&74&85&75&87&76,
SUCCESS;398:edges = 460,fail_cases = 24,fault = 88&77&89&78&80&81&82&71&72&84&74&85&75&86&87&76,
SUCCESS;399:edges = 462,fail_cases = 24,fault = 88&89&90&87,
SUCCESS;400:edges = 463,fail_cases = 24,fault = 88&89&78&90&71&72&73&74&75&87&76,
SUCCESS;401:edges = 464,fail_cases = 24,fault = 88&89&78&90&81&71&72&73&74&75&87&76,
SUCCESS;402:edges = 465,fail_cases = 24,fault = 88&89&78&90&81&71&82&72&73&74&75&87&76,
SUCCESS;403:edges = 466,fail_cases = 24,fault = 88&77&89&78&90&80&81&71&83&73&74&75&87&76,
SUCCESS;404:edges = 467,fail_cases = 24,fault = 88&77&89&78&90&80&81&71&83&73&84&74&75&87&76,
SUCCESS;405:edges = 468,fail_cases = 24,fault = 88&77&89&78&90&80&81&71&83&73&84&74&85&75&87&76,
SUCCESS;406:edges = 470,fail_cases = 24,fault = 88&89&78&79&90&81&71&82&72&83&73&84&74&85&75&87&76,
SUCCESS;407:edges = 472,fail_cases = 24,fault = 88&77&89&78&79&90&80&81&92&71&83&73&84&74&85&75&87&76,
FAIL;408:edges = 472,fail_cases = 25,fault = 88&77&89&78&79&90&80&81&92&82&71&93&72&84&74&85&75&87&76,
FAIL;409:edges = 472,fail_cases = 26,fault = 88&77&89&78&79&90&80&81&92&82&71&93&83&72&84&73&75&87&76,
FAIL;410:edges = 472,fail_cases = 27,fault = 88&89&78&79&90&81&92&71&82&93&72&83&73&84&74&85&75&87&76,
FAIL;411:edges = 472,fail_cases = 28,fault = 88&77&89&78&79&90&80&81&92&71&93&83&73&84&74&85&75&87&76,
SUCCESS;412:edges = 473,fail_cases = 28,fault = 88&89&90&91&86&87,
SUCCESS;413:edges = 474,fail_cases = 28,fault = 88&89&78&90&91&71&72&73&74&75&86&87&76,
SUCCESS;414:edges = 475,fail_cases = 28,fault = 88&89&78&90&91&81&71&72&73&74&75&86&87&76,
SUCCESS;415:edges = 476,fail_cases = 28,fault = 88&77&89&78&90&91&80&81&71&73&74&75&86&87&76,
SUCCESS;416:edges = 477,fail_cases = 28,fault = 88&77&89&78&90&91&80&81&82&71&72&74&75&86&87&76,
SUCCESS;417:edges = 478,fail_cases = 28,fault = 88&77&89&78&90&91&80&81&71&83&73&84&74&75&86&87&76,
SUCCESS;418:edges = 479,fail_cases = 28,fault = 88&77&89&78&90&91&80&81&82&71&83&72&84&73&75&86&87&76,
SUCCESS;419:edges = 480,fail_cases = 28,fault = 88&89&90&91&92&86&87,
SUCCESS;420:edges = 481,fail_cases = 28,fault = 88&89&78&90&91&92&71&72&73&74&75&86&87&76,
SUCCESS;421:edges = 482,fail_cases = 28,fault = 88&89&78&90&91&92&81&71&72&73&74&75&86&87&76,
SUCCESS;422:edges = 483,fail_cases = 28,fault = 88&89&78&90&91&92&81&71&82&72&73&74&75&86&87&76,
SUCCESS;423:edges = 484,fail_cases = 28,fault = 88&77&89&78&90&91&80&92&81&82&71&72&74&75&86&87&76,
SUCCESS;424:edges = 485,fail_cases = 28,fault = 88&77&89&78&90&91&80&92&81&82&71&72&84&74&75&86&87&76,
SUCCESS;425:edges = 486,fail_cases = 28,fault = 88&77&89&78&90&91&80&92&81&71&83&73&84&74&85&75&86&87&76,
FAIL;426:edges = 486,fail_cases = 29,fault = 88&89&79&90&80&81&92&82&93&83&84&85&87,
FAIL;427:edges = 486,fail_cases = 30,fault = 88&89&90&91&92&93&87,
SUCCESS;428:edges = 488,fail_cases = 30,fault = 96,
SUCCESS;429:edges = 489,fail_cases = 30,fault = 96&87,
SUCCESS;430:edges = 490,fail_cases = 30,fault = 88&96&87,
SUCCESS;431:edges = 491,fail_cases = 30,fault = 88&89&96&87,
SUCCESS;432:edges = 492,fail_cases = 30,fault = 88&89&90&96&87,
SUCCESS;433:edges = 493,fail_cases = 30,fault = 88&77&89&78&79&90&80&81&71&83&73&84&96&74&85&75&87&76,
SUCCESS;434:edges = 494,fail_cases = 30,fault = 88&89&78&79&90&81&92&71&82&72&83&73&84&96&74&85&75&87&76,
SUCCESS;435:edges = 496,fail_cases = 30,fault = 96&97,
SUCCESS;436:edges = 497,fail_cases = 30,fault = 96&97&87,
SUCCESS;437:edges = 498,fail_cases = 30,fault = 88&96&97&87,
SUCCESS;438:edges = 499,fail_cases = 30,fault = 88&89&96&97&87,
SUCCESS;439:edges = 500,fail_cases = 30,fault = 88&89&90&96&97&87,
SUCCESS;440:edges = 501,fail_cases = 30,fault = 88&77&89&78&79&90&80&81&82&71&83&72&84&73&96&97&75&87&76,
SUCCESS;441:edges = 502,fail_cases = 30,fault = 88&89&78&79&90&81&92&71&82&72&83&73&84&96&74&85&97&75&87&76,
SUCCESS;442:edges = 504,fail_cases = 30,fault = 94&96&97,
SUCCESS;443:edges = 505,fail_cases = 30,fault = 94&96&97&87,
SUCCESS;444:edges = 506,fail_cases = 30,fault = 88&94&96&97&87,
SUCCESS;445:edges = 507,fail_cases = 30,fault = 88&89&94&96&97&87,
SUCCESS;446:edges = 508,fail_cases = 30,fault = 88&89&90&94&96&97&87,
SUCCESS;447:edges = 509,fail_cases = 30,fault = 88&77&89&78&79&90&80&81&71&94&83&73&84&96&74&85&97&75&87&76,
SUCCESS;448:edges = 510,fail_cases = 30,fault = 88&77&89&78&79&90&80&81&92&82&71&94&83&72&84&73&96&97&75&87&76,
FAIL;449:edges = 510,fail_cases = 31,fault = 94&95&96&97,
SUCCESS;450:edges = 512,fail_cases = 31,fault = 98,
SUCCESS;451:edges = 513,fail_cases = 31,fault = 96&98,
SUCCESS;452:edges = 514,fail_cases = 31,fault = 96&97&98,
SUCCESS;453:edges = 515,fail_cases = 31,fault = 94&96&97&98,
SUCCESS;454:edges = 517,fail_cases = 31,fault = 99&98,
SUCCESS;455:edges = 518,fail_cases = 31,fault = 99&96&98,
SUCCESS;456:edges = 519,fail_cases = 31,fault = 99&96&97&98,
SUCCESS;457:edges = 520,fail_cases = 31,fault = 99&94&96&97&98,
SUCCESS;458:edges = 522,fail_cases = 31,fault = 99&100&98,
SUCCESS;459:edges = 523,fail_cases = 31,fault = 99&100&96&98,
SUCCESS;460:edges = 524,fail_cases = 31,fault = 99&100&96&97&98,
SUCCESS;461:edges = 525,fail_cases = 31,fault = 99&100&94&96&97&98,
SUCCESS;462:edges = 527,fail_cases = 31,fault = 99&100&101&98,
SUCCESS;463:edges = 528,fail_cases = 31,fault = 99&100&101&96&98,
SUCCESS;464:edges = 529,fail_cases = 31,fault = 99&100&101&96&97&98,
SUCCESS;465:edges = 530,fail_cases = 31,fault = 99&100&101&94&96&97&98,
SUCCESS;466:edges = 532,fail_cases = 31,fault = 99&100&101&102&98,
SUCCESS;467:edges = 533,fail_cases = 31,fault = 99&100&101&102&96&98,
SUCCESS;468:edges = 534,fail_cases = 31,fault = 99&100&101&102&96&97&98,
SUCCESS;469:edges = 535,fail_cases = 31,fault = 99&100&101&102&94&96&97&98,
SUCCESS;470:edges = 537,fail_cases = 31,fault = 99&100&101&102&103&98,
SUCCESS;471:edges = 538,fail_cases = 31,fault = 99&100&101&102&103&96&98,
SUCCESS;472:edges = 539,fail_cases = 31,fault = 99&100&101&102&103&96&97&98,
SUCCESS;473:edges = 540,fail_cases = 31,fault = 99&100&101&102&103&94&96&97&98,
FAIL;474:edges = 540,fail_cases = 32,fault = 99&100&101&102&103&104&98,
SUCCESS;475:edges = 541,fail_cases = 32,fault = 105,
SUCCESS;476:edges = 542,fail_cases = 32,fault = 105&98,
SUCCESS;477:edges = 543,fail_cases = 32,fault = 99&105&98,
SUCCESS;478:edges = 544,fail_cases = 32,fault = 99&100&105&98,
SUCCESS;479:edges = 545,fail_cases = 32,fault = 99&100&101&105&98,
SUCCESS;480:edges = 546,fail_cases = 32,fault = 99&100&101&102&105&98,
SUCCESS;481:edges = 547,fail_cases = 32,fault = 99&100&101&102&103&105&98,
SUCCESS;482:edges = 548,fail_cases = 32,fault = 105&106,
SUCCESS;483:edges = 549,fail_cases = 32,fault = 105&106&98,
SUCCESS;484:edges = 550,fail_cases = 32,fault = 99&105&106&98,
SUCCESS;485:edges = 551,fail_cases = 32,fault = 99&100&105&106&98,
SUCCESS;486:edges = 552,fail_cases = 32,fault = 99&100&101&105&106&98,
SUCCESS;487:edges = 553,fail_cases = 32,fault = 99&100&101&102&105&106&98,
SUCCESS;488:edges = 554,fail_cases = 32,fault = 99&100&101&102&103&105&106&98,
FAIL;489:edges = 554,fail_cases = 33,fault = 105&106&107,