SUCCESS;0:edges = 12,fail_cases = 0,fault = ,
SUCCESS;1:edges = 13,fail_cases = 0,fault = 1,
SUCCESS;2:edges = 14,fail_cases = 0,fault = 1&2,
SUCCESS;3:edges = 15,fail_cases = 0,fault = 1&2&3,
SUCCESS;4:edges = 16,fail_cases = 0,fault = 1&2&3&4,
FAIL;5:edges = 16,fail_cases = 1,fault = 1&2&3&4&5,
SUCCESS;6:edges = 18,fail_cases = 1,fault = 6,
SUCCESS;7:edges = 19,fail_cases = 1,fault = 1&6,
SUCCESS;8:edges = 20,fail_cases = 1,fault = 1&2&6,
SUCCESS;9:edges = 21,fail_cases = 1,fault = 1&2&3&6,
SUCCESS;10:edges = 22,fail_cases = 1,fault = 1&2&3&4&6,
SUCCESS;11:edges = 24,fail_cases = 1,fault = 6&7,
SUCCESS;12:edges = 25,fail_cases = 1,fault = 1&6&7,
SUCCESS;13:edges = 26,fail_cases = 1,fault = 1&2&6&7,
SUCCESS;14:edges = 27,fail_cases = 1,fault = 1&2&3&6&7,
SUCCESS;15:edges = 28,fail_cases = 1,fault = 1&2&3&4&6&7,
SUCCESS;16:edges = 30,fail_cases = 1,fault = 6&7&8,
SUCCESS;17:edges = 31,fail_cases = 1,fault = 1&6&7&8,
SUCCESS;18:edges = 32,fail_cases = 1,fault = 1&2&6&7&8,
SUCCESS;19:edges = 33,fail_cases = 1,fault = 1&2&3&6&7&8,
SUCCESS;20:edges = 34,fail_cases = 1,fault = 1&2&3&4&6&7&8,
SUCCESS;21:edges = 36,fail_cases = 1,fault = 6&7&8&9,
SUCCESS;22:edges = 37,fail_cases = 1,fault = 1&6&7&8&9,
SUCCESS;23:edges = 38,fail_cases = 1,fault = 1&2&6&7&8&9,
SUCCESS;24:edges = 39,fail_cases = 1,fault = 1&2&3&6&7&8&9,
SUCCESS;25:edges = 40,fail_cases = 1,fault = 1&2&3&4&6&7&8&9,
SUCCESS;26:edges = 42,fail_cases = 1,fault = 6&7&8&9&10,
SUCCESS;27:edges = 43,fail_cases = 1,fault = 1&6&7&8&9&10,
SUCCESS;28:edges = 44,fail_cases = 1,fault = 1&2&6&7&8&9&10,
SUCCESS;29:edges = 45,fail_cases = 1,fault = 1&2&3&6&7&8&9&10,
SUCCESS;30:edges = 46,fail_cases = 1,fault = 1&2&3&4&6&7&8&9&10,
FAIL;31:edges = 46,fail_cases = 2,fault = 11&6&7&8&9&10,
SUCCESS;32:edges = 48,fail_cases = 2,fault = 16,
SUCCESS;33:edges = 49,fail_cases = 2,fault = 16&6,
SUCCESS;34:edges = 50,fail_cases = 2,fault = 16&6&7,
SUCCESS;35:edges = 51,fail_cases = 2,fault = 16&6&7&8,
SUCCESS;36:edges = 52,fail_cases = 2,fault = 16&6&7&8&9,
SUCCESS;37:edges = 53,fail_cases = 2,fault = 16&6&7&8&9&10,
SUCCESS;38:edges = 55,fail_cases = 2,fault = 12&16,
SUCCESS;39:edges = 56,fail_cases = 2,fault = 12&16&6,
SUCCESS;40:edges = 57,fail_cases = 2,fault = 12&16&6&7,
SUCCESS;41:edges = 58,fail_cases = 2,fault = 12&16&6&7&8,
SUCCESS;42:edges = 59,fail_cases = 2,fault = 12&16&6&7&8&9,
SUCCESS;43:edges = 60,fail_cases = 2,fault = 12&16&6&7&8&9&10,
SUCCESS;44:edges = 62,fail_cases = 2,fault = 12&13&16,
SUCCESS;45:edges = 63,fail_cases = 2,fault = 12&13&16&6,
SUCCESS;46:edges = 64,fail_cases = 2,fault = 12&13&16&6&7,
SUCCESS;47:edges = 65,fail_cases = 2,fault = 12&13&16&6&7&8,
SUCCESS;48:edges = 66,fail_cases = 2,fault = 12&13&16&6&7&8&9,
SUCCESS;49:edges = 67,fail_cases = 2,fault = 12&13&16&6&7&8&9&10,
SUCCESS;50:edges = 69,fail_cases = 2,fault = 12&13&14&16,
SUCCESS;51:edges = 70,fail_cases = 2,fault = 12&13&14&16&6,
SUCCESS;52:edges = 71,fail_cases = 2,fault = 12&13&14&16&6&7,
SUCCESS;53:edges = 72,fail_cases = 2,fault = 12&13&14&16&6&7&8,
SUCCESS;54:edges = 73,fail_cases = 2,fault = 12&13&14&16&6&7&8&9,
SUCCESS;55:edges = 74,fail_cases = 2,fault = 12&13&14&16&6&7&8&9&10,
FAIL;56:edges = 74,fail_cases = 3,fault = 12&13&14&15&16,
SUCCESS;57:edges = 76,fail_cases = 3,fault = 17,
SUCCESS;58:edges = 77,fail_cases = 3,fault = 16&17,
SUCCESS;59:edges = 78,fail_cases = 3,fault = 12&16&17,
SUCCESS;60:edges = 79,fail_cases = 3,fault = 12&13&16&17,
SUCCESS;61:edges = 80,fail_cases = 3,fault = 12&13&14&16&17,
SUCCESS;62:edges = 82,fail_cases = 3,fault = 17&18,
SUCCESS;63:edges = 83,fail_cases = 3,fault = 16&17&18,
SUCCESS;64:edges = 84,fail_cases = 3,fault = 12&16&17&18,
SUCCESS;65:edges = 85,fail_cases = 3,fault = 12&13&16&17&18,
SUCCESS;66:edges = 86,fail_cases = 3,fault = 12&13&14&16&17&18,
SUCCESS;67:edges = 88,fail_cases = 3,fault = 17&18&19,
SUCCESS;68:edges = 89,fail_cases = 3,fault = 16&17&18&19,
SUCCESS;69:edges = 90,fail_cases = 3,fault = 12&16&17&18&19,
SUCCESS;70:edges = 91,fail_cases = 3,fault = 12&13&16&17&18&19,
SUCCESS;71:edges = 92,fail_cases = 3,fault = 12&13&14&16&17&18&19,
SUCCESS;72:edges = 94,fail_cases = 3,fault = 17&18&19&20,
SUCCESS;73:edges = 95,fail_cases = 3,fault = 16&17&18&19&20,
SUCCESS;74:edges = 96,fail_cases = 3,fault = 12&16&17&18&19&20,
SUCCESS;75:edges = 97,fail_cases = 3,fault = 12&13&16&17&18&19&20,
SUCCESS;76:edges = 98,fail_cases = 3,fault = 12&13&14&16&17&18&19&20,
SUCCESS;77:edges = 100,fail_cases = 3,fault = 17&18&19&20&21,
SUCCESS;78:edges = 101,fail_cases = 3,fault = 16&17&18&19&20&21,
SUCCESS;79:edges = 102,fail_cases = 3,fault = 12&16&17&18&19&20&21,
SUCCESS;80:edges = 103,fail_cases = 3,fault = 12&13&16&17&18&19&20&21,
SUCCESS;81:edges = 104,fail_cases = 3,fault = 12&13&14&16&17&18&19&20&21,
SUCCESS;82:edges = 106,fail_cases = 3,fault = 22&17&18&19&20&21,
SUCCESS;83:edges = 107,fail_cases = 3,fault = 22&16&17&18&19&20&21,
SUCCESS;84:edges = 108,fail_cases = 3,fault = 22&12&16&17&18&19&20&21,
SUCCESS;85:edges = 109,fail_cases = 3,fault = 22&12&13&16&17&18&19&20&21,
SUCCESS;86:edges = 110,fail_cases = 3,fault = 22&12&13&14&16&17&18&19&20&21,
SUCCESS;87:edges = 112,fail_cases = 3,fault = 22&23&17&18&19&20&21,
SUCCESS;88:edges = 113,fail_cases = 3,fault = 22&23&16&17&18&19&20&21,
SUCCESS;89:edges = 114,fail_cases = 3,fault = 22&23&12&16&17&18&19&20&21,
SUCCESS;90:edges = 115,fail_cases = 3,fault = 22&23&12&13&16&17&18&19&20&21,
SUCCESS;91:edges = 116,fail_cases = 3,fault = 22&23&12&13&14&16&17&18&19&20&21,
FAIL;92:edges = 116,fail_cases = 4,fault = 22&23&24&17&18&19&20&21,
SUCCESS;93:edges = 118,fail_cases = 4,fault = 25,
SUCCESS;94:edges = 119,fail_cases = 4,fault = 25&17,
SUCCESS;95:edges = 120,fail_cases = 4,fault = 25&17&18,
SUCCESS;96:edges = 121,fail_cases = 4,fault = 25&17&18&19,
SUCCESS;97:edges = 122,fail_cases = 4,fault = 25&17&18&19&20,
SUCCESS;98:edges = 123,fail_cases = 4,fault = 25&17&18&19&20&21,
SUCCESS;99:edges = 124,fail_cases = 4,fault = 22&25&17&18&19&20&21,
SUCCESS;100:edges = 125,fail_cases = 4,fault = 22&23&25&17&18&19&20&21,
SUCCESS;101:edges = 127,fail_cases = 4,fault = 25&26,
SUCCESS;102:edges = 128,fail_cases = 4,fault = 25&26&17,
SUCCESS;103:edges = 129,fail_cases = 4,fault = 25&26&17&18,
SUCCESS;104:edges = 130,fail_cases = 4,fault = 25&26&17&18&19,
SUCCESS;105:edges = 131,fail_cases = 4,fault = 25&26&17&18&19&20,
SUCCESS;106:edges = 132,fail_cases = 4,fault = 25&26&17&18&19&20&21,
SUCCESS;107:edges = 133,fail_cases = 4,fault = 22&25&26&17&18&19&20&21,
SUCCESS;108:edges = 134,fail_cases = 4,fault = 22&23&25&26&17&18&19&20&21,
SUCCESS;109:edges = 136,fail_cases = 4,fault = 25&26&27,
SUCCESS;110:edges = 137,fail_cases = 4,fault = 25&26&27&17,
SUCCESS;111:edges = 138,fail_cases = 4,fault = 25&26&27&17&18,
SUCCESS;112:edges = 139,fail_cases = 4,fault = 25&26&27&17&18&19,
SUCCESS;113:edges = 140,fail_cases = 4,fault = 25&26&27&17&18&19&20,
SUCCESS;114:edges = 141,fail_cases = 4,fault = 25&26&27&17&18&19&20&21,
SUCCESS;115:edges = 142,fail_cases = 4,fault = 22&25&26&27&17&18&19&20&21,
SUCCESS;116:edges = 143,fail_cases = 4,fault = 22&23&25&26&27&17&18&19&20&21,
FAIL;117:edges = 143,fail_cases = 5,fault = 25&26&27&28,
SUCCESS;118:edges = 145,fail_cases = 5,fault = 32,
SUCCESS;119:edges = 146,fail_cases = 5,fault = 25&32,
SUCCESS;120:edges = 147,fail_cases = 5,fault = 25&26&32,
SUCCESS;121:edges = 148,fail_cases = 5,fault = 25&26&27&32,
SUCCESS;122:edges = 150,fail_cases = 5,fault = 33&32,
SUCCESS;123:edges = 151,fail_cases = 5,fault = 33&25&32,
SUCCESS;124:edges = 152,fail_cases = 5,fault = 33&25&26&32,
SUCCESS;125:edges = 153,fail_cases = 5,fault = 33&25&26&27&32,
SUCCESS;126:edges = 155,fail_cases = 5,fault = 33&29&32,
SUCCESS;127:edges = 156,fail_cases = 5,fault = 33&25&29&32,
SUCCESS;128:edges = 157,fail_cases = 5,fault = 33&25&26&29&32,
SUCCESS;129:edges = 158,fail_cases = 5,fault = 33&25&26&27&29&32,
SUCCESS;130:edges = 160,fail_cases = 5,fault = 33&29&30&32,
SUCCESS;131:edges = 161,fail_cases = 5,fault = 33&25&29&30&32,
SUCCESS;132:edges = 162,fail_cases = 5,fault = 33&25&26&29&30&32,
SUCCESS;133:edges = 163,fail_cases = 5,fault = 33&25&26&27&29&30&32,
FAIL;134:edges = 163,fail_cases = 6,fault = 33&29&30&31&32,
SUCCESS;135:edges = 165,fail_cases = 6,fault = 34,
SUCCESS;136:edges = 166,fail_cases = 6,fault = 34&32,
SUCCESS;137:edges = 167,fail_cases = 6,fault = 33&34&32,
SUCCESS;138:edges = 168,fail_cases = 6,fault = 33&34&29&32,
SUCCESS;139:edges = 169,fail_cases = 6,fault = 33&34&29&30&32,
SUCCESS;140:edges = 171,fail_cases = 6,fault = 34&35,
SUCCESS;141:edges = 172,fail_cases = 6,fault = 34&35&32,
SUCCESS;142:edges = 173,fail_cases = 6,fault = 33&34&35&32,
SUCCESS;143:edges = 174,fail_cases = 6,fault = 33&34&35&29&32,
SUCCESS;144:edges = 175,fail_cases = 6,fault = 33&34&35&29&30&32,
FAIL;145:edges = 175,fail_cases = 7,fault = 34&35&36,
SUCCESS;146:edges = 177,fail_cases = 7,fault = 37,
SUCCESS;147:edges = 178,fail_cases = 7,fault = 34&37,
SUCCESS;148:edges = 179,fail_cases = 7,fault = 34&35&37,
SUCCESS;149:edges = 181,fail_cases = 7,fault = 37&38,
SUCCESS;150:edges = 182,fail_cases = 7,fault = 34&37&38,
SUCCESS;151:edges = 183,fail_cases = 7,fault = 34&35&37&38,
FAIL;152:edges = 183,fail_cases = 8,fault = 37&38&39,
SUCCESS;153:edges = 185,fail_cases = 8,fault = 40,
SUCCESS;154:edges = 186,fail_cases = 8,fault = 37&40,
SUCCESS;155:edges = 187,fail_cases = 8,fault = 37&38&40,
FAIL;156:edges = 187,fail_cases = 9,fault = 40&41,
SUCCESS;157:edges = 189,fail_cases = 9,fault = 42,
SUCCESS;158:edges = 190,fail_cases = 9,fault = 40&42,
SUCCESS;159:edges = 192,fail_cases = 9,fault = 42&43,
SUCCESS;160:edges = 193,fail_cases = 9,fault = 40&42&43,
SUCCESS;161:edges = 195,fail_cases = 9,fault = 44&42&43,
SUCCESS;162:edges = 196,fail_cases = 9,fault = 44&40&42&43,
FAIL;163:edges = 196,fail_cases = 10,fault = 44&45&42&43,
SUCCESS;164:edges = 198,fail_cases = 10,fault = 48,
SUCCESS;165:edges = 199,fail_cases = 10,fault = 48&42,
SUCCESS;166:edges = 200,fail_cases = 10,fault = 48&42&43,
SUCCESS;167:edges = 201,fail_cases = 10,fault = 44&48&42&43,
SUCCESS;168:edges = 203,fail_cases = 10,fault = 48&49,
SUCCESS;169:edges = 204,fail_cases = 10,fault = 48&49&42,
SUCCESS;170:edges = 205,fail_cases = 10,fault = 48&49&42&43,
SUCCESS;171:edges = 206,fail_cases = 10,fault = 44&48&49&42&43,
SUCCESS;172:edges = 208,fail_cases = 10,fault = 48&49&50,
SUCCESS;173:edges = 209,fail_cases = 10,fault = 48&49&50&42,
SUCCESS;174:edges = 210,fail_cases = 10,fault = 48&49&50&42&43,
SUCCESS;175:edges = 211,fail_cases = 10,fault = 44&48&49&50&42&43,
SUCCESS;176:edges = 213,fail_cases = 10,fault = 48&49&50&51,
SUCCESS;177:edges = 214,fail_cases = 10,fault = 48&49&50&51&42,
SUCCESS;178:edges = 215,fail_cases = 10,fault = 48&49&50&51&42&43,
SUCCESS;179:edges = 216,fail_cases = 10,fault = 44&48&49&50&51&42&43,
SUCCESS;180:edges = 218,fail_cases = 10,fault = 46&48&49&50&51,
SUCCESS;181:edges = 219,fail_cases = 10,fault = 46&48&49&50&51&42,
SUCCESS;182:edges = 220,fail_cases = 10,fault = 46&48&49&50&51&42&43,
SUCCESS;183:edges = 221,fail_cases = 10,fault = 44&46&48&49&50&51&42&43,
FAIL;184:edges = 221,fail_cases = 11,fault = 46&47&48&49&50&51,
SUCCESS;185:edges = 223,fail_cases = 11,fault = 52,
SUCCESS;186:edges = 224,fail_cases = 11,fault = 48&52,
SUCCESS;187:edges = 225,fail_cases = 11,fault = 48&49&52,
SUCCESS;188:edges = 226,fail_cases = 11,fault = 48&49&50&52,
SUCCESS;189:edges = 227,fail_cases = 11,fault = 48&49&50&51&52,
SUCCESS;190:edges = 228,fail_cases = 11,fault = 46&48&49&50&51&52,
SUCCESS;191:edges = 230,fail_cases = 11,fault = 52&53,
SUCCESS;192:edges = 231,fail_cases = 11,fault = 48&52&53,
SUCCESS;193:edges = 232,fail_cases = 11,fault = 48&49&52&53,
SUCCESS;194:edges = 233,fail_cases = 11,fault = 48&49&50&52&53,
SUCCESS;195:edges = 234,fail_cases = 11,fault = 48&49&50&51&52&53,
SUCCESS;196:edges = 235,fail_cases = 11,fault = 46&48&49&50&51&52&53,
SUCCESS;197:edges = 237,fail_cases = 11,fault = 52&53&54,
SUCCESS;198:edges = 238,fail_cases = 11,fault = 48&52&53&54,
SUCCESS;199:edges = 239,fail_cases = 11,fault = 48&49&52&53&54,
SUCCESS;200:edges = 240,fail_cases = 11,fault = 48&49&50&52&53&54,
SUCCESS;201:edges = 241,fail_cases = 11,fault = 48&49&50&51&52&53&54,
SUCCESS;202:edges = 242,fail_cases = 11,fault = 46&48&49&50&51&52&53&54,
SUCCESS;203:edges = 244,fail_cases = 11,fault = 55&52&53&54,
SUCCESS;204:edges = 245,fail_cases = 11,fault = 55&48&52&53&54,
SUCCESS;205:edges = 246,fail_cases = 11,fault = 55&48&49&52&53&54,
SUCCESS;206:edges = 247,fail_cases = 11,fault = 55&48&49&50&52&53&54,
SUCCESS;207:edges = 248,fail_cases = 11,fault = 55&48&49&50&51&52&53&54,
SUCCESS;208:edges = 249,fail_cases = 11,fault = 55&46&48&49&50&51&52&53&54,
SUCCESS;209:edges = 251,fail_cases = 11,fault = 55&56&52&53&54,
SUCCESS;210:edges = 252,fail_cases = 11,fault = 55&56&48&52&53&54,
SUCCESS;211:edges = 253,fail_cases = 11,fault = 55&56&48&49&52&53&54,
SUCCESS;212:edges = 254,fail_cases = 11,fault = 55&56&48&49&50&52&53&54,
SUCCESS;213:edges = 255,fail_cases = 11,fault = 55&56&48&49&50&51&52&53&54,
SUCCESS;214:edges = 256,fail_cases = 11,fault = 55&56&46&48&49&50&51&52&53&54,
FAIL;215:edges = 256,fail_cases = 12,fault = 55&56&57&52&53&54,
SUCCESS;216:edges = 257,fail_cases = 12,fault = 58,
SUCCESS;217:edges = 258,fail_cases = 12,fault = 58&52,
SUCCESS;218:edges = 259,fail_cases = 12,fault = 58&52&53,
SUCCESS;219:edges = 260,fail_cases = 12,fault = 58&52&53&54,
SUCCESS;220:edges = 261,fail_cases = 12,fault = 55&58&52&53&54,
SUCCESS;221:edges = 262,fail_cases = 12,fault = 55&56&58&52&53&54,
SUCCESS;222:edges = 263,fail_cases = 12,fault = 58&59,
SUCCESS;223:edges = 264,fail_cases = 12,fault = 58&59&52,
SUCCESS;224:edges = 265,fail_cases = 12,fault = 58&59&52&53,
SUCCESS;225:edges = 266,fail_cases = 12,fault = 58&59&52&53&54,
SUCCESS;226:edges = 267,fail_cases = 12,fault = 55&58&59&52&53&54,
SUCCESS;227:edges = 268,fail_cases = 12,fault = 55&56&58&59&52&53&54,
SUCCESS;228:edges = 269,fail_cases = 12,fault = 58&59&60,
SUCCESS;229:edges = 270,fail_cases = 12,fault = 58&59&60&52,
SUCCESS;230:edges = 271,fail_cases = 12,fault = 58&59&60&52&53,
SUCCESS;231:edges = 272,fail_cases = 12,fault = 58&59&60&52&53&54,
SUCCESS;232:edges = 273,fail_cases = 12,fault = 55&58&59&60&52&53&54,
SUCCESS;233:edges = 274,fail_cases = 12,fault = 55&56&58&59&60&52&53&54,
FAIL;234:edges = 274,fail_cases = 13,fault = 58&59&60&61,