SUCCESS;0:edges = 23,fail_cases = 0,fault = ,
SUCCESS;1:edges = 24,fail_cases = 0,fault = 1,
SUCCESS;2:edges = 25,fail_cases = 0,fault = 1&2,
SUCCESS;3:edges = 26,fail_cases = 0,fault = 1&2&3,
SUCCESS;4:edges = 27,fail_cases = 0,fault = 1&2&3&4,
SUCCESS;5:edges = 28,fail_cases = 0,fault = 1&2&3&4&5,
SUCCESS;6:edges = 29,fail_cases = 0,fault = 1&2&3&4&5&6,
FAIL;7:edges = 29,fail_cases = 1,fault = 1&2&3&4&5&6&7,
SUCCESS;8:edges = 31,fail_cases = 1,fault = 8,
SUCCESS;9:edges = 32,fail_cases = 1,fault = 1&8,
SUCCESS;10:edges = 33,fail_cases = 1,fault = 1&2&8,
SUCCESS;11:edges = 34,fail_cases = 1,fault = 1&2&3&8,
SUCCESS;12:edges = 35,fail_cases = 1,fault = 1&2&3&4&8,
SUCCESS;13:edges = 36,fail_cases = 1,fault = 1&2&3&4&5&8,
SUCCESS;14:edges = 37,fail_cases = 1,fault = 1&2&3&4&5&6&8,
SUCCESS;15:edges = 39,fail_cases = 1,fault = 8&9,
SUCCESS;16:edges = 40,fail_cases = 1,fault = 1&8&9,
SUCCESS;17:edges = 41,fail_cases = 1,fault = 1&2&8&9,
SUCCESS;18:edges = 42,fail_cases = 1,fault = 1&2&3&8&9,
SUCCESS;19:edges = 43,fail_cases = 1,fault = 1&2&3&4&8&9,
SUCCESS;20:edges = 44,fail_cases = 1,fault = 1&2&3&4&5&8&9,
SUCCESS;21:edges = 45,fail_cases = 1,fault = 1&2&3&4&5&6&8&9,
FAIL;22:edges = 45,fail_cases = 2,fault = 8&9&10,
SUCCESS;23:edges = 47,fail_cases = 2,fault = 11,
SUCCESS;24:edges = 48,fail_cases = 2,fault = 11&8,
SUCCESS;25:edges = 49,fail_cases = 2,fault = 11&8&9,
FAIL;26:edges = 49,fail_cases = 3,fault = 11&12,
SUCCESS;27:edges = 51,fail_cases = 3,fault = 16,
SUCCESS;28:edges = 52,fail_cases = 3,fault = 11&16,
SUCCESS;29:edges = 54,fail_cases = 3,fault = 16&17,
SUCCESS;30:edges = 55,fail_cases = 3,fault = 11&16&17,
SUCCESS;31:edges = 57,fail_cases = 3,fault = 13&16&17,
SUCCESS;32:edges = 58,fail_cases = 3,fault = 11&13&16&17,
SUCCESS;33:edges = 60,fail_cases = 3,fault = 13&14&16&17,
SUCCESS;34:edges = 61,fail_cases = 3,fault = 11&13&14&16&17,
FAIL;35:edges = 61,fail_cases = 4,fault = 13&14&15&16&17,
SUCCESS;36:edges = 63,fail_cases = 4,fault = 18,
SUCCESS;37:edges = 64,fail_cases = 4,fault = 16&18,
SUCCESS;38:edges = 65,fail_cases = 4,fault = 16&17&18,
SUCCESS;39:edges = 66,fail_cases = 4,fault = 13&16&17&18,
SUCCESS;40:edges = 67,fail_cases = 4,fault = 13&14&16&17&18,
SUCCESS;41:edges = 69,fail_cases = 4,fault = 18&19,
SUCCESS;42:edges = 70,fail_cases = 4,fault = 16&18&19,
SUCCESS;43:edges = 71,fail_cases = 4,fault = 16&17&18&19,
SUCCESS;44:edges = 72,fail_cases = 4,fault = 13&16&17&18&19,
SUCCESS;45:edges = 73,fail_cases = 4,fault = 13&14&16&17&18&19,
SUCCESS;46:edges = 75,fail_cases = 4,fault = 18&19&20,
SUCCESS;47:edges = 76,fail_cases = 4,fault = 16&18&19&20,
SUCCESS;48:edges = 77,fail_cases = 4,fault = 16&17&18&19&20,
SUCCESS;49:edges = 78,fail_cases = 4,fault = 13&16&17&18&19&20,
SUCCESS;50:edges = 79,fail_cases = 4,fault = 13&14&16&17&18&19&20,
SUCCESS;51:edges = 81,fail_cases = 4,fault = 18&19&20&21,
SUCCESS;52:edges = 82,fail_cases = 4,fault = 16&18&19&20&21,
SUCCESS;53:edges = 83,fail_cases = 4,fault = 16&17&18&19&20&21,
SUCCESS;54:edges = 84,fail_cases = 4,fault = 13&16&17&18&19&20&21,
SUCCESS;55:edges = 85,fail_cases = 4,fault = 13&14&16&17&18&19&20&21,
SUCCESS;56:edges = 87,fail_cases = 4,fault = 22&18&19&20&21,
SUCCESS;57:edges = 88,fail_cases = 4,fault = 22&16&18&19&20&21,
SUCCESS;58:edges = 89,fail_cases = 4,fault = 22&16&17&18&19&20&21,
SUCCESS;59:edges = 90,fail_cases = 4,fault = 22&13&16&17&18&19&20&21,
SUCCESS;60:edges = 91,fail_cases = 4,fault = 22&13&14&16&17&18&19&20&21,
SUCCESS;61:edges = 93,fail_cases = 4,fault = 22&23&18&19&20&21,
SUCCESS;62:edges = 94,fail_cases = 4,fault = 22&23&16&18&19&20&21,
SUCCESS;63:edges = 95,fail_cases = 4,fault = 22&23&16&17&18&19&20&21,
SUCCESS;64:edges = 96,fail_cases = 4,fault = 22&23&13&16&17&18&19&20&21,
SUCCESS;65:edges = 97,fail_cases = 4,fault = 22&23&13&14&16&17&18&19&20&21,
FAIL;66:edges = 97,fail_cases = 5,fault = 22&23&24&18&19&20&21,
SUCCESS;67:edges = 99,fail_cases = 5,fault = 25,
SUCCESS;68:edges = 100,fail_cases = 5,fault = 25&18,
SUCCESS;69:edges = 101,fail_cases = 5,fault = 25&18&19,
SUCCESS;70:edges = 102,fail_cases = 5,fault = 25&18&19&20,
SUCCESS;71:edges = 103,fail_cases = 5,fault = 25&18&19&20&21,
SUCCESS;72:edges = 104,fail_cases = 5,fault = 22&25&18&19&20&21,
SUCCESS;73:edges = 105,fail_cases = 5,fault = 22&23&25&18&19&20&21,
SUCCESS;74:edges = 107,fail_cases = 5,fault = 25&26,
SUCCESS;75:edges = 108,fail_cases = 5,fault = 25&26&18,
SUCCESS;76:edges = 109,fail_cases = 5,fault = 25&26&18&19,
SUCCESS;77:edges = 110,fail_cases = 5,fault = 25&26&18&19&20,
SUCCESS;78:edges = 111,fail_cases = 5,fault = 25&26&18&19&20&21,
SUCCESS;79:edges = 112,fail_cases = 5,fault = 22&25&26&18&19&20&21,
SUCCESS;80:edges = 113,fail_cases = 5,fault = 22&23&25&26&18&19&20&21,
FAIL;81:edges = 113,fail_cases = 6,fault = 25&26&27,
SUCCESS;82:edges = 115,fail_cases = 6,fault = 28,
SUCCESS;83:edges = 116,fail_cases = 6,fault = 25&28,
SUCCESS;84:edges = 117,fail_cases = 6,fault = 25&26&28,
SUCCESS;85:edges = 119,fail_cases = 6,fault = 28&29,
SUCCESS;86:edges = 120,fail_cases = 6,fault = 25&28&29,
SUCCESS;87:edges = 121,fail_cases = 6,fault = 25&26&28&29,
FAIL;88:edges = 121,fail_cases = 7,fault = 28&29&30,
SUCCESS;89:edges = 123,fail_cases = 7,fault = 32,
SUCCESS;90:edges = 124,fail_cases = 7,fault = 28&32,
SUCCESS;91:edges = 125,fail_cases = 7,fault = 28&29&32,
SUCCESS;92:edges = 127,fail_cases = 7,fault = 33&32,
SUCCESS;93:edges = 128,fail_cases = 7,fault = 33&28&32,
SUCCESS;94:edges = 129,fail_cases = 7,fault = 33&28&29&32,
SUCCESS;95:edges = 131,fail_cases = 7,fault = 33&34&32,
SUCCESS;96:edges = 132,fail_cases = 7,fault = 33&34&28&32,
SUCCESS;97:edges = 133,fail_cases = 7,fault = 33&34&28&29&32,
SUCCESS;98:edges = 135,fail_cases = 7,fault = 33&34&35&32,
SUCCESS;99:edges = 136,fail_cases = 7,fault = 33&34&35&28&32,
SUCCESS;100:edges = 137,fail_cases = 7,fault = 33&34&35&28&29&32,
FAIL;101:edges = 137,fail_cases = 8,fault = 33&34&35&31&32,
SUCCESS;102:edges = 139,fail_cases = 8,fault = 36,
SUCCESS;103:edges = 140,fail_cases = 8,fault = 36&32,
SUCCESS;104:edges = 141,fail_cases = 8,fault = 33&36&32,
SUCCESS;105:edges = 142,fail_cases = 8,fault = 33&34&36&32,
SUCCESS;106:edges = 143,fail_cases = 8,fault = 33&34&35&36&32,
SUCCESS;107:edges = 145,fail_cases = 8,fault = 36&37,
SUCCESS;108:edges = 146,fail_cases = 8,fault = 36&37&32,
SUCCESS;109:edges = 147,fail_cases = 8,fault = 33&36&37&32,
SUCCESS;110:edges = 148,fail_cases = 8,fault = 33&34&36&37&32,
SUCCESS;111:edges = 149,fail_cases = 8,fault = 33&34&35&36&37&32,
SUCCESS;112:edges = 151,fail_cases = 8,fault = 36&37&38,
SUCCESS;113:edges = 152,fail_cases = 8,fault = 36&37&38&32,
SUCCESS;114:edges = 153,fail_cases = 8,fault = 33&36&37&38&32,
SUCCESS;115:edges = 154,fail_cases = 8,fault = 33&34&36&37&38&32,
SUCCESS;116:edges = 155,fail_cases = 8,fault = 33&34&35&36&37&38&32,
SUCCESS;117:edges = 157,fail_cases = 8,fault = 36&37&38&39,
SUCCESS;118:edges = 158,fail_cases = 8,fault = 36&37&38&39&32,
SUCCESS;119:edges = 159,fail_cases = 8,fault = 33&36&37&38&39&32,
SUCCESS;120:edges = 160,fail_cases = 8,fault = 33&34&36&37&38&39&32,
SUCCESS;121:edges = 161,fail_cases = 8,fault = 33&34&35&36&37&38&39&32,
SUCCESS;122:edges = 163,fail_cases = 8,fault = 36&37&38&39&40,
SUCCESS;123:edges = 164,fail_cases = 8,fault = 36&37&38&39&40&32,
SUCCESS;124:edges = 165,fail_cases = 8,fault = 33&36&37&38&39&40&32,
SUCCESS;125:edges = 166,fail_cases = 8,fault = 33&34&36&37&38&39&40&32,
SUCCESS;126:edges = 167,fail_cases = 8,fault = 33&34&35&36&37&38&39&40&32,
FAIL;127:edges = 167,fail_cases = 9,fault = 36&37&38&39&40&41,
SUCCESS;128:edges = 169,fail_cases = 9,fault = 48,
SUCCESS;129:edges = 170,fail_cases = 9,fault = 36&48,
SUCCESS;130:edges = 171,fail_cases = 9,fault = 36&48&37,
SUCCESS;131:edges = 172,fail_cases = 9,fault = 36&48&37&38,
SUCCESS;132:edges = 173,fail_cases = 9,fault = 36&48&37&38&39,
SUCCESS;133:edges = 174,fail_cases = 9,fault = 36&48&37&38&39&40,
SUCCESS;134:edges = 176,fail_cases = 9,fault = 48&42,
SUCCESS;135:edges = 177,fail_cases = 9,fault = 36&48&42,
SUCCESS;136:edges = 178,fail_cases = 9,fault = 36&48&37&42,
SUCCESS;137:edges = 179,fail_cases = 9,fault = 36&48&37&38&42,
SUCCESS;138:edges = 180,fail_cases = 9,fault = 36&48&37&38&39&42,
SUCCESS;139:edges = 181,fail_cases = 9,fault = 36&48&37&38&39&40&42,
SUCCESS;140:edges = 183,fail_cases = 9,fault = 48&42&43,
SUCCESS;141:edges = 184,fail_cases = 9,fault = 36&48&42&43,
SUCCESS;142:edges = 185,fail_cases = 9,fault = 36&48&37&42&43,
SUCCESS;143:edges = 186,fail_cases = 9,fault = 36&48&37&38&42&43,
SUCCESS;144:edges = 187,fail_cases = 9,fault = 36&48&37&38&39&42&43,
SUCCESS;145:edges = 188,fail_cases = 9,fault = 36&48&37&38&39&40&42&43,
SUCCESS;146:edges = 190,fail_cases = 9,fault = 44&48&42&43,
SUCCESS;147:edges = 191,fail_cases = 9,fault = 44&36&48&42&43,
SUCCESS;148:edges = 192,fail_cases = 9,fault = 44&36&48&37&42&43,
SUCCESS;149:edges = 193,fail_cases = 9,fault = 44&36&48&37&38&42&43,
SUCCESS;150:edges = 194,fail_cases = 9,fault = 44&36&48&37&38&39&42&43,
SUCCESS;151:edges = 195,fail_cases = 9,fault = 44&36&48&37&38&39&40&42&43,
SUCCESS;152:edges = 197,fail_cases = 9,fault = 44&45&48&42&43,
SUCCESS;153:edges = 198,fail_cases = 9,fault = 44&45&36&48&42&43,
SUCCESS;154:edges = 199,fail_cases = 9,fault = 44&45&36&48&37&42&43,
SUCCESS;155:edges = 200,fail_cases = 9,fault = 44&45&36&48&37&38&42&43,
SUCCESS;156:edges = 201,fail_cases = 9,fault = 44&45&36&48&37&38&39&42&43,
SUCCESS;157:edges = 202,fail_cases = 9,fault = 44&45&36&48&37&38&39&40&42&43,
SUCCESS;158:edges = 204,fail_cases = 9,fault = 44&45&46&48&42&43,
SUCCESS;159:edges = 205,fail_cases = 9,fault = 44&45&46&36&48&42&43,
SUCCESS;160:edges = 206,fail_cases = 9,fault = 44&45&46&36&48&37&42&43,
SUCCESS;161:edges = 207,fail_cases = 9,fault = 44&45&46&36&48&37&38&42&43,
SUCCESS;162:edges = 208,fail_cases = 9,fault = 44&45&46&36&48&37&38&39&42&43,
SUCCESS;163:edges = 209,fail_cases = 9,fault = 44&45&46&36&48&37&38&39&40&42&43,
FAIL;164:edges = 209,fail_cases = 10,fault = 44&45&46&47&48&42&43,
SUCCESS;165:edges = 211,fail_cases = 10,fault = 49,
SUCCESS;166:edges = 212,fail_cases = 10,fault = 48&49,
SUCCESS;167:edges = 213,fail_cases = 10,fault = 48&49&42,
SUCCESS;168:edges = 214,fail_cases = 10,fault = 48&49&42&43,
SUCCESS;169:edges = 215,fail_cases = 10,fault = 44&48&49&42&43,
SUCCESS;170:edges = 216,fail_cases = 10,fault = 44&45&48&49&42&43,
SUCCESS;171:edges = 217,fail_cases = 10,fault = 44&45&46&48&49&42&43,
FAIL;172:edges = 217,fail_cases = 11,fault = 49&50,
SUCCESS;173:edges = 219,fail_cases = 11,fault = 51,
SUCCESS;174:edges = 220,fail_cases = 11,fault = 49&51,
FAIL;175:edges = 220,fail_cases = 12,fault = 51&52,
SUCCESS;176:edges = 222,fail_cases = 12,fault = 53,
SUCCESS;177:edges = 223,fail_cases = 12,fault = 51&53,
SUCCESS;178:edges = 225,fail_cases = 12,fault = 53&54,
SUCCESS;179:edges = 226,fail_cases = 12,fault = 51&53&54,
SUCCESS;180:edges = 228,fail_cases = 12,fault = 55&53&54,
SUCCESS;181:edges = 229,fail_cases = 12,fault = 55&51&53&54,
SUCCESS;182:edges = 231,fail_cases = 12,fault = 55&56&53&54,
SUCCESS;183:edges = 232,fail_cases = 12,fault = 55&56&51&53&54,
FAIL;184:edges = 232,fail_cases = 13,fault = 55&56&57&53&54,
SUCCESS;185:edges = 234,fail_cases = 13,fault = 58,
SUCCESS;186:edges = 235,fail_cases = 13,fault = 58&53,
SUCCESS;187:edges = 236,fail_cases = 13,fault = 58&53&54,
SUCCESS;188:edges = 237,fail_cases = 13,fault = 55&58&53&54,
SUCCESS;189:edges = 238,fail_cases = 13,fault = 55&56&58&53&54,
FAIL;190:edges = 238,fail_cases = 14,fault = 58&59,
SUCCESS;191:edges = 240,fail_cases = 14,fault = 64,
SUCCESS;192:edges = 241,fail_cases = 14,fault = 58&64,
SUCCESS;193:edges = 243,fail_cases = 14,fault = 64&65,
SUCCESS;194:edges = 244,fail_cases = 14,fault = 58&64&65,
SUCCESS;195:edges = 246,fail_cases = 14,fault = 66&64&65,
SUCCESS;196:edges = 247,fail_cases = 14,fault = 66&58&64&65,
SUCCESS;197:edges = 249,fail_cases = 14,fault = 66&60&64&65,
SUCCESS;198:edges = 250,fail_cases = 14,fault = 66&58&60&64&65,
SUCCESS;199:edges = 252,fail_cases = 14,fault = 66&60&61&64&65,
SUCCESS;200:edges = 253,fail_cases = 14,fault = 66&58&60&61&64&65,
SUCCESS;201:edges = 255,fail_cases = 14,fault = 66&60&61&62&64&65,
SUCCESS;202:edges = 256,fail_cases = 14,fault = 66&58&60&61&62&64&65,
FAIL;203:edges = 256,fail_cases = 15,fault = 66&60&61&62&63&64&65,
SUCCESS;204:edges = 258,fail_cases = 15,fault = 67,
SUCCESS;205:edges = 259,fail_cases = 15,fault = 67&64,
SUCCESS;206:edges = 260,fail_cases = 15,fault = 67&64&65,
SUCCESS;207:edges = 261,fail_cases = 15,fault = 66&67&64&65,
SUCCESS;208:edges = 262,fail_cases = 15,fault = 66&67&60&64&65,
SUCCESS;209:edges = 263,fail_cases = 15,fault = 66&67&60&61&64&65,
SUCCESS;210:edges = 264,fail_cases = 15,fault = 66&67&60&61&62&64&65,
SUCCESS;211:edges = 266,fail_cases = 15,fault = 67&68,
SUCCESS;212:edges = 267,fail_cases = 15,fault = 67&68&64,
SUCCESS;213:edges = 268,fail_cases = 15,fault = 67&68&64&65,
SUCCESS;214:edges = 269,fail_cases = 15,fault = 66&67&68&64&65,
SUCCESS;215:edges = 270,fail_cases = 15,fault = 66&67&68&60&64&65,
SUCCESS;216:edges = 271,fail_cases = 15,fault = 66&67&68&60&61&64&65,
SUCCESS;217:edges = 272,fail_cases = 15,fault = 66&67&68&60&61&62&64&65,
SUCCESS;218:edges = 274,fail_cases = 15,fault = 67&68&69,
SUCCESS;219:edges = 275,fail_cases = 15,fault = 67&68&69&64,
SUCCESS;220:edges = 276,fail_cases = 15,fault = 67&68&69&64&65,
SUCCESS;221:edges = 277,fail_cases = 15,fault = 66&67&68&69&64&65,
SUCCESS;222:edges = 278,fail_cases = 15,fault = 66&67&68&69&60&64&65,
SUCCESS;223:edges = 279,fail_cases = 15,fault = 66&67&68&69&60&61&64&65,
SUCCESS;224:edges = 280,fail_cases = 15,fault = 66&67&68&69&60&61&62&64&65,
SUCCESS;225:edges = 282,fail_cases = 15,fault = 67&68&69&70,
SUCCESS;226:edges = 283,fail_cases = 15,fault = 67&68&69&70&64,
SUCCESS;227:edges = 284,fail_cases = 15,fault = 67&68&69&70&64&65,
SUCCESS;228:edges = 285,fail_cases = 15,fault = 66&67&68&69&70&64&65,
SUCCESS;229:edges = 286,fail_cases = 15,fault = 66&67&68&69&70&60&64&65,
SUCCESS;230:edges = 287,fail_cases = 15,fault = 66&67&68&69&70&60&61&64&65,
SUCCESS;231:edges = 288,fail_cases = 15,fault = 66&67&68&69&70&60&61&62&64&65,
SUCCESS;232:edges = 290,fail_cases = 15,fault = 67&68&69&70&71,
SUCCESS;233:edges = 291,fail_cases = 15,fault = 67&68&69&70&71&64,
SUCCESS;234:edges = 292,fail_cases = 15,fault = 67&68&69&70&71&64&65,
SUCCESS;235:edges = 293,fail_cases = 15,fault = 66&67&68&69&70&71&64&65,
SUCCESS;236:edges = 294,fail_cases = 15,fault = 66&67&68&69&70&71&60&64&65,
SUCCESS;237:edges = 295,fail_cases = 15,fault = 66&67&68&69&70&71&60&61&64&65,
SUCCESS;238:edges = 296,fail_cases = 15,fault = 66&67&68&69&70&71&60&61&62&64&65,
SUCCESS;239:edges = 298,fail_cases = 15,fault = 67&68&69&70&71&72,
SUCCESS;240:edges = 299,fail_cases = 15,fault = 67&68&69&70&71&72&64,
SUCCESS;241:edges = 300,fail_cases = 15,fault = 67&68&69&70&71&72&64&65,
SUCCESS;242:edges = 301,fail_cases = 15,fault = 66&67&68&69&70&71&72&64&65,
SUCCESS;243:edges = 302,fail_cases = 15,fault = 66&67&68&69&70&71&60&72&64&65,
SUCCESS;244:edges = 303,fail_cases = 15,fault = 66&67&68&69&70&71&60&72&61&64&65,
SUCCESS;245:edges = 304,fail_cases = 15,fault = 66&67&68&69&70&71&60&72&61&62&64&65,
FAIL;246:edges = 304,fail_cases = 16,fault = 67&68&69&70&71&72&73,
SUCCESS;247:edges = 306,fail_cases = 16,fault = 74,
SUCCESS;248:edges = 307,fail_cases = 16,fault = 67&74,
SUCCESS;249:edges = 308,fail_cases = 16,fault = 67&68&74,
SUCCESS;250:edges = 309,fail_cases = 16,fault = 67&68&69&74,
SUCCESS;251:edges = 310,fail_cases = 16,fault = 67&68&69&70&74,
SUCCESS;252:edges = 311,fail_cases = 16,fault = 67&68&69&70&71&74,
SUCCESS;253:edges = 312,fail_cases = 16,fault = 67&68&69&70&71&72&74,
SUCCESS;254:edges = 314,fail_cases = 16,fault = 74&75,
SUCCESS;255:edges = 315,fail_cases = 16,fault = 67&74&75,
SUCCESS;256:edges = 316,fail_cases = 16,fault = 67&68&74&75,
SUCCESS;257:edges = 317,fail_cases = 16,fault = 67&68&69&74&75,
SUCCESS;258:edges = 318,fail_cases = 16,fault = 67&68&69&70&74&75,
SUCCESS;259:edges = 319,fail_cases = 16,fault = 67&68&69&70&71&74&75,
SUCCESS;260:edges = 320,fail_cases = 16,fault = 67&68&69&70&71&72&74&75,
SUCCESS;261:edges = 322,fail_cases = 16,fault = 74&75&76,
SUCCESS;262:edges = 323,fail_cases = 16,fault = 67&74&75&76,
SUCCESS;263:edges = 324,fail_cases = 16,fault = 67&68&74&75&76,
SUCCESS;264:edges = 325,fail_cases = 16,fault = 67&68&69&74&75&76,
SUCCESS;265:edges = 326,fail_cases = 16,fault = 67&68&69&70&74&75&76,
SUCCESS;266:edges = 327,fail_cases = 16,fault = 67&68&69&70&71&74&75&76,
SUCCESS;267:edges = 328,fail_cases = 16,fault = 67&68&69&70&71&72&74&75&76,
SUCCESS;268:edges = 330,fail_cases = 16,fault = 77&74&75&76,
SUCCESS;269:edges = 331,fail_cases = 16,fault = 77&67&74&75&76,
SUCCESS;270:edges = 332,fail_cases = 16,fault = 77&67&68&74&75&76,
SUCCESS;271:edges = 333,fail_cases = 16,fault = 77&67&68&69&74&75&76,
SUCCESS;272:edges = 334,fail_cases = 16,fault = 77&67&68&69&70&74&75&76,
SUCCESS;273:edges = 335,fail_cases = 16,fault = 77&67&68&69&70&71&74&75&76,
SUCCESS;274:edges = 336,fail_cases = 16,fault = 77&67&68&69&70&71&72&74&75&76,
FAIL;275:edges = 336,fail_cases = 17,fault = 77&78&74&75&76,
SUCCESS;276:edges = 338,fail_cases = 17,fault = 80,
SUCCESS;277:edges = 339,fail_cases = 17,fault = 80&74,
SUCCESS;278:edges = 340,fail_cases = 17,fault = 80&74&75,
SUCCESS;279:edges = 341,fail_cases = 17,fault = 80&74&75&76,
SUCCESS;280:edges = 342,fail_cases = 17,fault = 77&80&74&75&76,
SUCCESS;281:edges = 344,fail_cases = 17,fault = 80&81,
SUCCESS;282:edges = 345,fail_cases = 17,fault = 80&81&74,
SUCCESS;283:edges = 346,fail_cases = 17,fault = 80&81&74&75,
SUCCESS;284:edges = 347,fail_cases = 17,fault = 80&81&74&75&76,
SUCCESS;285:edges = 348,fail_cases = 17,fault = 77&80&81&74&75&76,
SUCCESS;286:edges = 350,fail_cases = 17,fault = 80&81&82,
SUCCESS;287:edges = 351,fail_cases = 17,fault = 80&81&82&74,
SUCCESS;288:edges = 352,fail_cases = 17,fault = 80&81&82&74&75,
SUCCESS;289:edges = 353,fail_cases = 17,fault = 80&81&82&74&75&76,
SUCCESS;290:edges = 354,fail_cases = 17,fault = 77&80&81&82&74&75&76,
SUCCESS;291:edges = 356,fail_cases = 17,fault = 80&81&82&83,
SUCCESS;292:edges = 357,fail_cases = 17,fault = 80&81&82&83&74,
SUCCESS;293:edges = 358,fail_cases = 17,fault = 80&81&82&83&74&75,
SUCCESS;294:edges = 359,fail_cases = 17,fault = 80&81&82&83&74&75&76,
SUCCESS;295:edges = 360,fail_cases = 17,fault = 77&80&81&82&83&74&75&76,
SUCCESS;296:edges = 362,fail_cases = 17,fault = 80&81&82&83&84,
SUCCESS;297:edges = 363,fail_cases = 17,fault = 80&81&82&83&84&74,
SUCCESS;298:edges = 364,fail_cases = 17,fault = 80&81&82&83&84&74&75,
SUCCESS;299:edges = 365,fail_cases = 17,fault = 80&81&82&83&84&74&75&76,
SUCCESS;300:edges = 366,fail_cases = 17,fault = 77&80&81&82&83&84&74&75&76,
FAIL;301:edges = 366,fail_cases = 18,fault = 79&80&81&82&83&84,
SUCCESS;302:edges = 368,fail_cases = 18,fault = 85,
SUCCESS;303:edges = 369,fail_cases = 18,fault = 80&85,
SUCCESS;304:edges = 370,fail_cases = 18,fault = 80&81&85,
SUCCESS;305:edges = 371,fail_cases = 18,fault = 80&81&82&85,
SUCCESS;306:edges = 372,fail_cases = 18,fault = 80&81&82&83&85,
SUCCESS;307:edges = 373,fail_cases = 18,fault = 80&81&82&83&84&85,
SUCCESS;308:edges = 375,fail_cases = 18,fault = 85&86,
SUCCESS;309:edges = 376,fail_cases = 18,fault = 80&85&86,
SUCCESS;310:edges = 377,fail_cases = 18,fault = 80&81&85&86,
SUCCESS;311:edges = 378,fail_cases = 18,fault = 80&81&82&85&86,
SUCCESS;312:edges = 379,fail_cases = 18,fault = 80&81&82&83&85&86,
SUCCESS;313:edges = 380,fail_cases = 18,fault = 80&81&82&83&84&85&86,
SUCCESS;314:edges = 382,fail_cases = 18,fault = 85&86&87,
SUCCESS;315:edges = 383,fail_cases = 18,fault = 80&85&86&87,
SUCCESS;316:edges = 384,fail_cases = 18,fault = 80&81&85&86&87,
SUCCESS;317:edges = 385,fail_cases = 18,fault = 80&81&82&85&86&87,
SUCCESS;318:edges = 386,fail_cases = 18,fault = 80&81&82&83&85&86&87,
SUCCESS;319:edges = 387,fail_cases = 18,fault = 80&81&82&83&84&85&86&87,
SUCCESS;320:edges = 389,fail_cases = 18,fault = 88&85&86&87,
SUCCESS;321:edges = 390,fail_cases = 18,fault = 88&80&85&86&87,
SUCCESS;322:edges = 391,fail_cases = 18,fault = 88&80&81&85&86&87,
SUCCESS;323:edges = 392,fail_cases = 18,fault = 88&80&81&82&85&86&87,
SUCCESS;324:edges = 393,fail_cases = 18,fault = 88&80&81&82&83&85&86&87,
SUCCESS;325:edges = 394,fail_cases = 18,fault = 88&80&81&82&83&84&85&86&87,
SUCCESS;326:edges = 396,fail_cases = 18,fault = 88&89&85&86&87,
SUCCESS;327:edges = 397,fail_cases = 18,fault = 88&89&80&85&86&87,
SUCCESS;328:edges = 398,fail_cases = 18,fault = 88&89&80&81&85&86&87,
SUCCESS;329:edges = 399,fail_cases = 18,fault = 88&89&80&81&82&85&86&87,
SUCCESS;330:edges = 400,fail_cases = 18,fault = 88&89&80&81&82&83&85&86&87,
SUCCESS;331:edges = 401,fail_cases = 18,fault = 88&89&80&81&82&83&84&85&86&87,
SUCCESS;332:edges = 403,fail_cases = 18,fault = 88&89&90&85&86&87,
SUCCESS;333:edges = 404,fail_cases = 18,fault = 88&89&90&80&85&86&87,
SUCCESS;334:edges = 405,fail_cases = 18,fault = 88&89&90&80&81&85&86&87,
SUCCESS;335:edges = 406,fail_cases = 18,fault = 88&89&90&80&81&82&85&86&87,
SUCCESS;336:edges = 407,fail_cases = 18,fault = 88&89&90&80&81&82&83&85&86&87,
SUCCESS;337:edges = 408,fail_cases = 18,fault = 88&89&90&80&81&82&83&84&85&86&87,
SUCCESS;338:edges = 410,fail_cases = 18,fault = 88&89&90&91&85&86&87,
SUCCESS;339:edges = 411,fail_cases = 18,fault = 88&89&90&91&80&85&86&87,
SUCCESS;340:edges = 412,fail_cases = 18,fault = 88&89&90&91&80&81&85&86&87,
SUCCESS;341:edges = 413,fail_cases = 18,fault = 88&89&90&91&80&81&82&85&86&87,
SUCCESS;342:edges = 414,fail_cases = 18,fault = 88&89&90&91&80&81&82&83&85&86&87,
SUCCESS;343:edges = 415,fail_cases = 18,fault = 88&89&90&91&80&81&82&83&84&85&86&87,
FAIL;344:edges = 415,fail_cases = 19,fault = 88&89&90&91&92&85&86&87,
SUCCESS;345:edges = 417,fail_cases = 19,fault = 96,
SUCCESS;346:edges = 418,fail_cases = 19,fault = 96&85,
SUCCESS;347:edges = 419,fail_cases = 19,fault = 96&85&86,
SUCCESS;348:edges = 420,fail_cases = 19,fault = 96&85&86&87,
SUCCESS;349:edges = 421,fail_cases = 19,fault = 88&96&85&86&87,
SUCCESS;350:edges = 422,fail_cases = 19,fault = 88&89&96&85&86&87,
SUCCESS;351:edges = 423,fail_cases = 19,fault = 88&89&90&96&85&86&87,
SUCCESS;352:edges = 424,fail_cases = 19,fault = 88&89&90&91&96&85&86&87,
SUCCESS;353:edges = 426,fail_cases = 19,fault = 96&97,
SUCCESS;354:edges = 427,fail_cases = 19,fault = 96&85&97,
SUCCESS;355:edges = 428,fail_cases = 19,fault = 96&85&97&86,
SUCCESS;356:edges = 429,fail_cases = 19,fault = 96&85&97&86&87,
SUCCESS;357:edges = 430,fail_cases = 19,fault = 88&96&85&97&86&87,
SUCCESS;358:edges = 431,fail_cases = 19,fault = 88&89&96&85&97&86&87,
SUCCESS;359:edges = 432,fail_cases = 19,fault = 88&89&90&96&85&97&86&87,
SUCCESS;360:edges = 433,fail_cases = 19,fault = 88&89&90&91&96&85&97&86&87,
SUCCESS;361:edges = 435,fail_cases = 19,fault = 93&96&97,
SUCCESS;362:edges = 436,fail_cases = 19,fault = 93&96&85&97,
SUCCESS;363:edges = 437,fail_cases = 19,fault = 93&96&85&97&86,
SUCCESS;364:edges = 438,fail_cases = 19,fault = 93&96&85&97&86&87,
SUCCESS;365:edges = 439,fail_cases = 19,fault = 88&93&96&85&97&86&87,
SUCCESS;366:edges = 440,fail_cases = 19,fault = 88&89&93&96&85&97&86&87,
SUCCESS;367:edges = 441,fail_cases = 19,fault = 88&89&90&93&96&85&97&86&87,
SUCCESS;368:edges = 442,fail_cases = 19,fault = 88&89&90&91&93&96&85&97&86&87,
SUCCESS;369:edges = 444,fail_cases = 19,fault = 93&94&96&97,
SUCCESS;370:edges = 445,fail_cases = 19,fault = 93&94&96&85&97,
SUCCESS;371:edges = 446,fail_cases = 19,fault = 93&94&96&85&97&86,
SUCCESS;372:edges = 447,fail_cases = 19,fault = 93&94&96&85&97&86&87,
SUCCESS;373:edges = 448,fail_cases = 19,fault = 88&93&94&96&85&97&86&87,
SUCCESS;374:edges = 449,fail_cases = 19,fault = 88&89&93&94&96&85&97&86&87,
SUCCESS;375:edges = 450,fail_cases = 19,fault = 88&89&90&93&94&96&85&97&86&87,
SUCCESS;376:edges = 451,fail_cases = 19,fault = 88&89&90&91&93&94&96&85&97&86&87,
FAIL;377:edges = 451,fail_cases = 20,fault = 93&94&95&96&97,
SUCCESS;378:edges = 453,fail_cases = 20,fault = 98,
SUCCESS;379:edges = 454,fail_cases = 20,fault = 96&98,
SUCCESS;380:edges = 455,fail_cases = 20,fault = 96&97&98,
SUCCESS;381:edges = 456,fail_cases = 20,fault = 93&96&97&98,
SUCCESS;382:edges = 457,fail_cases = 20,fault = 93&94&96&97&98,
SUCCESS;383:edges = 459,fail_cases = 20,fault = 99&98,
SUCCESS;384:edges = 460,fail_cases = 20,fault = 99&96&98,
SUCCESS;385:edges = 461,fail_cases = 20,fault = 99&96&97&98,
SUCCESS;386:edges = 462,fail_cases = 20,fault = 99&93&96&97&98,
SUCCESS;387:edges = 463,fail_cases = 20,fault = 99&93&94&96&97&98,
FAIL;388:edges = 463,fail_cases = 21,fault = 99&100&98,
SUCCESS;389:edges = 465,fail_cases = 21,fault = 101,
SUCCESS;390:edges = 466,fail_cases = 21,fault = 101&98,
SUCCESS;391:edges = 467,fail_cases = 21,fault = 99&101&98,
SUCCESS;392:edges = 469,fail_cases = 21,fault = 101&102,
SUCCESS;393:edges = 470,fail_cases = 21,fault = 101&102&98,
SUCCESS;394:edges = 471,fail_cases = 21,fault = 99&101&102&98,
FAIL;395:edges = 471,fail_cases = 22,fault = 101&102&103,
SUCCESS;396:edges = 473,fail_cases = 22,fault = 104,
SUCCESS;397:edges = 474,fail_cases = 22,fault = 101&104,
SUCCESS;398:edges = 475,fail_cases = 22,fault = 101&102&104,
SUCCESS;399:edges = 477,fail_cases = 22,fault = 104&105,
SUCCESS;400:edges = 478,fail_cases = 22,fault = 101&104&105,
SUCCESS;401:edges = 479,fail_cases = 22,fault = 101&102&104&105,
FAIL;402:edges = 479,fail_cases = 23,fault = 104&105&106,
SUCCESS;403:edges = 480,fail_cases = 23,fault = 112,
SUCCESS;404:edges = 481,fail_cases = 23,fault = 112&104,
SUCCESS;405:edges = 482,fail_cases = 23,fault = 112&104&105,
SUCCESS;406:edges = 483,fail_cases = 23,fault = 112&107,
SUCCESS;407:edges = 484,fail_cases = 23,fault = 112&104&107,
SUCCESS;408:edges = 485,fail_cases = 23,fault = 112&104&105&107,
SUCCESS;409:edges = 486,fail_cases = 23,fault = 112&107&108,
SUCCESS;410:edges = 487,fail_cases = 23,fault = 112&104&107&108,
SUCCESS;411:edges = 488,fail_cases = 23,fault = 112&104&105&107&108,
SUCCESS;412:edges = 489,fail_cases = 23,fault = 112&107&108&109,
SUCCESS;413:edges = 490,fail_cases = 23,fault = 112&104&107&108&109,
SUCCESS;414:edges = 491,fail_cases = 23,fault = 112&104&105&107&108&109,
SUCCESS;415:edges = 492,fail_cases = 23,fault = 110&112&107&108&109,
SUCCESS;416:edges = 493,fail_cases = 23,fault = 110&112&104&107&108&109,
SUCCESS;417:edges = 494,fail_cases = 23,fault = 110&112&104&105&107&108&109,
FAIL;418:edges = 494,fail_cases = 24,fault = 110&111&112&107&108&109,