SUCCESS;0:edges = 11,fail_cases = 0,fault = ,
SUCCESS;1:edges = 12,fail_cases = 0,fault = 1,
FAIL;2:edges = 12,fail_cases = 1,fault = 1&2,
SUCCESS;3:edges = 14,fail_cases = 1,fault = 3,
SUCCESS;4:edges = 15,fail_cases = 1,fault = 1&3,
SUCCESS;5:edges = 17,fail_cases = 1,fault = 3&4,
SUCCESS;6:edges = 18,fail_cases = 1,fault = 1&3&4,
SUCCESS;7:edges = 20,fail_cases = 1,fault = 3&4&5,
SUCCESS;8:edges = 21,fail_cases = 1,fault = 1&3&4&5,
SUCCESS;9:edges = 23,fail_cases = 1,fault = 3&4&5&6,
SUCCESS;10:edges = 24,fail_cases = 1,fault = 1&3&4&5&6,
FAIL;11:edges = 24,fail_cases = 2,fault = 3&4&5&6&7,
SUCCESS;12:edges = 26,fail_cases = 2,fault = 8,
SUCCESS;13:edges = 27,fail_cases = 2,fault = 3&8,
SUCCESS;14:edges = 28,fail_cases = 2,fault = 3&4&8,
SUCCESS;15:edges = 29,fail_cases = 2,fault = 3&4&5&8,
SUCCESS;16:edges = 30,fail_cases = 2,fault = 3&4&5&6&8,
SUCCESS;17:edges = 32,fail_cases = 2,fault = 8&9,
SUCCESS;18:edges = 33,fail_cases = 2,fault = 3&8&9,
SUCCESS;19:edges = 34,fail_cases = 2,fault = 3&4&8&9,
SUCCESS;20:edges = 35,fail_cases = 2,fault = 3&4&5&8&9,
SUCCESS;21:edges = 36,fail_cases = 2,fault = 3&4&5&6&8&9,
SUCCESS;22:edges = 38,fail_cases = 2,fault = 8&9&10,
SUCCESS;23:edges = 39,fail_cases = 2,fault = 3&8&9&10,
SUCCESS;24:edges = 40,fail_cases = 2,fault = 3&4&8&9&10,
SUCCESS;25:edges = 41,fail_cases = 2,fault = 3&4&5&8&9&10,
SUCCESS;26:edges = 42,fail_cases = 2,fault = 3&4&5&6&8&9&10,
SUCCESS;27:edges = 44,fail_cases = 2,fault = 11&8&9&10,
SUCCESS;28:edges = 45,fail_cases = 2,fault = 11&3&8&9&10,
SUCCESS;29:edges = 46,fail_cases = 2,fault = 11&3&4&8&9&10,
SUCCESS;30:edges = 47,fail_cases = 2,fault = 11&3&4&5&8&9&10,
SUCCESS;31:edges = 48,fail_cases = 2,fault = 11&3&4&5&6&8&9&10,
SUCCESS;32:edges = 50,fail_cases = 2,fault = 11&12&8&9&10,
SUCCESS;33:edges = 51,fail_cases = 2,fault = 11&12&3&8&9&10,
SUCCESS;34:edges = 52,fail_cases = 2,fault = 11&12&3&4&8&9&10,
SUCCESS;35:edges = 53,fail_cases = 2,fault = 11&12&3&4&5&8&9&10,
SUCCESS;36:edges = 54,fail_cases = 2,fault = 11&12&3&4&5&6&8&9&10,
SUCCESS;37:edges = 56,fail_cases = 2,fault = 11&12&13&8&9&10,
SUCCESS;38:edges = 57,fail_cases = 2,fault = 11&12&13&3&8&9&10,
SUCCESS;39:edges = 58,fail_cases = 2,fault = 11&12&13&3&4&8&9&10,
SUCCESS;40:edges = 59,fail_cases = 2,fault = 11&12&13&3&4&5&8&9&10,
SUCCESS;41:edges = 60,fail_cases = 2,fault = 11&12&13&3&4&5&6&8&9&10,
SUCCESS;42:edges = 62,fail_cases = 2,fault = 11&12&13&14&8&9&10,
SUCCESS;43:edges = 63,fail_cases = 2,fault = 11&12&13&14&3&8&9&10,
SUCCESS;44:edges = 64,fail_cases = 2,fault = 11&12&13&14&3&4&8&9&10,
SUCCESS;45:edges = 65,fail_cases = 2,fault = 11&12&13&14&3&4&5&8&9&10,
SUCCESS;46:edges = 66,fail_cases = 2,fault = 11&12&13&14&3&4&5&6&8&9&10,
FAIL;47:edges = 66,fail_cases = 3,fault = 11&12&13&14&15&8&9&10,
SUCCESS;48:edges = 68,fail_cases = 3,fault = 16,
SUCCESS;49:edges = 69,fail_cases = 3,fault = 16&8,
SUCCESS;50:edges = 70,fail_cases = 3,fault = 16&8&9,
SUCCESS;51:edges = 71,fail_cases = 3,fault = 16&8&9&10,
SUCCESS;52:edges = 72,fail_cases = 3,fault = 11&16&8&9&10,
SUCCESS;53:edges = 73,fail_cases = 3,fault = 11&12&16&8&9&10,
SUCCESS;54:edges = 74,fail_cases = 3,fault = 11&12&13&16&8&9&10,
SUCCESS;55:edges = 75,fail_cases = 3,fault = 11&12&13&14&16&8&9&10,
FAIL;56:edges = 75,fail_cases = 4,fault = 16&17,
SUCCESS;57:edges = 77,fail_cases = 4,fault = 18,
SUCCESS;58:edges = 78,fail_cases = 4,fault = 16&18,
SUCCESS;59:edges = 80,fail_cases = 4,fault = 18&19,
SUCCESS;60:edges = 81,fail_cases = 4,fault = 16&18&19,
SUCCESS;61:edges = 83,fail_cases = 4,fault = 18&19&20,
SUCCESS;62:edges = 84,fail_cases = 4,fault = 16&18&19&20,
SUCCESS;63:edges = 86,fail_cases = 4,fault = 18&19&20&21,
SUCCESS;64:edges = 87,fail_cases = 4,fault = 16&18&19&20&21,
SUCCESS;65:edges = 89,fail_cases = 4,fault = 22&18&19&20&21,
SUCCESS;66:edges = 90,fail_cases = 4,fault = 22&16&18&19&20&21,
SUCCESS;67:edges = 92,fail_cases = 4,fault = 22&23&18&19&20&21,
SUCCESS;68:edges = 93,fail_cases = 4,fault = 22&23&16&18&19&20&21,
SUCCESS;69:edges = 95,fail_cases = 4,fault = 22&23&24&18&19&20&21,
SUCCESS;70:edges = 96,fail_cases = 4,fault = 22&23&24&16&18&19&20&21,
FAIL;71:edges = 96,fail_cases = 5,fault = 22&23&24&25&18&19&20&21,
SUCCESS;72:edges = 98,fail_cases = 5,fault = 26,
SUCCESS;73:edges = 99,fail_cases = 5,fault = 26&18,
SUCCESS;74:edges = 100,fail_cases = 5,fault = 26&18&19,
SUCCESS;75:edges = 101,fail_cases = 5,fault = 26&18&19&20,
SUCCESS;76:edges = 102,fail_cases = 5,fault = 26&18&19&20&21,
SUCCESS;77:edges = 103,fail_cases = 5,fault = 22&26&18&19&20&21,
SUCCESS;78:edges = 104,fail_cases = 5,fault = 22&23&26&18&19&20&21,
SUCCESS;79:edges = 105,fail_cases = 5,fault = 22&23&24&26&18&19&20&21,
SUCCESS;80:edges = 107,fail_cases = 5,fault = 26&27,
SUCCESS;81:edges = 108,fail_cases = 5,fault = 26&27&18,
SUCCESS;82:edges = 109,fail_cases = 5,fault = 26&27&18&19,
SUCCESS;83:edges = 110,fail_cases = 5,fault = 26&27&18&19&20,
SUCCESS;84:edges = 111,fail_cases = 5,fault = 26&27&18&19&20&21,
SUCCESS;85:edges = 112,fail_cases = 5,fault = 22&26&27&18&19&20&21,
SUCCESS;86:edges = 113,fail_cases = 5,fault = 22&23&26&27&18&19&20&21,
SUCCESS;87:edges = 114,fail_cases = 5,fault = 22&23&24&26&27&18&19&20&21,
SUCCESS;88:edges = 116,fail_cases = 5,fault = 26&27&28,
SUCCESS;89:edges = 117,fail_cases = 5,fault = 26&27&28&18,
SUCCESS;90:edges = 118,fail_cases = 5,fault = 26&27&28&18&19,
SUCCESS;91:edges = 119,fail_cases = 5,fault = 26&27&28&18&19&20,
SUCCESS;92:edges = 120,fail_cases = 5,fault = 26&27&28&18&19&20&21,
SUCCESS;93:edges = 121,fail_cases = 5,fault = 22&26&27&28&18&19&20&21,
SUCCESS;94:edges = 122,fail_cases = 5,fault = 22&23&26&27&28&18&19&20&21,
SUCCESS;95:edges = 123,fail_cases = 5,fault = 22&23&24&26&27&28&18&19&20&21,
SUCCESS;96:edges = 125,fail_cases = 5,fault = 26&27&28&29,
SUCCESS;97:edges = 126,fail_cases = 5,fault = 26&27&28&29&18,
SUCCESS;98:edges = 127,fail_cases = 5,fault = 26&27&28&29&18&19,
SUCCESS;99:edges = 128,fail_cases = 5,fault = 26&27&28&29&18&19&20,
SUCCESS;100:edges = 129,fail_cases = 5,fault = 26&27&28&29&18&19&20&21,
SUCCESS;101:edges = 130,fail_cases = 5,fault = 22&26&27&28&29&18&19&20&21,
SUCCESS;102:edges = 131,fail_cases = 5,fault = 22&23&26&27&28&29&18&19&20&21,
SUCCESS;103:edges = 132,fail_cases = 5,fault = 22&23&24&26&27&28&29&18&19&20&21,
FAIL;104:edges = 132,fail_cases = 6,fault = 26&27&28&29&30,
SUCCESS;105:edges = 134,fail_cases = 6,fault = 32,
SUCCESS;106:edges = 135,fail_cases = 6,fault = 26&32,
SUCCESS;107:edges = 136,fail_cases = 6,fault = 26&27&32,
SUCCESS;108:edges = 137,fail_cases = 6,fault = 26&27&28&32,
SUCCESS;109:edges = 138,fail_cases = 6,fault = 26&27&28&29&32,
SUCCESS;110:edges = 140,fail_cases = 6,fault = 33&32,
SUCCESS;111:edges = 141,fail_cases = 6,fault = 33&26&32,
SUCCESS;112:edges = 142,fail_cases = 6,fault = 33&26&27&32,
SUCCESS;113:edges = 143,fail_cases = 6,fault = 33&26&27&28&32,
SUCCESS;114:edges = 144,fail_cases = 6,fault = 33&26&27&28&29&32,
SUCCESS;115:edges = 146,fail_cases = 6,fault = 33&34&32,
SUCCESS;116:edges = 147,fail_cases = 6,fault = 33&34&26&32,
SUCCESS;117:edges = 148,fail_cases = 6,fault = 33&34&26&27&32,
SUCCESS;118:edges = 149,fail_cases = 6,fault = 33&34&26&27&28&32,
FAIL;119:edges = 149,fail_cases = 7,fault = 33&34&26&27&28&29&32,
FAIL;120:edges = 149,fail_cases = 8,fault = 33&34&31&32,
SUCCESS;121:edges = 151,fail_cases = 8,fault = 35,
SUCCESS;122:edges = 152,fail_cases = 8,fault = 35&32,
SUCCESS;123:edges = 153,fail_cases = 8,fault = 33&35&32,
SUCCESS;124:edges = 154,fail_cases = 8,fault = 33&34&35&32,
SUCCESS;125:edges = 156,fail_cases = 8,fault = 35&36,
SUCCESS;126:edges = 157,fail_cases = 8,fault = 35&36&32,
SUCCESS;127:edges = 158,fail_cases = 8,fault = 33&35&36&32,
SUCCESS;128:edges = 159,fail_cases = 8,fault = 33&34&35&36&32,
SUCCESS;129:edges = 161,fail_cases = 8,fault = 35&36&37,
SUCCESS;130:edges = 162,fail_cases = 8,fault = 35&36&37&32,
SUCCESS;131:edges = 163,fail_cases = 8,fault = 33&35&36&37&32,
SUCCESS;132:edges = 164,fail_cases = 8,fault = 33&34&35&36&37&32,
SUCCESS;133:edges = 166,fail_cases = 8,fault = 35&36&37&38,
SUCCESS;134:edges = 167,fail_cases = 8,fault = 35&36&37&38&32,
SUCCESS;135:edges = 168,fail_cases = 8,fault = 33&35&36&37&38&32,
SUCCESS;136:edges = 169,fail_cases = 8,fault = 33&34&35&36&37&38&32,
SUCCESS;137:edges = 171,fail_cases = 8,fault = 35&36&37&38&39,
SUCCESS;138:edges = 172,fail_cases = 8,fault = 35&36&37&38&39&32,
SUCCESS;139:edges = 173,fail_cases = 8,fault = 33&35&36&37&38&39&32,
SUCCESS;140:edges = 174,fail_cases = 8,fault = 33&34&35&36&37&38&39&32,
SUCCESS;141:edges = 176,fail_cases = 8,fault = 35&36&37&38&39&40,
SUCCESS;142:edges = 177,fail_cases = 8,fault = 35&36&37&38&39&40&32,
SUCCESS;143:edges = 178,fail_cases = 8,fault = 33&35&36&37&38&39&40&32,
SUCCESS;144:edges = 179,fail_cases = 8,fault = 33&34&35&36&37&38&39&40&32,
FAIL;145:edges = 179,fail_cases = 9,fault = 35&36&37&38&39&40&41,
SUCCESS;146:edges = 181,fail_cases = 9,fault = 42,
SUCCESS;147:edges = 182,fail_cases = 9,fault = 35&42,
SUCCESS;148:edges = 183,fail_cases = 9,fault = 35&36&42,
SUCCESS;149:edges = 184,fail_cases = 9,fault = 35&36&37&42,
SUCCESS;150:edges = 185,fail_cases = 9,fault = 35&36&37&38&42,
SUCCESS;151:edges = 186,fail_cases = 9,fault = 35&36&37&38&39&42,
SUCCESS;152:edges = 187,fail_cases = 9,fault = 35&36&37&38&39&40&42,
SUCCESS;153:edges = 189,fail_cases = 9,fault = 42&43,
SUCCESS;154:edges = 190,fail_cases = 9,fault = 35&42&43,
SUCCESS;155:edges = 191,fail_cases = 9,fault = 35&36&42&43,
SUCCESS;156:edges = 192,fail_cases = 9,fault = 35&36&37&42&43,
SUCCESS;157:edges = 193,fail_cases = 9,fault = 35&36&37&38&42&43,
SUCCESS;158:edges = 194,fail_cases = 9,fault = 35&36&37&38&39&42&43,
SUCCESS;159:edges = 195,fail_cases = 9,fault = 35&36&37&38&39&40&42&43,
SUCCESS;160:edges = 197,fail_cases = 9,fault = 44&42&43,
SUCCESS;161:edges = 198,fail_cases = 9,fault = 44&35&42&43,
SUCCESS;162:edges = 199,fail_cases = 9,fault = 44&35&36&42&43,
SUCCESS;163:edges = 200,fail_cases = 9,fault = 44&35&36&37&42&43,
SUCCESS;164:edges = 201,fail_cases = 9,fault = 44&35&36&37&38&42&43,
SUCCESS;165:edges = 202,fail_cases = 9,fault = 44&35&36&37&38&39&42&43,
SUCCESS;166:edges = 203,fail_cases = 9,fault = 44&35&36&37&38&39&40&42&43,
FAIL;167:edges = 203,fail_cases = 10,fault = 44&45&42&43,
SUCCESS;168:edges = 205,fail_cases = 10,fault = 48,
SUCCESS;169:edges = 206,fail_cases = 10,fault = 48&42,
SUCCESS;170:edges = 207,fail_cases = 10,fault = 48&42&43,
SUCCESS;171:edges = 208,fail_cases = 10,fault = 44&48&42&43,
SUCCESS;172:edges = 210,fail_cases = 10,fault = 48&49,
SUCCESS;173:edges = 211,fail_cases = 10,fault = 48&49&42,
SUCCESS;174:edges = 212,fail_cases = 10,fault = 48&49&42&43,
SUCCESS;175:edges = 213,fail_cases = 10,fault = 44&48&49&42&43,
SUCCESS;176:edges = 215,fail_cases = 10,fault = 46&48&49,
SUCCESS;177:edges = 216,fail_cases = 10,fault = 46&48&49&42,
SUCCESS;178:edges = 217,fail_cases = 10,fault = 46&48&49&42&43,
SUCCESS;179:edges = 218,fail_cases = 10,fault = 44&46&48&49&42&43,
FAIL;180:edges = 218,fail_cases = 11,fault = 46&47&48&49,
SUCCESS;181:edges = 220,fail_cases = 11,fault = 50,
SUCCESS;182:edges = 221,fail_cases = 11,fault = 48&50,
SUCCESS;183:edges = 222,fail_cases = 11,fault = 48&49&50,
SUCCESS;184:edges = 223,fail_cases = 11,fault = 46&48&49&50,
SUCCESS;185:edges = 225,fail_cases = 11,fault = 50&51,
SUCCESS;186:edges = 226,fail_cases = 11,fault = 48&50&51,
SUCCESS;187:edges = 227,fail_cases = 11,fault = 48&49&50&51,
SUCCESS;188:edges = 228,fail_cases = 11,fault = 46&48&49&50&51,
SUCCESS;189:edges = 230,fail_cases = 11,fault = 50&51&52,
SUCCESS;190:edges = 231,fail_cases = 11,fault = 48&50&51&52,
SUCCESS;191:edges = 232,fail_cases = 11,fault = 48&49&50&51&52,
SUCCESS;192:edges = 233,fail_cases = 11,fault = 46&48&49&50&51&52,
SUCCESS;193:edges = 235,fail_cases = 11,fault = 50&51&52&53,
SUCCESS;194:edges = 236,fail_cases = 11,fault = 48&50&51&52&53,
SUCCESS;195:edges = 237,fail_cases = 11,fault = 48&49&50&51&52&53,
SUCCESS;196:edges = 238,fail_cases = 11,fault = 46&48&49&50&51&52&53,
SUCCESS;197:edges = 240,fail_cases = 11,fault = 50&51&52&53&54,
SUCCESS;198:edges = 241,fail_cases = 11,fault = 48&50&51&52&53&54,
SUCCESS;199:edges = 242,fail_cases = 11,fault = 48&49&50&51&52&53&54,
SUCCESS;200:edges = 243,fail_cases = 11,fault = 46&48&49&50&51&52&53&54,
FAIL;201:edges = 243,fail_cases = 12,fault = 55&50&51&52&53&54,
SUCCESS;202:edges = 244,fail_cases = 12,fault = 56,
SUCCESS;203:edges = 245,fail_cases = 12,fault = 56&50,
SUCCESS;204:edges = 246,fail_cases = 12,fault = 56&50&51,
SUCCESS;205:edges = 247,fail_cases = 12,fault = 56&50&51&52,
SUCCESS;206:edges = 248,fail_cases = 12,fault = 56&50&51&52&53,
SUCCESS;207:edges = 249,fail_cases = 12,fault = 56&50&51&52&53&54,
SUCCESS;208:edges = 250,fail_cases = 12,fault = 56&57,
SUCCESS;209:edges = 251,fail_cases = 12,fault = 56&57&50,
SUCCESS;210:edges = 252,fail_cases = 12,fault = 56&57&50&51,
SUCCESS;211:edges = 253,fail_cases = 12,fault = 56&57&50&51&52,
SUCCESS;212:edges = 254,fail_cases = 12,fault = 56&57&50&51&52&53,
SUCCESS;213:edges = 255,fail_cases = 12,fault = 56&57&50&51&52&53&54,
SUCCESS;214:edges = 256,fail_cases = 12,fault = 56&57&58,
SUCCESS;215:edges = 257,fail_cases = 12,fault = 56&57&58&50,
SUCCESS;216:edges = 258,fail_cases = 12,fault = 56&57&58&50&51,
SUCCESS;217:edges = 259,fail_cases = 12,fault = 56&57&58&50&51&52,
SUCCESS;218:edges = 260,fail_cases = 12,fault = 56&57&58&50&51&52&53,
SUCCESS;219:edges = 261,fail_cases = 12,fault = 56&57&58&50&51&52&53&54,
SUCCESS;220:edges = 262,fail_cases = 12,fault = 56&57&58&59,
SUCCESS;221:edges = 263,fail_cases = 12,fault = 56&57&58&59&50,
SUCCESS;222:edges = 264,fail_cases = 12,fault = 56&57&58&59&50&51,
SUCCESS;223:edges = 265,fail_cases = 12,fault = 56&57&58&59&50&51&52,
SUCCESS;224:edges = 266,fail_cases = 12,fault = 56&57&58&59&50&51&52&53,
SUCCESS;225:edges = 267,fail_cases = 12,fault = 56&57&58&59&50&51&52&53&54,
FAIL;226:edges = 267,fail_cases = 13,fault = 56&57&58&59&60,