SUCCESS;0:edges = 14,fail_cases = 0,fault = ,
SUCCESS;1:edges = 15,fail_cases = 0,fault = 1,
SUCCESS;2:edges = 16,fail_cases = 0,fault = 1&2,
SUCCESS;3:edges = 17,fail_cases = 0,fault = 1&2&3,
FAIL;4:edges = 17,fail_cases = 1,fault = 1&2&3&4,
SUCCESS;5:edges = 19,fail_cases = 1,fault = 5,
SUCCESS;6:edges = 20,fail_cases = 1,fault = 1&5,
SUCCESS;7:edges = 21,fail_cases = 1,fault = 1&2&5,
SUCCESS;8:edges = 22,fail_cases = 1,fault = 1&2&3&5,
SUCCESS;9:edges = 24,fail_cases = 1,fault = 5&6,
SUCCESS;10:edges = 25,fail_cases = 1,fault = 1&5&6,
SUCCESS;11:edges = 26,fail_cases = 1,fault = 1&2&5&6,
SUCCESS;12:edges = 27,fail_cases = 1,fault = 1&2&3&5&6,
SUCCESS;13:edges = 29,fail_cases = 1,fault = 5&6&7,
SUCCESS;14:edges = 30,fail_cases = 1,fault = 1&5&6&7,
SUCCESS;15:edges = 31,fail_cases = 1,fault = 1&2&5&6&7,
SUCCESS;16:edges = 32,fail_cases = 1,fault = 1&2&3&5&6&7,
SUCCESS;17:edges = 34,fail_cases = 1,fault = 5&6&7&8,
SUCCESS;18:edges = 35,fail_cases = 1,fault = 1&5&6&7&8,
SUCCESS;19:edges = 36,fail_cases = 1,fault = 1&2&5&6&7&8,
SUCCESS;20:edges = 37,fail_cases = 1,fault = 1&2&3&5&6&7&8,
SUCCESS;21:edges = 39,fail_cases = 1,fault = 5&6&7&8&9,
SUCCESS;22:edges = 40,fail_cases = 1,fault = 1&5&6&7&8&9,
SUCCESS;23:edges = 41,fail_cases = 1,fault = 1&2&5&6&7&8&9,
SUCCESS;24:edges = 42,fail_cases = 1,fault = 1&2&3&5&6&7&8&9,
FAIL;25:edges = 42,fail_cases = 2,fault = 5&6&7&8&9&10,
SUCCESS;26:edges = 44,fail_cases = 2,fault = 16,
SUCCESS;27:edges = 45,fail_cases = 2,fault = 16&5,
SUCCESS;28:edges = 46,fail_cases = 2,fault = 16&5&6,
SUCCESS;29:edges = 47,fail_cases = 2,fault = 16&5&6&7,
SUCCESS;30:edges = 48,fail_cases = 2,fault = 16&5&6&7&8,
SUCCESS;31:edges = 49,fail_cases = 2,fault = 16&5&6&7&8&9,
SUCCESS;32:edges = 51,fail_cases = 2,fault = 11&16,
SUCCESS;33:edges = 52,fail_cases = 2,fault = 11&16&5,
SUCCESS;34:edges = 53,fail_cases = 2,fault = 11&16&5&6,
SUCCESS;35:edges = 54,fail_cases = 2,fault = 11&16&5&6&7,
SUCCESS;36:edges = 55,fail_cases = 2,fault = 11&16&5&6&7&8,
SUCCESS;37:edges = 56,fail_cases = 2,fault = 11&16&5&6&7&8&9,
SUCCESS;38:edges = 58,fail_cases = 2,fault = 11&12&16,
SUCCESS;39:edges = 59,fail_cases = 2,fault = 11&12&16&5,
SUCCESS;40:edges = 60,fail_cases = 2,fault = 11&12&16&5&7,
SUCCESS;41:edges = 61,fail_cases = 2,fault = 11&12&16&5&7&8,
SUCCESS;42:edges = 63,fail_cases = 2,fault = 11&12&16&5&7&8&10,
SUCCESS;43:edges = 64,fail_cases = 2,fault = 11&12&13&16&6,
SUCCESS;44:edges = 65,fail_cases = 2,fault = 11&12&13&16&5&6,
SUCCESS;45:edges = 66,fail_cases = 2,fault = 11&12&16&5&6&7&8&10,
SUCCESS;46:edges = 67,fail_cases = 2,fault = 11&12&13&16&5&6&7&9,
SUCCESS;47:edges = 69,fail_cases = 2,fault = 11&12&14&16&5&7&8&10,
FAIL;48:edges = 69,fail_cases = 3,fault = 11&12&14&15&16&5&7&8&10,
SUCCESS;49:edges = 70,fail_cases = 3,fault = 11&12&13&14&16&6,
SUCCESS;50:edges = 71,fail_cases = 3,fault = 11&12&14&16&5&6&7&8&10,
SUCCESS;51:edges = 72,fail_cases = 3,fault = 11&12&13&14&16&5&6&9,
SUCCESS;52:edges = 73,fail_cases = 3,fault = 11&12&13&14&16&5&6&7&9,
SUCCESS;53:edges = 74,fail_cases = 3,fault = 11&12&13&16&5&6&7&8&9,
SUCCESS;54:edges = 75,fail_cases = 3,fault = 11&12&13&14&16&5&6&7&8&9,
FAIL;55:edges = 75,fail_cases = 4,fault = 11&12&13&14&15&16,
SUCCESS;56:edges = 77,fail_cases = 4,fault = 17,
SUCCESS;57:edges = 78,fail_cases = 4,fault = 16&17,
SUCCESS;58:edges = 79,fail_cases = 4,fault = 11&16&17,
SUCCESS;59:edges = 80,fail_cases = 4,fault = 11&12&16&17,
SUCCESS;60:edges = 81,fail_cases = 4,fault = 11&12&16&5&17&7&8&10,
SUCCESS;61:edges = 82,fail_cases = 4,fault = 11&12&14&16&5&17&7&8&10,
FAIL;62:edges = 82,fail_cases = 5,fault = 17&18,
SUCCESS;63:edges = 84,fail_cases = 5,fault = 19,
SUCCESS;64:edges = 85,fail_cases = 5,fault = 17&19,
SUCCESS;65:edges = 87,fail_cases = 5,fault = 19&20,
SUCCESS;66:edges = 88,fail_cases = 5,fault = 17&19&20,
FAIL;67:edges = 88,fail_cases = 6,fault = 19&20&21,
SUCCESS;68:edges = 90,fail_cases = 6,fault = 22,
SUCCESS;69:edges = 91,fail_cases = 6,fault = 22&19,
SUCCESS;70:edges = 92,fail_cases = 6,fault = 22&19&20,
SUCCESS;71:edges = 94,fail_cases = 6,fault = 22&23,
SUCCESS;72:edges = 95,fail_cases = 6,fault = 22&23&19,
SUCCESS;73:edges = 96,fail_cases = 6,fault = 22&23&19&20,
SUCCESS;74:edges = 98,fail_cases = 6,fault = 22&23&24,
SUCCESS;75:edges = 99,fail_cases = 6,fault = 22&23&24&19,
SUCCESS;76:edges = 100,fail_cases = 6,fault = 22&23&24&19&20,
SUCCESS;77:edges = 102,fail_cases = 6,fault = 22&23&24&25,
SUCCESS;78:edges = 103,fail_cases = 6,fault = 22&23&24&25&19,
SUCCESS;79:edges = 104,fail_cases = 6,fault = 22&23&24&25&19&20,
SUCCESS;80:edges = 106,fail_cases = 6,fault = 22&23&24&25&26,
SUCCESS;81:edges = 107,fail_cases = 6,fault = 22&23&24&25&26&19,
SUCCESS;82:edges = 108,fail_cases = 6,fault = 22&23&24&25&26&19&20,
FAIL;83:edges = 108,fail_cases = 7,fault = 22&23&24&25&26&27,
SUCCESS;84:edges = 110,fail_cases = 7,fault = 28,
SUCCESS;85:edges = 111,fail_cases = 7,fault = 22&28,
SUCCESS;86:edges = 112,fail_cases = 7,fault = 22&23&28,
SUCCESS;87:edges = 113,fail_cases = 7,fault = 22&23&24&28,
SUCCESS;88:edges = 114,fail_cases = 7,fault = 22&23&24&25&28,
SUCCESS;89:edges = 115,fail_cases = 7,fault = 22&23&24&25&26&28,
SUCCESS;90:edges = 117,fail_cases = 7,fault = 28&29,
SUCCESS;91:edges = 118,fail_cases = 7,fault = 22&28&29,
SUCCESS;92:edges = 119,fail_cases = 7,fault = 22&23&28&29,
SUCCESS;93:edges = 120,fail_cases = 7,fault = 22&23&24&28&29,
SUCCESS;94:edges = 121,fail_cases = 7,fault = 22&23&24&25&28&29,
SUCCESS;95:edges = 122,fail_cases = 7,fault = 22&23&24&25&26&28&29,
FAIL;96:edges = 122,fail_cases = 8,fault = 28&29&30,
SUCCESS;97:edges = 124,fail_cases = 8,fault = 32,
SUCCESS;98:edges = 125,fail_cases = 8,fault = 28&32,
SUCCESS;99:edges = 126,fail_cases = 8,fault = 28&29&32,
SUCCESS;100:edges = 128,fail_cases = 8,fault = 33&32,
SUCCESS;101:edges = 129,fail_cases = 8,fault = 33&28&32,
SUCCESS;102:edges = 130,fail_cases = 8,fault = 33&28&29&32,
SUCCESS;103:edges = 132,fail_cases = 8,fault = 33&34&32,
SUCCESS;104:edges = 133,fail_cases = 8,fault = 33&34&28&32,
SUCCESS;105:edges = 134,fail_cases = 8,fault = 33&34&28&29&32,
SUCCESS;106:edges = 136,fail_cases = 8,fault = 33&34&35&32,
SUCCESS;107:edges = 137,fail_cases = 8,fault = 33&34&35&28&32,
SUCCESS;108:edges = 138,fail_cases = 8,fault = 33&34&35&28&29&32,
SUCCESS;109:edges = 140,fail_cases = 8,fault = 33&34&35&36&32,
SUCCESS;110:edges = 141,fail_cases = 8,fault = 33&34&35&36&28&32,
SUCCESS;111:edges = 142,fail_cases = 8,fault = 33&34&35&36&28&29&32,
FAIL;112:edges = 142,fail_cases = 9,fault = 33&34&35&36&31&32,
SUCCESS;113:edges = 144,fail_cases = 9,fault = 37,
SUCCESS;114:edges = 145,fail_cases = 9,fault = 37&32,
SUCCESS;115:edges = 146,fail_cases = 9,fault = 33&37&32,
SUCCESS;116:edges = 147,fail_cases = 9,fault = 33&34&37&32,
SUCCESS;117:edges = 148,fail_cases = 9,fault = 33&34&35&37&32,
SUCCESS;118:edges = 149,fail_cases = 9,fault = 33&34&35&36&37&32,
SUCCESS;119:edges = 151,fail_cases = 9,fault = 37&38,
SUCCESS;120:edges = 152,fail_cases = 9,fault = 37&38&32,
SUCCESS;121:edges = 153,fail_cases = 9,fault = 33&37&38&32,
SUCCESS;122:edges = 154,fail_cases = 9,fault = 33&34&37&38&32,
SUCCESS;123:edges = 155,fail_cases = 9,fault = 33&34&35&37&38&32,
SUCCESS;124:edges = 156,fail_cases = 9,fault = 33&34&35&36&37&38&32,
SUCCESS;125:edges = 158,fail_cases = 9,fault = 37&38&39,
SUCCESS;126:edges = 159,fail_cases = 9,fault = 37&38&39&32,
SUCCESS;127:edges = 160,fail_cases = 9,fault = 33&37&38&39&32,
SUCCESS;128:edges = 161,fail_cases = 9,fault = 33&34&37&38&39&32,
SUCCESS;129:edges = 162,fail_cases = 9,fault = 33&34&36&37&38&39&32,
FAIL;130:edges = 162,fail_cases = 10,fault = 33&34&36&37&38&39&31&32,
FAIL;131:edges = 162,fail_cases = 11,fault = 37&38&39&40,
SUCCESS;132:edges = 164,fail_cases = 11,fault = 41,
SUCCESS;133:edges = 165,fail_cases = 11,fault = 37&41,
SUCCESS;134:edges = 166,fail_cases = 11,fault = 37&38&41,
SUCCESS;135:edges = 167,fail_cases = 11,fault = 37&38&39&41,
SUCCESS;136:edges = 169,fail_cases = 11,fault = 41&42,
SUCCESS;137:edges = 170,fail_cases = 11,fault = 37&41&42,
SUCCESS;138:edges = 171,fail_cases = 11,fault = 37&38&41&42,
SUCCESS;139:edges = 172,fail_cases = 11,fault = 37&38&39&41&42,
SUCCESS;140:edges = 174,fail_cases = 11,fault = 41&42&43,
SUCCESS;141:edges = 175,fail_cases = 11,fault = 37&41&42&43,
SUCCESS;142:edges = 176,fail_cases = 11,fault = 37&38&41&42&43,
SUCCESS;143:edges = 177,fail_cases = 11,fault = 37&38&39&41&42&43,
SUCCESS;144:edges = 179,fail_cases = 11,fault = 44&41&42&43,
SUCCESS;145:edges = 180,fail_cases = 11,fault = 44&37&41&42&43,
SUCCESS;146:edges = 181,fail_cases = 11,fault = 44&37&38&41&42&43,
SUCCESS;147:edges = 182,fail_cases = 11,fault = 44&37&38&39&41&42&43,
SUCCESS;148:edges = 184,fail_cases = 11,fault = 44&45&41&42&43,
SUCCESS;149:edges = 185,fail_cases = 11,fault = 44&45&37&41&42&43,
SUCCESS;150:edges = 186,fail_cases = 11,fault = 44&45&37&38&41&42&43,
SUCCESS;151:edges = 187,fail_cases = 11,fault = 44&45&37&38&39&41&42&43,
FAIL;152:edges = 187,fail_cases = 12,fault = 44&45&46&41&42&43,
SUCCESS;153:edges = 189,fail_cases = 12,fault = 48,
SUCCESS;154:edges = 190,fail_cases = 12,fault = 48&41,
SUCCESS;155:edges = 191,fail_cases = 12,fault = 48&41&42,
SUCCESS;156:edges = 192,fail_cases = 12,fault = 48&41&42&43,
SUCCESS;157:edges = 193,fail_cases = 12,fault = 44&48&41&42&43,
SUCCESS;158:edges = 194,fail_cases = 12,fault = 44&45&48&41&42&43,
SUCCESS;159:edges = 196,fail_cases = 12,fault = 48&50,
SUCCESS;160:edges = 197,fail_cases = 12,fault = 48&50&41,
SUCCESS;161:edges = 198,fail_cases = 12,fault = 48&50&41&42,
SUCCESS;162:edges = 199,fail_cases = 12,fault = 48&50&41&42&43,
SUCCESS;163:edges = 200,fail_cases = 12,fault = 44&48&50&41&42&43,
SUCCESS;164:edges = 201,fail_cases = 12,fault = 44&45&48&50&41&42&43,
SUCCESS;165:edges = 203,fail_cases = 12,fault = 48&50&51,
SUCCESS;166:edges = 204,fail_cases = 12,fault = 48&50&51&41,
SUCCESS;167:edges = 205,fail_cases = 12,fault = 48&50&51&41&42,
SUCCESS;168:edges = 206,fail_cases = 12,fault = 48&50&51&41&42&43,
SUCCESS;169:edges = 207,fail_cases = 12,fault = 44&48&50&51&41&42&43,
SUCCESS;170:edges = 208,fail_cases = 12,fault = 44&45&48&50&51&41&42&43,
SUCCESS;171:edges = 210,fail_cases = 12,fault = 48&50&51&52,
SUCCESS;172:edges = 211,fail_cases = 12,fault = 48&50&51&52&41,
SUCCESS;173:edges = 212,fail_cases = 12,fault = 48&50&51&52&41&42,
SUCCESS;174:edges = 213,fail_cases = 12,fault = 48&50&51&52&41&42&43,
SUCCESS;175:edges = 214,fail_cases = 12,fault = 44&48&50&51&52&41&42&43,
SUCCESS;176:edges = 215,fail_cases = 12,fault = 44&45&48&50&51&52&41&42&43,
SUCCESS;177:edges = 218,fail_cases = 12,fault = 47&48&50&51&52,
SUCCESS;178:edges = 219,fail_cases = 12,fault = 41&53,
SUCCESS;179:edges = 220,fail_cases = 12,fault = 48&41&53,
SUCCESS;180:edges = 221,fail_cases = 12,fault = 47&48&50&51&52&41&42,
SUCCESS;181:edges = 222,fail_cases = 12,fault = 47&48&50&51&52&41&42&43,
SUCCESS;182:edges = 223,fail_cases = 12,fault = 44&47&48&50&51&52&41&42&43,
SUCCESS;183:edges = 224,fail_cases = 12,fault = 44&45&47&48&50&51&52&41&42&43,
FAIL;184:edges = 224,fail_cases = 13,fault = 47&48&49&50&51&52,
FAIL;185:edges = 224,fail_cases = 14,fault = 47&48&50&51&52&54,
SUCCESS;186:edges = 225,fail_cases = 14,fault = 48&49&53,
SUCCESS;187:edges = 226,fail_cases = 14,fault = 48&49&50&53,
SUCCESS;188:edges = 227,fail_cases = 14,fault = 48&49&50&51&53,
SUCCESS;189:edges = 228,fail_cases = 14,fault = 48&49&50&51&52&53,
FAIL;190:edges = 228,fail_cases = 15,fault = 53&54,
SUCCESS;191:edges = 230,fail_cases = 15,fault = 55,
SUCCESS;192:edges = 231,fail_cases = 15,fault = 55&47&48&50&51&52,
SUCCESS;193:edges = 233,fail_cases = 15,fault = 55&56,
FAIL;194:edges = 233,fail_cases = 16,fault = 55&56&47&48&50&51&52,
FAIL;195:edges = 233,fail_cases = 17,fault = 55&56&53,
FAIL;196:edges = 233,fail_cases = 18,fault = 55&56&57,
SUCCESS;197:edges = 235,fail_cases = 18,fault = 58,
SUCCESS;198:edges = 236,fail_cases = 18,fault = 55&58,
SUCCESS;199:edges = 237,fail_cases = 18,fault = 55&56&58,
FAIL;200:edges = 237,fail_cases = 19,fault = 58&59,
SUCCESS;201:edges = 238,fail_cases = 19,fault = 60,
SUCCESS;202:edges = 239,fail_cases = 19,fault = 59&60,
SUCCESS;203:edges = 240,fail_cases = 19,fault = 58&60&61,
SUCCESS;204:edges = 241,fail_cases = 19,fault = 59&60&62,
SUCCESS;205:edges = 242,fail_cases = 19,fault = 58&60&61&62,
FAIL;206:edges = 242,fail_cases = 20,fault = 59&60&62&63,
FAIL;207:edges = 242,fail_cases = 21,fault = 60&61&62&63,