[Model 1]
initial # t-bottlenecks: [0, 3, 7, 1, 2, 1, 4, 6]
bottleneck-based: M = 3, [0, 0, 10, 1, 2, 1, 4, 6], reduction = 1
Random-1x: M = 3, reduction = 0.10000000000000002
Random-2x: M = 6, reduction = 0.14444444444444446
Random-4x: M = 12, reduction = 0.2222222222222222
[Model 2]
initial # t-bottlenecks: [0, 0, 0, 0, 1, 0, 1, 1]
bottleneck-based: M = 1, [0, 0, 0, 0, 0, 1, 1, 1], reduction = 1
Random-1x: M = 1, reduction = 0.2
Random-2x: M = 2, reduction = 0.4
Random-4x: M = 4, reduction = 0.5666666666666667
[Model 3]
initial # t-bottlenecks: [0, 3, 5, 4, 2, 4, 3, 4]
bottleneck-based: M = 3, [0, 0, 8, 4, 2, 4, 3, 4], reduction = 1
Random-1x: M = 3, reduction = 0.08888888888888888
Random-2x: M = 6, reduction = 0.08888888888888888
Random-4x: M = 12, reduction = 0.21111111111111105
[Model 4]
initial # t-bottlenecks: [0, 2, 2, 1, 3, 1, 2, 3]
bottleneck-based: M = 2, [0, 0, 4, 1, 3, 1, 2, 3], reduction = 1
Random-1x: M = 2, reduction = 0.08333333333333333
Random-2x: M = 4, reduction = 0.21666666666666667
Random-4x: M = 8, reduction = 0.18333333333333332
[Model 5]
initial # t-bottlenecks: [0, 0, 0, 0, 2, 0, 2, 1]
bottleneck-based: M = 2, [0, 0, 0, 0, 0, 2, 2, 1], reduction = 1
Random-1x: M = 2, reduction = 0.23333333333333334
Random-2x: M = 4, reduction = 0.4666666666666667
Random-4x: M = 8, reduction = 0.7333333333333333
[Model 6]
initial # t-bottlenecks: [0, 1, 0, 2, 0, 0, 0, 2]
bottleneck-based: M = 1, [0, 0, 1, 2, 0, 0, 0, 2], reduction = 1
Random-1x: M = 1, reduction = 0.13333333333333333
Random-2x: M = 2, reduction = 0.06666666666666667
Random-4x: M = 4, reduction = 0.3
[Model 7]
initial # t-bottlenecks: [0, 2, 4, 3, 3, 2, 2, 2]
bottleneck-based: M = 2, [0, 0, 6, 3, 3, 2, 2, 2], reduction = 1
Random-1x: M = 2, reduction = 0.03333333333333333
Random-2x: M = 4, reduction = 0.11666666666666667
Random-4x: M = 8, reduction = 0.15
[Model 8]
initial # t-bottlenecks: [0, 4, 5, 0, 6, 3, 2, 5]
bottleneck-based: M = 4, [0, 0, 9, 0, 6, 3, 2, 5], reduction = 1
Random-1x: M = 4, reduction = 0.08333333333333333
Random-2x: M = 8, reduction = 0.13333333333333333
Random-4x: M = 16, reduction = 0.21666666666666667
[Model 9]
initial # t-bottlenecks: [0, 1, 2, 3, 4, 2, 1, 3]
bottleneck-based: M = 1, [0, 0, 3, 3, 4, 2, 1, 3], reduction = 1
Random-1x: M = 1, reduction = 0.0
Random-2x: M = 2, reduction = 0.0
Random-4x: M = 4, reduction = 0.2
[Model 10]
initial # t-bottlenecks: [0, 5, 5, 5, 4, 2, 1, 2]
bottleneck-based: M = 5, [0, 0, 10, 5, 4, 2, 1, 2], reduction = 1
Random-1x: M = 5, reduction = 0.08
Random-2x: M = 10, reduction = 0.20666666666666672
Random-4x: M = 20, reduction = 0.36666666666666664
[Model 11]
initial # t-bottlenecks: [0, 1, 1, 2, 1, 1, 4]
bottleneck-based: M = 1, [0, 0, 2, 2, 1, 1, 4], reduction = 1
Random-1x: M = 1, reduction = 0.06666666666666667
Random-2x: M = 2, reduction = 0.1
Random-4x: M = 4, reduction = 0.16666666666666666
[Model 12]
initial # t-bottlenecks: [0, 1, 1, 1, 1]
bottleneck-based: M = 1, [0, 0, 2, 1, 1], reduction = 1
Random-1x: M = 1, reduction = 0.2
Random-2x: M = 2, reduction = 0.3
Random-4x: M = 4, reduction = 0.5666666666666667
[Model 13]
initial # t-bottlenecks: [0, 3, 3, 6, 1, 1, 3]
bottleneck-based: M = 3, [0, 0, 6, 6, 1, 1, 3], reduction = 1
Random-1x: M = 3, reduction = 0.1
Random-2x: M = 6, reduction = 0.1888888888888889
Random-4x: M = 12, reduction = 0.33333333333333326
[Model 14]
initial # t-bottlenecks: [0, 1, 2, 3, 3, 3, 0, 1]
bottleneck-based: M = 1, [0, 0, 3, 3, 3, 3, 0, 1], reduction = 1
Random-1x: M = 1, reduction = 0.0
Random-2x: M = 2, reduction = 0.1
Random-4x: M = 4, reduction = 0.13333333333333333
[Model 15]
initial # t-bottlenecks: [0, 3, 6, 3, 0, 5, 4, 4]
bottleneck-based: M = 3, [0, 0, 9, 3, 0, 5, 4, 4], reduction = 1
Random-1x: M = 3, reduction = 0.1
Random-2x: M = 6, reduction = 0.08888888888888888
Random-4x: M = 12, reduction = 0.19999999999999998
[Model 16]
initial # t-bottlenecks: [0, 1, 1, 0, 3, 3, 3]
bottleneck-based: M = 1, [0, 0, 2, 0, 3, 3, 3], reduction = 1
Random-1x: M = 1, reduction = 0.06666666666666667
Random-2x: M = 2, reduction = 0.13333333333333333
Random-4x: M = 4, reduction = 0.16666666666666666
[Model 17]
initial # t-bottlenecks: [0, 0, 0, 0, 1, 0, 1, 1]
bottleneck-based: M = 1, [0, 0, 0, 0, 0, 1, 1, 1], reduction = 1
Random-1x: M = 1, reduction = 0.3
Random-2x: M = 2, reduction = 0.3333333333333333
Random-4x: M = 4, reduction = 0.6333333333333333
[Model 18]
initial # t-bottlenecks: [0, 3, 3, 2, 2, 4, 3, 3]
bottleneck-based: M = 3, [0, 0, 6, 2, 2, 4, 3, 3], reduction = 1
Random-1x: M = 3, reduction = 0.04444444444444444
Random-2x: M = 6, reduction = 0.07777777777777777
Random-4x: M = 12, reduction = 0.2666666666666666
[Model 19]
initial # t-bottlenecks: [0, 8, 6, 2, 2, 3, 4, 4]
bottleneck-based: M = 8, [0, 0, 14, 2, 2, 3, 4, 4], reduction = 1
Random-1x: M = 8, reduction = 0.17916666666666667
Random-2x: M = 16, reduction = 0.30416666666666664
Random-4x: M = 32, reduction = 0.5166666666666667
[Model 20]
initial # t-bottlenecks: [0, 5, 3, 2, 0, 2, 1]
bottleneck-based: M = 5, [0, 0, 8, 2, 0, 2, 1], reduction = 1
Random-1x: M = 5, reduction = 0.29333333333333333
Random-2x: M = 10, reduction = 0.4799999999999999
Random-4x: M = 20, reduction = 0.7066666666666669
[Model 21]
initial # t-bottlenecks: [0, 0, 0, 1, 2, 0, 1]
bottleneck-based: M = 1, [0, 0, 0, 0, 3, 0, 1], reduction = 1
Random-1x: M = 1, reduction = 0.1
Random-2x: M = 2, reduction = 0.3333333333333333
Random-4x: M = 4, reduction = 0.6333333333333333
[Model 22]
initial # t-bottlenecks: [0, 2, 0, 0, 0, 0, 0, 1]
bottleneck-based: M = 2, [0, 0, 2, 0, 0, 0, 0, 1], reduction = 1
Random-1x: M = 2, reduction = 0.5166666666666667
Random-2x: M = 4, reduction = 0.7833333333333333
Random-4x: M = 8, reduction = 1.0
[Model 23]
initial # t-bottlenecks: [0, 0, 3, 2, 0, 2, 1, 1]
bottleneck-based: M = 3, [0, 0, 0, 5, 0, 2, 1, 1], reduction = 1
Random-1x: M = 3, reduction = 0.32222222222222213
Random-2x: M = 6, reduction = 0.4
Random-4x: M = 12, reduction = 0.5555555555555555
[Model 24]
initial # t-bottlenecks: [0, 1, 0, 0, 1, 0, 1]
bottleneck-based: M = 1, [0, 0, 1, 0, 1, 0, 1], reduction = 1
Random-1x: M = 1, reduction = 0.16666666666666666
Random-2x: M = 2, reduction = 0.3
Random-4x: M = 4, reduction = 0.5
[Model 25]
initial # t-bottlenecks: [0, 2, 3, 4, 4, 3, 8, 3]
bottleneck-based: M = 2, [0, 0, 5, 4, 4, 3, 8, 3], reduction = 1
Random-1x: M = 2, reduction = 0.08333333333333333
Random-2x: M = 4, reduction = 0.08333333333333333
Random-4x: M = 8, reduction = 0.13333333333333333
[Model 26]
initial # t-bottlenecks: [0, 4, 6, 0, 5, 3, 5, 1]
bottleneck-based: M = 4, [0, 0, 10, 0, 5, 3, 5, 1], reduction = 1
Random-1x: M = 4, reduction = 0.1
Random-2x: M = 8, reduction = 0.21666666666666667
Random-4x: M = 16, reduction = 0.2916666666666667
[Model 27]
initial # t-bottlenecks: [0, 4, 3, 2, 5, 6, 2, 3]
bottleneck-based: M = 4, [0, 0, 7, 2, 5, 6, 2, 3], reduction = 1
Random-1x: M = 4, reduction = 0.05
Random-2x: M = 8, reduction = 0.1
Random-4x: M = 16, reduction = 0.25833333333333336
[Model 28]
initial # t-bottlenecks: [0, 1, 0, 0, 1, 0, 1, 1]
bottleneck-based: M = 1, [0, 0, 1, 0, 1, 0, 1, 1], reduction = 1
Random-1x: M = 1, reduction = 0.06666666666666667
Random-2x: M = 2, reduction = 0.13333333333333333
Random-4x: M = 4, reduction = 0.3333333333333333
[Model 29]
initial # t-bottlenecks: [0, 5, 5, 1, 4, 9, 4, 2]
bottleneck-based: M = 5, [0, 0, 10, 1, 4, 9, 4, 2], reduction = 1
Random-1x: M = 5, reduction = 0.07333333333333333
Random-2x: M = 10, reduction = 0.1933333333333334
Random-4x: M = 20, reduction = 0.20666666666666672
[Model 30]
initial # t-bottlenecks: [0, 0, 4, 1, 5, 4, 3]
bottleneck-based: M = 4, [0, 0, 0, 5, 5, 4, 3], reduction = 1
Random-1x: M = 4, reduction = 0.13333333333333333
Random-2x: M = 8, reduction = 0.24166666666666667
Random-4x: M = 16, reduction = 0.4583333333333333
[Model 31]
initial # t-bottlenecks: [0, 2, 3, 1, 0, 0, 4, 1]
bottleneck-based: M = 2, [0, 0, 5, 1, 0, 0, 4, 1], reduction = 1
Random-1x: M = 2, reduction = 0.08333333333333333
Random-2x: M = 4, reduction = 0.13333333333333333
Random-4x: M = 8, reduction = 0.23333333333333334
[Model 32]
initial # t-bottlenecks: [0, 1, 0, 4, 0, 1, 1, 1]
bottleneck-based: M = 1, [0, 0, 1, 4, 0, 1, 1, 1], reduction = 1
Random-1x: M = 1, reduction = 0.1
Random-2x: M = 2, reduction = 0.06666666666666667
Random-4x: M = 4, reduction = 0.3
[Model 33]
initial # t-bottlenecks: [0, 0, 1, 0, 1, 0, 2, 1]
bottleneck-based: M = 1, [0, 0, 0, 1, 1, 0, 2, 1], reduction = 1
Random-1x: M = 1, reduction = 0.06666666666666667
Random-2x: M = 2, reduction = 0.26666666666666666
Random-4x: M = 4, reduction = 0.26666666666666666
[Model 34]
initial # t-bottlenecks: [0, 0, 2, 1, 3, 0, 2, 1]
bottleneck-based: M = 2, [0, 0, 0, 3, 3, 0, 2, 1], reduction = 1
Random-1x: M = 2, reduction = 0.16666666666666666
Random-2x: M = 4, reduction = 0.16666666666666666
Random-4x: M = 8, reduction = 0.31666666666666665
[Model 35]
initial # t-bottlenecks: [0, 3, 7, 2, 2, 4, 2, 4]
bottleneck-based: M = 3, [0, 0, 10, 2, 2, 4, 2, 4], reduction = 1
Random-1x: M = 3, reduction = 0.12222222222222223
Random-2x: M = 6, reduction = 0.11111111111111112
Random-4x: M = 12, reduction = 0.15555555555555553
[Model 36]
initial # t-bottlenecks: [0, 2, 1, 2, 1, 2, 0, 1]
bottleneck-based: M = 2, [0, 0, 3, 2, 1, 2, 0, 1], reduction = 1
Random-1x: M = 2, reduction = 0.05
Random-2x: M = 4, reduction = 0.23333333333333334
Random-4x: M = 8, reduction = 0.23333333333333334
[Model 37]
initial # t-bottlenecks: [0, 7, 2, 3, 5, 3, 6, 4]
bottleneck-based: M = 7, [0, 0, 9, 3, 5, 3, 6, 4], reduction = 1
Random-1x: M = 7, reduction = 0.09047619047619045
Random-2x: M = 14, reduction = 0.23809523809523817
Random-4x: M = 28, reduction = 0.32857142857142857
[Model 38]
initial # t-bottlenecks: [0, 3, 5, 2, 4, 4, 2, 5]
bottleneck-based: M = 3, [0, 0, 8, 2, 4, 4, 2, 5], reduction = 1
Random-1x: M = 3, reduction = 0.04444444444444444
Random-2x: M = 6, reduction = 0.1
Random-4x: M = 12, reduction = 0.08888888888888888
[Model 39]
initial # t-bottlenecks: [0, 3, 1, 1, 0, 2, 3, 4]
bottleneck-based: M = 3, [0, 0, 4, 1, 0, 2, 3, 4], reduction = 1
Random-1x: M = 3, reduction = 0.07777777777777777
Random-2x: M = 6, reduction = 0.11111111111111112
Random-4x: M = 12, reduction = 0.32222222222222213
[Model 40]
initial # t-bottlenecks: [0, 1, 3, 0, 1, 1, 1, 1]
bottleneck-based: M = 1, [0, 0, 4, 0, 1, 1, 1, 1], reduction = 1
Random-1x: M = 1, reduction = 0.1
Random-2x: M = 2, reduction = 0.2
Random-4x: M = 4, reduction = 0.2
[Model 41]
initial # t-bottlenecks: [0, 3, 1, 4, 2, 3, 1, 1]
bottleneck-based: M = 3, [0, 0, 4, 4, 2, 3, 1, 1], reduction = 1
Random-1x: M = 3, reduction = 0.1
Random-2x: M = 6, reduction = 0.2333333333333333
Random-4x: M = 12, reduction = 0.32222222222222213
[Model 42]
initial # t-bottlenecks: [0, 2, 5, 5, 4, 3, 1, 4]
bottleneck-based: M = 2, [0, 0, 7, 5, 4, 3, 1, 4], reduction = 1
Random-1x: M = 2, reduction = 0.03333333333333333
Random-2x: M = 4, reduction = 0.08333333333333333
Random-4x: M = 8, reduction = 0.13333333333333333
[Model 43]
initial # t-bottlenecks: [0, 3, 4, 3, 0, 10, 5, 2]
bottleneck-based: M = 3, [0, 0, 7, 3, 0, 10, 5, 2], reduction = 1
Random-1x: M = 3, reduction = 0.02222222222222222
Random-2x: M = 6, reduction = 0.06666666666666667
Random-4x: M = 12, reduction = 0.14444444444444443
[Model 44]
initial # t-bottlenecks: [0, 0, 2, 2, 2, 2]
bottleneck-based: M = 2, [0, 0, 0, 4, 2, 2], reduction = 1
Random-1x: M = 2, reduction = 0.23333333333333334
Random-2x: M = 4, reduction = 0.36666666666666664
Random-4x: M = 8, reduction = 0.55
[Model 45]
initial # t-bottlenecks: [0, 3, 2, 2, 0, 2, 2, 3]
bottleneck-based: M = 3, [0, 0, 5, 2, 0, 2, 2, 3], reduction = 1
Random-1x: M = 3, reduction = 0.11111111111111113
Random-2x: M = 6, reduction = 0.17777777777777776
Random-4x: M = 12, reduction = 0.26666666666666666
[Model 46]
initial # t-bottlenecks: [0, 4, 3, 7, 3, 1, 3, 2]
bottleneck-based: M = 4, [0, 0, 7, 7, 3, 1, 3, 2], reduction = 1
Random-1x: M = 4, reduction = 0.075
Random-2x: M = 8, reduction = 0.19166666666666668
Random-4x: M = 16, reduction = 0.23333333333333334
[Model 47]
initial # t-bottlenecks: [0, 4, 5, 4, 3, 5, 4, 4]
bottleneck-based: M = 4, [0, 0, 9, 4, 3, 5, 4, 4], reduction = 1
Random-1x: M = 4, reduction = 0.075
Random-2x: M = 8, reduction = 0.125
Random-4x: M = 16, reduction = 0.23333333333333334
[Model 48]
initial # t-bottlenecks: [0, 3, 3, 6, 5, 7, 2]
bottleneck-based: M = 3, [0, 0, 6, 6, 5, 7, 2], reduction = 1
Random-1x: M = 3, reduction = 0.04444444444444444
Random-2x: M = 6, reduction = 0.13333333333333333
Random-4x: M = 12, reduction = 0.2333333333333333
[Model 49]
initial # t-bottlenecks: [0, 0, 1, 0, 0, 0, 1]
bottleneck-based: M = 1, [0, 0, 0, 1, 0, 0, 1], reduction = 1
Random-1x: M = 1, reduction = 0.36666666666666664
Random-2x: M = 2, reduction = 1.0
Random-4x: M = 4, reduction = 1.0
[Model 50]
initial # t-bottlenecks: [0, 0, 2, 7, 1, 2, 7, 2]
bottleneck-based: M = 2, [0, 0, 0, 9, 1, 2, 7, 2], reduction = 1
Random-1x: M = 2, reduction = 0.08333333333333333
Random-2x: M = 4, reduction = 0.13333333333333333
Random-4x: M = 8, reduction = 0.16666666666666666
[Model 51]
initial # t-bottlenecks: [0, 6, 5, 2, 0, 2, 1, 4]
bottleneck-based: M = 6, [0, 0, 11, 2, 0, 2, 1, 3, 1], reduction = 1
Random-1x: M = 6, reduction = 0.19999999999999993
Random-2x: M = 12, reduction = 0.36666666666666653
Random-4x: M = 24, reduction = 0.6
[Model 52]
initial # t-bottlenecks: [0, 3, 4, 4, 4, 3, 6, 3, 0, 2, 1, 1, 1]
bottleneck-based: M = 3, [0, 0, 7, 3, 5, 3, 6, 3, 0, 2, 1, 1, 1], reduction = 1
Random-1x: M = 3, reduction = 0.03333333333333333
Random-2x: M = 6, reduction = 0.1
Random-4x: M = 12, reduction = 0.21111111111111105
[Model 53]
initial # t-bottlenecks: [0, 0, 1, 1, 0, 0, 1, 1, 1, 1]
bottleneck-based: M = 1, [0, 0, 0, 2, 0, 0, 1, 0, 2, 0, 1], reduction = 1
Random-1x: M = 1, reduction = 0.23333333333333334
Random-2x: M = 2, reduction = 0.43333333333333335
Random-4x: M = 4, reduction = 0.7666666666666667
[Model 54]
initial # t-bottlenecks: [0, 7, 3, 5, 8, 4, 5, 5, 2, 1, 7, 3, 1, 5, 1, 3, 0, 0, 2]
bottleneck-based: M = 7, [0, 0, 10, 5, 7, 5, 5, 5, 2, 1, 7, 3, 1, 5, 1, 3, 0, 0, 2], reduction = 1
Random-1x: M = 7, reduction = 0.17142857142857146
Random-2x: M = 14, reduction = 0.33809523809523806
Random-4x: M = 28, reduction = 0.5476190476190476
[Model 55]
initial # t-bottlenecks: [0, 0, 2, 2, 4, 0, 3, 1, 0, 1, 0, 3, 0, 0, 3]
bottleneck-based: M = 2, [0, 0, 0, 4, 3, 1, 3, 1, 0, 1, 0, 3, 0, 0, 3], reduction = 1
Random-1x: M = 2, reduction = 0.08333333333333333
Random-2x: M = 4, reduction = 0.23333333333333334
Random-4x: M = 8, reduction = 0.55
[Model 56]
initial # t-bottlenecks: [0, 4, 6, 1, 2, 8, 8, 3, 3, 3, 3, 5, 5, 2, 2, 2, 2]
bottleneck-based: M = 4, [0, 0, 9, 2, 2, 8, 7, 4, 3, 3, 3, 5, 5, 2, 2, 2, 2], reduction = 1
Random-1x: M = 4, reduction = 0.09166666666666666
Random-2x: M = 8, reduction = 0.09166666666666666
Random-4x: M = 16, reduction = 0.25833333333333336
[Model 57]
initial # t-bottlenecks: [0, 2, 0, 3, 3, 1, 2, 2]
bottleneck-based: M = 2, [0, 0, 2, 3, 3, 1, 2, 2], reduction = 1
Random-1x: M = 2, reduction = 0.11666666666666667
Random-2x: M = 4, reduction = 0.21666666666666667
Random-4x: M = 8, reduction = 0.25
[Model 58]
initial # t-bottlenecks: [0, 3, 2, 0, 0, 2, 1, 2, 0, 0, 2, 3, 1, 0, 0, 3, 3, 1, 0, 2, 2, 1, 1, 0, 0, 2, 2]
bottleneck-based: M = 3, [0, 0, 4, 1, 0, 2, 1, 2, 0, 0, 2, 3, 1, 0, 0, 3, 3, 1, 0, 2, 2, 1, 1, 0, 0, 2, 2], reduction = 1
Random-1x: M = 3, reduction = 0.17777777777777773
Random-2x: M = 6, reduction = 0.2666666666666667
Random-4x: M = 12, reduction = 0.5222222222222223
[Model 59]
initial # t-bottlenecks: [0, 0, 0, 0, 0, 3, 1, 0, 0, 1, 2, 0, 0, 1]
bottleneck-based: M = 3, [0, 0, 0, 0, 0, 0, 4, 0, 0, 0, 1, 2, 0, 0, 0, 1], reduction = 1
Random-1x: M = 3, reduction = 0.5666666666666665
Random-2x: M = 6, reduction = 0.8666666666666668
Random-4x: M = 12, reduction = 0.9888888888888888
[Model 60]
initial # t-bottlenecks: [0, 2, 6, 5, 3, 5, 1, 8, 6, 2, 0, 1, 3, 2, 6, 2]
bottleneck-based: M = 2, [0, 0, 8, 5, 3, 5, 1, 8, 6, 2, 0, 1, 3, 2, 6, 2], reduction = 1
Random-1x: M = 2, reduction = 0.06666666666666667
Random-2x: M = 4, reduction = 0.05
Random-4x: M = 8, reduction = 0.1
[Model 61]
initial # t-bottlenecks: [0, 0, 0, 0, 2, 0, 1, 0, 1, 1]
bottleneck-based: M = 2, [0, 0, 0, 0, 0, 2, 1, 0, 0, 2], reduction = 1
Random-1x: M = 2, reduction = 0.5666666666666667
Random-2x: M = 4, reduction = 0.8166666666666667
Random-4x: M = 8, reduction = 0.9833333333333333
[Model 62]
initial # t-bottlenecks: [0, 0, 0, 0, 3, 0, 0, 1]
bottleneck-based: M = 3, [0, 0, 0, 0, 0, 3, 0, 0, 0, 1], reduction = 1
Random-1x: M = 3, reduction = 0.7777777777777779
Random-2x: M = 6, reduction = 0.9888888888888888
Random-4x: M = 12, reduction = 1.0
[Model 63]
initial # t-bottlenecks: [0, 3, 3, 5, 3, 3, 8, 4, 1, 1, 1, 4]
bottleneck-based: M = 3, [0, 0, 6, 5, 3, 3, 8, 4, 1, 1, 1, 4], reduction = 1
Random-1x: M = 3, reduction = 0.03333333333333333
Random-2x: M = 6, reduction = 0.08888888888888889
Random-4x: M = 12, reduction = 0.18888888888888883
[Model 64]
initial # t-bottlenecks: [0, 0, 7, 4, 2, 8, 4, 3, 5, 1, 4, 1, 3, 4, 4, 2, 1, 1, 2, 1]
bottleneck-based: M = 7, [0, 0, 0, 10, 3, 7, 5, 3, 4, 2, 4, 1, 3, 4, 2, 4, 1, 1, 2, 1], reduction = 1
Random-1x: M = 7, reduction = 0.14285714285714282
Random-2x: M = 14, reduction = 0.319047619047619
Random-4x: M = 28, reduction = 0.4952380952380952
[Model 65]
initial # t-bottlenecks: [0, 1, 4, 5, 4, 3, 3, 2, 5, 1, 5, 1, 1, 0, 2, 1, 1, 2, 2]
bottleneck-based: M = 1, [0, 0, 5, 4, 5, 3, 3, 2, 4, 2, 3, 3, 1, 0, 1, 2, 1, 1, 2, 1], reduction = 1
Random-1x: M = 1, reduction = 0.03333333333333333
Random-2x: M = 2, reduction = 0.06666666666666667
Random-4x: M = 4, reduction = 0.06666666666666667
[Model 66]
initial # t-bottlenecks: [0, 6, 2, 2, 5, 2, 4, 3, 6, 2, 2, 6, 1, 1, 2, 0, 2]
bottleneck-based: M = 6, [0, 0, 7, 3, 5, 2, 3, 4, 6, 2, 2, 6, 1, 1, 2, 0, 2], reduction = 1
Random-1x: M = 6, reduction = 0.1444444444444444
Random-2x: M = 12, reduction = 0.3333333333333333
Random-4x: M = 24, reduction = 0.4777777777777778
[Model 67]
initial # t-bottlenecks: [0, 4, 4, 6, 7, 2, 1, 2, 1, 2, 2, 3]
bottleneck-based: M = 4, [0, 0, 8, 6, 7, 2, 1, 2, 1, 2, 2, 3], reduction = 1
Random-1x: M = 4, reduction = 0.14166666666666666
Random-2x: M = 8, reduction = 0.2
Random-4x: M = 16, reduction = 0.35833333333333334
[Model 68]
initial # t-bottlenecks: [0, 2, 4, 4, 4, 3, 2, 1, 1, 0, 0, 0, 2, 2]
bottleneck-based: M = 2, [0, 0, 6, 4, 4, 3, 2, 1, 1, 0, 0, 0, 2, 2], reduction = 1
Random-1x: M = 2, reduction = 0.08333333333333333
Random-2x: M = 4, reduction = 0.11666666666666667
Random-4x: M = 8, reduction = 0.18333333333333332
[Model 69]
initial # t-bottlenecks: [0, 3, 1, 3, 3, 1, 2, 2, 0, 3, 4]
bottleneck-based: M = 3, [0, 0, 4, 3, 3, 1, 2, 2, 0, 3, 4], reduction = 1
Random-1x: M = 3, reduction = 0.17777777777777776
Random-2x: M = 6, reduction = 0.42222222222222233
Random-4x: M = 12, reduction = 0.49999999999999994
[Model 70]
initial # t-bottlenecks: [0, 1, 0, 1, 0, 2, 0, 1, 0, 1]
bottleneck-based: M = 1, [0, 0, 1, 1, 0, 2, 0, 1, 0, 1], reduction = 1
Random-1x: M = 1, reduction = 0.06666666666666667
Random-2x: M = 2, reduction = 0.2
Random-4x: M = 4, reduction = 0.3
[Model 71]
initial # t-bottlenecks: [0, 2, 3, 3, 4, 3, 4, 5, 4, 2, 3, 0, 2, 1, 0, 1, 2, 0, 1]
bottleneck-based: M = 2, [0, 0, 5, 3, 4, 3, 4, 5, 4, 2, 3, 0, 2, 1, 0, 1, 2, 0, 1], reduction = 1
Random-1x: M = 2, reduction = 0.06666666666666667
Random-2x: M = 4, reduction = 0.08333333333333333
Random-4x: M = 8, reduction = 0.06666666666666667
[Model 72]
initial # t-bottlenecks: [0, 3, 1, 2, 1, 4, 5, 2, 0, 0, 3, 1, 0, 0, 0, 1]
bottleneck-based: M = 3, [0, 0, 4, 2, 1, 4, 5, 2, 0, 0, 3, 1, 0, 0, 0, 1], reduction = 1
Random-1x: M = 3, reduction = 0.04444444444444444
Random-2x: M = 6, reduction = 0.1
Random-4x: M = 12, reduction = 0.24444444444444438
[Model 73]
initial # t-bottlenecks: [0, 1, 0, 0, 0, 3, 1, 0, 0, 1]
bottleneck-based: M = 1, [0, 0, 1, 0, 0, 2, 2, 0, 0, 1], reduction = 1
Random-1x: M = 1, reduction = 0.2
Random-2x: M = 2, reduction = 0.43333333333333335
Random-4x: M = 4, reduction = 0.5333333333333333
[Model 74]
initial # t-bottlenecks: [0, 2, 5, 0, 3, 4, 2, 3, 4, 2, 2, 0, 5, 6, 0, 4, 4]
bottleneck-based: M = 2, [0, 0, 7, 0, 3, 4, 2, 3, 4, 2, 2, 0, 5, 6, 0, 4, 4], reduction = 1
Random-1x: M = 2, reduction = 0.06666666666666667
Random-2x: M = 4, reduction = 0.15
Random-4x: M = 8, reduction = 0.23333333333333334
[Model 75]
initial # t-bottlenecks: [0, 2, 4, 0, 0, 0, 3, 1, 1, 0, 0, 6, 8, 2]
bottleneck-based: M = 2, [0, 0, 6, 0, 0, 0, 3, 1, 1, 0, 0, 6, 8, 2], reduction = 1
Random-1x: M = 2, reduction = 0.08333333333333333
Random-2x: M = 4, reduction = 0.23333333333333334
Random-4x: M = 8, reduction = 0.45
[Model 76]
initial # t-bottlenecks: [0, 1, 1, 1, 3, 0, 2, 6, 3, 1, 0, 1, 4, 2, 4]
bottleneck-based: M = 1, [0, 0, 2, 1, 3, 0, 2, 6, 3, 1, 0, 1, 4, 2, 4], reduction = 1
Random-1x: M = 1, reduction = 0.06666666666666667
Random-2x: M = 2, reduction = 0.13333333333333333
Random-4x: M = 4, reduction = 0.13333333333333333
[Model 77]
initial # t-bottlenecks: [0, 6, 1, 5, 3, 10, 4, 4, 1, 2, 3, 5, 0, 6, 0, 4]
bottleneck-based: M = 6, [0, 0, 7, 5, 2, 10, 4, 4, 2, 2, 2, 6, 0, 5, 1, 4], reduction = 1
Random-1x: M = 6, reduction = 0.12222222222222219
Random-2x: M = 12, reduction = 0.21111111111111117
Random-4x: M = 24, reduction = 0.4222222222222223
[Model 78]
initial # t-bottlenecks: [0, 3, 1, 1, 0, 2, 2, 3]
bottleneck-based: M = 3, [0, 0, 4, 1, 0, 2, 2, 3], reduction = 1
Random-1x: M = 3, reduction = 0.44444444444444436
Random-2x: M = 6, reduction = 0.611111111111111
Random-4x: M = 12, reduction = 0.8444444444444444
[Model 79]
initial # t-bottlenecks: [0, 3, 4, 4, 0, 7, 1, 1, 1]
bottleneck-based: M = 3, [0, 0, 6, 5, 0, 7, 1, 1, 1], reduction = 1
Random-1x: M = 3, reduction = 0.12222222222222223
Random-2x: M = 6, reduction = 0.16666666666666666
Random-4x: M = 12, reduction = 0.3333333333333333
[Model 80]
initial # t-bottlenecks: [0, 2, 4, 4, 3, 4, 3, 1]
bottleneck-based: M = 2, [0, 0, 6, 4, 3, 4, 3, 1], reduction = 1
Random-1x: M = 2, reduction = 0.05
Random-2x: M = 4, reduction = 0.1
Random-4x: M = 8, reduction = 0.2
[Model 81]
initial # t-bottlenecks: [0, 3, 3, 6, 4, 10, 6, 5, 4, 4, 1, 2, 1, 1, 1]
bottleneck-based: M = 3, [0, 0, 6, 6, 4, 10, 5, 6, 3, 5, 1, 2, 1, 1, 1], reduction = 1
Random-1x: M = 3, reduction = 0.04444444444444444
Random-2x: M = 6, reduction = 0.04444444444444444
Random-4x: M = 12, reduction = 0.13333333333333336
[Model 82]
initial # t-bottlenecks: [0, 5, 0, 5, 6, 6, 4, 4, 2, 2, 3, 0, 1]
bottleneck-based: M = 5, [0, 0, 5, 5, 6, 6, 4, 4, 2, 2, 3, 0, 1], reduction = 1
Random-1x: M = 5, reduction = 0.06666666666666667
Random-2x: M = 10, reduction = 0.1466666666666667
Random-4x: M = 20, reduction = 0.2533333333333334
[Model 83]
initial # t-bottlenecks: [0, 6, 3, 1, 3, 8, 6, 3, 1, 2, 4, 5, 2, 0, 7, 6, 0, 0, 0, 2, 4]
bottleneck-based: M = 6, [0, 0, 9, 1, 3, 8, 6, 3, 1, 2, 4, 5, 2, 0, 7, 6, 0, 0, 0, 2, 4], reduction = 1
Random-1x: M = 6, reduction = 0.15
Random-2x: M = 12, reduction = 0.25
Random-4x: M = 24, reduction = 0.3944444444444445
[Model 84]
initial # t-bottlenecks: [0, 2, 2, 4, 3, 3, 6, 5, 3, 4, 2, 1, 4, 2, 3, 3, 0, 0, 0, 4]
bottleneck-based: M = 2, [0, 0, 4, 4, 3, 3, 5, 6, 3, 4, 2, 1, 4, 2, 3, 3, 0, 0, 0, 4], reduction = 1
Random-1x: M = 2, reduction = 0.06666666666666667
Random-2x: M = 4, reduction = 0.08333333333333333
Random-4x: M = 8, reduction = 0.15
[Model 85]
initial # t-bottlenecks: [0, 3, 5, 4, 2, 3, 6, 5, 0, 0, 0, 0, 3]
bottleneck-based: M = 3, [0, 0, 8, 4, 2, 3, 6, 5, 0, 0, 0, 0, 3], reduction = 1
Random-1x: M = 3, reduction = 0.06666666666666667
Random-2x: M = 6, reduction = 0.04444444444444444
Random-4x: M = 12, reduction = 0.11111111111111112
[Model 86]
initial # t-bottlenecks: [0, 5, 5, 4, 4, 2, 1, 1]
bottleneck-based: M = 5, [0, 0, 9, 4, 5, 1, 2, 1], reduction = 1
Random-1x: M = 5, reduction = 0.15333333333333338
Random-2x: M = 10, reduction = 0.2866666666666668
Random-4x: M = 20, reduction = 0.5466666666666666
[Model 87]
initial # t-bottlenecks: [0, 0, 0, 1, 1, 0, 2, 1, 1, 0, 0, 0, 4, 0, 2, 0, 0, 4, 0, 4]
bottleneck-based: M = 1, [0, 0, 0, 0, 2, 0, 2, 1, 0, 1, 0, 0, 4, 0, 0, 2, 0, 4, 0, 0, 4], reduction = 1
Random-1x: M = 1, reduction = 0.1
Random-2x: M = 2, reduction = 0.1
Random-4x: M = 4, reduction = 0.5
[Model 88]
initial # t-bottlenecks: [0, 1, 0, 0, 0, 3, 1, 3, 0, 0, 0, 4, 2]
bottleneck-based: M = 1, [0, 0, 1, 0, 0, 3, 1, 3, 0, 0, 0, 4, 2], reduction = 1
Random-1x: M = 1, reduction = 0.06666666666666667
Random-2x: M = 2, reduction = 0.03333333333333333
Random-4x: M = 4, reduction = 0.1
[Model 89]
initial # t-bottlenecks: [0, 1, 1, 2, 2, 1, 3, 0, 0, 1]
bottleneck-based: M = 1, [0, 0, 2, 2, 2, 1, 3, 0, 0, 1], reduction = 1
Random-1x: M = 1, reduction = 0.03333333333333333
Random-2x: M = 2, reduction = 0.16666666666666666
Random-4x: M = 4, reduction = 0.26666666666666666
[Model 90]
initial # t-bottlenecks: [0, 1, 4, 1, 1, 0, 2, 2, 0, 1]
bottleneck-based: M = 1, [0, 0, 5, 1, 1, 0, 2, 2, 0, 1], reduction = 1
Random-1x: M = 1, reduction = 0.0
Random-2x: M = 2, reduction = 0.0
Random-4x: M = 4, reduction = 0.1
[Model 91]
initial # t-bottlenecks: [0, 4, 6, 4, 3, 5, 7, 6, 2, 5, 0, 5, 2, 0, 2, 1, 1, 1, 0, 1, 2, 0, 1, 0, 2, 1, 0, 0, 0, 0, 2]
bottleneck-based: M = 4, [0, 0, 10, 4, 3, 5, 7, 6, 2, 5, 0, 5, 2, 0, 2, 1, 1, 1, 0, 1, 2, 0, 1, 0, 2, 1, 0, 0, 0, 0, 2], reduction = 1
Random-1x: M = 4, reduction = 0.08333333333333333
Random-2x: M = 8, reduction = 0.11666666666666667
Random-4x: M = 16, reduction = 0.25833333333333336
[Model 92]
initial # t-bottlenecks: [0, 5, 6, 3, 1, 4, 1, 8, 1, 0, 0, 4, 2]
bottleneck-based: M = 5, [0, 0, 10, 4, 1, 4, 1, 7, 2, 0, 0, 4, 2], reduction = 1
Random-1x: M = 5, reduction = 0.11333333333333334
Random-2x: M = 10, reduction = 0.1866666666666667
Random-4x: M = 20, reduction = 0.3333333333333333
[Model 93]
initial # t-bottlenecks: [0, 0, 0, 2, 2, 1, 4, 2, 0, 3, 0, 2, 1, 0, 1]
bottleneck-based: M = 2, [0, 0, 0, 0, 4, 1, 3, 3, 0, 0, 3, 1, 0, 2, 0, 0, 1], reduction = 1
Random-1x: M = 2, reduction = 0.13333333333333333
Random-2x: M = 4, reduction = 0.23333333333333334
Random-4x: M = 8, reduction = 0.4666666666666667
[Model 94]
initial # t-bottlenecks: [0, 5, 3, 5, 3, 5, 5, 6, 1, 1, 8, 1]
bottleneck-based: M = 5, [0, 0, 8, 5, 3, 5, 5, 5, 2, 1, 8, 1], reduction = 1
Random-1x: M = 5, reduction = 0.11333333333333336
Random-2x: M = 10, reduction = 0.13333333333333336
Random-4x: M = 20, reduction = 0.2866666666666668
[Model 95]
initial # t-bottlenecks: [0, 4, 2, 3, 4, 3, 7, 4, 0, 0, 1, 3, 6, 0, 0, 0, 0, 4, 2, 0, 0, 0, 0, 5, 0, 0, 0, 0, 3]
bottleneck-based: M = 4, [0, 0, 6, 3, 4, 3, 7, 4, 0, 0, 1, 3, 6, 0, 0, 0, 0, 4, 2, 0, 0, 0, 0, 5, 0, 0, 0, 0, 3], reduction = 1
Random-1x: M = 4, reduction = 0.06666666666666667
Random-2x: M = 8, reduction = 0.06666666666666667
Random-4x: M = 16, reduction = 0.2
[Model 96]
initial # t-bottlenecks: [0, 0, 4, 2, 4, 0, 5, 5, 1, 1, 1, 1, 1, 4, 0, 0, 0, 0, 4]
bottleneck-based: M = 4, [0, 0, 0, 6, 4, 0, 5, 5, 1, 1, 1, 1, 1, 4, 0, 0, 0, 0, 4], reduction = 1
Random-1x: M = 4, reduction = 0.14166666666666666
Random-2x: M = 8, reduction = 0.19166666666666668
Random-4x: M = 16, reduction = 0.375
[Model 97]
initial # t-bottlenecks: [0, 1, 1, 0, 2, 1, 1, 1, 1]
bottleneck-based: M = 1, [0, 0, 2, 0, 2, 1, 1, 1, 1], reduction = 1
Random-1x: M = 1, reduction = 0.2
Random-2x: M = 2, reduction = 0.1
Random-4x: M = 4, reduction = 0.43333333333333335
[Model 98]
initial # t-bottlenecks: [0, 1, 0, 0, 2]
bottleneck-based: M = 1, [0, 0, 1, 0, 2], reduction = 1
Random-1x: M = 1, reduction = 0.26666666666666666
Random-2x: M = 2, reduction = 1.0
Random-4x: M = 4, reduction = 1.0
[Model 99]
initial # t-bottlenecks: [0, 0, 4, 4, 6, 0, 1, 4, 2, 6, 8, 2, 1]
bottleneck-based: M = 4, [0, 0, 0, 8, 3, 3, 1, 3, 1, 7, 2, 7, 2, 1], reduction = 1
Random-1x: M = 4, reduction = 0.16666666666666666
Random-2x: M = 8, reduction = 0.2833333333333333
Random-4x: M = 16, reduction = 0.48333333333333334
[Model 100]
initial # t-bottlenecks: [0, 5, 1, 4, 2, 3, 6, 7, 0, 1, 0, 1, 1]
bottleneck-based: M = 4, [0, 0, 6, 4, 2, 3, 5, 8, 0, 1, 0, 1, 1], reduction = 1
Random-1x: M = 4, reduction = 0.1
Random-2x: M = 8, reduction = 0.10000000000000002
Random-4x: M = 16, reduction = 0.30000000000000004
